【2025-08-20 21:05:46】
P2025082021005334453787570----提交：{"reference":"P2025082021005334453787570"}

【2025-08-20 21:05:46】
P2025082021005334453787570----返回：{"msg":"P2025082021005334453787570","code":"000000","data":{"date":"2025-08-20 21:00:54","eid":"E330535802025082100005463938f8ba","amount":40,"name":"Maria Aparecida da Silva","cpf":"***.384.571-**","bankname":"18236120","payBank":"P H R OLIVEIRA DR INVESTIMENTO LTDA","payCpf":"58.321.455\/0001-99","pixkey":"73238457187","account":"***.384.571-**","status":"done","order":"3e35c705-a736-44f0-9c5e-71453991ec88"}}

【2025-08-20 21:05:48】
P2025082021005334453787570----提交：{"reference":"P2025082021005334453787570"}

【2025-08-20 21:05:48】
P2025082021005334453787570----返回：{"msg":"P2025082021005334453787570","code":"000000","data":{"date":"2025-08-20 21:00:54","eid":"E330535802025082100005463938f8ba","amount":40,"name":"Maria Aparecida da Silva","cpf":"***.384.571-**","bankname":"18236120","payBank":"P H R OLIVEIRA DR INVESTIMENTO LTDA","payCpf":"58.321.455\/0001-99","pixkey":"73238457187","account":"***.384.571-**","status":"done","order":"3e35c705-a736-44f0-9c5e-71453991ec88"}}

【2025-08-20 21:10:07】
P2025082020590434344252376----提交：{"reference":"P2025082020590434344252376"}

【2025-08-20 21:10:08】
P2025082020590434344252376----返回：{"msg":"P2025082020590434344252376","code":"000000","data":{"date":"2025-08-20 20:59:04","eid":"E3305358020250820235904903d156e0","amount":30,"name":"Graciete de Andrade Araujo de Oliveira","cpf":"***.802.568-**","bankname":"18236120","payBank":"P H R OLIVEIRA DR INVESTIMENTO LTDA","payCpf":"58.321.455\/0001-99","pixkey":"32880256801","account":"***.802.568-**","status":"done","order":"1179d5a7-aeb8-43f5-b870-a3784ee8b9d8"}}

【2025-08-20 21:10:09】
P2025082020590434344252376----提交：{"reference":"P2025082020590434344252376"}

【2025-08-20 21:10:10】
P2025082020590434344252376----返回：{"msg":"P2025082020590434344252376","code":"000000","data":{"date":"2025-08-20 20:59:04","eid":"E3305358020250820235904903d156e0","amount":30,"name":"Graciete de Andrade Araujo de Oliveira","cpf":"***.802.568-**","bankname":"18236120","payBank":"P H R OLIVEIRA DR INVESTIMENTO LTDA","payCpf":"58.321.455\/0001-99","pixkey":"32880256801","account":"***.802.568-**","status":"done","order":"1179d5a7-aeb8-43f5-b870-a3784ee8b9d8"}}

【2025-08-20 21:10:22】
P2025082020590434344252376----提交：{"reference":"P2025082020590434344252376"}

【2025-08-20 21:10:23】
P2025082020590434344252376----返回：{"msg":"P2025082020590434344252376","code":"000000","data":{"date":"2025-08-20 20:59:04","eid":"E3305358020250820235904903d156e0","amount":30,"name":"Graciete de Andrade Araujo de Oliveira","cpf":"***.802.568-**","bankname":"18236120","payBank":"P H R OLIVEIRA DR INVESTIMENTO LTDA","payCpf":"58.321.455\/0001-99","pixkey":"32880256801","account":"***.802.568-**","status":"done","order":"1179d5a7-aeb8-43f5-b870-a3784ee8b9d8"}}

【2025-08-20 21:11:17】
P2025082021082834908356558----提交：{"reference":"P2025082021082834908356558"}

【2025-08-20 21:11:18】
P2025082021082834908356558----返回：{"msg":"P2025082021082834908356558","code":"000000","data":{"date":"2025-08-20 21:08:29","eid":"E33053580202508210008290416d38d1","amount":10,"name":"Gerlane Alves Da Silva","cpf":"***.011.404-**","bankname":"37241230","payBank":"P H R OLIVEIRA DR INVESTIMENTO LTDA","payCpf":"58.321.455\/0001-99","pixkey":"05301140469","account":"***.011.404-**","status":"done","order":"ed39836d-8189-4960-89e0-05b85a1df254"}}

【2025-08-20 21:21:36】
P2025082021135535235095445----提交：{"reference":"P2025082021135535235095445"}

【2025-08-20 21:21:37】
P2025082021135535235095445----返回：{"msg":"P2025082021135535235095445","code":"000000","data":{"date":"2025-08-20 21:13:56","eid":"E3305358020250821001355926681722","amount":21.51,"name":"ELOIR MENEGON TECCHIO","cpf":"***.600.572-**","bankname":"00360305","payBank":"P H R OLIVEIRA DR INVESTIMENTO LTDA","payCpf":"58.321.455\/0001-99","pixkey":"58060057200","account":"***.600.572-**","status":"done","order":"79564f42-f22e-4f04-bda0-18f21cb3e755"}}

【2025-08-20 21:21:42】
P2025082021135535235095445----提交：{"reference":"P2025082021135535235095445"}

【2025-08-20 21:21:42】
P2025082021135535235095445----返回：{"msg":"P2025082021135535235095445","code":"000000","data":{"date":"2025-08-20 21:13:56","eid":"E3305358020250821001355926681722","amount":21.51,"name":"ELOIR MENEGON TECCHIO","cpf":"***.600.572-**","bankname":"00360305","payBank":"P H R OLIVEIRA DR INVESTIMENTO LTDA","payCpf":"58.321.455\/0001-99","pixkey":"58060057200","account":"***.600.572-**","status":"done","order":"79564f42-f22e-4f04-bda0-18f21cb3e755"}}

【2025-08-20 21:26:19】
P2025082021002634426372602----提交：{"reference":"P2025082021002634426372602"}

【2025-08-20 21:26:19】
P2025082021002634426372602----返回：{"msg":"P2025082021002634426372602","code":"000000","data":{"date":"2025-08-20 21:00:27","eid":"E3305358020250821000027209593330","amount":70,"name":"tatiele moreno de jesus","cpf":"***.349.095-**","bankname":"18236120","payBank":"P H R OLIVEIRA DR INVESTIMENTO LTDA","payCpf":"58.321.455\/0001-99","pixkey":"86434909543","account":"***.349.095-**","status":"done","order":"66042455-7e6c-4d79-a7ae-f7e88426cd45"}}

【2025-08-20 21:26:22】
P2025082021002634426372602----提交：{"reference":"P2025082021002634426372602"}

【2025-08-20 21:26:23】
P2025082021002634426372602----返回：{"msg":"P2025082021002634426372602","code":"000000","data":{"date":"2025-08-20 21:00:27","eid":"E3305358020250821000027209593330","amount":70,"name":"tatiele moreno de jesus","cpf":"***.349.095-**","bankname":"18236120","payBank":"P H R OLIVEIRA DR INVESTIMENTO LTDA","payCpf":"58.321.455\/0001-99","pixkey":"86434909543","account":"***.349.095-**","status":"done","order":"66042455-7e6c-4d79-a7ae-f7e88426cd45"}}

【2025-08-20 21:28:39】
P2025082021123835158128759----提交：{"reference":"P2025082021123835158128759"}

【2025-08-20 21:28:39】
P2025082021123835158128759----返回：{"msg":"P2025082021123835158128759","code":"000000","data":{"date":"2025-08-20 21:12:39","eid":"E3305358020250821001239515a4a5ee","amount":100,"name":"GRAZIELE SANCHES                        ","cpf":"***.753.238-**","bankname":"60746948","payBank":"P H R OLIVEIRA DR INVESTIMENTO LTDA","payCpf":"58.321.455\/0001-99","pixkey":"47875323835","account":"***.753.238-**","status":"done","order":"61dd9670-ff1c-47af-b04b-c39d10ad9615"}}

【2025-08-20 21:28:44】
P2025082021123835158128759----提交：{"reference":"P2025082021123835158128759"}

【2025-08-20 21:28:44】
P2025082021123835158128759----返回：{"msg":"P2025082021123835158128759","code":"000000","data":{"date":"2025-08-20 21:12:39","eid":"E3305358020250821001239515a4a5ee","amount":100,"name":"GRAZIELE SANCHES                        ","cpf":"***.753.238-**","bankname":"60746948","payBank":"P H R OLIVEIRA DR INVESTIMENTO LTDA","payCpf":"58.321.455\/0001-99","pixkey":"47875323835","account":"***.753.238-**","status":"done","order":"61dd9670-ff1c-47af-b04b-c39d10ad9615"}}

