【2025-08-20 20:02:01】
P2025082013041905859456697----提交：{"reference":"P2025082013041905859456697"}

【2025-08-20 20:02:02】
P2025082013041905859456697----返回：{"msg":"P2025082013041905859456697","code":"000000","data":{"date":"2025-08-20 13:04:20","eid":"E33053580202508201604206154b1b7e","amount":1387,"name":"Roberta Oliveira Dos Santos","cpf":"***.381.008-**","bankname":"23862762","payBank":"P H R OLIVEIRA DR INVESTIMENTO LTDA","payCpf":"58.321.455\/0001-99","pixkey":"13981108791","account":"***.381.008-**","status":"done","order":"599a5855-4406-46e0-a73a-22b23b191aad"}}

【2025-08-20 20:44:51】
P2025082020281932499386354----提交：{"reference":"P2025082020281932499386354"}

【2025-08-20 20:44:52】
P2025082020281932499386354----返回：{"msg":"P2025082020281932499386354","code":"000000","data":{"date":"2025-08-20 20:28:20","eid":"E33053580202508202328200859e0998","amount":190,"name":"MARIA LUCINEIDE MEDEIROS DE SOUZA","cpf":"***.312.862-**","bankname":"00360305","payBank":"P H R OLIVEIRA DR INVESTIMENTO LTDA","payCpf":"58.321.455\/0001-99","pixkey":"71031286268","account":"***.312.862-**","status":"done","order":"a035b6f8-c696-4876-bbaa-8feda5060a08"}}

【2025-08-20 20:44:53】
P2025082020281932499386354----提交：{"reference":"P2025082020281932499386354"}

【2025-08-20 20:44:54】
P2025082020281932499386354----返回：{"msg":"P2025082020281932499386354","code":"000000","data":{"date":"2025-08-20 20:28:20","eid":"E33053580202508202328200859e0998","amount":190,"name":"MARIA LUCINEIDE MEDEIROS DE SOUZA","cpf":"***.312.862-**","bankname":"00360305","payBank":"P H R OLIVEIRA DR INVESTIMENTO LTDA","payCpf":"58.321.455\/0001-99","pixkey":"71031286268","account":"***.312.862-**","status":"done","order":"a035b6f8-c696-4876-bbaa-8feda5060a08"}}

【2025-08-20 20:57:53】
P2025082020432533405453394----提交：{"reference":"P2025082020432533405453394"}

【2025-08-20 20:57:54】
P2025082020432533405453394----返回：{"msg":"P2025082020432533405453394","code":"000000","data":{"date":"2025-08-20 20:43:26","eid":"E33053580202508202343263788c72c9","amount":500,"name":"ERALDO ELESBAO DOS REIS","cpf":"***.250.977-**","bankname":"60701190","payBank":"P H R OLIVEIRA DR INVESTIMENTO LTDA","payCpf":"58.321.455\/0001-99","pixkey":"00825097789","account":"***.250.977-**","status":"done","order":"87af4b1a-25a9-40ff-bf99-b1464047bf22"}}

【2025-08-20 20:57:55】
P2025082020432533405453394----提交：{"reference":"P2025082020432533405453394"}

【2025-08-20 20:57:56】
P2025082020432533405453394----返回：{"msg":"P2025082020432533405453394","code":"000000","data":{"date":"2025-08-20 20:43:26","eid":"E33053580202508202343263788c72c9","amount":500,"name":"ERALDO ELESBAO DOS REIS","cpf":"***.250.977-**","bankname":"60701190","payBank":"P H R OLIVEIRA DR INVESTIMENTO LTDA","payCpf":"58.321.455\/0001-99","pixkey":"00825097789","account":"***.250.977-**","status":"done","order":"87af4b1a-25a9-40ff-bf99-b1464047bf22"}}

