【2025-08-20 12:11:10】
P2025082012102902629889631----提交：{"reference":"P2025082012102902629889631"}

【2025-08-20 12:11:11】
P2025082012102902629889631----返回：{"msg":"P2025082012102902629889631","code":"000000","data":{"date":"2025-08-20 12:10:29","eid":"E33053580202508201510298982b61b3","amount":50,"name":"Carlos Eduardo de Oliveira","cpf":"***.733.138-**","bankname":"18236120","payBank":"P H R OLIVEIRA DR INVESTIMENTO LTDA","payCpf":"58.321.455\/0001-99","pixkey":"23373313856","account":"***.733.138-**","status":"done","order":"7041b615-8022-4576-bfb8-8c66df28751e"}}

【2025-08-20 12:11:18】
P2025082012102902629889631----提交：{"reference":"P2025082012102902629889631"}

【2025-08-20 12:11:18】
P2025082012102902629889631----返回：{"msg":"P2025082012102902629889631","code":"000000","data":{"date":"2025-08-20 12:10:29","eid":"E33053580202508201510298982b61b3","amount":50,"name":"Carlos Eduardo de Oliveira","cpf":"***.733.138-**","bankname":"18236120","payBank":"P H R OLIVEIRA DR INVESTIMENTO LTDA","payCpf":"58.321.455\/0001-99","pixkey":"23373313856","account":"***.733.138-**","status":"done","order":"7041b615-8022-4576-bfb8-8c66df28751e"}}

【2025-08-20 12:13:24】
P2025082012033102211794655----提交：{"reference":"P2025082012033102211794655"}

【2025-08-20 12:13:24】
P2025082012033102211794655----返回：{"msg":"P2025082012033102211794655","code":"000000","data":{"date":"2025-08-20 12:03:32","eid":"E3305358020250820150332722ba572f","amount":80,"name":"PAULO CESAR MARTINS","cpf":"***.604.618-**","bankname":"90400888","payBank":"P H R OLIVEIRA DR INVESTIMENTO LTDA","payCpf":"58.321.455\/0001-99","pixkey":"09260461871","account":"***.604.618-**","status":"done","order":"81e45c54-8c54-495c-8efb-c05e7952005d"}}

【2025-08-20 12:14:01】
P2025082012033102211794655----提交：{"reference":"P2025082012033102211794655"}

【2025-08-20 12:14:01】
P2025082012033102211794655----返回：{"msg":"P2025082012033102211794655","code":"000000","data":{"date":"2025-08-20 12:03:32","eid":"E3305358020250820150332722ba572f","amount":80,"name":"PAULO CESAR MARTINS","cpf":"***.604.618-**","bankname":"90400888","payBank":"P H R OLIVEIRA DR INVESTIMENTO LTDA","payCpf":"58.321.455\/0001-99","pixkey":"09260461871","account":"***.604.618-**","status":"done","order":"81e45c54-8c54-495c-8efb-c05e7952005d"}}

【2025-08-20 12:48:14】
P2025082012404404444087656----提交：{"reference":"P2025082012404404444087656"}

【2025-08-20 12:48:14】
P2025082012404404444087656----返回：{"msg":"P2025082012404404444087656","code":"000000","data":{"date":"2025-08-20 12:40:44","eid":"E3305358020250820154044889410cd7","amount":300,"name":"JENIFFER ROSA ALVES","cpf":"***.149.941-**","bankname":"22896431","payBank":"P H R OLIVEIRA DR INVESTIMENTO LTDA","payCpf":"58.321.455\/0001-99","pixkey":"05514994198","account":"***.149.941-**","status":"done","order":"860512ce-da7e-49a1-9acc-55170b3f6f54"}}

【2025-08-20 12:48:28】
P2025082012404404444087656----提交：{"reference":"P2025082012404404444087656"}

【2025-08-20 12:48:29】
P2025082012404404444087656----返回：{"msg":"P2025082012404404444087656","code":"000000","data":{"date":"2025-08-20 12:40:44","eid":"E3305358020250820154044889410cd7","amount":300,"name":"JENIFFER ROSA ALVES","cpf":"***.149.941-**","bankname":"22896431","payBank":"P H R OLIVEIRA DR INVESTIMENTO LTDA","payCpf":"58.321.455\/0001-99","pixkey":"05514994198","account":"***.149.941-**","status":"done","order":"860512ce-da7e-49a1-9acc-55170b3f6f54"}}

