【2025-08-20 06:31:14】
P2025082006302882228551925----提交：{"custId":"24120300001308","appId":"8241201350","order":"P2025082006302882228551925","sign":"BA3696BB4D28F94422C24352C6600AB7"}

【2025-08-20 06:31:14】
P2025082006302882228551925----返回：{"code":"000000","msg":"P2025082006302882228551925","data":{"date":"2025-08-20 06:30:31","eid":"E45756448202508200930vGc42qFUF0G","amount":"323","name":"Luis Henrique de Oliveira Silveira","cpf":"15046262657","bankname":"null","payBank":"","payCpf":"","pixkey":"15046262657","account":"895679605","status":"done","order":"A20250820063028005515496saeN38"},"sign":"F764E47657B69F43F35E127F20E698D0"}

【2025-08-20 06:31:15】
P2025082006302882228551925----提交：{"custId":"24120300001308","appId":"8241201350","order":"P2025082006302882228551925","sign":"BA3696BB4D28F94422C24352C6600AB7"}

【2025-08-20 06:31:15】
P2025082006302882228551925----返回：{"code":"000000","msg":"P2025082006302882228551925","data":{"date":"2025-08-20 06:30:31","eid":"E45756448202508200930vGc42qFUF0G","amount":"323","name":"Luis Henrique de Oliveira Silveira","cpf":"15046262657","bankname":"null","payBank":"","payCpf":"","pixkey":"15046262657","account":"895679605","status":"done","order":"A20250820063028005515496saeN38"},"sign":"F764E47657B69F43F35E127F20E698D0"}

【2025-08-20 06:31:42】
P2025082006302882228551925----提交：{"custId":"24120300001308","appId":"8241201350","order":"P2025082006302882228551925","sign":"BA3696BB4D28F94422C24352C6600AB7"}

【2025-08-20 06:31:42】
P2025082006302882228551925----返回：{"code":"000000","msg":"P2025082006302882228551925","data":{"date":"2025-08-20 06:30:31","eid":"E45756448202508200930vGc42qFUF0G","amount":"323","name":"Luis Henrique de Oliveira Silveira","cpf":"15046262657","bankname":"null","payBank":"","payCpf":"","pixkey":"15046262657","account":"895679605","status":"done","order":"A20250820063028005515496saeN38"},"sign":"F764E47657B69F43F35E127F20E698D0"}

【2025-08-20 06:33:18】
P2025081810101522615043694----提交：{"custId":"24120300001308","appId":"8241201350","order":"P2025081810101522615043694","sign":"4753152E2409F1DA5EA4CCD1F47B284A"}

【2025-08-20 06:33:18】
P2025081810101522615043694----返回：{"code":"000000","msg":"P2025081810101522615043694","data":{"date":"2025-08-18 10:14:57","eid":"E3720544720250818131031413ed54ef","amount":"655","name":"Marcos Fernando de Souza Dozol Farias","cpf":"18633059711","bankname":"ORBION GAMING LTDA","payBank":"","payCpf":"","pixkey":"21982269120","account":"18236120","status":"done","order":"A20250818101015006187IDhL5S3e1"},"sign":"B06EA06EDA7772CF970F6EAF4A79F8E0"}

【2025-08-20 06:33:21】
P2025081809101919019727477----提交：{"custId":"24120300001308","appId":"8241201350","order":"P2025081809101919019727477","sign":"A9037B7B7B3B353B7DEB6C3DA489E465"}

【2025-08-20 06:33:21】
P2025081809101919019727477----返回：{"code":"000000","msg":"P2025081809101919019727477","data":{"date":"2025-08-18 09:10:23","eid":"E3720544720250818121020212f0c23a","amount":"264","name":"Marcos Fernando de Souza Dozol Farias","cpf":"18633059711","bankname":"ORBION GAMING LTDA","payBank":"","payCpf":"","pixkey":"21982269120","account":"18236120","status":"done","order":"A20250818091020814962ank76rfES"},"sign":"3314E09F72887BFCD42326B6AFEAD5CF"}

【2025-08-20 06:38:58】
P2025082000243560275661289----提交：{"custId":"24120300001308","appId":"8241201350","order":"P2025082000243560275661289","sign":"F993B3620237BCCD7C1A5C59AED4B0CF"}

【2025-08-20 06:38:58】
P2025082000243560275661289----返回：{"code":"000000","msg":"P2025082000243560275661289","data":{"date":"2025-08-20 00:24:38","eid":"E372054472025082003243557614c1e8","amount":"45","name":"JORGE DE JESUS SOUZA","cpf":"06193634797","bankname":"ORBION GAMING LTDA","payBank":"","payCpf":"","pixkey":"24998568472","account":"00416968","status":"done","order":"A20250820002435603230NhwGiyK6e"},"sign":"0DCD2683D6732BDCEBE51A1BE895B648"}

【2025-08-20 06:40:05】
P2025082000243560275661289----提交：{"custId":"24120300001308","appId":"8241201350","order":"P2025082000243560275661289","sign":"F993B3620237BCCD7C1A5C59AED4B0CF"}

【2025-08-20 06:40:05】
P2025082000243560275661289----返回：{"code":"000000","msg":"P2025082000243560275661289","data":{"date":"2025-08-20 00:24:38","eid":"E372054472025082003243557614c1e8","amount":"45","name":"JORGE DE JESUS SOUZA","cpf":"06193634797","bankname":"ORBION GAMING LTDA","payBank":"","payCpf":"","pixkey":"24998568472","account":"00416968","status":"done","order":"A20250820002435603230NhwGiyK6e"},"sign":"0DCD2683D6732BDCEBE51A1BE895B648"}

【2025-08-20 06:43:09】
P2025081921053948339599310----提交：{"custId":"24120300001308","appId":"8241201350","order":"P2025081921053948339599310","sign":"4FBC7160B021CE4AC0AFF509CAF9C3BF"}

【2025-08-20 06:43:09】
P2025081921053948339599310----返回：{"code":"000000","msg":"P2025081921053948339599310","data":{"date":"2025-08-19 21:06:13","eid":"E37205447202508200006046123e4be2","amount":"200","name":"Delson Ferreira Abreu","cpf":"35421266249","bankname":"ORBION GAMING LTDA","payBank":"","payCpf":"","pixkey":"91985080832","account":"18236120","status":"done","order":"A20250819210540325373ptHI6VpUR"},"sign":"D8D4B73D5F4ECFDB2A00BBA1D16CFB50"}

【2025-08-20 06:43:11】
P2025081921053948339599310----提交：{"custId":"24120300001308","appId":"8241201350","order":"P2025081921053948339599310","sign":"4FBC7160B021CE4AC0AFF509CAF9C3BF"}

【2025-08-20 06:43:11】
P2025081921053948339599310----返回：{"code":"000000","msg":"P2025081921053948339599310","data":{"date":"2025-08-19 21:06:13","eid":"E37205447202508200006046123e4be2","amount":"200","name":"Delson Ferreira Abreu","cpf":"35421266249","bankname":"ORBION GAMING LTDA","payBank":"","payCpf":"","pixkey":"91985080832","account":"18236120","status":"done","order":"A20250819210540325373ptHI6VpUR"},"sign":"D8D4B73D5F4ECFDB2A00BBA1D16CFB50"}

【2025-08-20 06:43:12】
P2025081921053948339599310----提交：{"custId":"24120300001308","appId":"8241201350","order":"P2025081921053948339599310","sign":"4FBC7160B021CE4AC0AFF509CAF9C3BF"}

【2025-08-20 06:43:12】
P2025081921053948339599310----返回：{"code":"000000","msg":"P2025081921053948339599310","data":{"date":"2025-08-19 21:06:13","eid":"E37205447202508200006046123e4be2","amount":"200","name":"Delson Ferreira Abreu","cpf":"35421266249","bankname":"ORBION GAMING LTDA","payBank":"","payCpf":"","pixkey":"91985080832","account":"18236120","status":"done","order":"A20250819210540325373ptHI6VpUR"},"sign":"D8D4B73D5F4ECFDB2A00BBA1D16CFB50"}

