【2025-08-20 10:02:30】
P2025082001300964209034529----提交：{"custId":"24120300001308","appId":"8241201350","order":"P2025082001300964209034529","sign":"3AAD97C5E6539205D37105E920D0D081"}

【2025-08-20 10:02:30】
P2025082001300964209034529----返回：{"code":"000000","msg":"P2025082001300964209034529","data":{"date":"2025-08-20 01:30:12","eid":"E45756448202508200430a4B6UZICmUa","amount":"40","name":"Silvania de Jesus Santos","cpf":"6994872696","bankname":"null","payBank":"","payCpf":"","pixkey":"33988907753","account":"789582640","status":"done","order":"A20250820013009421404kGLu8GxMI"},"sign":"8DB9FC84ABFC6A42212A3250A4AF9BD6"}

【2025-08-20 10:02:37】
P2025082001300964209034529----提交：{"custId":"24120300001308","appId":"8241201350","order":"P2025082001300964209034529","sign":"3AAD97C5E6539205D37105E920D0D081"}

【2025-08-20 10:02:37】
P2025082001300964209034529----返回：{"code":"000000","msg":"P2025082001300964209034529","data":{"date":"2025-08-20 01:30:12","eid":"E45756448202508200430a4B6UZICmUa","amount":"40","name":"Silvania de Jesus Santos","cpf":"6994872696","bankname":"null","payBank":"","payCpf":"","pixkey":"33988907753","account":"789582640","status":"done","order":"A20250820013009421404kGLu8GxMI"},"sign":"8DB9FC84ABFC6A42212A3250A4AF9BD6"}

【2025-08-20 10:06:07】
P2025082009523394353561313----提交：{"custId":"24120300001308","appId":"8241201350","order":"P2025082009523394353561313","sign":"AB819469CB4EA06F42DED1E56C4FB3D5"}

【2025-08-20 10:06:08】
P2025082009523394353561313----返回：{"code":"000000","msg":"P2025082009523394353561313","data":{"date":"2025-08-20 09:52:36","eid":"E45756448202508201252O5nUoA7o3ki","amount":"20","name":"João Carlos Ramos","cpf":"82323429787","bankname":"null","payBank":"","payCpf":"","pixkey":"82323429787","account":"446285961","status":"done","order":"A20250820095233501860vJEAwLZ6p"},"sign":"23CDFC711E1FC9DFB268318955D74CBE"}

【2025-08-20 10:06:12】
P2025082009523394353561313----提交：{"custId":"24120300001308","appId":"8241201350","order":"P2025082009523394353561313","sign":"AB819469CB4EA06F42DED1E56C4FB3D5"}

【2025-08-20 10:06:12】
P2025082009523394353561313----返回：{"code":"000000","msg":"P2025082009523394353561313","data":{"date":"2025-08-20 09:52:36","eid":"E45756448202508201252O5nUoA7o3ki","amount":"20","name":"João Carlos Ramos","cpf":"82323429787","bankname":"null","payBank":"","payCpf":"","pixkey":"82323429787","account":"446285961","status":"done","order":"A20250820095233501860vJEAwLZ6p"},"sign":"23CDFC711E1FC9DFB268318955D74CBE"}

【2025-08-20 10:07:45】
P2025081919142341663394384----提交：{"custId":"24120300001308","appId":"8241201350","order":"P2025081919142341663394384","sign":"A4E907D49CB06A30A6CC99A412C33833"}

【2025-08-20 10:07:45】
P2025081919142341663394384----返回：{"code":"000000","msg":"P2025081919142341663394384","data":{"date":"2025-08-19 19:14:27","eid":"E3720544720250819221424131ec3357","amount":"268","name":"Lorrayne Nascimento dos Santos","cpf":"42851835874","bankname":"ORBION GAMING LTDA","payBank":"","payCpf":"","pixkey":"lorraynesantos00011@gmail.com","account":"10664513","status":"done","order":"A20250819191423851278mttQ6eXZZ"},"sign":"C928D29D37650445F17A8BA67E735D1A"}

【2025-08-20 10:07:55】
P2025081919142341663394384----提交：{"custId":"24120300001308","appId":"8241201350","order":"P2025081919142341663394384","sign":"A4E907D49CB06A30A6CC99A412C33833"}

【2025-08-20 10:07:55】
P2025081919142341663394384----返回：{"code":"000000","msg":"P2025081919142341663394384","data":{"date":"2025-08-19 19:14:27","eid":"E3720544720250819221424131ec3357","amount":"268","name":"Lorrayne Nascimento dos Santos","cpf":"42851835874","bankname":"ORBION GAMING LTDA","payBank":"","payCpf":"","pixkey":"lorraynesantos00011@gmail.com","account":"10664513","status":"done","order":"A20250819191423851278mttQ6eXZZ"},"sign":"C928D29D37650445F17A8BA67E735D1A"}

【2025-08-20 10:19:09】
P2025082010184795927609219----提交：{"custId":"24120300001308","appId":"8241201350","order":"P2025082010184795927609219","sign":"B80CE0DD672D2551D12EF44D99F4B33B"}

【2025-08-20 10:19:09】
P2025082010184795927609219----返回：{"code":"000000","msg":"P2025082010184795927609219","data":{"date":"2025-08-20 10:18:50","eid":"E45756448202508201318HVMEBL3U6yE","amount":"1100.33","name":"Sara Abreu Paes","cpf":"5956646284","bankname":"null","payBank":"","payCpf":"","pixkey":"05956646284","account":"981762331","status":"done","order":"A20250820101848964466u573IKr1Y"},"sign":"F6A6A5031767C0B4F38C06080EB7FADE"}

【2025-08-20 10:19:13】
P2025082010184795927609219----提交：{"custId":"24120300001308","appId":"8241201350","order":"P2025082010184795927609219","sign":"B80CE0DD672D2551D12EF44D99F4B33B"}

【2025-08-20 10:19:13】
P2025082010184795927609219----返回：{"code":"000000","msg":"P2025082010184795927609219","data":{"date":"2025-08-20 10:18:50","eid":"E45756448202508201318HVMEBL3U6yE","amount":"1100.33","name":"Sara Abreu Paes","cpf":"5956646284","bankname":"null","payBank":"","payCpf":"","pixkey":"05956646284","account":"981762331","status":"done","order":"A20250820101848964466u573IKr1Y"},"sign":"F6A6A5031767C0B4F38C06080EB7FADE"}

【2025-08-20 10:23:49】
P2025082009530494384627926----提交：{"custId":"24120300001308","appId":"8241201350","order":"P2025082009530494384627926","sign":"17C741F17244F23036D6ED4EA7713234"}

【2025-08-20 10:23:49】
P2025082009530494384627926----返回：{"code":"000000","msg":"P2025082009530494384627926","data":{"date":"2025-08-20 09:53:07","eid":"E45756448202508201253qD8yuBokEUe","amount":"20","name":"MAILSON SERVANO DOS SANTOS","cpf":"10259922617","bankname":"null","payBank":"","payCpf":"","pixkey":"11954713421","account":"148252111","status":"done","order":"A202508200953052163762jnTeGngW"},"sign":"FB9F119800A82F6A5D50718785A4279F"}

【2025-08-20 10:24:48】
P2025082009530494384627926----提交：{"custId":"24120300001308","appId":"8241201350","order":"P2025082009530494384627926","sign":"17C741F17244F23036D6ED4EA7713234"}

【2025-08-20 10:24:48】
P2025082009530494384627926----返回：{"code":"000000","msg":"P2025082009530494384627926","data":{"date":"2025-08-20 09:53:07","eid":"E45756448202508201253qD8yuBokEUe","amount":"20","name":"MAILSON SERVANO DOS SANTOS","cpf":"10259922617","bankname":"null","payBank":"","payCpf":"","pixkey":"11954713421","account":"148252111","status":"done","order":"A202508200953052163762jnTeGngW"},"sign":"FB9F119800A82F6A5D50718785A4279F"}

【2025-08-20 10:29:57】
P2025081820595761597994606----提交：{"custId":"24120300001308","appId":"8241201350","order":"P2025081820595761597994606","sign":"A09722DE3C792BAFD3B8EDC8F268AC17"}

【2025-08-20 10:29:57】
P2025081820595761597994606----返回：{"code":"000000","msg":"P2025081820595761597994606","data":{"date":"2025-08-18 21:00:04","eid":"E45756448202508190000N8t390DIJE2","amount":"30","name":"CREUZA SANTOS PESTANA","cpf":"33108668315","bankname":"null","payBank":"","payCpf":"","pixkey":"33108668315","account":"12880000007839621954","status":"done","order":"A20250818205958143713ut98Q1XhU"},"sign":"4622CB1CA1D1452DE00595974F5E189E"}

【2025-08-20 10:35:39】
P2025081820594961589121335----提交：{"custId":"24120300001308","appId":"8241201350","order":"P2025081820594961589121335","sign":"2DFE164C6F8476E36820560EC128453B"}

【2025-08-20 10:35:39】
P2025081820594961589121335----返回：{"code":"000000","msg":"P2025081820594961589121335","data":{"date":"2025-08-18 20:59:53","eid":"E45756448202508182359GklB6490MUG","amount":"50","name":"Edna Da Silva Rodrigues Dos Santos","cpf":"36433313809","bankname":"null","payBank":"","payCpf":"","pixkey":"36433313809","account":"167408801","status":"done","order":"A202508182059496291187akRsFiGi"},"sign":"D3F4D3BBB98154093619D73FDDA79334"}

【2025-08-20 10:45:06】
P2025082010243996279779493----提交：{"custId":"24120300001308","appId":"8241201350","order":"P2025082010243996279779493","sign":"F8766D43E9FC4C4D942101AF4CE08607"}

【2025-08-20 10:45:06】
P2025082010243996279779493----返回：{"code":"000000","msg":"P2025082010243996279779493","data":{"date":"2025-08-20 10:24:42","eid":"E457564482025082013246u9Q7CKUnEC","amount":"110","name":"FERNANDO MARTINS","cpf":"9382359664","bankname":"null","payBank":"","payCpf":"","pixkey":"31983824706","account":"332140524","status":"done","order":"A20250820102440806805H6cbBmsB9"},"sign":"94DD6ECEFF617590CD1CE203D28BAE82"}

【2025-08-20 10:46:24】
P2025081922373253852315658----提交：{"custId":"24120300001308","appId":"8241201350","order":"P2025081922373253852315658","sign":"205E7B4F3C13078292505385A4D75979"}

【2025-08-20 10:46:24】
P2025081922373253852315658----返回：{"code":"000000","msg":"P2025081922373253852315658","data":{"date":"2025-08-19 22:37:35","eid":"E45756448202508200137nIxsiG0w8kK","amount":"100","name":"luiz henrique da conceicao duarte","cpf":"20367306719","bankname":"null","payBank":"","payCpf":"","pixkey":"21999683445","account":"78721849","status":"done","order":"A20250819223732330286ReqZ1QdNp"},"sign":"EEA91EDC1C89A2714BC955D6E5DDAB06"}

【2025-08-20 10:46:27】
P2025081922373253852315658----提交：{"custId":"24120300001308","appId":"8241201350","order":"P2025081922373253852315658","sign":"205E7B4F3C13078292505385A4D75979"}

【2025-08-20 10:46:27】
P2025081922373253852315658----返回：{"code":"000000","msg":"P2025081922373253852315658","data":{"date":"2025-08-19 22:37:35","eid":"E45756448202508200137nIxsiG0w8kK","amount":"100","name":"luiz henrique da conceicao duarte","cpf":"20367306719","bankname":"null","payBank":"","payCpf":"","pixkey":"21999683445","account":"78721849","status":"done","order":"A20250819223732330286ReqZ1QdNp"},"sign":"EEA91EDC1C89A2714BC955D6E5DDAB06"}

【2025-08-20 10:46:27】
P2025081922373253852315658----提交：{"custId":"24120300001308","appId":"8241201350","order":"P2025081922373253852315658","sign":"205E7B4F3C13078292505385A4D75979"}

【2025-08-20 10:46:27】
P2025081922373253852315658----返回：{"code":"000000","msg":"P2025081922373253852315658","data":{"date":"2025-08-19 22:37:35","eid":"E45756448202508200137nIxsiG0w8kK","amount":"100","name":"luiz henrique da conceicao duarte","cpf":"20367306719","bankname":"null","payBank":"","payCpf":"","pixkey":"21999683445","account":"78721849","status":"done","order":"A20250819223732330286ReqZ1QdNp"},"sign":"EEA91EDC1C89A2714BC955D6E5DDAB06"}

【2025-08-20 10:46:48】
P2025082010243996279779493----提交：{"custId":"24120300001308","appId":"8241201350","order":"P2025082010243996279779493","sign":"F8766D43E9FC4C4D942101AF4CE08607"}

【2025-08-20 10:46:48】
P2025082010243996279779493----返回：{"code":"000000","msg":"P2025082010243996279779493","data":{"date":"2025-08-20 10:24:42","eid":"E457564482025082013246u9Q7CKUnEC","amount":"110","name":"FERNANDO MARTINS","cpf":"9382359664","bankname":"null","payBank":"","payCpf":"","pixkey":"31983824706","account":"332140524","status":"done","order":"A20250820102440806805H6cbBmsB9"},"sign":"94DD6ECEFF617590CD1CE203D28BAE82"}

【2025-08-20 10:47:59】
P2025082010243996279779493----提交：{"custId":"24120300001308","appId":"8241201350","order":"P2025082010243996279779493","sign":"F8766D43E9FC4C4D942101AF4CE08607"}

【2025-08-20 10:47:59】
P2025082010243996279779493----返回：{"code":"000000","msg":"P2025082010243996279779493","data":{"date":"2025-08-20 10:24:42","eid":"E457564482025082013246u9Q7CKUnEC","amount":"110","name":"FERNANDO MARTINS","cpf":"9382359664","bankname":"null","payBank":"","payCpf":"","pixkey":"31983824706","account":"332140524","status":"done","order":"A20250820102440806805H6cbBmsB9"},"sign":"94DD6ECEFF617590CD1CE203D28BAE82"}

【2025-08-20 10:48:42】
P2025081917521536735693909----提交：{"custId":"24120300001308","appId":"8241201350","order":"P2025081917521536735693909","sign":"B531B5E5422BA9AD5B4C430E2B4AAE9A"}

【2025-08-20 10:48:42】
P2025081917521536735693909----返回：{"code":"000000","msg":"P2025081917521536735693909","data":{"date":"2025-08-19 17:52:20","eid":"E3720544720250819205216769bf5cc9","amount":"20","name":"Ronaldo Batista da Silva Santos","cpf":"09662801480","bankname":"ORBION GAMING LTDA","payBank":"","payCpf":"","pixkey":"87999411227","account":"18236120","status":"done","order":"A20250819175216702067GnacqjEhk"},"sign":"D1C258FC321A4D6AAEBE781233ABEC72"}

【2025-08-20 10:50:20】
P2025081915461429174103858----提交：{"custId":"24120300001308","appId":"8241201350","order":"P2025081915461429174103858","sign":"17C567A079F4AA266E042074F7ACABD0"}

【2025-08-20 10:50:20】
P2025081915461429174103858----返回：{"code":"000000","msg":"P2025081915461429174103858","data":{"date":"2025-08-19 15:46:19","eid":"E45756448202508191846EHgbSVKEEyu","amount":"50","name":"LEONARDO SILVA PEREIRA","cpf":"52262417806","bankname":"null","payBank":"","payCpf":"","pixkey":"11998249423","account":"541632679","status":"done","order":"A20250819154614489494Rizv7cxRS"},"sign":"EE65623BCDE110D39E1A8B7995C4B4EC"}

【2025-08-20 10:50:24】
P2025081915461429174103858----提交：{"custId":"24120300001308","appId":"8241201350","order":"P2025081915461429174103858","sign":"17C567A079F4AA266E042074F7ACABD0"}

【2025-08-20 10:50:24】
P2025081915461429174103858----返回：{"code":"000000","msg":"P2025081915461429174103858","data":{"date":"2025-08-19 15:46:19","eid":"E45756448202508191846EHgbSVKEEyu","amount":"50","name":"LEONARDO SILVA PEREIRA","cpf":"52262417806","bankname":"null","payBank":"","payCpf":"","pixkey":"11998249423","account":"541632679","status":"done","order":"A20250819154614489494Rizv7cxRS"},"sign":"EE65623BCDE110D39E1A8B7995C4B4EC"}

【2025-08-20 10:50:24】
P2025081915461429174103858----提交：{"custId":"24120300001308","appId":"8241201350","order":"P2025081915461429174103858","sign":"17C567A079F4AA266E042074F7ACABD0"}

【2025-08-20 10:50:24】
P2025081915461429174103858----返回：{"code":"000000","msg":"P2025081915461429174103858","data":{"date":"2025-08-19 15:46:19","eid":"E45756448202508191846EHgbSVKEEyu","amount":"50","name":"LEONARDO SILVA PEREIRA","cpf":"52262417806","bankname":"null","payBank":"","payCpf":"","pixkey":"11998249423","account":"541632679","status":"done","order":"A20250819154614489494Rizv7cxRS"},"sign":"EE65623BCDE110D39E1A8B7995C4B4EC"}

【2025-08-20 10:50:26】
P2025082010065595215057233----提交：{"custId":"24120300001308","appId":"8241201350","order":"P2025082010065595215057233","sign":"52C120A06183A0AC07FBBEEB6707153D"}

【2025-08-20 10:50:26】
P2025082010065595215057233----返回：{"code":"000000","msg":"P2025082010065595215057233","data":{"date":"2025-08-20 10:06:57","eid":"E37205447202508201306554348fd1bb","amount":"30","name":"FLAVIANA DE FREITAS SILVA","cpf":"92791352104","bankname":"ORBION GAMING LTDA","payBank":"","payCpf":"","pixkey":"62991459239","account":"00360305","status":"done","order":"A20250820100655611847mubrnBrpI"},"sign":"78489598345B5D133F92E7A83CA69899"}

【2025-08-20 10:50:44】
P2025082010065595215057233----提交：{"custId":"24120300001308","appId":"8241201350","order":"P2025082010065595215057233","sign":"52C120A06183A0AC07FBBEEB6707153D"}

【2025-08-20 10:50:44】
P2025082010065595215057233----返回：{"code":"000000","msg":"P2025082010065595215057233","data":{"date":"2025-08-20 10:06:57","eid":"E37205447202508201306554348fd1bb","amount":"30","name":"FLAVIANA DE FREITAS SILVA","cpf":"92791352104","bankname":"ORBION GAMING LTDA","payBank":"","payCpf":"","pixkey":"62991459239","account":"00360305","status":"done","order":"A20250820100655611847mubrnBrpI"},"sign":"78489598345B5D133F92E7A83CA69899"}

【2025-08-20 10:53:27】
P2025082001383064710848245----提交：{"custId":"24120300001308","appId":"8241201350","order":"P2025082001383064710848245","sign":"C48ADF2E53B8F0130F0D590EFBBFF85D"}

【2025-08-20 10:53:27】
P2025082001383064710848245----返回：{"code":"000000","msg":"P2025082001383064710848245","data":{"date":"2025-08-20 01:38:33","eid":"E45756448202508200438XrpgJR4nbEi","amount":"30","name":"Danilo dos Anjos Brandão","cpf":"6101885186","bankname":"null","payBank":"","payCpf":"","pixkey":"06101885186","account":"389249203","status":"done","order":"A202508200138308673095zK9W3qY5"},"sign":"BFD21ACF2FD025AC2DAC1AAD6B6E5C1B"}

【2025-08-20 10:53:29】
P2025082001383064710848245----提交：{"custId":"24120300001308","appId":"8241201350","order":"P2025082001383064710848245","sign":"C48ADF2E53B8F0130F0D590EFBBFF85D"}

【2025-08-20 10:53:29】
P2025082001383064710848245----返回：{"code":"000000","msg":"P2025082001383064710848245","data":{"date":"2025-08-20 01:38:33","eid":"E45756448202508200438XrpgJR4nbEi","amount":"30","name":"Danilo dos Anjos Brandão","cpf":"6101885186","bankname":"null","payBank":"","payCpf":"","pixkey":"06101885186","account":"389249203","status":"done","order":"A202508200138308673095zK9W3qY5"},"sign":"BFD21ACF2FD025AC2DAC1AAD6B6E5C1B"}

【2025-08-20 10:58:39】
P2025082005391779157319060----提交：{"custId":"24120300001308","appId":"8241201350","order":"P2025082005391779157319060","sign":"6755B26E1A44C69AF390B41A358B74F8"}

【2025-08-20 10:58:39】
P2025082005391779157319060----返回：{"code":"000000","msg":"P2025082005391779157319060","data":{"date":"2025-08-20 05:39:20","eid":"E457564482025082008393av1te48kKn","amount":"20","name":"MILENA DA SILVA FONSECA","cpf":"9793677279","bankname":"null","payBank":"","payCpf":"","pixkey":"09793677279","account":"1244611000","status":"done","order":"A20250820053917461383gJ4uNur3z"},"sign":"F130B824A0D23D377941184C98067735"}

【2025-08-20 10:58:41】
P2025082005391779157319060----提交：{"custId":"24120300001308","appId":"8241201350","order":"P2025082005391779157319060","sign":"6755B26E1A44C69AF390B41A358B74F8"}

【2025-08-20 10:58:41】
P2025082005391779157319060----返回：{"code":"000000","msg":"P2025082005391779157319060","data":{"date":"2025-08-20 05:39:20","eid":"E457564482025082008393av1te48kKn","amount":"20","name":"MILENA DA SILVA FONSECA","cpf":"9793677279","bankname":"null","payBank":"","payCpf":"","pixkey":"09793677279","account":"1244611000","status":"done","order":"A20250820053917461383gJ4uNur3z"},"sign":"F130B824A0D23D377941184C98067735"}

