【2025-08-20 22:03:52】
P2025081821190362743933025----提交：{"custId":"24120300001308","appId":"8241201350","order":"P2025081821190362743933025","sign":"A89164FCF6D93AED11E158A76FAB6CB0"}

【2025-08-20 22:03:52】
P2025081821190362743933025----返回：{"code":"000000","msg":"P2025081821190362743933025","data":{"date":"2025-08-18 21:21:47","eid":"E372054472025081900214246031940b","amount":"30","name":"Wanderson Ramos Bastos","cpf":"55314260204","bankname":"ORBION GAMING LTDA","payBank":"","payCpf":"","pixkey":"55314260204","account":"22896431","status":"done","order":"A20250818211904249903ByzqfqVWt"},"sign":"687FA3950889E53A515E1E6C6F16ACDB"}

【2025-08-20 22:03:56】
P2025081821190362743933025----提交：{"custId":"24120300001308","appId":"8241201350","order":"P2025081821190362743933025","sign":"A89164FCF6D93AED11E158A76FAB6CB0"}

【2025-08-20 22:03:57】
P2025081821190362743933025----返回：{"code":"000000","msg":"P2025081821190362743933025","data":{"date":"2025-08-18 21:21:47","eid":"E372054472025081900214246031940b","amount":"30","name":"Wanderson Ramos Bastos","cpf":"55314260204","bankname":"ORBION GAMING LTDA","payBank":"","payCpf":"","pixkey":"55314260204","account":"22896431","status":"done","order":"A20250818211904249903ByzqfqVWt"},"sign":"687FA3950889E53A515E1E6C6F16ACDB"}

【2025-08-20 22:06:15】
P2025082021433737017605157----提交：{"custId":"24120300001308","appId":"8241201350","order":"P2025082021433737017605157","sign":"A2499FE98B052CE3BABD37D0F7ED2CE1"}

【2025-08-20 22:06:16】
P2025082021433737017605157----返回：{"code":"000000","msg":"P2025082021433737017605157","data":{"date":"2025-08-20 21:43:40","eid":"E45756448202508210043xztNRuOll0W","amount":"20","name":"DIEGO ALEXSANDRO DOS SANTOS RODRIGUES","cpf":"40123401828","bankname":"null","payBank":"","payCpf":"","pixkey":"40123401828","account":"12880000009066073433","status":"done","order":"A20250820214338592644l8bGlfETn"},"sign":"4E59FFC4869A2286AAC4341BC486C33A"}

【2025-08-20 22:06:16】
P2025082021433737017605157----提交：{"custId":"24120300001308","appId":"8241201350","order":"P2025082021433737017605157","sign":"A2499FE98B052CE3BABD37D0F7ED2CE1"}

【2025-08-20 22:06:16】
P2025082021433737017605157----返回：{"code":"000000","msg":"P2025082021433737017605157","data":{"date":"2025-08-20 21:43:40","eid":"E45756448202508210043xztNRuOll0W","amount":"20","name":"DIEGO ALEXSANDRO DOS SANTOS RODRIGUES","cpf":"40123401828","bankname":"null","payBank":"","payCpf":"","pixkey":"40123401828","account":"12880000009066073433","status":"done","order":"A20250820214338592644l8bGlfETn"},"sign":"4E59FFC4869A2286AAC4341BC486C33A"}

【2025-08-20 22:09:18】
P2025082021421636936051318----提交：{"custId":"24120300001308","appId":"8241201350","order":"P2025082021421636936051318","sign":"33D1D01E078DA915F4B525C90EA49BED"}

【2025-08-20 22:09:19】
P2025082021421636936051318----返回：{"code":"000000","msg":"P2025082021421636936051318","data":{"date":"2025-08-20 21:42:20","eid":"E45756448202508210042pbNVmxqrUUu","amount":"50","name":"CARLOS HENRIQUE SILVA PINHA","cpf":"9370379908","bankname":"null","payBank":"","payCpf":"","pixkey":"14996689265","account":"12880000008674541729","status":"done","order":"A202508202142173755562D8xt1NBc"},"sign":"6849118547493B10DB24D48C42240005"}

【2025-08-20 22:09:33】
P2025082021421636936051318----提交：{"custId":"24120300001308","appId":"8241201350","order":"P2025082021421636936051318","sign":"33D1D01E078DA915F4B525C90EA49BED"}

【2025-08-20 22:09:34】
P2025082021421636936051318----返回：{"code":"000000","msg":"P2025082021421636936051318","data":{"date":"2025-08-20 21:42:20","eid":"E45756448202508210042pbNVmxqrUUu","amount":"50","name":"CARLOS HENRIQUE SILVA PINHA","cpf":"9370379908","bankname":"null","payBank":"","payCpf":"","pixkey":"14996689265","account":"12880000008674541729","status":"done","order":"A202508202142173755562D8xt1NBc"},"sign":"6849118547493B10DB24D48C42240005"}

【2025-08-20 22:16:59】
P2025082021474537265718383----提交：{"custId":"24120300001308","appId":"8241201350","order":"P2025082021474537265718383","sign":"C470BCCF18753106CBCC5A3AA5A260DC"}

【2025-08-20 22:16:59】
P2025082021474537265718383----返回：{"code":"000000","msg":"P2025082021474537265718383","data":{"date":"2025-08-20 21:47:47","eid":"E45756448202508210047i9vWYIA8keh","amount":"400","name":"Elismar Lima da Silva","cpf":"1243989106","bankname":"null","payBank":"","payCpf":"","pixkey":"01243989106","account":"671211407","status":"done","order":"A20250820214745099107W2Gkul1d7"},"sign":"813606A5D86ABEEA601B3E1F699E46AE"}

【2025-08-20 22:17:01】
P2025082021474537265718383----提交：{"custId":"24120300001308","appId":"8241201350","order":"P2025082021474537265718383","sign":"C470BCCF18753106CBCC5A3AA5A260DC"}

【2025-08-20 22:17:01】
P2025082021474537265718383----返回：{"code":"000000","msg":"P2025082021474537265718383","data":{"date":"2025-08-20 21:47:47","eid":"E45756448202508210047i9vWYIA8keh","amount":"400","name":"Elismar Lima da Silva","cpf":"1243989106","bankname":"null","payBank":"","payCpf":"","pixkey":"01243989106","account":"671211407","status":"done","order":"A20250820214745099107W2Gkul1d7"},"sign":"813606A5D86ABEEA601B3E1F699E46AE"}

【2025-08-20 22:27:09】
P2025082000590562345869743----提交：{"custId":"24120300001308","appId":"8241201350","order":"P2025082000590562345869743","sign":"EAFA950AB96C2151675D57C40DFF21A2"}

【2025-08-20 22:27:10】
P2025082000590562345869743----返回：{"code":"000000","msg":"P2025082000590562345869743","data":{"date":"2025-08-20 00:59:07","eid":"E45756448202508200359sfGwZ8jokUK","amount":"100","name":"SIMONE KEULHI MARTINS DA SILVA","cpf":"2632788242","bankname":"null","payBank":"","payCpf":"","pixkey":"92974000869","account":"358906350","status":"done","order":"A202508200059056689849QSbgM5FU"},"sign":"D11DE7737E645DDF64717612BF828118"}

【2025-08-20 22:49:11】
P2025082022484340923403935----提交：{"custId":"24120300001308","appId":"8241201350","order":"P2025082022484340923403935","sign":"1784BEBDFB9FFC46861D9C780F136277"}

【2025-08-20 22:49:11】
P2025082022484340923403935----返回：{"code":"000000","msg":"P2025082022484340923403935","data":{"date":"2025-08-20 22:48:47","eid":"E45756448202508210148wxGYFj9tOE2","amount":"20","name":"EFRAIM DOS SANTOS BATISTA","cpf":"10036348503","bankname":"null","payBank":"","payCpf":"","pixkey":"77998782518","account":"354408836","status":"done","order":"A20250820224844849523Pj34p9bgR"},"sign":"046C34F366E7C8D6D51A8489541F75B1"}

