【2025-08-20 15:32:40】
P2025081820385760337737808----提交：{"custId":"24120300001308","appId":"8241201350","order":"P2025081820385760337737808","sign":"A4F7A3CF980B80356314BB000B514FF5"}

【2025-08-20 15:32:40】
P2025081820385760337737808----返回：{"msg":"no voucher","code":"900003","data":"","sign":"2856F04258F0DA99937D18ED87965490"}

【2025-08-20 15:32:48】
P2025081820385760337737808----提交：{"custId":"24120300001308","appId":"8241201350","order":"P2025081820385760337737808","sign":"A4F7A3CF980B80356314BB000B514FF5"}

【2025-08-20 15:32:48】
P2025081820385760337737808----返回：{"msg":"no voucher","code":"900003","data":"","sign":"2856F04258F0DA99937D18ED87965490"}

【2025-08-20 15:33:40】
P2025081820385760337737808----提交：{"custId":"24120300001308","appId":"8241201350","order":"P2025081820385760337737808","sign":"A4F7A3CF980B80356314BB000B514FF5"}

【2025-08-20 15:33:41】
P2025081820385760337737808----返回：{"msg":"no voucher","code":"900003","data":"","sign":"2856F04258F0DA99937D18ED87965490"}

【2025-08-20 15:33:51】
P2025081820385760337737808----提交：{"custId":"24120300001308","appId":"8241201350","order":"P2025081820385760337737808","sign":"A4F7A3CF980B80356314BB000B514FF5"}

【2025-08-20 15:33:52】
P2025081820385760337737808----返回：{"msg":"no voucher","code":"900003","data":"","sign":"2856F04258F0DA99937D18ED87965490"}

【2025-08-20 15:35:18】
P2025081820385760337737808----提交：{"custId":"24120300001308","appId":"8241201350","order":"P2025081820385760337737808","sign":"A4F7A3CF980B80356314BB000B514FF5"}

【2025-08-20 15:35:18】
P2025081820385760337737808----返回：{"msg":"no voucher","code":"900003","data":"","sign":"2856F04258F0DA99937D18ED87965490"}

【2025-08-20 15:42:19】
P2025081915485729337534427----提交：{"custId":"24120300001308","appId":"8241201350","order":"P2025081915485729337534427","sign":"ED4CA6AFD94C83023EB4BEDF8BEC20E5"}

【2025-08-20 15:42:20】
P2025081915485729337534427----返回：{"code":"000000","msg":"P2025081915485729337534427","data":{"date":"2025-08-19 15:49:00","eid":"E3720544720250819184858206c239dc","amount":"250","name":"Leticia Nascimento Vera","cpf":"48249429850","bankname":"ORBION GAMING LTDA","payBank":"","payCpf":"","pixkey":"48249429850","account":"18236120","status":"done","order":"A20250819154857826153fnUfBRsuD"},"sign":"0B0279BD75DECC01971CA934C70293D9"}

【2025-08-20 15:42:21】
P2025081915485729337534427----提交：{"custId":"24120300001308","appId":"8241201350","order":"P2025081915485729337534427","sign":"ED4CA6AFD94C83023EB4BEDF8BEC20E5"}

【2025-08-20 15:42:22】
P2025081915485729337534427----返回：{"code":"000000","msg":"P2025081915485729337534427","data":{"date":"2025-08-19 15:49:00","eid":"E3720544720250819184858206c239dc","amount":"250","name":"Leticia Nascimento Vera","cpf":"48249429850","bankname":"ORBION GAMING LTDA","payBank":"","payCpf":"","pixkey":"48249429850","account":"18236120","status":"done","order":"A20250819154857826153fnUfBRsuD"},"sign":"0B0279BD75DECC01971CA934C70293D9"}

