【2025-08-20 00:12:52】
P2025081923082755707378906----提交：{"custId":"24120300001308","appId":"8241201350","order":"P2025081923082755707378906","sign":"C708BB1379F9318C2A3372FC7D19D57E"}

【2025-08-20 00:12:52】
P2025081923082755707378906----返回：{"code":"000000","msg":"P2025081923082755707378906","data":{"date":"2025-08-19 23:08:29","eid":"E45756448202508200208lyJojdH5jEW","amount":"20","name":"Alan Justo Alves","cpf":"51711532215","bankname":"null","payBank":"","payCpf":"","pixkey":"93991408608","account":"766395396","status":"done","order":"A202508192308279788687KBYWFwEk"},"sign":"1A0F83B6A7FEBB078E03B9475FE67D10"}

【2025-08-20 00:13:34】
P2025081923082755707378906----提交：{"custId":"24120300001308","appId":"8241201350","order":"P2025081923082755707378906","sign":"C708BB1379F9318C2A3372FC7D19D57E"}

【2025-08-20 00:13:34】
P2025081923082755707378906----返回：{"code":"000000","msg":"P2025081923082755707378906","data":{"date":"2025-08-19 23:08:29","eid":"E45756448202508200208lyJojdH5jEW","amount":"20","name":"Alan Justo Alves","cpf":"51711532215","bankname":"null","payBank":"","payCpf":"","pixkey":"93991408608","account":"766395396","status":"done","order":"A202508192308279788687KBYWFwEk"},"sign":"1A0F83B6A7FEBB078E03B9475FE67D10"}

【2025-08-20 00:13:35】
P2025081923220156521886993----提交：{"custId":"24120300001308","appId":"8241201350","order":"P2025081923220156521886993","sign":"FB08EFFE59AAD9591630FE8A80967F04"}

【2025-08-20 00:13:35】
P2025081923220156521886993----返回：{"code":"000000","msg":"P2025081923220156521886993","data":{"date":"2025-08-19 23:22:08","eid":"E372054472025082002220246867dd7c","amount":"53","name":"CELMA MARIA APRIGIO","cpf":"00748193723","bankname":"ORBION GAMING LTDA","payBank":"","payCpf":"","pixkey":"24992247199","account":"00360305","status":"done","order":"A20250819232201574122UBmY2jSgK"},"sign":"EEF7DAB2F2E7F7C89E8A266DE2FF5592"}

【2025-08-20 00:14:10】
P2025081923220156521886993----提交：{"custId":"24120300001308","appId":"8241201350","order":"P2025081923220156521886993","sign":"FB08EFFE59AAD9591630FE8A80967F04"}

【2025-08-20 00:14:10】
P2025081923220156521886993----返回：{"code":"000000","msg":"P2025081923220156521886993","data":{"date":"2025-08-19 23:22:08","eid":"E372054472025082002220246867dd7c","amount":"53","name":"CELMA MARIA APRIGIO","cpf":"00748193723","bankname":"ORBION GAMING LTDA","payBank":"","payCpf":"","pixkey":"24992247199","account":"00360305","status":"done","order":"A20250819232201574122UBmY2jSgK"},"sign":"EEF7DAB2F2E7F7C89E8A266DE2FF5592"}

【2025-08-20 00:33:26】
P2025082000292660566843812----提交：{"custId":"24120300001308","appId":"8241201350","order":"P2025082000292660566843812","sign":"D178EB9A6FD14A0ADD04EA8BC43F674D"}

【2025-08-20 00:33:26】
P2025082000292660566843812----返回：{"code":"000000","msg":"P2025082000292660566843812","data":{"date":"2025-08-20 00:33:13","eid":"E3720544720250820032927023f27083","amount":"20","name":"FABIA DOS SANTOS BEZERRA","cpf":"02603054562","bankname":"ORBION GAMING LTDA","payBank":"","payCpf":"","pixkey":"02603054562","account":"00360305","status":"done","order":"A20250820002926659697wnFHQzYqS"},"sign":"E2FB749368AD69B0EBE836C14B71E5FD"}

【2025-08-20 00:33:54】
P2025082000301460614368901----提交：{"custId":"24120300001308","appId":"8241201350","order":"P2025082000301460614368901","sign":"2EA92D6D98C6BD00A87AFCA2A68D62B5"}

【2025-08-20 00:33:54】
P2025082000301460614368901----返回：{"code":"000000","msg":"P2025082000301460614368901","data":{"date":"2025-08-20 00:33:52","eid":"E3720544720250820033014707f14eaa","amount":"300","name":"BRUNO MOTA OLIVEIRA","cpf":"99555247234","bankname":"ORBION GAMING LTDA","payBank":"","payCpf":"","pixkey":"99555247234","account":"90400888","status":"done","order":"A20250820003014875775FV1lLcBf4"},"sign":"A09770E5D02390DB42A6D07A9F1308D0"}

【2025-08-20 00:37:27】
P2025081922375053870131116----提交：{"custId":"24120300001308","appId":"8241201350","order":"P2025081922375053870131116","sign":"657A12A44FCFFBD3D5880F85CFAFF690"}

【2025-08-20 00:37:27】
P2025081922375053870131116----返回：{"code":"000000","msg":"P2025081922375053870131116","data":{"date":"2025-08-20 00:36:15","eid":"E45756448202508200336kx4vs0If1E2","amount":"45","name":"LIDIANE APARECIDA ALIPIO DE OLIVEIRA PEREIRA","cpf":"8575122690","bankname":"null","payBank":"","payCpf":"","pixkey":"08575122690","account":"230450377","status":"done","order":"A20250820003613096506tbVuNKqS9"},"sign":"ED62F475B2F17B910933EBC1EF48DD5D"}

【2025-08-20 00:41:41】
P2025081921534851228285985----提交：{"custId":"24120300001308","appId":"8241201350","order":"P2025081921534851228285985","sign":"1716C51621A1ED7B8BDA3F8AD0C175B8"}

【2025-08-20 00:41:42】
P2025081921534851228285985----返回：{"code":"000000","msg":"P2025081921534851228285985","data":{"date":"2025-08-19 21:53:51","eid":"E45756448202508200053zC98Tsqmkqz","amount":"60","name":"Vera Lúcia Fagundes Machado","cpf":"52828085015","bankname":"null","payBank":"","payCpf":"","pixkey":"53999591261","account":"778272351","status":"done","order":"A2025081921534879876999Qgb6jbq"},"sign":"EFAE71890AA34BF2C18DC6AAD079D831"}

【2025-08-20 00:44:00】
P2025081923381457494732108----提交：{"custId":"24120300001308","appId":"8241201350","order":"P2025081923381457494732108","sign":"B25F6D2BDF3FBCC079FDC6066E805329"}

【2025-08-20 00:44:00】
P2025081923381457494732108----返回：{"code":"000000","msg":"P2025081923381457494732108","data":{"date":"2025-08-19 23:38:18","eid":"E372054472025082002381437813ba04","amount":"15","name":"Ago Alimentos","cpf":"22243972000140","bankname":"ORBION GAMING LTDA","payBank":"","payCpf":"","pixkey":"21970461878","account":"18189547","status":"done","order":"A20250819233814043871Nc4LQRDUJ"},"sign":"504EE321F60042C2454D653CACAEE3E3"}

【2025-08-20 00:44:02】
P2025081923381457494732108----提交：{"custId":"24120300001308","appId":"8241201350","order":"P2025081923381457494732108","sign":"B25F6D2BDF3FBCC079FDC6066E805329"}

【2025-08-20 00:44:02】
P2025081923381457494732108----返回：{"code":"000000","msg":"P2025081923381457494732108","data":{"date":"2025-08-19 23:38:18","eid":"E372054472025082002381437813ba04","amount":"15","name":"Ago Alimentos","cpf":"22243972000140","bankname":"ORBION GAMING LTDA","payBank":"","payCpf":"","pixkey":"21970461878","account":"18189547","status":"done","order":"A20250819233814043871Nc4LQRDUJ"},"sign":"504EE321F60042C2454D653CACAEE3E3"}

【2025-08-20 00:48:36】
P2025082000473261652989469----提交：{"custId":"24120300001308","appId":"8241201350","order":"P2025082000473261652989469","sign":"6F745D2664F8DF73A58EB19E50EE64B5"}

【2025-08-20 00:48:36】
P2025082000473261652989469----返回：{"code":"000000","msg":"P2025082000473261652989469","data":{"date":"2025-08-20 00:47:35","eid":"E457564482025082003473IsG4nQdNUC","amount":"10","name":"RICARDO SOARES DE OLIVEIRA JUNIOR","cpf":"37894364886","bankname":"null","payBank":"","payCpf":"","pixkey":"37894364886","account":"269417879","status":"done","order":"A20250820004732777873Ikx9Gq8Uc"},"sign":"7BA8EB4EBCC0FE2CB4CAB06F3FB138AF"}

【2025-08-20 00:48:39】
P2025082000473261652989469----提交：{"custId":"24120300001308","appId":"8241201350","order":"P2025082000473261652989469","sign":"6F745D2664F8DF73A58EB19E50EE64B5"}

【2025-08-20 00:48:39】
P2025082000473261652989469----返回：{"code":"000000","msg":"P2025082000473261652989469","data":{"date":"2025-08-20 00:47:35","eid":"E457564482025082003473IsG4nQdNUC","amount":"10","name":"RICARDO SOARES DE OLIVEIRA JUNIOR","cpf":"37894364886","bankname":"null","payBank":"","payCpf":"","pixkey":"37894364886","account":"269417879","status":"done","order":"A20250820004732777873Ikx9Gq8Uc"},"sign":"7BA8EB4EBCC0FE2CB4CAB06F3FB138AF"}

