【2025-08-20 02:27:26】
P2025082002253067530951611----提交：{"custId":"24120300001308","appId":"8241201350","order":"P2025082002253067530951611","sign":"23ACB3499D624F54FC7A16210A17B8F1"}

【2025-08-20 02:27:26】
P2025082002253067530951611----返回：{"code":"000000","msg":"P2025082002253067530951611","data":{"date":"2025-08-20 02:25:32","eid":"E45756448202508200525BGDagTiPy0C","amount":"20","name":"Wanderson Salles De Souza ","cpf":"4533601650","bankname":"null","payBank":"","payCpf":"","pixkey":"04533601650","account":"212986147","status":"done","order":"A20250820022530444832vWRsJtnCK"},"sign":"CDC5D6C9449BAF6E9E06CF148C4A0B93"}

【2025-08-20 02:27:27】
P2025082002253067530951611----提交：{"custId":"24120300001308","appId":"8241201350","order":"P2025082002253067530951611","sign":"23ACB3499D624F54FC7A16210A17B8F1"}

【2025-08-20 02:27:27】
P2025082002253067530951611----返回：{"code":"000000","msg":"P2025082002253067530951611","data":{"date":"2025-08-20 02:25:32","eid":"E45756448202508200525BGDagTiPy0C","amount":"20","name":"Wanderson Salles De Souza ","cpf":"4533601650","bankname":"null","payBank":"","payCpf":"","pixkey":"04533601650","account":"212986147","status":"done","order":"A20250820022530444832vWRsJtnCK"},"sign":"CDC5D6C9449BAF6E9E06CF148C4A0B93"}

【2025-08-20 02:34:43】
P2025081819581657896908026----提交：{"custId":"24120300001308","appId":"8241201350","order":"P2025081819581657896908026","sign":"3748144BF7DF880D0A2EEB49550D2442"}

【2025-08-20 02:34:43】
P2025081819581657896908026----返回：{"code":"000000","msg":"P2025081819581657896908026","data":{"date":"2025-08-18 19:58:53","eid":"E45756448202508182258hT64R9b6pkC","amount":"15","name":"Emerson Matos Moraes","cpf":"7830086192","bankname":"null","payBank":"","payCpf":"","pixkey":"07830086192","account":"229598586","status":"done","order":"A20250818195817014105dePHnVxxC"},"sign":"84000884DC480E065303A0BD1EAAAF31"}

【2025-08-20 02:34:45】
P2025081819581657896908026----提交：{"custId":"24120300001308","appId":"8241201350","order":"P2025081819581657896908026","sign":"3748144BF7DF880D0A2EEB49550D2442"}

【2025-08-20 02:34:46】
P2025081819581657896908026----返回：{"code":"000000","msg":"P2025081819581657896908026","data":{"date":"2025-08-18 19:58:53","eid":"E45756448202508182258hT64R9b6pkC","amount":"15","name":"Emerson Matos Moraes","cpf":"7830086192","bankname":"null","payBank":"","payCpf":"","pixkey":"07830086192","account":"229598586","status":"done","order":"A20250818195817014105dePHnVxxC"},"sign":"84000884DC480E065303A0BD1EAAAF31"}

【2025-08-20 02:36:46】
P2025081819564657806556969----提交：{"custId":"24120300001308","appId":"8241201350","order":"P2025081819564657806556969","sign":"B5AF060BCDC898D2FEC22BBD29978BCB"}

【2025-08-20 02:36:46】
P2025081819564657806556969----返回：{"code":"000000","msg":"P2025081819564657806556969","data":{"date":"2025-08-18 19:57:19","eid":"E45756448202508182257GuefdJ9V90G","amount":"40","name":"Emerson Matos Moraes","cpf":"7830086192","bankname":"null","payBank":"","payCpf":"","pixkey":"07830086192","account":"229598586","status":"done","order":"A20250818195646385984aX2s85MBG"},"sign":"D7392A61BE8151E0C2D0AD96CB4ABB5E"}

【2025-08-20 02:36:47】
P2025081819564657806556969----提交：{"custId":"24120300001308","appId":"8241201350","order":"P2025081819564657806556969","sign":"B5AF060BCDC898D2FEC22BBD29978BCB"}

【2025-08-20 02:36:47】
P2025081819564657806556969----返回：{"code":"000000","msg":"P2025081819564657806556969","data":{"date":"2025-08-18 19:57:19","eid":"E45756448202508182257GuefdJ9V90G","amount":"40","name":"Emerson Matos Moraes","cpf":"7830086192","bankname":"null","payBank":"","payCpf":"","pixkey":"07830086192","account":"229598586","status":"done","order":"A20250818195646385984aX2s85MBG"},"sign":"D7392A61BE8151E0C2D0AD96CB4ABB5E"}

【2025-08-20 02:46:19】
P2025081820594961589581811----提交：{"custId":"24120300001308","appId":"8241201350","order":"P2025081820594961589581811","sign":"0C8374DCDE0F2E7478E408F8723C1734"}

【2025-08-20 02:46:19】
P2025081820594961589581811----返回：{"code":"000000","msg":"P2025081820594961589581811","data":{"date":"2025-08-18 20:59:53","eid":"E45756448202508182359wKye81ChEJz","amount":"100","name":"SIMONE PAULINO LOPES","cpf":"2876120151","bankname":"null","payBank":"","payCpf":"","pixkey":"02876120151","account":"20484398","status":"done","order":"A20250818205950660644w7GlZE2Xq"},"sign":"C983F87C02112C0604FF4470ADE1FC31"}

【2025-08-20 02:50:40】
P2025082002461868778075215----提交：{"custId":"24120300001308","appId":"8241201350","order":"P2025082002461868778075215","sign":"3E3F4515C1BC4335B49892872FE01277"}

【2025-08-20 02:50:40】
P2025082002461868778075215----返回：{"code":"000000","msg":"P2025082002461868778075215","data":{"date":"2025-08-20 02:46:21","eid":"E457564482025082005465qZ1VewziEy","amount":"1700","name":"Girlane Gomes Tomaz","cpf":"70566134462","bankname":"null","payBank":"","payCpf":"","pixkey":"70566134462","account":"161499718","status":"done","order":"A202508200246190261232GakuXWzL"},"sign":"F7619515331239E049A4D37D4A7F29C1"}

【2025-08-20 02:50:48】
P2025082002461868778075215----提交：{"custId":"24120300001308","appId":"8241201350","order":"P2025082002461868778075215","sign":"3E3F4515C1BC4335B49892872FE01277"}

【2025-08-20 02:50:48】
P2025082002461868778075215----返回：{"code":"000000","msg":"P2025082002461868778075215","data":{"date":"2025-08-20 02:46:21","eid":"E457564482025082005465qZ1VewziEy","amount":"1700","name":"Girlane Gomes Tomaz","cpf":"70566134462","bankname":"null","payBank":"","payCpf":"","pixkey":"70566134462","account":"161499718","status":"done","order":"A202508200246190261232GakuXWzL"},"sign":"F7619515331239E049A4D37D4A7F29C1"}

