【2025-08-20 05:23:38】
P2025082005232278202525609----提交：{"custId":"24120300001308","appId":"8241201350","order":"P2025082005232278202525609","sign":"C05FCB9936A5D8D0C022225D885426DD"}

【2025-08-20 05:23:38】
P2025082005232278202525609----返回：{"code":"000000","msg":"P2025082005232278202525609","data":{"date":"2025-08-20 05:23:25","eid":"E45756448202508200823GXKnh0ijuUC","amount":"4191","name":"MARCOS ANTONIO CASTRO CHIQUITE          ","cpf":"6119431900","bankname":"null","payBank":"","payCpf":"","pixkey":"06119431900","account":"808377","status":"done","order":"A20250820052322988126ErB4EuQhe"},"sign":"84ED7A23AB211E2F50C3E700494BF19F"}

【2025-08-20 05:23:41】
P2025082005232278202525609----提交：{"custId":"24120300001308","appId":"8241201350","order":"P2025082005232278202525609","sign":"C05FCB9936A5D8D0C022225D885426DD"}

【2025-08-20 05:23:41】
P2025082005232278202525609----返回：{"code":"000000","msg":"P2025082005232278202525609","data":{"date":"2025-08-20 05:23:25","eid":"E45756448202508200823GXKnh0ijuUC","amount":"4191","name":"MARCOS ANTONIO CASTRO CHIQUITE          ","cpf":"6119431900","bankname":"null","payBank":"","payCpf":"","pixkey":"06119431900","account":"808377","status":"done","order":"A20250820052322988126ErB4EuQhe"},"sign":"84ED7A23AB211E2F50C3E700494BF19F"}

【2025-08-20 05:41:14】
P2025081820385760337737808----提交：{"custId":"24120300001308","appId":"8241201350","order":"P2025081820385760337737808","sign":"A4F7A3CF980B80356314BB000B514FF5"}

【2025-08-20 05:41:14】
P2025081820385760337737808----返回：{"msg":"no voucher","code":"900003","data":"","sign":"2856F04258F0DA99937D18ED87965490"}

【2025-08-20 05:41:21】
P2025081820385760337737808----提交：{"custId":"24120300001308","appId":"8241201350","order":"P2025081820385760337737808","sign":"A4F7A3CF980B80356314BB000B514FF5"}

【2025-08-20 05:41:21】
P2025081820385760337737808----返回：{"msg":"no voucher","code":"900003","data":"","sign":"2856F04258F0DA99937D18ED87965490"}

【2025-08-20 05:42:04】
P2025081820385760337737808----提交：{"custId":"24120300001308","appId":"8241201350","order":"P2025081820385760337737808","sign":"A4F7A3CF980B80356314BB000B514FF5"}

【2025-08-20 05:42:04】
P2025081820385760337737808----返回：{"msg":"no voucher","code":"900003","data":"","sign":"2856F04258F0DA99937D18ED87965490"}

