【2025-08-20 01:17:01】
P2025082000295660596183407----提交：{"custId":"24120300001308","appId":"8241201350","order":"P2025082000295660596183407","sign":"D3DC87C68EF4581FC261FAAF4C54CCC7"}

【2025-08-20 01:17:01】
P2025082000295660596183407----返回：{"code":"000000","msg":"P2025082000295660596183407","data":{"date":"2025-08-20 00:30:48","eid":"E3720544720250820032957654e1b50b","amount":"30","name":"BRUNA RAIANE DE MOURA NUNES","cpf":"04760322027","bankname":"ORBION GAMING LTDA","payBank":"","payCpf":"","pixkey":"55996615676","account":"92702067","status":"done","order":"A20250820002956336683xJmDZXVBx"},"sign":"E596E951675B6F7946CBC44EE99B41F7"}

【2025-08-20 01:19:28】
P2025082000295660596183407----提交：{"custId":"24120300001308","appId":"8241201350","order":"P2025082000295660596183407","sign":"D3DC87C68EF4581FC261FAAF4C54CCC7"}

【2025-08-20 01:19:28】
P2025082000295660596183407----返回：{"code":"000000","msg":"P2025082000295660596183407","data":{"date":"2025-08-20 00:30:48","eid":"E3720544720250820032957654e1b50b","amount":"30","name":"BRUNA RAIANE DE MOURA NUNES","cpf":"04760322027","bankname":"ORBION GAMING LTDA","payBank":"","payCpf":"","pixkey":"55996615676","account":"92702067","status":"done","order":"A20250820002956336683xJmDZXVBx"},"sign":"E596E951675B6F7946CBC44EE99B41F7"}

【2025-08-20 01:21:10】
P2025082000295660596183407----提交：{"custId":"24120300001308","appId":"8241201350","order":"P2025082000295660596183407","sign":"D3DC87C68EF4581FC261FAAF4C54CCC7"}

【2025-08-20 01:21:10】
P2025082000295660596183407----返回：{"code":"000000","msg":"P2025082000295660596183407","data":{"date":"2025-08-20 00:30:48","eid":"E3720544720250820032957654e1b50b","amount":"30","name":"BRUNA RAIANE DE MOURA NUNES","cpf":"04760322027","bankname":"ORBION GAMING LTDA","payBank":"","payCpf":"","pixkey":"55996615676","account":"92702067","status":"done","order":"A20250820002956336683xJmDZXVBx"},"sign":"E596E951675B6F7946CBC44EE99B41F7"}

【2025-08-20 01:30:44】
P2025082001292564165913527----提交：{"custId":"24120300001308","appId":"8241201350","order":"P2025082001292564165913527","sign":"3ABB55F15FFCB7755EFC91C8973A659B"}

【2025-08-20 01:30:44】
P2025082001292564165913527----返回：{"code":"000000","msg":"P2025082001292564165913527","data":{"date":"2025-08-20 01:29:28","eid":"E45756448202508200429LGn7RB5JBki","amount":"32","name":"FLAVIA DOS SANTOS BARROS","cpf":"37520386830","bankname":"null","payBank":"","payCpf":"","pixkey":"11913746279","account":"263137120","status":"done","order":"A20250820012925547015TNzlNc1zE"},"sign":"8638901C202FB582156EB251B7C6F4DF"}

【2025-08-20 01:30:46】
P2025082001292564165913527----提交：{"custId":"24120300001308","appId":"8241201350","order":"P2025082001292564165913527","sign":"3ABB55F15FFCB7755EFC91C8973A659B"}

【2025-08-20 01:30:46】
P2025082001292564165913527----返回：{"code":"000000","msg":"P2025082001292564165913527","data":{"date":"2025-08-20 01:29:28","eid":"E45756448202508200429LGn7RB5JBki","amount":"32","name":"FLAVIA DOS SANTOS BARROS","cpf":"37520386830","bankname":"null","payBank":"","payCpf":"","pixkey":"11913746279","account":"263137120","status":"done","order":"A20250820012925547015TNzlNc1zE"},"sign":"8638901C202FB582156EB251B7C6F4DF"}

【2025-08-20 01:42:00】
P2025081922053251932714223----提交：{"custId":"24120300001308","appId":"8241201350","order":"P2025081922053251932714223","sign":"24D5CB27256BBEF7F204F470215CB899"}

【2025-08-20 01:42:00】
P2025081922053251932714223----返回：{"code":"000000","msg":"P2025081922053251932714223","data":{"date":"2025-08-20 01:41:41","eid":"E45756448202508200441UfUs3BFr5Ee","amount":"230","name":"THAINA PEREIRA DOS SANTOS","cpf":"46502506844","bankname":"null","payBank":"","payCpf":"","pixkey":"46502506844","account":"12880000007531331021","status":"done","order":"A20250820014138186106G8xUrALIG"},"sign":"0039621A5B54AFED3C9379E5C0B6829C"}

