【2025-08-20 20:00:39】
P2025081419352710927112531----提交：{"custId":"24120300001308","appId":"8241201350","order":"P2025081419352710927112531","sign":"9D3F1D5E15489CCC276D9DFC5470BB83"}

【2025-08-20 20:00:40】
P2025081419352710927112531----返回：{"code":"000000","msg":"P2025081419352710927112531","data":{"date":"2025-08-14 19:35:30","eid":"E3720544720250814223527539bf434f","amount":"120","name":"Rafael Conceição de Lima","cpf":"08990316251","bankname":"ORBION GAMING LTDA","payBank":"","payCpf":"","pixkey":"08990316251","account":"08561701","status":"done","order":"A20250814193527422304Zwhxh8tDQ"},"sign":"A91D5085D82C741BF8B5BCFF84F8AF0F"}

【2025-08-20 20:01:07】
P2025081419352710927112531----提交：{"custId":"24120300001308","appId":"8241201350","order":"P2025081419352710927112531","sign":"9D3F1D5E15489CCC276D9DFC5470BB83"}

【2025-08-20 20:01:07】
P2025081419352710927112531----返回：{"code":"000000","msg":"P2025081419352710927112531","data":{"date":"2025-08-14 19:35:30","eid":"E3720544720250814223527539bf434f","amount":"120","name":"Rafael Conceição de Lima","cpf":"08990316251","bankname":"ORBION GAMING LTDA","payBank":"","payCpf":"","pixkey":"08990316251","account":"08561701","status":"done","order":"A20250814193527422304Zwhxh8tDQ"},"sign":"A91D5085D82C741BF8B5BCFF84F8AF0F"}

【2025-08-20 20:20:42】
P2025082019421129731134165----提交：{"custId":"24120300001308","appId":"8241201350","order":"P2025082019421129731134165","sign":"61FDB3EF7104EEC2AEFE7A4E40548B62"}

【2025-08-20 20:20:43】
P2025082019421129731134165----返回：{"code":"000000","msg":"P2025082019421129731134165","data":{"date":"2025-08-20 19:42:14","eid":"E45756448202508202242qzgEzsGCaEW","amount":"50","name":"BARBARA BERTIZ GUTIERREZ","cpf":"82720185000","bankname":"null","payBank":"","payCpf":"","pixkey":"48996729587","account":"194574","status":"done","order":"A202508201942115161076mgFwvyGH"},"sign":"9252692D70C6F8025BB5FB815868A0C1"}

【2025-08-20 20:20:45】
P2025082019421129731134165----提交：{"custId":"24120300001308","appId":"8241201350","order":"P2025082019421129731134165","sign":"61FDB3EF7104EEC2AEFE7A4E40548B62"}

【2025-08-20 20:20:46】
P2025082019421129731134165----返回：{"code":"000000","msg":"P2025082019421129731134165","data":{"date":"2025-08-20 19:42:14","eid":"E45756448202508202242qzgEzsGCaEW","amount":"50","name":"BARBARA BERTIZ GUTIERREZ","cpf":"82720185000","bankname":"null","payBank":"","payCpf":"","pixkey":"48996729587","account":"194574","status":"done","order":"A202508201942115161076mgFwvyGH"},"sign":"9252692D70C6F8025BB5FB815868A0C1"}

【2025-08-20 20:22:26】
P2025082020094531385615169----提交：{"custId":"24120300001308","appId":"8241201350","order":"P2025082020094531385615169","sign":"54093B8A5FFD5C956169C0156538B0BF"}

【2025-08-20 20:22:26】
P2025082020094531385615169----返回：{"code":"000000","msg":"P2025082020094531385615169","data":{"date":"2025-08-20 20:09:48","eid":"E45756448202508202309y1RRmfzVUS4","amount":"30","name":"RENAN GOMES NETTO","cpf":"16194520736","bankname":"null","payBank":"","payCpf":"","pixkey":"21971059689","account":"12880000008694795114","status":"done","order":"A20250820200945209203VncDbtHrN"},"sign":"F4CA73E9AA41C82E82040590B8D23010"}

【2025-08-20 20:22:28】
P2025082020094531385615169----提交：{"custId":"24120300001308","appId":"8241201350","order":"P2025082020094531385615169","sign":"54093B8A5FFD5C956169C0156538B0BF"}

【2025-08-20 20:22:29】
P2025082020094531385615169----返回：{"code":"000000","msg":"P2025082020094531385615169","data":{"date":"2025-08-20 20:09:48","eid":"E45756448202508202309y1RRmfzVUS4","amount":"30","name":"RENAN GOMES NETTO","cpf":"16194520736","bankname":"null","payBank":"","payCpf":"","pixkey":"21971059689","account":"12880000008694795114","status":"done","order":"A20250820200945209203VncDbtHrN"},"sign":"F4CA73E9AA41C82E82040590B8D23010"}

【2025-08-20 20:22:32】
P2025082020094531385615169----提交：{"custId":"24120300001308","appId":"8241201350","order":"P2025082020094531385615169","sign":"54093B8A5FFD5C956169C0156538B0BF"}

【2025-08-20 20:22:33】
P2025082020094531385615169----返回：{"code":"000000","msg":"P2025082020094531385615169","data":{"date":"2025-08-20 20:09:48","eid":"E45756448202508202309y1RRmfzVUS4","amount":"30","name":"RENAN GOMES NETTO","cpf":"16194520736","bankname":"null","payBank":"","payCpf":"","pixkey":"21971059689","account":"12880000008694795114","status":"done","order":"A20250820200945209203VncDbtHrN"},"sign":"F4CA73E9AA41C82E82040590B8D23010"}

【2025-08-20 20:38:26】
P2025082020154931749848779----提交：{"custId":"24120300001308","appId":"8241201350","order":"P2025082020154931749848779","sign":"7724CE0317F1586AAC2A878696C55776"}

【2025-08-20 20:38:26】
P2025082020154931749848779----返回：{"code":"000000","msg":"P2025082020154931749848779","data":{"date":"2025-08-20 20:15:54","eid":"E3720544720250820231550798b81f3b","amount":"18","name":"RAFAEL COSTA DOS ANJOS NETO","cpf":"08847062578","bankname":"ORBION GAMING LTDA","payBank":"","payCpf":"","pixkey":"08847062578","account":"00360305","status":"done","order":"A20250820201550921761fLJTlDQZC"},"sign":"6499EC7D1F4CFF31644551BAA71B5BC9"}

【2025-08-20 20:38:29】
P2025082020154931749848779----提交：{"custId":"24120300001308","appId":"8241201350","order":"P2025082020154931749848779","sign":"7724CE0317F1586AAC2A878696C55776"}

【2025-08-20 20:38:29】
P2025082020154931749848779----返回：{"code":"000000","msg":"P2025082020154931749848779","data":{"date":"2025-08-20 20:15:54","eid":"E3720544720250820231550798b81f3b","amount":"18","name":"RAFAEL COSTA DOS ANJOS NETO","cpf":"08847062578","bankname":"ORBION GAMING LTDA","payBank":"","payCpf":"","pixkey":"08847062578","account":"00360305","status":"done","order":"A20250820201550921761fLJTlDQZC"},"sign":"6499EC7D1F4CFF31644551BAA71B5BC9"}

