【2025-08-20 18:13:59】
P2025082017481422894177469----提交：{"custId":"24120300001308","appId":"8241201350","order":"P2025082017481422894177469","sign":"8518099E5741978E962AA1850FA57F5D"}

【2025-08-20 18:13:59】
P2025082017481422894177469----返回：{"code":"000000","msg":"P2025082017481422894177469","data":{"date":"2025-08-20 17:48:21","eid":"E37205447202508202048147893dcb1c","amount":"70","name":"GIOVANNI ZUCARELI DE PAULA","cpf":"34519004837","bankname":"ORBION GAMING LTDA","payBank":"","payCpf":"","pixkey":"12988316104","account":"00360305","status":"done","order":"A20250820174814328255rKVCdDM8J"},"sign":"4379AB73BA7FAF2D89ABFF06EFABF432"}

【2025-08-20 18:14:13】
P2025082017481422894177469----提交：{"custId":"24120300001308","appId":"8241201350","order":"P2025082017481422894177469","sign":"8518099E5741978E962AA1850FA57F5D"}

【2025-08-20 18:14:13】
P2025082017481422894177469----返回：{"code":"000000","msg":"P2025082017481422894177469","data":{"date":"2025-08-20 17:48:21","eid":"E37205447202508202048147893dcb1c","amount":"70","name":"GIOVANNI ZUCARELI DE PAULA","cpf":"34519004837","bankname":"ORBION GAMING LTDA","payBank":"","payCpf":"","pixkey":"12988316104","account":"00360305","status":"done","order":"A20250820174814328255rKVCdDM8J"},"sign":"4379AB73BA7FAF2D89ABFF06EFABF432"}

【2025-08-20 18:51:01】
P2025081419315810718515038----提交：{"custId":"24120300001308","appId":"8241201350","order":"P2025081419315810718515038","sign":"E1937678ACABD35FB1598F80DE345A4F"}

【2025-08-20 18:51:01】
P2025081419315810718515038----返回：{"code":"000000","msg":"P2025081419315810718515038","data":{"date":"2025-08-14 19:32:05","eid":"E37205447202508142231593879a3c1d","amount":"30","name":"ALCIENE GOMES DA SILVA","cpf":"10532974751","bankname":"ORBION GAMING LTDA","payBank":"","payCpf":"","pixkey":"27988716347","account":"90608712","status":"done","order":"A20250814193158653297u2YVCA6pt"},"sign":"A3B5DE807DCDF2B41DE80E14FAA4692A"}

【2025-08-20 18:51:03】
P2025081419315810718515038----提交：{"custId":"24120300001308","appId":"8241201350","order":"P2025081419315810718515038","sign":"E1937678ACABD35FB1598F80DE345A4F"}

【2025-08-20 18:51:03】
P2025081419315810718515038----返回：{"code":"000000","msg":"P2025081419315810718515038","data":{"date":"2025-08-14 19:32:05","eid":"E37205447202508142231593879a3c1d","amount":"30","name":"ALCIENE GOMES DA SILVA","cpf":"10532974751","bankname":"ORBION GAMING LTDA","payBank":"","payCpf":"","pixkey":"27988716347","account":"90608712","status":"done","order":"A20250814193158653297u2YVCA6pt"},"sign":"A3B5DE807DCDF2B41DE80E14FAA4692A"}

【2025-08-20 18:56:33】
P2025081820371860238317929----提交：{"custId":"24120300001308","appId":"8241201350","order":"P2025081820371860238317929","sign":"AAA84E228BB21006EC4B060FDD76DCE7"}

【2025-08-20 18:56:33】
P2025081820371860238317929----返回：{"code":"000000","msg":"P2025081820371860238317929","data":{"date":"2025-08-18 20:37:27","eid":"E45756448202508182337zKjYpvPyv0e","amount":"50","name":"JESSICA MACIEL NOVACOSKI","cpf":"7369529932","bankname":"null","payBank":"","payCpf":"","pixkey":"07369529932","account":"56027915","status":"done","order":"A20250818203718644013XzHlqLrIu"},"sign":"FE946A9D2BFA79D502932C405CA91876"}

