【2025-08-20 21:23:47】
P2025082021211435674852461----提交：{"custId":"24120300001308","appId":"8241201350","order":"P2025082021211435674852461","sign":"1B39189C6FC25D01F73A47095B30FE1B"}

【2025-08-20 21:23:47】
P2025082021211435674852461----返回：{"code":"000000","msg":"P2025082021211435674852461","data":{"date":"2025-08-20 21:22:49","eid":"E3720544720250821002244711f0260f","amount":"45","name":"MAX RAFAEL DOS SANTOS SILVA","cpf":"05859804113","bankname":"ORBION GAMING LTDA","payBank":"","payCpf":"","pixkey":"05859804113","account":"16501555","status":"done","order":"A20250820212114764156TUUhseVHp"},"sign":"EDE8F1ECA8442AD4A09CB2A7E77ED1B0"}

【2025-08-20 21:23:54】
P2025082021203735637587835----提交：{"custId":"24120300001308","appId":"8241201350","order":"P2025082021203735637587835","sign":"A50A86E18A32FC8A0D03DE2279CDF694"}

【2025-08-20 21:23:54】
P2025082021203735637587835----返回：{"code":"000000","msg":"P2025082021203735637587835","data":{"date":"2025-08-20 21:22:24","eid":"E3720544720250821002210704b3475f","amount":"700","name":"Rodolfo Pereira da Silva","cpf":"38233721816","bankname":"ORBION GAMING LTDA","payBank":"","payCpf":"","pixkey":"38233721816","account":"10573521","status":"done","order":"A20250820212038289959VuMX5lLkL"},"sign":"829C7971685532DB130F7B64C6F3B1B4"}

【2025-08-20 21:24:23】
P2025082000590562345869743----提交：{"custId":"24120300001308","appId":"8241201350","order":"P2025082000590562345869743","sign":"EAFA950AB96C2151675D57C40DFF21A2"}

【2025-08-20 21:24:23】
P2025082000590562345869743----返回：{"code":"000000","msg":"P2025082000590562345869743","data":{"date":"2025-08-20 00:59:07","eid":"E45756448202508200359sfGwZ8jokUK","amount":"100","name":"SIMONE KEULHI MARTINS DA SILVA","cpf":"2632788242","bankname":"null","payBank":"","payCpf":"","pixkey":"92974000869","account":"358906350","status":"done","order":"A202508200059056689849QSbgM5FU"},"sign":"D11DE7737E645DDF64717612BF828118"}

【2025-08-20 21:24:30】
P2025082000590562345869743----提交：{"custId":"24120300001308","appId":"8241201350","order":"P2025082000590562345869743","sign":"EAFA950AB96C2151675D57C40DFF21A2"}

【2025-08-20 21:24:31】
P2025082000590562345869743----返回：{"code":"000000","msg":"P2025082000590562345869743","data":{"date":"2025-08-20 00:59:07","eid":"E45756448202508200359sfGwZ8jokUK","amount":"100","name":"SIMONE KEULHI MARTINS DA SILVA","cpf":"2632788242","bankname":"null","payBank":"","payCpf":"","pixkey":"92974000869","account":"358906350","status":"done","order":"A202508200059056689849QSbgM5FU"},"sign":"D11DE7737E645DDF64717612BF828118"}

【2025-08-20 21:27:42】
P2025082021235235832288832----提交：{"custId":"24120300001308","appId":"8241201350","order":"P2025082021235235832288832","sign":"2C7D37501A285D468473FD7880DB7E3A"}

【2025-08-20 21:27:42】
P2025082021235235832288832----返回：{"code":"000000","msg":"P2025082021235235832288832","data":{"date":"2025-08-20 21:26:36","eid":"E37205447202508210026341320cec49","amount":"8076.85","name":"Jose Domires Matos Gomes","cpf":"67408931520","bankname":"ORBION GAMING LTDA","payBank":"","payCpf":"","pixkey":"73981974286","account":"10573521","status":"done","order":"A20250820212403650070jUg3YlRld"},"sign":"A4FF11838A7724476D0D68202F8C36A9"}

【2025-08-20 21:27:46】
P2025082021235235832288832----提交：{"custId":"24120300001308","appId":"8241201350","order":"P2025082021235235832288832","sign":"2C7D37501A285D468473FD7880DB7E3A"}

【2025-08-20 21:27:47】
P2025082021235235832288832----返回：{"code":"000000","msg":"P2025082021235235832288832","data":{"date":"2025-08-20 21:26:36","eid":"E37205447202508210026341320cec49","amount":"8076.85","name":"Jose Domires Matos Gomes","cpf":"67408931520","bankname":"ORBION GAMING LTDA","payBank":"","payCpf":"","pixkey":"73981974286","account":"10573521","status":"done","order":"A20250820212403650070jUg3YlRld"},"sign":"A4FF11838A7724476D0D68202F8C36A9"}

【2025-08-20 21:28:33】
P2025082021175835478266295----提交：{"custId":"24120300001308","appId":"8241201350","order":"P2025082021175835478266295","sign":"C8367149EF4DEBE9D9191ABCF19D681B"}

【2025-08-20 21:28:34】
P2025082021175835478266295----返回：{"code":"000000","msg":"P2025082021175835478266295","data":{"date":"2025-08-20 21:18:30","eid":"E37205447202508210018247390432f6","amount":"92","name":"MARILIA NATALIA DA SILVA","cpf":"13000299785","bankname":"ORBION GAMING LTDA","payBank":"","payCpf":"","pixkey":"13000299785","account":"00360305","status":"done","order":"A20250820211758818458JYGIZHdSi"},"sign":"6053D35705434D6413140C57204FC031"}

【2025-08-20 21:28:37】
P2025082021175835478266295----提交：{"custId":"24120300001308","appId":"8241201350","order":"P2025082021175835478266295","sign":"C8367149EF4DEBE9D9191ABCF19D681B"}

【2025-08-20 21:28:38】
P2025082021175835478266295----返回：{"code":"000000","msg":"P2025082021175835478266295","data":{"date":"2025-08-20 21:18:30","eid":"E37205447202508210018247390432f6","amount":"92","name":"MARILIA NATALIA DA SILVA","cpf":"13000299785","bankname":"ORBION GAMING LTDA","payBank":"","payCpf":"","pixkey":"13000299785","account":"00360305","status":"done","order":"A20250820211758818458JYGIZHdSi"},"sign":"6053D35705434D6413140C57204FC031"}

【2025-08-20 21:28:41】
P2025082021254335943164164----提交：{"custId":"24120300001308","appId":"8241201350","order":"P2025082021254335943164164","sign":"A13138913012F66A88A637BDDE3A80CD"}

【2025-08-20 21:28:42】
P2025082021254335943164164----返回：{"code":"000000","msg":"P2025082021254335943164164","data":{"date":"2025-08-20 21:27:50","eid":"E372054472025082100274781012e052","amount":"30","name":"Eulenice Nascimento Dos Santos","cpf":"01031901205","bankname":"ORBION GAMING LTDA","payBank":"","payCpf":"","pixkey":"01031901205","account":"22896431","status":"done","order":"A20250820212544700939xhwsex2Fm"},"sign":"FD55782EEF003E6791B2817FCD833899"}

【2025-08-20 21:28:44】
P2025082021254335943164164----提交：{"custId":"24120300001308","appId":"8241201350","order":"P2025082021254335943164164","sign":"A13138913012F66A88A637BDDE3A80CD"}

【2025-08-20 21:28:44】
P2025082021254335943164164----返回：{"code":"000000","msg":"P2025082021254335943164164","data":{"date":"2025-08-20 21:27:50","eid":"E372054472025082100274781012e052","amount":"30","name":"Eulenice Nascimento Dos Santos","cpf":"01031901205","bankname":"ORBION GAMING LTDA","payBank":"","payCpf":"","pixkey":"01031901205","account":"22896431","status":"done","order":"A20250820212544700939xhwsex2Fm"},"sign":"FD55782EEF003E6791B2817FCD833899"}

【2025-08-20 21:33:08】
P2025082021300036200724585----提交：{"custId":"24120300001308","appId":"8241201350","order":"P2025082021300036200724585","sign":"94375DD7DB8A3724236A71429A8D6B68"}

【2025-08-20 21:33:08】
P2025082021300036200724585----返回：{"code":"000000","msg":"P2025082021300036200724585","data":{"date":"2025-08-20 21:30:05","eid":"E45756448202508210030XYewD05eUOr","amount":"80","name":"FRANCISCO JAILTON SOARES DA SILVA","cpf":"4760961380","bankname":"null","payBank":"","payCpf":"","pixkey":"04760961380","account":"182345620","status":"done","order":"A20250820213000438203J5VQ2nQ8d"},"sign":"D16EE86AD5957459413C04284189AA76"}

【2025-08-20 21:33:10】
P2025082021300036200724585----提交：{"custId":"24120300001308","appId":"8241201350","order":"P2025082021300036200724585","sign":"94375DD7DB8A3724236A71429A8D6B68"}

【2025-08-20 21:33:10】
P2025082021300036200724585----返回：{"code":"000000","msg":"P2025082021300036200724585","data":{"date":"2025-08-20 21:30:05","eid":"E45756448202508210030XYewD05eUOr","amount":"80","name":"FRANCISCO JAILTON SOARES DA SILVA","cpf":"4760961380","bankname":"null","payBank":"","payCpf":"","pixkey":"04760961380","account":"182345620","status":"done","order":"A20250820213000438203J5VQ2nQ8d"},"sign":"D16EE86AD5957459413C04284189AA76"}

【2025-08-20 21:46:32】
P2025082021355036550874645----提交：{"custId":"24120300001308","appId":"8241201350","order":"P2025082021355036550874645","sign":"03E6FFA4DE9B524F494000CDA6DA824E"}

【2025-08-20 21:46:33】
P2025082021355036550874645----返回：{"code":"000000","msg":"P2025082021355036550874645","data":{"date":"2025-08-20 21:35:54","eid":"E45756448202508210035uMOtyy2zkEi","amount":"300","name":"Elismar Lima da Silva","cpf":"1243989106","bankname":"null","payBank":"","payCpf":"","pixkey":"01243989106","account":"671211407","status":"done","order":"A20250820213551335709mFrNUziz1"},"sign":"EEE262B89A0566B9D68C795AD2432591"}

【2025-08-20 21:46:35】
P2025082021355036550874645----提交：{"custId":"24120300001308","appId":"8241201350","order":"P2025082021355036550874645","sign":"03E6FFA4DE9B524F494000CDA6DA824E"}

【2025-08-20 21:46:35】
P2025082021355036550874645----返回：{"code":"000000","msg":"P2025082021355036550874645","data":{"date":"2025-08-20 21:35:54","eid":"E45756448202508210035uMOtyy2zkEi","amount":"300","name":"Elismar Lima da Silva","cpf":"1243989106","bankname":"null","payBank":"","payCpf":"","pixkey":"01243989106","account":"671211407","status":"done","order":"A20250820213551335709mFrNUziz1"},"sign":"EEE262B89A0566B9D68C795AD2432591"}

【2025-08-20 21:46:35】
P2025082021355036550874645----提交：{"custId":"24120300001308","appId":"8241201350","order":"P2025082021355036550874645","sign":"03E6FFA4DE9B524F494000CDA6DA824E"}

【2025-08-20 21:46:36】
P2025082021355036550874645----返回：{"code":"000000","msg":"P2025082021355036550874645","data":{"date":"2025-08-20 21:35:54","eid":"E45756448202508210035uMOtyy2zkEi","amount":"300","name":"Elismar Lima da Silva","cpf":"1243989106","bankname":"null","payBank":"","payCpf":"","pixkey":"01243989106","account":"671211407","status":"done","order":"A20250820213551335709mFrNUziz1"},"sign":"EEE262B89A0566B9D68C795AD2432591"}

【2025-08-20 21:47:48】
P2025081922053451934838906----提交：{"custId":"24120300001308","appId":"8241201350","order":"P2025081922053451934838906","sign":"3B5AEE4C07C464EC510BA492460E5EDF"}

【2025-08-20 21:47:48】
P2025081922053451934838906----返回：{"code":"000000","msg":"P2025081922053451934838906","data":{"date":"2025-08-19 22:05:38","eid":"E45756448202508200105upJsOoc9UUa","amount":"40","name":"MARIANE DE VICENTE","cpf":"80206020970","bankname":"null","payBank":"","payCpf":"","pixkey":"80206020970","account":"320188","status":"done","order":"A202508192205358550224FNaayiDK"},"sign":"E1B60BA7E4A9F18C1D35F302BAF26062"}

【2025-08-20 21:51:47】
P2025082021391836758267671----提交：{"custId":"24120300001308","appId":"8241201350","order":"P2025082021391836758267671","sign":"9EAF8FF013C1C19530C3C2BFC8DF9350"}

【2025-08-20 21:51:48】
P2025082021391836758267671----返回：{"code":"000000","msg":"P2025082021391836758267671","data":{"date":"2025-08-20 21:39:22","eid":"E45756448202508210039vLTSTpQ2gEa","amount":"20","name":"GISLANIA SOUSA DO NASCIMENTO","cpf":"8281888318","bankname":"null","payBank":"","payCpf":"","pixkey":"19993316064","account":"1004269340","status":"done","order":"A20250820213919023965tdbEIh1hJ"},"sign":"EB21D623B819E5B5FAFC3A66B41FCB4A"}

【2025-08-20 21:54:09】
P2025082021391836758267671----提交：{"custId":"24120300001308","appId":"8241201350","order":"P2025082021391836758267671","sign":"9EAF8FF013C1C19530C3C2BFC8DF9350"}

【2025-08-20 21:54:09】
P2025082021391836758267671----返回：{"code":"000000","msg":"P2025082021391836758267671","data":{"date":"2025-08-20 21:39:22","eid":"E45756448202508210039vLTSTpQ2gEa","amount":"20","name":"GISLANIA SOUSA DO NASCIMENTO","cpf":"8281888318","bankname":"null","payBank":"","payCpf":"","pixkey":"19993316064","account":"1004269340","status":"done","order":"A20250820213919023965tdbEIh1hJ"},"sign":"EB21D623B819E5B5FAFC3A66B41FCB4A"}

【2025-08-20 21:54:10】
P2025082021391836758267671----提交：{"custId":"24120300001308","appId":"8241201350","order":"P2025082021391836758267671","sign":"9EAF8FF013C1C19530C3C2BFC8DF9350"}

【2025-08-20 21:54:11】
P2025082021391836758267671----返回：{"code":"000000","msg":"P2025082021391836758267671","data":{"date":"2025-08-20 21:39:22","eid":"E45756448202508210039vLTSTpQ2gEa","amount":"20","name":"GISLANIA SOUSA DO NASCIMENTO","cpf":"8281888318","bankname":"null","payBank":"","payCpf":"","pixkey":"19993316064","account":"1004269340","status":"done","order":"A20250820213919023965tdbEIh1hJ"},"sign":"EB21D623B819E5B5FAFC3A66B41FCB4A"}

