【2025-08-20 08:03:31】
P2025082007482086900738209----提交：{"custId":"24120300001308","appId":"8241201350","order":"P2025082007482086900738209","sign":"D60119C0E839517307ED92419D1BA457"}

【2025-08-20 08:03:31】
P2025082007482086900738209----返回：{"code":"000000","msg":"P2025082007482086900738209","data":{"date":"2025-08-20 07:48:23","eid":"E45756448202508201048S2FqkDYFAEW","amount":"50","name":"DEISE DE SOUZA BRITO","cpf":"33366126833","bankname":"null","payBank":"","payCpf":"","pixkey":"19996701373","account":"42815","status":"done","order":"A202508200748204758063tUrqk5kB"},"sign":"09AD09C34DC967E76329D1CE5089D4DC"}

【2025-08-20 08:03:34】
P2025082007482086900738209----提交：{"custId":"24120300001308","appId":"8241201350","order":"P2025082007482086900738209","sign":"D60119C0E839517307ED92419D1BA457"}

【2025-08-20 08:03:34】
P2025082007482086900738209----返回：{"code":"000000","msg":"P2025082007482086900738209","data":{"date":"2025-08-20 07:48:23","eid":"E45756448202508201048S2FqkDYFAEW","amount":"50","name":"DEISE DE SOUZA BRITO","cpf":"33366126833","bankname":"null","payBank":"","payCpf":"","pixkey":"19996701373","account":"42815","status":"done","order":"A202508200748204758063tUrqk5kB"},"sign":"09AD09C34DC967E76329D1CE5089D4DC"}

【2025-08-20 08:05:55】
P2025081922043951879022995----提交：{"custId":"24120300001308","appId":"8241201350","order":"P2025081922043951879022995","sign":"60B29FDF582D61D3BE073E8F98D35490"}

【2025-08-20 08:05:55】
P2025081922043951879022995----返回：{"code":"000000","msg":"P2025081922043951879022995","data":{"date":"2025-08-19 22:04:43","eid":"E45756448202508200104JmBvujJvk0q","amount":"400","name":"MURILLO RIBEIRO TEIXEIRA ALVES","cpf":"46063586881","bankname":"null","payBank":"","payCpf":"","pixkey":"46063586881","account":"214116","status":"done","order":"A20250819220440503884IJUCiSUeF"},"sign":"B1DD61C21A82F054446994439AEBD814"}

【2025-08-20 08:05:56】
P2025081922043951879022995----提交：{"custId":"24120300001308","appId":"8241201350","order":"P2025081922043951879022995","sign":"60B29FDF582D61D3BE073E8F98D35490"}

【2025-08-20 08:05:57】
P2025081922043951879022995----返回：{"code":"000000","msg":"P2025081922043951879022995","data":{"date":"2025-08-19 22:04:43","eid":"E45756448202508200104JmBvujJvk0q","amount":"400","name":"MURILLO RIBEIRO TEIXEIRA ALVES","cpf":"46063586881","bankname":"null","payBank":"","payCpf":"","pixkey":"46063586881","account":"214116","status":"done","order":"A20250819220440503884IJUCiSUeF"},"sign":"B1DD61C21A82F054446994439AEBD814"}

【2025-08-20 08:13:52】
P2025082006330482384893024----提交：{"custId":"24120300001308","appId":"8241201350","order":"P2025082006330482384893024","sign":"52909EAD3AE6C10A4C67AB39F0CA245A"}

【2025-08-20 08:13:52】
P2025082006330482384893024----返回：{"code":"000000","msg":"P2025082006330482384893024","data":{"date":"2025-08-20 06:33:07","eid":"E45756448202508200933bDc6eN1ta0C","amount":"30","name":"SIMONEA SUBTIL BROMONSCHENKEL","cpf":"3505996700","bankname":"null","payBank":"","payCpf":"","pixkey":"27999847027","account":"4357388","status":"done","order":"A20250820063304661998SbdGZ7dMf"},"sign":"C74062D17CFBA9A475FCBFD9F579C39F"}

【2025-08-20 08:14:21】
P2025082006330482384893024----提交：{"custId":"24120300001308","appId":"8241201350","order":"P2025082006330482384893024","sign":"52909EAD3AE6C10A4C67AB39F0CA245A"}

【2025-08-20 08:14:21】
P2025082006330482384893024----返回：{"code":"000000","msg":"P2025082006330482384893024","data":{"date":"2025-08-20 06:33:07","eid":"E45756448202508200933bDc6eN1ta0C","amount":"30","name":"SIMONEA SUBTIL BROMONSCHENKEL","cpf":"3505996700","bankname":"null","payBank":"","payCpf":"","pixkey":"27999847027","account":"4357388","status":"done","order":"A20250820063304661998SbdGZ7dMf"},"sign":"C74062D17CFBA9A475FCBFD9F579C39F"}

【2025-08-20 08:24:35】
P2025082000550162101734762----提交：{"custId":"24120300001308","appId":"8241201350","order":"P2025082000550162101734762","sign":"6F643E4DCEDD6B471949AB5F9D717B71"}

【2025-08-20 08:24:35】
P2025082000550162101734762----返回：{"code":"000000","msg":"P2025082000550162101734762","data":{"date":"2025-08-20 00:55:04","eid":"E457564482025082003556gccwOb02Um","amount":"50","name":"CLEIDE VIEIRA COUTINHO","cpf":"9334675756","bankname":"null","payBank":"","payCpf":"","pixkey":"27997928344","account":"258908","status":"done","order":"A20250820005501608666Sn9P4DQ9T"},"sign":"D8F229E30F65D59532511CB57ED7675B"}

【2025-08-20 08:24:37】
P2025082000550162101734762----提交：{"custId":"24120300001308","appId":"8241201350","order":"P2025082000550162101734762","sign":"6F643E4DCEDD6B471949AB5F9D717B71"}

【2025-08-20 08:24:37】
P2025082000550162101734762----返回：{"code":"000000","msg":"P2025082000550162101734762","data":{"date":"2025-08-20 00:55:04","eid":"E457564482025082003556gccwOb02Um","amount":"50","name":"CLEIDE VIEIRA COUTINHO","cpf":"9334675756","bankname":"null","payBank":"","payCpf":"","pixkey":"27997928344","account":"258908","status":"done","order":"A20250820005501608666Sn9P4DQ9T"},"sign":"D8F229E30F65D59532511CB57ED7675B"}

【2025-08-20 08:24:57】
P2025082007442386663155519----提交：{"custId":"24120300001308","appId":"8241201350","order":"P2025082007442386663155519","sign":"0F16985A3B1A8C2326F089491093C87B"}

【2025-08-20 08:24:57】
P2025082007442386663155519----返回：{"code":"000000","msg":"P2025082007442386663155519","data":{"date":"2025-08-20 07:44:25","eid":"E45756448202508201044NrrGLSfjLUq","amount":"20","name":"Taina Roberta Lemes da Silva","cpf":"17299529769","bankname":"null","payBank":"","payCpf":"","pixkey":"21983954853","account":"75542136303","status":"done","order":"A20250820074423980211xCWP4ZhaW"},"sign":"9FF990191E0715EF8B82B5750D9D9F30"}

【2025-08-20 08:25:57】
P2025082007442386663155519----提交：{"custId":"24120300001308","appId":"8241201350","order":"P2025082007442386663155519","sign":"0F16985A3B1A8C2326F089491093C87B"}

【2025-08-20 08:25:57】
P2025082007442386663155519----返回：{"code":"000000","msg":"P2025082007442386663155519","data":{"date":"2025-08-20 07:44:25","eid":"E45756448202508201044NrrGLSfjLUq","amount":"20","name":"Taina Roberta Lemes da Silva","cpf":"17299529769","bankname":"null","payBank":"","payCpf":"","pixkey":"21983954853","account":"75542136303","status":"done","order":"A20250820074423980211xCWP4ZhaW"},"sign":"9FF990191E0715EF8B82B5750D9D9F30"}

【2025-08-20 08:33:10】
P2025082000421861338243217----提交：{"custId":"24120300001308","appId":"8241201350","order":"P2025082000421861338243217","sign":"925FDB669186AE78BD420E299F269F94"}

【2025-08-20 08:33:10】
P2025082000421861338243217----返回：{"code":"000000","msg":"P2025082000421861338243217","data":{"date":"2025-08-20 00:42:21","eid":"E45756448202508200342KRyJdq1M0dT","amount":"100","name":"LUCIENE APARECIDA DA SILVA","cpf":"6435693676","bankname":"null","payBank":"","payCpf":"","pixkey":"34988890704","account":"10699775","status":"done","order":"A20250820004218283095Xsa6GdGaW"},"sign":"3801FE8267522DE18B0E564033E343F5"}

【2025-08-20 08:38:51】
P2025082000421861338243217----提交：{"custId":"24120300001308","appId":"8241201350","order":"P2025082000421861338243217","sign":"925FDB669186AE78BD420E299F269F94"}

【2025-08-20 08:38:51】
P2025082000421861338243217----返回：{"code":"000000","msg":"P2025082000421861338243217","data":{"date":"2025-08-20 00:42:21","eid":"E45756448202508200342KRyJdq1M0dT","amount":"100","name":"LUCIENE APARECIDA DA SILVA","cpf":"6435693676","bankname":"null","payBank":"","payCpf":"","pixkey":"34988890704","account":"10699775","status":"done","order":"A20250820004218283095Xsa6GdGaW"},"sign":"3801FE8267522DE18B0E564033E343F5"}

【2025-08-20 08:45:37】
P2025081712140343643509492----提交：{"custId":"24120300001308","appId":"8241201350","order":"P2025081712140343643509492","sign":"82C0C936F7C2B85F5C8F19A1AF8AA32A"}

【2025-08-20 08:45:37】
P2025081906125494774575306----提交：{"custId":"24120300001308","appId":"8241201350","order":"P2025081906125494774575306","sign":"061213290A960B2EB6D64EECA42A6F41"}

【2025-08-20 08:45:37】
P2025081906125494774575306----返回：{"code":"000000","msg":"P2025081906125494774575306","data":{"date":"2025-08-19 06:12:57","eid":"E37205447202508190912551924c521b","amount":"35","name":"Luana Sant Ana Couto","cpf":"08052307775","bankname":"ORBION GAMING LTDA","payBank":"","payCpf":"","pixkey":"Santanaluana@hotmail.com","account":"18236120","status":"done","order":"A20250819061255560398PWjekIrLm"},"sign":"0294E1FE829091A2103FD74E87D043BF"}

【2025-08-20 08:45:37】
P2025081712140343643509492----返回：{"code":"000000","msg":"P2025081712140343643509492","data":{"date":"2025-08-17 12:14:07","eid":"E372054472025081715140345023589e","amount":"200","name":"GLEISON FERREIRA NEVES","cpf":"04879443999","bankname":"ORBION GAMING LTDA","payBank":"","payCpf":"","pixkey":"04879443999","account":"00000000","status":"done","order":"A20250817121403383646h7RDylPQQ"},"sign":"BC04228476702EF77ECDB468EBEC86BF"}

【2025-08-20 08:45:40】
P2025081801305791457083251----提交：{"custId":"24120300001308","appId":"8241201350","order":"P2025081801305791457083251","sign":"95F569545345120F0E6951A1F82E87DA"}

【2025-08-20 08:45:40】
P2025081801305791457083251----返回：{"code":"000000","msg":"P2025081801305791457083251","data":{"date":"2025-08-18 01:35:07","eid":"E45756448202508180435PM6J7mZ8y0q","amount":"100","name":"JECIANE PEREIRA SILVA","cpf":"62991414332","bankname":"null","payBank":"","payCpf":"","pixkey":"+5562981818400","account":"270012877","status":"done","order":"A20250818013501677503mBilRQCFe"},"sign":"1ED85AE460F1142E6E520EBAB1845828"}

【2025-08-20 08:46:42】
P2025081922400854008647177----提交：{"custId":"24120300001308","appId":"8241201350","order":"P2025081922400854008647177","sign":"081A7D5838FA0E464662405A88C76642"}

【2025-08-20 08:46:42】
P2025081922400854008647177----返回：{"code":"000000","msg":"P2025081922400854008647177","data":{"date":"2025-08-19 22:40:12","eid":"E45756448202508200140HavHcKTJHEO","amount":"569","name":"IRISVAN FREITAS DE SOUSA","cpf":"25315815889","bankname":"null","payBank":"","payCpf":"","pixkey":"25315815889","account":"118148890","status":"done","order":"A20250819224009037733Rmu1uFxr6"},"sign":"63B2964996FB08DC459177A4B87DF3A6"}

【2025-08-20 08:46:44】
P2025081922400854008647177----提交：{"custId":"24120300001308","appId":"8241201350","order":"P2025081922400854008647177","sign":"081A7D5838FA0E464662405A88C76642"}

【2025-08-20 08:46:44】
P2025081922400854008647177----返回：{"code":"000000","msg":"P2025081922400854008647177","data":{"date":"2025-08-19 22:40:12","eid":"E45756448202508200140HavHcKTJHEO","amount":"569","name":"IRISVAN FREITAS DE SOUSA","cpf":"25315815889","bankname":"null","payBank":"","payCpf":"","pixkey":"25315815889","account":"118148890","status":"done","order":"A20250819224009037733Rmu1uFxr6"},"sign":"63B2964996FB08DC459177A4B87DF3A6"}

【2025-08-20 08:52:33】
P2025081522151706917995701----提交：{"custId":"24120300001308","appId":"8241201350","order":"P2025081522151706917995701","sign":"34CC24090F37A4BB48E893B8F20302D4"}

【2025-08-20 08:52:33】
P2025081522151706917995701----返回：{"code":"000000","msg":"P2025081522151706917995701","data":{"date":"2025-08-15 22:15:24","eid":"E45756448202508160115bfl7cHbXNEm","amount":"400","name":"DIOGO SILVA DAS NEVES","cpf":"44118442817","bankname":"null","payBank":"","payCpf":"","pixkey":"44118442817","account":"866748296","status":"done","order":"A20250815221517594348mhtNGgIUM"},"sign":"D8B7E7385D279AFE4DBAC0A5FCD3396D"}

【2025-08-20 08:52:36】
P2025081522151706917995701----提交：{"custId":"24120300001308","appId":"8241201350","order":"P2025081522151706917995701","sign":"34CC24090F37A4BB48E893B8F20302D4"}

【2025-08-20 08:52:36】
P2025081522151706917995701----返回：{"code":"000000","msg":"P2025081522151706917995701","data":{"date":"2025-08-15 22:15:24","eid":"E45756448202508160115bfl7cHbXNEm","amount":"400","name":"DIOGO SILVA DAS NEVES","cpf":"44118442817","bankname":"null","payBank":"","payCpf":"","pixkey":"44118442817","account":"866748296","status":"done","order":"A20250815221517594348mhtNGgIUM"},"sign":"D8B7E7385D279AFE4DBAC0A5FCD3396D"}

【2025-08-20 08:53:22】
P2025081521170403424265395----提交：{"custId":"24120300001308","appId":"8241201350","order":"P2025081521170403424265395","sign":"D7549C0525F103EEC9749FFB8FD9F200"}

【2025-08-20 08:53:22】
P2025081521170403424265395----返回：{"code":"000000","msg":"P2025081521170403424265395","data":{"date":"2025-08-15 21:17:10","eid":"E45756448202508160017c3GTEK51EGb","amount":"1000","name":"DIOGO SILVA DAS NEVES","cpf":"44118442817","bankname":"null","payBank":"","payCpf":"","pixkey":"44118442817","account":"866748296","status":"done","order":"A20250815211705303572eAr6bNhHw"},"sign":"C5C74F7E1935D3ACB36420391863AA16"}

【2025-08-20 08:53:24】
P2025081521170403424265395----提交：{"custId":"24120300001308","appId":"8241201350","order":"P2025081521170403424265395","sign":"D7549C0525F103EEC9749FFB8FD9F200"}

【2025-08-20 08:53:24】
P2025081521170403424265395----返回：{"code":"000000","msg":"P2025081521170403424265395","data":{"date":"2025-08-15 21:17:10","eid":"E45756448202508160017c3GTEK51EGb","amount":"1000","name":"DIOGO SILVA DAS NEVES","cpf":"44118442817","bankname":"null","payBank":"","payCpf":"","pixkey":"44118442817","account":"866748296","status":"done","order":"A20250815211705303572eAr6bNhHw"},"sign":"C5C74F7E1935D3ACB36420391863AA16"}

【2025-08-20 08:53:49】
P2025081520061999179915423----提交：{"custId":"24120300001308","appId":"8241201350","order":"P2025081520061999179915423","sign":"34E8535B7E4E5BFCBEB1E616D303A894"}

【2025-08-20 08:53:49】
P2025081520061999179915423----返回：{"code":"000000","msg":"P2025081520061999179915423","data":{"date":"2025-08-15 20:06:24","eid":"E37205447202508152306207717371f2","amount":"2451","name":"DIOGO SILVA DAS NEVES","cpf":"44118442817","bankname":"ORBION GAMING LTDA","payBank":"","payCpf":"","pixkey":"44118442817","account":"22896431","status":"done","order":"A20250815200620327063c9lZiCnPc"},"sign":"0651BBDCD379B6FA396B71459B6104C5"}

【2025-08-20 08:53:50】
P2025081520061999179915423----提交：{"custId":"24120300001308","appId":"8241201350","order":"P2025081520061999179915423","sign":"34E8535B7E4E5BFCBEB1E616D303A894"}

【2025-08-20 08:53:51】
P2025081520061999179915423----返回：{"code":"000000","msg":"P2025081520061999179915423","data":{"date":"2025-08-15 20:06:24","eid":"E37205447202508152306207717371f2","amount":"2451","name":"DIOGO SILVA DAS NEVES","cpf":"44118442817","bankname":"ORBION GAMING LTDA","payBank":"","payCpf":"","pixkey":"44118442817","account":"22896431","status":"done","order":"A20250815200620327063c9lZiCnPc"},"sign":"0651BBDCD379B6FA396B71459B6104C5"}

