【2025-08-20 07:02:22】
P2025082006380482684103077----提交：{"custId":"24120300001308","appId":"8241201350","order":"P2025082006380482684103077","sign":"C756BDB86C4E7E5376531712CA4A9921"}

【2025-08-20 07:02:22】
P2025082006380482684103077----返回：{"code":"000000","msg":"P2025082006380482684103077","data":{"date":"2025-08-20 06:38:07","eid":"E457564482025082009383wlqWHx3u0K","amount":"50","name":"GILDENICE FRANCISCA DA SILVA","cpf":"1989954588","bankname":"null","payBank":"","payCpf":"","pixkey":"77998234100","account":"6742","status":"done","order":"A20250820063804271042hUCqwdX9I"},"sign":"BBE9C7F0BA55374CB7F728B20742832D"}

【2025-08-20 07:02:25】
P2025082006380482684103077----提交：{"custId":"24120300001308","appId":"8241201350","order":"P2025082006380482684103077","sign":"C756BDB86C4E7E5376531712CA4A9921"}

【2025-08-20 07:02:25】
P2025082006380482684103077----返回：{"code":"000000","msg":"P2025082006380482684103077","data":{"date":"2025-08-20 06:38:07","eid":"E457564482025082009383wlqWHx3u0K","amount":"50","name":"GILDENICE FRANCISCA DA SILVA","cpf":"1989954588","bankname":"null","payBank":"","payCpf":"","pixkey":"77998234100","account":"6742","status":"done","order":"A20250820063804271042hUCqwdX9I"},"sign":"BBE9C7F0BA55374CB7F728B20742832D"}

【2025-08-20 07:05:40】
P2025081922493354573222565----提交：{"custId":"24120300001308","appId":"8241201350","order":"P2025081922493354573222565","sign":"9C742A9A3D7C1E9F87C37D22C8373F14"}

【2025-08-20 07:05:40】
P2025081922493354573222565----返回：{"code":"000000","msg":"P2025081922493354573222565","data":{"date":"2025-08-19 22:49:35","eid":"E45756448202508200149RGM4NvsSHUK","amount":"40","name":"CARLOS ALEXANDRE RIBEIRO","cpf":"5876505676","bankname":"null","payBank":"","payCpf":"","pixkey":"35998181153","account":"20089397","status":"done","order":"A20250819224933756245W3mSd9EIx"},"sign":"132AEB088D420FCE89B68AA17CCEBCB3"}

【2025-08-20 07:06:29】
P2025081922493354573222565----提交：{"custId":"24120300001308","appId":"8241201350","order":"P2025081922493354573222565","sign":"9C742A9A3D7C1E9F87C37D22C8373F14"}

【2025-08-20 07:06:29】
P2025081922493354573222565----返回：{"code":"000000","msg":"P2025081922493354573222565","data":{"date":"2025-08-19 22:49:35","eid":"E45756448202508200149RGM4NvsSHUK","amount":"40","name":"CARLOS ALEXANDRE RIBEIRO","cpf":"5876505676","bankname":"null","payBank":"","payCpf":"","pixkey":"35998181153","account":"20089397","status":"done","order":"A20250819224933756245W3mSd9EIx"},"sign":"132AEB088D420FCE89B68AA17CCEBCB3"}

【2025-08-20 07:09:59】
P2025082006475483274614849----提交：{"custId":"24120300001308","appId":"8241201350","order":"P2025082006475483274614849","sign":"FA92D0C7B3747F6386334BDBC427AD0C"}

【2025-08-20 07:09:59】
P2025082006475483274614849----返回：{"code":"000000","msg":"P2025082006475483274614849","data":{"date":"2025-08-20 06:47:57","eid":"E457564482025082009472rsoz2hFo0a","amount":"40","name":"JANDEISE DA SILVA JESUS","cpf":"4217804440","bankname":"null","payBank":"","payCpf":"","pixkey":"81991233042","account":"116022337","status":"done","order":"A20250820064754461090s3wQPsAts"},"sign":"B50514B878BB5B67BE7C7350F299D091"}

【2025-08-20 07:10:02】
P2025082006475483274614849----提交：{"custId":"24120300001308","appId":"8241201350","order":"P2025082006475483274614849","sign":"FA92D0C7B3747F6386334BDBC427AD0C"}

【2025-08-20 07:10:02】
P2025082006475483274614849----返回：{"code":"000000","msg":"P2025082006475483274614849","data":{"date":"2025-08-20 06:47:57","eid":"E457564482025082009472rsoz2hFo0a","amount":"40","name":"JANDEISE DA SILVA JESUS","cpf":"4217804440","bankname":"null","payBank":"","payCpf":"","pixkey":"81991233042","account":"116022337","status":"done","order":"A20250820064754461090s3wQPsAts"},"sign":"B50514B878BB5B67BE7C7350F299D091"}

【2025-08-20 07:14:10】
P2025081820234359423392320----提交：{"custId":"24120300001308","appId":"8241201350","order":"P2025081820234359423392320","sign":"B833C2C86C3D1DDB821A0E1518EB6542"}

【2025-08-20 07:14:10】
P2025081820234359423392320----返回：{"code":"000000","msg":"P2025081820234359423392320","data":{"date":"2025-08-18 20:23:48","eid":"E45756448202508182323PC50lHxrmE6","amount":"50","name":"tania madalena tavares de matos","cpf":"77214749220","bankname":"null","payBank":"","payCpf":"","pixkey":"77214749220","account":"147260210","status":"done","order":"A20250818202343866916B5xsdTcjV"},"sign":"B56D7A580EF42B126C1E74F54A6B8BB0"}

【2025-08-20 07:33:52】
P2025081820215859318335140----提交：{"custId":"24120300001308","appId":"8241201350","order":"P2025081820215859318335140","sign":"5052DA58B2C16772DC09004EEF95D3A5"}

【2025-08-20 07:33:52】
P2025081820215859318335140----返回：{"code":"000000","msg":"P2025081820215859318335140","data":{"date":"2025-08-18 20:22:04","eid":"E45756448202508182322fGIko4xIE2v","amount":"40","name":"Valmir Araújo cassimiro","cpf":"18559657800","bankname":"null","payBank":"","payCpf":"","pixkey":"18559657800","account":"14323646","status":"done","order":"A20250818202159093856bZ63a85Bi"},"sign":"05BD3B0DB880EB1C5EDF677D1F3F3A53"}

【2025-08-20 07:34:19】
P2025081919525343973734754----提交：{"custId":"24120300001308","appId":"8241201350","order":"P2025081919525343973734754","sign":"C643D57DCE187816323F893A8F553CDD"}

【2025-08-20 07:34:19】
P2025081919525343973734754----返回：{"code":"000000","msg":"P2025081919525343973734754","data":{"date":"2025-08-19 19:52:58","eid":"E3720544720250819225254462070439","amount":"100","name":"GIZELE CASTRO RIBEIRO","cpf":"05050092264","bankname":"ORBION GAMING LTDA","payBank":"","payCpf":"","pixkey":"05050092264","account":"22896431","status":"done","order":"A20250819195253430331IxT8WAk8z"},"sign":"B3B0B634E87A518531514C201710CE0A"}

【2025-08-20 07:44:41】
P2025081918535840438457361----提交：{"custId":"24120300001308","appId":"8241201350","order":"P2025081918535840438457361","sign":"3E3A7F7EED5EADE169C6A31FDDD8D0A0"}

【2025-08-20 07:44:41】
P2025081918535840438457361----返回：{"code":"000000","msg":"P2025081918535840438457361","data":{"date":"2025-08-19 18:54:06","eid":"E3720544720250819215358955f8c8a8","amount":"50","name":"WEBERT DE SOUZA SANTOS","cpf":"10726814555","bankname":"ORBION GAMING LTDA","payBank":"","payCpf":"","pixkey":"19981093294","account":"60701190","status":"done","order":"A20250819185358365803t4SECg8E8"},"sign":"F9AFEDA842A4F6362F85C69988341872"}

【2025-08-20 07:45:19】
P2025081918535840438457361----提交：{"custId":"24120300001308","appId":"8241201350","order":"P2025081918535840438457361","sign":"3E3A7F7EED5EADE169C6A31FDDD8D0A0"}

【2025-08-20 07:45:20】
P2025081918535840438457361----返回：{"code":"000000","msg":"P2025081918535840438457361","data":{"date":"2025-08-19 18:54:06","eid":"E3720544720250819215358955f8c8a8","amount":"50","name":"WEBERT DE SOUZA SANTOS","cpf":"10726814555","bankname":"ORBION GAMING LTDA","payBank":"","payCpf":"","pixkey":"19981093294","account":"60701190","status":"done","order":"A20250819185358365803t4SECg8E8"},"sign":"F9AFEDA842A4F6362F85C69988341872"}

【2025-08-20 07:46:16】
P2025082007445486694233260----提交：{"custId":"24120300001308","appId":"8241201350","order":"P2025082007445486694233260","sign":"3F8FA31FF708C0F98FC3A3AAD7AC3762"}

【2025-08-20 07:46:16】
P2025082007445486694233260----返回：{"code":"000000","msg":"P2025082007445486694233260","data":{"date":"2025-08-20 07:44:57","eid":"E45756448202508201044Oq1Pzapf9EK","amount":"20","name":"JAQUELINE LUCIA HENRIQUE","cpf":"9206335790","bankname":"null","payBank":"","payCpf":"","pixkey":"21995626989","account":"12880000009627698194","status":"done","order":"A20250820074454519054u7p8iquzg"},"sign":"E1E6746187B6D47A976B4DAB5E415728"}

【2025-08-20 07:46:18】
P2025082007445486694233260----提交：{"custId":"24120300001308","appId":"8241201350","order":"P2025082007445486694233260","sign":"3F8FA31FF708C0F98FC3A3AAD7AC3762"}

【2025-08-20 07:46:18】
P2025082007445486694233260----返回：{"code":"000000","msg":"P2025082007445486694233260","data":{"date":"2025-08-20 07:44:57","eid":"E45756448202508201044Oq1Pzapf9EK","amount":"20","name":"JAQUELINE LUCIA HENRIQUE","cpf":"9206335790","bankname":"null","payBank":"","payCpf":"","pixkey":"21995626989","account":"12880000009627698194","status":"done","order":"A20250820074454519054u7p8iquzg"},"sign":"E1E6746187B6D47A976B4DAB5E415728"}

【2025-08-20 07:46:19】
P2025082007445486694233260----提交：{"custId":"24120300001308","appId":"8241201350","order":"P2025082007445486694233260","sign":"3F8FA31FF708C0F98FC3A3AAD7AC3762"}

【2025-08-20 07:46:19】
P2025082007445486694233260----返回：{"code":"000000","msg":"P2025082007445486694233260","data":{"date":"2025-08-20 07:44:57","eid":"E45756448202508201044Oq1Pzapf9EK","amount":"20","name":"JAQUELINE LUCIA HENRIQUE","cpf":"9206335790","bankname":"null","payBank":"","payCpf":"","pixkey":"21995626989","account":"12880000009627698194","status":"done","order":"A20250820074454519054u7p8iquzg"},"sign":"E1E6746187B6D47A976B4DAB5E415728"}

【2025-08-20 07:52:29】
P2025082003294771387217897----提交：{"custId":"24120300001308","appId":"8241201350","order":"P2025082003294771387217897","sign":"7B8B2716D888A35FD4D73BF52576A84E"}

【2025-08-20 07:52:29】
P2025082003294771387217897----返回：{"code":"000000","msg":"P2025082003294771387217897","data":{"date":"2025-08-20 03:29:49","eid":"E45756448202508200629oOsjQyRihkm","amount":"103","name":"Paulo Eugênio rosa da Silva","cpf":"580789675","bankname":"null","payBank":"","payCpf":"","pixkey":"35992010704","account":"445901713","status":"done","order":"A20250820032947673433ShZsbIJuV"},"sign":"A79AD8F232DE135EB669A2390EA78716"}

【2025-08-20 07:52:49】
P2025082003294771387217897----提交：{"custId":"24120300001308","appId":"8241201350","order":"P2025082003294771387217897","sign":"7B8B2716D888A35FD4D73BF52576A84E"}

【2025-08-20 07:52:49】
P2025082003294771387217897----返回：{"code":"000000","msg":"P2025082003294771387217897","data":{"date":"2025-08-20 03:29:49","eid":"E45756448202508200629oOsjQyRihkm","amount":"103","name":"Paulo Eugênio rosa da Silva","cpf":"580789675","bankname":"null","payBank":"","payCpf":"","pixkey":"35992010704","account":"445901713","status":"done","order":"A20250820032947673433ShZsbIJuV"},"sign":"A79AD8F232DE135EB669A2390EA78716"}

【2025-08-20 07:53:50】
P2025082007514487104691787----提交：{"custId":"24120300001308","appId":"8241201350","order":"P2025082007514487104691787","sign":"F67C319884A8D703711E10C6E7990B05"}

【2025-08-20 07:53:51】
P2025082007514487104691787----返回：{"code":"000000","msg":"P2025082007514487104691787","data":{"date":"2025-08-20 07:51:47","eid":"E4575644820250820105115FozJqZyEC","amount":"180","name":"Maicon de jesus","cpf":"44345770858","bankname":"null","payBank":"","payCpf":"","pixkey":"44345770858","account":"174984211","status":"done","order":"A202508200751446329171BXnEdt6t"},"sign":"3CA0ED44966F3BA57C643544C72E8384"}

【2025-08-20 07:53:53】
P2025082007514487104691787----提交：{"custId":"24120300001308","appId":"8241201350","order":"P2025082007514487104691787","sign":"F67C319884A8D703711E10C6E7990B05"}

【2025-08-20 07:53:53】
P2025082007514487104691787----返回：{"code":"000000","msg":"P2025082007514487104691787","data":{"date":"2025-08-20 07:51:47","eid":"E4575644820250820105115FozJqZyEC","amount":"180","name":"Maicon de jesus","cpf":"44345770858","bankname":"null","payBank":"","payCpf":"","pixkey":"44345770858","account":"174984211","status":"done","order":"A202508200751446329171BXnEdt6t"},"sign":"3CA0ED44966F3BA57C643544C72E8384"}

