【2025-08-20 09:06:08】
P2025082008363089790359009----提交：{"custId":"24120300001308","appId":"8241201350","order":"P2025082008363089790359009","sign":"186EDCD75A7C120501B8923F1F509BF0"}

【2025-08-20 09:06:09】
P2025082008363089790359009----返回：{"code":"000000","msg":"P2025082008363089790359009","data":{"date":"2025-08-20 08:36:33","eid":"E37205447202508201136308498d3c08","amount":"20","name":"THIAGO CANDIDO DE SOUZA","cpf":"04942435110","bankname":"ORBION GAMING LTDA","payBank":"","payCpf":"","pixkey":"65999388656","account":"00000000","status":"done","order":"A20250820083630979943eIgXujyTI"},"sign":"E5D196AD4129C6054739CE31FF7C4F03"}

【2025-08-20 09:06:12】
P2025082008363089790359009----提交：{"custId":"24120300001308","appId":"8241201350","order":"P2025082008363089790359009","sign":"186EDCD75A7C120501B8923F1F509BF0"}

【2025-08-20 09:06:12】
P2025082008363089790359009----返回：{"code":"000000","msg":"P2025082008363089790359009","data":{"date":"2025-08-20 08:36:33","eid":"E37205447202508201136308498d3c08","amount":"20","name":"THIAGO CANDIDO DE SOUZA","cpf":"04942435110","bankname":"ORBION GAMING LTDA","payBank":"","payCpf":"","pixkey":"65999388656","account":"00000000","status":"done","order":"A20250820083630979943eIgXujyTI"},"sign":"E5D196AD4129C6054739CE31FF7C4F03"}

【2025-08-20 09:06:13】
P2025082008363089790359009----提交：{"custId":"24120300001308","appId":"8241201350","order":"P2025082008363089790359009","sign":"186EDCD75A7C120501B8923F1F509BF0"}

【2025-08-20 09:06:13】
P2025082008363089790359009----返回：{"code":"000000","msg":"P2025082008363089790359009","data":{"date":"2025-08-20 08:36:33","eid":"E37205447202508201136308498d3c08","amount":"20","name":"THIAGO CANDIDO DE SOUZA","cpf":"04942435110","bankname":"ORBION GAMING LTDA","payBank":"","payCpf":"","pixkey":"65999388656","account":"00000000","status":"done","order":"A20250820083630979943eIgXujyTI"},"sign":"E5D196AD4129C6054739CE31FF7C4F03"}

【2025-08-20 09:17:55】
P2025081819274456064411005----提交：{"custId":"24120300001308","appId":"8241201350","order":"P2025081819274456064411005","sign":"FFC8614A271A00FC4BFB8E3B8B656F70"}

【2025-08-20 09:17:55】
P2025081819274456064411005----返回：{"code":"000000","msg":"P2025081819274456064411005","data":{"date":"2025-08-18 19:27:49","eid":"E45756448202508182227QBBHvYjbuUm","amount":"20","name":"Layane Dias Almeida","cpf":"10828517282","bankname":"null","payBank":"","payCpf":"","pixkey":"10828517282","account":"797950417","status":"done","order":"A20250818192745360676czdwCtUAI"},"sign":"95CBAC4510BF99867B011203CE06381D"}

【2025-08-20 09:17:59】
P2025081819274456064411005----提交：{"custId":"24120300001308","appId":"8241201350","order":"P2025081819274456064411005","sign":"FFC8614A271A00FC4BFB8E3B8B656F70"}

【2025-08-20 09:17:59】
P2025081819274456064411005----返回：{"code":"000000","msg":"P2025081819274456064411005","data":{"date":"2025-08-18 19:27:49","eid":"E45756448202508182227QBBHvYjbuUm","amount":"20","name":"Layane Dias Almeida","cpf":"10828517282","bankname":"null","payBank":"","payCpf":"","pixkey":"10828517282","account":"797950417","status":"done","order":"A20250818192745360676czdwCtUAI"},"sign":"95CBAC4510BF99867B011203CE06381D"}

【2025-08-20 09:28:23】
P2025082006225281772529392----提交：{"custId":"24120300001308","appId":"8241201350","order":"P2025082006225281772529392","sign":"E83F3149E46D5722ED7E7C3DE6375C45"}

【2025-08-20 09:28:23】
P2025082006225281772529392----返回：{"code":"000000","msg":"P2025082006225281772529392","data":{"date":"2025-08-20 06:22:55","eid":"E45756448202508200922UpW0R3i5fkq","amount":"80","name":"REGINA MARA ANTUNES MENDONCA","cpf":"23090192837","bankname":"null","payBank":"","payCpf":"","pixkey":"19987322668","account":"10065900","status":"done","order":"A20250820062252168753dWkIaakDj"},"sign":"B637E190E262DA34EE9185C8D345A76D"}

【2025-08-20 09:28:50】
P2025081922400854008647177----提交：{"custId":"24120300001308","appId":"8241201350","order":"P2025081922400854008647177","sign":"081A7D5838FA0E464662405A88C76642"}

【2025-08-20 09:28:51】
P2025081922400854008647177----返回：{"code":"000000","msg":"P2025081922400854008647177","data":{"date":"2025-08-19 22:40:12","eid":"E45756448202508200140HavHcKTJHEO","amount":"569","name":"IRISVAN FREITAS DE SOUSA","cpf":"25315815889","bankname":"null","payBank":"","payCpf":"","pixkey":"25315815889","account":"118148890","status":"done","order":"A20250819224009037733Rmu1uFxr6"},"sign":"63B2964996FB08DC459177A4B87DF3A6"}

【2025-08-20 09:28:54】
P2025082006225281772529392----提交：{"custId":"24120300001308","appId":"8241201350","order":"P2025082006225281772529392","sign":"E83F3149E46D5722ED7E7C3DE6375C45"}

【2025-08-20 09:28:54】
P2025082006225281772529392----返回：{"code":"000000","msg":"P2025082006225281772529392","data":{"date":"2025-08-20 06:22:55","eid":"E45756448202508200922UpW0R3i5fkq","amount":"80","name":"REGINA MARA ANTUNES MENDONCA","cpf":"23090192837","bankname":"null","payBank":"","payCpf":"","pixkey":"19987322668","account":"10065900","status":"done","order":"A20250820062252168753dWkIaakDj"},"sign":"B637E190E262DA34EE9185C8D345A76D"}

【2025-08-20 09:49:55】
P2025082007295685796414288----提交：{"custId":"24120300001308","appId":"8241201350","order":"P2025082007295685796414288","sign":"A0BA98AC6558303E667AF1EEAA809CF3"}

【2025-08-20 09:49:55】
P2025082007295685796414288----返回：{"code":"000000","msg":"P2025082007295685796414288","data":{"date":"2025-08-20 07:29:59","eid":"E45756448202508201029MWPGlk2oLUW","amount":"100","name":"Priscila Germana Dourado","cpf":"35790363865","bankname":"null","payBank":"","payCpf":"","pixkey":"11911850192","account":"53250998150","status":"done","order":"A20250820072956591923EmpWCeLy7"},"sign":"0D82068F38EFF0963B339693D05043B1"}

【2025-08-20 09:50:39】
P2025082007295685796414288----提交：{"custId":"24120300001308","appId":"8241201350","order":"P2025082007295685796414288","sign":"A0BA98AC6558303E667AF1EEAA809CF3"}

【2025-08-20 09:50:39】
P2025082007295685796414288----返回：{"code":"000000","msg":"P2025082007295685796414288","data":{"date":"2025-08-20 07:29:59","eid":"E45756448202508201029MWPGlk2oLUW","amount":"100","name":"Priscila Germana Dourado","cpf":"35790363865","bankname":"null","payBank":"","payCpf":"","pixkey":"11911850192","account":"53250998150","status":"done","order":"A20250820072956591923EmpWCeLy7"},"sign":"0D82068F38EFF0963B339693D05043B1"}

【2025-08-20 09:53:15】
P2025082009491194151218809----提交：{"custId":"24120300001308","appId":"8241201350","order":"P2025082009491194151218809","sign":"FB262D557E892A6B789CB695E5B1AF3D"}

【2025-08-20 09:53:15】
P2025082009491194151218809----返回：{"code":"000000","msg":"P2025082009491194151218809","data":{"date":"2025-08-20 09:50:31","eid":"E372054472025082012491230078ee22","amount":"303","name":"MARCIO DOS SANTOS","cpf":"82682550568","bankname":"ORBION GAMING LTDA","payBank":"","payCpf":"","pixkey":"82682550568","account":"00000000","status":"done","order":"A20250820094912199496jNK7niigi"},"sign":"6FDD7E621AB28F54D33D1DB1C76CA3BB"}

【2025-08-20 09:53:39】
P2025082009455493954709891----提交：{"custId":"24120300001308","appId":"8241201350","order":"P2025082009455493954709891","sign":"715DF2AEF727DC9AA9BBD1324BD67FE9"}

【2025-08-20 09:53:39】
P2025082009455493954709891----返回：{"code":"000000","msg":"P2025082009455493954709891","data":{"date":"2025-08-20 09:52:44","eid":"E37205447202508201245543043ab3e5","amount":"50","name":"JENNIFFER CRISTINA AIRES DE OLIVEIRA","cpf":"38151029870","bankname":"ORBION GAMING LTDA","payBank":"","payCpf":"","pixkey":"38151029870","account":"60701190","status":"done","order":"A20250820094554133006SdQF6TSEU"},"sign":"FD74F479D7B8BF7112C59656EAB55190"}

【2025-08-20 09:53:42】
P2025082009491194151218809----提交：{"custId":"24120300001308","appId":"8241201350","order":"P2025082009491194151218809","sign":"FB262D557E892A6B789CB695E5B1AF3D"}

【2025-08-20 09:53:42】
P2025082009491194151218809----返回：{"code":"000000","msg":"P2025082009491194151218809","data":{"date":"2025-08-20 09:50:31","eid":"E372054472025082012491230078ee22","amount":"303","name":"MARCIO DOS SANTOS","cpf":"82682550568","bankname":"ORBION GAMING LTDA","payBank":"","payCpf":"","pixkey":"82682550568","account":"00000000","status":"done","order":"A20250820094912199496jNK7niigi"},"sign":"6FDD7E621AB28F54D33D1DB1C76CA3BB"}

【2025-08-20 09:54:08】
P2025082009455493954709891----提交：{"custId":"24120300001308","appId":"8241201350","order":"P2025082009455493954709891","sign":"715DF2AEF727DC9AA9BBD1324BD67FE9"}

【2025-08-20 09:54:08】
P2025082009455493954709891----返回：{"code":"000000","msg":"P2025082009455493954709891","data":{"date":"2025-08-20 09:52:44","eid":"E37205447202508201245543043ab3e5","amount":"50","name":"JENNIFFER CRISTINA AIRES DE OLIVEIRA","cpf":"38151029870","bankname":"ORBION GAMING LTDA","payBank":"","payCpf":"","pixkey":"38151029870","account":"60701190","status":"done","order":"A20250820094554133006SdQF6TSEU"},"sign":"FD74F479D7B8BF7112C59656EAB55190"}

【2025-08-20 09:54:17】
P2025082009455493954709891----提交：{"custId":"24120300001308","appId":"8241201350","order":"P2025082009455493954709891","sign":"715DF2AEF727DC9AA9BBD1324BD67FE9"}

【2025-08-20 09:54:17】
P2025082009455493954709891----返回：{"code":"000000","msg":"P2025082009455493954709891","data":{"date":"2025-08-20 09:52:44","eid":"E37205447202508201245543043ab3e5","amount":"50","name":"JENNIFFER CRISTINA AIRES DE OLIVEIRA","cpf":"38151029870","bankname":"ORBION GAMING LTDA","payBank":"","payCpf":"","pixkey":"38151029870","account":"60701190","status":"done","order":"A20250820094554133006SdQF6TSEU"},"sign":"FD74F479D7B8BF7112C59656EAB55190"}

