【2025-08-20 14:02:29】
P2025081919062541185401123----提交：{"custId":"24120300001308","appId":"8241201350","order":"P2025081919062541185401123","sign":"2D9EE638A107E75F08DBE200BD22E8C0"}

【2025-08-20 14:02:30】
P2025081919062541185401123----返回：{"code":"000000","msg":"P2025081919062541185401123","data":{"date":"2025-08-19 19:07:06","eid":"E372054472025081922070334046ae41","amount":"200","name":"Tamili Azevedo Aquino","cpf":"05068006289","bankname":"ORBION GAMING LTDA","payBank":"","payCpf":"","pixkey":"05068006289","account":"18236120","status":"done","order":"A20250819190702339949GF5bSZxGW"},"sign":"B021830B71116DFAF03510B279072CC6"}

【2025-08-20 14:02:32】
P2025081919062541185401123----提交：{"custId":"24120300001308","appId":"8241201350","order":"P2025081919062541185401123","sign":"2D9EE638A107E75F08DBE200BD22E8C0"}

【2025-08-20 14:02:32】
P2025081919062541185401123----返回：{"code":"000000","msg":"P2025081919062541185401123","data":{"date":"2025-08-19 19:07:06","eid":"E372054472025081922070334046ae41","amount":"200","name":"Tamili Azevedo Aquino","cpf":"05068006289","bankname":"ORBION GAMING LTDA","payBank":"","payCpf":"","pixkey":"05068006289","account":"18236120","status":"done","order":"A20250819190702339949GF5bSZxGW"},"sign":"B021830B71116DFAF03510B279072CC6"}

【2025-08-20 14:11:52】
P2025081921275749677353244----提交：{"custId":"24120300001308","appId":"8241201350","order":"P2025081921275749677353244","sign":"73E9404218BA70DF973D7BE36E5A90A2"}

【2025-08-20 14:11:52】
P2025081921275749677353244----返回：{"code":"000000","msg":"P2025081921275749677353244","data":{"date":"2025-08-19 21:28:01","eid":"E457564482025082000279O3julmA6Ue","amount":"75","name":"NELSON DE ALMEIDA CORREA","cpf":"416701752","bankname":"null","payBank":"","payCpf":"","pixkey":"00416701752","account":"12880000009653478619","status":"done","order":"A202508192127585769574rbnCMVZ2"},"sign":"83A5A2E191D958322ED4CA4B3B8EAFF7"}

【2025-08-20 14:13:50】
P2025081921275749677353244----提交：{"custId":"24120300001308","appId":"8241201350","order":"P2025081921275749677353244","sign":"73E9404218BA70DF973D7BE36E5A90A2"}

【2025-08-20 14:13:50】
P2025081921275749677353244----返回：{"code":"000000","msg":"P2025081921275749677353244","data":{"date":"2025-08-19 21:28:01","eid":"E457564482025082000279O3julmA6Ue","amount":"75","name":"NELSON DE ALMEIDA CORREA","cpf":"416701752","bankname":"null","payBank":"","payCpf":"","pixkey":"00416701752","account":"12880000009653478619","status":"done","order":"A202508192127585769574rbnCMVZ2"},"sign":"83A5A2E191D958322ED4CA4B3B8EAFF7"}

【2025-08-20 14:19:06】
P2025081906223995359635513----提交：{"custId":"24120300001308","appId":"8241201350","order":"P2025081906223995359635513","sign":"294572450F9770AFD3904D90029D66C5"}

【2025-08-20 14:19:07】
P2025081906223995359635513----返回：{"code":"000000","msg":"P2025081906223995359635513","data":{"date":"2025-08-19 06:22:42","eid":"E3720544720250819092239626d95e55","amount":"37","name":"BEATRIZ DA SILVA","cpf":"47822843818","bankname":"ORBION GAMING LTDA","payBank":"","payCpf":"","pixkey":"47822843818","account":"24313102","status":"done","order":"A20250819062239970022Slz8sAAhq"},"sign":"68B2264C6696167DAEB42004EF35E06C"}

【2025-08-20 14:26:50】
P2025081906192495164639733----提交：{"custId":"24120300001308","appId":"8241201350","order":"P2025081906192495164639733","sign":"D2A2E35CF3E4B13EADF4FC447E9E3599"}

【2025-08-20 14:26:51】
P2025081906192495164639733----返回：{"code":"000000","msg":"P2025081906192495164639733","data":{"date":"2025-08-19 06:19:28","eid":"E37205447202508190919245865ace04","amount":"50","name":"BEATRIZ DA SILVA","cpf":"47822843818","bankname":"ORBION GAMING LTDA","payBank":"","payCpf":"","pixkey":"47822843818","account":"24313102","status":"done","order":"A20250819061924002873jhG5XxT6r"},"sign":"4EB5E29C15F54D5ABA352FACE096616B"}

【2025-08-20 14:45:38】
P2025082006585783937554545----提交：{"custId":"24120300001308","appId":"8241201350","order":"P2025082006585783937554545","sign":"E1E2B637DC3591BF8F784F4FDB14757C"}

【2025-08-20 14:45:38】
P2025082006585783937554545----返回：{"code":"000000","msg":"P2025082006585783937554545","data":{"date":"2025-08-20 06:59:00","eid":"E45756448202508200958LIKnMlZSGU2","amount":"100","name":"BRUNO DOUGLAS DAS CHAGAS ALAMAR","cpf":"87353458291","bankname":"null","payBank":"","payCpf":"","pixkey":"91992291872","account":"251801","status":"done","order":"A202508200658576189743Ah2l3bWM"},"sign":"107608C848D98909C4E58BD409A5A803"}

【2025-08-20 14:51:03】
P2025081821162962589314114----提交：{"custId":"24120300001308","appId":"8241201350","order":"P2025081821162962589314114","sign":"C0BB41AC63BB0F0AF494FE0099B42220"}

【2025-08-20 14:51:04】
P2025081821162962589314114----返回：{"code":"000000","msg":"P2025081821162962589314114","data":{"date":"2025-08-18 21:19:32","eid":"E3720544720250819001929580f915c3","amount":"50","name":"Brenda Oliveira Marques","cpf":"60295441011","bankname":"ORBION GAMING LTDA","payBank":"","payCpf":"","pixkey":"53981141349","account":"18236120","status":"done","order":"A20250818211629719342Z3f8ued58"},"sign":"75504EF9E42363BC3A23BAA64017BF53"}

【2025-08-20 14:57:44】
P2025081821162962589314114----提交：{"custId":"24120300001308","appId":"8241201350","order":"P2025081821162962589314114","sign":"C0BB41AC63BB0F0AF494FE0099B42220"}

【2025-08-20 14:57:44】
P2025081821162962589314114----返回：{"code":"000000","msg":"P2025081821162962589314114","data":{"date":"2025-08-18 21:19:32","eid":"E3720544720250819001929580f915c3","amount":"50","name":"Brenda Oliveira Marques","cpf":"60295441011","bankname":"ORBION GAMING LTDA","payBank":"","payCpf":"","pixkey":"53981141349","account":"18236120","status":"done","order":"A20250818211629719342Z3f8ued58"},"sign":"75504EF9E42363BC3A23BAA64017BF53"}

