【2025-08-20 13:06:37】
P2025082006585783937554545----提交：{"custId":"24120300001308","appId":"8241201350","order":"P2025082006585783937554545","sign":"E1E2B637DC3591BF8F784F4FDB14757C"}

【2025-08-20 13:06:38】
P2025082006585783937554545----返回：{"code":"000000","msg":"P2025082006585783937554545","data":{"date":"2025-08-20 06:59:00","eid":"E45756448202508200958LIKnMlZSGU2","amount":"100","name":"BRUNO DOUGLAS DAS CHAGAS ALAMAR","cpf":"87353458291","bankname":"null","payBank":"","payCpf":"","pixkey":"91992291872","account":"251801","status":"done","order":"A202508200658576189743Ah2l3bWM"},"sign":"107608C848D98909C4E58BD409A5A803"}

【2025-08-20 13:06:47】
P2025082006585783937554545----提交：{"custId":"24120300001308","appId":"8241201350","order":"P2025082006585783937554545","sign":"E1E2B637DC3591BF8F784F4FDB14757C"}

【2025-08-20 13:06:47】
P2025082006585783937554545----返回：{"code":"000000","msg":"P2025082006585783937554545","data":{"date":"2025-08-20 06:59:00","eid":"E45756448202508200958LIKnMlZSGU2","amount":"100","name":"BRUNO DOUGLAS DAS CHAGAS ALAMAR","cpf":"87353458291","bankname":"null","payBank":"","payCpf":"","pixkey":"91992291872","account":"251801","status":"done","order":"A202508200658576189743Ah2l3bWM"},"sign":"107608C848D98909C4E58BD409A5A803"}

【2025-08-20 13:28:20】
P2025081300123154751212096----提交：{"custId":"24120300001308","appId":"8241201350","order":"P2025081300123154751212096","sign":"E616552A94D4548F40E34DD15C941B34"}

【2025-08-20 13:28:20】
P2025081300123154751212096----返回：{"code":"000000","msg":"P2025081300123154751212096","data":{"date":"2025-08-13 00:12:34","eid":"E372054472025081303123153762be22","amount":"80","name":"ADEMILCE RODRIGUES","cpf":"08515596709","bankname":"ORBION GAMING LTDA","payBank":"","payCpf":"","pixkey":"08515596709","account":"02038232","status":"done","order":"A20250813001231087282JfbgMiGaF"},"sign":"100897C72BF7F1CEB68D02A50A749191"}

【2025-08-20 13:28:25】
P2025081300123154751212096----提交：{"custId":"24120300001308","appId":"8241201350","order":"P2025081300123154751212096","sign":"E616552A94D4548F40E34DD15C941B34"}

【2025-08-20 13:28:25】
P2025081300123154751212096----返回：{"code":"000000","msg":"P2025081300123154751212096","data":{"date":"2025-08-13 00:12:34","eid":"E372054472025081303123153762be22","amount":"80","name":"ADEMILCE RODRIGUES","cpf":"08515596709","bankname":"ORBION GAMING LTDA","payBank":"","payCpf":"","pixkey":"08515596709","account":"02038232","status":"done","order":"A20250813001231087282JfbgMiGaF"},"sign":"100897C72BF7F1CEB68D02A50A749191"}

【2025-08-20 13:43:25】
P2025081906254095540516007----提交：{"custId":"24120300001308","appId":"8241201350","order":"P2025081906254095540516007","sign":"0DD8D723E82C0BF8A76A368E25016D18"}

【2025-08-20 13:43:25】
P2025081906254095540516007----返回：{"code":"000000","msg":"P2025081906254095540516007","data":{"date":"2025-08-19 06:25:44","eid":"E3720544720250819092540320e477f0","amount":"21","name":"BEATRIZ DA SILVA","cpf":"47822843818","bankname":"ORBION GAMING LTDA","payBank":"","payCpf":"","pixkey":"47822843818","account":"24313102","status":"done","order":"A20250819062540044873exi6rREUG"},"sign":"05C05ADCC613290370FB3ED278F0125F"}

【2025-08-20 13:43:42】
P2025081906254095540516007----提交：{"custId":"24120300001308","appId":"8241201350","order":"P2025081906254095540516007","sign":"0DD8D723E82C0BF8A76A368E25016D18"}

【2025-08-20 13:43:42】
P2025081906254095540516007----返回：{"code":"000000","msg":"P2025081906254095540516007","data":{"date":"2025-08-19 06:25:44","eid":"E3720544720250819092540320e477f0","amount":"21","name":"BEATRIZ DA SILVA","cpf":"47822843818","bankname":"ORBION GAMING LTDA","payBank":"","payCpf":"","pixkey":"47822843818","account":"24313102","status":"done","order":"A20250819062540044873exi6rREUG"},"sign":"05C05ADCC613290370FB3ED278F0125F"}

