【2025-08-20 11:02:17】
P2025082010173895858597175----提交：{"custId":"24120300001308","appId":"8241201350","order":"P2025082010173895858597175","sign":"560CCDF23730D96E95F7C4DDE331BEC0"}

【2025-08-20 11:02:17】
P2025082010173895858597175----返回：{"code":"000000","msg":"P2025082010173895858597175","data":{"date":"2025-08-20 10:17:42","eid":"E45756448202508201317UTudKKGbMES","amount":"100","name":"ELIANDRO ANTONIO DE CASTRO","cpf":"7129621583","bankname":"null","payBank":"","payCpf":"","pixkey":"77988700451","account":"476973","status":"done","order":"A20250820101739375167m4W3KQtYK"},"sign":"397EB3FE53139CDF6616D5888C7D64FA"}

【2025-08-20 11:02:34】
P2025082010173895858597175----提交：{"custId":"24120300001308","appId":"8241201350","order":"P2025082010173895858597175","sign":"560CCDF23730D96E95F7C4DDE331BEC0"}

【2025-08-20 11:02:34】
P2025082010173895858597175----返回：{"code":"000000","msg":"P2025082010173895858597175","data":{"date":"2025-08-20 10:17:42","eid":"E45756448202508201317UTudKKGbMES","amount":"100","name":"ELIANDRO ANTONIO DE CASTRO","cpf":"7129621583","bankname":"null","payBank":"","payCpf":"","pixkey":"77988700451","account":"476973","status":"done","order":"A20250820101739375167m4W3KQtYK"},"sign":"397EB3FE53139CDF6616D5888C7D64FA"}

【2025-08-20 11:18:42】
P2025082011172299442641736----提交：{"custId":"24120300001308","appId":"8241201350","order":"P2025082011172299442641736","sign":"97BF75B60A1EDDDB5062A12A23DFB82E"}

【2025-08-20 11:18:42】
P2025082011172299442641736----返回：{"code":"000000","msg":"P2025082011172299442641736","data":{"date":"2025-08-20 11:17:25","eid":"E45756448202508201417KCB4LmWfUk6","amount":"20","name":"Francisco Wanderson Ferreira Paiva","cpf":"60366781340","bankname":"null","payBank":"","payCpf":"","pixkey":"85987773024","account":"981600849","status":"done","order":"A20250820111722625218LdQUpNKW3"},"sign":"E8775A6A680514C8649CC49953849590"}

【2025-08-20 11:19:24】
P2025082011172299442641736----提交：{"custId":"24120300001308","appId":"8241201350","order":"P2025082011172299442641736","sign":"97BF75B60A1EDDDB5062A12A23DFB82E"}

【2025-08-20 11:19:24】
P2025082011172299442641736----返回：{"code":"000000","msg":"P2025082011172299442641736","data":{"date":"2025-08-20 11:17:25","eid":"E45756448202508201417KCB4LmWfUk6","amount":"20","name":"Francisco Wanderson Ferreira Paiva","cpf":"60366781340","bankname":"null","payBank":"","payCpf":"","pixkey":"85987773024","account":"981600849","status":"done","order":"A20250820111722625218LdQUpNKW3"},"sign":"E8775A6A680514C8649CC49953849590"}

【2025-08-20 11:19:40】
P2025082011172299442641736----提交：{"custId":"24120300001308","appId":"8241201350","order":"P2025082011172299442641736","sign":"97BF75B60A1EDDDB5062A12A23DFB82E"}

【2025-08-20 11:19:40】
P2025082011172299442641736----返回：{"code":"000000","msg":"P2025082011172299442641736","data":{"date":"2025-08-20 11:17:25","eid":"E45756448202508201417KCB4LmWfUk6","amount":"20","name":"Francisco Wanderson Ferreira Paiva","cpf":"60366781340","bankname":"null","payBank":"","payCpf":"","pixkey":"85987773024","account":"981600849","status":"done","order":"A20250820111722625218LdQUpNKW3"},"sign":"E8775A6A680514C8649CC49953849590"}

【2025-08-20 11:20:00】
P2025081820592561565558401----提交：{"custId":"24120300001308","appId":"8241201350","order":"P2025081820592561565558401","sign":"BD81902DE6F725AEA27675618BBE1BC9"}

【2025-08-20 11:20:00】
P2025081820592561565558401----返回：{"code":"000000","msg":"P2025081820592561565558401","data":{"date":"2025-08-18 20:59:29","eid":"E45756448202508182359abo1L6iaU55","amount":"2000","name":"LUCAS GONÇALVES DOS SANTOS","cpf":"8359005923","bankname":"null","payBank":"","payCpf":"","pixkey":"08359005923","account":"505993","status":"done","order":"A20250818205926842067VxyYS1Lga"},"sign":"A5689377B2137850F58C388126CBC34E"}

【2025-08-20 11:25:08】
P2025082011091098950251359----提交：{"custId":"24120300001308","appId":"8241201350","order":"P2025082011091098950251359","sign":"0DC1CCACF4A7D495C0186296A23608A6"}

【2025-08-20 11:25:08】
P2025082011091098950251359----返回：{"code":"000000","msg":"P2025082011091098950251359","data":{"date":"2025-08-20 11:10:06","eid":"E457564482025082014101G3W1i56ZUK","amount":"5000","name":"MARIA DA PENHA SOARES DA SILVA OLIVEIRA","cpf":"2247535410","bankname":"null","payBank":"","payCpf":"","pixkey":"02247535410","account":"12880000009434871927","status":"done","order":"A20250820111002509993hEnuKpsqZ"},"sign":"42440CFAE84959B230062ACF0F25A2A0"}

【2025-08-20 11:25:32】
P2025082010573098250481030----提交：{"custId":"24120300001308","appId":"8241201350","order":"P2025082010573098250481030","sign":"A87BDC8833D66B1BCE8804C2D938A64C"}

【2025-08-20 11:25:32】
P2025082010573098250481030----返回：{"code":"000000","msg":"P2025082010573098250481030","data":{"date":"2025-08-20 10:57:34","eid":"E372054472025082013573132703e2fe","amount":"20","name":"Fabiana Carvalhais Pereira","cpf":"76465160153","bankname":"ORBION GAMING LTDA","payBank":"","payCpf":"","pixkey":"61992378442","account":"18236120","status":"done","order":"A20250820105730483398aQVHhWkJY"},"sign":"860BB19C75DFB7D76F28E5497D6D4CEB"}

【2025-08-20 11:26:22】
P2025082010573098250481030----提交：{"custId":"24120300001308","appId":"8241201350","order":"P2025082010573098250481030","sign":"A87BDC8833D66B1BCE8804C2D938A64C"}

【2025-08-20 11:26:22】
P2025082010573098250481030----返回：{"code":"000000","msg":"P2025082010573098250481030","data":{"date":"2025-08-20 10:57:34","eid":"E372054472025082013573132703e2fe","amount":"20","name":"Fabiana Carvalhais Pereira","cpf":"76465160153","bankname":"ORBION GAMING LTDA","payBank":"","payCpf":"","pixkey":"61992378442","account":"18236120","status":"done","order":"A20250820105730483398aQVHhWkJY"},"sign":"860BB19C75DFB7D76F28E5497D6D4CEB"}

【2025-08-20 11:27:22】
P2025082010573098250481030----提交：{"custId":"24120300001308","appId":"8241201350","order":"P2025082010573098250481030","sign":"A87BDC8833D66B1BCE8804C2D938A64C"}

【2025-08-20 11:27:22】
P2025082010573098250481030----返回：{"code":"000000","msg":"P2025082010573098250481030","data":{"date":"2025-08-20 10:57:34","eid":"E372054472025082013573132703e2fe","amount":"20","name":"Fabiana Carvalhais Pereira","cpf":"76465160153","bankname":"ORBION GAMING LTDA","payBank":"","payCpf":"","pixkey":"61992378442","account":"18236120","status":"done","order":"A20250820105730483398aQVHhWkJY"},"sign":"860BB19C75DFB7D76F28E5497D6D4CEB"}

【2025-08-20 11:38:24】
P2025082011243899878736821----提交：{"custId":"24120300001308","appId":"8241201350","order":"P2025082011243899878736821","sign":"6792EF11EFA8EB72F9B6830EB1552646"}

【2025-08-20 11:38:24】
P2025082011243899878736821----返回：{"code":"000000","msg":"P2025082011243899878736821","data":{"date":"2025-08-20 11:24:41","eid":"E45756448202508201424TjJd8nX7SEW","amount":"50","name":"Fabio Ferreira","cpf":"89622383904","bankname":"null","payBank":"","payCpf":"","pixkey":"51997355688","account":"233900778","status":"done","order":"A20250820112438514795Wg6eHTN4G"},"sign":"4DD762778CE149DDFE42295F1834F6FC"}

【2025-08-20 11:41:15】
P2025082011243899878736821----提交：{"custId":"24120300001308","appId":"8241201350","order":"P2025082011243899878736821","sign":"6792EF11EFA8EB72F9B6830EB1552646"}

【2025-08-20 11:41:15】
P2025082011243899878736821----返回：{"code":"000000","msg":"P2025082011243899878736821","data":{"date":"2025-08-20 11:24:41","eid":"E45756448202508201424TjJd8nX7SEW","amount":"50","name":"Fabio Ferreira","cpf":"89622383904","bankname":"null","payBank":"","payCpf":"","pixkey":"51997355688","account":"233900778","status":"done","order":"A20250820112438514795Wg6eHTN4G"},"sign":"4DD762778CE149DDFE42295F1834F6FC"}

【2025-08-20 11:45:29】
P2025082010120095520598962----提交：{"custId":"24120300001308","appId":"8241201350","order":"P2025082010120095520598962","sign":"18521E87F613A4D20BFCE691606676D6"}

【2025-08-20 11:45:29】
P2025082010120095520598962----返回：{"code":"000000","msg":"P2025082010120095520598962","data":{"date":"2025-08-20 10:12:05","eid":"E37205447202508201312017363e22ee","amount":"20","name":"Tais Trindade Dos Santos Silva","cpf":"12801195782","bankname":"ORBION GAMING LTDA","payBank":"","payCpf":"","pixkey":"27995240838","account":"22896431","status":"done","order":"A20250820101201137528Ie8tmJju4"},"sign":"1394C9B76A1FF04B2B32E995B415F0C8"}

【2025-08-20 11:47:24】
P2025082010120095520598962----提交：{"custId":"24120300001308","appId":"8241201350","order":"P2025082010120095520598962","sign":"18521E87F613A4D20BFCE691606676D6"}

【2025-08-20 11:47:24】
P2025082010120095520598962----返回：{"code":"000000","msg":"P2025082010120095520598962","data":{"date":"2025-08-20 10:12:05","eid":"E37205447202508201312017363e22ee","amount":"20","name":"Tais Trindade Dos Santos Silva","cpf":"12801195782","bankname":"ORBION GAMING LTDA","payBank":"","payCpf":"","pixkey":"27995240838","account":"22896431","status":"done","order":"A20250820101201137528Ie8tmJju4"},"sign":"1394C9B76A1FF04B2B32E995B415F0C8"}

【2025-08-20 11:48:44】
P2025082010454197541222737----提交：{"custId":"24120300001308","appId":"8241201350","order":"P2025082010454197541222737","sign":"0FBDB0291F4911E4686C2C21804B48EC"}

【2025-08-20 11:48:44】
P2025082010454197541222737----返回：{"code":"000000","msg":"P2025082010454197541222737","data":{"date":"2025-08-20 10:45:45","eid":"E3720544720250820134542295366fed","amount":"40","name":"DIRCILENE DE FREITAS GUILHERME","cpf":"74787535234","bankname":"ORBION GAMING LTDA","payBank":"","payCpf":"","pixkey":"92981456482","account":"00416968","status":"done","order":"A20250820104541988152mn92EtnVm"},"sign":"0B76A8D5081C932A8ED4C21633A814D6"}

