【2025-08-20 03:23:01】
P2025081822174066260423882----提交：{"custId":"24120300001308","appId":"8241201350","order":"P2025081822174066260423882","sign":"1CF8142C61311F90010641C6214954A6"}

【2025-08-20 03:23:01】
P2025081822174066260423882----返回：{"code":"000000","msg":"P2025081822174066260423882","data":{"date":"2025-08-18 22:17:44","eid":"E3720544720250819011741732f3b8a8","amount":"50","name":"RICARDO RODRIGUES DE FREITAS","cpf":"94340145572","bankname":"ORBION GAMING LTDA","payBank":"","payCpf":"","pixkey":"94340145572","account":"00416968","status":"done","order":"A20250818221741560666HCFC4X7Lx"},"sign":"DD7572E012E1EC3252C94B7564E3CC80"}

【2025-08-20 03:34:29】
P2025081923160056160362216----提交：{"custId":"24120300001308","appId":"8241201350","order":"P2025081923160056160362216","sign":"8288E4CEBA2B879F7472D494BA7B0430"}

【2025-08-20 03:34:29】
P2025081923160056160362216----返回：{"code":"000000","msg":"P2025081923160056160362216","data":{"date":"2025-08-19 23:16:06","eid":"E3720544720250820021601434204614","amount":"40","name":"FRANCIELE SOARES GUEDES","cpf":"85011100006","bankname":"ORBION GAMING LTDA","payBank":"","payCpf":"","pixkey":"51983168399","account":"00360305","status":"done","order":"A202508192316008883648tL145F7W"},"sign":"1095A2D4AB9AF96B9287C7443C18F5AE"}

【2025-08-20 03:45:41】
P2025082003445172291871260----提交：{"custId":"24120300001308","appId":"8241201350","order":"P2025082003445172291871260","sign":"FC1DC5FE465FB1BA35F45783D7EC90E1"}

【2025-08-20 03:45:41】
P2025082003445172291871260----返回：{"code":"000000","msg":"P2025082003445172291871260","data":{"date":"2025-08-20 03:44:54","eid":"E45756448202508200644rw921WTbPUy","amount":"100","name":"EZEQUIEL LOPES ALVES","cpf":"16458521642","bankname":"null","payBank":"","payCpf":"","pixkey":"16458521642","account":"229327242","status":"done","order":"A20250820034451303199xHAJSgrGr"},"sign":"1EDFB522E2166B976FC1CBC654FEA940"}

【2025-08-20 03:45:44】
P2025082003445172291871260----提交：{"custId":"24120300001308","appId":"8241201350","order":"P2025082003445172291871260","sign":"FC1DC5FE465FB1BA35F45783D7EC90E1"}

【2025-08-20 03:45:44】
P2025082003445172291871260----返回：{"code":"000000","msg":"P2025082003445172291871260","data":{"date":"2025-08-20 03:44:54","eid":"E45756448202508200644rw921WTbPUy","amount":"100","name":"EZEQUIEL LOPES ALVES","cpf":"16458521642","bankname":"null","payBank":"","payCpf":"","pixkey":"16458521642","account":"229327242","status":"done","order":"A20250820034451303199xHAJSgrGr"},"sign":"1EDFB522E2166B976FC1CBC654FEA940"}

【2025-08-20 03:51:25】
P2025082003291671356312982----提交：{"custId":"24120300001308","appId":"8241201350","order":"P2025082003291671356312982","sign":"AD1A8401582958A61DD3DD6FDE2F3B2D"}

【2025-08-20 03:51:25】
P2025082003291671356312982----返回：{"code":"000000","msg":"P2025082003291671356312982","data":{"date":"2025-08-20 03:29:18","eid":"E45756448202508200629CgnnD88Sgk2","amount":"60","name":"CRISTIANO DOS SANTOS ROMAO","cpf":"9948428480","bankname":"null","payBank":"","payCpf":"","pixkey":"81992156212","account":"459046","status":"done","order":"A20250820032916298555VRbQ2UZHH"},"sign":"693FE71EBB63453774B0F401746779E5"}

【2025-08-20 03:51:57】
P2025082003291671356312982----提交：{"custId":"24120300001308","appId":"8241201350","order":"P2025082003291671356312982","sign":"AD1A8401582958A61DD3DD6FDE2F3B2D"}

【2025-08-20 03:51:57】
P2025082003291671356312982----返回：{"code":"000000","msg":"P2025082003291671356312982","data":{"date":"2025-08-20 03:29:18","eid":"E45756448202508200629CgnnD88Sgk2","amount":"60","name":"CRISTIANO DOS SANTOS ROMAO","cpf":"9948428480","bankname":"null","payBank":"","payCpf":"","pixkey":"81992156212","account":"459046","status":"done","order":"A20250820032916298555VRbQ2UZHH"},"sign":"693FE71EBB63453774B0F401746779E5"}

