【2025-08-20 23:08:13】
P2025081422450322303189399----提交：{"custId":"24120300001308","appId":"8241201350","order":"P2025081422450322303189399","sign":"8B1D2764856FB7E8AE4BE15356912AC0"}

【2025-08-20 23:08:13】
P2025081422450322303189399----返回：{"code":"000000","msg":"P2025081422450322303189399","data":{"date":"2025-08-14 22:45:06","eid":"E372054472025081501450386986459b","amount":"80","name":"RAIMUNDO NONATO DO NASCIMENTO PEREIRA","cpf":"97292540287","bankname":"ORBION GAMING LTDA","payBank":"","payCpf":"","pixkey":"62999582166","account":"24313102","status":"done","order":"A20250814224503723220zX7UheyHE"},"sign":"AAA0421AAC9538964678104A175C47E9"}

【2025-08-20 23:33:08】
P2025082023322843548357181----提交：{"custId":"24120300001308","appId":"8241201350","order":"P2025082023322843548357181","sign":"1456BFC507440A061703E8474F20228F"}

【2025-08-20 23:33:08】
P2025082023322843548357181----返回：{"code":"000000","msg":"P2025082023322843548357181","data":{"date":"2025-08-20 23:32:31","eid":"E45756448202508210232l6PXksYNUWc","amount":"336.39","name":"Jose Domires Matos Gomes","cpf":"67408931520","bankname":"null","payBank":"","payCpf":"","pixkey":"Mirodistribuidora1974@gmail.com","account":"81398743476","status":"done","order":"A202508202332289532072uU3ii397"},"sign":"84FDFB940E2533A6B7F9F00A1FFD0F4B"}

【2025-08-20 23:33:11】
P2025082023322843548357181----提交：{"custId":"24120300001308","appId":"8241201350","order":"P2025082023322843548357181","sign":"1456BFC507440A061703E8474F20228F"}

【2025-08-20 23:33:11】
P2025082023322843548357181----返回：{"code":"000000","msg":"P2025082023322843548357181","data":{"date":"2025-08-20 23:32:31","eid":"E45756448202508210232l6PXksYNUWc","amount":"336.39","name":"Jose Domires Matos Gomes","cpf":"67408931520","bankname":"null","payBank":"","payCpf":"","pixkey":"Mirodistribuidora1974@gmail.com","account":"81398743476","status":"done","order":"A202508202332289532072uU3ii397"},"sign":"84FDFB940E2533A6B7F9F00A1FFD0F4B"}

【2025-08-20 23:41:07】
P2025082023221242932274426----提交：{"custId":"24120300001308","appId":"8241201350","order":"P2025082023221242932274426","sign":"8E10460D05317C2FB6D8B73994CF8B7F"}

【2025-08-20 23:41:07】
P2025082023221242932274426----返回：{"code":"000000","msg":"P2025082023221242932274426","data":{"date":"2025-08-20 23:22:15","eid":"E45756448202508210222ukejuSKNAEi","amount":"160","name":"Pedro Henrique Milerio Dos Anjos","cpf":"37220807899","bankname":"null","payBank":"","payCpf":"","pixkey":"37220807899","account":"84995642993","status":"done","order":"A202508202322135358814x2icSQYl"},"sign":"737B4C2BE5FB6AE963DE17FAF21627C6"}

【2025-08-20 23:41:46】
P2025082023114242302574685----提交：{"custId":"24120300001308","appId":"8241201350","order":"P2025082023114242302574685","sign":"ECF1921455D3879D28F064C3CC9D4C02"}

【2025-08-20 23:41:46】
P2025082023114242302574685----返回：{"code":"000000","msg":"P2025082023114242302574685","data":{"date":"2025-08-20 23:41:19","eid":"E45756448202508210241HChQXpxowEy","amount":"130","name":"DANIELI CRISTINI CHAVES SOUZA","cpf":"32595311816","bankname":"null","payBank":"","payCpf":"","pixkey":"32595311816","account":"12880000009760411356","status":"done","order":"A20250820231142897446QruA2Wg7j"},"sign":"54E8526B28AED3F10BFF51F5349FEC0D"}

【2025-08-20 23:42:05】
P2025082023221242932274426----提交：{"custId":"24120300001308","appId":"8241201350","order":"P2025082023221242932274426","sign":"8E10460D05317C2FB6D8B73994CF8B7F"}

【2025-08-20 23:42:05】
P2025082023221242932274426----返回：{"code":"000000","msg":"P2025082023221242932274426","data":{"date":"2025-08-20 23:22:15","eid":"E45756448202508210222ukejuSKNAEi","amount":"160","name":"Pedro Henrique Milerio Dos Anjos","cpf":"37220807899","bankname":"null","payBank":"","payCpf":"","pixkey":"37220807899","account":"84995642993","status":"done","order":"A202508202322135358814x2icSQYl"},"sign":"737B4C2BE5FB6AE963DE17FAF21627C6"}

【2025-08-20 23:42:30】
P2025082023114242302574685----提交：{"custId":"24120300001308","appId":"8241201350","order":"P2025082023114242302574685","sign":"ECF1921455D3879D28F064C3CC9D4C02"}

【2025-08-20 23:42:30】
P2025082023114242302574685----返回：{"code":"000000","msg":"P2025082023114242302574685","data":{"date":"2025-08-20 23:41:19","eid":"E45756448202508210241HChQXpxowEy","amount":"130","name":"DANIELI CRISTINI CHAVES SOUZA","cpf":"32595311816","bankname":"null","payBank":"","payCpf":"","pixkey":"32595311816","account":"12880000009760411356","status":"done","order":"A20250820231142897446QruA2Wg7j"},"sign":"54E8526B28AED3F10BFF51F5349FEC0D"}

【2025-08-20 23:55:12】
P2025082023463944399417238----提交：{"custId":"24120300001308","appId":"8241201350","order":"P2025082023463944399417238","sign":"24D796BCF42F1F8A69A38117ADB39E25"}

【2025-08-20 23:55:12】
P2025082023463944399417238----返回：{"code":"000000","msg":"P2025082023463944399417238","data":{"date":"2025-08-20 23:46:42","eid":"E457564482025082102461L9j6Jaj3Uy","amount":"30","name":"ZULEIDE DOS SANTOS ALMEIDA","cpf":"69207275449","bankname":"null","payBank":"","payCpf":"","pixkey":"83986041699","account":"256204","status":"done","order":"A20250820234639726497ENyixdQPh"},"sign":"F3899F2CE2C90D2875994A11CF524402"}

