【2025-08-26 20:26:27】
P2025082620240750647103737----提交：{"reference":"P2025082620240750647103737"}

【2025-08-26 20:26:27】
P2025082620240750647103737----返回：{"msg":"P2025082620240750647103737","code":"000000","data":{"date":"2025-08-26 20:25:02","eid":"E37205447202508262325031075c7bdf","amount":2000,"name":"Bruno Henrique Rezende Lima Vasconcelos","cpf":"***.431.695-**","bankname":"18236120","payBank":"Veloci Net ltda","payCpf":"62.087.016\/0001-30","pixkey":"+5575999532137","account":"***.431.695-**","status":"done","order":"9f6dbae4-3658-4e18-bbad-89660342bfda"}}

【2025-08-26 20:26:28】
P2025082620240750647103737----提交：{"reference":"P2025082620240750647103737"}

【2025-08-26 20:26:28】
P2025082620240750647103737----返回：{"msg":"P2025082620240750647103737","code":"000000","data":{"date":"2025-08-26 20:25:02","eid":"E37205447202508262325031075c7bdf","amount":2000,"name":"Bruno Henrique Rezende Lima Vasconcelos","cpf":"***.431.695-**","bankname":"18236120","payBank":"Veloci Net ltda","payCpf":"62.087.016\/0001-30","pixkey":"+5575999532137","account":"***.431.695-**","status":"done","order":"9f6dbae4-3658-4e18-bbad-89660342bfda"}}

【2025-08-26 20:29:43】
P2025082620285350933595063----提交：{"reference":"P2025082620285350933595063"}

【2025-08-26 20:29:43】
P2025082620285350933595063----返回：{"msg":"P2025082620285350933595063","code":"000000","data":{"date":"2025-08-26 20:28:54","eid":"E37205447202508262328542855e7350","amount":170,"name":"GIRLENE COSTA LEITE","cpf":"***.552.713-**","bankname":"60746948","payBank":"Veloci Net ltda","payCpf":"62.087.016\/0001-30","pixkey":"05055271388","account":"***.552.713-**","status":"done","order":"294d90c1-663d-4e60-979e-a2a64e9726b8"}}

【2025-08-26 20:50:54】
P2025082620502252222803310----提交：{"reference":"P2025082620502252222803310"}

【2025-08-26 20:50:55】
P2025082620502252222803310----返回：{"msg":"P2025082620502252222803310","code":"000000","data":{"date":"2025-08-26 20:50:23","eid":"E37205447202508262350235968a2085","amount":15,"name":"Elaine De Lira Pedrosa","cpf":"***.149.144-**","bankname":"22896431","payBank":"Veloci Net ltda","payCpf":"62.087.016\/0001-30","pixkey":"11314914405","account":"***.149.144-**","status":"done","order":"758f07db-1984-4a7d-be1a-864e9646a916"}}

【2025-08-26 20:50:56】
P2025082620502252222803310----提交：{"reference":"P2025082620502252222803310"}

【2025-08-26 20:50:57】
P2025082620502252222803310----返回：{"msg":"P2025082620502252222803310","code":"000000","data":{"date":"2025-08-26 20:50:23","eid":"E37205447202508262350235968a2085","amount":15,"name":"Elaine De Lira Pedrosa","cpf":"***.149.144-**","bankname":"22896431","payBank":"Veloci Net ltda","payCpf":"62.087.016\/0001-30","pixkey":"11314914405","account":"***.149.144-**","status":"done","order":"758f07db-1984-4a7d-be1a-864e9646a916"}}

【2025-08-26 20:52:38】
P2025082620265550815745696----提交：{"reference":"P2025082620265550815745696"}

【2025-08-26 20:52:38】
P2025082620265550815745696----返回：{"msg":"P2025082620265550815745696","code":"000000","data":{"date":"2025-08-26 20:27:03","eid":"E3720544720250826232703490bd4bf2","amount":2277,"name":"Fernando Miranda de Sá","cpf":"***.286.226-**","bankname":"18236120","payBank":"Veloci Net ltda","payCpf":"62.087.016\/0001-30","pixkey":"+5531995365271","account":"***.286.226-**","status":"done","order":"17201d2a-a851-40ec-a2ae-9367cc099d14"}}

