【2025-08-26 22:20:38】
P2025082622060656766602338----提交：{"reference":"P2025082622060656766602338"}

【2025-08-26 22:20:38】
P2025082622060656766602338----返回：{"msg":"P2025082622060656766602338","code":"000000","data":{"date":"2025-08-26 22:06:07","eid":"E3720544720250827010607870f5223f","amount":30,"name":"Adimilson Rocha Carmo","cpf":"***.057.955-**","bankname":"22896431","payBank":"Veloci Net ltda","payCpf":"62.087.016\/0001-30","pixkey":"77988350882","account":"***.057.955-**","status":"done","order":"edca543c-8ced-4d32-8b61-bb33bc5a3370"}}

【2025-08-26 22:38:49】
P2025082622340858448548432----提交：{"reference":"P2025082622340858448548432"}

【2025-08-26 22:38:50】
P2025082622340858448548432----返回：{"msg":"P2025082622340858448548432","code":"000000","data":{"date":"2025-08-26 22:34:09","eid":"E3720544720250827013409232c73150","amount":20,"name":"Markus Henrique Alves Pinaffi","cpf":"***.490.749-**","bankname":"31872495","payBank":"Veloci Net ltda","payCpf":"62.087.016\/0001-30","pixkey":"11049074963","account":"***.490.749-**","status":"done","order":"076f1a74-2325-4def-ac13-ce82a9e490fc"}}

【2025-08-26 22:38:58】
P2025082622340858448548432----提交：{"reference":"P2025082622340858448548432"}

【2025-08-26 22:38:58】
P2025082622340858448548432----返回：{"msg":"P2025082622340858448548432","code":"000000","data":{"date":"2025-08-26 22:34:09","eid":"E3720544720250827013409232c73150","amount":20,"name":"Markus Henrique Alves Pinaffi","cpf":"***.490.749-**","bankname":"31872495","payBank":"Veloci Net ltda","payCpf":"62.087.016\/0001-30","pixkey":"11049074963","account":"***.490.749-**","status":"done","order":"076f1a74-2325-4def-ac13-ce82a9e490fc"}}

【2025-08-26 22:47:52】
P2025082622372758647548376----提交：{"reference":"P2025082622372758647548376"}

【2025-08-26 22:47:53】
P2025082622372758647548376----返回：{"msg":"P2025082622372758647548376","code":"000000","data":{"date":"2025-08-26 22:37:28","eid":"E37205447202508270137288361ad286","amount":800,"name":"SILVANA DE CASSIA FRANCISCO LIPARINI","cpf":"***.926.896-**","bankname":"60701190","payBank":"Veloci Net ltda","payCpf":"62.087.016\/0001-30","pixkey":"93792689634","account":"***.926.896-**","status":"done","order":"9206dabf-a587-4414-b242-39ccd0703c3f"}}

【2025-08-26 22:47:55】
P2025082622372758647548376----提交：{"reference":"P2025082622372758647548376"}

【2025-08-26 22:47:55】
P2025082622372758647548376----返回：{"msg":"P2025082622372758647548376","code":"000000","data":{"date":"2025-08-26 22:37:28","eid":"E37205447202508270137288361ad286","amount":800,"name":"SILVANA DE CASSIA FRANCISCO LIPARINI","cpf":"***.926.896-**","bankname":"60701190","payBank":"Veloci Net ltda","payCpf":"62.087.016\/0001-30","pixkey":"93792689634","account":"***.926.896-**","status":"done","order":"9206dabf-a587-4414-b242-39ccd0703c3f"}}

