【2025-08-26 18:29:46】
P2025082618275543675314827----提交：{"reference":"P2025082618275543675314827"}

【2025-08-26 18:29:47】
P2025082618275543675314827----返回：{"msg":"P2025082618275543675314827","code":"000000","data":{"date":"2025-08-26 18:27:56","eid":"E3720544720250826212756121a2e059","amount":300,"name":"José Carlos Martins Carrijo","cpf":"***.121.321-**","bankname":"18236120","payBank":"Veloci Net ltda","payCpf":"62.087.016\/0001-30","pixkey":"66996504458","account":"***.121.321-**","status":"done","order":"4b4d50dd-578c-4de7-8415-542c1a6b4ea9"}}

【2025-08-26 18:29:48】
P2025082618275543675314827----提交：{"reference":"P2025082618275543675314827"}

【2025-08-26 18:29:49】
P2025082618275543675314827----返回：{"msg":"P2025082618275543675314827","code":"000000","data":{"date":"2025-08-26 18:27:56","eid":"E3720544720250826212756121a2e059","amount":300,"name":"José Carlos Martins Carrijo","cpf":"***.121.321-**","bankname":"18236120","payBank":"Veloci Net ltda","payCpf":"62.087.016\/0001-30","pixkey":"66996504458","account":"***.121.321-**","status":"done","order":"4b4d50dd-578c-4de7-8415-542c1a6b4ea9"}}

【2025-08-26 18:35:10】
P2025082618344944089095375----提交：{"reference":"P2025082618344944089095375"}

【2025-08-26 18:35:11】
P2025082618344944089095375----返回：{"msg":"P2025082618344944089095375","code":"000000","data":{"date":"2025-08-26 18:35:03","eid":"E3720544720250826213503553f40351","amount":3000,"name":"KLEITON GONCALVES DE GOIS","cpf":"***.847.478-**","bankname":"60701190","payBank":"Veloci Net ltda","payCpf":"62.087.016\/0001-30","pixkey":"42184747882","account":"***.847.478-**","status":"done","order":"e63865dd-1279-409b-89a0-27ed5f4cf9f0"}}

【2025-08-26 18:35:12】
P2025082618344944089095375----提交：{"reference":"P2025082618344944089095375"}

【2025-08-26 18:35:12】
P2025082618344944089095375----返回：{"msg":"P2025082618344944089095375","code":"000000","data":{"date":"2025-08-26 18:35:03","eid":"E3720544720250826213503553f40351","amount":3000,"name":"KLEITON GONCALVES DE GOIS","cpf":"***.847.478-**","bankname":"60701190","payBank":"Veloci Net ltda","payCpf":"62.087.016\/0001-30","pixkey":"42184747882","account":"***.847.478-**","status":"done","order":"e63865dd-1279-409b-89a0-27ed5f4cf9f0"}}

【2025-08-26 18:57:48】
P2025082618312543885182512----提交：{"reference":"P2025082618312543885182512"}

【2025-08-26 18:57:48】
P2025082618312543885182512----返回：{"msg":"P2025082618312543885182512","code":"000000","data":{"date":"2025-08-26 18:31:26","eid":"E3720544720250826213126284635955","amount":30,"name":"RAFAELA SCHMITT DOS REIS","cpf":"***.741.520-**","bankname":"08561701","payBank":"Veloci Net ltda","payCpf":"62.087.016\/0001-30","pixkey":"04674152003","account":"***.741.520-**","status":"done","order":"038d8059-36f3-42e8-a14d-8e92d2e8e2c0"}}

【2025-08-26 18:57:50】
P2025082618312543885182512----提交：{"reference":"P2025082618312543885182512"}

【2025-08-26 18:57:50】
P2025082618312543885182512----返回：{"msg":"P2025082618312543885182512","code":"000000","data":{"date":"2025-08-26 18:31:26","eid":"E3720544720250826213126284635955","amount":30,"name":"RAFAELA SCHMITT DOS REIS","cpf":"***.741.520-**","bankname":"08561701","payBank":"Veloci Net ltda","payCpf":"62.087.016\/0001-30","pixkey":"04674152003","account":"***.741.520-**","status":"done","order":"038d8059-36f3-42e8-a14d-8e92d2e8e2c0"}}

