【2025-08-26 21:21:57】
P2025082621211654076249896----提交：{"reference":"P2025082621211654076249896"}

【2025-08-26 21:21:57】
P2025082621211654076249896----返回：{"msg":"P2025082621211654076249896","code":"000000","data":{"date":"2025-08-26 21:21:17","eid":"E3720544720250827002117722833670","amount":10,"name":"ALLAN GEOVANE FRANCA MARQUES","cpf":"***.061.298-**","bankname":"18189547","payBank":"Veloci Net ltda","payCpf":"62.087.016\/0001-30","pixkey":"38406129859","account":"***.061.298-**","status":"done","order":"4cb66e50-2601-4c55-8994-38aaae4d741c"}}

【2025-08-26 21:21:58】
P2025082621211654076249896----提交：{"reference":"P2025082621211654076249896"}

【2025-08-26 21:21:58】
P2025082621211654076249896----返回：{"msg":"P2025082621211654076249896","code":"000000","data":{"date":"2025-08-26 21:21:17","eid":"E3720544720250827002117722833670","amount":10,"name":"ALLAN GEOVANE FRANCA MARQUES","cpf":"***.061.298-**","bankname":"18189547","payBank":"Veloci Net ltda","payCpf":"62.087.016\/0001-30","pixkey":"38406129859","account":"***.061.298-**","status":"done","order":"4cb66e50-2601-4c55-8994-38aaae4d741c"}}

【2025-08-26 21:38:44】
P2025082621365555015182384----提交：{"reference":"P2025082621365555015182384"}

【2025-08-26 21:38:44】
P2025082621365555015182384----返回：{"msg":"P2025082621365555015182384","code":"000000","data":{"date":"2025-08-26 21:36:56","eid":"E37205447202508270036566647338e9","amount":10,"name":"TALITA DIAS PEREIRA SILVA","cpf":"***.048.585-**","bankname":"90400888","payBank":"Veloci Net ltda","payCpf":"62.087.016\/0001-30","pixkey":"08704858573","account":"***.048.585-**","status":"done","order":"b027bea2-13fa-4571-b593-449e6ad20286"}}

【2025-08-26 21:38:45】
P2025082621365555015182384----提交：{"reference":"P2025082621365555015182384"}

【2025-08-26 21:38:46】
P2025082621365555015182384----返回：{"msg":"P2025082621365555015182384","code":"000000","data":{"date":"2025-08-26 21:36:56","eid":"E37205447202508270036566647338e9","amount":10,"name":"TALITA DIAS PEREIRA SILVA","cpf":"***.048.585-**","bankname":"90400888","payBank":"Veloci Net ltda","payCpf":"62.087.016\/0001-30","pixkey":"08704858573","account":"***.048.585-**","status":"done","order":"b027bea2-13fa-4571-b593-449e6ad20286"}}

【2025-08-26 21:52:04】
P2025082621344854888887771----提交：{"reference":"P2025082621344854888887771"}

【2025-08-26 21:52:04】
P2025082621344854888887771----返回：{"msg":"P2025082621344854888887771","code":"000000","data":{"date":"2025-08-26 21:34:49","eid":"E3720544720250827003449111d174b5","amount":15,"name":"Wansley Santos Barbosa","cpf":"***.649.231-**","bankname":"32995755","payBank":"Veloci Net ltda","payCpf":"62.087.016\/0001-30","pixkey":"98264923100","account":"***.649.231-**","status":"done","order":"ebde1de6-97a1-45fd-b94b-56b8e82352c1"}}

