【2025-08-26 16:31:49】
P2025082616285836538212259----提交：{"custId":"24120300001308","appId":"8241201350","order":"P2025082616285836538212259","sign":"F4D07597EA0D1BB6F06699602807CDBE"}

【2025-08-26 16:31:50】
P2025082616285836538212259----返回：{"code":"000000","msg":"P2025082616285836538212259","data":{"date":"2025-08-26 16:29:02","eid":"E3571349120250826192900320424577","amount":"250","name":"Rodrigo Alves Tamiozzo","cpf":"03631921071","bankname":"NOVABET OFICIAL","payBank":"","payCpf":"","pixkey":"drigotamiozzo1952@gmail.com","account":"18236120","status":"done","order":"A20250826162859131165JwcbYicvV"},"sign":"7F967F4CC573808AD9FAFDDDFE28C0F9"}

【2025-08-26 16:31:53】
P2025082607580005880154305----提交：{"custId":"24120300001308","appId":"8241201350","order":"P2025082607580005880154305","sign":"538FC0BFFEAED938EE5B0C34F8306AB1"}

【2025-08-26 16:31:54】
P2025082607580005880154305----返回：{"code":"000000","msg":"P2025082607580005880154305","data":{"date":"2025-08-26 07:58:03","eid":"E45756448202508261058KFiiTvyS0ud","amount":"60","name":"Carlos Rander Leandro Brito","cpf":"11707855650","bankname":"null","payBank":"","payCpf":"","pixkey":"11707855650","account":"868446424","status":"done","order":"A20250826075801747747rVRVeeg61"},"sign":"15E9B8DBF603243E31647DE5B928191C"}

【2025-08-26 16:31:54】
P2025082616285836538212259----提交：{"custId":"24120300001308","appId":"8241201350","order":"P2025082616285836538212259","sign":"F4D07597EA0D1BB6F06699602807CDBE"}

【2025-08-26 16:31:55】
P2025082616285836538212259----返回：{"code":"000000","msg":"P2025082616285836538212259","data":{"date":"2025-08-26 16:29:02","eid":"E3571349120250826192900320424577","amount":"250","name":"Rodrigo Alves Tamiozzo","cpf":"03631921071","bankname":"NOVABET OFICIAL","payBank":"","payCpf":"","pixkey":"drigotamiozzo1952@gmail.com","account":"18236120","status":"done","order":"A20250826162859131165JwcbYicvV"},"sign":"7F967F4CC573808AD9FAFDDDFE28C0F9"}

【2025-08-26 16:41:33】
P2025082616342036860709247----提交：{"custId":"24120300001308","appId":"8241201350","order":"P2025082616342036860709247","sign":"D527FA921B19D0576A422005A2BA38F8"}

【2025-08-26 16:41:34】
P2025082616342036860709247----返回：{"code":"000000","msg":"P2025082616342036860709247","data":{"date":"2025-08-26 16:39:20","eid":"E35713491202508261939172436fedde","amount":"20","name":"Francisco Adaildo Barros da Silva","cpf":"00378527363","bankname":"NOVABET OFICIAL","payBank":"","payCpf":"","pixkey":"85986067072","account":"18236120","status":"done","order":"A20250826163421217955PNZfbmygW"},"sign":"C47BF63F7AA3A7ABD4494290DB19DE7A"}

【2025-08-26 16:47:45】
P2025082520171763837029380----提交：{"custId":"24120300001308","appId":"8241201350","order":"P2025082520171763837029380","sign":"F8FE0176A9DD031978FE9F9F8ED05030"}

【2025-08-26 16:47:46】
P2025082520171763837029380----返回：{"code":"000000","msg":"P2025082520171763837029380","data":{"date":"2025-08-25 20:17:25","eid":"E45756448202508252317NccX2QR6zEN","amount":"14","name":"Claudivánio Rodrigues Leal","cpf":"7872400367","bankname":"null","payBank":"","payCpf":"","pixkey":"98983154302","account":"957784103","status":"done","order":"A20250825201717742642T5srKrbdb"},"sign":"9D8F249B1D7D22243F9F2290185C0EA8"}

【2025-08-26 16:47:49】
P2025082520171763837029380----提交：{"custId":"24120300001308","appId":"8241201350","order":"P2025082520171763837029380","sign":"F8FE0176A9DD031978FE9F9F8ED05030"}

【2025-08-26 16:47:49】
P2025082520171763837029380----返回：{"code":"000000","msg":"P2025082520171763837029380","data":{"date":"2025-08-25 20:17:25","eid":"E45756448202508252317NccX2QR6zEN","amount":"14","name":"Claudivánio Rodrigues Leal","cpf":"7872400367","bankname":"null","payBank":"","payCpf":"","pixkey":"98983154302","account":"957784103","status":"done","order":"A20250825201717742642T5srKrbdb"},"sign":"9D8F249B1D7D22243F9F2290185C0EA8"}

【2025-08-26 16:49:31】
P2025082616370137021431416----提交：{"custId":"24120300001308","appId":"8241201350","order":"P2025082616370137021431416","sign":"2AF6CC473501FCDCD4AF7BBAAEBA5439"}

【2025-08-26 16:49:32】
P2025082616370137021431416----返回：{"code":"000000","msg":"P2025082616370137021431416","data":{"date":"2025-08-26 16:37:04","eid":"E357134912025082619370270008dca6","amount":"30","name":"Deise Soares Pereira","cpf":"18220270632","bankname":"NOVABET OFICIAL","payBank":"","payCpf":"","pixkey":"18220270632","account":"20855875","status":"done","order":"A20250826163702776004BlR1KlfPG"},"sign":"C7ED675BA216A5419B9D9BB7D526D0DD"}

【2025-08-26 16:49:34】
P2025082616370137021431416----提交：{"custId":"24120300001308","appId":"8241201350","order":"P2025082616370137021431416","sign":"2AF6CC473501FCDCD4AF7BBAAEBA5439"}

【2025-08-26 16:49:35】
P2025082616370137021431416----返回：{"code":"000000","msg":"P2025082616370137021431416","data":{"date":"2025-08-26 16:37:04","eid":"E357134912025082619370270008dca6","amount":"30","name":"Deise Soares Pereira","cpf":"18220270632","bankname":"NOVABET OFICIAL","payBank":"","payCpf":"","pixkey":"18220270632","account":"20855875","status":"done","order":"A20250826163702776004BlR1KlfPG"},"sign":"C7ED675BA216A5419B9D9BB7D526D0DD"}

