【2025-08-26 19:03:51】
P2025082601164881808678411----提交：{"custId":"24120300001308","appId":"8241201350","order":"P2025082601164881808678411","sign":"AEE7F230BD0ABB061BF23223E1002E3A"}

【2025-08-26 19:03:52】
P2025082601164881808678411----返回：{"code":"000000","msg":"P2025082601164881808678411","data":{"date":"2025-08-26 01:16:50","eid":"E45756448202508260416huBZqB0E63e","amount":"60","name":"EDINALDO RIBEIRO","cpf":"8801670923","bankname":"null","payBank":"","payCpf":"","pixkey":"08801670923","account":"12880000008119312579","status":"done","order":"A20250826011648690380QXamBVGhE"},"sign":"91850DEE7D34E3EADBF8641C2B672F0B"}

【2025-08-26 19:03:57】
P2025082601164881808678411----提交：{"custId":"24120300001308","appId":"8241201350","order":"P2025082601164881808678411","sign":"AEE7F230BD0ABB061BF23223E1002E3A"}

【2025-08-26 19:03:58】
P2025082601164881808678411----返回：{"code":"000000","msg":"P2025082601164881808678411","data":{"date":"2025-08-26 01:16:50","eid":"E45756448202508260416huBZqB0E63e","amount":"60","name":"EDINALDO RIBEIRO","cpf":"8801670923","bankname":"null","payBank":"","payCpf":"","pixkey":"08801670923","account":"12880000008119312579","status":"done","order":"A20250826011648690380QXamBVGhE"},"sign":"91850DEE7D34E3EADBF8641C2B672F0B"}

【2025-08-26 19:21:06】
P2025082616200836008092652----提交：{"custId":"24120300001308","appId":"8241201350","order":"P2025082616200836008092652","sign":"5D9F4E927EC390CC6D23A59E2B0BE8ED"}

【2025-08-26 19:21:06】
P2025082616200836008092652----返回：{"code":"000000","msg":"P2025082616200836008092652","data":{"date":"2025-08-26 16:21:06","eid":"E37205447202508261921030013b6454","amount":"1000","name":"Raquel Paula de Matos","cpf":"54388040282","bankname":"ORBION GAMING LTDA","payBank":"","payCpf":"","pixkey":"54388040282","account":"18236120","status":"done","order":"A20250826162102468061li1lLzN9l"},"sign":"B2329C720728FDFE6321404F344B5B01"}

【2025-08-26 19:21:07】
P2025082616200836008092652----提交：{"custId":"24120300001308","appId":"8241201350","order":"P2025082616200836008092652","sign":"5D9F4E927EC390CC6D23A59E2B0BE8ED"}

【2025-08-26 19:21:07】
P2025082616200836008092652----返回：{"code":"000000","msg":"P2025082616200836008092652","data":{"date":"2025-08-26 16:21:06","eid":"E37205447202508261921030013b6454","amount":"1000","name":"Raquel Paula de Matos","cpf":"54388040282","bankname":"ORBION GAMING LTDA","payBank":"","payCpf":"","pixkey":"54388040282","account":"18236120","status":"done","order":"A20250826162102468061li1lLzN9l"},"sign":"B2329C720728FDFE6321404F344B5B01"}

【2025-08-26 19:32:44】
P2025082613191925159597068----提交：{"custId":"24120300001308","appId":"8241201350","order":"P2025082613191925159597068","sign":"8C7B88AF8CBE3BD8E11C414A8ED44152"}

【2025-08-26 19:32:44】
P2025082613191925159597068----返回：{"code":"000000","msg":"P2025082613191925159597068","data":{"date":"2025-08-26 13:19:23","eid":"E45756448202508261619EQCIqXxY6Ua","amount":"200","name":"Naiara Ludmila Nascimento","cpf":"12024582974","bankname":"null","payBank":"","payCpf":"","pixkey":"43999712346","account":"28998726874","status":"done","order":"A20250826131920189769VL3b65zEZ"},"sign":"D4A6D92526E1779D933B1BCAA9E40128"}

【2025-08-26 19:32:46】
P2025082613191925159597068----提交：{"custId":"24120300001308","appId":"8241201350","order":"P2025082613191925159597068","sign":"8C7B88AF8CBE3BD8E11C414A8ED44152"}

【2025-08-26 19:32:47】
P2025082613191925159597068----返回：{"code":"000000","msg":"P2025082613191925159597068","data":{"date":"2025-08-26 13:19:23","eid":"E45756448202508261619EQCIqXxY6Ua","amount":"200","name":"Naiara Ludmila Nascimento","cpf":"12024582974","bankname":"null","payBank":"","payCpf":"","pixkey":"43999712346","account":"28998726874","status":"done","order":"A20250826131920189769VL3b65zEZ"},"sign":"D4A6D92526E1779D933B1BCAA9E40128"}

