【2025-08-26 08:12:08】
P2025082608110306663035970----提交：{"custId":"24120300001308","appId":"8241201350","order":"P2025082608110306663035970","sign":"05798C1E301C4BF63CF5E0710057A1EC"}

【2025-08-26 08:12:08】
P2025082608110306663035970----返回：{"code":"000000","msg":"P2025082608110306663035970","data":{"date":"2025-08-26 08:11:06","eid":"E457564482025082611119Rm9UjfeEGH","amount":"120.47","name":"JOSE DOMIRES MATOS GOMES","cpf":"67408931520","bankname":"null","payBank":"","payCpf":"","pixkey":"67408931520","account":"356916960","status":"done","order":"A20250826081103327545xymHCTM8s"},"sign":"F082DF99F8F99C6B7DF5327F51256798"}

【2025-08-26 08:12:11】
P2025082608110306663035970----提交：{"custId":"24120300001308","appId":"8241201350","order":"P2025082608110306663035970","sign":"05798C1E301C4BF63CF5E0710057A1EC"}

【2025-08-26 08:12:11】
P2025082608110306663035970----返回：{"code":"000000","msg":"P2025082608110306663035970","data":{"date":"2025-08-26 08:11:06","eid":"E457564482025082611119Rm9UjfeEGH","amount":"120.47","name":"JOSE DOMIRES MATOS GOMES","cpf":"67408931520","bankname":"null","payBank":"","payCpf":"","pixkey":"67408931520","account":"356916960","status":"done","order":"A20250826081103327545xymHCTM8s"},"sign":"F082DF99F8F99C6B7DF5327F51256798"}

【2025-08-26 08:14:33】
P2025082608125106771968738----提交：{"custId":"24120300001308","appId":"8241201350","order":"P2025082608125106771968738","sign":"91EBCDD4A922BAB58271542DA24BF550"}

【2025-08-26 08:14:33】
P2025082608125106771968738----返回：{"code":"000000","msg":"P2025082608125106771968738","data":{"date":"2025-08-26 08:12:52","eid":"E45756448202508261112Hd8DhrOFbUy","amount":"30","name":"KATIA MARIA LOURENCO","cpf":"14883671674","bankname":"null","payBank":"","payCpf":"","pixkey":"14883671674","account":"2779304731","status":"done","order":"A20250826081251806281aCqefRdv6"},"sign":"C1EC968F542DC20CB7B9CC3B51804788"}

【2025-08-26 08:14:36】
P2025082608125106771968738----提交：{"custId":"24120300001308","appId":"8241201350","order":"P2025082608125106771968738","sign":"91EBCDD4A922BAB58271542DA24BF550"}

【2025-08-26 08:14:36】
P2025082608125106771968738----返回：{"code":"000000","msg":"P2025082608125106771968738","data":{"date":"2025-08-26 08:12:52","eid":"E45756448202508261112Hd8DhrOFbUy","amount":"30","name":"KATIA MARIA LOURENCO","cpf":"14883671674","bankname":"null","payBank":"","payCpf":"","pixkey":"14883671674","account":"2779304731","status":"done","order":"A20250826081251806281aCqefRdv6"},"sign":"C1EC968F542DC20CB7B9CC3B51804788"}

【2025-08-26 08:17:00】
P2025082608110506665841873----提交：{"custId":"24120300001308","appId":"8241201350","order":"P2025082608110506665841873","sign":"C1DD5D0B280030335418C16D8D472FC5"}

【2025-08-26 08:17:00】
P2025082608110506665841873----返回：{"code":"000000","msg":"P2025082608110506665841873","data":{"date":"2025-08-26 08:11:08","eid":"E45756448202508261111LQztHGfQQkG","amount":"30","name":"KATIA MARIA LOURENCO","cpf":"14883671674","bankname":"null","payBank":"","payCpf":"","pixkey":"14883671674","account":"2779304731","status":"done","order":"A20250826081106545039mgRdAIMpu"},"sign":"1CF4906D6054FFF8A543E7A8E557D3C3"}

【2025-08-26 08:17:03】
P2025082608110506665841873----提交：{"custId":"24120300001308","appId":"8241201350","order":"P2025082608110506665841873","sign":"C1DD5D0B280030335418C16D8D472FC5"}

【2025-08-26 08:17:03】
P2025082608110506665841873----返回：{"code":"000000","msg":"P2025082608110506665841873","data":{"date":"2025-08-26 08:11:08","eid":"E45756448202508261111LQztHGfQQkG","amount":"30","name":"KATIA MARIA LOURENCO","cpf":"14883671674","bankname":"null","payBank":"","payCpf":"","pixkey":"14883671674","account":"2779304731","status":"done","order":"A20250826081106545039mgRdAIMpu"},"sign":"1CF4906D6054FFF8A543E7A8E557D3C3"}

【2025-08-26 08:17:26】
P2025082608110506665841873----提交：{"custId":"24120300001308","appId":"8241201350","order":"P2025082608110506665841873","sign":"C1DD5D0B280030335418C16D8D472FC5"}

【2025-08-26 08:17:27】
P2025082608110506665841873----返回：{"code":"000000","msg":"P2025082608110506665841873","data":{"date":"2025-08-26 08:11:08","eid":"E45756448202508261111LQztHGfQQkG","amount":"30","name":"KATIA MARIA LOURENCO","cpf":"14883671674","bankname":"null","payBank":"","payCpf":"","pixkey":"14883671674","account":"2779304731","status":"done","order":"A20250826081106545039mgRdAIMpu"},"sign":"1CF4906D6054FFF8A543E7A8E557D3C3"}

【2025-08-26 08:39:43】
P2025082608321707937443046----提交：{"custId":"24120300001308","appId":"8241201350","order":"P2025082608321707937443046","sign":"92DAE1102EDCA9BFB3D9D23CB3A8C73D"}

【2025-08-26 08:39:43】
P2025082608321707937443046----返回：{"code":"000000","msg":"P2025082608321707937443046","data":{"date":"2025-08-26 08:32:20","eid":"E45756448202508261132O9J1RjnaF02","amount":"30.2","name":"Danyelly Naftally Silva","cpf":"10981266452","bankname":"null","payBank":"","payCpf":"","pixkey":"10981266452","account":"9188806046","status":"done","order":"A20250826083217891885laRfy3F4w"},"sign":"5096CDF5D11E4CCB2264D23A38281ECB"}

【2025-08-26 08:39:45】
P2025082608321707937443046----提交：{"custId":"24120300001308","appId":"8241201350","order":"P2025082608321707937443046","sign":"92DAE1102EDCA9BFB3D9D23CB3A8C73D"}

【2025-08-26 08:39:45】
P2025082608321707937443046----返回：{"code":"000000","msg":"P2025082608321707937443046","data":{"date":"2025-08-26 08:32:20","eid":"E45756448202508261132O9J1RjnaF02","amount":"30.2","name":"Danyelly Naftally Silva","cpf":"10981266452","bankname":"null","payBank":"","payCpf":"","pixkey":"10981266452","account":"9188806046","status":"done","order":"A20250826083217891885laRfy3F4w"},"sign":"5096CDF5D11E4CCB2264D23A38281ECB"}

【2025-08-26 08:43:43】
P2025082608374608266549029----提交：{"custId":"24120300001308","appId":"8241201350","order":"P2025082608374608266549029","sign":"6350B4DFCEC6D35AEC2169B7FA44D00F"}

【2025-08-26 08:43:43】
P2025082608374608266549029----返回：{"code":"000000","msg":"P2025082608374608266549029","data":{"date":"2025-08-26 08:37:49","eid":"E45756448202508261137ugx7EFlHKkK","amount":"60","name":"William costa melo","cpf":"30134632877","bankname":"null","payBank":"","payCpf":"","pixkey":"30134632877","account":"116639972","status":"done","order":"A20250826083746298536AvbQzctZm"},"sign":"5967D9F06A23D9C5FE01E4EA7B9EB2A9"}

【2025-08-26 08:43:45】
P2025082608374608266549029----提交：{"custId":"24120300001308","appId":"8241201350","order":"P2025082608374608266549029","sign":"6350B4DFCEC6D35AEC2169B7FA44D00F"}

【2025-08-26 08:43:45】
P2025082608374608266549029----返回：{"code":"000000","msg":"P2025082608374608266549029","data":{"date":"2025-08-26 08:37:49","eid":"E45756448202508261137ugx7EFlHKkK","amount":"60","name":"William costa melo","cpf":"30134632877","bankname":"null","payBank":"","payCpf":"","pixkey":"30134632877","account":"116639972","status":"done","order":"A20250826083746298536AvbQzctZm"},"sign":"5967D9F06A23D9C5FE01E4EA7B9EB2A9"}

【2025-08-26 08:57:41】
P2025082608564709407178429----提交：{"custId":"24120300001308","appId":"8241201350","order":"P2025082608564709407178429","sign":"C864F5D12B097EAEE920F3B0A6A05D6F"}

【2025-08-26 08:57:41】
P2025082608564709407178429----返回：{"code":"000000","msg":"P2025082608564709407178429","data":{"date":"2025-08-26 08:56:50","eid":"E457564482025082611561Ta1Lm5heUm","amount":"50","name":"Ieda Sousa Da Silva","cpf":"70622908154","bankname":"null","payBank":"","payCpf":"","pixkey":"70622908154","account":"864365314","status":"done","order":"A20250826085647120781g3zjyi25x"},"sign":"B0D3AF256278EA7578DC9146195E2723"}

【2025-08-26 08:57:43】
P2025082608564709407178429----提交：{"custId":"24120300001308","appId":"8241201350","order":"P2025082608564709407178429","sign":"C864F5D12B097EAEE920F3B0A6A05D6F"}

【2025-08-26 08:57:43】
P2025082608564709407178429----返回：{"code":"000000","msg":"P2025082608564709407178429","data":{"date":"2025-08-26 08:56:50","eid":"E457564482025082611561Ta1Lm5heUm","amount":"50","name":"Ieda Sousa Da Silva","cpf":"70622908154","bankname":"null","payBank":"","payCpf":"","pixkey":"70622908154","account":"864365314","status":"done","order":"A20250826085647120781g3zjyi25x"},"sign":"B0D3AF256278EA7578DC9146195E2723"}

