【2025-08-26 17:04:05】
P2025082617030038580314349----提交：{"custId":"24120300001308","appId":"8241201350","order":"P2025082617030038580314349","sign":"B93ED2A4276276A5BE62478FD589468A"}

【2025-08-26 17:04:06】
P2025082617030038580314349----返回：{"code":"000000","msg":"P2025082617030038580314349","data":{"date":"2025-08-26 17:03:04","eid":"E3571349120250826200301437ad8ada","amount":"144.96","name":"JOSE DOMIRES MATOS GOMES","cpf":"67408931520","bankname":"NOVABET OFICIAL","payBank":"","payCpf":"","pixkey":"67408931520","account":"31872495","status":"done","order":"A202508261703001788773I1bqVTV8"},"sign":"D4F74FBB8D59AA0425D3DA472C67DA7D"}

【2025-08-26 17:04:08】
P2025082617030038580314349----提交：{"custId":"24120300001308","appId":"8241201350","order":"P2025082617030038580314349","sign":"B93ED2A4276276A5BE62478FD589468A"}

【2025-08-26 17:04:09】
P2025082617030038580314349----返回：{"code":"000000","msg":"P2025082617030038580314349","data":{"date":"2025-08-26 17:03:04","eid":"E3571349120250826200301437ad8ada","amount":"144.96","name":"JOSE DOMIRES MATOS GOMES","cpf":"67408931520","bankname":"NOVABET OFICIAL","payBank":"","payCpf":"","pixkey":"67408931520","account":"31872495","status":"done","order":"A202508261703001788773I1bqVTV8"},"sign":"D4F74FBB8D59AA0425D3DA472C67DA7D"}

【2025-08-26 17:34:37】
P2025082616162535785314636----提交：{"custId":"24120300001308","appId":"8241201350","order":"P2025082616162535785314636","sign":"64A485373B083A22FE4840319F96B9B2"}

【2025-08-26 17:34:38】
P2025082616162535785314636----返回：{"code":"000000","msg":"P2025082616162535785314636","data":{"date":"2025-08-26 16:17:04","eid":"E37205447202508261917019653c26ad","amount":"1000","name":"Joao Paulo Oliveira da Silva","cpf":"15668442748","bankname":"ORBION GAMING LTDA","payBank":"","payCpf":"","pixkey":"15668442748","account":"18236120","status":"done","order":"A20250826161701862986bjY7195K3"},"sign":"3652833DC8F39A115A55DC3750C48509"}

【2025-08-26 17:34:38】
P2025082616162535785314636----提交：{"custId":"24120300001308","appId":"8241201350","order":"P2025082616162535785314636","sign":"64A485373B083A22FE4840319F96B9B2"}

【2025-08-26 17:34:39】
P2025082616162535785314636----返回：{"code":"000000","msg":"P2025082616162535785314636","data":{"date":"2025-08-26 16:17:04","eid":"E37205447202508261917019653c26ad","amount":"1000","name":"Joao Paulo Oliveira da Silva","cpf":"15668442748","bankname":"ORBION GAMING LTDA","payBank":"","payCpf":"","pixkey":"15668442748","account":"18236120","status":"done","order":"A20250826161701862986bjY7195K3"},"sign":"3652833DC8F39A115A55DC3750C48509"}

【2025-08-26 17:38:47】
P2025082616162535785314636----提交：{"custId":"24120300001308","appId":"8241201350","order":"P2025082616162535785314636","sign":"64A485373B083A22FE4840319F96B9B2"}

【2025-08-26 17:38:47】
P2025082616162535785314636----返回：{"code":"000000","msg":"P2025082616162535785314636","data":{"date":"2025-08-26 16:17:04","eid":"E37205447202508261917019653c26ad","amount":"1000","name":"Joao Paulo Oliveira da Silva","cpf":"15668442748","bankname":"ORBION GAMING LTDA","payBank":"","payCpf":"","pixkey":"15668442748","account":"18236120","status":"done","order":"A20250826161701862986bjY7195K3"},"sign":"3652833DC8F39A115A55DC3750C48509"}

