【2025-08-26 00:35:17】
P2025082523464676406791243----提交：{"custId":"24120300001308","appId":"8241201350","order":"P2025082523464676406791243","sign":"AB948D6F49A5328B12DA2F28DFA8D6FF"}

【2025-08-26 00:35:17】
P2025082523464676406791243----返回：{"code":"000000","msg":"P2025082523464676406791243","data":{"date":"2025-08-25 23:46:49","eid":"E45756448202508260246VbNEQZGeWk6","amount":"20","name":"Alcilene Pereira de Oliveira","cpf":"3769665210","bankname":"null","payBank":"","payCpf":"","pixkey":"92993378934","account":"1684712879","status":"done","order":"A20250825234647603260CBFdusNZg"},"sign":"8685D049FF10972638A69BC894845CF7"}

【2025-08-26 00:35:19】
P2025082523464676406791243----提交：{"custId":"24120300001308","appId":"8241201350","order":"P2025082523464676406791243","sign":"AB948D6F49A5328B12DA2F28DFA8D6FF"}

【2025-08-26 00:35:19】
P2025082523464676406791243----返回：{"code":"000000","msg":"P2025082523464676406791243","data":{"date":"2025-08-25 23:46:49","eid":"E45756448202508260246VbNEQZGeWk6","amount":"20","name":"Alcilene Pereira de Oliveira","cpf":"3769665210","bankname":"null","payBank":"","payCpf":"","pixkey":"92993378934","account":"1684712879","status":"done","order":"A20250825234647603260CBFdusNZg"},"sign":"8685D049FF10972638A69BC894845CF7"}

【2025-08-26 00:35:19】
P2025082523464676406791243----提交：{"custId":"24120300001308","appId":"8241201350","order":"P2025082523464676406791243","sign":"AB948D6F49A5328B12DA2F28DFA8D6FF"}

【2025-08-26 00:35:19】
P2025082523464676406791243----返回：{"code":"000000","msg":"P2025082523464676406791243","data":{"date":"2025-08-25 23:46:49","eid":"E45756448202508260246VbNEQZGeWk6","amount":"20","name":"Alcilene Pereira de Oliveira","cpf":"3769665210","bankname":"null","payBank":"","payCpf":"","pixkey":"92993378934","account":"1684712879","status":"done","order":"A20250825234647603260CBFdusNZg"},"sign":"8685D049FF10972638A69BC894845CF7"}

【2025-08-26 00:35:19】
P2025082523464676406791243----提交：{"custId":"24120300001308","appId":"8241201350","order":"P2025082523464676406791243","sign":"AB948D6F49A5328B12DA2F28DFA8D6FF"}

【2025-08-26 00:35:19】
P2025082523464676406791243----返回：{"code":"000000","msg":"P2025082523464676406791243","data":{"date":"2025-08-25 23:46:49","eid":"E45756448202508260246VbNEQZGeWk6","amount":"20","name":"Alcilene Pereira de Oliveira","cpf":"3769665210","bankname":"null","payBank":"","payCpf":"","pixkey":"92993378934","account":"1684712879","status":"done","order":"A20250825234647603260CBFdusNZg"},"sign":"8685D049FF10972638A69BC894845CF7"}

【2025-08-26 00:36:35】
P2025082600360379363095743----提交：{"custId":"24120300001308","appId":"8241201350","order":"P2025082600360379363095743","sign":"2609DCDE8290965AC4108824F20E29A6"}

【2025-08-26 00:36:36】
P2025082600360379363095743----返回：{"code":"000000","msg":"P2025082600360379363095743","data":{"date":"2025-08-26 00:36:06","eid":"E4575644820250826033696KgmiR6y02","amount":"3000","name":"MICHEL MEDEIROS CORREA","cpf":"59583690244","bankname":"null","payBank":"","payCpf":"","pixkey":"59583690244","account":"1330497","status":"done","order":"A20250826003603129035V85I8F39m"},"sign":"A3C4D52F2FAF7FEEBAB9E0F1BAC4827E"}

【2025-08-26 00:36:38】
P2025082600360379363095743----提交：{"custId":"24120300001308","appId":"8241201350","order":"P2025082600360379363095743","sign":"2609DCDE8290965AC4108824F20E29A6"}

【2025-08-26 00:36:38】
P2025082600360379363095743----返回：{"code":"000000","msg":"P2025082600360379363095743","data":{"date":"2025-08-26 00:36:06","eid":"E4575644820250826033696KgmiR6y02","amount":"3000","name":"MICHEL MEDEIROS CORREA","cpf":"59583690244","bankname":"null","payBank":"","payCpf":"","pixkey":"59583690244","account":"1330497","status":"done","order":"A20250826003603129035V85I8F39m"},"sign":"A3C4D52F2FAF7FEEBAB9E0F1BAC4827E"}

【2025-08-26 00:43:05】
P2025082600373479454909371----提交：{"custId":"24120300001308","appId":"8241201350","order":"P2025082600373479454909371","sign":"BC5BBA04C5446A4FDF698C1B2E983B24"}

【2025-08-26 00:43:05】
P2025082600373479454909371----返回：{"code":"000000","msg":"P2025082600373479454909371","data":{"date":"2025-08-26 00:37:37","eid":"E45756448202508260337EVzjQThl06q","amount":"29","name":"BENJAMIN PRICHUA","cpf":"23178981004","bankname":"null","payBank":"","payCpf":"","pixkey":"23178981004","account":"386924","status":"done","order":"A202508260037356818721u9C9xz6w"},"sign":"02D1D7966996A5961573CEFB508E2D76"}

【2025-08-26 00:43:07】
P2025082600373479454909371----提交：{"custId":"24120300001308","appId":"8241201350","order":"P2025082600373479454909371","sign":"BC5BBA04C5446A4FDF698C1B2E983B24"}

【2025-08-26 00:43:07】
P2025082600373479454909371----返回：{"code":"000000","msg":"P2025082600373479454909371","data":{"date":"2025-08-26 00:37:37","eid":"E45756448202508260337EVzjQThl06q","amount":"29","name":"BENJAMIN PRICHUA","cpf":"23178981004","bankname":"null","payBank":"","payCpf":"","pixkey":"23178981004","account":"386924","status":"done","order":"A202508260037356818721u9C9xz6w"},"sign":"02D1D7966996A5961573CEFB508E2D76"}

【2025-08-26 00:49:11】
P2025082600481380093914543----提交：{"custId":"24120300001308","appId":"8241201350","order":"P2025082600481380093914543","sign":"E34C2528B09146C528E6912A05825DD6"}

【2025-08-26 00:49:11】
P2025082600481380093914543----返回：{"code":"000000","msg":"P2025082600481380093914543","data":{"date":"2025-08-26 00:48:16","eid":"E45756448202508260348gNqbuV5hkym","amount":"23","name":"GABRIEL SANTOS DA SILVA","cpf":"45933609862","bankname":"null","payBank":"","payCpf":"","pixkey":"gabrielcamila616@gmail.com","account":"10920214","status":"done","order":"A20250826004813997737uKIxJp7rB"},"sign":"F6CAB10C5AFCB4CD581A178D9E346DD7"}

【2025-08-26 00:49:14】
P2025082600481380093914543----提交：{"custId":"24120300001308","appId":"8241201350","order":"P2025082600481380093914543","sign":"E34C2528B09146C528E6912A05825DD6"}

【2025-08-26 00:49:14】
P2025082600481380093914543----返回：{"code":"000000","msg":"P2025082600481380093914543","data":{"date":"2025-08-26 00:48:16","eid":"E45756448202508260348gNqbuV5hkym","amount":"23","name":"GABRIEL SANTOS DA SILVA","cpf":"45933609862","bankname":"null","payBank":"","payCpf":"","pixkey":"gabrielcamila616@gmail.com","account":"10920214","status":"done","order":"A20250826004813997737uKIxJp7rB"},"sign":"F6CAB10C5AFCB4CD581A178D9E346DD7"}

