【2025-08-26 13:11:48】
P2025082612055020750927472----提交：{"custId":"24120300001308","appId":"8241201350","order":"P2025082612055020750927472","sign":"F012950A17AE36CBFF37A7DC4F11942E"}

【2025-08-26 13:11:49】
P2025082612055020750927472----返回：{"code":"000000","msg":"P2025082612055020750927472","data":{"date":"2025-08-26 12:05:54","eid":"E45756448202508261505qm0I16aXXUe","amount":"90","name":"TRACY ALAIDE CHAVES ARVANI","cpf":"59144102828","bankname":"null","payBank":"","payCpf":"","pixkey":"59144102828","account":"12880000007381706831","status":"done","order":"A20250826120551237768L81mXBJY6"},"sign":"E6673537AAF7E26FE1BF43711E70F05E"}

【2025-08-26 13:12:35】
P2025082612055020750927472----提交：{"custId":"24120300001308","appId":"8241201350","order":"P2025082612055020750927472","sign":"F012950A17AE36CBFF37A7DC4F11942E"}

【2025-08-26 13:12:35】
P2025082612055020750927472----返回：{"code":"000000","msg":"P2025082612055020750927472","data":{"date":"2025-08-26 12:05:54","eid":"E45756448202508261505qm0I16aXXUe","amount":"90","name":"TRACY ALAIDE CHAVES ARVANI","cpf":"59144102828","bankname":"null","payBank":"","payCpf":"","pixkey":"59144102828","account":"12880000007381706831","status":"done","order":"A20250826120551237768L81mXBJY6"},"sign":"E6673537AAF7E26FE1BF43711E70F05E"}

【2025-08-26 13:13:19】
P2025082613120424724642405----提交：{"custId":"24120300001308","appId":"8241201350","order":"P2025082613120424724642405","sign":"CB74FB9D9A808183DEABCCB92B99B630"}

【2025-08-26 13:13:20】
P2025082613120424724642405----返回：{"code":"000000","msg":"P2025082613120424724642405","data":{"date":"2025-08-26 13:13:05","eid":"E45756448202508261613w6yuqW74vEu","amount":"5000","name":"FELIPE MARIANO DA SILVA","cpf":"70176907610","bankname":"null","payBank":"","payCpf":"","pixkey":"70176907610","account":"12880000007662429335","status":"done","order":"A20250826131302152703uIs1Iy1IV"},"sign":"FCEBE380EC81AE52890D08A0C3D0F1D9"}

【2025-08-26 13:13:21】
P2025082613120424724642405----提交：{"custId":"24120300001308","appId":"8241201350","order":"P2025082613120424724642405","sign":"CB74FB9D9A808183DEABCCB92B99B630"}

【2025-08-26 13:13:21】
P2025082613120424724642405----返回：{"code":"000000","msg":"P2025082613120424724642405","data":{"date":"2025-08-26 13:13:05","eid":"E45756448202508261613w6yuqW74vEu","amount":"5000","name":"FELIPE MARIANO DA SILVA","cpf":"70176907610","bankname":"null","payBank":"","payCpf":"","pixkey":"70176907610","account":"12880000007662429335","status":"done","order":"A20250826131302152703uIs1Iy1IV"},"sign":"FCEBE380EC81AE52890D08A0C3D0F1D9"}

【2025-08-26 13:14:28】
P2025062813530329583845289----提交：{"custId":"24120300001308","appId":"8241201350","order":"P2025062813530329583845289","sign":"20E59DEFC0483D500DC0B26EBF306631"}

【2025-08-26 13:14:28】
P2025062813530329583845289----返回：{"code":"000000","msg":"P2025062813530329583845289","data":{"date":"2025-06-28 13:54:11","eid":"E14483955202506281654JCPHO50ZG83","amount":"20","name":"EMERSON FERREIRA COSTA","cpf":"***.647.432-**","bankname":"60746948","payBank":"","payCpf":"","pixkey":"ec7739695@gmail.com","account":"ec7739695@gmail.com","status":"done","order":"A20250628135401574153B1icKnTTz"},"sign":"C9F502F76B8F51388360CACC2AD0C248"}

【2025-08-26 13:24:10】
P2025082613234625426195486----提交：{"custId":"24120300001308","appId":"8241201350","order":"P2025082613234625426195486","sign":"113F595EACB65695D81466D44F2F81FA"}

【2025-08-26 13:24:11】
P2025082613234625426195486----返回：{"code":"000000","msg":"P2025082613234625426195486","data":{"date":"2025-08-26 13:24:04","eid":"E45756448202508261624KBLqASTQ60a","amount":"600","name":"PATRICIA DO NASCIMENTO MARIANO","cpf":"5891511347","bankname":"null","payBank":"","payCpf":"","pixkey":"+5585982057088","account":"446021466","status":"done","order":"A20250826132402758852PQIgLhBGT"},"sign":"3FC659799FA85983B75B9DC92628A6EC"}

【2025-08-26 13:24:12】
P2025082613234625426195486----提交：{"custId":"24120300001308","appId":"8241201350","order":"P2025082613234625426195486","sign":"113F595EACB65695D81466D44F2F81FA"}

【2025-08-26 13:24:12】
P2025082613234625426195486----返回：{"code":"000000","msg":"P2025082613234625426195486","data":{"date":"2025-08-26 13:24:04","eid":"E45756448202508261624KBLqASTQ60a","amount":"600","name":"PATRICIA DO NASCIMENTO MARIANO","cpf":"5891511347","bankname":"null","payBank":"","payCpf":"","pixkey":"+5585982057088","account":"446021466","status":"done","order":"A20250826132402758852PQIgLhBGT"},"sign":"3FC659799FA85983B75B9DC92628A6EC"}

【2025-08-26 13:32:10】
P2025082611163817798459280----提交：{"custId":"24120300001308","appId":"8241201350","order":"P2025082611163817798459280","sign":"B83BCF3B8FE2C27BDBF52AE0FF6EDF2E"}

【2025-08-26 13:32:11】
P2025082611163817798459280----返回：{"code":"000000","msg":"P2025082611163817798459280","data":{"date":"2025-08-26 11:16:41","eid":"E457564482025082614163HTtWLPiDki","amount":"20","name":"JULIANA GUIMARAES ARES","cpf":"5190196283","bankname":"null","payBank":"","payCpf":"","pixkey":"97991803639","account":"1094722138","status":"done","order":"A20250826111638007939CX1H72B3R"},"sign":"6EDF57E76214B15761F8A7515CF16C45"}

【2025-08-26 13:55:13】
P2025082613401226412098138----提交：{"custId":"24120300001308","appId":"8241201350","order":"P2025082613401226412098138","sign":"09779CA1FECDC0B00617BC049FD4D675"}

【2025-08-26 13:55:14】
P2025082613401226412098138----返回：{"code":"000000","msg":"P2025082613401226412098138","data":{"date":"2025-08-26 13:40:15","eid":"E45756448202508261640R7uGNo8wUOL","amount":"20","name":"Roberto da Silva","cpf":"19624530653","bankname":"null","payBank":"","payCpf":"","pixkey":"19624530653","account":"1265529959","status":"done","order":"A202508261340120893035d7Z6u9Bx"},"sign":"532C4D070FF5CED028CFB40DAF537587"}

【2025-08-26 13:55:26】
P2025082613401226412098138----提交：{"custId":"24120300001308","appId":"8241201350","order":"P2025082613401226412098138","sign":"09779CA1FECDC0B00617BC049FD4D675"}

【2025-08-26 13:55:26】
P2025082613401226412098138----返回：{"code":"000000","msg":"P2025082613401226412098138","data":{"date":"2025-08-26 13:40:15","eid":"E45756448202508261640R7uGNo8wUOL","amount":"20","name":"Roberto da Silva","cpf":"19624530653","bankname":"null","payBank":"","payCpf":"","pixkey":"19624530653","account":"1265529959","status":"done","order":"A202508261340120893035d7Z6u9Bx"},"sign":"532C4D070FF5CED028CFB40DAF537587"}

【2025-08-26 13:55:28】
P2025082613380226282489401----提交：{"custId":"24120300001308","appId":"8241201350","order":"P2025082613380226282489401","sign":"234E2DD9617F4681B29044FC6365D4B7"}

【2025-08-26 13:55:28】
P2025082613380226282489401----返回：{"code":"000000","msg":"P2025082613380226282489401","data":{"date":"2025-08-26 13:38:05","eid":"E45756448202508261638k2WgkegHMEW","amount":"30","name":"Roberto da Silva","cpf":"19624530653","bankname":"null","payBank":"","payCpf":"","pixkey":"19624530653","account":"1265529959","status":"done","order":"A20250826133802898508nCcjbpTUl"},"sign":"899D92D8B659539E335F32EAAAB8DC6D"}

【2025-08-26 13:55:37】
P2025082613380226282489401----提交：{"custId":"24120300001308","appId":"8241201350","order":"P2025082613380226282489401","sign":"234E2DD9617F4681B29044FC6365D4B7"}

【2025-08-26 13:55:38】
P2025082613380226282489401----返回：{"code":"000000","msg":"P2025082613380226282489401","data":{"date":"2025-08-26 13:38:05","eid":"E45756448202508261638k2WgkegHMEW","amount":"30","name":"Roberto da Silva","cpf":"19624530653","bankname":"null","payBank":"","payCpf":"","pixkey":"19624530653","account":"1265529959","status":"done","order":"A20250826133802898508nCcjbpTUl"},"sign":"899D92D8B659539E335F32EAAAB8DC6D"}

