【2025-08-26 15:08:38】
P2025082611280018480217320----提交：{"custId":"24120300001308","appId":"8241201350","order":"P2025082611280018480217320","sign":"5978DD776AECE7F46A51D43FDA011B88"}

【2025-08-26 15:08:39】
P2025082611280018480217320----返回：{"code":"000000","msg":"P2025082611280018480217320","data":{"date":"2025-08-26 11:28:06","eid":"E457564482025082614281khyCAfvj02","amount":"10","name":"Alessandra Lemos Martins","cpf":"63263402331","bankname":"null","payBank":"","payCpf":"","pixkey":"63263402331","account":"1074414772","status":"done","order":"A20250826112801846712AEgU5u9I2"},"sign":"AF80A92849121D13E8ED95745B663C18"}

【2025-08-26 15:08:41】
P2025082611280018480217320----提交：{"custId":"24120300001308","appId":"8241201350","order":"P2025082611280018480217320","sign":"5978DD776AECE7F46A51D43FDA011B88"}

【2025-08-26 15:08:42】
P2025082611280018480217320----返回：{"code":"000000","msg":"P2025082611280018480217320","data":{"date":"2025-08-26 11:28:06","eid":"E457564482025082614281khyCAfvj02","amount":"10","name":"Alessandra Lemos Martins","cpf":"63263402331","bankname":"null","payBank":"","payCpf":"","pixkey":"63263402331","account":"1074414772","status":"done","order":"A20250826112801846712AEgU5u9I2"},"sign":"AF80A92849121D13E8ED95745B663C18"}

【2025-08-26 15:09:04】
P2025082615051531515507627----提交：{"custId":"24120300001308","appId":"8241201350","order":"P2025082615051531515507627","sign":"93A8796846573982A5CF30B55AF16F82"}

【2025-08-26 15:09:05】
P2025082615051531515507627----返回：{"code":"000000","msg":"P2025082615051531515507627","data":{"date":"2025-08-26 15:08:14","eid":"E3571349120250826180811516926084","amount":"200","name":"Stefanny Emanuelly da Silva","cpf":"17285102601","bankname":"NOVABET OFICIAL","payBank":"","payCpf":"","pixkey":"17285102601","account":"18236120","status":"done","order":"A20250826150810127180AImWi4YYI"},"sign":"7DE31525DA267527687B940493B9854A"}

【2025-08-26 15:09:07】
P2025082615051531515507627----提交：{"custId":"24120300001308","appId":"8241201350","order":"P2025082615051531515507627","sign":"93A8796846573982A5CF30B55AF16F82"}

【2025-08-26 15:09:08】
P2025082615051531515507627----返回：{"code":"000000","msg":"P2025082615051531515507627","data":{"date":"2025-08-26 15:08:14","eid":"E3571349120250826180811516926084","amount":"200","name":"Stefanny Emanuelly da Silva","cpf":"17285102601","bankname":"NOVABET OFICIAL","payBank":"","payCpf":"","pixkey":"17285102601","account":"18236120","status":"done","order":"A20250826150810127180AImWi4YYI"},"sign":"7DE31525DA267527687B940493B9854A"}

【2025-08-26 15:18:24】
P2025082521183167511831287----提交：{"custId":"24120300001308","appId":"8241201350","order":"P2025082521183167511831287","sign":"AD202E55A12D23F793A777805714F68B"}

【2025-08-26 15:18:24】
P2025082521183167511831287----返回：{"code":"000000","msg":"P2025082521183167511831287","data":{"date":"2025-08-25 21:18:35","eid":"E45756448202508260018Tuwt9qtFsU2","amount":"500","name":"LUCAS LUNA XAVIER","cpf":"10907623999","bankname":"null","payBank":"","payCpf":"","pixkey":"41991934754","account":"1593234","status":"done","order":"A20250825211832590266dksuN2Vjm"},"sign":"26A3978A92CB6DADF20FF998A48DDBEE"}

【2025-08-26 15:18:26】
P2025082521183167511831287----提交：{"custId":"24120300001308","appId":"8241201350","order":"P2025082521183167511831287","sign":"AD202E55A12D23F793A777805714F68B"}

【2025-08-26 15:18:27】
P2025082521183167511831287----返回：{"code":"000000","msg":"P2025082521183167511831287","data":{"date":"2025-08-25 21:18:35","eid":"E45756448202508260018Tuwt9qtFsU2","amount":"500","name":"LUCAS LUNA XAVIER","cpf":"10907623999","bankname":"null","payBank":"","payCpf":"","pixkey":"41991934754","account":"1593234","status":"done","order":"A20250825211832590266dksuN2Vjm"},"sign":"26A3978A92CB6DADF20FF998A48DDBEE"}

【2025-08-26 15:24:02】
P2025082518501658616885203----提交：{"custId":"24120300001308","appId":"8241201350","order":"P2025082518501658616885203","sign":"85A8AC65AC04B2AB2FB4168E4ED32A60"}

【2025-08-26 15:24:02】
P2025082518501658616885203----返回：{"code":"000000","msg":"P2025082518501658616885203","data":{"date":"2025-08-25 18:50:20","eid":"E45756448202508252150w1DhJgf0WrY","amount":"25","name":"MARCOS LENTZ","cpf":"4808014955","bankname":"null","payBank":"","payCpf":"","pixkey":"04808014955","account":"1008632112","status":"done","order":"A20250825185017410337lY7Fs9DWL"},"sign":"F233CBAE45AFDB065059D9158431F3A7"}

【2025-08-26 15:24:12】
P2025082518501658616885203----提交：{"custId":"24120300001308","appId":"8241201350","order":"P2025082518501658616885203","sign":"85A8AC65AC04B2AB2FB4168E4ED32A60"}

【2025-08-26 15:24:13】
P2025082518501658616885203----返回：{"code":"000000","msg":"P2025082518501658616885203","data":{"date":"2025-08-25 18:50:20","eid":"E45756448202508252150w1DhJgf0WrY","amount":"25","name":"MARCOS LENTZ","cpf":"4808014955","bankname":"null","payBank":"","payCpf":"","pixkey":"04808014955","account":"1008632112","status":"done","order":"A20250825185017410337lY7Fs9DWL"},"sign":"F233CBAE45AFDB065059D9158431F3A7"}

【2025-08-26 15:46:16】
P2025081920274346063522802----提交：{"custId":"24120300001308","appId":"8241201350","order":"P2025081920274346063522802","sign":"16B2920F6ADE276B5BB4CE6CB5FF6187"}

【2025-08-26 15:46:17】
P2025081920274346063522802----返回：{"code":"000000","msg":"P2025081920274346063522802","data":{"date":"2025-08-19 20:28:07","eid":"E3720544720250819232803170298f9f","amount":"500","name":"VANESSA FERREIRA DA SILVA","cpf":"11394093446","bankname":"ORBION GAMING LTDA","payBank":"","payCpf":"","pixkey":"11394093446","account":"60701190","status":"done","order":"A202508192028021966059dXyjJVuB"},"sign":"EB363EC8EC280B22C1FE92ED7887348D"}

【2025-08-26 15:46:18】
P2025081920274346063522802----提交：{"custId":"24120300001308","appId":"8241201350","order":"P2025081920274346063522802","sign":"16B2920F6ADE276B5BB4CE6CB5FF6187"}

【2025-08-26 15:46:19】
P2025081920274346063522802----返回：{"code":"000000","msg":"P2025081920274346063522802","data":{"date":"2025-08-19 20:28:07","eid":"E3720544720250819232803170298f9f","amount":"500","name":"VANESSA FERREIRA DA SILVA","cpf":"11394093446","bankname":"ORBION GAMING LTDA","payBank":"","payCpf":"","pixkey":"11394093446","account":"60701190","status":"done","order":"A202508192028021966059dXyjJVuB"},"sign":"EB363EC8EC280B22C1FE92ED7887348D"}

【2025-08-26 15:46:24】
P2025081920274346063522802----提交：{"custId":"24120300001308","appId":"8241201350","order":"P2025081920274346063522802","sign":"16B2920F6ADE276B5BB4CE6CB5FF6187"}

【2025-08-26 15:46:25】
P2025081920274346063522802----返回：{"code":"000000","msg":"P2025081920274346063522802","data":{"date":"2025-08-19 20:28:07","eid":"E3720544720250819232803170298f9f","amount":"500","name":"VANESSA FERREIRA DA SILVA","cpf":"11394093446","bankname":"ORBION GAMING LTDA","payBank":"","payCpf":"","pixkey":"11394093446","account":"60701190","status":"done","order":"A202508192028021966059dXyjJVuB"},"sign":"EB363EC8EC280B22C1FE92ED7887348D"}

