【2025-08-26 14:05:19】
P2025082613330325983504350----提交：{"custId":"24120300001308","appId":"8241201350","order":"P2025082613330325983504350","sign":"00920C893A26B586B36F13A91A4EE19C"}

【2025-08-26 14:05:20】
P2025082613330325983504350----返回：{"code":"000000","msg":"P2025082613330325983504350","data":{"date":"2025-08-26 13:33:06","eid":"E45756448202508261633mKJ1prYg60K","amount":"100","name":"WELSON SANTINO PEREIRA","cpf":"7539319402","bankname":"null","payBank":"","payCpf":"","pixkey":"07539319402","account":"208712380","status":"done","order":"A202508261333035564082UetSvkS5"},"sign":"D8AB904D493C5A1B4169D3AC3E39D17F"}

【2025-08-26 14:05:22】
P2025082613330325983504350----提交：{"custId":"24120300001308","appId":"8241201350","order":"P2025082613330325983504350","sign":"00920C893A26B586B36F13A91A4EE19C"}

【2025-08-26 14:05:23】
P2025082613330325983504350----返回：{"code":"000000","msg":"P2025082613330325983504350","data":{"date":"2025-08-26 13:33:06","eid":"E45756448202508261633mKJ1prYg60K","amount":"100","name":"WELSON SANTINO PEREIRA","cpf":"7539319402","bankname":"null","payBank":"","payCpf":"","pixkey":"07539319402","account":"208712380","status":"done","order":"A202508261333035564082UetSvkS5"},"sign":"D8AB904D493C5A1B4169D3AC3E39D17F"}

【2025-08-26 14:13:48】
P2025082613330325983504350----提交：{"custId":"24120300001308","appId":"8241201350","order":"P2025082613330325983504350","sign":"00920C893A26B586B36F13A91A4EE19C"}

【2025-08-26 14:13:49】
P2025082613330325983504350----返回：{"code":"000000","msg":"P2025082613330325983504350","data":{"date":"2025-08-26 13:33:06","eid":"E45756448202508261633mKJ1prYg60K","amount":"100","name":"WELSON SANTINO PEREIRA","cpf":"7539319402","bankname":"null","payBank":"","payCpf":"","pixkey":"07539319402","account":"208712380","status":"done","order":"A202508261333035564082UetSvkS5"},"sign":"D8AB904D493C5A1B4169D3AC3E39D17F"}

【2025-08-26 14:23:17】
P2025082613330325983504350----提交：{"custId":"24120300001308","appId":"8241201350","order":"P2025082613330325983504350","sign":"00920C893A26B586B36F13A91A4EE19C"}

【2025-08-26 14:23:18】
P2025082613330325983504350----返回：{"code":"000000","msg":"P2025082613330325983504350","data":{"date":"2025-08-26 13:33:06","eid":"E45756448202508261633mKJ1prYg60K","amount":"100","name":"WELSON SANTINO PEREIRA","cpf":"7539319402","bankname":"null","payBank":"","payCpf":"","pixkey":"07539319402","account":"208712380","status":"done","order":"A202508261333035564082UetSvkS5"},"sign":"D8AB904D493C5A1B4169D3AC3E39D17F"}

【2025-08-26 14:25:03】
P2025082613330325983504350----提交：{"custId":"24120300001308","appId":"8241201350","order":"P2025082613330325983504350","sign":"00920C893A26B586B36F13A91A4EE19C"}

【2025-08-26 14:25:03】
P2025082613330325983504350----返回：{"code":"000000","msg":"P2025082613330325983504350","data":{"date":"2025-08-26 13:33:06","eid":"E45756448202508261633mKJ1prYg60K","amount":"100","name":"WELSON SANTINO PEREIRA","cpf":"7539319402","bankname":"null","payBank":"","payCpf":"","pixkey":"07539319402","account":"208712380","status":"done","order":"A202508261333035564082UetSvkS5"},"sign":"D8AB904D493C5A1B4169D3AC3E39D17F"}

【2025-08-26 14:25:35】
P2025082613330325983504350----提交：{"custId":"24120300001308","appId":"8241201350","order":"P2025082613330325983504350","sign":"00920C893A26B586B36F13A91A4EE19C"}

【2025-08-26 14:25:36】
P2025082613330325983504350----返回：{"code":"000000","msg":"P2025082613330325983504350","data":{"date":"2025-08-26 13:33:06","eid":"E45756448202508261633mKJ1prYg60K","amount":"100","name":"WELSON SANTINO PEREIRA","cpf":"7539319402","bankname":"null","payBank":"","payCpf":"","pixkey":"07539319402","account":"208712380","status":"done","order":"A202508261333035564082UetSvkS5"},"sign":"D8AB904D493C5A1B4169D3AC3E39D17F"}

【2025-08-26 14:47:59】
P2025082608494208982924077----提交：{"custId":"24120300001308","appId":"8241201350","order":"P2025082608494208982924077","sign":"4C8CBF0BCDE2DAB3FD84C71795F903DE"}

【2025-08-26 14:47:59】
P2025082608494208982924077----返回：{"code":"000000","msg":"P2025082608494208982924077","data":{"date":"2025-08-26 08:49:44","eid":"E45756448202508261149XGRng0FHOUG","amount":"20","name":"ROSANGELA FERNANDES DE SOUZA DA SILVA","cpf":"60762136200","bankname":"null","payBank":"","payCpf":"","pixkey":"60762136200","account":"12880000008703937982","status":"done","order":"A202508260849425652501Ysc3JHlg"},"sign":"06F53E88292CF84275D26CF15E379055"}

【2025-08-26 14:48:06】
P2025082608494208982924077----提交：{"custId":"24120300001308","appId":"8241201350","order":"P2025082608494208982924077","sign":"4C8CBF0BCDE2DAB3FD84C71795F903DE"}

【2025-08-26 14:48:07】
P2025082608494208982924077----返回：{"code":"000000","msg":"P2025082608494208982924077","data":{"date":"2025-08-26 08:49:44","eid":"E45756448202508261149XGRng0FHOUG","amount":"20","name":"ROSANGELA FERNANDES DE SOUZA DA SILVA","cpf":"60762136200","bankname":"null","payBank":"","payCpf":"","pixkey":"60762136200","account":"12880000008703937982","status":"done","order":"A202508260849425652501Ysc3JHlg"},"sign":"06F53E88292CF84275D26CF15E379055"}

