【2025-08-26 10:14:49】
P2025082610081513695481488----提交：{"custId":"24120300001308","appId":"8241201350","order":"P2025082610081513695481488","sign":"508C4DABB516720EA2E1E2098570281B"}

【2025-08-26 10:14:49】
P2025082610081513695481488----返回：{"code":"000000","msg":"P2025082610081513695481488","data":{"date":"2025-08-26 10:08:19","eid":"E45756448202508261308PwdXyzpqECu","amount":"100","name":"ROSIMEIRE DE ARAUJO","cpf":"267888538","bankname":"null","payBank":"","payCpf":"","pixkey":"00267888538","account":"292605","status":"done","order":"A20250826100816714485i58h4gXY6"},"sign":"D5E38DF29D092F845376BFBEDC2E9671"}

【2025-08-26 10:14:52】
P2025082610081513695481488----提交：{"custId":"24120300001308","appId":"8241201350","order":"P2025082610081513695481488","sign":"508C4DABB516720EA2E1E2098570281B"}

【2025-08-26 10:14:52】
P2025082610081513695481488----返回：{"code":"000000","msg":"P2025082610081513695481488","data":{"date":"2025-08-26 10:08:19","eid":"E45756448202508261308PwdXyzpqECu","amount":"100","name":"ROSIMEIRE DE ARAUJO","cpf":"267888538","bankname":"null","payBank":"","payCpf":"","pixkey":"00267888538","account":"292605","status":"done","order":"A20250826100816714485i58h4gXY6"},"sign":"D5E38DF29D092F845376BFBEDC2E9671"}

【2025-08-26 10:27:57】
P2025082609493912579031460----提交：{"custId":"24120300001308","appId":"8241201350","order":"P2025082609493912579031460","sign":"001D6A6E13FB079446471A7628B565B2"}

【2025-08-26 10:27:57】
P2025082609493912579031460----返回：{"code":"000000","msg":"P2025082609493912579031460","data":{"date":"2025-08-26 09:49:42","eid":"E457564482025082612494dpZ898wEiW","amount":"50","name":"Luardo Julio Dos Santos","cpf":"4454020329","bankname":"null","payBank":"","payCpf":"","pixkey":"04454020329","account":"36285262891","status":"done","order":"A20250826094939313254X8sHR5V9M"},"sign":"1180C9497C6571D7F58B2F24A4E21B2F"}

【2025-08-26 10:28:00】
P2025082609493912579031460----提交：{"custId":"24120300001308","appId":"8241201350","order":"P2025082609493912579031460","sign":"001D6A6E13FB079446471A7628B565B2"}

【2025-08-26 10:28:01】
P2025082609493912579031460----返回：{"code":"000000","msg":"P2025082609493912579031460","data":{"date":"2025-08-26 09:49:42","eid":"E457564482025082612494dpZ898wEiW","amount":"50","name":"Luardo Julio Dos Santos","cpf":"4454020329","bankname":"null","payBank":"","payCpf":"","pixkey":"04454020329","account":"36285262891","status":"done","order":"A20250826094939313254X8sHR5V9M"},"sign":"1180C9497C6571D7F58B2F24A4E21B2F"}

【2025-08-26 10:36:42】
P2025082610203614436126827----提交：{"custId":"24120300001308","appId":"8241201350","order":"P2025082610203614436126827","sign":"AA9EE2AF52C0E2F40A590C9D66C95208"}

【2025-08-26 10:36:43】
P2025082610203614436126827----返回：{"code":"000000","msg":"P2025082610203614436126827","data":{"date":"2025-08-26 10:20:39","eid":"E45756448202508261320wL6AvHAGt06","amount":"300","name":"VILSON PRATES DOS SANTOS","cpf":"91019354020","bankname":"null","payBank":"","payCpf":"","pixkey":"91019354020","account":"12880000008110881929","status":"done","order":"A20250826102037464844qlgikkm6I"},"sign":"78902C82F077A3B3D3572F53309AF671"}

【2025-08-26 10:36:44】
P2025082610203614436126827----提交：{"custId":"24120300001308","appId":"8241201350","order":"P2025082610203614436126827","sign":"AA9EE2AF52C0E2F40A590C9D66C95208"}

【2025-08-26 10:36:45】
P2025082610203614436126827----返回：{"code":"000000","msg":"P2025082610203614436126827","data":{"date":"2025-08-26 10:20:39","eid":"E45756448202508261320wL6AvHAGt06","amount":"300","name":"VILSON PRATES DOS SANTOS","cpf":"91019354020","bankname":"null","payBank":"","payCpf":"","pixkey":"91019354020","account":"12880000008110881929","status":"done","order":"A20250826102037464844qlgikkm6I"},"sign":"78902C82F077A3B3D3572F53309AF671"}

【2025-08-26 10:58:04】
P2025082601361382973808229----提交：{"custId":"24120300001308","appId":"8241201350","order":"P2025082601361382973808229","sign":"D9B57F46315EA5A6C7AB641F93F5BE28"}

【2025-08-26 10:58:05】
P2025082601361382973808229----返回：{"code":"000000","msg":"P2025082601361382973808229","data":{"date":"2025-08-26 01:37:04","eid":"E45756448202508260437An06rQf0ZEW","amount":"400","name":"Mallena Cláudia Azevedo de Santana e Silva","cpf":"11723739499","bankname":"null","payBank":"","payCpf":"","pixkey":"+5581984581167","account":"335790721","status":"done","order":"A20250826013701515112je7SFn2jE"},"sign":"05676AF22623DB312B7B9228D2F187EF"}

【2025-08-26 10:58:07】
P2025082601361382973808229----提交：{"custId":"24120300001308","appId":"8241201350","order":"P2025082601361382973808229","sign":"D9B57F46315EA5A6C7AB641F93F5BE28"}

【2025-08-26 10:58:07】
P2025082601361382973808229----返回：{"code":"000000","msg":"P2025082601361382973808229","data":{"date":"2025-08-26 01:37:04","eid":"E45756448202508260437An06rQf0ZEW","amount":"400","name":"Mallena Cláudia Azevedo de Santana e Silva","cpf":"11723739499","bankname":"null","payBank":"","payCpf":"","pixkey":"+5581984581167","account":"335790721","status":"done","order":"A20250826013701515112je7SFn2jE"},"sign":"05676AF22623DB312B7B9228D2F187EF"}

