【2025-08-26 07:21:20】
P2025082606371101031569034----提交：{"custId":"24120300001308","appId":"8241201350","order":"P2025082606371101031569034","sign":"E608430402D2B4F6EEDF461594B48B34"}

【2025-08-26 07:21:21】
P2025082606371101031569034----返回：{"code":"000000","msg":"P2025082606371101031569034","data":{"date":"2025-08-26 06:37:14","eid":"E45756448202508260937SLJJfBkZ90C","amount":"20","name":"ELINALVA GOMES DOS SANTOS","cpf":"843433540","bankname":"null","payBank":"","payCpf":"","pixkey":"00843433540","account":"195981","status":"done","order":"A20250826063711119570qSn2KW4iM"},"sign":"EAF96331E49965A7156F35F8C265E717"}

【2025-08-26 07:21:23】
P2025082606371101031569034----提交：{"custId":"24120300001308","appId":"8241201350","order":"P2025082606371101031569034","sign":"E608430402D2B4F6EEDF461594B48B34"}

【2025-08-26 07:21:23】
P2025082606371101031569034----返回：{"code":"000000","msg":"P2025082606371101031569034","data":{"date":"2025-08-26 06:37:14","eid":"E45756448202508260937SLJJfBkZ90C","amount":"20","name":"ELINALVA GOMES DOS SANTOS","cpf":"843433540","bankname":"null","payBank":"","payCpf":"","pixkey":"00843433540","account":"195981","status":"done","order":"A20250826063711119570qSn2KW4iM"},"sign":"EAF96331E49965A7156F35F8C265E717"}

【2025-08-26 07:21:46】
P2025082606371101031569034----提交：{"custId":"24120300001308","appId":"8241201350","order":"P2025082606371101031569034","sign":"E608430402D2B4F6EEDF461594B48B34"}

【2025-08-26 07:21:46】
P2025082606371101031569034----返回：{"code":"000000","msg":"P2025082606371101031569034","data":{"date":"2025-08-26 06:37:14","eid":"E45756448202508260937SLJJfBkZ90C","amount":"20","name":"ELINALVA GOMES DOS SANTOS","cpf":"843433540","bankname":"null","payBank":"","payCpf":"","pixkey":"00843433540","account":"195981","status":"done","order":"A20250826063711119570qSn2KW4iM"},"sign":"EAF96331E49965A7156F35F8C265E717"}

【2025-08-26 07:56:39】
P2025082313515267912045285----提交：{"custId":"24120300001308","appId":"8241201350","order":"P2025082313515267912045285","sign":"8ACD77DC2FA0D696FD58C505DB326927"}

【2025-08-26 07:56:39】
P2025082313515267912045285----返回：{"code":"000000","msg":"P2025082313515267912045285","data":{"date":"2025-08-23 13:51:55","eid":"E45756448202508231651uQFaDgEoSkT","amount":"100","name":"DIEGO RENE SILVA COSTA","cpf":"523923252","bankname":"null","payBank":"","payCpf":"","pixkey":"96981205507","account":"1057077348","status":"done","order":"A20250823135152999420VMQyKTs19"},"sign":"8146A0128C316A28E056165684A16A4F"}

【2025-08-26 07:57:01】
P2025082313515267912045285----提交：{"custId":"24120300001308","appId":"8241201350","order":"P2025082313515267912045285","sign":"8ACD77DC2FA0D696FD58C505DB326927"}

【2025-08-26 07:57:01】
P2025082313515267912045285----返回：{"code":"000000","msg":"P2025082313515267912045285","data":{"date":"2025-08-23 13:51:55","eid":"E45756448202508231651uQFaDgEoSkT","amount":"100","name":"DIEGO RENE SILVA COSTA","cpf":"523923252","bankname":"null","payBank":"","payCpf":"","pixkey":"96981205507","account":"1057077348","status":"done","order":"A20250823135152999420VMQyKTs19"},"sign":"8146A0128C316A28E056165684A16A4F"}

【2025-08-26 07:57:34】
P2025082313515267912045285----提交：{"custId":"24120300001308","appId":"8241201350","order":"P2025082313515267912045285","sign":"8ACD77DC2FA0D696FD58C505DB326927"}

【2025-08-26 07:57:34】
P2025082313515267912045285----返回：{"code":"000000","msg":"P2025082313515267912045285","data":{"date":"2025-08-23 13:51:55","eid":"E45756448202508231651uQFaDgEoSkT","amount":"100","name":"DIEGO RENE SILVA COSTA","cpf":"523923252","bankname":"null","payBank":"","payCpf":"","pixkey":"96981205507","account":"1057077348","status":"done","order":"A20250823135152999420VMQyKTs19"},"sign":"8146A0128C316A28E056165684A16A4F"}

