【2025-09-06 12:21:34】
P2025090411482497304651479----提交：{"reference":"P2025090411482497304651479"}

【2025-09-06 12:21:35】
P2025090411482497304651479----返回：{"msg":"P2025090411482497304651479","code":"000000","data":{"date":"2025-09-04 11:48:25","eid":"E33053580202509041448250591bffa5","amount":150,"name":"Evandison Mendes Cintra","cpf":"***.469.028-**","bankname":"20855875","payBank":"P H R OLIVEIRA DR INVESTIMENTO LTDA","payCpf":"58.321.455\/0001-99","pixkey":"74999476244","account":"***.469.028-**","status":"done","order":"317dbad1-eab0-4b1c-b472-160d41da9e74"}}

【2025-09-06 12:21:36】
P2025090411482497304651479----提交：{"reference":"P2025090411482497304651479"}

【2025-09-06 12:21:37】
P2025090411482497304651479----返回：{"msg":"P2025090411482497304651479","code":"000000","data":{"date":"2025-09-04 11:48:25","eid":"E33053580202509041448250591bffa5","amount":150,"name":"Evandison Mendes Cintra","cpf":"***.469.028-**","bankname":"20855875","payBank":"P H R OLIVEIRA DR INVESTIMENTO LTDA","payCpf":"58.321.455\/0001-99","pixkey":"74999476244","account":"***.469.028-**","status":"done","order":"317dbad1-eab0-4b1c-b472-160d41da9e74"}}

【2025-09-06 12:25:54】
P2025090218255048350025324----提交：{"reference":"P2025090218255048350025324"}

【2025-09-06 12:25:54】
P2025090218255048350025324----返回：{"msg":"P2025090218255048350025324","code":"000000","data":{"date":"2025-09-02 18:25:51","eid":"E3305358020250902212551609a3ac25","amount":20.19,"name":"CARLOS MACIEL BARBOSA DOS SANTOS","cpf":"***.728.868-**","bankname":"00360305","payBank":"P H R OLIVEIRA DR INVESTIMENTO LTDA","payCpf":"58.321.455\/0001-99","pixkey":"33572886805","account":"***.728.868-**","status":"done","order":"dff401fe-53ff-479c-95d3-336d9105ff7c"}}

【2025-09-06 12:26:30】
P2025090218255048350025324----提交：{"reference":"P2025090218255048350025324"}

【2025-09-06 12:26:30】
P2025090218255048350025324----返回：{"msg":"P2025090218255048350025324","code":"000000","data":{"date":"2025-09-02 18:25:51","eid":"E3305358020250902212551609a3ac25","amount":20.19,"name":"CARLOS MACIEL BARBOSA DOS SANTOS","cpf":"***.728.868-**","bankname":"00360305","payBank":"P H R OLIVEIRA DR INVESTIMENTO LTDA","payCpf":"58.321.455\/0001-99","pixkey":"33572886805","account":"***.728.868-**","status":"done","order":"dff401fe-53ff-479c-95d3-336d9105ff7c"}}

【2025-09-06 12:30:48】
P2025090612254572345673560----提交：{"reference":"P2025090612254572345673560"}

【2025-09-06 12:30:49】
P2025090612254572345673560----返回：{"msg":"P2025090612254572345673560","code":"000000","data":{"date":"2025-09-06 12:25:46","eid":"E33053580202509061525459375af070","amount":100,"name":"ROSILENE FERREIRA LOPES","cpf":"***.509.773-**","bankname":"00360305","payBank":"P H R OLIVEIRA DR INVESTIMENTO LTDA","payCpf":"58.321.455\/0001-99","pixkey":"61550977393","account":"***.509.773-**","status":"done","order":"fc11e81b-8732-4a71-a6db-67a1db1d084f"}}

【2025-09-06 12:30:52】
P2025090612254572345673560----提交：{"reference":"P2025090612254572345673560"}

【2025-09-06 12:30:52】
P2025090612254572345673560----返回：{"msg":"P2025090612254572345673560","code":"000000","data":{"date":"2025-09-06 12:25:46","eid":"E33053580202509061525459375af070","amount":100,"name":"ROSILENE FERREIRA LOPES","cpf":"***.509.773-**","bankname":"00360305","payBank":"P H R OLIVEIRA DR INVESTIMENTO LTDA","payCpf":"58.321.455\/0001-99","pixkey":"61550977393","account":"***.509.773-**","status":"done","order":"fc11e81b-8732-4a71-a6db-67a1db1d084f"}}

