【2025-09-06 14:09:38】
P2025090614041678256142782----提交：{"reference":"P2025090614041678256142782"}

【2025-09-06 14:09:39】
P2025090614041678256142782----返回：{"msg":"P2025090614041678256142782","code":"000000","data":{"date":"2025-09-06 14:04:17","eid":"E330535802025090617041775299f934","amount":10,"name":"Rozana Batista de Morais","cpf":"***.986.811-**","bankname":"18236120","payBank":"P H R OLIVEIRA DR INVESTIMENTO LTDA","payCpf":"58.321.455\/0001-99","pixkey":"02598681169","account":"***.986.811-**","status":"done","order":"39cfbbd5-2674-4434-8111-995a30457ddf"}}

【2025-09-06 14:09:40】
P2025090614041678256142782----提交：{"reference":"P2025090614041678256142782"}

【2025-09-06 14:09:40】
P2025090614041678256142782----返回：{"msg":"P2025090614041678256142782","code":"000000","data":{"date":"2025-09-06 14:04:17","eid":"E330535802025090617041775299f934","amount":10,"name":"Rozana Batista de Morais","cpf":"***.986.811-**","bankname":"18236120","payBank":"P H R OLIVEIRA DR INVESTIMENTO LTDA","payCpf":"58.321.455\/0001-99","pixkey":"02598681169","account":"***.986.811-**","status":"done","order":"39cfbbd5-2674-4434-8111-995a30457ddf"}}

【2025-09-06 14:12:26】
P2025090614041678256142782----提交：{"reference":"P2025090614041678256142782"}

【2025-09-06 14:12:26】
P2025090614041678256142782----返回：{"msg":"P2025090614041678256142782","code":"000000","data":{"date":"2025-09-06 14:04:17","eid":"E330535802025090617041775299f934","amount":10,"name":"Rozana Batista de Morais","cpf":"***.986.811-**","bankname":"18236120","payBank":"P H R OLIVEIRA DR INVESTIMENTO LTDA","payCpf":"58.321.455\/0001-99","pixkey":"02598681169","account":"***.986.811-**","status":"done","order":"39cfbbd5-2674-4434-8111-995a30457ddf"}}

【2025-09-06 14:37:54】
P2025090614133278812866108----提交：{"reference":"P2025090614133278812866108"}

【2025-09-06 14:37:54】
P2025090614133278812866108----返回：{"msg":"P2025090614133278812866108","code":"000000","data":{"date":"2025-09-06 14:13:33","eid":"E33053580202509061713330169c9ff3","amount":62,"name":"Naiara de Oliveira da Silva","cpf":"***.138.648-**","bankname":"18236120","payBank":"P H R OLIVEIRA DR INVESTIMENTO LTDA","payCpf":"58.321.455\/0001-99","pixkey":"11997263938","account":"***.138.648-**","status":"done","order":"dd51e266-a098-4cad-b5f3-9a4cdc736f9c"}}

【2025-09-06 14:37:57】
P2025090614133278812866108----提交：{"reference":"P2025090614133278812866108"}

【2025-09-06 14:37:57】
P2025090614133278812866108----返回：{"msg":"P2025090614133278812866108","code":"000000","data":{"date":"2025-09-06 14:13:33","eid":"E33053580202509061713330169c9ff3","amount":62,"name":"Naiara de Oliveira da Silva","cpf":"***.138.648-**","bankname":"18236120","payBank":"P H R OLIVEIRA DR INVESTIMENTO LTDA","payCpf":"58.321.455\/0001-99","pixkey":"11997263938","account":"***.138.648-**","status":"done","order":"dd51e266-a098-4cad-b5f3-9a4cdc736f9c"}}

【2025-09-06 14:45:16】
P2025090614385680336423058----提交：{"reference":"P2025090614385680336423058"}

【2025-09-06 14:45:17】
P2025090614385680336423058----返回：{"msg":"P2025090614385680336423058","code":"000000","data":{"date":"2025-09-06 14:38:57","eid":"E330535802025090617385737843776b","amount":100,"name":"MARIVANDA LEMOS FIGUEIREDO","cpf":"***.318.202-**","bankname":"00000000","payBank":"P H R OLIVEIRA DR INVESTIMENTO LTDA","payCpf":"58.321.455\/0001-99","pixkey":"48531820200","account":"***.318.202-**","status":"done","order":"57e67dc0-662b-4afa-a474-062cfdc60fd7"}}

【2025-09-06 14:45:19】
P2025090614385680336423058----提交：{"reference":"P2025090614385680336423058"}

【2025-09-06 14:45:20】
P2025090614385680336423058----返回：{"msg":"P2025090614385680336423058","code":"000000","data":{"date":"2025-09-06 14:38:57","eid":"E330535802025090617385737843776b","amount":100,"name":"MARIVANDA LEMOS FIGUEIREDO","cpf":"***.318.202-**","bankname":"00000000","payBank":"P H R OLIVEIRA DR INVESTIMENTO LTDA","payCpf":"58.321.455\/0001-99","pixkey":"48531820200","account":"***.318.202-**","status":"done","order":"57e67dc0-662b-4afa-a474-062cfdc60fd7"}}

【2025-09-06 14:46:33】
P2025090614420280522883509----提交：{"reference":"P2025090614420280522883509"}

【2025-09-06 14:46:33】
P2025090614420280522883509----返回：{"msg":"P2025090614420280522883509","code":"000000","data":{"date":"2025-09-06 14:42:03","eid":"E3305358020250906174203782046cc0","amount":20,"name":"Ariele Maria de Castro Soares","cpf":"***.739.313-**","bankname":"18236120","payBank":"P H R OLIVEIRA DR INVESTIMENTO LTDA","payCpf":"58.321.455\/0001-99","pixkey":"61473931380","account":"***.739.313-**","status":"done","order":"6527e186-0bcd-4469-bf0d-49ab1424b130"}}

【2025-09-06 14:46:35】
P2025090614420280522883509----提交：{"reference":"P2025090614420280522883509"}

【2025-09-06 14:46:35】
P2025090614420280522883509----返回：{"msg":"P2025090614420280522883509","code":"000000","data":{"date":"2025-09-06 14:42:03","eid":"E3305358020250906174203782046cc0","amount":20,"name":"Ariele Maria de Castro Soares","cpf":"***.739.313-**","bankname":"18236120","payBank":"P H R OLIVEIRA DR INVESTIMENTO LTDA","payCpf":"58.321.455\/0001-99","pixkey":"61473931380","account":"***.739.313-**","status":"done","order":"6527e186-0bcd-4469-bf0d-49ab1424b130"}}

【2025-09-06 14:48:16】
P2025090614420280522883509----提交：{"reference":"P2025090614420280522883509"}

【2025-09-06 14:48:16】
P2025090614420280522883509----返回：{"msg":"P2025090614420280522883509","code":"000000","data":{"date":"2025-09-06 14:42:03","eid":"E3305358020250906174203782046cc0","amount":20,"name":"Ariele Maria de Castro Soares","cpf":"***.739.313-**","bankname":"18236120","payBank":"P H R OLIVEIRA DR INVESTIMENTO LTDA","payCpf":"58.321.455\/0001-99","pixkey":"61473931380","account":"***.739.313-**","status":"done","order":"6527e186-0bcd-4469-bf0d-49ab1424b130"}}

【2025-09-06 14:52:15】
P2025090614442680666707567----提交：{"reference":"P2025090614442680666707567"}

【2025-09-06 14:52:15】
P2025090614442680666707567----返回：{"msg":"P2025090614442680666707567","code":"000000","data":{"date":"2025-09-06 14:44:27","eid":"E3305358020250906174427431410a37","amount":50,"name":"RENATO DA CRUZ VILELA JUNIOR","cpf":"***.412.311-**","bankname":"18189547","payBank":"P H R OLIVEIRA DR INVESTIMENTO LTDA","payCpf":"58.321.455\/0001-99","pixkey":"64993237041","account":"***.412.311-**","status":"done","order":"83fb63cb-ecd8-4090-b051-e8d98505fcc4"}}

【2025-09-06 14:52:21】
P2025090614442680666707567----提交：{"reference":"P2025090614442680666707567"}

【2025-09-06 14:52:21】
P2025090614442680666707567----返回：{"msg":"P2025090614442680666707567","code":"000000","data":{"date":"2025-09-06 14:44:27","eid":"E3305358020250906174427431410a37","amount":50,"name":"RENATO DA CRUZ VILELA JUNIOR","cpf":"***.412.311-**","bankname":"18189547","payBank":"P H R OLIVEIRA DR INVESTIMENTO LTDA","payCpf":"58.321.455\/0001-99","pixkey":"64993237041","account":"***.412.311-**","status":"done","order":"83fb63cb-ecd8-4090-b051-e8d98505fcc4"}}

