【2025-09-06 18:39:52】
P2025090618203393633212882----提交：{"reference":"P2025090618203393633212882"}

【2025-09-06 18:39:52】
P2025090618203393633212882----返回：{"msg":"P2025090618203393633212882","code":"000000","data":{"date":"2025-09-06 18:20:34","eid":"E3305358020250906212034353a8f66e","amount":25,"name":"Thirlei Da Cunha Escarcel","cpf":"***.342.490-**","bankname":"22896431","payBank":"P H R OLIVEIRA DR INVESTIMENTO LTDA","payCpf":"58.321.455\/0001-99","pixkey":"03834249092","account":"***.342.490-**","status":"done","order":"dc37c919-cd57-4bf4-b3ba-9ab9eeceb09c"}}

【2025-09-06 18:39:54】
P2025090618203393633212882----提交：{"reference":"P2025090618203393633212882"}

【2025-09-06 18:39:55】
P2025090618203393633212882----返回：{"msg":"P2025090618203393633212882","code":"000000","data":{"date":"2025-09-06 18:20:34","eid":"E3305358020250906212034353a8f66e","amount":25,"name":"Thirlei Da Cunha Escarcel","cpf":"***.342.490-**","bankname":"22896431","payBank":"P H R OLIVEIRA DR INVESTIMENTO LTDA","payCpf":"58.321.455\/0001-99","pixkey":"03834249092","account":"***.342.490-**","status":"done","order":"dc37c919-cd57-4bf4-b3ba-9ab9eeceb09c"}}

【2025-09-06 18:56:57】
P2025090618552195721925137----提交：{"reference":"P2025090618552195721925137"}

【2025-09-06 18:56:57】
P2025090618552195721925137----返回：{"msg":"P2025090618552195721925137","code":"000000","data":{"date":"2025-09-06 18:55:22","eid":"E3305358020250906215522255f0d71a","amount":50,"name":"CAMILA VITORIA DE SOUSA VIEIRA","cpf":"***.201.583-**","bankname":"00416968","payBank":"P H R OLIVEIRA DR INVESTIMENTO LTDA","payCpf":"58.321.455\/0001-99","pixkey":"13220158307","account":"***.201.583-**","status":"done","order":"100bd1e8-c677-470e-8fcd-1e468c229519"}}

【2025-09-06 18:56:58】
P2025090618552195721925137----提交：{"reference":"P2025090618552195721925137"}

【2025-09-06 18:56:58】
P2025090618552195721925137----返回：{"msg":"P2025090618552195721925137","code":"000000","data":{"date":"2025-09-06 18:55:22","eid":"E3305358020250906215522255f0d71a","amount":50,"name":"CAMILA VITORIA DE SOUSA VIEIRA","cpf":"***.201.583-**","bankname":"00416968","payBank":"P H R OLIVEIRA DR INVESTIMENTO LTDA","payCpf":"58.321.455\/0001-99","pixkey":"13220158307","account":"***.201.583-**","status":"done","order":"100bd1e8-c677-470e-8fcd-1e468c229519"}}

【2025-09-06 18:57:57】
P2025090618414494904709957----提交：{"reference":"P2025090618414494904709957"}

【2025-09-06 18:57:57】
P2025090618414494904709957----返回：{"msg":"P2025090618414494904709957","code":"000000","data":{"date":"2025-09-06 18:41:45","eid":"E3305358020250906214145117b4f9fa","amount":40,"name":"RAQUEL DA SILVA MEIRA","cpf":"***.321.898-**","bankname":"60701190","payBank":"P H R OLIVEIRA DR INVESTIMENTO LTDA","payCpf":"58.321.455\/0001-99","pixkey":"39632189833","account":"***.321.898-**","status":"done","order":"295063a0-d6a5-4366-b78c-ef6e16e1d95c"}}

【2025-09-06 18:58:14】
P2025090618414494904709957----提交：{"reference":"P2025090618414494904709957"}

【2025-09-06 18:58:15】
P2025090618414494904709957----返回：{"msg":"P2025090618414494904709957","code":"000000","data":{"date":"2025-09-06 18:41:45","eid":"E3305358020250906214145117b4f9fa","amount":40,"name":"RAQUEL DA SILVA MEIRA","cpf":"***.321.898-**","bankname":"60701190","payBank":"P H R OLIVEIRA DR INVESTIMENTO LTDA","payCpf":"58.321.455\/0001-99","pixkey":"39632189833","account":"***.321.898-**","status":"done","order":"295063a0-d6a5-4366-b78c-ef6e16e1d95c"}}

【2025-09-06 18:58:16】
P2025090618414494904709957----提交：{"reference":"P2025090618414494904709957"}

【2025-09-06 18:58:16】
P2025090618414494904709957----返回：{"msg":"P2025090618414494904709957","code":"000000","data":{"date":"2025-09-06 18:41:45","eid":"E3305358020250906214145117b4f9fa","amount":40,"name":"RAQUEL DA SILVA MEIRA","cpf":"***.321.898-**","bankname":"60701190","payBank":"P H R OLIVEIRA DR INVESTIMENTO LTDA","payCpf":"58.321.455\/0001-99","pixkey":"39632189833","account":"***.321.898-**","status":"done","order":"295063a0-d6a5-4366-b78c-ef6e16e1d95c"}}

