【2025-09-06 23:13:26】
P20250906231031110310844009116----提交：{"reference":"P20250906231031110310844009116"}

【2025-09-06 23:13:26】
P20250906231031110310844009116----返回：{"msg":"P20250906231031110310844009116","code":"000000","data":{"date":"2025-09-06 23:13:02","eid":"E33053580202509070213027045f6231","amount":4000,"name":"MONIQUE MENDES PONCIANO","cpf":"***.368.629-**","bankname":"00416968","payBank":"P H R OLIVEIRA DR INVESTIMENTO LTDA","payCpf":"58.321.455\/0001-99","pixkey":"11936862964","account":"***.368.629-**","status":"done","order":"05c1393d-eaba-4bef-8075-29627e9d43df"}}

【2025-09-06 23:13:27】
P20250906231031110310844009116----提交：{"reference":"P20250906231031110310844009116"}

【2025-09-06 23:13:27】
P20250906231031110310844009116----返回：{"msg":"P20250906231031110310844009116","code":"000000","data":{"date":"2025-09-06 23:13:02","eid":"E33053580202509070213027045f6231","amount":4000,"name":"MONIQUE MENDES PONCIANO","cpf":"***.368.629-**","bankname":"00416968","payBank":"P H R OLIVEIRA DR INVESTIMENTO LTDA","payCpf":"58.321.455\/0001-99","pixkey":"11936862964","account":"***.368.629-**","status":"done","order":"05c1393d-eaba-4bef-8075-29627e9d43df"}}

【2025-09-06 23:14:13】
P20250906231350112300636164393----提交：{"reference":"P20250906231350112300636164393"}

【2025-09-06 23:14:13】
P20250906231350112300636164393----返回：{"msg":"P20250906231350112300636164393","code":"000000","data":{"date":"2025-09-06 23:14:02","eid":"E33053580202509070214076653d1e08","amount":10394,"name":"ISABELLA SIMOES BRANDAO DE FREITAS","cpf":"***.287.861-**","bankname":"31872495","payBank":"P H R OLIVEIRA DR INVESTIMENTO LTDA","payCpf":"58.321.455\/0001-99","pixkey":"03228786161","account":"***.287.861-**","status":"done","order":"7068060c-aa0d-4197-bd6e-92426ca61047"}}

【2025-09-06 23:14:16】
P20250906231350112300636164393----提交：{"reference":"P20250906231350112300636164393"}

【2025-09-06 23:14:16】
P20250906231350112300636164393----返回：{"msg":"P20250906231350112300636164393","code":"000000","data":{"date":"2025-09-06 23:14:02","eid":"E33053580202509070214076653d1e08","amount":10394,"name":"ISABELLA SIMOES BRANDAO DE FREITAS","cpf":"***.287.861-**","bankname":"31872495","payBank":"P H R OLIVEIRA DR INVESTIMENTO LTDA","payCpf":"58.321.455\/0001-99","pixkey":"03228786161","account":"***.287.861-**","status":"done","order":"7068060c-aa0d-4197-bd6e-92426ca61047"}}

【2025-09-06 23:36:23】
P2025090400513757897793465----提交：{"reference":"P2025090400513757897793465"}

【2025-09-06 23:36:24】
P2025090400513757897793465----返回：{"msg":"P2025090400513757897793465","code":"000000","data":{"date":"2025-09-04 00:51:38","eid":"E330535802025090403513888782851a","amount":400,"name":"LUCCAS PAULO SANTIAGO SILVA","cpf":"***.831.386-**","bankname":"00416968","payBank":"P H R OLIVEIRA DR INVESTIMENTO LTDA","payCpf":"58.321.455\/0001-99","pixkey":"10483138673","account":"***.831.386-**","status":"done","order":"a65302d8-a954-4408-9c40-4a6a6c94187c"}}

【2025-09-06 23:36:27】
P2025090400513757897793465----提交：{"reference":"P2025090400513757897793465"}

【2025-09-06 23:36:27】
P2025090400513757897793465----返回：{"msg":"P2025090400513757897793465","code":"000000","data":{"date":"2025-09-04 00:51:38","eid":"E330535802025090403513888782851a","amount":400,"name":"LUCCAS PAULO SANTIAGO SILVA","cpf":"***.831.386-**","bankname":"00416968","payBank":"P H R OLIVEIRA DR INVESTIMENTO LTDA","payCpf":"58.321.455\/0001-99","pixkey":"10483138673","account":"***.831.386-**","status":"done","order":"a65302d8-a954-4408-9c40-4a6a6c94187c"}}

【2025-09-06 23:55:42】
P20250906232232117528334975059----提交：{"reference":"P20250906232232117528334975059"}

【2025-09-06 23:55:43】
P20250906232232117528334975059----返回：{"msg":"P20250906232232117528334975059","code":"000000","data":{"date":"2025-09-06 23:22:33","eid":"E33053580202509070222337510be7d4","amount":200,"name":"LUCIANA PERPETUA BIAGGI","cpf":"***.888.548-**","bankname":"38372267","payBank":"P H R OLIVEIRA DR INVESTIMENTO LTDA","payCpf":"58.321.455\/0001-99","pixkey":"17991873440","account":"***.888.548-**","status":"done","order":"3fffc247-90da-4fc7-a7db-63a1b55539ab"}}

【2025-09-06 23:55:45】
P20250906232232117528334975059----提交：{"reference":"P20250906232232117528334975059"}

【2025-09-06 23:55:45】
P20250906232232117528334975059----返回：{"msg":"P20250906232232117528334975059","code":"000000","data":{"date":"2025-09-06 23:22:33","eid":"E33053580202509070222337510be7d4","amount":200,"name":"LUCIANA PERPETUA BIAGGI","cpf":"***.888.548-**","bankname":"38372267","payBank":"P H R OLIVEIRA DR INVESTIMENTO LTDA","payCpf":"58.321.455\/0001-99","pixkey":"17991873440","account":"***.888.548-**","status":"done","order":"3fffc247-90da-4fc7-a7db-63a1b55539ab"}}

