【2025-09-06 19:30:13】
P2025090619293697776804970----提交：{"reference":"P2025090619293697776804970"}

【2025-09-06 19:30:14】
P2025090619293697776804970----返回：{"msg":"P2025090619293697776804970","code":"000000","data":{"date":"2025-09-06 19:30:02","eid":"E3305358020250906223002688f6e17f","amount":50,"name":"LURIANY KASSILA RAMALHO DE MORAES","cpf":"***.193.931-**","bankname":"60701190","payBank":"P H R OLIVEIRA DR INVESTIMENTO LTDA","payCpf":"58.321.455\/0001-99","pixkey":"+5565998175953","account":"***.193.931-**","status":"done","order":"b22a8dd2-6df4-4a05-b381-ac4cd5288169"}}

【2025-09-06 19:46:00】
P2025090619173397053933646----提交：{"reference":"P2025090619173397053933646"}

【2025-09-06 19:46:01】
P2025090619173397053933646----返回：{"msg":"P2025090619173397053933646","code":"000000","data":{"date":"2025-09-06 19:17:34","eid":"E3305358020250906221733938cbf569","amount":70,"name":"ROBERTO COURA PEDRO","cpf":"***.235.717-**","bankname":"59285411","payBank":"P H R OLIVEIRA DR INVESTIMENTO LTDA","payCpf":"58.321.455\/0001-99","pixkey":"09523571788","account":"***.235.717-**","status":"done","order":"646de04e-4429-4012-889d-8c539ff0c3ad"}}

【2025-09-06 19:46:02】
P2025090619173397053933646----提交：{"reference":"P2025090619173397053933646"}

【2025-09-06 19:46:03】
P2025090619173397053933646----返回：{"msg":"P2025090619173397053933646","code":"000000","data":{"date":"2025-09-06 19:17:34","eid":"E3305358020250906221733938cbf569","amount":70,"name":"ROBERTO COURA PEDRO","cpf":"***.235.717-**","bankname":"59285411","payBank":"P H R OLIVEIRA DR INVESTIMENTO LTDA","payCpf":"58.321.455\/0001-99","pixkey":"09523571788","account":"***.235.717-**","status":"done","order":"646de04e-4429-4012-889d-8c539ff0c3ad"}}

【2025-09-06 19:54:32】
P2025090619440198641995325----提交：{"reference":"P2025090619440198641995325"}

【2025-09-06 19:54:33】
P2025090619440198641995325----返回：{"msg":"P2025090619440198641995325","code":"000000","data":{"date":"2025-09-06 19:44:02","eid":"E3305358020250906224402335e1f169","amount":45,"name":"MAYKON ANTONIO CARDOSO DE OLIVEIRA","cpf":"***.172.979-**","bankname":"08561701","payBank":"P H R OLIVEIRA DR INVESTIMENTO LTDA","payCpf":"58.321.455\/0001-99","pixkey":"43999042813","account":"***.172.979-**","status":"done","order":"d3151f50-f915-48ba-bfc0-b7cabfecec0d"}}

【2025-09-06 19:54:37】
P2025090619440198641995325----提交：{"reference":"P2025090619440198641995325"}

【2025-09-06 19:54:37】
P2025090619440198641995325----返回：{"msg":"P2025090619440198641995325","code":"000000","data":{"date":"2025-09-06 19:44:02","eid":"E3305358020250906224402335e1f169","amount":45,"name":"MAYKON ANTONIO CARDOSO DE OLIVEIRA","cpf":"***.172.979-**","bankname":"08561701","payBank":"P H R OLIVEIRA DR INVESTIMENTO LTDA","payCpf":"58.321.455\/0001-99","pixkey":"43999042813","account":"***.172.979-**","status":"done","order":"d3151f50-f915-48ba-bfc0-b7cabfecec0d"}}

