【2025-09-06 22:06:22】
P2025090622045507095426182----提交：{"reference":"P2025090622045507095426182"}

【2025-09-06 22:06:23】
P2025090622045507095426182----返回：{"msg":"P2025090622045507095426182","code":"000000","data":{"date":"2025-09-06 22:04:56","eid":"E33053580202509070104561504938bf","amount":3111,"name":"CARLA FERNANDA SALDANHA ARMARINHOS","cpf":"***.748.750-**","bankname":"08561701","payBank":"P H R OLIVEIRA DR INVESTIMENTO LTDA","payCpf":"58.321.455\/0001-99","pixkey":"41987192364","account":"***.748.750-**","status":"done","order":"5f8d89ee-024c-43c5-9ce5-1eff93eae619"}}

【2025-09-06 22:28:28】
P2025090620182600706395342----提交：{"reference":"P2025090620182600706395342"}

【2025-09-06 22:28:29】
P2025090620182600706395342----返回：{"msg":"P2025090620182600706395342","code":"000000","data":{"date":"2025-09-06 20:18:27","eid":"E3305358020250906231827533a096f3","amount":30,"name":"WANDERSON JESUS DOS SANTOS","cpf":"***.643.627-**","bankname":"22896431","payBank":"P H R OLIVEIRA DR INVESTIMENTO LTDA","payCpf":"58.321.455\/0001-99","pixkey":"18464362730","account":"***.643.627-**","status":"done","order":"c69e85bd-9024-4476-bec1-8aa2238c1f97"}}

【2025-09-06 22:28:30】
P2025090620182600706395342----提交：{"reference":"P2025090620182600706395342"}

【2025-09-06 22:28:31】
P2025090620182600706395342----返回：{"msg":"P2025090620182600706395342","code":"000000","data":{"date":"2025-09-06 20:18:27","eid":"E3305358020250906231827533a096f3","amount":30,"name":"WANDERSON JESUS DOS SANTOS","cpf":"***.643.627-**","bankname":"22896431","payBank":"P H R OLIVEIRA DR INVESTIMENTO LTDA","payCpf":"58.321.455\/0001-99","pixkey":"18464362730","account":"***.643.627-**","status":"done","order":"c69e85bd-9024-4476-bec1-8aa2238c1f97"}}

【2025-09-06 22:37:10】
P2025090620182600706395342----提交：{"reference":"P2025090620182600706395342"}

【2025-09-06 22:37:11】
P2025090620182600706395342----返回：{"msg":"P2025090620182600706395342","code":"000000","data":{"date":"2025-09-06 20:18:27","eid":"E3305358020250906231827533a096f3","amount":30,"name":"WANDERSON JESUS DOS SANTOS","cpf":"***.643.627-**","bankname":"22896431","payBank":"P H R OLIVEIRA DR INVESTIMENTO LTDA","payCpf":"58.321.455\/0001-99","pixkey":"18464362730","account":"***.643.627-**","status":"done","order":"c69e85bd-9024-4476-bec1-8aa2238c1f97"}}

【2025-09-06 22:37:24】
P2025090622364909009808074----提交：{"reference":"P2025090622364909009808074"}

【2025-09-06 22:37:25】
P2025090622364909009808074----返回：{"msg":"P2025090622364909009808074","code":"000000","data":{"date":"2025-09-06 22:37:02","eid":"E3305358020250907013702794c5afd8","amount":8791,"name":"Thais Maria De Souza Bueno","cpf":"***.622.879-**","bankname":"18236120","payBank":"P H R OLIVEIRA DR INVESTIMENTO LTDA","payCpf":"58.321.455\/0001-99","pixkey":"+5541992511503","account":"***.622.879-**","status":"done","order":"631cb769-c099-46eb-91f7-4b35b2fb893b"}}

【2025-09-06 22:39:54】
P2025090622364909009808074----提交：{"reference":"P2025090622364909009808074"}

【2025-09-06 22:39:55】
P2025090622364909009808074----返回：{"msg":"P2025090622364909009808074","code":"000000","data":{"date":"2025-09-06 22:37:02","eid":"E3305358020250907013702794c5afd8","amount":8791,"name":"Thais Maria De Souza Bueno","cpf":"***.622.879-**","bankname":"18236120","payBank":"P H R OLIVEIRA DR INVESTIMENTO LTDA","payCpf":"58.321.455\/0001-99","pixkey":"+5541992511503","account":"***.622.879-**","status":"done","order":"631cb769-c099-46eb-91f7-4b35b2fb893b"}}

【2025-09-06 22:39:55】
P2025090622364909009808074----提交：{"reference":"P2025090622364909009808074"}

【2025-09-06 22:39:56】
P2025090622364909009808074----返回：{"msg":"P2025090622364909009808074","code":"000000","data":{"date":"2025-09-06 22:37:02","eid":"E3305358020250907013702794c5afd8","amount":8791,"name":"Thais Maria De Souza Bueno","cpf":"***.622.879-**","bankname":"18236120","payBank":"P H R OLIVEIRA DR INVESTIMENTO LTDA","payCpf":"58.321.455\/0001-99","pixkey":"+5541992511503","account":"***.622.879-**","status":"done","order":"631cb769-c099-46eb-91f7-4b35b2fb893b"}}

【2025-09-06 22:39:57】
P2025090622364909009808074----提交：{"reference":"P2025090622364909009808074"}

【2025-09-06 22:39:57】
P2025090622364909009808074----返回：{"msg":"P2025090622364909009808074","code":"000000","data":{"date":"2025-09-06 22:37:02","eid":"E3305358020250907013702794c5afd8","amount":8791,"name":"Thais Maria De Souza Bueno","cpf":"***.622.879-**","bankname":"18236120","payBank":"P H R OLIVEIRA DR INVESTIMENTO LTDA","payCpf":"58.321.455\/0001-99","pixkey":"+5541992511503","account":"***.622.879-**","status":"done","order":"631cb769-c099-46eb-91f7-4b35b2fb893b"}}

