【2025-09-06 17:02:06】
P2025090616432487804539913----提交：{"reference":"P2025090616432487804539913"}

【2025-09-06 17:02:06】
P2025090616432487804539913----返回：{"msg":"P2025090616432487804539913","code":"000000","data":{"date":"2025-09-06 16:44:02","eid":"E3305358020250906194402089d65891","amount":5000,"name":"WILLIAM PARANHOS DE OLIVEIRA","cpf":"***.208.461-**","bankname":"60701190","payBank":"P H R OLIVEIRA DR INVESTIMENTO LTDA","payCpf":"58.321.455\/0001-99","pixkey":"05720846174","account":"***.208.461-**","status":"done","order":"3e10c960-93ba-41e9-9780-940211a19a8a"}}

【2025-09-06 17:02:09】
P2025090616432487804539913----提交：{"reference":"P2025090616432487804539913"}

【2025-09-06 17:02:09】
P2025090616432487804539913----返回：{"msg":"P2025090616432487804539913","code":"000000","data":{"date":"2025-09-06 16:44:02","eid":"E3305358020250906194402089d65891","amount":5000,"name":"WILLIAM PARANHOS DE OLIVEIRA","cpf":"***.208.461-**","bankname":"60701190","payBank":"P H R OLIVEIRA DR INVESTIMENTO LTDA","payCpf":"58.321.455\/0001-99","pixkey":"05720846174","account":"***.208.461-**","status":"done","order":"3e10c960-93ba-41e9-9780-940211a19a8a"}}

【2025-09-06 17:17:56】
P2025090616444287882418903----提交：{"reference":"P2025090616444287882418903"}

【2025-09-06 17:17:57】
P2025090616444287882418903----返回：{"msg":"P2025090616444287882418903","code":"000000","data":{"date":"2025-09-06 16:44:43","eid":"E3305358020250906194443324c93b9f","amount":250,"name":"DARCIEL DE OLIVEIRA","cpf":"***.509.176-**","bankname":"22896431","payBank":"P H R OLIVEIRA DR INVESTIMENTO LTDA","payCpf":"58.321.455\/0001-99","pixkey":"35997440993","account":"***.509.176-**","status":"done","order":"11f3c8f7-d320-4931-ac68-642e92d19b52"}}

【2025-09-06 17:18:02】
P2025090616444287882418903----提交：{"reference":"P2025090616444287882418903"}

【2025-09-06 17:18:02】
P2025090616444287882418903----返回：{"msg":"P2025090616444287882418903","code":"000000","data":{"date":"2025-09-06 16:44:43","eid":"E3305358020250906194443324c93b9f","amount":250,"name":"DARCIEL DE OLIVEIRA","cpf":"***.509.176-**","bankname":"22896431","payBank":"P H R OLIVEIRA DR INVESTIMENTO LTDA","payCpf":"58.321.455\/0001-99","pixkey":"35997440993","account":"***.509.176-**","status":"done","order":"11f3c8f7-d320-4931-ac68-642e92d19b52"}}

【2025-09-06 17:38:12】
P2025090616250486704161553----提交：{"reference":"P2025090616250486704161553"}

【2025-09-06 17:38:13】
P2025090616250486704161553----返回：{"msg":"P2025090616250486704161553","code":"000000","data":{"date":"2025-09-06 16:25:05","eid":"E3305358020250906192505139556ea6","amount":100,"name":"Ellen Larissa Cassimira","cpf":"***.480.671-**","bankname":"18236120","payBank":"P H R OLIVEIRA DR INVESTIMENTO LTDA","payCpf":"58.321.455\/0001-99","pixkey":"62982052671","account":"***.480.671-**","status":"done","order":"11ffcdc7-6569-4f11-8f63-8888327bcfc7"}}

【2025-09-06 17:38:15】
P2025090616250486704161553----提交：{"reference":"P2025090616250486704161553"}

【2025-09-06 17:38:15】
P2025090616250486704161553----返回：{"msg":"P2025090616250486704161553","code":"000000","data":{"date":"2025-09-06 16:25:05","eid":"E3305358020250906192505139556ea6","amount":100,"name":"Ellen Larissa Cassimira","cpf":"***.480.671-**","bankname":"18236120","payBank":"P H R OLIVEIRA DR INVESTIMENTO LTDA","payCpf":"58.321.455\/0001-99","pixkey":"62982052671","account":"***.480.671-**","status":"done","order":"11ffcdc7-6569-4f11-8f63-8888327bcfc7"}}

【2025-09-06 17:40:04】
P2025090617063989199901747----提交：{"reference":"P2025090617063989199901747"}

【2025-09-06 17:40:04】
P2025090617063989199901747----返回：{"msg":"P2025090617063989199901747","code":"000000","data":{"date":"2025-09-06 17:06:40","eid":"E3305358020250906200640291e90206","amount":51.09,"name":"Luiz Carlos Francisco","cpf":"***.666.811-**","bankname":"22896431","payBank":"P H R OLIVEIRA DR INVESTIMENTO LTDA","payCpf":"58.321.455\/0001-99","pixkey":"02766681116","account":"***.666.811-**","status":"done","order":"4e4df378-6b50-41a7-9e0a-a9d1b9b85758"}}

【2025-09-06 17:40:07】
P2025090617063989199901747----提交：{"reference":"P2025090617063989199901747"}

【2025-09-06 17:40:07】
P2025090617063989199901747----返回：{"msg":"P2025090617063989199901747","code":"000000","data":{"date":"2025-09-06 17:06:40","eid":"E3305358020250906200640291e90206","amount":51.09,"name":"Luiz Carlos Francisco","cpf":"***.666.811-**","bankname":"22896431","payBank":"P H R OLIVEIRA DR INVESTIMENTO LTDA","payCpf":"58.321.455\/0001-99","pixkey":"02766681116","account":"***.666.811-**","status":"done","order":"4e4df378-6b50-41a7-9e0a-a9d1b9b85758"}}

