【2025-09-06 13:08:18】
P2025090613071174831272462----提交：{"reference":"P2025090613071174831272462"}

【2025-09-06 13:08:18】
P2025090613071174831272462----返回：{"msg":"P2025090613071174831272462","code":"000000","data":{"date":"2025-09-06 13:08:03","eid":"E33053580202509061608035332e9f5f","amount":6432,"name":"Andre Junio Nascimento","cpf":"***.089.657-**","bankname":"59285411","payBank":"P H R OLIVEIRA DR INVESTIMENTO LTDA","payCpf":"58.321.455\/0001-99","pixkey":"+5527998389524","account":"***.089.657-**","status":"done","order":"08b20894-043b-4a71-8e2b-5faa4ce984b1"}}

【2025-09-06 13:08:21】
P2025090613071174831272462----提交：{"reference":"P2025090613071174831272462"}

【2025-09-06 13:08:21】
P2025090613071174831272462----返回：{"msg":"P2025090613071174831272462","code":"000000","data":{"date":"2025-09-06 13:08:03","eid":"E33053580202509061608035332e9f5f","amount":6432,"name":"Andre Junio Nascimento","cpf":"***.089.657-**","bankname":"59285411","payBank":"P H R OLIVEIRA DR INVESTIMENTO LTDA","payCpf":"58.321.455\/0001-99","pixkey":"+5527998389524","account":"***.089.657-**","status":"done","order":"08b20894-043b-4a71-8e2b-5faa4ce984b1"}}

【2025-09-06 13:12:18】
P2025090613111275072362768----提交：{"reference":"P2025090613111275072362768"}

【2025-09-06 13:12:18】
P2025090613111275072362768----返回：{"msg":"P2025090613111275072362768","code":"000000","data":{"date":"2025-09-06 13:12:02","eid":"E3305358020250906161202822127bda","amount":10,"name":"MAYCON CRISTIANO FERREIRA PINTO","cpf":"***.456.768-**","bankname":"90400888","payBank":"P H R OLIVEIRA DR INVESTIMENTO LTDA","payCpf":"58.321.455\/0001-99","pixkey":"32445676819","account":"***.456.768-**","status":"done","order":"25641840-dab6-4420-acd1-bd6103ea9809"}}

【2025-09-06 13:54:39】
P2025090613321576335727318----提交：{"reference":"P2025090613321576335727318"}

【2025-09-06 13:54:40】
P2025090613321576335727318----返回：{"msg":"P2025090613321576335727318","code":"000000","data":{"date":"2025-09-06 13:32:16","eid":"E3305358020250906163216694314513","amount":20,"name":"DANILO DIAS MATHEUS DE ALMEIDA","cpf":"***.459.158-**","bankname":"00360305","payBank":"P H R OLIVEIRA DR INVESTIMENTO LTDA","payCpf":"58.321.455\/0001-99","pixkey":"34645915819","account":"***.459.158-**","status":"done","order":"af1e140f-ad54-4df5-9675-31da389a7e10"}}

【2025-09-06 13:54:45】
P2025090613321576335727318----提交：{"reference":"P2025090613321576335727318"}

【2025-09-06 13:54:45】
P2025090613321576335727318----返回：{"msg":"P2025090613321576335727318","code":"000000","data":{"date":"2025-09-06 13:32:16","eid":"E3305358020250906163216694314513","amount":20,"name":"DANILO DIAS MATHEUS DE ALMEIDA","cpf":"***.459.158-**","bankname":"00360305","payBank":"P H R OLIVEIRA DR INVESTIMENTO LTDA","payCpf":"58.321.455\/0001-99","pixkey":"34645915819","account":"***.459.158-**","status":"done","order":"af1e140f-ad54-4df5-9675-31da389a7e10"}}

【2025-09-06 13:56:06】
P2025090613321576335727318----提交：{"reference":"P2025090613321576335727318"}

【2025-09-06 13:56:06】
P2025090613321576335727318----返回：{"msg":"P2025090613321576335727318","code":"000000","data":{"date":"2025-09-06 13:32:16","eid":"E3305358020250906163216694314513","amount":20,"name":"DANILO DIAS MATHEUS DE ALMEIDA","cpf":"***.459.158-**","bankname":"00360305","payBank":"P H R OLIVEIRA DR INVESTIMENTO LTDA","payCpf":"58.321.455\/0001-99","pixkey":"34645915819","account":"***.459.158-**","status":"done","order":"af1e140f-ad54-4df5-9675-31da389a7e10"}}

