【2025-09-06 21:22:26】
P2025090621084303723426850----提交：{"reference":"P2025090621084303723426850"}

【2025-09-06 21:22:26】
P2025090621084303723426850----返回：{"msg":"P2025090621084303723426850","code":"000000","data":{"date":"2025-09-06 21:08:44","eid":"E330535802025090700084460339bd0d","amount":350,"name":"ADEMILSON DA SILVA","cpf":"***.034.782-**","bankname":"00360305","payBank":"P H R OLIVEIRA DR INVESTIMENTO LTDA","payCpf":"58.321.455\/0001-99","pixkey":"75103478234","account":"***.034.782-**","status":"done","order":"7b662a89-7e2c-4b9d-ae1d-cece66d1f19a"}}

【2025-09-06 21:22:30】
P2025090621084303723426850----提交：{"reference":"P2025090621084303723426850"}

【2025-09-06 21:22:31】
P2025090621084303723426850----返回：{"msg":"P2025090621084303723426850","code":"000000","data":{"date":"2025-09-06 21:08:44","eid":"E330535802025090700084460339bd0d","amount":350,"name":"ADEMILSON DA SILVA","cpf":"***.034.782-**","bankname":"00360305","payBank":"P H R OLIVEIRA DR INVESTIMENTO LTDA","payCpf":"58.321.455\/0001-99","pixkey":"75103478234","account":"***.034.782-**","status":"done","order":"7b662a89-7e2c-4b9d-ae1d-cece66d1f19a"}}

【2025-09-06 21:53:47】
P2025090621182304303834539----提交：{"reference":"P2025090621182304303834539"}

【2025-09-06 21:53:48】
P2025090621182304303834539----返回：{"msg":"P2025090621182304303834539","code":"000000","data":{"date":"2025-09-06 21:18:24","eid":"E3305358020250907001824357180927","amount":39,"name":"Alessandra Moura dos Santos","cpf":"***.563.755-**","bankname":"18236120","payBank":"P H R OLIVEIRA DR INVESTIMENTO LTDA","payCpf":"58.321.455\/0001-99","pixkey":"12992046822","account":"***.563.755-**","status":"done","order":"a6c98dd6-6b28-4306-9fe5-80d84b395ce3"}}

【2025-09-06 21:53:49】
P2025090621182304303834539----提交：{"reference":"P2025090621182304303834539"}

【2025-09-06 21:53:49】
P2025090621182304303834539----返回：{"msg":"P2025090621182304303834539","code":"000000","data":{"date":"2025-09-06 21:18:24","eid":"E3305358020250907001824357180927","amount":39,"name":"Alessandra Moura dos Santos","cpf":"***.563.755-**","bankname":"18236120","payBank":"P H R OLIVEIRA DR INVESTIMENTO LTDA","payCpf":"58.321.455\/0001-99","pixkey":"12992046822","account":"***.563.755-**","status":"done","order":"a6c98dd6-6b28-4306-9fe5-80d84b395ce3"}}

【2025-09-06 21:53:50】
P2025090621182304303834539----提交：{"reference":"P2025090621182304303834539"}

【2025-09-06 21:53:50】
P2025090621182304303834539----返回：{"msg":"P2025090621182304303834539","code":"000000","data":{"date":"2025-09-06 21:18:24","eid":"E3305358020250907001824357180927","amount":39,"name":"Alessandra Moura dos Santos","cpf":"***.563.755-**","bankname":"18236120","payBank":"P H R OLIVEIRA DR INVESTIMENTO LTDA","payCpf":"58.321.455\/0001-99","pixkey":"12992046822","account":"***.563.755-**","status":"done","order":"a6c98dd6-6b28-4306-9fe5-80d84b395ce3"}}

【2025-09-06 21:57:21】
P2025090621564706607837871----提交：{"reference":"P2025090621564706607837871"}

【2025-09-06 21:57:22】
P2025090621564706607837871----返回：{"msg":"P2025090621564706607837871","code":"000000","data":{"date":"2025-09-06 21:56:48","eid":"E3305358020250907005648467b7f32a","amount":15,"name":"LETICIA VICTORIA CARVALHO MARTINELLI","cpf":"***.431.208-**","bankname":"11275560","payBank":"P H R OLIVEIRA DR INVESTIMENTO LTDA","payCpf":"58.321.455\/0001-99","pixkey":"belas284@gmail.com","account":"***.431.208-**","status":"done","order":"542ac169-9d83-46e2-b7d6-2fa65f39ce79"}}

【2025-09-06 21:57:24】
P2025090621564706607837871----提交：{"reference":"P2025090621564706607837871"}

【2025-09-06 21:57:24】
P2025090621564706607837871----返回：{"msg":"P2025090621564706607837871","code":"000000","data":{"date":"2025-09-06 21:56:48","eid":"E3305358020250907005648467b7f32a","amount":15,"name":"LETICIA VICTORIA CARVALHO MARTINELLI","cpf":"***.431.208-**","bankname":"11275560","payBank":"P H R OLIVEIRA DR INVESTIMENTO LTDA","payCpf":"58.321.455\/0001-99","pixkey":"belas284@gmail.com","account":"***.431.208-**","status":"done","order":"542ac169-9d83-46e2-b7d6-2fa65f39ce79"}}

