【2025-09-06 18:00:21】
回调信息：{"update_id":448794918,"message":{"message_id":5685,"from":{"id":7424463410,"is_bot":false,"first_name":"28R | XNK CRYSTAL","username":"XNK28R_12"},"chat":{"id":-1002258163963,"title":"YunPay-10059-28R【0.4%+0】巴西《本群不会申请资金下发》","type":"supergroup"},"date":1757192421,"text":"\/balance@YunPay3_bot","entities":[{"offset":0,"length":20,"type":"bot_command"}]}}

【2025-09-06 18:00:39】
回调信息：{"update_id":448794919,"message":{"message_id":14697,"from":{"id":7175416985,"is_bot":false,"first_name":"SBET|XNK' XIAOLAN","username":"SBET_XNK022"},"chat":{"id":-1002499994426,"title":"YunPay-10048-SBET【0.4%+0】巴西《本群不会申请资金下发》","type":"supergroup"},"date":1757192438,"text":"\/balance@YunPay3_bot","entities":[{"offset":0,"length":20,"type":"bot_command"}]}}

【2025-09-06 18:00:41】
回调信息：{"update_id":448794920,"message":{"message_id":9455,"from":{"id":7345105008,"is_bot":false,"first_name":"KENKEN - CSKHQT - CS 0160","username":"KENKENDENROIIIIII"},"chat":{"id":-1002253039276,"title":"巴西-YunPay-10183-ok9-0.4%","type":"supergroup"},"date":1757192440,"forward_origin":{"type":"user","sender_user":{"id":7345105008,"is_bot":false,"first_name":"KENKEN - CSKHQT - CS 0160","username":"KENKENDENROIIIIII"},"date":1757166682},"forward_from":{"id":7345105008,"is_bot":false,"first_name":"KENKEN - CSKHQT - CS 0160","username":"KENKENDENROIIIIII"},"forward_date":1757166682,"text":"\/balance@YunPay3_bot","entities":[{"offset":0,"length":20,"type":"bot_command"}]}}

【2025-09-06 18:00:42】
回调信息：{"update_id":448794921,"message":{"message_id":10351,"from":{"id":7345105008,"is_bot":false,"first_name":"KENKEN - CSKHQT - CS 0160","username":"KENKENDENROIIIIII"},"chat":{"id":-1002280031772,"title":"巴西-YunPay-10180-vip777-0.4%","type":"supergroup"},"date":1757192441,"forward_origin":{"type":"user","sender_user":{"id":7345105008,"is_bot":false,"first_name":"KENKEN - CSKHQT - CS 0160","username":"KENKENDENROIIIIII"},"date":1757166682},"forward_from":{"id":7345105008,"is_bot":false,"first_name":"KENKEN - CSKHQT - CS 0160","username":"KENKENDENROIIIIII"},"forward_date":1757166682,"text":"\/balance@YunPay3_bot","entities":[{"offset":0,"length":20,"type":"bot_command"}]}}

【2025-09-06 18:00:42】
回调信息：{"update_id":448794922,"message":{"message_id":12874,"from":{"id":7345105008,"is_bot":false,"first_name":"KENKEN - CSKHQT - CS 0160","username":"KENKENDENROIIIIII"},"chat":{"id":-1002319776228,"title":"巴西-YunPay-10168-777vip-0.4%","type":"supergroup"},"date":1757192441,"forward_origin":{"type":"user","sender_user":{"id":7345105008,"is_bot":false,"first_name":"KENKEN - CSKHQT - CS 0160","username":"KENKENDENROIIIIII"},"date":1757166682},"forward_from":{"id":7345105008,"is_bot":false,"first_name":"KENKEN - CSKHQT - CS 0160","username":"KENKENDENROIIIIII"},"forward_date":1757166682,"text":"\/balance@YunPay3_bot","entities":[{"offset":0,"length":20,"type":"bot_command"}]}}

【2025-09-06 18:00:42】
回调信息：{"update_id":448794923,"message":{"message_id":10744,"from":{"id":7345105008,"is_bot":false,"first_name":"KENKEN - CSKHQT - CS 0160","username":"KENKENDENROIIIIII"},"chat":{"id":-1002392249869,"title":"巴西-YunPay-10181-ap777-0.4%","type":"supergroup"},"date":1757192441,"forward_origin":{"type":"user","sender_user":{"id":7345105008,"is_bot":false,"first_name":"KENKEN - CSKHQT - CS 0160","username":"KENKENDENROIIIIII"},"date":1757166682},"forward_from":{"id":7345105008,"is_bot":false,"first_name":"KENKEN - CSKHQT - CS 0160","username":"KENKENDENROIIIIII"},"forward_date":1757166682,"text":"\/balance@YunPay3_bot","entities":[{"offset":0,"length":20,"type":"bot_command"}]}}

【2025-09-06 18:00:42】
回调信息：{"update_id":448794924,"message":{"message_id":8602,"from":{"id":7345105008,"is_bot":false,"first_name":"KENKEN - CSKHQT - CS 0160","username":"KENKENDENROIIIIII"},"chat":{"id":-1002326852572,"title":"巴西-YunPay-10182-jun88-0.4%","type":"supergroup"},"date":1757192441,"forward_origin":{"type":"user","sender_user":{"id":7345105008,"is_bot":false,"first_name":"KENKEN - CSKHQT - CS 0160","username":"KENKENDENROIIIIII"},"date":1757166682},"forward_from":{"id":7345105008,"is_bot":false,"first_name":"KENKEN - CSKHQT - CS 0160","username":"KENKENDENROIIIIII"},"forward_date":1757166682,"text":"\/balance@YunPay3_bot","entities":[{"offset":0,"length":20,"type":"bot_command"}]}}

【2025-09-06 18:00:42】
回调信息：{"update_id":448794925,"message":{"message_id":11142,"from":{"id":7345105008,"is_bot":false,"first_name":"KENKEN - CSKHQT - CS 0160","username":"KENKENDENROIIIIII"},"chat":{"id":-1002342663191,"title":"巴西-YunPay-10186-ka777-0.4%","type":"supergroup"},"date":1757192441,"forward_origin":{"type":"user","sender_user":{"id":7345105008,"is_bot":false,"first_name":"KENKEN - CSKHQT - CS 0160","username":"KENKENDENROIIIIII"},"date":1757166682},"forward_from":{"id":7345105008,"is_bot":false,"first_name":"KENKEN - CSKHQT - CS 0160","username":"KENKENDENROIIIIII"},"forward_date":1757166682,"text":"\/balance@YunPay3_bot","entities":[{"offset":0,"length":20,"type":"bot_command"}]}}

【2025-09-06 18:01:55】
回调信息：{"update_id":448794926,"callback_query":{"id":"3822279730837556611","from":{"id":889943849,"is_bot":false,"first_name":"xiaowang","username":"mng899","language_code":"zh-hans","is_premium":true},"message":{"message_id":21579,"from":{"id":7762675448,"is_bot":true,"first_name":"YunPay","username":"YunPay3_bot"},"chat":{"id":-1002250167267,"title":"M9-巴西-yunpay-10031","type":"supergroup"},"date":1757192510,"text":"代付风控提示\n\n系统订单号：P2025090618014992509045585\n外部订单号：01310932720750009671278\n订单金额：7600.00\n开户名 ：Maria\n账号 ：91991699365\n申请时间：2025-09-06 18:01:49","entities":[{"offset":14,"length":26,"type":"code"},{"offset":47,"length":23,"type":"code"}],"reply_markup":{"inline_keyboard":[[{"text":"驳回(reject)","callback_data":"reject P2025090618014992509045585"},{"text":"通过(pass)","callback_data":"pass P2025090618014992509045585"}]]}},"chat_instance":"-3703322120095392480","data":"pass P2025090618014992509045585"}}

【2025-09-06 18:01:57】
回调信息：{"update_id":448794927,"callback_query":{"id":"6985318539241495233","from":{"id":8068847155,"is_bot":false,"first_name":"JustLee®","username":"sin887791","language_code":"zh-hans","is_premium":true},"message":{"message_id":21579,"from":{"id":7762675448,"is_bot":true,"first_name":"YunPay","username":"YunPay3_bot"},"chat":{"id":-1002250167267,"title":"M9-巴西-yunpay-10031","type":"supergroup"},"date":1757192510,"text":"代付风控提示\n\n系统订单号：P2025090618014992509045585\n外部订单号：01310932720750009671278\n订单金额：7600.00\n开户名 ：Maria\n账号 ：91991699365\n申请时间：2025-09-06 18:01:49","entities":[{"offset":14,"length":26,"type":"code"},{"offset":47,"length":23,"type":"code"}],"reply_markup":{"inline_keyboard":[[{"text":"驳回(reject)","callback_data":"reject P2025090618014992509045585"},{"text":"通过(pass)","callback_data":"pass P2025090618014992509045585"}]]}},"chat_instance":"-3703322120095392480","data":"pass P2025090618014992509045585"}}

【2025-09-06 18:03:46】
回调信息：{"update_id":448794928,"callback_query":{"id":"3137794830828655907","from":{"id":7173025734,"is_bot":false,"first_name":"莫名","last_name":"莫名","username":"lo25364","language_code":"zh-hans"},"message":{"message_id":4806,"from":{"id":7762675448,"is_bot":true,"first_name":"YunPay","username":"YunPay3_bot"},"chat":{"id":-1002988535158,"title":"巴西-YunPay-10442 mariojogo- 0.4%","type":"supergroup"},"date":1757192557,"text":"代付风控提示\n\n系统订单号：P2025090618023692556511824\n外部订单号：295536997914087717\n订单金额：496.00\n开户名 ：Kevao\n账号 ：+5531992273877\n申请时间：2025-09-06 18:02:36","entities":[{"offset":14,"length":26,"type":"code"},{"offset":47,"length":18,"type":"code"},{"offset":93,"length":14,"type":"phone_number"}],"reply_markup":{"inline_keyboard":[[{"text":"驳回(reject)","callback_data":"reject P2025090618023692556511824"},{"text":"通过(pass)","callback_data":"pass P2025090618023692556511824"}]]}},"chat_instance":"3039285739919429818","data":"pass P2025090618023692556511824"}}

【2025-09-06 18:07:12】
回调信息：{"update_id":448794929,"message":{"message_id":6940,"from":{"id":7497313637,"is_bot":false,"first_name":"RS&258&28R|CS&✘NK|SANJE","username":"XNK06_258"},"chat":{"id":-1002423328228,"title":"YunPay-10058-258【0.4%+0】巴西《本群不会申请资金下发》","type":"supergroup"},"date":1757192831,"text":"\/balance@YunPay3_bot","entities":[{"offset":0,"length":20,"type":"bot_command"}]}}

【2025-09-06 18:07:38】
回调信息：{"update_id":448794930,"message":{"message_id":12903,"from":{"id":6995864125,"is_bot":false,"first_name":"组长 出款_Grant","username":"Payment_Grant"},"chat":{"id":-1002256433700,"title":"巴西-YunPay-10128-222hot-0.4%","type":"supergroup"},"date":1757192857,"text":"\/balance@YunPay3_bot","entities":[{"offset":0,"length":20,"type":"bot_command"}]}}

【2025-09-06 18:07:44】
回调信息：{"update_id":448794931,"message":{"message_id":21581,"from":{"id":8134385109,"is_bot":false,"first_name":"Mario","username":"Kim_ALI_Atian_2k"},"chat":{"id":-1002250167267,"title":"M9-巴西-yunpay-10031","type":"supergroup"},"date":1757192863,"text":"\/df 01310932720750009715903","entities":[{"offset":0,"length":3,"type":"bot_command"}]}}

【2025-09-06 18:07:52】
回调信息：{"update_id":448794932,"callback_query":{"id":"8399470499464921223","from":{"id":8398105066,"is_bot":false,"first_name":"Gan","username":"lo1231230","language_code":"zh-hans"},"message":{"message_id":4808,"from":{"id":7762675448,"is_bot":true,"first_name":"YunPay","username":"YunPay3_bot"},"chat":{"id":-1002988535158,"title":"巴西-YunPay-10442 mariojogo- 0.4%","type":"supergroup"},"date":1757192857,"text":"代付风控提示\n\n系统订单号：P2025090618073692856734734\n外部订单号：295544475178975382\n订单金额：140.00\n开户名 ：Alexiamoreirasena\n账号 ：+5533988334991\n申请时间：2025-09-06 18:07:36","entities":[{"offset":14,"length":26,"type":"code"},{"offset":47,"length":18,"type":"code"},{"offset":105,"length":14,"type":"phone_number"}],"reply_markup":{"inline_keyboard":[[{"text":"驳回(reject)","callback_data":"reject P2025090618073692856734734"},{"text":"通过(pass)","callback_data":"pass P2025090618073692856734734"}]]}},"chat_instance":"3039285739919429818","data":"pass P2025090618073692856734734"}}

【2025-09-06 18:09:39】
回调信息：{"update_id":448794933,"callback_query":{"id":"8399470498046471697","from":{"id":8398105066,"is_bot":false,"first_name":"Gan","username":"lo1231230","language_code":"zh-hans"},"message":{"message_id":4810,"from":{"id":7762675448,"is_bot":true,"first_name":"YunPay","username":"YunPay3_bot"},"chat":{"id":-1002988535158,"title":"巴西-YunPay-10442 mariojogo- 0.4%","type":"supergroup"},"date":1757192963,"text":"代付风控提示\n\n系统订单号：P2025090618092292962033926\n外部订单号：295546966102750515\n订单金额：100.00\n开户名 ：Vitor henrique\n账号 ：16049001642\n申请时间：2025-09-06 18:09:22","entities":[{"offset":14,"length":26,"type":"code"},{"offset":47,"length":18,"type":"code"}],"reply_markup":{"inline_keyboard":[[{"text":"驳回(reject)","callback_data":"reject P2025090618092292962033926"},{"text":"通过(pass)","callback_data":"pass P2025090618092292962033926"}]]}},"chat_instance":"3039285739919429818","data":"pass P2025090618092292962033926"}}

【2025-09-06 18:11:35】
回调信息：{"update_id":448794934,"message":{"message_id":6943,"from":{"id":6487555975,"is_bot":false,"first_name":"yunpay_","last_name":"柠檬","username":"yuanpay_03","is_premium":true},"chat":{"id":-1002423328228,"title":"YunPay-10058-258【0.4%+0】巴西《本群不会申请资金下发》","type":"supergroup"},"date":1757193095,"text":"\/ds pay_1089_202509062022512Dvi6","entities":[{"offset":0,"length":3,"type":"bot_command"}]}}

【2025-09-06 18:11:38】
回调信息：{"update_id":448794935,"message":{"message_id":4325,"from":{"id":8226421864,"is_bot":false,"first_name":"阿瞳——啊南","username":"kevin_794","language_code":"vi"},"chat":{"id":-1002550317918,"title":"巴西-YunPay-10460-GTV-（0.4%）","type":"supergroup"},"date":1757193098,"text":"\/df TX17571928826411248720","entities":[{"offset":0,"length":3,"type":"bot_command"}]}}

【2025-09-06 18:11:58】
回调信息：{"update_id":448794936,"message":{"message_id":4327,"from":{"id":8226421864,"is_bot":false,"first_name":"阿瞳——啊南","username":"kevin_794","language_code":"vi"},"chat":{"id":-1002550317918,"title":"巴西-YunPay-10460-GTV-（0.4%）","type":"supergroup"},"date":1757193117,"message_thread_id":4325,"reply_to_message":{"message_id":4326,"from":{"id":7762675448,"is_bot":true,"first_name":"YunPay","username":"YunPay3_bot"},"chat":{"id":-1002550317918,"title":"巴西-YunPay-10460-GTV-（0.4%）","type":"supergroup"},"date":1757193099,"message_thread_id":4325,"text":"最新代付订单详情\n---------------------------------------------\n系统订单号：P2025090618080792887806152\n外部订单号：TX17571928826411248720\n订单金额：20.0000\n申请时间：2025-09-06 18:08:07\n处理时间：2025-09-06 18:08:08\n订单状态：失败已回调\n备注 ：代付失败-PIX error, please check your account and resubmit.\n通知次数 ：1\n最后通知时间：2025-09-06 18:08:09\n\n=========银行信息=========\n银行名称：\n开户名 ：JosuHenrique koproski\n账号 ：51998317448"},"text":"能不能取消"}}

【2025-09-06 18:12:22】
回调信息：{"update_id":448794937,"message":{"message_id":4328,"from":{"id":6487555975,"is_bot":false,"first_name":"yunpay_","last_name":"柠檬","username":"yuanpay_03","is_premium":true},"chat":{"id":-1002550317918,"title":"巴西-YunPay-10460-GTV-（0.4%）","type":"supergroup"},"date":1757193141,"message_thread_id":4325,"reply_to_message":{"message_id":4327,"from":{"id":8226421864,"is_bot":false,"first_name":"阿瞳——啊南","username":"kevin_794","language_code":"vi"},"chat":{"id":-1002550317918,"title":"巴西-YunPay-10460-GTV-（0.4%）","type":"supergroup"},"date":1757193117,"message_thread_id":4325,"text":"能不能取消"},"text":"可以取消的老板"}}

【2025-09-06 18:12:32】
回调信息：{"update_id":448794938,"callback_query":{"id":"8399470498715123180","from":{"id":8398105066,"is_bot":false,"first_name":"Gan","username":"lo1231230","language_code":"zh-hans"},"message":{"message_id":4812,"from":{"id":7762675448,"is_bot":true,"first_name":"YunPay","username":"YunPay3_bot"},"chat":{"id":-1002988535158,"title":"巴西-YunPay-10442 mariojogo- 0.4%","type":"supergroup"},"date":1757193112,"text":"代付风控提示\n\n系统订单号：P2025090618115293112037204\n外部订单号：295551365535921170\n订单金额：230.00\n开户名 ：caroline\n账号 ：50460214802\n申请时间：2025-09-06 18:11:52","entities":[{"offset":14,"length":26,"type":"code"},{"offset":47,"length":18,"type":"code"}],"reply_markup":{"inline_keyboard":[[{"text":"驳回(reject)","callback_data":"reject P2025090618115293112037204"},{"text":"通过(pass)","callback_data":"pass P2025090618115293112037204"}]]}},"chat_instance":"3039285739919429818","data":"pass P2025090618115293112037204"}}

【2025-09-06 18:13:23】
回调信息：{"update_id":448794939,"message":{"message_id":4329,"from":{"id":6487555975,"is_bot":false,"first_name":"yunpay_","last_name":"柠檬","username":"yuanpay_03","is_premium":true},"chat":{"id":-1002550317918,"title":"巴西-YunPay-10460-GTV-（0.4%）","type":"supergroup"},"date":1757193203,"message_thread_id":4325,"reply_to_message":{"message_id":4327,"from":{"id":8226421864,"is_bot":false,"first_name":"阿瞳——啊南","username":"kevin_794","language_code":"vi"},"chat":{"id":-1002550317918,"title":"巴西-YunPay-10460-GTV-（0.4%）","type":"supergroup"},"date":1757193117,"message_thread_id":4325,"text":"能不能取消"},"text":"pix错误的宝子，您那边让会员核实一下"}}

【2025-09-06 18:13:47】
回调信息：{"update_id":448794940,"message":{"message_id":4814,"from":{"id":7428901260,"is_bot":false,"first_name":"阿鱼","username":"wm633","language_code":"zh-hans"},"chat":{"id":-1002988535158,"title":"巴西-YunPay-10442 mariojogo- 0.4%","type":"supergroup"},"date":1757193227,"text":"\/balance@YunPay3_bot","entities":[{"offset":0,"length":20,"type":"bot_command"}]}}

【2025-09-06 18:14:17】
回调信息：{"update_id":448794941,"message":{"message_id":4099,"from":{"id":6678755868,"is_bot":false,"first_name":"VIB - CSKHQT - 0170","username":"VIBAP777","is_premium":true},"chat":{"id":-1002780614434,"title":"巴西-YunPay-10419-xx8-0.4%","type":"supergroup"},"date":1757193256,"text":"\/balance@YunPay3_bot","entities":[{"offset":0,"length":20,"type":"bot_command"}]}}

【2025-09-06 18:14:25】
回调信息：{"update_id":448794942,"message":{"message_id":6536,"from":{"id":6678755868,"is_bot":false,"first_name":"VIB - CSKHQT - 0170","username":"VIBAP777","is_premium":true},"chat":{"id":-1002546140861,"title":"巴西-yunpay-10287-ABC8（0.4%）","type":"supergroup"},"date":1757193264,"text":"\/balance@YunPay3_bot","entities":[{"offset":0,"length":20,"type":"bot_command"}]}}

【2025-09-06 18:14:35】
回调信息：{"update_id":448794943,"message":{"message_id":599,"from":{"id":6678755868,"is_bot":false,"first_name":"VIB - CSKHQT - 0170","username":"VIBAP777","is_premium":true},"chat":{"id":-1003031103104,"title":"巴西-YunPay-10313-cs8-0.4%","type":"supergroup"},"date":1757193275,"text":"\/balance@YunPay3_bot","entities":[{"offset":0,"length":20,"type":"bot_command"}]}}

【2025-09-06 18:14:53】
回调信息：{"update_id":448794944,"message":{"message_id":6394,"from":{"id":6678755868,"is_bot":false,"first_name":"VIB - CSKHQT - 0170","username":"VIBAP777","is_premium":true},"chat":{"id":-1002343272209,"title":"巴西-yunpay-km88-10296-0.4%","type":"supergroup"},"date":1757193292,"text":"\/balance@YunPay3_bot","entities":[{"offset":0,"length":20,"type":"bot_command"}]}}

【2025-09-06 18:15:07】
回调信息：{"update_id":448794945,"message":{"message_id":1620,"from":{"id":6678755868,"is_bot":false,"first_name":"VIB - CSKHQT - 0170","username":"VIBAP777","is_premium":true},"chat":{"id":-1003013065972,"title":"巴西-YunPay—wp777-10297","type":"supergroup"},"date":1757193307,"text":"\/balance@YunPay3_bot","entities":[{"offset":0,"length":20,"type":"bot_command"}]}}

【2025-09-06 18:15:52】
回调信息：{"update_id":448794946,"message":{"message_id":6366,"from":{"id":7605553095,"is_bot":false,"first_name":"RINI - CSKHQT - 0193","username":"rini0193","is_premium":true},"chat":{"id":-1002604611165,"title":"巴西-YunPay-10213-aq777-0.4%","type":"supergroup"},"date":1757193351,"text":"\/df tx_40004_20250906211505U8i69","entities":[{"offset":0,"length":3,"type":"bot_command"}]}}

【2025-09-06 18:17:17】
回调信息：{"update_id":448794947,"message":{"message_id":26063,"from":{"id":6487555975,"is_bot":false,"first_name":"yunpay_","last_name":"柠檬","username":"yuanpay_03","is_premium":true},"chat":{"id":-1002416189316,"title":"巴西-YunPay-10024-qqpay 0.45 %","type":"supergroup"},"date":1757193436,"text":"\/ds 1000_20093_804966250726968342","entities":[{"offset":0,"length":3,"type":"bot_command"}]}}

【2025-09-06 18:18:08】
回调信息：{"update_id":448794948,"message":{"message_id":26066,"from":{"id":6487555975,"is_bot":false,"first_name":"yunpay_","last_name":"柠檬","username":"yuanpay_03","is_premium":true},"chat":{"id":-1002416189316,"title":"巴西-YunPay-10024-qqpay 0.45 %","type":"supergroup"},"date":1757193488,"text":"\/balance@YunPay3_bot","entities":[{"offset":0,"length":20,"type":"bot_command"}]}}

【2025-09-06 18:21:28】
回调信息：{"update_id":448794949,"message":{"message_id":4817,"from":{"id":7428901260,"is_bot":false,"first_name":"阿鱼","username":"wm633","language_code":"zh-hans"},"chat":{"id":-1002988535158,"title":"巴西-YunPay-10442 mariojogo- 0.4%","type":"supergroup"},"date":1757193688,"text":"\/balance@YunPay3_bot","entities":[{"offset":0,"length":20,"type":"bot_command"}]}}

【2025-09-06 18:21:59】
回调信息：{"update_id":448794950,"message":{"message_id":14686,"from":{"id":7309333694,"is_bot":false,"first_name":"OK8 + VIP | XNK | KARL","username":"OK8XNK07"},"chat":{"id":-1002361427375,"title":"YunPay-10051-OK8【0.4%+0】巴西《本群不会申请资金下发》","type":"supergroup"},"date":1757193718,"text":"\/df TX17571936498035508346","entities":[{"offset":0,"length":3,"type":"bot_command"}]}}

【2025-09-06 18:22:27】
回调信息：{"update_id":448794951,"callback_query":{"id":"8399470499296416958","from":{"id":8398105066,"is_bot":false,"first_name":"Gan","username":"lo1231230","language_code":"zh-hans"},"message":{"message_id":4819,"from":{"id":7762675448,"is_bot":true,"first_name":"YunPay","username":"YunPay3_bot"},"chat":{"id":-1002988535158,"title":"巴西-YunPay-10442 mariojogo- 0.4%","type":"supergroup"},"date":1757193727,"text":"代付风控提示\n\n系统订单号：P2025090618220693726792316\n外部订单号：295567806534183053\n订单金额：287.00\n开户名 ：Pablo ferreira alves\n账号 ：14112333609\n申请时间：2025-09-06 18:22:06","entities":[{"offset":14,"length":26,"type":"code"},{"offset":47,"length":18,"type":"code"}],"reply_markup":{"inline_keyboard":[[{"text":"驳回(reject)","callback_data":"reject P2025090618220693726792316"},{"text":"通过(pass)","callback_data":"pass P2025090618220693726792316"}]]}},"chat_instance":"3039285739919429818","data":"pass P2025090618220693726792316"}}

【2025-09-06 18:22:33】
回调信息：{"update_id":448794952,"callback_query":{"id":"8399470496315620854","from":{"id":8398105066,"is_bot":false,"first_name":"Gan","username":"lo1231230","language_code":"zh-hans"},"message":{"message_id":4816,"from":{"id":7762675448,"is_bot":true,"first_name":"YunPay","username":"YunPay3_bot"},"chat":{"id":-1002988535158,"title":"巴西-YunPay-10442 mariojogo- 0.4%","type":"supergroup"},"date":1757193653,"text":"代付风控提示\n\n系统订单号：P2025090618205293652839966\n外部订单号：295565242033864331\n订单金额：260.00\n开户名 ：ozeias ramos\n账号 ：07208178542\n申请时间：2025-09-06 18:20:52","entities":[{"offset":14,"length":26,"type":"code"},{"offset":47,"length":18,"type":"code"}],"reply_markup":{"inline_keyboard":[[{"text":"驳回(reject)","callback_data":"reject P2025090618205293652839966"},{"text":"通过(pass)","callback_data":"pass P2025090618205293652839966"}]]}},"chat_instance":"3039285739919429818","data":"pass P2025090618205293652839966"}}

【2025-09-06 18:22:42】
回调信息：{"update_id":448794953,"message":{"message_id":6945,"from":{"id":7497313637,"is_bot":false,"first_name":"RS&258&28R|CS&✘NK|SANJE","username":"XNK06_258"},"chat":{"id":-1002423328228,"title":"YunPay-10058-258【0.4%+0】巴西《本群不会申请资金下发》","type":"supergroup"},"date":1757193761,"text":"\/balance@YunPay3_bot","entities":[{"offset":0,"length":20,"type":"bot_command"}]}}

【2025-09-06 18:24:42】
回调信息：{"update_id":448794954,"callback_query":{"id":"3137794833324792268","from":{"id":7173025734,"is_bot":false,"first_name":"莫名","last_name":"莫名","username":"lo25364","language_code":"zh-hans"},"message":{"message_id":4822,"from":{"id":7762675448,"is_bot":true,"first_name":"YunPay","username":"YunPay3_bot"},"chat":{"id":-1002988535158,"title":"巴西-YunPay-10442 mariojogo- 0.4%","type":"supergroup"},"date":1757193877,"text":"代付风控提示\n\n系统订单号：P2025090618243693876474833\n外部订单号：295571731766786615\n订单金额：101.00\n开户名 ：Silvio Leonel\n账号 ：70028414675\n申请时间：2025-09-06 18:24:36","entities":[{"offset":14,"length":26,"type":"code"},{"offset":47,"length":18,"type":"code"}],"reply_markup":{"inline_keyboard":[[{"text":"驳回(reject)","callback_data":"reject P2025090618243693876474833"},{"text":"通过(pass)","callback_data":"pass P2025090618243693876474833"}]]}},"chat_instance":"3039285739919429818","data":"pass P2025090618243693876474833"}}

【2025-09-06 18:29:47】
回调信息：{"update_id":448794955,"message":{"message_id":1757,"from":{"id":6487555975,"is_bot":false,"first_name":"yunpay_","last_name":"柠檬","username":"yuanpay_03","is_premium":true},"chat":{"id":-1002833866053,"title":"巴西-YunPay-10375-A299 ̣̣̣̣（0.4）","type":"supergroup"},"date":1757194185,"text":"\/ds pay_40103_20250906211129spYG4","entities":[{"offset":0,"length":3,"type":"bot_command"}]}}

【2025-09-06 18:29:55】
回调信息：{"update_id":448794956,"message":{"message_id":14688,"from":{"id":7309333694,"is_bot":false,"first_name":"OK8 + VIP | XNK | KARL","username":"OK8XNK07"},"chat":{"id":-1002361427375,"title":"YunPay-10051-OK8【0.4%+0】巴西《本群不会申请资金下发》","type":"supergroup"},"date":1757194195,"text":"\/df TX1757194057428949944","entities":[{"offset":0,"length":3,"type":"bot_command"}]}}

【2025-09-06 18:32:55】
回调信息：{"update_id":448794957,"message":{"message_id":11144,"from":{"id":7345105008,"is_bot":false,"first_name":"KENKEN - CSKHQT - CS 0160","username":"KENKENDENROIIIIII"},"chat":{"id":-1002342663191,"title":"巴西-YunPay-10186-ka777-0.4%","type":"supergroup"},"date":1757194374,"forward_origin":{"type":"user","sender_user":{"id":7345105008,"is_bot":false,"first_name":"KENKEN - CSKHQT - CS 0160","username":"KENKENDENROIIIIII"},"date":1757166682},"forward_from":{"id":7345105008,"is_bot":false,"first_name":"KENKEN - CSKHQT - CS 0160","username":"KENKENDENROIIIIII"},"forward_date":1757166682,"text":"\/balance@YunPay3_bot","entities":[{"offset":0,"length":20,"type":"bot_command"}]}}

【2025-09-06 18:32:57】
回调信息：{"update_id":448794958,"message":{"message_id":10353,"from":{"id":7345105008,"is_bot":false,"first_name":"KENKEN - CSKHQT - CS 0160","username":"KENKENDENROIIIIII"},"chat":{"id":-1002280031772,"title":"巴西-YunPay-10180-vip777-0.4%","type":"supergroup"},"date":1757194374,"forward_origin":{"type":"user","sender_user":{"id":7345105008,"is_bot":false,"first_name":"KENKEN - CSKHQT - CS 0160","username":"KENKENDENROIIIIII"},"date":1757166682},"forward_from":{"id":7345105008,"is_bot":false,"first_name":"KENKEN - CSKHQT - CS 0160","username":"KENKENDENROIIIIII"},"forward_date":1757166682,"text":"\/balance@YunPay3_bot","entities":[{"offset":0,"length":20,"type":"bot_command"}]}}

【2025-09-06 18:32:57】
回调信息：{"update_id":448794961,"message":{"message_id":12876,"from":{"id":7345105008,"is_bot":false,"first_name":"KENKEN - CSKHQT - CS 0160","username":"KENKENDENROIIIIII"},"chat":{"id":-1002319776228,"title":"巴西-YunPay-10168-777vip-0.4%","type":"supergroup"},"date":1757194374,"forward_origin":{"type":"user","sender_user":{"id":7345105008,"is_bot":false,"first_name":"KENKEN - CSKHQT - CS 0160","username":"KENKENDENROIIIIII"},"date":1757166682},"forward_from":{"id":7345105008,"is_bot":false,"first_name":"KENKEN - CSKHQT - CS 0160","username":"KENKENDENROIIIIII"},"forward_date":1757166682,"text":"\/balance@YunPay3_bot","entities":[{"offset":0,"length":20,"type":"bot_command"}]}}

【2025-09-06 18:32:57】
回调信息：{"update_id":448794962,"message":{"message_id":9457,"from":{"id":7345105008,"is_bot":false,"first_name":"KENKEN - CSKHQT - CS 0160","username":"KENKENDENROIIIIII"},"chat":{"id":-1002253039276,"title":"巴西-YunPay-10183-ok9-0.4%","type":"supergroup"},"date":1757194374,"forward_origin":{"type":"user","sender_user":{"id":7345105008,"is_bot":false,"first_name":"KENKEN - CSKHQT - CS 0160","username":"KENKENDENROIIIIII"},"date":1757166682},"forward_from":{"id":7345105008,"is_bot":false,"first_name":"KENKEN - CSKHQT - CS 0160","username":"KENKENDENROIIIIII"},"forward_date":1757166682,"text":"\/balance@YunPay3_bot","entities":[{"offset":0,"length":20,"type":"bot_command"}]}}

【2025-09-06 18:32:57】
回调信息：{"update_id":448794960,"message":{"message_id":10746,"from":{"id":7345105008,"is_bot":false,"first_name":"KENKEN - CSKHQT - CS 0160","username":"KENKENDENROIIIIII"},"chat":{"id":-1002392249869,"title":"巴西-YunPay-10181-ap777-0.4%","type":"supergroup"},"date":1757194374,"forward_origin":{"type":"user","sender_user":{"id":7345105008,"is_bot":false,"first_name":"KENKEN - CSKHQT - CS 0160","username":"KENKENDENROIIIIII"},"date":1757166682},"forward_from":{"id":7345105008,"is_bot":false,"first_name":"KENKEN - CSKHQT - CS 0160","username":"KENKENDENROIIIIII"},"forward_date":1757166682,"text":"\/balance@YunPay3_bot","entities":[{"offset":0,"length":20,"type":"bot_command"}]}}

【2025-09-06 18:32:57】
回调信息：{"update_id":448794959,"message":{"message_id":8604,"from":{"id":7345105008,"is_bot":false,"first_name":"KENKEN - CSKHQT - CS 0160","username":"KENKENDENROIIIIII"},"chat":{"id":-1002326852572,"title":"巴西-YunPay-10182-jun88-0.4%","type":"supergroup"},"date":1757194374,"forward_origin":{"type":"user","sender_user":{"id":7345105008,"is_bot":false,"first_name":"KENKEN - CSKHQT - CS 0160","username":"KENKENDENROIIIIII"},"date":1757166682},"forward_from":{"id":7345105008,"is_bot":false,"first_name":"KENKEN - CSKHQT - CS 0160","username":"KENKENDENROIIIIII"},"forward_date":1757166682,"text":"\/balance@YunPay3_bot","entities":[{"offset":0,"length":20,"type":"bot_command"}]}}

【2025-09-06 18:33:22】
回调信息：{"update_id":448794963,"callback_query":{"id":"8399470499644697268","from":{"id":8398105066,"is_bot":false,"first_name":"Gan","username":"lo1231230","language_code":"zh-hans"},"message":{"message_id":4825,"from":{"id":7762675448,"is_bot":true,"first_name":"YunPay","username":"YunPay3_bot"},"chat":{"id":-1002988535158,"title":"巴西-YunPay-10442 mariojogo- 0.4%","type":"supergroup"},"date":1757194358,"text":"代付风控提示\n\n系统订单号：P2025090618323794357631861\n外部订单号：295584602592090190\n订单金额：101.00\n开户名 ：Jerry\n账号 ：70642657610\n申请时间：2025-09-06 18:32:37","entities":[{"offset":14,"length":26,"type":"code"},{"offset":47,"length":18,"type":"code"},{"offset":93,"length":11,"type":"phone_number"}],"reply_markup":{"inline_keyboard":[[{"text":"驳回(reject)","callback_data":"reject P2025090618323794357631861"},{"text":"通过(pass)","callback_data":"pass P2025090618323794357631861"}]]}},"chat_instance":"3039285739919429818","data":"pass P2025090618323794357631861"}}

【2025-09-06 18:34:52】
回调信息：{"update_id":448794964,"callback_query":{"id":"3137794831006291502","from":{"id":7173025734,"is_bot":false,"first_name":"莫名","last_name":"莫名","username":"lo25364","language_code":"zh-hans"},"message":{"message_id":4824,"from":{"id":7762675448,"is_bot":true,"first_name":"YunPay","username":"YunPay3_bot"},"chat":{"id":-1002988535158,"title":"巴西-YunPay-10442 mariojogo- 0.4%","type":"supergroup"},"date":1757194162,"text":"代付风控提示\n\n系统订单号：P2025090618292194161949957\n外部订单号：295579317050063543\n订单金额：330.00\n开户名 ：Micael\n账号 ：+5534992205389\n申请时间：2025-09-06 18:29:21","entities":[{"offset":14,"length":26,"type":"code"},{"offset":47,"length":18,"type":"code"},{"offset":94,"length":14,"type":"phone_number"}],"reply_markup":{"inline_keyboard":[[{"text":"驳回(reject)","callback_data":"reject P2025090618292194161949957"},{"text":"通过(pass)","callback_data":"pass P2025090618292194161949957"}]]}},"chat_instance":"3039285739919429818","data":"pass P2025090618292194161949957"}}

【2025-09-06 18:35:13】
回调信息：{"update_id":448794965,"callback_query":{"id":"3137794831465260408","from":{"id":7173025734,"is_bot":false,"first_name":"莫名","last_name":"莫名","username":"lo25364","language_code":"zh-hans"},"message":{"message_id":4828,"from":{"id":7762675448,"is_bot":true,"first_name":"YunPay","username":"YunPay3_bot"},"chat":{"id":-1002988535158,"title":"巴西-YunPay-10442 mariojogo- 0.4%","type":"supergroup"},"date":1757194499,"text":"代付风控提示\n\n系统订单号：P2025090618345894498459346\n外部订单号：295584301229202804\n订单金额：947.00\n开户名 ：rykelme\n账号 ：16848585696\n申请时间：2025-09-06 18:34:58","entities":[{"offset":14,"length":26,"type":"code"},{"offset":47,"length":18,"type":"code"},{"offset":95,"length":11,"type":"phone_number"}],"reply_markup":{"inline_keyboard":[[{"text":"驳回(reject)","callback_data":"reject P2025090618345894498459346"},{"text":"通过(pass)","callback_data":"pass P2025090618345894498459346"}]]}},"chat_instance":"3039285739919429818","data":"pass P2025090618345894498459346"}}

【2025-09-06 18:35:14】
回调信息：{"update_id":448794966,"callback_query":{"id":"8399470496770295183","from":{"id":8398105066,"is_bot":false,"first_name":"Gan","username":"lo1231230","language_code":"zh-hans"},"message":{"message_id":4828,"from":{"id":7762675448,"is_bot":true,"first_name":"YunPay","username":"YunPay3_bot"},"chat":{"id":-1002988535158,"title":"巴西-YunPay-10442 mariojogo- 0.4%","type":"supergroup"},"date":1757194499,"text":"代付风控提示\n\n系统订单号：P2025090618345894498459346\n外部订单号：295584301229202804\n订单金额：947.00\n开户名 ：rykelme\n账号 ：16848585696\n申请时间：2025-09-06 18:34:58","entities":[{"offset":14,"length":26,"type":"code"},{"offset":47,"length":18,"type":"code"},{"offset":95,"length":11,"type":"phone_number"}],"reply_markup":{"inline_keyboard":[[{"text":"驳回(reject)","callback_data":"reject P2025090618345894498459346"},{"text":"通过(pass)","callback_data":"pass P2025090618345894498459346"}]]}},"chat_instance":"3039285739919429818","data":"pass P2025090618345894498459346"}}

【2025-09-06 18:35:38】
回调信息：{"update_id":448794967,"callback_query":{"id":"7261505812804995890","from":{"id":8133152016,"is_bot":false,"first_name":"BRL XNK - 藍莓 LANMEI","username":"Brllanmei","language_code":"en","is_premium":true},"message":{"message_id":6947,"from":{"id":7762675448,"is_bot":true,"first_name":"YunPay","username":"YunPay3_bot"},"chat":{"id":-1002423328228,"title":"YunPay-10058-258【0.4%+0】巴西《本群不会申请资金下发》","type":"supergroup"},"date":1757194478,"text":"代付风控提示\n\n系统订单号：P2025090618343794477354320\n外部订单号：tx_1089_20250906212204kXZt1\n订单金额：8933.23\n开户名 ：Otávio cotian medeiro\n账号 ：37226996812\n申请时间：2025-09-06 18:34:37","entities":[{"offset":14,"length":26,"type":"code"},{"offset":47,"length":27,"type":"code"}],"reply_markup":{"inline_keyboard":[[{"text":"驳回(reject)","callback_data":"reject P2025090618343794477354320"},{"text":"通过(pass)","callback_data":"pass P2025090618343794477354320"}]]}},"chat_instance":"2074817536785290400","data":"pass P2025090618343794477354320"}}

【2025-09-06 18:36:43】
回调信息：{"update_id":448794968,"message":{"message_id":14690,"from":{"id":7309333694,"is_bot":false,"first_name":"OK8 + VIP | XNK | KARL","username":"OK8XNK07"},"chat":{"id":-1002361427375,"title":"YunPay-10051-OK8【0.4%+0】巴西《本群不会申请资金下发》","type":"supergroup"},"date":1757194602,"text":"\/df TX17571945879561002122","entities":[{"offset":0,"length":3,"type":"bot_command"}]}}

【2025-09-06 18:37:02】
回调信息：{"update_id":448794969,"callback_query":{"id":"3137794832178640994","from":{"id":7173025734,"is_bot":false,"first_name":"莫名","last_name":"莫名","username":"lo25364","language_code":"zh-hans"},"message":{"message_id":4830,"from":{"id":7762675448,"is_bot":true,"first_name":"YunPay","username":"YunPay3_bot"},"chat":{"id":-1002988535158,"title":"巴西-YunPay-10442 mariojogo- 0.4%","type":"supergroup"},"date":1757194597,"text":"代付风控提示\n\n系统订单号：P2025090618363694596149945\n外部订单号：295591002429596641\n订单金额：251.00\n开户名 ：Victor\n账号 ：06476213717\n申请时间：2025-09-06 18:36:36","entities":[{"offset":14,"length":26,"type":"code"},{"offset":47,"length":18,"type":"code"},{"offset":94,"length":11,"type":"phone_number"}],"reply_markup":{"inline_keyboard":[[{"text":"驳回(reject)","callback_data":"reject P2025090618363694596149945"},{"text":"通过(pass)","callback_data":"pass P2025090618363694596149945"}]]}},"chat_instance":"3039285739919429818","data":"pass P2025090618363694596149945"}}

【2025-09-06 18:37:46】
回调信息：{"update_id":448794970,"message":{"message_id":6949,"from":{"id":7178124661,"is_bot":false,"first_name":"RS | 258 CS\/XNK ' PLUM","username":"CS01_258"},"chat":{"id":-1002423328228,"title":"YunPay-10058-258【0.4%+0】巴西《本群不会申请资金下发》","type":"supergroup"},"date":1757194666,"text":"\/df tx_1089_20250906212204kXZt1","entities":[{"offset":0,"length":3,"type":"bot_command"}]}}

【2025-09-06 18:38:25】
回调信息：{"update_id":448794971,"message":{"message_id":6538,"from":{"id":7982063491,"is_bot":false,"first_name":"DAYAN - CSKHQT - 0188","username":"DAYANABC777","is_premium":true},"chat":{"id":-1002546140861,"title":"巴西-yunpay-10287-ABC8（0.4%）","type":"supergroup"},"date":1757194705,"text":"\/balance@YunPay3_bot","entities":[{"offset":0,"length":20,"type":"bot_command"}]}}

【2025-09-06 18:38:41】
回调信息：{"update_id":448794972,"message":{"message_id":1622,"from":{"id":7982063491,"is_bot":false,"first_name":"DAYAN - CSKHQT - 0188","username":"DAYANABC777","is_premium":true},"chat":{"id":-1003013065972,"title":"巴西-YunPay—wp777-10297","type":"supergroup"},"date":1757194721,"text":"\/balance@YunPay3_bot","entities":[{"offset":0,"length":20,"type":"bot_command"}]}}

【2025-09-06 18:38:50】
回调信息：{"update_id":448794973,"message":{"message_id":26071,"from":{"id":6524474367,"is_bot":false,"first_name":"QQpay 客服小帅","username":"qqpay66664"},"chat":{"id":-1002416189316,"title":"巴西-YunPay-10024-qqpay 0.45 %","type":"supergroup"},"date":1757194730,"text":"\/df 2000_20257_805010076942354124","entities":[{"offset":0,"length":3,"type":"bot_command"}]}}

【2025-09-06 18:39:42】
回调信息：{"update_id":448794974,"message":{"message_id":566,"from":{"id":7596114553,"is_bot":false,"first_name":"HD_VIN 双赢","username":"vin0168"},"chat":{"id":-1002672589594,"title":"巴西-YunPay-10474-pk777-0.45%熊猫","type":"supergroup"},"date":1757194781,"text":"\/df TX17571946184585814265","entities":[{"offset":0,"length":3,"type":"bot_command"}]}}

【2025-09-06 18:39:50】
回调信息：{"update_id":448794975,"message":{"message_id":26073,"from":{"id":7868043648,"is_bot":false,"first_name":"QQpay全球支付（锐翊）","username":"qqpay006"},"chat":{"id":-1002416189316,"title":"巴西-YunPay-10024-qqpay 0.45 %","type":"supergroup"},"date":1757194790,"text":"\/df 2000_20337_805017570632679004","entities":[{"offset":0,"length":3,"type":"bot_command"}]}}

【2025-09-06 18:40:02】
回调信息：{"update_id":448794976,"message":{"message_id":6951,"from":{"id":7178124661,"is_bot":false,"first_name":"RS | 258 CS\/XNK ' PLUM","username":"CS01_258"},"chat":{"id":-1002423328228,"title":"YunPay-10058-258【0.4%+0】巴西《本群不会申请资金下发》","type":"supergroup"},"date":1757194802,"text":"\/balance@YunPay3_bot","entities":[{"offset":0,"length":20,"type":"bot_command"}]}}

【2025-09-06 18:40:09】
回调信息：{"update_id":448794977,"callback_query":{"id":"3137794833912616295","from":{"id":7173025734,"is_bot":false,"first_name":"莫名","last_name":"莫名","username":"lo25364","language_code":"zh-hans"},"message":{"message_id":4832,"from":{"id":7762675448,"is_bot":true,"first_name":"YunPay","username":"YunPay3_bot"},"chat":{"id":-1002988535158,"title":"巴西-YunPay-10442 mariojogo- 0.4%","type":"supergroup"},"date":1757194627,"text":"代付风控提示\n\n系统订单号：P2025090618370694626808756\n外部订单号：295591277144643914\n订单金额：200.00\n开户名 ：Ghabriel\n账号 ：18501828769\n申请时间：2025-09-06 18:37:06","entities":[{"offset":14,"length":26,"type":"code"},{"offset":47,"length":18,"type":"code"}],"reply_markup":{"inline_keyboard":[[{"text":"驳回(reject)","callback_data":"reject P2025090618370694626808756"},{"text":"通过(pass)","callback_data":"pass P2025090618370694626808756"}]]}},"chat_instance":"3039285739919429818","data":"pass P2025090618370694626808756"}}

【2025-09-06 18:41:35】
回调信息：{"update_id":448794978,"message":{"message_id":10355,"from":{"id":7605038857,"is_bot":false,"first_name":"FRANK - CSKHQT-0207","username":"mindofastoner_TM","is_premium":true},"chat":{"id":-1002280031772,"title":"巴西-YunPay-10180-vip777-0.4%","type":"supergroup"},"date":1757194894,"text":"\/balance@YunPay3_bot","entities":[{"offset":0,"length":20,"type":"bot_command"}]}}

【2025-09-06 18:41:36】
回调信息：{"update_id":448794979,"message":{"message_id":9459,"from":{"id":7605038857,"is_bot":false,"first_name":"FRANK - CSKHQT-0207","username":"mindofastoner_TM","is_premium":true},"chat":{"id":-1002253039276,"title":"巴西-YunPay-10183-ok9-0.4%","type":"supergroup"},"date":1757194894,"text":"\/balance@YunPay3_bot","entities":[{"offset":0,"length":20,"type":"bot_command"}]}}

【2025-09-06 18:41:37】
回调信息：{"update_id":448794980,"message":{"message_id":10748,"from":{"id":7605038857,"is_bot":false,"first_name":"FRANK - CSKHQT-0207","username":"mindofastoner_TM","is_premium":true},"chat":{"id":-1002392249869,"title":"巴西-YunPay-10181-ap777-0.4%","type":"supergroup"},"date":1757194894,"text":"\/balance@YunPay3_bot","entities":[{"offset":0,"length":20,"type":"bot_command"}]}}

【2025-09-06 18:41:37】
回调信息：{"update_id":448794982,"message":{"message_id":11146,"from":{"id":7605038857,"is_bot":false,"first_name":"FRANK - CSKHQT-0207","username":"mindofastoner_TM","is_premium":true},"chat":{"id":-1002342663191,"title":"巴西-YunPay-10186-ka777-0.4%","type":"supergroup"},"date":1757194894,"text":"\/balance@YunPay3_bot","entities":[{"offset":0,"length":20,"type":"bot_command"}]}}

【2025-09-06 18:41:37】
回调信息：{"update_id":448794981,"message":{"message_id":8606,"from":{"id":7605038857,"is_bot":false,"first_name":"FRANK - CSKHQT-0207","username":"mindofastoner_TM","is_premium":true},"chat":{"id":-1002326852572,"title":"巴西-YunPay-10182-jun88-0.4%","type":"supergroup"},"date":1757194894,"text":"\/balance@YunPay3_bot","entities":[{"offset":0,"length":20,"type":"bot_command"}]}}

【2025-09-06 18:41:37】
回调信息：{"update_id":448794983,"message":{"message_id":12878,"from":{"id":7605038857,"is_bot":false,"first_name":"FRANK - CSKHQT-0207","username":"mindofastoner_TM","is_premium":true},"chat":{"id":-1002319776228,"title":"巴西-YunPay-10168-777vip-0.4%","type":"supergroup"},"date":1757194894,"text":"\/balance@YunPay3_bot","entities":[{"offset":0,"length":20,"type":"bot_command"}]}}

【2025-09-06 18:45:14】
回调信息：{"update_id":448794984,"message":{"message_id":6396,"from":{"id":7982063491,"is_bot":false,"first_name":"DAYAN - CSKHQT - 0188","username":"DAYANABC777","is_premium":true},"chat":{"id":-1002343272209,"title":"巴西-yunpay-km88-10296-0.4%","type":"supergroup"},"date":1757195113,"text":"\/balance@YunPay3_bot","entities":[{"offset":0,"length":20,"type":"bot_command"}]}}

【2025-09-06 18:45:26】
回调信息：{"update_id":448794985,"message":{"message_id":601,"from":{"id":7982063491,"is_bot":false,"first_name":"DAYAN - CSKHQT - 0188","username":"DAYANABC777","is_premium":true},"chat":{"id":-1003031103104,"title":"巴西-YunPay-10313-cs8-0.4%","type":"supergroup"},"date":1757195126,"text":"\/balance@YunPay3_bot","entities":[{"offset":0,"length":20,"type":"bot_command"}]}}

【2025-09-06 18:45:40】
回调信息：{"update_id":448794986,"message":{"message_id":4101,"from":{"id":7982063491,"is_bot":false,"first_name":"DAYAN - CSKHQT - 0188","username":"DAYANABC777","is_premium":true},"chat":{"id":-1002780614434,"title":"巴西-YunPay-10419-xx8-0.4%","type":"supergroup"},"date":1757195136,"text":"\/balance@YunPay3_bot","entities":[{"offset":0,"length":20,"type":"bot_command"}]}}

【2025-09-06 18:47:06】
回调信息：{"update_id":448794987,"message":{"message_id":4659,"from":{"id":7368056514,"is_bot":false,"first_name":"铭豪~阿平","username":"mhap88g6","language_code":"zh-hans","is_premium":true},"chat":{"id":-1002650687454,"title":"777futebol 巴西-YUNPAY-10233-mclarenbr","type":"supergroup"},"date":1757195225,"text":"\/df W130020250906183250672823104","entities":[{"offset":0,"length":3,"type":"bot_command"}]}}

【2025-09-06 18:48:11】
回调信息：{"update_id":448794988,"message":{"message_id":568,"from":{"id":7596114553,"is_bot":false,"first_name":"HD_VIN 双赢","username":"vin0168"},"chat":{"id":-1002672589594,"title":"巴西-YunPay-10474-pk777-0.45%熊猫","type":"supergroup"},"date":1757195290,"text":"\/df TX1757195015657234292","entities":[{"offset":0,"length":3,"type":"bot_command"}]}}

【2025-09-06 18:48:24】
回调信息：{"update_id":448794989,"message":{"message_id":17008,"from":{"id":7978710531,"is_bot":false,"first_name":"SBETB55-CS- SOUER","username":"B55_CS5510"},"chat":{"id":-1002457501685,"title":"YunPay-10049-B55【0.4%+0】巴西《本群不会申请资金下发》","type":"supergroup"},"date":1757195304,"text":"\/balance@YunPay3_bot","entities":[{"offset":0,"length":20,"type":"bot_command"}]}}

【2025-09-06 18:50:37】
回调信息：{"update_id":448794990,"callback_query":{"id":"3137794832734908688","from":{"id":7173025734,"is_bot":false,"first_name":"莫名","last_name":"莫名","username":"lo25364","language_code":"zh-hans"},"message":{"message_id":4834,"from":{"id":7762675448,"is_bot":true,"first_name":"YunPay","username":"YunPay3_bot"},"chat":{"id":-1002988535158,"title":"巴西-YunPay-10442 mariojogo- 0.4%","type":"supergroup"},"date":1757195378,"text":"代付风控提示\n\n系统订单号：P2025090618493895378973222\n外部订单号：295611667747307136\n订单金额：150.00\n开户名 ：Carlos daniel de souza alves\n账号 ：+5569992700611\n申请时间：2025-09-06 18:49:38","entities":[{"offset":14,"length":26,"type":"code"},{"offset":47,"length":18,"type":"code"},{"offset":116,"length":14,"type":"phone_number"}],"reply_markup":{"inline_keyboard":[[{"text":"驳回(reject)","callback_data":"reject P2025090618493895378973222"},{"text":"通过(pass)","callback_data":"pass P2025090618493895378973222"}]]}},"chat_instance":"3039285739919429818","data":"pass P2025090618493895378973222"}}

【2025-09-06 18:51:35】
回调信息：{"update_id":448794991,"message":{"message_id":26075,"from":{"id":7868043648,"is_bot":false,"first_name":"QQpay全球支付（锐翊）","username":"qqpay006"},"chat":{"id":-1002416189316,"title":"巴西-YunPay-10024-qqpay 0.45 %","type":"supergroup"},"date":1757195495,"text":"\/df 2000_20045_805023482101517051","entities":[{"offset":0,"length":3,"type":"bot_command"}]}}

【2025-09-06 18:51:43】
回调信息：{"update_id":448794992,"message":{"message_id":26077,"from":{"id":7868043648,"is_bot":false,"first_name":"QQpay全球支付（锐翊）","username":"qqpay006"},"chat":{"id":-1002416189316,"title":"巴西-YunPay-10024-qqpay 0.45 %","type":"supergroup"},"date":1757195502,"message_thread_id":26075,"reply_to_message":{"message_id":26076,"from":{"id":7762675448,"is_bot":true,"first_name":"YunPay","username":"YunPay3_bot"},"chat":{"id":-1002416189316,"title":"巴西-YunPay-10024-qqpay 0.45 %","type":"supergroup"},"date":1757195496,"message_thread_id":26075,"text":"最新代付订单详情\n---------------------------------------------\n系统订单号：P2025090618440295042144744\n外部订单号：2000_20045_805023482101517051\n订单金额：50.0000\n申请时间：2025-09-06 18:44:02\n订单状态：处理中\n备注 ：申请成功！ - 申请正常2025-09-06 18:44:03 - \n通知次数 ：0\n最后通知时间：1969-12-31 21:00:00\n\n=========银行信息=========\n银行名称：\n开户名 ：Nelma  lucia de mendonça\n账号 ：16994443038"},"text":"加急"}}

【2025-09-06 18:52:05】
回调信息：{"update_id":448794993,"message":{"message_id":26078,"from":{"id":7767983416,"is_bot":false,"first_name":"客服06 ️","last_name":"YUNPAY","username":"yunpay06","is_premium":true},"chat":{"id":-1002416189316,"title":"巴西-YunPay-10024-qqpay 0.45 %","type":"supergroup"},"date":1757195524,"message_thread_id":26075,"reply_to_message":{"message_id":26076,"from":{"id":7762675448,"is_bot":true,"first_name":"YunPay","username":"YunPay3_bot"},"chat":{"id":-1002416189316,"title":"巴西-YunPay-10024-qqpay 0.45 %","type":"supergroup"},"date":1757195496,"message_thread_id":26075,"text":"最新代付订单详情\n---------------------------------------------\n系统订单号：P2025090618440295042144744\n外部订单号：2000_20045_805023482101517051\n订单金额：50.0000\n申请时间：2025-09-06 18:44:02\n订单状态：处理中\n备注 ：申请成功！ - 申请正常2025-09-06 18:44:03 - \n通知次数 ：0\n最后通知时间：1969-12-31 21:00:00\n\n=========银行信息=========\n银行名称：\n开户名 ：Nelma  lucia de mendonça\n账号 ：16994443038"},"text":"老板，这边已经催促银行加急处理的，等会处理好后会第一时间通知您的"}}

【2025-09-06 18:52:20】
回调信息：{"update_id":448794994,"message":{"message_id":3454,"from":{"id":8068847155,"is_bot":false,"first_name":"JustLee®","username":"sin887791","language_code":"zh-hans","is_premium":true},"chat":{"id":-1002182276364,"title":"SSSBET-巴西-yunpay-10042","type":"supergroup"},"date":1757195539,"text":"\/balance@YunPay3_bot","entities":[{"offset":0,"length":20,"type":"bot_command"}]}}

【2025-09-06 18:52:47】
回调信息：{"update_id":448794995,"message":{"message_id":12905,"from":{"id":8058119746,"is_bot":false,"first_name":"组长 出款_Rhovie","username":"Payment_Rhovie","language_code":"en"},"chat":{"id":-1002256433700,"title":"巴西-YunPay-10128-222hot-0.4%","type":"supergroup"},"date":1757195566,"text":"\/balance@YunPay3_bot","entities":[{"offset":0,"length":20,"type":"bot_command"}]}}

【2025-09-06 18:52:49】
回调信息：{"update_id":448794996,"callback_query":{"id":"6985318538648882284","from":{"id":8068847155,"is_bot":false,"first_name":"JustLee®","username":"sin887791","language_code":"zh-hans","is_premium":true},"message":{"message_id":3456,"from":{"id":7762675448,"is_bot":true,"first_name":"YunPay","username":"YunPay3_bot"},"chat":{"id":-1002182276364,"title":"SSSBET-巴西-yunpay-10042","type":"supergroup"},"date":1757195566,"text":"代付风控提示\n\n系统订单号：P2025090618524595565225608\n外部订单号：m1flAAKW6ypAzbwc\n订单金额：50000.00\n开户名 ：Mauristanio  da silva\n账号 ：69031797200\n申请时间：2025-09-06 18:52:45","entities":[{"offset":14,"length":26,"type":"code"},{"offset":47,"length":16,"type":"code"}],"reply_markup":{"inline_keyboard":[[{"text":"驳回(reject)","callback_data":"reject P2025090618524595565225608"},{"text":"通过(pass)","callback_data":"pass P2025090618524595565225608"}]]}},"chat_instance":"2020746856957777719","data":"pass P2025090618524595565225608"}}

【2025-09-06 18:56:42】
回调信息：{"update_id":448794997,"message":{"message_id":4837,"from":{"id":7428901260,"is_bot":false,"first_name":"阿鱼","username":"wm633","language_code":"zh-hans"},"chat":{"id":-1002988535158,"title":"巴西-YunPay-10442 mariojogo- 0.4%","type":"supergroup"},"date":1757195802,"text":"\/balance@YunPay3_bot","entities":[{"offset":0,"length":20,"type":"bot_command"}]}}

【2025-09-06 18:56:54】
回调信息：{"update_id":448794998,"message":{"message_id":4661,"from":{"id":7742433551,"is_bot":false,"first_name":"洋洋。。小英","username":"yang2025z","language_code":"zh-hans","is_premium":true},"chat":{"id":-1002650687454,"title":"777futebol 巴西-YUNPAY-10233-mclarenbr","type":"supergroup"},"date":1757195813,"text":"\/df W130020250906185028681363046","entities":[{"offset":0,"length":3,"type":"bot_command"}]}}

【2025-09-06 18:57:11】
回调信息：{"update_id":448794999,"message":{"message_id":26079,"from":{"id":7815931369,"is_bot":false,"first_name":"qqpay全球支付（小黑）","username":"xiaohei666668888","is_premium":true},"chat":{"id":-1002416189316,"title":"巴西-YunPay-10024-qqpay 0.45 %","type":"supergroup"},"date":1757195831,"text":"\/df 2000_20277_805023463969534179","entities":[{"offset":0,"length":3,"type":"bot_command"}]}}

【2025-09-06 18:57:55】
回调信息：{"update_id":448795000,"message":{"message_id":1549,"from":{"id":6650274416,"is_bot":false,"first_name":"AHKIM-CS1180","username":"ahkim1180"},"chat":{"id":-1002880197106,"title":"巴西-YunPay-10374-A668（0.4）","type":"supergroup"},"date":1757195875,"text":"\/df tx_30078_20250906214134EVcqG","entities":[{"offset":0,"length":3,"type":"bot_command"}]}}

【2025-09-06 18:58:07】
回调信息：{"update_id":448795001,"message":{"message_id":1569,"from":{"id":7375451757,"is_bot":false,"first_name":"小新","last_name":"小黑","username":"BartNhSmos_9999"},"chat":{"id":-1002682494383,"title":"巴西-YunPay-10334-n9win","type":"supergroup"},"date":1757195886,"text":"\/df TX17571957869655554580","entities":[{"offset":0,"length":3,"type":"bot_command"}]}}

【2025-09-06 18:59:40】
回调信息：{"update_id":448795002,"message":{"message_id":2691,"from":{"id":6487555975,"is_bot":false,"first_name":"yunpay_","last_name":"柠檬","username":"yuanpay_03","is_premium":true},"chat":{"id":-1002859914962,"title":"巴西-YunPay-10462-AS888","type":"supergroup"},"date":1757195979,"text":"\/ds 2025090618424654555191539","entities":[{"offset":0,"length":3,"type":"bot_command"}]}}

