【2025-09-06 03:10:28】
P2025090602532838008868821----提交：{"custId":"24120300001308","appId":"8241201350","order":"P2025090602532838008868821","sign":"43F978C7E307BFE004AB83B2117A47C8"}

【2025-09-06 03:10:28】
P2025090602532838008868821----返回：{"code":"000000","msg":"P2025090602532838008868821","data":{"date":"2025-09-06 02:53:31","eid":"E4575644820250906055335DEMneYj0W","amount":"40","name":"Leandro da Silva","cpf":"49839162888","bankname":"null","payBank":"","payCpf":"","pixkey":"49839162888","account":"500587059","status":"done","order":"A20250906025328090064rkFh2ul2G"},"sign":"03196DECB705E7107F138DBE37241A20"}

【2025-09-06 03:10:32】
P2025090602532838008868821----提交：{"custId":"24120300001308","appId":"8241201350","order":"P2025090602532838008868821","sign":"43F978C7E307BFE004AB83B2117A47C8"}

【2025-09-06 03:10:32】
P2025090602532838008868821----返回：{"code":"000000","msg":"P2025090602532838008868821","data":{"date":"2025-09-06 02:53:31","eid":"E4575644820250906055335DEMneYj0W","amount":"40","name":"Leandro da Silva","cpf":"49839162888","bankname":"null","payBank":"","payCpf":"","pixkey":"49839162888","account":"500587059","status":"done","order":"A20250906025328090064rkFh2ul2G"},"sign":"03196DECB705E7107F138DBE37241A20"}

【2025-09-06 03:10:33】
P2025090602532838008868821----提交：{"custId":"24120300001308","appId":"8241201350","order":"P2025090602532838008868821","sign":"43F978C7E307BFE004AB83B2117A47C8"}

【2025-09-06 03:10:33】
P2025090602532838008868821----返回：{"code":"000000","msg":"P2025090602532838008868821","data":{"date":"2025-09-06 02:53:31","eid":"E4575644820250906055335DEMneYj0W","amount":"40","name":"Leandro da Silva","cpf":"49839162888","bankname":"null","payBank":"","payCpf":"","pixkey":"49839162888","account":"500587059","status":"done","order":"A20250906025328090064rkFh2ul2G"},"sign":"03196DECB705E7107F138DBE37241A20"}

【2025-09-06 03:18:47】
P2025090603075838878796019----提交：{"custId":"24120300001308","appId":"8241201350","order":"P2025090603075838878796019","sign":"1EB1309CC7393F617ACAB457388F1684"}

【2025-09-06 03:18:47】
P2025090603075838878796019----返回：{"code":"000000","msg":"P2025090603075838878796019","data":{"date":"2025-09-06 03:08:00","eid":"E45756448202509060607MOt7ufl950m","amount":"10","name":"ARACLEIDSON DA SILVA LOPES","cpf":"61378386337","bankname":"null","payBank":"","payCpf":"","pixkey":"11996596097","account":"154254039","status":"done","order":"A20250906030758404183NMvRPahFW"},"sign":"141DFA43B937B52D133415F830446D62"}

【2025-09-06 03:18:50】
P2025090603075838878796019----提交：{"custId":"24120300001308","appId":"8241201350","order":"P2025090603075838878796019","sign":"1EB1309CC7393F617ACAB457388F1684"}

【2025-09-06 03:18:50】
P2025090603075838878796019----返回：{"code":"000000","msg":"P2025090603075838878796019","data":{"date":"2025-09-06 03:08:00","eid":"E45756448202509060607MOt7ufl950m","amount":"10","name":"ARACLEIDSON DA SILVA LOPES","cpf":"61378386337","bankname":"null","payBank":"","payCpf":"","pixkey":"11996596097","account":"154254039","status":"done","order":"A20250906030758404183NMvRPahFW"},"sign":"141DFA43B937B52D133415F830446D62"}

