【2025-09-06 01:19:36】
P2025083016281982099322526----提交：{"custId":"24120300001308","appId":"8241201350","order":"P2025083016281982099322526","sign":"931417D3DC1A5489BD28E6D9C4CC6B6A"}

【2025-09-06 01:19:36】
P2025083016281982099322526----返回：{"code":"000000","msg":"P2025083016281982099322526","data":{"date":"2025-08-30 16:28:21","eid":"E35713491202508301928192406bcfdb","amount":"70","name":"JEFERSON SILVA RAMOS","cpf":"11162187557","bankname":"NOVABET OFICIAL","payBank":"","payCpf":"","pixkey":"11162187557","account":"08561701","status":"done","order":"A20250830162819957973jII4if2LP"},"sign":"58B94826F68DB28C7EEF0A6B34ADC1D9"}

【2025-09-06 01:33:11】
P2025090601300133001179934----提交：{"custId":"24120300001308","appId":"8241201350","order":"P2025090601300133001179934","sign":"48768F8B46089DAA42D5C27310E28A94"}

【2025-09-06 01:33:11】
P2025090601300133001179934----返回：{"code":"000000","msg":"P2025090601300133001179934","data":{"date":"2025-09-06 01:32:25","eid":"E357134912025090604300203368500f","amount":"30","name":"Maria Jose de Sousa Lica","cpf":"40621928372","bankname":"NOVABET OFICIAL","payBank":"","payCpf":"","pixkey":"40621928372","account":"10573521","status":"done","order":"A20250906013001567551432qE8TuY"},"sign":"E5D3AE9C7921737391486C0DB9CCEB93"}

【2025-09-06 01:41:13】
P2025090601403333633571825----提交：{"custId":"24120300001308","appId":"8241201350","order":"P2025090601403333633571825","sign":"D6B5192F48D750496F05CDC91A9B98D2"}

【2025-09-06 01:41:13】
P2025090601403333633571825----返回：{"code":"000000","msg":"P2025090601403333633571825","data":{"date":"2025-09-06 01:40:36","eid":"E3571349120250906044034130767c94","amount":"30","name":"José Glemesson da Silva Bernardino","cpf":"05720949224","bankname":"NOVABET OFICIAL","payBank":"","payCpf":"","pixkey":"05720949224","account":"18236120","status":"done","order":"A202509060140332742699elx1m68W"},"sign":"5D5246522B193F3FDA53D9C44A1EF2CF"}

【2025-09-06 01:41:16】
P2025090601403333633571825----提交：{"custId":"24120300001308","appId":"8241201350","order":"P2025090601403333633571825","sign":"D6B5192F48D750496F05CDC91A9B98D2"}

【2025-09-06 01:41:16】
P2025090601403333633571825----返回：{"code":"000000","msg":"P2025090601403333633571825","data":{"date":"2025-09-06 01:40:36","eid":"E3571349120250906044034130767c94","amount":"30","name":"José Glemesson da Silva Bernardino","cpf":"05720949224","bankname":"NOVABET OFICIAL","payBank":"","payCpf":"","pixkey":"05720949224","account":"18236120","status":"done","order":"A202509060140332742699elx1m68W"},"sign":"5D5246522B193F3FDA53D9C44A1EF2CF"}

【2025-09-06 01:43:04】
P2025090601403333633791099----提交：{"custId":"24120300001308","appId":"8241201350","order":"P2025090601403333633791099","sign":"BC3C097D2D1F9D76DF036E3209BF33AD"}

【2025-09-06 01:43:04】
P2025090601403333633791099----返回：{"code":"000000","msg":"P2025090601403333633791099","data":{"date":"2025-09-06 01:40:35","eid":"E3571349120250906044033956332c30","amount":"200","name":"Bruna Lima de Melo","cpf":"54221504811","bankname":"NOVABET OFICIAL","payBank":"","payCpf":"","pixkey":"54221504811","account":"18236120","status":"done","order":"A20250906014033320372qwmRawJBs"},"sign":"75FFAA8B04A992A11744C14DFED0233D"}

【2025-09-06 01:43:05】
P2025090601403333633791099----提交：{"custId":"24120300001308","appId":"8241201350","order":"P2025090601403333633791099","sign":"BC3C097D2D1F9D76DF036E3209BF33AD"}

【2025-09-06 01:43:05】
P2025090601403333633791099----返回：{"code":"000000","msg":"P2025090601403333633791099","data":{"date":"2025-09-06 01:40:35","eid":"E3571349120250906044033956332c30","amount":"200","name":"Bruna Lima de Melo","cpf":"54221504811","bankname":"NOVABET OFICIAL","payBank":"","payCpf":"","pixkey":"54221504811","account":"18236120","status":"done","order":"A20250906014033320372qwmRawJBs"},"sign":"75FFAA8B04A992A11744C14DFED0233D"}

