【2025-09-06 18:37:48】
P2025090618343794477354320----提交：{"custId":"24120300001308","appId":"8241201350","order":"P2025090618343794477354320","sign":"3BC5E719FFAC3FC8879C9068CE8FE5F7"}

【2025-09-06 18:37:48】
P2025090618343794477354320----返回：{"code":"000000","msg":"P2025090618343794477354320","data":{"date":"2025-09-06 18:36:05","eid":"E45756448202509062136pt4aqr9c9kO","amount":"8933.23","name":"Otávio Cotian Medeiro","cpf":"37226996812","bankname":"null","payBank":"","payCpf":"","pixkey":"37226996812","account":"1004547297","status":"done","order":"A20250906183602591821zjbRK7P6r"},"sign":"CF2CA2600C179FF03E7915D8430FD49B"}

【2025-09-06 18:37:52】
P2025090618343794477354320----提交：{"custId":"24120300001308","appId":"8241201350","order":"P2025090618343794477354320","sign":"3BC5E719FFAC3FC8879C9068CE8FE5F7"}

【2025-09-06 18:37:52】
P2025090618343794477354320----返回：{"code":"000000","msg":"P2025090618343794477354320","data":{"date":"2025-09-06 18:36:05","eid":"E45756448202509062136pt4aqr9c9kO","amount":"8933.23","name":"Otávio Cotian Medeiro","cpf":"37226996812","bankname":"null","payBank":"","payCpf":"","pixkey":"37226996812","account":"1004547297","status":"done","order":"A20250906183602591821zjbRK7P6r"},"sign":"CF2CA2600C179FF03E7915D8430FD49B"}

【2025-09-06 18:38:52】
P2025090617504691846917272----提交：{"custId":"24120300001308","appId":"8241201350","order":"P2025090617504691846917272","sign":"2FFE4E75B2C360C245D063EA46115E7B"}

【2025-09-06 18:38:52】
P2025090617504691846917272----返回：{"code":"000000","msg":"P2025090617504691846917272","data":{"date":"2025-09-06 17:50:50","eid":"E457564482025090620506Qkg8lKfAEK","amount":"30","name":"LILIANE RAQUEL DE OLIVEIRA","cpf":"3687232913","bankname":"null","payBank":"","payCpf":"","pixkey":"03687232913","account":"20459124","status":"done","order":"A20250906175046201402rRun8FD88"},"sign":"8FE5AB381BAC90637DBFB467CB60E613"}

【2025-09-06 18:38:55】
P2025090617504691846917272----提交：{"custId":"24120300001308","appId":"8241201350","order":"P2025090617504691846917272","sign":"2FFE4E75B2C360C245D063EA46115E7B"}

【2025-09-06 18:38:55】
P2025090617504691846917272----返回：{"code":"000000","msg":"P2025090617504691846917272","data":{"date":"2025-09-06 17:50:50","eid":"E457564482025090620506Qkg8lKfAEK","amount":"30","name":"LILIANE RAQUEL DE OLIVEIRA","cpf":"3687232913","bankname":"null","payBank":"","payCpf":"","pixkey":"03687232913","account":"20459124","status":"done","order":"A20250906175046201402rRun8FD88"},"sign":"8FE5AB381BAC90637DBFB467CB60E613"}

【2025-09-06 18:47:08】
P2025090618401294812241239----提交：{"custId":"24120300001308","appId":"8241201350","order":"P2025090618401294812241239","sign":"8D44162EECAD2CC0BBD9AEE71CFD96FC"}

【2025-09-06 18:47:08】
P2025090618401294812241239----返回：{"code":"000000","msg":"P2025090618401294812241239","data":{"date":"2025-09-06 18:40:15","eid":"E45756448202509062140dOtpfIgSf0i","amount":"230","name":"Henrique Diogo Mioni Da Silva","cpf":"49492082845","bankname":"null","payBank":"","payCpf":"","pixkey":"glomicareta@gmail.com","account":"220339341","status":"done","order":"A20250906184012340962GFn7uEfF9"},"sign":"BAE3F0A5DA1F1B32E8CEA199497437C6"}

【2025-09-06 18:47:10】
P2025090618401294812241239----提交：{"custId":"24120300001308","appId":"8241201350","order":"P2025090618401294812241239","sign":"8D44162EECAD2CC0BBD9AEE71CFD96FC"}

【2025-09-06 18:47:10】
P2025090618401294812241239----返回：{"code":"000000","msg":"P2025090618401294812241239","data":{"date":"2025-09-06 18:40:15","eid":"E45756448202509062140dOtpfIgSf0i","amount":"230","name":"Henrique Diogo Mioni Da Silva","cpf":"49492082845","bankname":"null","payBank":"","payCpf":"","pixkey":"glomicareta@gmail.com","account":"220339341","status":"done","order":"A20250906184012340962GFn7uEfF9"},"sign":"BAE3F0A5DA1F1B32E8CEA199497437C6"}

