【2025-09-06 12:15:11】
P2025090601403333633571825----提交：{"custId":"24120300001308","appId":"8241201350","order":"P2025090601403333633571825","sign":"D6B5192F48D750496F05CDC91A9B98D2"}

【2025-09-06 12:15:11】
P2025090601403333633571825----返回：{"code":"000000","msg":"P2025090601403333633571825","data":{"date":"2025-09-06 01:40:36","eid":"E3571349120250906044034130767c94","amount":"30","name":"José Glemesson da Silva Bernardino","cpf":"05720949224","bankname":"NOVABET OFICIAL","payBank":"","payCpf":"","pixkey":"05720949224","account":"18236120","status":"done","order":"A202509060140332742699elx1m68W"},"sign":"5D5246522B193F3FDA53D9C44A1EF2CF"}

【2025-09-06 12:20:34】
P2025090417042616266481743----提交：{"custId":"24120300001308","appId":"8241201350","order":"P2025090417042616266481743","sign":"FB63F760EA04E64F5884EC698A4D95E5"}

【2025-09-06 12:20:34】
P2025090417042616266481743----返回：{"code":"000000","msg":"P2025090417042616266481743","data":{"date":"2025-09-04 17:06:05","eid":"E45756448202509042006ezObj98pWUu","amount":"5701","name":"Aline Cristina Souza Berredo","cpf":"2168595224","bankname":"null","payBank":"","payCpf":"","pixkey":"jedihax289@skateru.com","account":"577632162","status":"done","order":"A20250904170601521030j4RXXC68u"},"sign":"DEC4D86240DB733AFB95CAD9A7EC4840"}

【2025-09-06 12:55:50】
P2025090520130513985753220----提交：{"custId":"24120300001308","appId":"8241201350","order":"P2025090520130513985753220","sign":"4E9994979D6F38084B17D2FFC0C4E704"}

【2025-09-06 12:55:50】
P2025090520130513985753220----返回：{"code":"000000","msg":"P2025090520130513985753220","data":{"date":"2025-09-05 20:13:08","eid":"E45756448202509052313Ep6ngBWjEef","amount":"30","name":"Reginaldo Ferreira de Lima","cpf":"13167351411","bankname":"null","payBank":"","payCpf":"","pixkey":"13167351411","account":"322415610","status":"done","order":"A202509052013051249608LxDsuNmV"},"sign":"47C88BC37CB0D379935E48D8EA9678E0"}

【2025-09-06 12:55:54】
P2025090520130513985753220----提交：{"custId":"24120300001308","appId":"8241201350","order":"P2025090520130513985753220","sign":"4E9994979D6F38084B17D2FFC0C4E704"}

【2025-09-06 12:55:54】
P2025090520130513985753220----返回：{"code":"000000","msg":"P2025090520130513985753220","data":{"date":"2025-09-05 20:13:08","eid":"E45756448202509052313Ep6ngBWjEef","amount":"30","name":"Reginaldo Ferreira de Lima","cpf":"13167351411","bankname":"null","payBank":"","payCpf":"","pixkey":"13167351411","account":"322415610","status":"done","order":"A202509052013051249608LxDsuNmV"},"sign":"47C88BC37CB0D379935E48D8EA9678E0"}

【2025-09-06 12:56:02】
P2025090520130513985753220----提交：{"custId":"24120300001308","appId":"8241201350","order":"P2025090520130513985753220","sign":"4E9994979D6F38084B17D2FFC0C4E704"}

【2025-09-06 12:56:02】
P2025090520130513985753220----返回：{"code":"000000","msg":"P2025090520130513985753220","data":{"date":"2025-09-05 20:13:08","eid":"E45756448202509052313Ep6ngBWjEef","amount":"30","name":"Reginaldo Ferreira de Lima","cpf":"13167351411","bankname":"null","payBank":"","payCpf":"","pixkey":"13167351411","account":"322415610","status":"done","order":"A202509052013051249608LxDsuNmV"},"sign":"47C88BC37CB0D379935E48D8EA9678E0"}

【2025-09-06 12:58:13】
P2025090611102367823774600----提交：{"custId":"24120300001308","appId":"8241201350","order":"P2025090611102367823774600","sign":"D828306129B6A0B1A0404E68B40D83BD"}

【2025-09-06 12:58:14】
P2025090611102367823774600----返回：{"code":"000000","msg":"P2025090611102367823774600","data":{"date":"2025-09-06 11:10:27","eid":"E45756448202509061410fVTVa1zIw0q","amount":"20","name":"Rosangela Marques Do Nascimento","cpf":"6514780733","bankname":"null","payBank":"","payCpf":"","pixkey":"06514780733","account":"597978212","status":"done","order":"A20250906111023641442nlAJG3KxP"},"sign":"C11E0DE2A6A911AB6EDC4A6CF4F7FCC5"}

【2025-09-06 12:58:15】
P2025090611102367823774600----提交：{"custId":"24120300001308","appId":"8241201350","order":"P2025090611102367823774600","sign":"D828306129B6A0B1A0404E68B40D83BD"}

【2025-09-06 12:58:15】
P2025090611102367823774600----返回：{"code":"000000","msg":"P2025090611102367823774600","data":{"date":"2025-09-06 11:10:27","eid":"E45756448202509061410fVTVa1zIw0q","amount":"20","name":"Rosangela Marques Do Nascimento","cpf":"6514780733","bankname":"null","payBank":"","payCpf":"","pixkey":"06514780733","account":"597978212","status":"done","order":"A20250906111023641442nlAJG3KxP"},"sign":"C11E0DE2A6A911AB6EDC4A6CF4F7FCC5"}

