【2025-09-06 10:14:16】
P2025090609534863228282926----提交：{"custId":"24120300001308","appId":"8241201350","order":"P2025090609534863228282926","sign":"51E4B1617D2140A4457F7DB4BC69F089"}

【2025-09-06 10:14:16】
P2025090609534863228282926----返回：{"code":"000000","msg":"P2025090609534863228282926","data":{"date":"2025-09-06 09:53:50","eid":"E3571349120250906125348265b0a82c","amount":"40.02","name":"Alessandra Dos Santos Da Silva","cpf":"09676323748","bankname":"NOVABET OFICIAL","payBank":"","payCpf":"","pixkey":"92994147354","account":"13370835","status":"done","order":"A20250906095348722907jxW7kSPci"},"sign":"F8BD4DE539B22D63D8910F2D48224016"}

【2025-09-06 10:14:29】
P2025090609534863228282926----提交：{"custId":"24120300001308","appId":"8241201350","order":"P2025090609534863228282926","sign":"51E4B1617D2140A4457F7DB4BC69F089"}

【2025-09-06 10:14:29】
P2025090609534863228282926----返回：{"code":"000000","msg":"P2025090609534863228282926","data":{"date":"2025-09-06 09:53:50","eid":"E3571349120250906125348265b0a82c","amount":"40.02","name":"Alessandra Dos Santos Da Silva","cpf":"09676323748","bankname":"NOVABET OFICIAL","payBank":"","payCpf":"","pixkey":"92994147354","account":"13370835","status":"done","order":"A20250906095348722907jxW7kSPci"},"sign":"F8BD4DE539B22D63D8910F2D48224016"}

【2025-09-06 10:23:27】
P2025090602092635366182725----提交：{"custId":"24120300001308","appId":"8241201350","order":"P2025090602092635366182725","sign":"62272DCC1FD09C510BC2D3DFB4B9C607"}

【2025-09-06 10:23:27】
P2025090602092635366182725----返回：{"code":"000000","msg":"P2025090602092635366182725","data":{"date":"2025-09-06 02:09:28","eid":"E45756448202509060509LBpxdtjtE62","amount":"50","name":"Rogério Alves dos Santos","cpf":"11003978410","bankname":"null","payBank":"","payCpf":"","pixkey":"11003978410","account":"397565231","status":"done","order":"A20250906020926713486FN6nLZX33"},"sign":"94312D2B904C2FDE54340A141EFAE472"}

【2025-09-06 10:23:30】
P2025090602092635366182725----提交：{"custId":"24120300001308","appId":"8241201350","order":"P2025090602092635366182725","sign":"62272DCC1FD09C510BC2D3DFB4B9C607"}

【2025-09-06 10:23:30】
P2025090602092635366182725----返回：{"code":"000000","msg":"P2025090602092635366182725","data":{"date":"2025-09-06 02:09:28","eid":"E45756448202509060509LBpxdtjtE62","amount":"50","name":"Rogério Alves dos Santos","cpf":"11003978410","bankname":"null","payBank":"","payCpf":"","pixkey":"11003978410","account":"397565231","status":"done","order":"A20250906020926713486FN6nLZX33"},"sign":"94312D2B904C2FDE54340A141EFAE472"}

【2025-09-06 10:28:48】
P2025090602304736647494703----提交：{"custId":"24120300001308","appId":"8241201350","order":"P2025090602304736647494703","sign":"1D9B93AE8DD9FFD33839B9E0147AA530"}

【2025-09-06 10:28:48】
P2025090602304736647494703----返回：{"code":"000000","msg":"P2025090602304736647494703","data":{"date":"2025-09-06 02:30:50","eid":"E45756448202509060530otVGnj7zL0i","amount":"20","name":"MARIA EDUARDA DA COSTA","cpf":"63129829393","bankname":"null","payBank":"","payCpf":"","pixkey":"63129829393","account":"940402890","status":"done","order":"A20250906023047157954VL3hH1Zp5"},"sign":"A5742531BBF818F7DA27D466557365DA"}

【2025-09-06 10:28:52】
P2025090602304736647494703----提交：{"custId":"24120300001308","appId":"8241201350","order":"P2025090602304736647494703","sign":"1D9B93AE8DD9FFD33839B9E0147AA530"}

【2025-09-06 10:28:52】
P2025090602304736647494703----返回：{"code":"000000","msg":"P2025090602304736647494703","data":{"date":"2025-09-06 02:30:50","eid":"E45756448202509060530otVGnj7zL0i","amount":"20","name":"MARIA EDUARDA DA COSTA","cpf":"63129829393","bankname":"null","payBank":"","payCpf":"","pixkey":"63129829393","account":"940402890","status":"done","order":"A20250906023047157954VL3hH1Zp5"},"sign":"A5742531BBF818F7DA27D466557365DA"}

【2025-09-06 10:31:32】
P2025090610294165381336216----提交：{"custId":"24120300001308","appId":"8241201350","order":"P2025090610294165381336216","sign":"BFE45E97325FF110D49F0895762DBCE3"}

【2025-09-06 10:31:32】
P2025090610294165381336216----返回：{"code":"000000","msg":"P2025090610294165381336216","data":{"date":"2025-09-06 10:29:43","eid":"E457564482025090613292emfKxz490O","amount":"1000","name":"Marina Aparecida Padilha","cpf":"5259114990","bankname":"null","payBank":"","payCpf":"","pixkey":"05259114990","account":"497089119","status":"done","order":"A20250906102941581694kTD3Eqcvd"},"sign":"9B61F06D5EED9B24C8ADF954C67093F4"}

【2025-09-06 10:31:53】
P2025090610294165381336216----提交：{"custId":"24120300001308","appId":"8241201350","order":"P2025090610294165381336216","sign":"BFE45E97325FF110D49F0895762DBCE3"}

【2025-09-06 10:31:53】
P2025090610294165381336216----返回：{"code":"000000","msg":"P2025090610294165381336216","data":{"date":"2025-09-06 10:29:43","eid":"E457564482025090613292emfKxz490O","amount":"1000","name":"Marina Aparecida Padilha","cpf":"5259114990","bankname":"null","payBank":"","payCpf":"","pixkey":"05259114990","account":"497089119","status":"done","order":"A20250906102941581694kTD3Eqcvd"},"sign":"9B61F06D5EED9B24C8ADF954C67093F4"}

【2025-09-06 10:51:51】
P2025090610292165361613974----提交：{"custId":"24120300001308","appId":"8241201350","order":"P2025090610292165361613974","sign":"7BCD8FE0A9AD3BCEFD64158F4C034538"}

【2025-09-06 10:51:52】
P2025090610292165361613974----返回：{"code":"000000","msg":"P2025090610292165361613974","data":{"date":"2025-09-06 10:29:23","eid":"E3571349120250906132921822456441","amount":"40","name":"NEUSA DE ALMEIDA ASSUMPCAO","cpf":"36523501892","bankname":"NOVABET OFICIAL","payBank":"","payCpf":"","pixkey":"36523501892","account":"00000000","status":"done","order":"A20250906102921676885rbVenZcbW"},"sign":"2AEB06C91DFE35454F1A96063A69AEF3"}

【2025-09-06 10:51:56】
P2025090610292165361613974----提交：{"custId":"24120300001308","appId":"8241201350","order":"P2025090610292165361613974","sign":"7BCD8FE0A9AD3BCEFD64158F4C034538"}

【2025-09-06 10:51:56】
P2025090610292165361613974----返回：{"code":"000000","msg":"P2025090610292165361613974","data":{"date":"2025-09-06 10:29:23","eid":"E3571349120250906132921822456441","amount":"40","name":"NEUSA DE ALMEIDA ASSUMPCAO","cpf":"36523501892","bankname":"NOVABET OFICIAL","payBank":"","payCpf":"","pixkey":"36523501892","account":"00000000","status":"done","order":"A20250906102921676885rbVenZcbW"},"sign":"2AEB06C91DFE35454F1A96063A69AEF3"}

【2025-09-06 10:58:57】
P2025090609534863228282926----提交：{"custId":"24120300001308","appId":"8241201350","order":"P2025090609534863228282926","sign":"51E4B1617D2140A4457F7DB4BC69F089"}

【2025-09-06 10:58:57】
P2025090609534863228282926----返回：{"code":"000000","msg":"P2025090609534863228282926","data":{"date":"2025-09-06 09:53:50","eid":"E3571349120250906125348265b0a82c","amount":"40.02","name":"Alessandra Dos Santos Da Silva","cpf":"09676323748","bankname":"NOVABET OFICIAL","payBank":"","payCpf":"","pixkey":"92994147354","account":"13370835","status":"done","order":"A20250906095348722907jxW7kSPci"},"sign":"F8BD4DE539B22D63D8910F2D48224016"}

