【2025-08-27 04:00:03】
回调信息：{"update_id":448774137,"message":{"message_id":4739,"from":{"id":8049996425,"is_bot":false,"first_name":"老挝-巴西出款 花~欣","username":"Laowobxck04","language_code":"zh-hans","is_premium":true},"chat":{"id":-1002708592805,"title":"EG 巴西-YunPay-10329-CBF777-0.4%","type":"supergroup"},"date":1756278002,"text":"\/balance@YunPay3_bot","entities":[{"offset":0,"length":20,"type":"bot_command"}]}}

【2025-08-27 04:04:12】
回调信息：{"update_id":448774138,"message":{"message_id":1157,"from":{"id":7368056514,"is_bot":false,"first_name":"铭豪~阿平","username":"mhap88g6","language_code":"zh-hans","is_premium":true},"chat":{"id":-1002276143194,"title":"巴西- vegas-br yunpay-10241-pgmae","type":"supergroup"},"date":1756278251,"text":"\/ds 271307463319857106","entities":[{"offset":0,"length":3,"type":"bot_command"}]}}

【2025-08-27 04:04:24】
回调信息：{"update_id":448774139,"message":{"message_id":7327,"from":{"id":8155598350,"is_bot":false,"first_name":"PHIA - CSKHQT - 0203","username":"phiafk","language_code":"vi","is_premium":true},"chat":{"id":-1002450464780,"title":"巴西-YunPay-10191-sh777-0.4%","type":"supergroup"},"date":1756278263,"text":"\/balance@YunPay3_bot","entities":[{"offset":0,"length":20,"type":"bot_command"}]}}

【2025-08-27 04:04:29】
回调信息：{"update_id":448774140,"message":{"message_id":5940,"from":{"id":8155598350,"is_bot":false,"first_name":"PHIA - CSKHQT - 0203","username":"phiafk","language_code":"vi","is_premium":true},"chat":{"id":-1002604611165,"title":"巴西-YunPay-10213-aq777-0.4%","type":"supergroup"},"date":1756278268,"text":"\/balance@YunPay3_bot","entities":[{"offset":0,"length":20,"type":"bot_command"}]}}

【2025-08-27 04:04:33】
回调信息：{"update_id":448774141,"message":{"message_id":13079,"from":{"id":8155598350,"is_bot":false,"first_name":"PHIA - CSKHQT - 0203","username":"phiafk","language_code":"vi","is_premium":true},"chat":{"id":-1002680635315,"title":"巴西-YunPay-10243-u888-0.4%","type":"supergroup"},"date":1756278273,"text":"\/balance@YunPay3_bot","entities":[{"offset":0,"length":20,"type":"bot_command"}]}}

【2025-08-27 04:04:38】
回调信息：{"update_id":448774142,"message":{"message_id":6548,"from":{"id":8155598350,"is_bot":false,"first_name":"PHIA - CSKHQT - 0203","username":"phiafk","language_code":"vi","is_premium":true},"chat":{"id":-1002316642937,"title":"巴西-YunPay-10260-j88-0.4%","type":"supergroup"},"date":1756278278,"text":"\/balance@YunPay3_bot","entities":[{"offset":0,"length":20,"type":"bot_command"}]}}

【2025-08-27 04:04:43】
回调信息：{"update_id":448774143,"message":{"message_id":5803,"from":{"id":8155598350,"is_bot":false,"first_name":"PHIA - CSKHQT - 0203","username":"phiafk","language_code":"vi","is_premium":true},"chat":{"id":-1002473165186,"title":"巴西-yunpay-10220-fm777-0.4%","type":"supergroup"},"date":1756278282,"text":"\/balance@YunPay3_bot","entities":[{"offset":0,"length":20,"type":"bot_command"}]}}

【2025-08-27 04:04:47】
回调信息：{"update_id":448774144,"message":{"message_id":5281,"from":{"id":8155598350,"is_bot":false,"first_name":"PHIA - CSKHQT - 0203","username":"phiafk","language_code":"vi","is_premium":true},"chat":{"id":-1002453262081,"title":"巴西-yunpay-10288-QR777（0.4%）","type":"supergroup"},"date":1756278286,"text":"\/balance@YunPay3_bot","entities":[{"offset":0,"length":20,"type":"bot_command"}]}}

【2025-08-27 04:05:06】
回调信息：{"update_id":448774145,"message":{"message_id":1162,"from":{"id":8158377729,"is_bot":false,"first_name":"YunPay","last_name":"发财","username":"yunpay007","is_premium":true},"chat":{"id":-1002276143194,"title":"巴西- vegas-br yunpay-10241-pgmae","type":"supergroup"},"date":1756278305,"text":"\/df 2025082704013749569963770","entities":[{"offset":0,"length":3,"type":"bot_command"}]}}

【2025-08-27 04:05:11】
回调信息：{"update_id":448774146,"message":{"message_id":1164,"from":{"id":8158377729,"is_bot":false,"first_name":"YunPay","last_name":"发财","username":"yunpay007","is_premium":true},"chat":{"id":-1002276143194,"title":"巴西- vegas-br yunpay-10241-pgmae","type":"supergroup"},"date":1756278311,"text":"\/ds 2025082704013749569963770","entities":[{"offset":0,"length":3,"type":"bot_command"}]}}

【2025-08-27 04:05:40】
回调信息：{"update_id":448774147,"message":{"message_id":1201,"from":{"id":7697720627,"is_bot":false,"first_name":"小术","username":"xiaoshu7768","is_premium":true},"chat":{"id":-1002682909376,"title":"巴西-YunPay-10412-7iwin 0.4","type":"supergroup"},"date":1756278339,"text":"\/balance@YunPay3_bot","entities":[{"offset":0,"length":20,"type":"bot_command"}]}}

【2025-08-27 04:07:43】
回调信息：{"update_id":448774148,"message":{"message_id":1174,"from":{"id":8158377729,"is_bot":false,"first_name":"YunPay","last_name":"发财","username":"yunpay007","is_premium":true},"chat":{"id":-1002276143194,"title":"巴西- vegas-br yunpay-10241-pgmae","type":"supergroup"},"date":1756278461,"text":"\/balance@YunPay3_bot","entities":[{"offset":0,"length":20,"type":"bot_command"}]}}

【2025-08-27 04:10:28】
回调信息：{"update_id":448774149,"message":{"message_id":1119,"from":{"id":7989294998,"is_bot":false,"first_name":"小武","username":"ChinMit20","is_premium":true},"chat":{"id":-1002702192443,"title":"巴西-YunPay-10440-68q-0.4%","type":"supergroup"},"date":1756278627,"text":"\/df TX17562762984576499391","entities":[{"offset":0,"length":3,"type":"bot_command"}]}}

【2025-08-27 04:10:40】
回调信息：{"update_id":448774150,"message":{"message_id":1121,"from":{"id":7989294998,"is_bot":false,"first_name":"小武","username":"ChinMit20","is_premium":true},"chat":{"id":-1002702192443,"title":"巴西-YunPay-10440-68q-0.4%","type":"supergroup"},"date":1756278640,"message_thread_id":1119,"reply_to_message":{"message_id":1120,"from":{"id":7762675448,"is_bot":true,"first_name":"YunPay","username":"YunPay3_bot"},"chat":{"id":-1002702192443,"title":"巴西-YunPay-10440-68q-0.4%","type":"supergroup"},"date":1756278629,"message_thread_id":1119,"text":"最新代付订单详情\n---------------------------------------------\n系统订单号：P2025082703314076300637727\n外部订单号：TX17562762984576499391\n订单金额：100.0000\n申请时间：2025-08-27 03:31:40\n订单状态：处理中\n备注 ：申请成功！ - 申请正常2025-08-27 03:31:41 - \n通知次数 ：0\n最后通知时间：1969-12-31 21:00:00\n\n=========银行信息=========\n银行名称：\n开户名 ：ana paula ferreira da silva\n账号 ：13082953670"},"text":"加急处理下"}}

【2025-08-27 04:12:15】
回调信息：{"update_id":448774151,"message":{"message_id":1122,"from":{"id":6487555975,"is_bot":false,"first_name":"yunpay_","last_name":"柠檬","username":"yuanpay_03","is_premium":true},"chat":{"id":-1002702192443,"title":"巴西-YunPay-10440-68q-0.4%","type":"supergroup"},"date":1756278733,"message_thread_id":1112,"reply_to_message":{"message_id":1112,"from":{"id":7762675448,"is_bot":true,"first_name":"YunPay","username":"YunPay3_bot"},"chat":{"id":-1002702192443,"title":"巴西-YunPay-10440-68q-0.4%","type":"supergroup"},"date":1756262249,"text":"❌❌尊敬的YUNPAY用户 : \n\n各位老板，目前代付维护。为保障你的业务，麻烦先切走，这边恢复后会立即通知，✅代收目前正常。\n\n如未及时回复，请@我们，我们会尽快为您处理。\n\n祝 老板生意兴隆，财源广进"},"text":"老板  目前代付维护亲 处理中麻烦等待恢复后加急处理"}}

【2025-08-27 04:12:26】
回调信息：{"update_id":448774152,"message":{"message_id":1123,"from":{"id":6487555975,"is_bot":false,"first_name":"yunpay_","last_name":"柠檬","username":"yuanpay_03","is_premium":true},"chat":{"id":-1002702192443,"title":"巴西-YunPay-10440-68q-0.4%","type":"supergroup"},"date":1756278745,"message_thread_id":1119,"reply_to_message":{"message_id":1121,"from":{"id":7989294998,"is_bot":false,"first_name":"小武","username":"ChinMit20","is_premium":true},"chat":{"id":-1002702192443,"title":"巴西-YunPay-10440-68q-0.4%","type":"supergroup"},"date":1756278640,"message_thread_id":1119,"text":"加急处理下"},"text":"为保障你的业务，麻烦先切走，这边恢复后会立即通知，✅代收目前正常。"}}

【2025-08-27 04:12:59】
回调信息：{"update_id":448774153,"callback_query":{"id":"3975445655802752328","from":{"id":7368056514,"is_bot":false,"first_name":"铭豪~阿平","username":"mhap88g6","language_code":"zh-hans","is_premium":true},"message":{"message_id":1176,"from":{"id":7762675448,"is_bot":true,"first_name":"YunPay","username":"YunPay3_bot"},"chat":{"id":-1002276143194,"title":"巴西- vegas-br yunpay-10241-pgmae","type":"supergroup"},"date":1756278773,"text":"代付风控提示\n\n系统订单号：P2025082704125278772695542\n外部订单号：271328913584130803\n订单金额：10.00\n开户名 ：ceshi\n账号 ：ssqp1688@gmail.com\n申请时间：2025-08-27 04:12:52","entities":[{"offset":14,"length":26,"type":"code"},{"offset":47,"length":18,"type":"code"},{"offset":91,"length":19,"type":"url"}],"reply_markup":{"inline_keyboard":[[{"text":"驳回(reject)","callback_data":"reject P2025082704125278772695542"},{"text":"通过(pass)","callback_data":"pass P2025082704125278772695542"}]]}},"chat_instance":"891087425919080161","data":"reject P2025082704125278772695542"}}

【2025-08-27 04:13:04】
回调信息：{"update_id":448774154,"message":{"message_id":1178,"from":{"id":7368056514,"is_bot":false,"first_name":"铭豪~阿平","username":"mhap88g6","language_code":"zh-hans","is_premium":true},"chat":{"id":-1002276143194,"title":"巴西- vegas-br yunpay-10241-pgmae","type":"supergroup"},"date":1756278783,"text":"\/df 271328913584130803","entities":[{"offset":0,"length":3,"type":"bot_command"}]}}

【2025-08-27 04:14:35】
回调信息：{"update_id":448774155,"message":{"message_id":1183,"from":{"id":6487555975,"is_bot":false,"first_name":"yunpay_","last_name":"柠檬","username":"yuanpay_03","is_premium":true},"chat":{"id":-1002276143194,"title":"巴西- vegas-br yunpay-10241-pgmae","type":"supergroup"},"date":1756278874,"text":"\/balance@YunPay3_bot","entities":[{"offset":0,"length":20,"type":"bot_command"}]}}

【2025-08-27 04:17:02】
回调信息：{"update_id":448774156,"message":{"message_id":1185,"from":{"id":6487555975,"is_bot":false,"first_name":"yunpay_","last_name":"柠檬","username":"yuanpay_03","is_premium":true},"chat":{"id":-1002276143194,"title":"巴西- vegas-br yunpay-10241-pgmae","type":"supergroup"},"date":1756278961,"text":"\/balance@YunPay3_bot","entities":[{"offset":0,"length":20,"type":"bot_command"}]}}

【2025-08-27 04:43:49】
回调信息：{"update_id":448774157,"message":{"message_id":24643,"from":{"id":6504108705,"is_bot":false,"first_name":"YunPay-逍遥","username":"YunPay_1","language_code":"zh-hans","is_premium":true},"chat":{"id":-1002416189316,"title":"巴西-YunPay-10024-qqpay 0.45 %","type":"supergroup"},"date":1756280628,"text":"\/balance@YunPay3_bot","entities":[{"offset":0,"length":20,"type":"bot_command"}]}}

【2025-08-27 04:46:38】
回调信息：{"update_id":448774158,"message":{"message_id":2094,"from":{"id":8068847155,"is_bot":false,"first_name":"JustLee®","username":"sin887791","language_code":"zh-hans","is_premium":true},"chat":{"id":-1002270592435,"title":"SNK-巴西-yunpay-10036","type":"supergroup"},"date":1756280797,"text":"\/ds 2025082402353353569812928","entities":[{"offset":0,"length":3,"type":"bot_command"}]}}

【2025-08-27 04:48:17】
回调信息：{"update_id":448774159,"message":{"message_id":11772,"from":{"id":7711239375,"is_bot":false,"first_name":"COI - CSKHQT - 0238","username":"coi_brazil_cs0238","language_code":"vi","is_premium":true},"chat":{"id":-1002319776228,"title":"巴西-YunPay-10168-777vip-0.4%","type":"supergroup"},"date":1756280896,"text":"\/balance@YunPay3_bot","entities":[{"offset":0,"length":20,"type":"bot_command"}]}}

【2025-08-27 04:48:23】
回调信息：{"update_id":448774160,"message":{"message_id":2098,"from":{"id":6487555975,"is_bot":false,"first_name":"yunpay_","last_name":"柠檬","username":"yuanpay_03","is_premium":true},"chat":{"id":-1002270592435,"title":"SNK-巴西-yunpay-10036","type":"supergroup"},"date":1756280901,"new_chat_participant":{"id":6062961466,"is_bot":false,"first_name":"YunPay-客服07","username":"yunpay6666","is_premium":true},"new_chat_member":{"id":6062961466,"is_bot":false,"first_name":"YunPay-客服07","username":"yunpay6666","is_premium":true},"new_chat_members":[{"id":6062961466,"is_bot":false,"first_name":"YunPay-客服07","username":"yunpay6666","is_premium":true},{"id":8158377729,"is_bot":false,"first_name":"YunPay","last_name":"发财","username":"yunpay007","is_premium":true},{"id":8011183856,"is_bot":false,"first_name":"YunPay6868","last_name":"巴西","username":"yunPAy595959"}]}}

【2025-08-27 04:49:49】
回调信息：{"update_id":448774161,"message":{"message_id":9528,"from":{"id":7711239375,"is_bot":false,"first_name":"COI - CSKHQT - 0238","username":"coi_brazil_cs0238","language_code":"vi","is_premium":true},"chat":{"id":-1002280031772,"title":"巴西-YunPay-10180-vip777-0.4%","type":"supergroup"},"date":1756280988,"text":"\/balance@YunPay3_bot","entities":[{"offset":0,"length":20,"type":"bot_command"}]}}

【2025-08-27 04:49:59】
回调信息：{"update_id":448774162,"message":{"message_id":9966,"from":{"id":7711239375,"is_bot":false,"first_name":"COI - CSKHQT - 0238","username":"coi_brazil_cs0238","language_code":"vi","is_premium":true},"chat":{"id":-1002392249869,"title":"巴西-YunPay-10181-ap777-0.4%","type":"supergroup"},"date":1756280999,"text":"\/balance@YunPay3_bot","entities":[{"offset":0,"length":20,"type":"bot_command"}]}}

【2025-08-27 04:50:10】
回调信息：{"update_id":448774163,"message":{"message_id":7981,"from":{"id":7711239375,"is_bot":false,"first_name":"COI - CSKHQT - 0238","username":"coi_brazil_cs0238","language_code":"vi","is_premium":true},"chat":{"id":-1002326852572,"title":"巴西-YunPay-10182-jun88-0.4%","type":"supergroup"},"date":1756281009,"text":"\/balance@YunPay3_bot","entities":[{"offset":0,"length":20,"type":"bot_command"}]}}

【2025-08-27 04:50:20】
回调信息：{"update_id":448774164,"message":{"message_id":8826,"from":{"id":7711239375,"is_bot":false,"first_name":"COI - CSKHQT - 0238","username":"coi_brazil_cs0238","language_code":"vi","is_premium":true},"chat":{"id":-1002253039276,"title":"巴西-YunPay-10183-ok9-0.4%","type":"supergroup"},"date":1756281020,"text":"\/balance@YunPay3_bot","entities":[{"offset":0,"length":20,"type":"bot_command"}]}}

【2025-08-27 04:50:32】
回调信息：{"update_id":448774165,"message":{"message_id":10518,"from":{"id":7711239375,"is_bot":false,"first_name":"COI - CSKHQT - 0238","username":"coi_brazil_cs0238","language_code":"vi","is_premium":true},"chat":{"id":-1002342663191,"title":"巴西-YunPay-10186-ka777-0.4%","type":"supergroup"},"date":1756281031,"text":"\/balance@YunPay3_bot","entities":[{"offset":0,"length":20,"type":"bot_command"}]}}

【2025-08-27 04:52:48】
回调信息：{"update_id":448774166,"message":{"message_id":1696,"from":{"id":74579847,"is_bot":false,"first_name":"888Game CK","username":"a888GameCK","is_premium":true},"chat":{"id":-1002230224788,"title":"巴西-YunPay-10063-888game","type":"supergroup"},"date":1756281167,"new_chat_participant":{"id":790318768,"is_bot":false,"first_name":"888Game.live - Suporte","username":"a888gamelive","is_premium":true},"new_chat_member":{"id":790318768,"is_bot":false,"first_name":"888Game.live - Suporte","username":"a888gamelive","is_premium":true},"new_chat_members":[{"id":790318768,"is_bot":false,"first_name":"888Game.live - Suporte","username":"a888gamelive","is_premium":true}]}}

【2025-08-27 04:58:12】
回调信息：{"update_id":448774167,"message":{"message_id":12346,"from":{"id":8058119746,"is_bot":false,"first_name":"组长 出款_Rhovie","username":"Payment_Rhovie","language_code":"en"},"chat":{"id":-1002256433700,"title":"巴西-YunPay-10128-222hot-0.4%","type":"supergroup"},"date":1756281491,"text":"\/balance@YunPay3_bot","entities":[{"offset":0,"length":20,"type":"bot_command"}]}}

【2025-08-27 04:58:24】
回调信息：{"update_id":448774168,"message":{"message_id":13081,"from":{"id":7544265570,"is_bot":false,"first_name":"DOLA - CSKHQT - 0184","username":"DOLA_FK3331","language_code":"vi","is_premium":true},"chat":{"id":-1002680635315,"title":"巴西-YunPay-10243-u888-0.4%","type":"supergroup"},"date":1756281503,"text":"\/balance@YunPay3_bot","entities":[{"offset":0,"length":20,"type":"bot_command"}]}}

【2025-08-27 04:58:43】
回调信息：{"update_id":448774169,"message":{"message_id":7329,"from":{"id":7544265570,"is_bot":false,"first_name":"DOLA - CSKHQT - 0184","username":"DOLA_FK3331","language_code":"vi","is_premium":true},"chat":{"id":-1002450464780,"title":"巴西-YunPay-10191-sh777-0.4%","type":"supergroup"},"date":1756281522,"text":"\/balance@YunPay3_bot","entities":[{"offset":0,"length":20,"type":"bot_command"}]}}

