【2025-08-27 23:23:48】
P2025082716291022950959315----提交：{"custId":"24120300001308","appId":"8241201350","order":"P2025082716291022950959315","sign":"4693B9A33D9CF9B8F0ED4E5D785CABEF"}

【2025-08-27 23:23:48】
P2025082716291022950959315----返回：{"code":"000000","msg":"P2025082716291022950959315","data":{"date":"2025-08-27 16:29:13","eid":"E3571349120250827192911662dda420","amount":"150","name":"KARINA FERREIRA DOS ANJOS","cpf":"13218128684","bankname":"NOVABET OFICIAL","payBank":"","payCpf":"","pixkey":"13218128684","account":"60746948","status":"done","order":"A20250827162911238852iRrcVkeFR"},"sign":"13722F21C26604FF7A42623D0C598073"}

【2025-08-27 23:23:50】
P2025082716291022950959315----提交：{"custId":"24120300001308","appId":"8241201350","order":"P2025082716291022950959315","sign":"4693B9A33D9CF9B8F0ED4E5D785CABEF"}

【2025-08-27 23:23:50】
P2025082716291022950959315----返回：{"code":"000000","msg":"P2025082716291022950959315","data":{"date":"2025-08-27 16:29:13","eid":"E3571349120250827192911662dda420","amount":"150","name":"KARINA FERREIRA DOS ANJOS","cpf":"13218128684","bankname":"NOVABET OFICIAL","payBank":"","payCpf":"","pixkey":"13218128684","account":"60746948","status":"done","order":"A20250827162911238852iRrcVkeFR"},"sign":"13722F21C26604FF7A42623D0C598073"}

【2025-08-27 23:24:28】
P2025082721211240472374624----提交：{"custId":"24120300001308","appId":"8241201350","order":"P2025082721211240472374624","sign":"C6DB394DDCE1450BF3602D5BA1F12395"}

【2025-08-27 23:24:28】
P2025082721211240472374624----返回：{"code":"000000","msg":"P2025082721211240472374624","data":{"date":"2025-08-27 23:22:49","eid":"E457564482025082802224cEtBcwLEEC","amount":"29.87","name":"angélica dos Santos Magalhães","cpf":"52429456800","bankname":"null","payBank":"","payCpf":"","pixkey":"52429456800","account":"168648962","status":"done","order":"A202508272121121285826PW7fB5bA"},"sign":"58CF14D1EC0EBB3C1D87DC7EA16DC973"}

【2025-08-27 23:38:47】
P2025082723374348663951323----提交：{"custId":"24120300001308","appId":"8241201350","order":"P2025082723374348663951323","sign":"CC3A6E1D5779210712A19404CC01DCE4"}

【2025-08-27 23:38:47】
P2025082723374348663951323----返回：{"code":"000000","msg":"P2025082723374348663951323","data":{"date":"2025-08-27 23:37:45","eid":"E45756448202508280237eQhtA2hK0aR","amount":"70","name":"Ana Lucia Andre","cpf":"13849364836","bankname":"null","payBank":"","payCpf":"","pixkey":"12988508576","account":"12371303","status":"done","order":"A20250827233743481305en8lRsTVZ"},"sign":"D3A4E0AE11FF5AAF4010FB50C9E1D9B3"}

【2025-08-27 23:38:49】
P2025082723374348663951323----提交：{"custId":"24120300001308","appId":"8241201350","order":"P2025082723374348663951323","sign":"CC3A6E1D5779210712A19404CC01DCE4"}

【2025-08-27 23:38:49】
P2025082723374348663951323----返回：{"code":"000000","msg":"P2025082723374348663951323","data":{"date":"2025-08-27 23:37:45","eid":"E45756448202508280237eQhtA2hK0aR","amount":"70","name":"Ana Lucia Andre","cpf":"13849364836","bankname":"null","payBank":"","payCpf":"","pixkey":"12988508576","account":"12371303","status":"done","order":"A20250827233743481305en8lRsTVZ"},"sign":"D3A4E0AE11FF5AAF4010FB50C9E1D9B3"}

【2025-08-27 23:40:59】
P2025082723083446914917546----提交：{"custId":"24120300001308","appId":"8241201350","order":"P2025082723083446914917546","sign":"6506B11215560D3DFE2E1A0CDDF1A295"}

【2025-08-27 23:40:59】
P2025082723083446914917546----返回：{"code":"000000","msg":"P2025082723083446914917546","data":{"date":"2025-08-27 23:08:37","eid":"E45756448202508280208FA7OCtGDi0K","amount":"800","name":"CARLOS AUGUSTO OLIVA DE LIMA","cpf":"65604253049","bankname":"null","payBank":"","payCpf":"","pixkey":"51980228305","account":"10156764","status":"done","order":"A202508272308343700918NwFccUHR"},"sign":"94BBCB42933CF14C3022DB8B561086CC"}

【2025-08-27 23:41:03】
P2025082723083446914917546----提交：{"custId":"24120300001308","appId":"8241201350","order":"P2025082723083446914917546","sign":"6506B11215560D3DFE2E1A0CDDF1A295"}

【2025-08-27 23:41:03】
P2025082723083446914917546----返回：{"code":"000000","msg":"P2025082723083446914917546","data":{"date":"2025-08-27 23:08:37","eid":"E45756448202508280208FA7OCtGDi0K","amount":"800","name":"CARLOS AUGUSTO OLIVA DE LIMA","cpf":"65604253049","bankname":"null","payBank":"","payCpf":"","pixkey":"51980228305","account":"10156764","status":"done","order":"A202508272308343700918NwFccUHR"},"sign":"94BBCB42933CF14C3022DB8B561086CC"}

【2025-08-27 23:49:00】
P2025082723411748877236561----提交：{"custId":"24120300001308","appId":"8241201350","order":"P2025082723411748877236561","sign":"D8263CE52EAE5E715A3C9FB32EF5BE4F"}

【2025-08-27 23:49:00】
P2025082723411748877236561----返回：{"code":"000000","msg":"P2025082723411748877236561","data":{"date":"2025-08-27 23:41:20","eid":"E45756448202508280241Et0p0aWj402","amount":"55","name":"CLECIANA RODRIGUES DE SOUSA","cpf":"4743645344","bankname":"null","payBank":"","payCpf":"","pixkey":"sousakessia343@gmail.com","account":"425044416","status":"done","order":"A20250827234117622299WPJeuyVve"},"sign":"03F21A35E9048B39EFC7FFE318149724"}

【2025-08-27 23:49:02】
P2025082723411748877236561----提交：{"custId":"24120300001308","appId":"8241201350","order":"P2025082723411748877236561","sign":"D8263CE52EAE5E715A3C9FB32EF5BE4F"}

【2025-08-27 23:49:02】
P2025082723411748877236561----返回：{"code":"000000","msg":"P2025082723411748877236561","data":{"date":"2025-08-27 23:41:20","eid":"E45756448202508280241Et0p0aWj402","amount":"55","name":"CLECIANA RODRIGUES DE SOUSA","cpf":"4743645344","bankname":"null","payBank":"","payCpf":"","pixkey":"sousakessia343@gmail.com","account":"425044416","status":"done","order":"A20250827234117622299WPJeuyVve"},"sign":"03F21A35E9048B39EFC7FFE318149724"}

