【2025-08-27 21:12:43】
P2025082721003939239744987----提交：{"custId":"24120300001308","appId":"8241201350","order":"P2025082721003939239744987","sign":"9713B8DA39E3598E52E52BABB060C1B8"}

【2025-08-27 21:12:44】
P2025082721003939239744987----返回：{"code":"000000","msg":"P2025082721003939239744987","data":{"date":"2025-08-27 21:11:32","eid":"E45756448202508280011vUInBnwsQUa","amount":"20","name":"EDINALVA SILVA RIBEIRO                  ","cpf":"84168927334","bankname":"null","payBank":"","payCpf":"","pixkey":"84168927334","account":"5802350","status":"done","order":"A202508272111306493534KZ7MuPJp"},"sign":"BE944E4C36AACBB71D9EF45664AA85F0"}

【2025-08-27 21:16:32】
P2025082721142540065708879----提交：{"custId":"24120300001308","appId":"8241201350","order":"P2025082721142540065708879","sign":"34121778B5AB059DE3B64CC8B112A97B"}

【2025-08-27 21:16:33】
P2025082721142540065708879----返回：{"code":"000000","msg":"P2025082721142540065708879","data":{"date":"2025-08-27 21:14:27","eid":"E45756448202508280014rQ6USeoMhk6","amount":"100","name":"Janaina Ferreira Alves","cpf":"60347915884","bankname":"null","payBank":"","payCpf":"","pixkey":"60347915884","account":"345036823","status":"done","order":"A20250827211425822268WaPfISR6h"},"sign":"79F878921C5F19F44606F266626A0A8B"}

【2025-08-27 21:16:36】
P2025082721142540065708879----提交：{"custId":"24120300001308","appId":"8241201350","order":"P2025082721142540065708879","sign":"34121778B5AB059DE3B64CC8B112A97B"}

【2025-08-27 21:16:37】
P2025082721142540065708879----返回：{"code":"000000","msg":"P2025082721142540065708879","data":{"date":"2025-08-27 21:14:27","eid":"E45756448202508280014rQ6USeoMhk6","amount":"100","name":"Janaina Ferreira Alves","cpf":"60347915884","bankname":"null","payBank":"","payCpf":"","pixkey":"60347915884","account":"345036823","status":"done","order":"A20250827211425822268WaPfISR6h"},"sign":"79F878921C5F19F44606F266626A0A8B"}

【2025-08-27 21:32:54】
P2025082721321141131361463----提交：{"custId":"24120300001308","appId":"8241201350","order":"P2025082721321141131361463","sign":"FB9B7B78A8D882AD29BF7C3A6C71B8F6"}

【2025-08-27 21:32:54】
P2025082721321141131361463----返回：{"code":"000000","msg":"P2025082721321141131361463","data":{"date":"2025-08-27 21:32:37","eid":"E45756448202508280032MqnVyT57kSW","amount":"30","name":"Luana da Silva Gomes","cpf":"44198257825","bankname":"null","payBank":"","payCpf":"","pixkey":"11968657384","account":"2383890027","status":"done","order":"A20250827213211487589jmDlytYfW"},"sign":"C30F32114B2419BB1993D5CF9B83C1A4"}

【2025-08-27 21:32:56】
P2025082721321141131361463----提交：{"custId":"24120300001308","appId":"8241201350","order":"P2025082721321141131361463","sign":"FB9B7B78A8D882AD29BF7C3A6C71B8F6"}

【2025-08-27 21:32:56】
P2025082721321141131361463----返回：{"code":"000000","msg":"P2025082721321141131361463","data":{"date":"2025-08-27 21:32:37","eid":"E45756448202508280032MqnVyT57kSW","amount":"30","name":"Luana da Silva Gomes","cpf":"44198257825","bankname":"null","payBank":"","payCpf":"","pixkey":"11968657384","account":"2383890027","status":"done","order":"A20250827213211487589jmDlytYfW"},"sign":"C30F32114B2419BB1993D5CF9B83C1A4"}

