【2025-08-27 16:28:02】
P2025082716240622646082097----提交：{"custId":"24120300001308","appId":"8241201350","order":"P2025082716240622646082097","sign":"BC091CB6E0014924833F29A34FD3276B"}

【2025-08-27 16:28:02】
P2025082716240622646082097----返回：{"code":"000000","msg":"P2025082716240622646082097","data":{"date":"2025-08-27 16:27:56","eid":"E35713491202508271927532634d871e","amount":"267","name":"Rewry de Souza Brito de Oliveira","cpf":"91838762191","bankname":"NOVABET OFICIAL","payBank":"","payCpf":"","pixkey":"rewry_rewry@hotmail.com","account":"18236120","status":"done","order":"A20250827162752300466BEiCFs3Ru"},"sign":"35E6398386A9E709E3EEBE315FAD77A0"}

【2025-08-27 16:33:08】
P2025082716291322953168463----提交：{"custId":"24120300001308","appId":"8241201350","order":"P2025082716291322953168463","sign":"783C36BB3E928FBEE314C064384DD088"}

【2025-08-27 16:33:08】
P2025082716291322953168463----返回：{"code":"000000","msg":"P2025082716291322953168463","data":{"date":"2025-08-27 16:33:03","eid":"E3571349120250827193300907124492","amount":"500","name":"Rewry de Souza Brito de Oliveira","cpf":"91838762191","bankname":"NOVABET OFICIAL","payBank":"","payCpf":"","pixkey":"rewry_rewry@hotmail.com","account":"18236120","status":"done","order":"A202508271633002928087YTLgu6mP"},"sign":"659ABFEAC20CF1BE034B1D70F88F4620"}

【2025-08-27 16:44:15】
P2025082716415023710728862----提交：{"custId":"24120300001308","appId":"8241201350","order":"P2025082716415023710728862","sign":"A721C374AE248B5910B2922DD1EA7BDA"}

【2025-08-27 16:44:16】
P2025082716415023710728862----返回：{"code":"000000","msg":"P2025082716415023710728862","data":{"date":"2025-08-27 16:44:04","eid":"E45756448202508271944SN3S241u8k2","amount":"1000","name":"BIANCA NORONHA COSTA","cpf":"70343848279","bankname":"null","payBank":"","payCpf":"","pixkey":"70343848279","account":"155025","status":"done","order":"A202508271644019049809rmW6JwE9"},"sign":"4492F742E2AD37CD039C83EEC578F498"}

【2025-08-27 16:44:16】
P2025082716415023710728862----提交：{"custId":"24120300001308","appId":"8241201350","order":"P2025082716415023710728862","sign":"A721C374AE248B5910B2922DD1EA7BDA"}

【2025-08-27 16:44:17】
P2025082716415023710728862----返回：{"code":"000000","msg":"P2025082716415023710728862","data":{"date":"2025-08-27 16:44:04","eid":"E45756448202508271944SN3S241u8k2","amount":"1000","name":"BIANCA NORONHA COSTA","cpf":"70343848279","bankname":"null","payBank":"","payCpf":"","pixkey":"70343848279","account":"155025","status":"done","order":"A202508271644019049809rmW6JwE9"},"sign":"4492F742E2AD37CD039C83EEC578F498"}

【2025-08-27 16:54:40】
P2025082716522724347284731----提交：{"custId":"24120300001308","appId":"8241201350","order":"P2025082716522724347284731","sign":"09636F50CDBA91A63E52C363AB379DCE"}

【2025-08-27 16:54:40】
P2025082716522724347284731----返回：{"code":"000000","msg":"P2025082716522724347284731","data":{"date":"2025-08-27 16:54:05","eid":"E45756448202508271954K9QUmDpbsUm","amount":"1000","name":"MANOEL KILDERE PEREIRA DA SILVA","cpf":"6838883236","bankname":"null","payBank":"","payCpf":"","pixkey":"06838883236","account":"317415107","status":"done","order":"A20250827165402949582bkhsMmlsV"},"sign":"C1E826B53256B3A4A1E679E9459776E8"}

【2025-08-27 16:54:50】
P2025082716522724347284731----提交：{"custId":"24120300001308","appId":"8241201350","order":"P2025082716522724347284731","sign":"09636F50CDBA91A63E52C363AB379DCE"}

【2025-08-27 16:54:51】
P2025082716522724347284731----返回：{"code":"000000","msg":"P2025082716522724347284731","data":{"date":"2025-08-27 16:54:05","eid":"E45756448202508271954K9QUmDpbsUm","amount":"1000","name":"MANOEL KILDERE PEREIRA DA SILVA","cpf":"6838883236","bankname":"null","payBank":"","payCpf":"","pixkey":"06838883236","account":"317415107","status":"done","order":"A20250827165402949582bkhsMmlsV"},"sign":"C1E826B53256B3A4A1E679E9459776E8"}

