【2025-08-27 14:25:41】
P2025082714225515375034026----提交：{"custId":"24120300001308","appId":"8241201350","order":"P2025082714225515375034026","sign":"5B8EEADFB3968A5F1B0FB2E8460FF959"}

【2025-08-27 14:25:42】
P2025082714225515375034026----返回：{"code":"000000","msg":"P2025082714225515375034026","data":{"date":"2025-08-27 14:24:06","eid":"E45756448202508271724IbQMHwzynkK","amount":"7500","name":"Júlia Mendes Lima Diniz Sampaio","cpf":"16897317705","bankname":"null","payBank":"","payCpf":"","pixkey":"16897317705","account":"769513034","status":"done","order":"A20250827142402134386RXEKSjNau"},"sign":"B9B8834E6920AE528EA28745E2D03DAC"}

【2025-08-27 14:25:44】
P2025082714225515375034026----提交：{"custId":"24120300001308","appId":"8241201350","order":"P2025082714225515375034026","sign":"5B8EEADFB3968A5F1B0FB2E8460FF959"}

【2025-08-27 14:25:44】
P2025082714225515375034026----返回：{"code":"000000","msg":"P2025082714225515375034026","data":{"date":"2025-08-27 14:24:06","eid":"E45756448202508271724IbQMHwzynkK","amount":"7500","name":"Júlia Mendes Lima Diniz Sampaio","cpf":"16897317705","bankname":"null","payBank":"","payCpf":"","pixkey":"16897317705","account":"769513034","status":"done","order":"A20250827142402134386RXEKSjNau"},"sign":"B9B8834E6920AE528EA28745E2D03DAC"}

【2025-08-27 14:28:23】
P2025081918523540355505563----提交：{"custId":"24120300001308","appId":"8241201350","order":"P2025081918523540355505563","sign":"1720C3D9680DE440EFDF4B449365077F"}

【2025-08-27 14:28:23】
P2025081918523540355505563----返回：{"code":"000000","msg":"P2025081918523540355505563","data":{"date":"2025-08-19 18:52:40","eid":"E3720544720250819215236452ae543b","amount":"120","name":"ANDRE APARECIDO GARCIA","cpf":"30883655845","bankname":"ORBION GAMING LTDA","payBank":"","payCpf":"","pixkey":"30883655845","account":"60701190","status":"done","order":"A20250819185236175863sPVH2CQRQ"},"sign":"AE3F1E4691431F4BC82BF81DE12F3D51"}

【2025-08-27 14:28:26】
P2025081918523540355505563----提交：{"custId":"24120300001308","appId":"8241201350","order":"P2025081918523540355505563","sign":"1720C3D9680DE440EFDF4B449365077F"}

【2025-08-27 14:28:27】
P2025081918523540355505563----返回：{"code":"000000","msg":"P2025081918523540355505563","data":{"date":"2025-08-19 18:52:40","eid":"E3720544720250819215236452ae543b","amount":"120","name":"ANDRE APARECIDO GARCIA","cpf":"30883655845","bankname":"ORBION GAMING LTDA","payBank":"","payCpf":"","pixkey":"30883655845","account":"60701190","status":"done","order":"A20250819185236175863sPVH2CQRQ"},"sign":"AE3F1E4691431F4BC82BF81DE12F3D51"}

【2025-08-27 14:35:25】
P2025082619264047200765998----提交：{"custId":"24120300001308","appId":"8241201350","order":"P2025082619264047200765998","sign":"0DC6D59EFB72BFBACB8C18DFA0A510F4"}

【2025-08-27 14:35:25】
P2025082619264047200765998----返回：{"code":"000000","msg":"P2025082619264047200765998","data":{"date":"2025-08-27 14:35:12","eid":"E3571349120250827173510650db0be8","amount":"150","name":"Laiane Cintya de Almeida","cpf":"02407341147","bankname":"NOVABET OFICIAL","payBank":"","payCpf":"","pixkey":"02407341147","account":"18236120","status":"done","order":"A20250826192640752404k2P7d25NL"},"sign":"9371B63FBB3FF57821AA26453004A137"}

【2025-08-27 14:35:28】
P2025082619264047200765998----提交：{"custId":"24120300001308","appId":"8241201350","order":"P2025082619264047200765998","sign":"0DC6D59EFB72BFBACB8C18DFA0A510F4"}

【2025-08-27 14:35:29】
P2025082619264047200765998----返回：{"code":"000000","msg":"P2025082619264047200765998","data":{"date":"2025-08-27 14:35:12","eid":"E3571349120250827173510650db0be8","amount":"150","name":"Laiane Cintya de Almeida","cpf":"02407341147","bankname":"NOVABET OFICIAL","payBank":"","payCpf":"","pixkey":"02407341147","account":"18236120","status":"done","order":"A20250826192640752404k2P7d25NL"},"sign":"9371B63FBB3FF57821AA26453004A137"}

