【2025-08-27 22:21:51】
P2025082721474642066725093----提交：{"custId":"24120300001308","appId":"8241201350","order":"P2025082721474642066725093","sign":"6541236C72BA8FB543035734A2396ADD"}

【2025-08-27 22:21:51】
P2025082721474642066725093----返回：{"code":"000000","msg":"P2025082721474642066725093","data":{"date":"2025-08-27 21:47:49","eid":"E45756448202508280047c9PjzYxsUKZ","amount":"50","name":"Fabricio Souza Silva","cpf":"7152600147","bankname":"null","payBank":"","payCpf":"","pixkey":"62995152559","account":"796247609","status":"done","order":"A2025082721474666505231GmjIhAw"},"sign":"3E0AE7FFBF6F47402F4528E16F3529F4"}

【2025-08-27 22:21:57】
P2025082721474642066725093----提交：{"custId":"24120300001308","appId":"8241201350","order":"P2025082721474642066725093","sign":"6541236C72BA8FB543035734A2396ADD"}

【2025-08-27 22:21:57】
P2025082721474642066725093----返回：{"code":"000000","msg":"P2025082721474642066725093","data":{"date":"2025-08-27 21:47:49","eid":"E45756448202508280047c9PjzYxsUKZ","amount":"50","name":"Fabricio Souza Silva","cpf":"7152600147","bankname":"null","payBank":"","payCpf":"","pixkey":"62995152559","account":"796247609","status":"done","order":"A2025082721474666505231GmjIhAw"},"sign":"3E0AE7FFBF6F47402F4528E16F3529F4"}

【2025-08-27 22:23:23】
P2025082722220744127416655----提交：{"custId":"24120300001308","appId":"8241201350","order":"P2025082722220744127416655","sign":"D8865507BCF50F661AA7944BAB83C173"}

【2025-08-27 22:23:24】
P2025082722220744127416655----返回：{"code":"000000","msg":"P2025082722220744127416655","data":{"date":"2025-08-27 22:22:10","eid":"E45756448202508280122ghlHmBtzAE6","amount":"224.01","name":"JOSE DOMIRES MATOS GOMES","cpf":"67408931520","bankname":"null","payBank":"","payCpf":"","pixkey":"67408931520","account":"356916960","status":"done","order":"A20250827222207783459TYFf2qCUi"},"sign":"6C2E4DE85825332F03C371085934A1EA"}

【2025-08-27 22:23:26】
P2025082722220744127416655----提交：{"custId":"24120300001308","appId":"8241201350","order":"P2025082722220744127416655","sign":"D8865507BCF50F661AA7944BAB83C173"}

【2025-08-27 22:23:27】
P2025082722220744127416655----返回：{"code":"000000","msg":"P2025082722220744127416655","data":{"date":"2025-08-27 22:22:10","eid":"E45756448202508280122ghlHmBtzAE6","amount":"224.01","name":"JOSE DOMIRES MATOS GOMES","cpf":"67408931520","bankname":"null","payBank":"","payCpf":"","pixkey":"67408931520","account":"356916960","status":"done","order":"A20250827222207783459TYFf2qCUi"},"sign":"6C2E4DE85825332F03C371085934A1EA"}

【2025-08-27 22:30:18】
P2025082721150640106052126----提交：{"custId":"24120300001308","appId":"8241201350","order":"P2025082721150640106052126","sign":"1635B03ADCD0B0E27652B3C5A78C56A7"}

【2025-08-27 22:30:18】
P2025082721150640106052126----返回：{"code":"000000","msg":"P2025082721150640106052126","data":{"date":"2025-08-27 21:15:08","eid":"E45756448202508280015E1iz8tKSkiz","amount":"40","name":"Fernanda Cristina Cantanhede Souza","cpf":"61796065366","bankname":"null","payBank":"","payCpf":"","pixkey":"61796065366","account":"696521066","status":"done","order":"A202508272115067145009YnhgpYrf"},"sign":"7C6D64CF2EAC096578F4F07ACDCBE26B"}

【2025-08-27 22:30:19】
P2025082721150640106052126----提交：{"custId":"24120300001308","appId":"8241201350","order":"P2025082721150640106052126","sign":"1635B03ADCD0B0E27652B3C5A78C56A7"}

【2025-08-27 22:30:19】
P2025082721150640106052126----返回：{"code":"000000","msg":"P2025082721150640106052126","data":{"date":"2025-08-27 21:15:08","eid":"E45756448202508280015E1iz8tKSkiz","amount":"40","name":"Fernanda Cristina Cantanhede Souza","cpf":"61796065366","bankname":"null","payBank":"","payCpf":"","pixkey":"61796065366","account":"696521066","status":"done","order":"A202508272115067145009YnhgpYrf"},"sign":"7C6D64CF2EAC096578F4F07ACDCBE26B"}

【2025-08-27 22:32:25】
P2025082408221934539094291----提交：{"custId":"24120300001308","appId":"8241201350","order":"P2025082408221934539094291","sign":"E13937F3903D7F289FAAEA9C92105BC9"}

【2025-08-27 22:32:26】
P2025082408221934539094291----返回：{"code":"000000","msg":"P2025082408221934539094291","data":{"date":"2025-08-24 08:22:22","eid":"E3720544720250824112219579f63645","amount":"20","name":"Tais Gabriela Neves Macedo","cpf":"87818388087","bankname":"ORBION GAMING LTDA","payBank":"","payCpf":"","pixkey":"87818388087","account":"22896431","status":"done","order":"A20250824082219085034BCEbiJana"},"sign":"2C26AE619AFDC960CCBB0137E6ABA8F5"}

