【2025-08-17 15:01:46】
P2025081711340841248993729----提交：{"custId":"24120300001308","appId":"8241201350","order":"P2025081711340841248993729","sign":"898145124673C41AA869DE30819720A9"}

【2025-08-17 15:01:47】
P2025081711340841248993729----返回：{"code":"000000","msg":"P2025081711340841248993729","data":{"date":"2025-08-17 11:34:12","eid":"E3720544720250817143408687aad2ce","amount":"500","name":"FLAVIO LEMES DA ROSA","cpf":"07220410980","bankname":"ORBION GAMING LTDA","payBank":"","payCpf":"","pixkey":"flaviolemesdarosa14@gmail.com","account":"31872495","status":"done","order":"A20250817113408977959diAH26tus"},"sign":"017EB76C06FE60929695D4E3DD6D18AB"}

【2025-08-17 15:01:51】
P2025081711340841248993729----提交：{"custId":"24120300001308","appId":"8241201350","order":"P2025081711340841248993729","sign":"898145124673C41AA869DE30819720A9"}

【2025-08-17 15:01:51】
P2025081711340841248993729----返回：{"code":"000000","msg":"P2025081711340841248993729","data":{"date":"2025-08-17 11:34:12","eid":"E3720544720250817143408687aad2ce","amount":"500","name":"FLAVIO LEMES DA ROSA","cpf":"07220410980","bankname":"ORBION GAMING LTDA","payBank":"","payCpf":"","pixkey":"flaviolemesdarosa14@gmail.com","account":"31872495","status":"done","order":"A20250817113408977959diAH26tus"},"sign":"017EB76C06FE60929695D4E3DD6D18AB"}

【2025-08-17 15:09:16】
P2025081715003953639252961----提交：{"custId":"24120300001308","appId":"8241201350","order":"P2025081715003953639252961","sign":"2DC573E5D861D5BFAB76D15E997AB7C4"}

【2025-08-17 15:09:16】
P2025081715003953639252961----返回：{"code":"000000","msg":"P2025081715003953639252961","data":{"date":"2025-08-17 15:07:55","eid":"E37205447202508171800399028acfcf","amount":"30","name":"MARCOS PEREIRA DA SILVA","cpf":"05114024302","bankname":"ORBION GAMING LTDA","payBank":"","payCpf":"","pixkey":"05114024302","account":"00360305","status":"done","order":"A20250817150039929502Un7aCGIRi"},"sign":"E1C0770FDCCA4F95E5840030779FABB6"}

【2025-08-17 15:25:02】
P2025081706434123821823730----提交：{"custId":"24120300001308","appId":"8241201350","order":"P2025081706434123821823730","sign":"9EA55828C82E77DFFADC9E7AB0A07C3B"}

【2025-08-17 15:25:02】
P2025081706434123821823730----返回：{"code":"000000","msg":"P2025081706434123821823730","data":{"date":"2025-08-17 06:43:43","eid":"E37205447202508170943412822c73b7","amount":"40","name":"JUCILENE DE OLIVEIRA","cpf":"07847281511","bankname":"ORBION GAMING LTDA","payBank":"","payCpf":"","pixkey":"77998459322","account":"00360305","status":"done","order":"A20250817064341992927qs9v5xq7H"},"sign":"84D6EB7BF65DE96131AEAE97D1AD902F"}

【2025-08-17 15:25:06】
P2025081706434123821823730----提交：{"custId":"24120300001308","appId":"8241201350","order":"P2025081706434123821823730","sign":"9EA55828C82E77DFFADC9E7AB0A07C3B"}

【2025-08-17 15:25:06】
P2025081706434123821823730----返回：{"code":"000000","msg":"P2025081706434123821823730","data":{"date":"2025-08-17 06:43:43","eid":"E37205447202508170943412822c73b7","amount":"40","name":"JUCILENE DE OLIVEIRA","cpf":"07847281511","bankname":"ORBION GAMING LTDA","payBank":"","payCpf":"","pixkey":"77998459322","account":"00360305","status":"done","order":"A20250817064341992927qs9v5xq7H"},"sign":"84D6EB7BF65DE96131AEAE97D1AD902F"}

【2025-08-17 15:43:15】
P2025081715401156011217354----提交：{"custId":"24120300001308","appId":"8241201350","order":"P2025081715401156011217354","sign":"E35F93BD25ABC7434A56FC24B9F2C660"}

【2025-08-17 15:43:15】
P2025081715401156011217354----返回：{"code":"000000","msg":"P2025081715401156011217354","data":{"date":"2025-08-17 15:42:17","eid":"E3720544720250817184012461293f6a","amount":"30","name":"ELISANGELA DOS SANTOS PEREIRA","cpf":"85857517540","bankname":"ORBION GAMING LTDA","payBank":"","payCpf":"","pixkey":"73999937448","account":"00360305","status":"done","order":"A20250817154012410914Ky37pnRbL"},"sign":"170C905E0984CC7A4777AD6A7FCF2682"}

【2025-08-17 15:43:18】
P2025081715401156011217354----提交：{"custId":"24120300001308","appId":"8241201350","order":"P2025081715401156011217354","sign":"E35F93BD25ABC7434A56FC24B9F2C660"}

【2025-08-17 15:43:18】
P2025081715401156011217354----返回：{"code":"000000","msg":"P2025081715401156011217354","data":{"date":"2025-08-17 15:42:17","eid":"E3720544720250817184012461293f6a","amount":"30","name":"ELISANGELA DOS SANTOS PEREIRA","cpf":"85857517540","bankname":"ORBION GAMING LTDA","payBank":"","payCpf":"","pixkey":"73999937448","account":"00360305","status":"done","order":"A20250817154012410914Ky37pnRbL"},"sign":"170C905E0984CC7A4777AD6A7FCF2682"}

【2025-08-17 15:46:13】
P2025081715450256302359037----提交：{"custId":"24120300001308","appId":"8241201350","order":"P2025081715450256302359037","sign":"554D9CFB0ACABD50289BED9143F25433"}

【2025-08-17 15:46:13】
P2025081715450256302359037----返回：{"code":"000000","msg":"P2025081715450256302359037","data":{"date":"2025-08-17 15:45:08","eid":"E372054472025081718450301167ef97","amount":"80","name":"Camila da Silva Vieira dos Santos","cpf":"03063571008","bankname":"ORBION GAMING LTDA","payBank":"","payCpf":"","pixkey":"03063571008","account":"08561701","status":"done","order":"A20250817154502072040PmWpScY61"},"sign":"DE219B08D919F894F57440637B31B0BE"}

【2025-08-17 15:46:25】
P2025081715443356273057823----提交：{"custId":"24120300001308","appId":"8241201350","order":"P2025081715443356273057823","sign":"F0FD90A615BF3DEF89734AD04D4A1631"}

【2025-08-17 15:46:25】
P2025081715443356273057823----返回：{"code":"000000","msg":"P2025081715443356273057823","data":{"date":"2025-08-17 15:44:37","eid":"E3720544720250817184434233b9f94e","amount":"40","name":"Maria Erica Santos da Silva","cpf":"62188198336","bankname":"ORBION GAMING LTDA","payBank":"","payCpf":"","pixkey":"62188198336","account":"18236120","status":"done","order":"A20250817154434413156rIWdIkE4S"},"sign":"67C89657F6C58AF92E00A1C2C244A149"}

【2025-08-17 15:46:34】
P2025081715442156261075969----提交：{"custId":"24120300001308","appId":"8241201350","order":"P2025081715442156261075969","sign":"678A812C326AFA16A87997B381621176"}

【2025-08-17 15:46:34】
P2025081715442156261075969----返回：{"code":"000000","msg":"P2025081715442156261075969","data":{"date":"2025-08-17 15:44:38","eid":"E37205447202508171844219749fa9a9","amount":"110","name":"GELVANIA DA GRACA RIBEIRO MENDES","cpf":"60173046312","bankname":"ORBION GAMING LTDA","payBank":"","payCpf":"","pixkey":"60173046312","account":"00360305","status":"done","order":"A20250817154421314902pBD6qHFCN"},"sign":"D5A51B9ABBC39D4C67BEFFB2FF078096"}

【2025-08-17 15:56:52】
P2025081622484995329241915----提交：{"custId":"24120300001308","appId":"8241201350","order":"P2025081622484995329241915","sign":"67FD18CA9D13988A9327C7F13B9ADAE3"}

【2025-08-17 15:56:52】
P2025081622484995329241915----返回：{"code":"000000","msg":"P2025081622484995329241915","data":{"date":"2025-08-16 22:48:52","eid":"E372054472025081701484941258cf58","amount":"40","name":"MARCELO AUGUSTO RUSSO                   ","cpf":"00858104016","bankname":"ORBION GAMING LTDA","payBank":"","payCpf":"","pixkey":"51991579199","account":"60746948","status":"done","order":"A20250816224849613678wIlY9d4UV"},"sign":"6880F38475D51A3EB614FA6A8CF73464"}

【2025-08-17 15:57:27】
P2025081622484995329241915----提交：{"custId":"24120300001308","appId":"8241201350","order":"P2025081622484995329241915","sign":"67FD18CA9D13988A9327C7F13B9ADAE3"}

【2025-08-17 15:57:27】
P2025081622484995329241915----返回：{"code":"000000","msg":"P2025081622484995329241915","data":{"date":"2025-08-16 22:48:52","eid":"E372054472025081701484941258cf58","amount":"40","name":"MARCELO AUGUSTO RUSSO                   ","cpf":"00858104016","bankname":"ORBION GAMING LTDA","payBank":"","payCpf":"","pixkey":"51991579199","account":"60746948","status":"done","order":"A20250816224849613678wIlY9d4UV"},"sign":"6880F38475D51A3EB614FA6A8CF73464"}

【2025-08-17 15:58:09】
P2025081715495856598165592----提交：{"custId":"24120300001308","appId":"8241201350","order":"P2025081715495856598165592","sign":"84F5518AB2FB5072DBF0BF5FDEE5C8A8"}

【2025-08-17 15:58:09】
P2025081715495856598165592----返回：{"code":"000000","msg":"P2025081715495856598165592","data":{"date":"2025-08-17 15:50:06","eid":"E37205447202508171849588506a2379","amount":"200","name":"SIMONE OLIVEIRA DE QUEIROZ","cpf":"04387196114","bankname":"ORBION GAMING LTDA","payBank":"","payCpf":"","pixkey":"04387196114","account":"00360305","status":"done","order":"A20250817154958790119ijFIpKdF6"},"sign":"AA2F432F91E33B6F87BC8AAFCF9C2B47"}

【2025-08-17 15:58:14】
P2025081715495856598165592----提交：{"custId":"24120300001308","appId":"8241201350","order":"P2025081715495856598165592","sign":"84F5518AB2FB5072DBF0BF5FDEE5C8A8"}

【2025-08-17 15:58:14】
P2025081715495856598165592----返回：{"code":"000000","msg":"P2025081715495856598165592","data":{"date":"2025-08-17 15:50:06","eid":"E37205447202508171849588506a2379","amount":"200","name":"SIMONE OLIVEIRA DE QUEIROZ","cpf":"04387196114","bankname":"ORBION GAMING LTDA","payBank":"","payCpf":"","pixkey":"04387196114","account":"00360305","status":"done","order":"A20250817154958790119ijFIpKdF6"},"sign":"AA2F432F91E33B6F87BC8AAFCF9C2B47"}

