【2025-08-17 13:15:57】
P2025081713145547295018970----提交：{"custId":"24120300001308","appId":"8241201350","order":"P2025081713145547295018970","sign":"037453A8DCDA5D59B9B29A89ED222AE8"}

【2025-08-17 13:15:57】
P2025081713145547295018970----返回：{"code":"000000","msg":"P2025081713145547295018970","data":{"date":"2025-08-17 13:14:58","eid":"E37205447202508171614556515c6fa7","amount":"500","name":"Mariana Pecinalli Botelho","cpf":"12526804736","bankname":"ORBION GAMING LTDA","payBank":"","payCpf":"","pixkey":"12526804736","account":"22896431","status":"done","order":"A202508171314559600545KRI741la"},"sign":"3E5769EC708C0594D0056AC3D0B422F5"}

【2025-08-17 13:16:01】
P2025081713145547295018970----提交：{"custId":"24120300001308","appId":"8241201350","order":"P2025081713145547295018970","sign":"037453A8DCDA5D59B9B29A89ED222AE8"}

【2025-08-17 13:16:01】
P2025081713145547295018970----返回：{"code":"000000","msg":"P2025081713145547295018970","data":{"date":"2025-08-17 13:14:58","eid":"E37205447202508171614556515c6fa7","amount":"500","name":"Mariana Pecinalli Botelho","cpf":"12526804736","bankname":"ORBION GAMING LTDA","payBank":"","payCpf":"","pixkey":"12526804736","account":"22896431","status":"done","order":"A202508171314559600545KRI741la"},"sign":"3E5769EC708C0594D0056AC3D0B422F5"}

【2025-08-17 13:18:21】
P2025081602050820708334842----提交：{"custId":"24120300001308","appId":"8241201350","order":"P2025081602050820708334842","sign":"9B5590D0AE0F81D406D6ACBF5424AC3A"}

【2025-08-17 13:18:21】
P2025081602050820708334842----返回：{"code":"000000","msg":"P2025081602050820708334842","data":{"date":"2025-08-16 02:05:12","eid":"E3720544720250816050508772de5247","amount":"50.47","name":"GENALDA DE SALES DIAS","cpf":"01914366158","bankname":"ORBION GAMING LTDA","payBank":"","payCpf":"","pixkey":"01914366158","account":"00360305","status":"done","order":"A202508160205082732144i2N4FEiZ"},"sign":"3D87B7394676F4211636E12EB5389D21"}

【2025-08-17 13:18:24】
P2025081602050820708334842----提交：{"custId":"24120300001308","appId":"8241201350","order":"P2025081602050820708334842","sign":"9B5590D0AE0F81D406D6ACBF5424AC3A"}

【2025-08-17 13:18:24】
P2025081602050820708334842----返回：{"code":"000000","msg":"P2025081602050820708334842","data":{"date":"2025-08-16 02:05:12","eid":"E3720544720250816050508772de5247","amount":"50.47","name":"GENALDA DE SALES DIAS","cpf":"01914366158","bankname":"ORBION GAMING LTDA","payBank":"","payCpf":"","pixkey":"01914366158","account":"00360305","status":"done","order":"A202508160205082732144i2N4FEiZ"},"sign":"3D87B7394676F4211636E12EB5389D21"}

【2025-08-17 13:19:04】
P2025081602050820708334842----提交：{"custId":"24120300001308","appId":"8241201350","order":"P2025081602050820708334842","sign":"9B5590D0AE0F81D406D6ACBF5424AC3A"}

【2025-08-17 13:19:04】
P2025081602050820708334842----返回：{"code":"000000","msg":"P2025081602050820708334842","data":{"date":"2025-08-16 02:05:12","eid":"E3720544720250816050508772de5247","amount":"50.47","name":"GENALDA DE SALES DIAS","cpf":"01914366158","bankname":"ORBION GAMING LTDA","payBank":"","payCpf":"","pixkey":"01914366158","account":"00360305","status":"done","order":"A202508160205082732144i2N4FEiZ"},"sign":"3D87B7394676F4211636E12EB5389D21"}

【2025-08-17 13:20:42】
P2025081713033846618047901----提交：{"custId":"24120300001308","appId":"8241201350","order":"P2025081713033846618047901","sign":"E59C209841A12CCD8C93D6676C295839"}

【2025-08-17 13:20:42】
P2025081713033846618047901----返回：{"code":"000000","msg":"P2025081713033846618047901","data":{"date":"2025-08-17 13:03:44","eid":"E372054472025081716033902188886d","amount":"30","name":"ALESSANDRA LOPES FONSECA","cpf":"04236196085","bankname":"ORBION GAMING LTDA","payBank":"","payCpf":"","pixkey":"51999303126","account":"90400888","status":"done","order":"A20250817130338661960qGlQKpmUl"},"sign":"F6BF1F01C66B97A39FCA0E319D3E45D8"}

【2025-08-17 13:20:58】
P2025081713033846618047901----提交：{"custId":"24120300001308","appId":"8241201350","order":"P2025081713033846618047901","sign":"E59C209841A12CCD8C93D6676C295839"}

【2025-08-17 13:20:58】
P2025081713033846618047901----返回：{"code":"000000","msg":"P2025081713033846618047901","data":{"date":"2025-08-17 13:03:44","eid":"E372054472025081716033902188886d","amount":"30","name":"ALESSANDRA LOPES FONSECA","cpf":"04236196085","bankname":"ORBION GAMING LTDA","payBank":"","payCpf":"","pixkey":"51999303126","account":"90400888","status":"done","order":"A20250817130338661960qGlQKpmUl"},"sign":"F6BF1F01C66B97A39FCA0E319D3E45D8"}

【2025-08-17 13:21:01】
P2025081713033846618047901----提交：{"custId":"24120300001308","appId":"8241201350","order":"P2025081713033846618047901","sign":"E59C209841A12CCD8C93D6676C295839"}

【2025-08-17 13:21:01】
P2025081713033846618047901----返回：{"code":"000000","msg":"P2025081713033846618047901","data":{"date":"2025-08-17 13:03:44","eid":"E372054472025081716033902188886d","amount":"30","name":"ALESSANDRA LOPES FONSECA","cpf":"04236196085","bankname":"ORBION GAMING LTDA","payBank":"","payCpf":"","pixkey":"51999303126","account":"90400888","status":"done","order":"A20250817130338661960qGlQKpmUl"},"sign":"F6BF1F01C66B97A39FCA0E319D3E45D8"}

