【2025-08-17 10:09:53】
P2025081610004849248663619----提交：{"custId":"24120300001308","appId":"8241201350","order":"P2025081610004849248663619","sign":"9D215085EDC4C3F7CD7E3D7556466B4C"}

【2025-08-17 10:09:53】
P2025081610004849248663619----返回：{"code":"000000","msg":"P2025081610004849248663619","data":{"date":"2025-08-16 10:00:52","eid":"E3720544720250816130048770f353c3","amount":"70","name":"Francisco Regiane Maia","cpf":"00085625124","bankname":"ORBION GAMING LTDA","payBank":"","payCpf":"","pixkey":"63992861902","account":"18236120","status":"done","order":"A202508161000481797701hQjC2Z2G"},"sign":"F22762F2D9F4B85917E7B6A3A72AE11A"}

【2025-08-17 10:10:00】
P2025081610004849248663619----提交：{"custId":"24120300001308","appId":"8241201350","order":"P2025081610004849248663619","sign":"9D215085EDC4C3F7CD7E3D7556466B4C"}

【2025-08-17 10:10:00】
P2025081610004849248663619----返回：{"code":"000000","msg":"P2025081610004849248663619","data":{"date":"2025-08-16 10:00:52","eid":"E3720544720250816130048770f353c3","amount":"70","name":"Francisco Regiane Maia","cpf":"00085625124","bankname":"ORBION GAMING LTDA","payBank":"","payCpf":"","pixkey":"63992861902","account":"18236120","status":"done","order":"A202508161000481797701hQjC2Z2G"},"sign":"F22762F2D9F4B85917E7B6A3A72AE11A"}

【2025-08-17 10:16:59】
P2025081708334930429663365----提交：{"custId":"24120300001308","appId":"8241201350","order":"P2025081708334930429663365","sign":"0E595BAAD5FD18DD993349665BD49268"}

【2025-08-17 10:16:59】
P2025081708334930429663365----返回：{"code":"000000","msg":"P2025081708334930429663365","data":{"date":"2025-08-17 08:33:52","eid":"E372054472025081711334940789d783","amount":"120","name":"AGUINALDO INACIO DA SILVA","cpf":"48057746149","bankname":"ORBION GAMING LTDA","payBank":"","payCpf":"","pixkey":"67991230785","account":"22896431","status":"done","order":"A20250817083349092539tUrc7ttL1"},"sign":"1E6422F605B4D4E76F015CC861EA2061"}

【2025-08-17 10:38:32】
P2025081708334930429663365----提交：{"custId":"24120300001308","appId":"8241201350","order":"P2025081708334930429663365","sign":"0E595BAAD5FD18DD993349665BD49268"}

【2025-08-17 10:38:32】
P2025081708334930429663365----返回：{"code":"000000","msg":"P2025081708334930429663365","data":{"date":"2025-08-17 08:33:52","eid":"E372054472025081711334940789d783","amount":"120","name":"AGUINALDO INACIO DA SILVA","cpf":"48057746149","bankname":"ORBION GAMING LTDA","payBank":"","payCpf":"","pixkey":"67991230785","account":"22896431","status":"done","order":"A20250817083349092539tUrc7ttL1"},"sign":"1E6422F605B4D4E76F015CC861EA2061"}

【2025-08-17 10:38:36】
P2025081609522248742033805----提交：{"custId":"24120300001308","appId":"8241201350","order":"P2025081609522248742033805","sign":"1B42B9230F03DE112A4D9AE4FD0769FA"}

【2025-08-17 10:38:36】
P2025081609522248742033805----返回：{"code":"000000","msg":"P2025081609522248742033805","data":{"date":"2025-08-16 09:52:26","eid":"E3720544720250816125223168f8dd1e","amount":"40","name":"Marcelo Pereira","cpf":"83752030925","bankname":"ORBION GAMING LTDA","payBank":"","payCpf":"","pixkey":"42999745116","account":"22896431","status":"done","order":"A2025081609522354431621ZMRcDz2"},"sign":"3EBC7147425E0D5FB9F59C6001096A92"}

【2025-08-17 10:39:52】
P2025081609522248742033805----提交：{"custId":"24120300001308","appId":"8241201350","order":"P2025081609522248742033805","sign":"1B42B9230F03DE112A4D9AE4FD0769FA"}

【2025-08-17 10:39:52】
P2025081609522248742033805----返回：{"code":"000000","msg":"P2025081609522248742033805","data":{"date":"2025-08-16 09:52:26","eid":"E3720544720250816125223168f8dd1e","amount":"40","name":"Marcelo Pereira","cpf":"83752030925","bankname":"ORBION GAMING LTDA","payBank":"","payCpf":"","pixkey":"42999745116","account":"22896431","status":"done","order":"A2025081609522354431621ZMRcDz2"},"sign":"3EBC7147425E0D5FB9F59C6001096A92"}

【2025-08-17 10:40:43】
P2025081609522248742033805----提交：{"custId":"24120300001308","appId":"8241201350","order":"P2025081609522248742033805","sign":"1B42B9230F03DE112A4D9AE4FD0769FA"}

【2025-08-17 10:40:43】
P2025081609522248742033805----返回：{"code":"000000","msg":"P2025081609522248742033805","data":{"date":"2025-08-16 09:52:26","eid":"E3720544720250816125223168f8dd1e","amount":"40","name":"Marcelo Pereira","cpf":"83752030925","bankname":"ORBION GAMING LTDA","payBank":"","payCpf":"","pixkey":"42999745116","account":"22896431","status":"done","order":"A2025081609522354431621ZMRcDz2"},"sign":"3EBC7147425E0D5FB9F59C6001096A92"}

【2025-08-17 10:48:33】
P2025081702044107081959383----提交：{"custId":"24120300001308","appId":"8241201350","order":"P2025081702044107081959383","sign":"D8F7B856F290D2AA0C2C92573BBF43D4"}

【2025-08-17 10:48:33】
P2025081702044107081959383----返回：{"code":"000000","msg":"P2025081702044107081959383","data":{"date":"2025-08-17 02:07:55","eid":"E37205447202508170504420581678b2","amount":"50","name":"Wilian Fonseca Calegari","cpf":"10708062180","bankname":"ORBION GAMING LTDA","payBank":"","payCpf":"","pixkey":"10708062180","account":"18236120","status":"done","order":"A20250817020441825365rI5qxiwS7"},"sign":"9750AF0B0EE3A02009732D94B5B85B8B"}

