【2025-08-17 11:02:11】
P2025081710595839198408634----提交：{"custId":"24120300001308","appId":"8241201350","order":"P2025081710595839198408634","sign":"F0D0E5960C0CD17DE5B996570439A22A"}

【2025-08-17 11:02:11】
P2025081710595839198408634----返回：{"code":"000000","msg":"P2025081710595839198408634","data":{"date":"2025-08-17 11:00:04","eid":"E45756448202508171359b2yzgrpWxka","amount":"150","name":"MILENA TATIANA DE MELO","cpf":"11153074958","bankname":"null","payBank":"","payCpf":"","pixkey":"11153074958","account":"305071556","status":"done","order":"A20250817105958086115WSEny6h4H"},"sign":"C85CE59C40F279D41A78615173044225"}

【2025-08-17 11:02:13】
P2025081710595839198408634----提交：{"custId":"24120300001308","appId":"8241201350","order":"P2025081710595839198408634","sign":"F0D0E5960C0CD17DE5B996570439A22A"}

【2025-08-17 11:02:13】
P2025081710595839198408634----返回：{"code":"000000","msg":"P2025081710595839198408634","data":{"date":"2025-08-17 11:00:04","eid":"E45756448202508171359b2yzgrpWxka","amount":"150","name":"MILENA TATIANA DE MELO","cpf":"11153074958","bankname":"null","payBank":"","payCpf":"","pixkey":"11153074958","account":"305071556","status":"done","order":"A20250817105958086115WSEny6h4H"},"sign":"C85CE59C40F279D41A78615173044225"}

【2025-08-17 11:03:48】
P2025081616385573135032441----提交：{"custId":"24120300001308","appId":"8241201350","order":"P2025081616385573135032441","sign":"2DC74E9484DF54EB947162AE4383CA5D"}

【2025-08-17 11:03:48】
P2025081616385573135032441----返回：{"code":"000000","msg":"P2025081616385573135032441","data":{"date":"2025-08-16 16:39:01","eid":"E45756448202508161938Fu9k3eSedEy","amount":"10","name":"HELENO CASIMIRO GOMES","cpf":"84953675134","bankname":"null","payBank":"","payCpf":"","pixkey":"84953675134","account":"12880000007552848430","status":"done","order":"A20250816163855037239aHpNu3Ge7"},"sign":"96491C2C0209A1DE8770C1C7A5056006"}

【2025-08-17 11:03:55】
P2025081616385573135032441----提交：{"custId":"24120300001308","appId":"8241201350","order":"P2025081616385573135032441","sign":"2DC74E9484DF54EB947162AE4383CA5D"}

【2025-08-17 11:03:55】
P2025081616385573135032441----返回：{"code":"000000","msg":"P2025081616385573135032441","data":{"date":"2025-08-16 16:39:01","eid":"E45756448202508161938Fu9k3eSedEy","amount":"10","name":"HELENO CASIMIRO GOMES","cpf":"84953675134","bankname":"null","payBank":"","payCpf":"","pixkey":"84953675134","account":"12880000007552848430","status":"done","order":"A20250816163855037239aHpNu3Ge7"},"sign":"96491C2C0209A1DE8770C1C7A5056006"}

【2025-08-17 11:06:48】
P2025081711043939479563596----提交：{"custId":"24120300001308","appId":"8241201350","order":"P2025081711043939479563596","sign":"35025622CF548638A475C2C9CD035432"}

【2025-08-17 11:06:48】
P2025081711043939479563596----返回：{"code":"000000","msg":"P2025081711043939479563596","data":{"date":"2025-08-17 11:04:45","eid":"E45756448202508171404WizR1vvkE23","amount":"60.05","name":"JOSE DOS SANTOS FILHO","cpf":"7689382525","bankname":"null","payBank":"","payCpf":"","pixkey":"07689382525","account":"12880000007943777833","status":"done","order":"A20250817110439662474mmDtJM41v"},"sign":"B0A49F96E2588BC69393DBFE42BA1A6D"}

【2025-08-17 11:06:52】
P2025081711043939479563596----提交：{"custId":"24120300001308","appId":"8241201350","order":"P2025081711043939479563596","sign":"35025622CF548638A475C2C9CD035432"}

【2025-08-17 11:06:52】
P2025081711043939479563596----返回：{"code":"000000","msg":"P2025081711043939479563596","data":{"date":"2025-08-17 11:04:45","eid":"E45756448202508171404WizR1vvkE23","amount":"60.05","name":"JOSE DOS SANTOS FILHO","cpf":"7689382525","bankname":"null","payBank":"","payCpf":"","pixkey":"07689382525","account":"12880000007943777833","status":"done","order":"A20250817110439662474mmDtJM41v"},"sign":"B0A49F96E2588BC69393DBFE42BA1A6D"}

【2025-08-17 11:07:16】
P2025081711021639336956775----提交：{"custId":"24120300001308","appId":"8241201350","order":"P2025081711021639336956775","sign":"527D839B1BF0ED257628421B849EC529"}

【2025-08-17 11:07:16】
P2025081711021639336956775----返回：{"code":"000000","msg":"P2025081711021639336956775","data":{"date":"2025-08-17 11:02:22","eid":"E45756448202508171402ptD1Kv1Qo0q","amount":"100","name":"Tatiane Pereira Santos","cpf":"11207969621","bankname":"null","payBank":"","payCpf":"","pixkey":"33999734941","account":"792585489","status":"done","order":"A20250817110216666469NyuFXxWjZ"},"sign":"B9FD86FBD9534FA403D1BBEE5C405826"}

【2025-08-17 11:08:11】
P2025081711021639336956775----提交：{"custId":"24120300001308","appId":"8241201350","order":"P2025081711021639336956775","sign":"527D839B1BF0ED257628421B849EC529"}

【2025-08-17 11:08:11】
P2025081711021639336956775----返回：{"code":"000000","msg":"P2025081711021639336956775","data":{"date":"2025-08-17 11:02:22","eid":"E45756448202508171402ptD1Kv1Qo0q","amount":"100","name":"Tatiane Pereira Santos","cpf":"11207969621","bankname":"null","payBank":"","payCpf":"","pixkey":"33999734941","account":"792585489","status":"done","order":"A20250817110216666469NyuFXxWjZ"},"sign":"B9FD86FBD9534FA403D1BBEE5C405826"}

【2025-08-17 11:08:11】
P2025081711021639336956775----提交：{"custId":"24120300001308","appId":"8241201350","order":"P2025081711021639336956775","sign":"527D839B1BF0ED257628421B849EC529"}

【2025-08-17 11:08:11】
P2025081711021639336956775----返回：{"code":"000000","msg":"P2025081711021639336956775","data":{"date":"2025-08-17 11:02:22","eid":"E45756448202508171402ptD1Kv1Qo0q","amount":"100","name":"Tatiane Pereira Santos","cpf":"11207969621","bankname":"null","payBank":"","payCpf":"","pixkey":"33999734941","account":"792585489","status":"done","order":"A20250817110216666469NyuFXxWjZ"},"sign":"B9FD86FBD9534FA403D1BBEE5C405826"}

【2025-08-17 11:33:35】
P2025081701304105041279944----提交：{"custId":"24120300001308","appId":"8241201350","order":"P2025081701304105041279944","sign":"200A32B1345E1B578C3FD45BF5043ADC"}

【2025-08-17 11:33:35】
P2025081701304105041279944----返回：{"code":"000000","msg":"P2025081701304105041279944","data":{"date":"2025-08-17 01:30:43","eid":"E3720544720250817043041357c08f4d","amount":"21.07","name":"CRISTIANE SANTOS PINHEIRO","cpf":"38238760828","bankname":"ORBION GAMING LTDA","payBank":"","payCpf":"","pixkey":"11981390173","account":"60701190","status":"done","order":"A20250817013041618432v1zvCCnZD"},"sign":"9A54F223296651A2C1C597E9711C22B9"}

【2025-08-17 11:33:37】
P2025081701304105041279944----提交：{"custId":"24120300001308","appId":"8241201350","order":"P2025081701304105041279944","sign":"200A32B1345E1B578C3FD45BF5043ADC"}

【2025-08-17 11:33:37】
P2025081701304105041279944----返回：{"code":"000000","msg":"P2025081701304105041279944","data":{"date":"2025-08-17 01:30:43","eid":"E3720544720250817043041357c08f4d","amount":"21.07","name":"CRISTIANE SANTOS PINHEIRO","cpf":"38238760828","bankname":"ORBION GAMING LTDA","payBank":"","payCpf":"","pixkey":"11981390173","account":"60701190","status":"done","order":"A20250817013041618432v1zvCCnZD"},"sign":"9A54F223296651A2C1C597E9711C22B9"}

【2025-08-17 11:41:16】
P2025062813530329583845289----提交：{"custId":"24120300001308","appId":"8241201350","order":"P2025062813530329583845289","sign":"20E59DEFC0483D500DC0B26EBF306631"}

【2025-08-17 11:41:16】
P2025062813530329583845289----返回：{"code":"000000","msg":"P2025062813530329583845289","data":{"date":"2025-06-28 13:54:11","eid":"E14483955202506281654JCPHO50ZG83","amount":"20","name":"EMERSON FERREIRA COSTA","cpf":"***.647.432-**","bankname":"60746948","payBank":"","payCpf":"","pixkey":"ec7739695@gmail.com","account":"ec7739695@gmail.com","status":"done","order":"A20250628135401574153B1icKnTTz"},"sign":"C9F502F76B8F51388360CACC2AD0C248"}

【2025-08-17 11:56:43】
P2025081711535642436904259----提交：{"custId":"24120300001308","appId":"8241201350","order":"P2025081711535642436904259","sign":"E972E61DC70D5AD21165056335D38B2C"}

【2025-08-17 11:56:43】
P2025081711535642436904259----返回：{"code":"000000","msg":"P2025081711535642436904259","data":{"date":"2025-08-17 11:56:11","eid":"E37205447202508171453564500af77d","amount":"70","name":"Elaine Andrade de Goes Faria","cpf":"01233317652","bankname":"ORBION GAMING LTDA","payBank":"","payCpf":"","pixkey":"01233317652","account":"18236120","status":"done","order":"A20250817115356029634ka88VKAsl"},"sign":"2BDD4C7D855B57C1A416F14E9DA982DF"}

【2025-08-17 11:58:06】
P2025072804342188061214772----提交：{"custId":"24120300001308","appId":"8241201350","order":"P2025072804342188061214772","sign":"B3DA61BBF81C9E16257655E350D30E3D"}

【2025-08-17 11:58:06】
P2025072804342188061214772----返回：{"code":"000000","msg":"P2025072804342188061214772","data":{"date":"2025-07-28 04:34:27","eid":"E3305358020250728073424042d0e052","amount":"40","name":"NATALIA DE ALMEIDA SANTOS","cpf":"12905272457","bankname":"00360305","payBank":"","payCpf":"","pixkey":"83991874752","account":"0000","status":"done","order":"A20250728043421389793vcRhN3GaG"},"sign":"889928399F2793EA46D1B786979D119C"}

【2025-08-17 11:58:14】
P2025072804342188061214772----提交：{"custId":"24120300001308","appId":"8241201350","order":"P2025072804342188061214772","sign":"B3DA61BBF81C9E16257655E350D30E3D"}

【2025-08-17 11:58:14】
P2025072804342188061214772----返回：{"code":"000000","msg":"P2025072804342188061214772","data":{"date":"2025-07-28 04:34:27","eid":"E3305358020250728073424042d0e052","amount":"40","name":"NATALIA DE ALMEIDA SANTOS","cpf":"12905272457","bankname":"00360305","payBank":"","payCpf":"","pixkey":"83991874752","account":"0000","status":"done","order":"A20250728043421389793vcRhN3GaG"},"sign":"889928399F2793EA46D1B786979D119C"}

【2025-08-17 11:58:17】
P2025081623505299052677209----提交：{"custId":"24120300001308","appId":"8241201350","order":"P2025081623505299052677209","sign":"A769DD42AE21B52D55DC21D64D045A13"}

【2025-08-17 11:58:18】
P2025081623505299052677209----返回：{"code":"000000","msg":"P2025081623505299052677209","data":{"date":"2025-08-16 23:50:57","eid":"E37205447202508170250527768247bf","amount":"200","name":"EMERSON DO AMARAL","cpf":"01510303081","bankname":"ORBION GAMING LTDA","payBank":"","payCpf":"","pixkey":"01510303081","account":"01858774","status":"done","order":"A20250816235052993025gFWnnsEwn"},"sign":"B837D9D0FB6D8B5F7A551A364872C2FB"}

