【2025-08-17 00:18:03】
P2025081623095596595715751----提交：{"custId":"24120300001308","appId":"8241201350","order":"P2025081623095596595715751","sign":"C607E028BE00C1D2AB07095E6A49118D"}

【2025-08-17 00:18:03】
P2025081623095596595715751----返回：{"code":"000000","msg":"P2025081623095596595715751","data":{"date":"2025-08-16 23:09:59","eid":"E3720544720250817020956458173d79","amount":"20","name":"RAYANE SILVA DE OLIVEIRA COSTA","cpf":"09161631213","bankname":"ORBION GAMING LTDA","payBank":"","payCpf":"","pixkey":"91993930559","account":"90400888","status":"done","order":"A20250816230956495012vvRrWpw28"},"sign":"E698D7387F6FD112783CF958B9A836B0"}

【2025-08-17 00:27:31】
P2025081623095596595715751----提交：{"custId":"24120300001308","appId":"8241201350","order":"P2025081623095596595715751","sign":"C607E028BE00C1D2AB07095E6A49118D"}

【2025-08-17 00:27:31】
P2025081623095596595715751----返回：{"code":"000000","msg":"P2025081623095596595715751","data":{"date":"2025-08-16 23:09:59","eid":"E3720544720250817020956458173d79","amount":"20","name":"RAYANE SILVA DE OLIVEIRA COSTA","cpf":"09161631213","bankname":"ORBION GAMING LTDA","payBank":"","payCpf":"","pixkey":"91993930559","account":"90400888","status":"done","order":"A20250816230956495012vvRrWpw28"},"sign":"E698D7387F6FD112783CF958B9A836B0"}

【2025-08-17 00:44:37】
P2025081700395901999573540----提交：{"custId":"24120300001308","appId":"8241201350","order":"P2025081700395901999573540","sign":"484F74601305CFE1AD2D5211B69D9580"}

【2025-08-17 00:44:37】
P2025081700395901999573540----返回：{"code":"000000","msg":"P2025081700395901999573540","data":{"date":"2025-08-17 00:44:13","eid":"E372054472025081703395933272b84c","amount":"100.19","name":"STEPHANY CRISTINA DOS SANTOS BATISTA","cpf":"70170032680","bankname":"ORBION GAMING LTDA","payBank":"","payCpf":"","pixkey":"70170032680","account":"20855875","status":"done","order":"A20250817003959848980tjxwsQjbD"},"sign":"9D65ED66EED8F2BB1BAACA1E0B5D9ADE"}

【2025-08-17 00:44:39】
P2025081700395901999573540----提交：{"custId":"24120300001308","appId":"8241201350","order":"P2025081700395901999573540","sign":"484F74601305CFE1AD2D5211B69D9580"}

【2025-08-17 00:44:39】
P2025081700395901999573540----返回：{"code":"000000","msg":"P2025081700395901999573540","data":{"date":"2025-08-17 00:44:13","eid":"E372054472025081703395933272b84c","amount":"100.19","name":"STEPHANY CRISTINA DOS SANTOS BATISTA","cpf":"70170032680","bankname":"ORBION GAMING LTDA","payBank":"","payCpf":"","pixkey":"70170032680","account":"20855875","status":"done","order":"A20250817003959848980tjxwsQjbD"},"sign":"9D65ED66EED8F2BB1BAACA1E0B5D9ADE"}

【2025-08-17 00:46:05】
P2025081700400802008763887----提交：{"custId":"24120300001308","appId":"8241201350","order":"P2025081700400802008763887","sign":"E14225CF7B6F009D7EEA2C00FA93FCEC"}

【2025-08-17 00:46:05】
P2025081700400802008763887----返回：{"code":"000000","msg":"P2025081700400802008763887","data":{"date":"2025-08-17 00:45:16","eid":"E37205447202508170340092626c7df6","amount":"10","name":"Kenayzi Neves da Silva","cpf":"14669974785","bankname":"ORBION GAMING LTDA","payBank":"","payCpf":"","pixkey":"14669974785","account":"10573521","status":"done","order":"A202508170040086248214Yx7298Ms"},"sign":"406E3ED4FC8E9B020F871E04252FD9AE"}

【2025-08-17 00:46:07】
P2025081700400802008763887----提交：{"custId":"24120300001308","appId":"8241201350","order":"P2025081700400802008763887","sign":"E14225CF7B6F009D7EEA2C00FA93FCEC"}

【2025-08-17 00:46:07】
P2025081700400802008763887----返回：{"code":"000000","msg":"P2025081700400802008763887","data":{"date":"2025-08-17 00:45:16","eid":"E37205447202508170340092626c7df6","amount":"10","name":"Kenayzi Neves da Silva","cpf":"14669974785","bankname":"ORBION GAMING LTDA","payBank":"","payCpf":"","pixkey":"14669974785","account":"10573521","status":"done","order":"A202508170040086248214Yx7298Ms"},"sign":"406E3ED4FC8E9B020F871E04252FD9AE"}

