【2025-08-17 06:26:06】
P2025081706215722517586069----提交：{"custId":"24120300001308","appId":"8241201350","order":"P2025081706215722517586069","sign":"5FE0D92E8A8E8DA9C2FADF2AC8B98B11"}

【2025-08-17 06:26:06】
P2025081706215722517586069----返回：{"code":"000000","msg":"P2025081706215722517586069","data":{"date":"2025-08-17 06:22:03","eid":"E3720544720250817092158207623525","amount":"10","name":"ANDREIA ALVES DA SILVA","cpf":"40394660803","bankname":"ORBION GAMING LTDA","payBank":"","payCpf":"","pixkey":"14998021692","account":"60746948","status":"done","order":"A20250817062158570535dxu2WBHal"},"sign":"26FBFAFBCB2610C2F9D83B0CC1D91269"}

【2025-08-17 06:26:08】
P2025081706215722517586069----提交：{"custId":"24120300001308","appId":"8241201350","order":"P2025081706215722517586069","sign":"5FE0D92E8A8E8DA9C2FADF2AC8B98B11"}

【2025-08-17 06:26:08】
P2025081706215722517586069----返回：{"code":"000000","msg":"P2025081706215722517586069","data":{"date":"2025-08-17 06:22:03","eid":"E3720544720250817092158207623525","amount":"10","name":"ANDREIA ALVES DA SILVA","cpf":"40394660803","bankname":"ORBION GAMING LTDA","payBank":"","payCpf":"","pixkey":"14998021692","account":"60746948","status":"done","order":"A20250817062158570535dxu2WBHal"},"sign":"26FBFAFBCB2610C2F9D83B0CC1D91269"}

【2025-08-17 06:28:35】
P2025081622343294472747742----提交：{"custId":"24120300001308","appId":"8241201350","order":"P2025081622343294472747742","sign":"6053F899014406DC1003659D0CAD59AA"}

【2025-08-17 06:28:35】
P2025081622343294472747742----返回：{"code":"000000","msg":"P2025081622343294472747742","data":{"date":"2025-08-16 22:34:37","eid":"E3720544720250817013432610d0202e","amount":"80","name":"JICLEUMA DOS SANTOS","cpf":"03535210518","bankname":"ORBION GAMING LTDA","payBank":"","payCpf":"","pixkey":"79996019182","account":"00360305","status":"done","order":"A20250816223432619436cLwcN5i7P"},"sign":"F3D7ECC1CE015D6E12F7DEFDAF657F80"}

【2025-08-17 06:28:58】
P2025081622343294472747742----提交：{"custId":"24120300001308","appId":"8241201350","order":"P2025081622343294472747742","sign":"6053F899014406DC1003659D0CAD59AA"}

【2025-08-17 06:28:58】
P2025081622343294472747742----返回：{"code":"000000","msg":"P2025081622343294472747742","data":{"date":"2025-08-16 22:34:37","eid":"E3720544720250817013432610d0202e","amount":"80","name":"JICLEUMA DOS SANTOS","cpf":"03535210518","bankname":"ORBION GAMING LTDA","payBank":"","payCpf":"","pixkey":"79996019182","account":"00360305","status":"done","order":"A20250816223432619436cLwcN5i7P"},"sign":"F3D7ECC1CE015D6E12F7DEFDAF657F80"}

【2025-08-17 06:50:28】
P2025081706485824138946037----提交：{"custId":"24120300001308","appId":"8241201350","order":"P2025081706485824138946037","sign":"15FD3C080CEC4C051C6AA7177A390C3D"}

【2025-08-17 06:50:28】
P2025081706485824138946037----返回：{"code":"000000","msg":"P2025081706485824138946037","data":{"date":"2025-08-17 06:50:05","eid":"E37205447202508170950027772ab44a","amount":"400","name":"Ravila Souza Linhares Lopes","cpf":"07472139173","bankname":"ORBION GAMING LTDA","payBank":"","payCpf":"","pixkey":"07472139173","account":"18236120","status":"done","order":"A20250817065001648558TEkfWc39d"},"sign":"908765627AC29B3928CE9018A7D4E4AD"}

