【2025-08-17 16:17:47】
P2025081312365899418668210----提交：{"custId":"24120300001308","appId":"8241201350","order":"P2025081312365899418668210","sign":"BD5594A97A4091065B35882ECE10D530"}

【2025-08-17 16:17:47】
P2025081312365899418668210----返回：{"code":"000000","msg":"P2025081312365899418668210","data":{"date":"2025-08-13 12:37:04","eid":"E37205447202508131536590638abd21","amount":"30","name":"FRANCISCA RODRIGUES SOUZA","cpf":"05611007309","bankname":"ORBION GAMING LTDA","payBank":"","payCpf":"","pixkey":"88994885627","account":"00360305","status":"done","order":"A202508131236582410348xmncZLtQ"},"sign":"98974031C835E894A3DF4EFC838BF1B5"}

【2025-08-17 16:20:05】
P2025081712214744107424237----提交：{"custId":"24120300001308","appId":"8241201350","order":"P2025081712214744107424237","sign":"15F1DDB3BEF37A4677B38332DAA139E0"}

【2025-08-17 16:20:05】
P2025081712214744107424237----返回：{"code":"000000","msg":"P2025081712214744107424237","data":{"date":"2025-08-17 12:21:49","eid":"E3720544720250817152147354638032","amount":"50","name":"AVANI MIGUEL RAMALHO","cpf":"32276427191","bankname":"ORBION GAMING LTDA","payBank":"","payCpf":"","pixkey":"67998601018","account":"17184037","status":"done","order":"A20250817122147615057GmfggMDNh"},"sign":"7AB2B16C772EAC677E40CC3DADB80019"}

【2025-08-17 16:20:09】
P2025081712214744107424237----提交：{"custId":"24120300001308","appId":"8241201350","order":"P2025081712214744107424237","sign":"15F1DDB3BEF37A4677B38332DAA139E0"}

【2025-08-17 16:20:09】
P2025081712214744107424237----返回：{"code":"000000","msg":"P2025081712214744107424237","data":{"date":"2025-08-17 12:21:49","eid":"E3720544720250817152147354638032","amount":"50","name":"AVANI MIGUEL RAMALHO","cpf":"32276427191","bankname":"ORBION GAMING LTDA","payBank":"","payCpf":"","pixkey":"67998601018","account":"17184037","status":"done","order":"A20250817122147615057GmfggMDNh"},"sign":"7AB2B16C772EAC677E40CC3DADB80019"}

【2025-08-17 16:20:27】
P2025081712214744107424237----提交：{"custId":"24120300001308","appId":"8241201350","order":"P2025081712214744107424237","sign":"15F1DDB3BEF37A4677B38332DAA139E0"}

【2025-08-17 16:20:27】
P2025081712214744107424237----返回：{"code":"000000","msg":"P2025081712214744107424237","data":{"date":"2025-08-17 12:21:49","eid":"E3720544720250817152147354638032","amount":"50","name":"AVANI MIGUEL RAMALHO","cpf":"32276427191","bankname":"ORBION GAMING LTDA","payBank":"","payCpf":"","pixkey":"67998601018","account":"17184037","status":"done","order":"A20250817122147615057GmfggMDNh"},"sign":"7AB2B16C772EAC677E40CC3DADB80019"}

【2025-08-17 16:20:32】
P2025081716200858408954993----提交：{"custId":"24120300001308","appId":"8241201350","order":"P2025081716200858408954993","sign":"EB8FC1AE2C4C84DAB04FBB985E02AD52"}

【2025-08-17 16:20:32】
P2025081716200858408954993----返回：{"code":"000000","msg":"P2025081716200858408954993","data":{"date":"2025-08-17 16:20:12","eid":"E37205447202508171920090148da7e2","amount":"1000","name":"REILZA QUERINO DE FARIAS","cpf":"00887253245","bankname":"ORBION GAMING LTDA","payBank":"","payCpf":"","pixkey":"00887253245","account":"00000000","status":"done","order":"A20250817162008453592QZ7LmlaRF"},"sign":"9E75281EDAC601E73A508B74649657BB"}

【2025-08-17 16:28:22】
P2025081715431556195175006----提交：{"custId":"24120300001308","appId":"8241201350","order":"P2025081715431556195175006","sign":"F745DDF5B7F92D70027F551DC9A32AB9"}

【2025-08-17 16:28:22】
P2025081715431556195175006----返回：{"code":"000000","msg":"P2025081715431556195175006","data":{"date":"2025-08-17 15:43:17","eid":"E3720544720250817184315344007e39","amount":"245","name":"THALIA NAZARENO CABRAL","cpf":"61879722364","bankname":"ORBION GAMING LTDA","payBank":"","payCpf":"","pixkey":"61879722364","account":"00360305","status":"done","order":"A20250817154315771170ZkgqdLHgv"},"sign":"5C778362EDB84638BBDAB4A34B2F0CFB"}

【2025-08-17 16:28:24】
P2025081715431556195175006----提交：{"custId":"24120300001308","appId":"8241201350","order":"P2025081715431556195175006","sign":"F745DDF5B7F92D70027F551DC9A32AB9"}

【2025-08-17 16:28:25】
P2025081715431556195175006----返回：{"code":"000000","msg":"P2025081715431556195175006","data":{"date":"2025-08-17 15:43:17","eid":"E3720544720250817184315344007e39","amount":"245","name":"THALIA NAZARENO CABRAL","cpf":"61879722364","bankname":"ORBION GAMING LTDA","payBank":"","payCpf":"","pixkey":"61879722364","account":"00360305","status":"done","order":"A20250817154315771170ZkgqdLHgv"},"sign":"5C778362EDB84638BBDAB4A34B2F0CFB"}

【2025-08-17 16:32:10】
P2025081509335261232305435----提交：{"custId":"24120300001308","appId":"8241201350","order":"P2025081509335261232305435","sign":"A0E6359605D8BD3DD7066B14DFE96CCC"}

【2025-08-17 16:32:10】
P2025081509335261232305435----返回：{"code":"000000","msg":"P2025081509335261232305435","data":{"date":"2025-08-15 09:33:56","eid":"E37205447202508151233524196060a0","amount":"191","name":"UDSON NATAN CANDIDO","cpf":"11524500690","bankname":"ORBION GAMING LTDA","payBank":"","payCpf":"","pixkey":"33999102779","account":"00416968","status":"done","order":"A20250815093352314987RUQQHUbBp"},"sign":"30E94E8A0358284A6C1B432E5311CD73"}

【2025-08-17 16:32:14】
P2025081312365899418668210----提交：{"custId":"24120300001308","appId":"8241201350","order":"P2025081312365899418668210","sign":"BD5594A97A4091065B35882ECE10D530"}

【2025-08-17 16:32:14】
P2025081312365899418668210----返回：{"code":"000000","msg":"P2025081312365899418668210","data":{"date":"2025-08-13 12:37:04","eid":"E37205447202508131536590638abd21","amount":"30","name":"FRANCISCA RODRIGUES SOUZA","cpf":"05611007309","bankname":"ORBION GAMING LTDA","payBank":"","payCpf":"","pixkey":"88994885627","account":"00360305","status":"done","order":"A202508131236582410348xmncZLtQ"},"sign":"98974031C835E894A3DF4EFC838BF1B5"}

【2025-08-17 16:35:48】
P2025081716325659176672636----提交：{"custId":"24120300001308","appId":"8241201350","order":"P2025081716325659176672636","sign":"5C941BED9198EFE03C663506943E05BC"}

【2025-08-17 16:35:49】
P2025081716325659176672636----返回：{"code":"000000","msg":"P2025081716325659176672636","data":{"date":"2025-08-17 16:35:16","eid":"E3720544720250817193256380117def","amount":"20","name":"Jeane Rios dos Santos","cpf":"05223171543","bankname":"ORBION GAMING LTDA","payBank":"","payCpf":"","pixkey":"05223171543","account":"18236120","status":"done","order":"A2025081716325612556285ulHLTjS"},"sign":"F50495A991CB826F501187707D8B3E46"}

【2025-08-17 16:36:37】
P2025081716331459194346965----提交：{"custId":"24120300001308","appId":"8241201350","order":"P2025081716331459194346965","sign":"A351053D3F2E08988DA26E73DED04B31"}

【2025-08-17 16:36:37】
P2025081716331459194346965----返回：{"code":"000000","msg":"P2025081716331459194346965","data":{"date":"2025-08-17 16:36:12","eid":"E372054472025081719331447864d5b2","amount":"90","name":"JOSINALDO SOUZA DOS SANTOS","cpf":"79492908468","bankname":"ORBION GAMING LTDA","payBank":"","payCpf":"","pixkey":"79492908468","account":"00360305","status":"done","order":"A20250817163314086877jkjTwD3gB"},"sign":"9FEEA02929ACF8E842C5BB9448DF944A"}

【2025-08-17 16:59:10】
P2025081716530460384382133----提交：{"custId":"24120300001308","appId":"8241201350","order":"P2025081716530460384382133","sign":"C853D4C80647542143D392DC6407158E"}

【2025-08-17 16:59:10】
P2025081716530460384382133----返回：{"code":"000000","msg":"P2025081716530460384382133","data":{"date":"2025-08-17 16:57:22","eid":"E3720544720250817195304780d77cde","amount":"28","name":"Lorena Rocha Fuentes","cpf":"13955037703","bankname":"ORBION GAMING LTDA","payBank":"","payCpf":"","pixkey":"11940961574","account":"10573521","status":"done","order":"A20250817165304844907XsrXbJ3Xh"},"sign":"015DA0BDE64F9B562F9DC8659108EC74"}

【2025-08-17 16:59:12】
P2025081716530460384999107----提交：{"custId":"24120300001308","appId":"8241201350","order":"P2025081716530460384999107","sign":"7AC3F107C262CAB4F30794DB6E59EF10"}

【2025-08-17 16:59:12】
P2025081716530460384999107----返回：{"code":"000000","msg":"P2025081716530460384999107","data":{"date":"2025-08-17 16:55:25","eid":"E37205447202508171953049303417d6","amount":"31","name":"Lorena Rocha Fuentes","cpf":"13955037703","bankname":"ORBION GAMING LTDA","payBank":"","payCpf":"","pixkey":"31910039043","account":"10573521","status":"done","order":"A20250817165304868398Vpie2bQ5U"},"sign":"55FF71863B934B8122DB9CA486D94BD7"}

