【2025-08-17 19:04:26】
P2025081718535967639438706----提交：{"custId":"24120300001308","appId":"8241201350","order":"P2025081718535967639438706","sign":"4DA666E5E12CA68E85AB4C89F134AAD4"}

【2025-08-17 19:04:27】
P2025081718535967639438706----返回：{"code":"000000","msg":"P2025081718535967639438706","data":{"date":"2025-08-17 18:54:05","eid":"E37205447202508172154004697e7502","amount":"40","name":"JESSICA ESPERANCE SEGURO LOPES SOUZA","cpf":"71856630161","bankname":"ORBION GAMING LTDA","payBank":"","payCpf":"","pixkey":"71856630161","account":"00000000","status":"done","order":"A20250817185359677456ftfjFelKG"},"sign":"21F90EB049A1BC9D638BDEBC8B54595D"}

【2025-08-17 19:04:28】
P2025081718535967639438706----提交：{"custId":"24120300001308","appId":"8241201350","order":"P2025081718535967639438706","sign":"4DA666E5E12CA68E85AB4C89F134AAD4"}

【2025-08-17 19:04:29】
P2025081718535967639438706----返回：{"code":"000000","msg":"P2025081718535967639438706","data":{"date":"2025-08-17 18:54:05","eid":"E37205447202508172154004697e7502","amount":"40","name":"JESSICA ESPERANCE SEGURO LOPES SOUZA","cpf":"71856630161","bankname":"ORBION GAMING LTDA","payBank":"","payCpf":"","pixkey":"71856630161","account":"00000000","status":"done","order":"A20250817185359677456ftfjFelKG"},"sign":"21F90EB049A1BC9D638BDEBC8B54595D"}

【2025-08-17 19:05:39】
P2025081602050820708334842----提交：{"custId":"24120300001308","appId":"8241201350","order":"P2025081602050820708334842","sign":"9B5590D0AE0F81D406D6ACBF5424AC3A"}

【2025-08-17 19:05:40】
P2025081602050820708334842----返回：{"code":"000000","msg":"P2025081602050820708334842","data":{"date":"2025-08-16 02:05:12","eid":"E3720544720250816050508772de5247","amount":"50.47","name":"GENALDA DE SALES DIAS","cpf":"01914366158","bankname":"ORBION GAMING LTDA","payBank":"","payCpf":"","pixkey":"01914366158","account":"00360305","status":"done","order":"A202508160205082732144i2N4FEiZ"},"sign":"3D87B7394676F4211636E12EB5389D21"}

【2025-08-17 19:21:31】
P2025081719195569195932776----提交：{"custId":"24120300001308","appId":"8241201350","order":"P2025081719195569195932776","sign":"267F65D08764878CDBFF27AD0267A7B9"}

【2025-08-17 19:21:31】
P2025081719195569195932776----返回：{"code":"000000","msg":"P2025081719195569195932776","data":{"date":"2025-08-17 19:21:18","eid":"E3720544720250817222115585e380e3","amount":"11009.73","name":"Antonio Fernando da Silva Filho","cpf":"04817938366","bankname":"ORBION GAMING LTDA","payBank":"","payCpf":"","pixkey":"04817938366","account":"18236120","status":"done","order":"A20250817192102214222jg2ax1t62"},"sign":"90DB9ED6BFD81BAAE52423BB9682FBCC"}

【2025-08-17 19:36:54】
P2025081719283669716454323----提交：{"custId":"24120300001308","appId":"8241201350","order":"P2025081719283669716454323","sign":"EB512074939BA6BC5159F277E82F96B8"}

【2025-08-17 19:36:54】
P2025081719283669716454323----返回：{"code":"000000","msg":"P2025081719283669716454323","data":{"date":"2025-08-17 19:30:16","eid":"E3720544720250817223003431ece6f0","amount":"9446.18","name":"Nadia Rafaela Sanches","cpf":"05179414903","bankname":"ORBION GAMING LTDA","payBank":"","payCpf":"","pixkey":"05179414903","account":"18236120","status":"done","order":"A20250817193002962534PAdYdVCwj"},"sign":"D721AC702DEAE9305F0088B62758E2CE"}

【2025-08-17 19:37:55】
P2025081719283669716454323----提交：{"custId":"24120300001308","appId":"8241201350","order":"P2025081719283669716454323","sign":"EB512074939BA6BC5159F277E82F96B8"}

【2025-08-17 19:37:56】
P2025081719283669716454323----返回：{"code":"000000","msg":"P2025081719283669716454323","data":{"date":"2025-08-17 19:30:16","eid":"E3720544720250817223003431ece6f0","amount":"9446.18","name":"Nadia Rafaela Sanches","cpf":"05179414903","bankname":"ORBION GAMING LTDA","payBank":"","payCpf":"","pixkey":"05179414903","account":"18236120","status":"done","order":"A20250817193002962534PAdYdVCwj"},"sign":"D721AC702DEAE9305F0088B62758E2CE"}

【2025-08-17 19:39:11】
P2025081717143161671995988----提交：{"custId":"24120300001308","appId":"8241201350","order":"P2025081717143161671995988","sign":"53A1CAA586946E9ABA967FBE35F0EBD4"}

【2025-08-17 19:39:11】
P2025081717143161671995988----返回：{"code":"000000","msg":"P2025081717143161671995988","data":{"date":"2025-08-17 17:14:35","eid":"E3720544720250817201432455f66a91","amount":"30","name":"TIAGO DOS SANTOS SILVA","cpf":"11392896754","bankname":"ORBION GAMING LTDA","payBank":"","payCpf":"","pixkey":"21979764802","account":"60701190","status":"done","order":"A20250817171431689974WP5HSJjFf"},"sign":"666530CEF0555CA09407DDD38880335A"}

【2025-08-17 19:39:17】
P2025081717143161671995988----提交：{"custId":"24120300001308","appId":"8241201350","order":"P2025081717143161671995988","sign":"53A1CAA586946E9ABA967FBE35F0EBD4"}

【2025-08-17 19:39:17】
P2025081717143161671995988----返回：{"code":"000000","msg":"P2025081717143161671995988","data":{"date":"2025-08-17 17:14:35","eid":"E3720544720250817201432455f66a91","amount":"30","name":"TIAGO DOS SANTOS SILVA","cpf":"11392896754","bankname":"ORBION GAMING LTDA","payBank":"","payCpf":"","pixkey":"21979764802","account":"60701190","status":"done","order":"A20250817171431689974WP5HSJjFf"},"sign":"666530CEF0555CA09407DDD38880335A"}

【2025-08-17 19:51:11】
P2025081719192869168787554----提交：{"custId":"24120300001308","appId":"8241201350","order":"P2025081719192869168787554","sign":"B937FD0CECBF17C7BEA437D743EFB6BC"}

【2025-08-17 19:51:11】
P2025081719192869168787554----返回：{"code":"000000","msg":"P2025081719192869168787554","data":{"date":"2025-08-17 19:19:35","eid":"E45756448202508172219WsOVPFjPSEa","amount":"20","name":"aldo Lima Sousa","cpf":"4951332485","bankname":"null","payBank":"","payCpf":"","pixkey":"04951332485","account":"276356995","status":"done","order":"A20250817191929620567IEzhJHpzW"},"sign":"5AD4234FE6DE22FBBB2941729EEAFFFD"}

【2025-08-17 19:51:13】
P2025081719192869168787554----提交：{"custId":"24120300001308","appId":"8241201350","order":"P2025081719192869168787554","sign":"B937FD0CECBF17C7BEA437D743EFB6BC"}

【2025-08-17 19:51:13】
P2025081719192869168787554----返回：{"code":"000000","msg":"P2025081719192869168787554","data":{"date":"2025-08-17 19:19:35","eid":"E45756448202508172219WsOVPFjPSEa","amount":"20","name":"aldo Lima Sousa","cpf":"4951332485","bankname":"null","payBank":"","payCpf":"","pixkey":"04951332485","account":"276356995","status":"done","order":"A20250817191929620567IEzhJHpzW"},"sign":"5AD4234FE6DE22FBBB2941729EEAFFFD"}

【2025-08-17 19:51:15】
P2025081719192869168787554----提交：{"custId":"24120300001308","appId":"8241201350","order":"P2025081719192869168787554","sign":"B937FD0CECBF17C7BEA437D743EFB6BC"}

【2025-08-17 19:51:15】
P2025081719192869168787554----返回：{"code":"000000","msg":"P2025081719192869168787554","data":{"date":"2025-08-17 19:19:35","eid":"E45756448202508172219WsOVPFjPSEa","amount":"20","name":"aldo Lima Sousa","cpf":"4951332485","bankname":"null","payBank":"","payCpf":"","pixkey":"04951332485","account":"276356995","status":"done","order":"A20250817191929620567IEzhJHpzW"},"sign":"5AD4234FE6DE22FBBB2941729EEAFFFD"}

