【2025-08-17 18:28:23】
P2025081717542064060564109----提交：{"custId":"24120300001308","appId":"8241201350","order":"P2025081717542064060564109","sign":"09AE2FEAAA4E4156E3761D405F7C244C"}

【2025-08-17 18:28:23】
P2025081717542064060564109----返回：{"code":"000000","msg":"P2025081717542064060564109","data":{"date":"2025-08-17 17:54:23","eid":"E37205447202508172054211040b4dc9","amount":"333","name":"GREYCIENE PEREIRA GOMES","cpf":"00727526294","bankname":"ORBION GAMING LTDA","payBank":"","payCpf":"","pixkey":"97984229288","account":"60701190","status":"done","order":"A202508171754200076125VuUk2T1T"},"sign":"14EF7A3B61ED7776D4D5905BB859DC8A"}

【2025-08-17 18:28:34】
P2025081717542064060564109----提交：{"custId":"24120300001308","appId":"8241201350","order":"P2025081717542064060564109","sign":"09AE2FEAAA4E4156E3761D405F7C244C"}

【2025-08-17 18:28:34】
P2025081717542064060564109----返回：{"code":"000000","msg":"P2025081717542064060564109","data":{"date":"2025-08-17 17:54:23","eid":"E37205447202508172054211040b4dc9","amount":"333","name":"GREYCIENE PEREIRA GOMES","cpf":"00727526294","bankname":"ORBION GAMING LTDA","payBank":"","payCpf":"","pixkey":"97984229288","account":"60701190","status":"done","order":"A202508171754200076125VuUk2T1T"},"sign":"14EF7A3B61ED7776D4D5905BB859DC8A"}

【2025-08-17 18:43:44】
P2025081717013460894898264----提交：{"custId":"24120300001308","appId":"8241201350","order":"P2025081717013460894898264","sign":"7DF7594F623EAAEC32FDFAEF9C732411"}

【2025-08-17 18:43:44】
P2025081717013460894898264----返回：{"code":"000000","msg":"P2025081717013460894898264","data":{"date":"2025-08-17 17:01:38","eid":"E3720544720250817200135174a9b35a","amount":"27","name":"WILKER DIEISON CARRIJO BENTO","cpf":"03663069109","bankname":"ORBION GAMING LTDA","payBank":"","payCpf":"","pixkey":"66996966543","account":"22896431","status":"done","order":"A202508171701349631909kSHuztn4"},"sign":"54C47FFFF63CEB16A0F0B94D6F9D63E2"}

【2025-08-17 18:43:54】
P2025081717013460894898264----提交：{"custId":"24120300001308","appId":"8241201350","order":"P2025081717013460894898264","sign":"7DF7594F623EAAEC32FDFAEF9C732411"}

【2025-08-17 18:43:54】
P2025081717013460894898264----返回：{"code":"000000","msg":"P2025081717013460894898264","data":{"date":"2025-08-17 17:01:38","eid":"E3720544720250817200135174a9b35a","amount":"27","name":"WILKER DIEISON CARRIJO BENTO","cpf":"03663069109","bankname":"ORBION GAMING LTDA","payBank":"","payCpf":"","pixkey":"66996966543","account":"22896431","status":"done","order":"A202508171701349631909kSHuztn4"},"sign":"54C47FFFF63CEB16A0F0B94D6F9D63E2"}

【2025-08-17 18:43:55】
P2025081717013460894898264----提交：{"custId":"24120300001308","appId":"8241201350","order":"P2025081717013460894898264","sign":"7DF7594F623EAAEC32FDFAEF9C732411"}

【2025-08-17 18:43:55】
P2025081717013460894898264----返回：{"code":"000000","msg":"P2025081717013460894898264","data":{"date":"2025-08-17 17:01:38","eid":"E3720544720250817200135174a9b35a","amount":"27","name":"WILKER DIEISON CARRIJO BENTO","cpf":"03663069109","bankname":"ORBION GAMING LTDA","payBank":"","payCpf":"","pixkey":"66996966543","account":"22896431","status":"done","order":"A202508171701349631909kSHuztn4"},"sign":"54C47FFFF63CEB16A0F0B94D6F9D63E2"}

【2025-08-17 18:50:28】
P2025081200501670616813897----提交：{"custId":"24120300001308","appId":"8241201350","order":"P2025081200501670616813897","sign":"B7F851E7DD1013F047BCDAEA55FD6A12"}

【2025-08-17 18:50:29】
P2025081200501670616813897----返回：{"code":"000000","msg":"P2025081200501670616813897","data":{"date":"2025-08-12 00:50:31","eid":"E45756448202508120350pz07aTZEkOY","amount":"120","name":"Leonardo Camelo Alves","cpf":"41935198807","bankname":"null","payBank":"","payCpf":"","pixkey":"41935198807","account":"936531324","status":"done","order":"A202508120050167796301pNYGw9yq"},"sign":"94204B6576C07BDABB3B2DB89746B660"}

【2025-08-17 18:50:31】
P2025081200501670616813897----提交：{"custId":"24120300001308","appId":"8241201350","order":"P2025081200501670616813897","sign":"B7F851E7DD1013F047BCDAEA55FD6A12"}

【2025-08-17 18:50:31】
P2025081200501670616813897----返回：{"code":"000000","msg":"P2025081200501670616813897","data":{"date":"2025-08-12 00:50:31","eid":"E45756448202508120350pz07aTZEkOY","amount":"120","name":"Leonardo Camelo Alves","cpf":"41935198807","bankname":"null","payBank":"","payCpf":"","pixkey":"41935198807","account":"936531324","status":"done","order":"A202508120050167796301pNYGw9yq"},"sign":"94204B6576C07BDABB3B2DB89746B660"}

