【2025-08-17 01:14:11】
P2025081623461298772466542----提交：{"custId":"24120300001308","appId":"8241201350","order":"P2025081623461298772466542","sign":"5E622CD6E835A69F1D932BD214753ACB"}

【2025-08-17 01:14:11】
P2025081623461298772466542----返回：{"code":"000000","msg":"P2025081623461298772466542","data":{"date":"2025-08-16 23:46:15","eid":"E37205447202508170246124566d84ab","amount":"40","name":"Josiana Bueno","cpf":"08876881603","bankname":"ORBION GAMING LTDA","payBank":"","payCpf":"","pixkey":"35997072257","account":"18236120","status":"done","order":"A20250816234612024277kPfG9YXEt"},"sign":"43B773F652DA3B85DDA8D060DE69ED3D"}

【2025-08-17 01:15:00】
P2025081623461298772466542----提交：{"custId":"24120300001308","appId":"8241201350","order":"P2025081623461298772466542","sign":"5E622CD6E835A69F1D932BD214753ACB"}

【2025-08-17 01:15:00】
P2025081623461298772466542----返回：{"code":"000000","msg":"P2025081623461298772466542","data":{"date":"2025-08-16 23:46:15","eid":"E37205447202508170246124566d84ab","amount":"40","name":"Josiana Bueno","cpf":"08876881603","bankname":"ORBION GAMING LTDA","payBank":"","payCpf":"","pixkey":"35997072257","account":"18236120","status":"done","order":"A20250816234612024277kPfG9YXEt"},"sign":"43B773F652DA3B85DDA8D060DE69ED3D"}

【2025-08-17 01:24:01】
P2025081615175168271736463----提交：{"custId":"24120300001308","appId":"8241201350","order":"P2025081615175168271736463","sign":"10A8F2DFC1902382931AE0D55D254BCB"}

【2025-08-17 01:24:01】
P2025081615175168271736463----返回：{"code":"000000","msg":"P2025081615175168271736463","data":{"date":"2025-08-16 15:17:54","eid":"E37205447202508161817513283ac38a","amount":"50","name":"DENISE DA SILVA ESPERDIAO","cpf":"03924099090","bankname":"ORBION GAMING LTDA","payBank":"","payCpf":"","pixkey":"03924099090","account":"00360305","status":"done","order":"A20250816151751671144vRsXa2qZP"},"sign":"FCB8C94EC259E7655927E2605974896A"}

【2025-08-17 01:24:05】
P2025081615175168271736463----提交：{"custId":"24120300001308","appId":"8241201350","order":"P2025081615175168271736463","sign":"10A8F2DFC1902382931AE0D55D254BCB"}

【2025-08-17 01:24:05】
P2025081615175168271736463----返回：{"code":"000000","msg":"P2025081615175168271736463","data":{"date":"2025-08-16 15:17:54","eid":"E37205447202508161817513283ac38a","amount":"50","name":"DENISE DA SILVA ESPERDIAO","cpf":"03924099090","bankname":"ORBION GAMING LTDA","payBank":"","payCpf":"","pixkey":"03924099090","account":"00360305","status":"done","order":"A20250816151751671144vRsXa2qZP"},"sign":"FCB8C94EC259E7655927E2605974896A"}

【2025-08-17 01:30:36】
P2025081701045103491646899----提交：{"custId":"24120300001308","appId":"8241201350","order":"P2025081701045103491646899","sign":"76D782C5471E0EA7BD4FF8DEEA4D42ED"}

【2025-08-17 01:30:36】
P2025081701045103491646899----返回：{"code":"000000","msg":"P2025081701045103491646899","data":{"date":"2025-08-17 01:05:18","eid":"E37205447202508170404518099afffe","amount":"50","name":"SONIA MARIA LEMOS FERREIRA","cpf":"92914446853","bankname":"ORBION GAMING LTDA","payBank":"","payCpf":"","pixkey":"12982831266","account":"10664513","status":"done","order":"A20250817010451872512Iers8YhHx"},"sign":"4C5E087FFB5EC1AC180456D5C7A0DCCD"}

【2025-08-17 01:30:50】
P2025081701045103491646899----提交：{"custId":"24120300001308","appId":"8241201350","order":"P2025081701045103491646899","sign":"76D782C5471E0EA7BD4FF8DEEA4D42ED"}

【2025-08-17 01:30:50】
P2025081701045103491646899----返回：{"code":"000000","msg":"P2025081701045103491646899","data":{"date":"2025-08-17 01:05:18","eid":"E37205447202508170404518099afffe","amount":"50","name":"SONIA MARIA LEMOS FERREIRA","cpf":"92914446853","bankname":"ORBION GAMING LTDA","payBank":"","payCpf":"","pixkey":"12982831266","account":"10664513","status":"done","order":"A20250817010451872512Iers8YhHx"},"sign":"4C5E087FFB5EC1AC180456D5C7A0DCCD"}

【2025-08-17 01:35:30】
P2025081701272104841854246----提交：{"custId":"24120300001308","appId":"8241201350","order":"P2025081701272104841854246","sign":"28BEB98A1DE8AA7C3CC007B3331C6671"}

【2025-08-17 01:35:30】
P2025081701272104841854246----返回：{"code":"000000","msg":"P2025081701272104841854246","data":{"date":"2025-08-17 01:27:25","eid":"E37205447202508170427222120c429d","amount":"20","name":"Edson Oliveira da Silva","cpf":"18695631745","bankname":"ORBION GAMING LTDA","payBank":"","payCpf":"","pixkey":"21983461832","account":"08561701","status":"done","order":"A20250817012722637946MWvhex1U3"},"sign":"2B53A40334E2A2121BACBC8B0F186CFD"}

【2025-08-17 01:35:32】
P2025081701272104841854246----提交：{"custId":"24120300001308","appId":"8241201350","order":"P2025081701272104841854246","sign":"28BEB98A1DE8AA7C3CC007B3331C6671"}

【2025-08-17 01:35:32】
P2025081701272104841854246----返回：{"code":"000000","msg":"P2025081701272104841854246","data":{"date":"2025-08-17 01:27:25","eid":"E37205447202508170427222120c429d","amount":"20","name":"Edson Oliveira da Silva","cpf":"18695631745","bankname":"ORBION GAMING LTDA","payBank":"","payCpf":"","pixkey":"21983461832","account":"08561701","status":"done","order":"A20250817012722637946MWvhex1U3"},"sign":"2B53A40334E2A2121BACBC8B0F186CFD"}

【2025-08-17 01:43:30】
P2025081701120703927555747----提交：{"custId":"24120300001308","appId":"8241201350","order":"P2025081701120703927555747","sign":"5C29BC7AF48324AFF08B29F79C569840"}

【2025-08-17 01:43:30】
P2025081701120703927555747----返回：{"code":"000000","msg":"P2025081701120703927555747","data":{"date":"2025-08-17 01:12:24","eid":"E3720544720250817041208132564837","amount":"100","name":"DANUBIA EDUARDA GOMES DA SILVA","cpf":"08565913430","bankname":"ORBION GAMING LTDA","payBank":"","payCpf":"","pixkey":"08565913430","account":"60701190","status":"done","order":"A20250817011207116199cT4si6WGC"},"sign":"3593205F2CCC9CFAFFD311E4EB1DDCA1"}

【2025-08-17 01:43:35】
P2025081701261504775875141----提交：{"custId":"24120300001308","appId":"8241201350","order":"P2025081701261504775875141","sign":"7B13D63685A4C310DF10F2B8E348A0AB"}

【2025-08-17 01:43:35】
P2025081701261504775875141----返回：{"code":"000000","msg":"P2025081701261504775875141","data":{"date":"2025-08-17 01:26:18","eid":"E37205447202508170426153455a2f84","amount":"50","name":"DANUBIA EDUARDA GOMES DA SILVA","cpf":"08565913430","bankname":"ORBION GAMING LTDA","payBank":"","payCpf":"","pixkey":"08565913430","account":"60701190","status":"done","order":"A20250817012615108887Vyydhg8xb"},"sign":"F04928E0288EDEE742EA69783C8A7BCF"}

【2025-08-17 01:43:39】
P2025081701120703927555747----提交：{"custId":"24120300001308","appId":"8241201350","order":"P2025081701120703927555747","sign":"5C29BC7AF48324AFF08B29F79C569840"}

【2025-08-17 01:43:39】
P2025081701120703927555747----返回：{"code":"000000","msg":"P2025081701120703927555747","data":{"date":"2025-08-17 01:12:24","eid":"E3720544720250817041208132564837","amount":"100","name":"DANUBIA EDUARDA GOMES DA SILVA","cpf":"08565913430","bankname":"ORBION GAMING LTDA","payBank":"","payCpf":"","pixkey":"08565913430","account":"60701190","status":"done","order":"A20250817011207116199cT4si6WGC"},"sign":"3593205F2CCC9CFAFFD311E4EB1DDCA1"}

【2025-08-17 01:43:52】
P2025081701261504775875141----提交：{"custId":"24120300001308","appId":"8241201350","order":"P2025081701261504775875141","sign":"7B13D63685A4C310DF10F2B8E348A0AB"}

【2025-08-17 01:43:52】
P2025081701261504775875141----返回：{"code":"000000","msg":"P2025081701261504775875141","data":{"date":"2025-08-17 01:26:18","eid":"E37205447202508170426153455a2f84","amount":"50","name":"DANUBIA EDUARDA GOMES DA SILVA","cpf":"08565913430","bankname":"ORBION GAMING LTDA","payBank":"","payCpf":"","pixkey":"08565913430","account":"60701190","status":"done","order":"A20250817012615108887Vyydhg8xb"},"sign":"F04928E0288EDEE742EA69783C8A7BCF"}

【2025-08-17 01:44:13】
P2025081701000603206127079----提交：{"custId":"24120300001308","appId":"8241201350","order":"P2025081701000603206127079","sign":"8C287CA7657ED65620564FC5319095BA"}

【2025-08-17 01:44:13】
P2025081701000603206127079----返回：{"code":"000000","msg":"P2025081701000603206127079","data":{"date":"2025-08-17 01:00:15","eid":"E3720544720250817040007899465b49","amount":"130","name":"DANUBIA EDUARDA GOMES DA SILVA","cpf":"08565913430","bankname":"ORBION GAMING LTDA","payBank":"","payCpf":"","pixkey":"08565913430","account":"60701190","status":"done","order":"A20250817010006075307hdNCiqiVY"},"sign":"4729C4D28C04E74F4F18B612DD11DD9E"}

【2025-08-17 01:44:14】
P2025081701000603206127079----提交：{"custId":"24120300001308","appId":"8241201350","order":"P2025081701000603206127079","sign":"8C287CA7657ED65620564FC5319095BA"}

【2025-08-17 01:44:14】
P2025081701000603206127079----返回：{"code":"000000","msg":"P2025081701000603206127079","data":{"date":"2025-08-17 01:00:15","eid":"E3720544720250817040007899465b49","amount":"130","name":"DANUBIA EDUARDA GOMES DA SILVA","cpf":"08565913430","bankname":"ORBION GAMING LTDA","payBank":"","payCpf":"","pixkey":"08565913430","account":"60701190","status":"done","order":"A20250817010006075307hdNCiqiVY"},"sign":"4729C4D28C04E74F4F18B612DD11DD9E"}

【2025-08-17 01:59:58】
P2025081523592913169011224----提交：{"custId":"24120300001308","appId":"8241201350","order":"P2025081523592913169011224","sign":"284F19A790DCCC29A66256E6380CD5DC"}

【2025-08-17 01:59:58】
P2025081523592913169011224----返回：{"code":"000000","msg":"P2025081523592913169011224","data":{"date":"2025-08-16 00:01:48","eid":"E3720544720250816025930129e940b2","amount":"50","name":"MARIA DOS MILAGRES PEREIRA DA SILVA","cpf":"64218562334","bankname":"ORBION GAMING LTDA","payBank":"","payCpf":"","pixkey":"99999351517","account":"00000000","status":"done","order":"A20250815235929911714TE8Pc6LqP"},"sign":"E7ABAA49D27929049E846795229FF3E3"}

