【2025-08-17 12:00:19】
P2025081217022528945762113----提交：{"custId":"24120300001308","appId":"8241201350","order":"P2025081217022528945762113","sign":"69923BF90DEC9E2210160ABB143297A1"}

【2025-08-17 12:00:19】
P2025081217022528945762113----返回：{"code":"000000","msg":"P2025081217022528945762113","data":{"date":"2025-08-12 17:02:28","eid":"E372054472025081220022585704d046","amount":"127","name":"Natanaeli de Almeida Santos","cpf":"14451772427","bankname":"ORBION GAMING LTDA","payBank":"","payCpf":"","pixkey":"14451772427","account":"18236120","status":"done","order":"A20250812170225225244Kz6LFDnte"},"sign":"11E9DA6A7C9E7247143FBFFB3A7332F2"}

【2025-08-17 12:00:20】
P2025081217022528945762113----提交：{"custId":"24120300001308","appId":"8241201350","order":"P2025081217022528945762113","sign":"69923BF90DEC9E2210160ABB143297A1"}

【2025-08-17 12:00:20】
P2025081217022528945762113----返回：{"code":"000000","msg":"P2025081217022528945762113","data":{"date":"2025-08-12 17:02:28","eid":"E372054472025081220022585704d046","amount":"127","name":"Natanaeli de Almeida Santos","cpf":"14451772427","bankname":"ORBION GAMING LTDA","payBank":"","payCpf":"","pixkey":"14451772427","account":"18236120","status":"done","order":"A20250812170225225244Kz6LFDnte"},"sign":"11E9DA6A7C9E7247143FBFFB3A7332F2"}

【2025-08-17 12:09:49】
P2025081712065943219723658----提交：{"custId":"24120300001308","appId":"8241201350","order":"P2025081712065943219723658","sign":"ECA5CB1A3A2C7ED02937B54725A8C526"}

【2025-08-17 12:09:49】
P2025081712065943219723658----返回：{"code":"000000","msg":"P2025081712065943219723658","data":{"date":"2025-08-17 12:09:22","eid":"E3720544720250817150659824198ee2","amount":"20","name":"Jéssica Betim Baida","cpf":"15718515930","bankname":"ORBION GAMING LTDA","payBank":"","payCpf":"","pixkey":"15718515930","account":"18236120","status":"done","order":"A202508171206595313887pr75Wr4P"},"sign":"2A456C27D83E8F7F4BCC10056BF71D1D"}

【2025-08-17 12:09:59】
P2025081712045843098992271----提交：{"custId":"24120300001308","appId":"8241201350","order":"P2025081712045843098992271","sign":"2237D1C2404BD094A0E8B89B284FAEF7"}

【2025-08-17 12:09:59】
P2025081712045843098992271----返回：{"code":"000000","msg":"P2025081712045843098992271","data":{"date":"2025-08-17 12:09:43","eid":"E37205447202508171504591696da64a","amount":"60","name":"Maria Edinilsa Braz da Rocha","cpf":"00967638259","bankname":"ORBION GAMING LTDA","payBank":"","payCpf":"","pixkey":"00967638259","account":"18236120","status":"done","order":"A20250817120459528243gfiUvBm34"},"sign":"3D96E5C05229D41E9E94292B30C7893B"}

【2025-08-17 12:15:40】
P2025081712130643586923647----提交：{"custId":"24120300001308","appId":"8241201350","order":"P2025081712130643586923647","sign":"D36ACB661CF746892D56A29C728EAFB7"}

【2025-08-17 12:15:40】
P2025081712130643586923647----返回：{"code":"000000","msg":"P2025081712130643586923647","data":{"date":"2025-08-17 12:15:29","eid":"E3720544720250817151307327e27a91","amount":"50","name":"Gilson de Oliveira Galvao","cpf":"04120245195","bankname":"ORBION GAMING LTDA","payBank":"","payCpf":"","pixkey":"67996098285","account":"10573521","status":"done","order":"A20250817121306405624dIngSmcni"},"sign":"1C2553B5B0B1D078AC4A8DFAEE842000"}

【2025-08-17 12:20:20】
P2025081712174043860401397----提交：{"custId":"24120300001308","appId":"8241201350","order":"P2025081712174043860401397","sign":"FBAB9C109985ACCA0437EC8162B1D9F5"}

【2025-08-17 12:20:20】
P2025081712174043860401397----返回：{"code":"000000","msg":"P2025081712174043860401397","data":{"date":"2025-08-17 12:20:02","eid":"E37205447202508171517409344cfbca","amount":"50","name":"KAREN GISELE PORTELA OLIVEIRA","cpf":"07832495359","bankname":"ORBION GAMING LTDA","payBank":"","payCpf":"","pixkey":"13982030305","account":"22896431","status":"done","order":"A202508171217407000218VzGjlGF9"},"sign":"8727B31FAEC07C1C53C3581EDDB3EF8F"}

【2025-08-17 12:49:35】
P2025081712442845468185406----提交：{"custId":"24120300001308","appId":"8241201350","order":"P2025081712442845468185406","sign":"B02EF32B86565280A820FCBD717A40CC"}

【2025-08-17 12:49:35】
P2025081712442845468185406----返回：{"code":"000000","msg":"P2025081712442845468185406","data":{"date":"2025-08-17 12:48:54","eid":"E3720544720250817154502620d409d8","amount":"15","name":"RICHARD MATHEUS PASSOS SALES","cpf":"70472287214","bankname":"ORBION GAMING LTDA","payBank":"","payCpf":"","pixkey":"70472287214","account":"00416968","status":"done","order":"A20250817124502933813QypAYsfaU"},"sign":"D82D839C1EB5070E26FFA05E5CC98AF5"}

