【2025-08-17 02:01:00】
P2025081523592913169011224----提交：{"custId":"24120300001308","appId":"8241201350","order":"P2025081523592913169011224","sign":"284F19A790DCCC29A66256E6380CD5DC"}

【2025-08-17 02:01:00】
P2025081523592913169011224----返回：{"code":"000000","msg":"P2025081523592913169011224","data":{"date":"2025-08-16 00:01:48","eid":"E3720544720250816025930129e940b2","amount":"50","name":"MARIA DOS MILAGRES PEREIRA DA SILVA","cpf":"64218562334","bankname":"ORBION GAMING LTDA","payBank":"","payCpf":"","pixkey":"99999351517","account":"00000000","status":"done","order":"A20250815235929911714TE8Pc6LqP"},"sign":"E7ABAA49D27929049E846795229FF3E3"}

【2025-08-17 02:09:04】
P2025081702044107081959383----提交：{"custId":"24120300001308","appId":"8241201350","order":"P2025081702044107081959383","sign":"D8F7B856F290D2AA0C2C92573BBF43D4"}

【2025-08-17 02:09:04】
P2025081702044107081959383----返回：{"code":"000000","msg":"P2025081702044107081959383","data":{"date":"2025-08-17 02:07:55","eid":"E37205447202508170504420581678b2","amount":"50","name":"Wilian Fonseca Calegari","cpf":"10708062180","bankname":"ORBION GAMING LTDA","payBank":"","payCpf":"","pixkey":"10708062180","account":"18236120","status":"done","order":"A20250817020441825365rI5qxiwS7"},"sign":"9750AF0B0EE3A02009732D94B5B85B8B"}

【2025-08-17 02:09:09】
P2025081702044107081959383----提交：{"custId":"24120300001308","appId":"8241201350","order":"P2025081702044107081959383","sign":"D8F7B856F290D2AA0C2C92573BBF43D4"}

【2025-08-17 02:09:09】
P2025081702044107081959383----返回：{"code":"000000","msg":"P2025081702044107081959383","data":{"date":"2025-08-17 02:07:55","eid":"E37205447202508170504420581678b2","amount":"50","name":"Wilian Fonseca Calegari","cpf":"10708062180","bankname":"ORBION GAMING LTDA","payBank":"","payCpf":"","pixkey":"10708062180","account":"18236120","status":"done","order":"A20250817020441825365rI5qxiwS7"},"sign":"9750AF0B0EE3A02009732D94B5B85B8B"}

【2025-08-17 02:14:43】
P2025081700401402014475123----提交：{"custId":"24120300001308","appId":"8241201350","order":"P2025081700401402014475123","sign":"D2F704DCAA0239211CEDF0EE88772855"}

【2025-08-17 02:14:43】
P2025081700401402014475123----返回：{"code":"000000","msg":"P2025081700401402014475123","data":{"date":"2025-08-17 00:46:13","eid":"E3720544720250817034014848a19516","amount":"54","name":"VALNICE DA COSTA RAMOS","cpf":"74236423200","bankname":"ORBION GAMING LTDA","payBank":"","payCpf":"","pixkey":"92993196187","account":"90400888","status":"done","order":"A20250817004014904888Rg71wETLZ"},"sign":"7EC8CC4056026C0888AFA4CA2901F8B5"}

【2025-08-17 02:16:38】
P2025081700401402014475123----提交：{"custId":"24120300001308","appId":"8241201350","order":"P2025081700401402014475123","sign":"D2F704DCAA0239211CEDF0EE88772855"}

【2025-08-17 02:16:38】
P2025081700401402014475123----返回：{"code":"000000","msg":"P2025081700401402014475123","data":{"date":"2025-08-17 00:46:13","eid":"E3720544720250817034014848a19516","amount":"54","name":"VALNICE DA COSTA RAMOS","cpf":"74236423200","bankname":"ORBION GAMING LTDA","payBank":"","payCpf":"","pixkey":"92993196187","account":"90400888","status":"done","order":"A20250817004014904888Rg71wETLZ"},"sign":"7EC8CC4056026C0888AFA4CA2901F8B5"}

【2025-08-17 02:17:04】
P2025081701120703927555747----提交：{"custId":"24120300001308","appId":"8241201350","order":"P2025081701120703927555747","sign":"5C29BC7AF48324AFF08B29F79C569840"}

【2025-08-17 02:17:04】
P2025081701120703927555747----返回：{"code":"000000","msg":"P2025081701120703927555747","data":{"date":"2025-08-17 01:12:24","eid":"E3720544720250817041208132564837","amount":"100","name":"DANUBIA EDUARDA GOMES DA SILVA","cpf":"08565913430","bankname":"ORBION GAMING LTDA","payBank":"","payCpf":"","pixkey":"08565913430","account":"60701190","status":"done","order":"A20250817011207116199cT4si6WGC"},"sign":"3593205F2CCC9CFAFFD311E4EB1DDCA1"}

【2025-08-17 02:27:51】
P2025081702015406914724707----提交：{"custId":"24120300001308","appId":"8241201350","order":"P2025081702015406914724707","sign":"A674C9E7B87F819FE03128D05B4AE320"}

【2025-08-17 02:27:51】
P2025081702015406914724707----返回：{"code":"000000","msg":"P2025081702015406914724707","data":{"date":"2025-08-17 02:01:57","eid":"E372054472025081705015502205c301","amount":"20","name":"NATHAN FONSECA MARTINS","cpf":"04518832094","bankname":"ORBION GAMING LTDA","payBank":"","payCpf":"","pixkey":"04518832094","account":"60701190","status":"done","order":"A20250817020154948717EsbhrXnG2"},"sign":"D8C3B73ABB22696A084E5F8138680C6F"}

【2025-08-17 02:27:53】
P2025081702015406914724707----提交：{"custId":"24120300001308","appId":"8241201350","order":"P2025081702015406914724707","sign":"A674C9E7B87F819FE03128D05B4AE320"}

【2025-08-17 02:27:53】
P2025081702015406914724707----返回：{"code":"000000","msg":"P2025081702015406914724707","data":{"date":"2025-08-17 02:01:57","eid":"E372054472025081705015502205c301","amount":"20","name":"NATHAN FONSECA MARTINS","cpf":"04518832094","bankname":"ORBION GAMING LTDA","payBank":"","payCpf":"","pixkey":"04518832094","account":"60701190","status":"done","order":"A20250817020154948717EsbhrXnG2"},"sign":"D8C3B73ABB22696A084E5F8138680C6F"}

【2025-08-17 02:28:04】
P2025081623520099120787209----提交：{"custId":"24120300001308","appId":"8241201350","order":"P2025081623520099120787209","sign":"5D5B4BE61AB33A579246639C11EF2C85"}

【2025-08-17 02:28:04】
P2025081623520099120787209----返回：{"code":"000000","msg":"P2025081623520099120787209","data":{"date":"2025-08-16 23:52:05","eid":"E3720544720250817025202057b221dc","amount":"50","name":"MATHEUS RAFAEL TOFANELI DUTRA","cpf":"49078382805","bankname":"ORBION GAMING LTDA","payBank":"","payCpf":"","pixkey":"49078382805","account":"90400888","status":"done","order":"A20250816235200267473Ptm5zz959"},"sign":"BE1BC4FAC696EBBB3E5356785BC8EC2A"}

【2025-08-17 02:31:05】
P2025081623520099120787209----提交：{"custId":"24120300001308","appId":"8241201350","order":"P2025081623520099120787209","sign":"5D5B4BE61AB33A579246639C11EF2C85"}

【2025-08-17 02:31:05】
P2025081623520099120787209----返回：{"code":"000000","msg":"P2025081623520099120787209","data":{"date":"2025-08-16 23:52:05","eid":"E3720544720250817025202057b221dc","amount":"50","name":"MATHEUS RAFAEL TOFANELI DUTRA","cpf":"49078382805","bankname":"ORBION GAMING LTDA","payBank":"","payCpf":"","pixkey":"49078382805","account":"90400888","status":"done","order":"A20250816235200267473Ptm5zz959"},"sign":"BE1BC4FAC696EBBB3E5356785BC8EC2A"}

【2025-08-17 02:43:19】
P2025081702375909079908733----提交：{"custId":"24120300001308","appId":"8241201350","order":"P2025081702375909079908733","sign":"8B9A9E9EE3DA45B799AC26F0AFC30F59"}

【2025-08-17 02:43:19】
P2025081702375909079908733----返回：{"code":"000000","msg":"P2025081702375909079908733","data":{"date":"2025-08-17 02:38:04","eid":"E3720544720250817053800617f79d2f","amount":"19","name":"MARIA GIDEILDE ALVES SANTOS","cpf":"81002289572","bankname":"ORBION GAMING LTDA","payBank":"","payCpf":"","pixkey":"79988102834","account":"08561701","status":"done","order":"A20250817023800422877371lZH3wk"},"sign":"C88788016121BB754F953DA51EF8366D"}

【2025-08-17 02:43:21】
P2025081702375909079908733----提交：{"custId":"24120300001308","appId":"8241201350","order":"P2025081702375909079908733","sign":"8B9A9E9EE3DA45B799AC26F0AFC30F59"}

【2025-08-17 02:43:21】
P2025081702375909079908733----返回：{"code":"000000","msg":"P2025081702375909079908733","data":{"date":"2025-08-17 02:38:04","eid":"E3720544720250817053800617f79d2f","amount":"19","name":"MARIA GIDEILDE ALVES SANTOS","cpf":"81002289572","bankname":"ORBION GAMING LTDA","payBank":"","payCpf":"","pixkey":"79988102834","account":"08561701","status":"done","order":"A20250817023800422877371lZH3wk"},"sign":"C88788016121BB754F953DA51EF8366D"}

【2025-08-17 02:43:43】
P2025081623520099120787209----提交：{"custId":"24120300001308","appId":"8241201350","order":"P2025081623520099120787209","sign":"5D5B4BE61AB33A579246639C11EF2C85"}

【2025-08-17 02:43:43】
P2025081623520099120787209----返回：{"code":"000000","msg":"P2025081623520099120787209","data":{"date":"2025-08-16 23:52:05","eid":"E3720544720250817025202057b221dc","amount":"50","name":"MATHEUS RAFAEL TOFANELI DUTRA","cpf":"49078382805","bankname":"ORBION GAMING LTDA","payBank":"","payCpf":"","pixkey":"49078382805","account":"90400888","status":"done","order":"A20250816235200267473Ptm5zz959"},"sign":"BE1BC4FAC696EBBB3E5356785BC8EC2A"}

【2025-08-17 02:57:17】
P2025081702545510095314537----提交：{"custId":"24120300001308","appId":"8241201350","order":"P2025081702545510095314537","sign":"20C5F3847CD3F2450EDF9185D77118C2"}

【2025-08-17 02:57:17】
P2025081702545510095314537----返回：{"code":"000000","msg":"P2025081702545510095314537","data":{"date":"2025-08-17 02:57:06","eid":"E372054472025081705570293966c80a","amount":"5000","name":"VIVIANE APARECIDA GOMARIN","cpf":"22094915840","bankname":"ORBION GAMING LTDA","payBank":"","payCpf":"","pixkey":"11958187088","account":"60701190","status":"done","order":"A202508170257020638537J9xCIr5V"},"sign":"B3BDDC614C86D694F7A91B41BB22F3ED"}

【2025-08-17 02:59:58】
P2025081702582910309649056----提交：{"custId":"24120300001308","appId":"8241201350","order":"P2025081702582910309649056","sign":"B70AFC64613075DABAB0E443F76B5FF8"}

【2025-08-17 02:59:58】
P2025081702582910309649056----返回：{"code":"000000","msg":"P2025081702582910309649056","data":{"date":"2025-08-17 02:58:33","eid":"E3720544720250817055829907642dd0","amount":"10","name":"Adolfo Carlos Do Prado","cpf":"02924209196","bankname":"ORBION GAMING LTDA","payBank":"","payCpf":"","pixkey":"19993656598","account":"22896431","status":"done","order":"A20250817025829507881d5SGBELxx"},"sign":"43F504E52036EDF39BDB03A2274F4B76"}

