【2025-08-17 20:07:34】
P2025081719483070910447524----提交：{"custId":"24120300001308","appId":"8241201350","order":"P2025081719483070910447524","sign":"8E81786C5BDE091A1D26CCE59E0055A8"}

【2025-08-17 20:07:34】
P2025081719483070910447524----返回：{"code":"000000","msg":"P2025081719483070910447524","data":{"date":"2025-08-17 19:48:36","eid":"E45756448202508172248YHtbmBFw80q","amount":"90","name":"Jurandi Trindade Braga","cpf":"681772247","bankname":"null","payBank":"","payCpf":"","pixkey":"91992416967","account":"29519467356","status":"done","order":"A20250817194830555895yl4DIfstB"},"sign":"C9B906418ACBC4055D7DF76501B8A788"}

【2025-08-17 20:08:43】
P2025081719483070910447524----提交：{"custId":"24120300001308","appId":"8241201350","order":"P2025081719483070910447524","sign":"8E81786C5BDE091A1D26CCE59E0055A8"}

【2025-08-17 20:08:44】
P2025081719483070910447524----返回：{"code":"000000","msg":"P2025081719483070910447524","data":{"date":"2025-08-17 19:48:36","eid":"E45756448202508172248YHtbmBFw80q","amount":"90","name":"Jurandi Trindade Braga","cpf":"681772247","bankname":"null","payBank":"","payCpf":"","pixkey":"91992416967","account":"29519467356","status":"done","order":"A20250817194830555895yl4DIfstB"},"sign":"C9B906418ACBC4055D7DF76501B8A788"}

【2025-08-17 20:19:58】
P2025081719573471454536011----提交：{"custId":"24120300001308","appId":"8241201350","order":"P2025081719573471454536011","sign":"BD3B65ABEDAEEACFFFFCF3CB6A7D07B0"}

【2025-08-17 20:19:58】
P2025081719573471454536011----返回：{"code":"000000","msg":"P2025081719573471454536011","data":{"date":"2025-08-17 19:57:40","eid":"E45756448202508172257ZqGD9K5vGEz","amount":"74.88","name":"MARCOS DOS SANTOS VICENTE","cpf":"90874790930","bankname":"null","payBank":"","payCpf":"","pixkey":"90874790930","account":"5096251","status":"done","order":"A20250817195734331802AmYjrzraN"},"sign":"7830FA4278A6449A5A1259CCEF289C75"}

【2025-08-17 20:20:00】
P2025081719573471454536011----提交：{"custId":"24120300001308","appId":"8241201350","order":"P2025081719573471454536011","sign":"BD3B65ABEDAEEACFFFFCF3CB6A7D07B0"}

【2025-08-17 20:20:00】
P2025081719573471454536011----返回：{"code":"000000","msg":"P2025081719573471454536011","data":{"date":"2025-08-17 19:57:40","eid":"E45756448202508172257ZqGD9K5vGEz","amount":"74.88","name":"MARCOS DOS SANTOS VICENTE","cpf":"90874790930","bankname":"null","payBank":"","payCpf":"","pixkey":"90874790930","account":"5096251","status":"done","order":"A20250817195734331802AmYjrzraN"},"sign":"7830FA4278A6449A5A1259CCEF289C75"}

【2025-08-17 20:44:38】
P2025081719344870088055342----提交：{"custId":"24120300001308","appId":"8241201350","order":"P2025081719344870088055342","sign":"842A59F0773EFA35BED527520CF78449"}

【2025-08-17 20:44:38】
P2025081719344870088055342----返回：{"code":"000000","msg":"P2025081719344870088055342","data":{"date":"2025-08-17 19:34:52","eid":"E3720544720250817223449732b9c8f8","amount":"35","name":"Joao Naldo Pereira Pacheco","cpf":"05268498274","bankname":"ORBION GAMING LTDA","payBank":"","payCpf":"","pixkey":"91992163120","account":"23862762","status":"done","order":"A20250817193449927518K9G9NT5nA"},"sign":"E2E4564808EE2CAEFFC2F19FC20B9730"}

【2025-08-17 20:44:51】
P2025081719344870088055342----提交：{"custId":"24120300001308","appId":"8241201350","order":"P2025081719344870088055342","sign":"842A59F0773EFA35BED527520CF78449"}

【2025-08-17 20:44:51】
P2025081719344870088055342----返回：{"code":"000000","msg":"P2025081719344870088055342","data":{"date":"2025-08-17 19:34:52","eid":"E3720544720250817223449732b9c8f8","amount":"35","name":"Joao Naldo Pereira Pacheco","cpf":"05268498274","bankname":"ORBION GAMING LTDA","payBank":"","payCpf":"","pixkey":"91992163120","account":"23862762","status":"done","order":"A20250817193449927518K9G9NT5nA"},"sign":"E2E4564808EE2CAEFFC2F19FC20B9730"}

【2025-08-17 20:57:47】
P2025081720415274112969152----提交：{"custId":"24120300001308","appId":"8241201350","order":"P2025081720415274112969152","sign":"FEE19AB51FFDA47605AABAA7ABDB0352"}

【2025-08-17 20:57:47】
P2025081720415274112969152----返回：{"code":"000000","msg":"P2025081720415274112969152","data":{"date":"2025-08-17 20:41:58","eid":"E45756448202508172341zDGaDLlRfUy","amount":"20","name":"ROSANGELA GOMES DE SOUZA","cpf":"96960817315","bankname":"null","payBank":"","payCpf":"","pixkey":"96960817315","account":"12880000007893629828","status":"done","order":"A20250817204152960541RkkmkxnVk"},"sign":"3D69C3A46F209B66052413084F89B092"}

【2025-08-17 20:57:50】
P2025081720415274112969152----提交：{"custId":"24120300001308","appId":"8241201350","order":"P2025081720415274112969152","sign":"FEE19AB51FFDA47605AABAA7ABDB0352"}

【2025-08-17 20:57:50】
P2025081720415274112969152----返回：{"code":"000000","msg":"P2025081720415274112969152","data":{"date":"2025-08-17 20:41:58","eid":"E45756448202508172341zDGaDLlRfUy","amount":"20","name":"ROSANGELA GOMES DE SOUZA","cpf":"96960817315","bankname":"null","payBank":"","payCpf":"","pixkey":"96960817315","account":"12880000007893629828","status":"done","order":"A20250817204152960541RkkmkxnVk"},"sign":"3D69C3A46F209B66052413084F89B092"}

