【2025-08-17 17:05:39】
P2025081709364834208918639----提交：{"custId":"24120300001308","appId":"8241201350","order":"P2025081709364834208918639","sign":"05FACB16FC1299AFAF8E0AE94E7D8130"}

【2025-08-17 17:05:39】
P2025081709364834208918639----返回：{"code":"000000","msg":"P2025081709364834208918639","data":{"date":"2025-08-17 09:36:52","eid":"E37205447202508171236489315bb865","amount":"30","name":"Cicera Maria da Silva","cpf":"60020594313","bankname":"ORBION GAMING LTDA","payBank":"","payCpf":"","pixkey":"62982035327","account":"10573521","status":"done","order":"A20250817093648487452EBM2umtnC"},"sign":"D7BDCF4599070E7295C3E106901E7F39"}

【2025-08-17 17:05:42】
P2025081709364834208918639----提交：{"custId":"24120300001308","appId":"8241201350","order":"P2025081709364834208918639","sign":"05FACB16FC1299AFAF8E0AE94E7D8130"}

【2025-08-17 17:05:42】
P2025081709364834208918639----返回：{"code":"000000","msg":"P2025081709364834208918639","data":{"date":"2025-08-17 09:36:52","eid":"E37205447202508171236489315bb865","amount":"30","name":"Cicera Maria da Silva","cpf":"60020594313","bankname":"ORBION GAMING LTDA","payBank":"","payCpf":"","pixkey":"62982035327","account":"10573521","status":"done","order":"A20250817093648487452EBM2umtnC"},"sign":"D7BDCF4599070E7295C3E106901E7F39"}

【2025-08-17 17:16:01】
P2025081713251347913355449----提交：{"custId":"24120300001308","appId":"8241201350","order":"P2025081713251347913355449","sign":"5BD24B586F5482D411B8C0BD4F87AD5A"}

【2025-08-17 17:16:02】
P2025081713251347913355449----返回：{"code":"000000","msg":"P2025081713251347913355449","data":{"date":"2025-08-17 13:25:15","eid":"E37205447202508171625135715ae7d4","amount":"48","name":"Manoel Juraci de Sousa","cpf":"90702743372","bankname":"ORBION GAMING LTDA","payBank":"","payCpf":"","pixkey":"88994115988","account":"18236120","status":"done","order":"A202508171325132481268lylqiMW5"},"sign":"150B3431A1C9C0D7CA24D822FEEF89F9"}

【2025-08-17 17:16:04】
P2025081713251347913355449----提交：{"custId":"24120300001308","appId":"8241201350","order":"P2025081713251347913355449","sign":"5BD24B586F5482D411B8C0BD4F87AD5A"}

【2025-08-17 17:16:05】
P2025081713251347913355449----返回：{"code":"000000","msg":"P2025081713251347913355449","data":{"date":"2025-08-17 13:25:15","eid":"E37205447202508171625135715ae7d4","amount":"48","name":"Manoel Juraci de Sousa","cpf":"90702743372","bankname":"ORBION GAMING LTDA","payBank":"","payCpf":"","pixkey":"88994115988","account":"18236120","status":"done","order":"A202508171325132481268lylqiMW5"},"sign":"150B3431A1C9C0D7CA24D822FEEF89F9"}

【2025-08-17 17:19:47】
P2025081715460456364444772----提交：{"custId":"24120300001308","appId":"8241201350","order":"P2025081715460456364444772","sign":"23DA1A74181559F8785D16AAF6D89303"}

【2025-08-17 17:19:47】
P2025081715460456364444772----返回：{"code":"000000","msg":"P2025081715460456364444772","data":{"date":"2025-08-17 15:58:59","eid":"E3720544720250817184605195f8899e","amount":"10","name":"VITORIA ALVES BOEIRA","cpf":"04655091002","bankname":"ORBION GAMING LTDA","payBank":"","payCpf":"","pixkey":"54996909383","account":"00000000","status":"done","order":"A20250817154604521146PIRWp8PFR"},"sign":"63E47424830EFA59448B28D3AFDC0711"}

【2025-08-17 17:20:08】
P2025081715460456364444772----提交：{"custId":"24120300001308","appId":"8241201350","order":"P2025081715460456364444772","sign":"23DA1A74181559F8785D16AAF6D89303"}

【2025-08-17 17:20:08】
P2025081715460456364444772----返回：{"code":"000000","msg":"P2025081715460456364444772","data":{"date":"2025-08-17 15:58:59","eid":"E3720544720250817184605195f8899e","amount":"10","name":"VITORIA ALVES BOEIRA","cpf":"04655091002","bankname":"ORBION GAMING LTDA","payBank":"","payCpf":"","pixkey":"54996909383","account":"00000000","status":"done","order":"A20250817154604521146PIRWp8PFR"},"sign":"63E47424830EFA59448B28D3AFDC0711"}

【2025-08-17 17:22:21】
P2025081715072354043925012----提交：{"custId":"24120300001308","appId":"8241201350","order":"P2025081715072354043925012","sign":"FFDE52242BC1B59FDDC3DCB91067ACD2"}

【2025-08-17 17:22:21】
P2025081715072354043925012----返回：{"code":"000000","msg":"P2025081715072354043925012","data":{"date":"2025-08-17 15:07:33","eid":"E45756448202508171807JEg0cv8ghkW","amount":"50","name":"SILVIO CESAR DOS SANTOS","cpf":"4687217621","bankname":"null","payBank":"","payCpf":"","pixkey":"32998079828","account":"37010000005988737494","status":"done","order":"A20250817150723735988BaJrifcWS"},"sign":"A2EC6BF8B3B2F104D5F0EA6CF350E29D"}

【2025-08-17 17:22:48】
P2025081715072354043925012----提交：{"custId":"24120300001308","appId":"8241201350","order":"P2025081715072354043925012","sign":"FFDE52242BC1B59FDDC3DCB91067ACD2"}

【2025-08-17 17:22:48】
P2025081715072354043925012----返回：{"code":"000000","msg":"P2025081715072354043925012","data":{"date":"2025-08-17 15:07:33","eid":"E45756448202508171807JEg0cv8ghkW","amount":"50","name":"SILVIO CESAR DOS SANTOS","cpf":"4687217621","bankname":"null","payBank":"","payCpf":"","pixkey":"32998079828","account":"37010000005988737494","status":"done","order":"A20250817150723735988BaJrifcWS"},"sign":"A2EC6BF8B3B2F104D5F0EA6CF350E29D"}

【2025-08-17 17:27:50】
P2025081717214562105686797----提交：{"custId":"24120300001308","appId":"8241201350","order":"P2025081717214562105686797","sign":"68F6AA375CC7E74527EA314F3D59C7F7"}

【2025-08-17 17:27:50】
P2025081717214562105686797----返回：{"code":"000000","msg":"P2025081717214562105686797","data":{"date":"2025-08-17 17:21:47","eid":"E37205447202508172021456575cce8b","amount":"91","name":"Amanda Cristina Nascimento Campos","cpf":"60842286314","bankname":"ORBION GAMING LTDA","payBank":"","payCpf":"","pixkey":"60842286314","account":"20855875","status":"done","order":"A20250817172145924365IlyyL5ZWt"},"sign":"FB84E26265BF32F9D0273669E38AF88F"}

【2025-08-17 17:27:53】
P2025081717214562105686797----提交：{"custId":"24120300001308","appId":"8241201350","order":"P2025081717214562105686797","sign":"68F6AA375CC7E74527EA314F3D59C7F7"}

【2025-08-17 17:27:53】
P2025081717214562105686797----返回：{"code":"000000","msg":"P2025081717214562105686797","data":{"date":"2025-08-17 17:21:47","eid":"E37205447202508172021456575cce8b","amount":"91","name":"Amanda Cristina Nascimento Campos","cpf":"60842286314","bankname":"ORBION GAMING LTDA","payBank":"","payCpf":"","pixkey":"60842286314","account":"20855875","status":"done","order":"A20250817172145924365IlyyL5ZWt"},"sign":"FB84E26265BF32F9D0273669E38AF88F"}

