【2025-08-17 03:00:03】
P2025081702582910309649056----提交：{"custId":"24120300001308","appId":"8241201350","order":"P2025081702582910309649056","sign":"B70AFC64613075DABAB0E443F76B5FF8"}

【2025-08-17 03:00:03】
P2025081702582910309649056----返回：{"code":"000000","msg":"P2025081702582910309649056","data":{"date":"2025-08-17 02:58:33","eid":"E3720544720250817055829907642dd0","amount":"10","name":"Adolfo Carlos Do Prado","cpf":"02924209196","bankname":"ORBION GAMING LTDA","payBank":"","payCpf":"","pixkey":"19993656598","account":"22896431","status":"done","order":"A20250817025829507881d5SGBELxx"},"sign":"43F504E52036EDF39BDB03A2274F4B76"}

【2025-08-17 03:01:08】
P2025081702554910149485660----提交：{"custId":"24120300001308","appId":"8241201350","order":"P2025081702554910149485660","sign":"9E3F643E5579BDD905BF4FA6F07511D5"}

【2025-08-17 03:01:08】
P2025081702554910149485660----返回：{"code":"000000","msg":"P2025081702554910149485660","data":{"date":"2025-08-17 02:55:51","eid":"E372054472025081705554941002cd84","amount":"18","name":"MARIA GIDEILDE ALVES SANTOS","cpf":"81002289572","bankname":"ORBION GAMING LTDA","payBank":"","payCpf":"","pixkey":"81002289572","account":"60701190","status":"done","order":"A20250817025549170798uKXrq76Sa"},"sign":"F1F4EA34E3C8A006B33616DB11D38DCB"}

【2025-08-17 03:01:09】
P2025081702554910149485660----提交：{"custId":"24120300001308","appId":"8241201350","order":"P2025081702554910149485660","sign":"9E3F643E5579BDD905BF4FA6F07511D5"}

【2025-08-17 03:01:09】
P2025081702554910149485660----返回：{"code":"000000","msg":"P2025081702554910149485660","data":{"date":"2025-08-17 02:55:51","eid":"E372054472025081705554941002cd84","amount":"18","name":"MARIA GIDEILDE ALVES SANTOS","cpf":"81002289572","bankname":"ORBION GAMING LTDA","payBank":"","payCpf":"","pixkey":"81002289572","account":"60701190","status":"done","order":"A20250817025549170798uKXrq76Sa"},"sign":"F1F4EA34E3C8A006B33616DB11D38DCB"}

【2025-08-17 03:16:12】
P2025081702530109981646137----提交：{"custId":"24120300001308","appId":"8241201350","order":"P2025081702530109981646137","sign":"1306D153D7C08FCCB77FF572EDAC673E"}

【2025-08-17 03:16:12】
P2025081702530109981646137----返回：{"code":"000000","msg":"P2025081702530109981646137","data":{"date":"2025-08-17 02:53:03","eid":"E37205447202508170553019652c1dba","amount":"60","name":"JAMES MAIKO BONTEMPO CARVALHO","cpf":"07563661352","bankname":"ORBION GAMING LTDA","payBank":"","payCpf":"","pixkey":"98985440317","account":"20855875","status":"done","order":"A20250817025301510470zmee5r1qk"},"sign":"9E1F3679DA426410FC1F4231D9B4F2AF"}

【2025-08-17 03:16:53】
P2025081702530109981646137----提交：{"custId":"24120300001308","appId":"8241201350","order":"P2025081702530109981646137","sign":"1306D153D7C08FCCB77FF572EDAC673E"}

【2025-08-17 03:16:53】
P2025081702530109981646137----返回：{"code":"000000","msg":"P2025081702530109981646137","data":{"date":"2025-08-17 02:53:03","eid":"E37205447202508170553019652c1dba","amount":"60","name":"JAMES MAIKO BONTEMPO CARVALHO","cpf":"07563661352","bankname":"ORBION GAMING LTDA","payBank":"","payCpf":"","pixkey":"98985440317","account":"20855875","status":"done","order":"A20250817025301510470zmee5r1qk"},"sign":"9E1F3679DA426410FC1F4231D9B4F2AF"}

【2025-08-17 03:17:38】
P2025081703153911339144324----提交：{"custId":"24120300001308","appId":"8241201350","order":"P2025081703153911339144324","sign":"F8C2CA336B6638AD9C4CBFB1B171A0D1"}

【2025-08-17 03:17:38】
P2025081703153911339144324----返回：{"code":"000000","msg":"P2025081703153911339144324","data":{"date":"2025-08-17 03:15:42","eid":"E3720544720250817061540130882607","amount":"20","name":"MARIA GIDEILDE ALVES SANTOS","cpf":"81002289572","bankname":"ORBION GAMING LTDA","payBank":"","payCpf":"","pixkey":"81002289572","account":"60701190","status":"done","order":"A202508170315396913474MY6IgVw6"},"sign":"77D3D07178A4D51CC76489C82087601C"}

【2025-08-17 03:17:42】
P2025081703153911339144324----提交：{"custId":"24120300001308","appId":"8241201350","order":"P2025081703153911339144324","sign":"F8C2CA336B6638AD9C4CBFB1B171A0D1"}

【2025-08-17 03:17:42】
P2025081703153911339144324----返回：{"code":"000000","msg":"P2025081703153911339144324","data":{"date":"2025-08-17 03:15:42","eid":"E3720544720250817061540130882607","amount":"20","name":"MARIA GIDEILDE ALVES SANTOS","cpf":"81002289572","bankname":"ORBION GAMING LTDA","payBank":"","payCpf":"","pixkey":"81002289572","account":"60701190","status":"done","order":"A202508170315396913474MY6IgVw6"},"sign":"77D3D07178A4D51CC76489C82087601C"}

【2025-08-17 03:23:21】
P2025081702530109981646137----提交：{"custId":"24120300001308","appId":"8241201350","order":"P2025081702530109981646137","sign":"1306D153D7C08FCCB77FF572EDAC673E"}

【2025-08-17 03:23:21】
P2025081702530109981646137----返回：{"code":"000000","msg":"P2025081702530109981646137","data":{"date":"2025-08-17 02:53:03","eid":"E37205447202508170553019652c1dba","amount":"60","name":"JAMES MAIKO BONTEMPO CARVALHO","cpf":"07563661352","bankname":"ORBION GAMING LTDA","payBank":"","payCpf":"","pixkey":"98985440317","account":"20855875","status":"done","order":"A20250817025301510470zmee5r1qk"},"sign":"9E1F3679DA426410FC1F4231D9B4F2AF"}

【2025-08-17 03:29:23】
P2025081404171255832579531----提交：{"custId":"24120300001308","appId":"8241201350","order":"P2025081404171255832579531","sign":"578FE3A3D3E9AB4FCCA174F48C12E844"}

【2025-08-17 03:29:23】
P2025081404171255832579531----返回：{"code":"000000","msg":"P2025081404171255832579531","data":{"date":"2025-08-14 04:17:18","eid":"E45756448202508140717cuLQaXsQHUW","amount":"60","name":"JULIANA DO NASCIMENTO","cpf":"9892957458","bankname":"null","payBank":"","payCpf":"","pixkey":"83998065939","account":"12880000008033905490","status":"done","order":"A20250814041712703482Z9Y1R3vpf"},"sign":"39CC58C19F32059241B37969F7D90DE6"}

【2025-08-17 03:29:27】
P2025081404171255832579531----提交：{"custId":"24120300001308","appId":"8241201350","order":"P2025081404171255832579531","sign":"578FE3A3D3E9AB4FCCA174F48C12E844"}

【2025-08-17 03:29:27】
P2025081404171255832579531----返回：{"code":"000000","msg":"P2025081404171255832579531","data":{"date":"2025-08-14 04:17:18","eid":"E45756448202508140717cuLQaXsQHUW","amount":"60","name":"JULIANA DO NASCIMENTO","cpf":"9892957458","bankname":"null","payBank":"","payCpf":"","pixkey":"83998065939","account":"12880000008033905490","status":"done","order":"A20250814041712703482Z9Y1R3vpf"},"sign":"39CC58C19F32059241B37969F7D90DE6"}

