【2025-08-17 08:07:29】
P2025081707202026020435722----提交：{"custId":"24120300001308","appId":"8241201350","order":"P2025081707202026020435722","sign":"33CB09C58BB0B06F411263DC0F542ABC"}

【2025-08-17 08:07:29】
P2025081707202026020435722----返回：{"code":"000000","msg":"P2025081707202026020435722","data":{"date":"2025-08-17 07:20:23","eid":"E3720544720250817102020873cbff9c","amount":"15","name":"JARNEY CRISTYAN JAQUEMINOUTH DANTAS","cpf":"00577357271","bankname":"ORBION GAMING LTDA","payBank":"","payCpf":"","pixkey":"95991324598","account":"00360305","status":"done","order":"A20250817072020448814CZMz76EZy"},"sign":"2A76CCA88B3581C3AC2509B67529BF42"}

【2025-08-17 08:07:31】
P2025081707202026020435722----提交：{"custId":"24120300001308","appId":"8241201350","order":"P2025081707202026020435722","sign":"33CB09C58BB0B06F411263DC0F542ABC"}

【2025-08-17 08:07:31】
P2025081707202026020435722----返回：{"code":"000000","msg":"P2025081707202026020435722","data":{"date":"2025-08-17 07:20:23","eid":"E3720544720250817102020873cbff9c","amount":"15","name":"JARNEY CRISTYAN JAQUEMINOUTH DANTAS","cpf":"00577357271","bankname":"ORBION GAMING LTDA","payBank":"","payCpf":"","pixkey":"95991324598","account":"00360305","status":"done","order":"A20250817072020448814CZMz76EZy"},"sign":"2A76CCA88B3581C3AC2509B67529BF42"}

【2025-08-17 08:26:29】
P2025081707512827888561277----提交：{"custId":"24120300001308","appId":"8241201350","order":"P2025081707512827888561277","sign":"871FA5D798298F656AD8BCB6FA7B5CAC"}

【2025-08-17 08:26:29】
P2025081707512827888561277----返回：{"code":"000000","msg":"P2025081707512827888561277","data":{"date":"2025-08-17 08:25:05","eid":"E37205447202508171125026994d6b05","amount":"6400","name":"RAFAEL COSTA BORGES","cpf":"01779296509","bankname":"ORBION GAMING LTDA","payBank":"","payCpf":"","pixkey":"01779296509","account":"00360305","status":"done","order":"A20250817082501263611sdjLKCX1b"},"sign":"4BE3D9E9DA74FE836A03F11D6F572263"}

【2025-08-17 08:27:56】
P2025081708262929989169765----提交：{"custId":"24120300001308","appId":"8241201350","order":"P2025081708262929989169765","sign":"D902E77AF0EAC408895793F090A00C3B"}

【2025-08-17 08:27:56】
P2025081708262929989169765----返回：{"code":"000000","msg":"P2025081708262929989169765","data":{"date":"2025-08-17 08:27:22","eid":"E3720544720250817112720285ff1a05","amount":"25000","name":"MARIEL PEREIRA DOS SANTOS","cpf":"02870739125","bankname":"ORBION GAMING LTDA","payBank":"","payCpf":"","pixkey":"02870739125","account":"60746948","status":"done","order":"A20250817082701570216UkdLBwk3b"},"sign":"C5701207779AC49898ED54040F62D63E"}

【2025-08-17 08:28:00】
P2025081708262929989169765----提交：{"custId":"24120300001308","appId":"8241201350","order":"P2025081708262929989169765","sign":"D902E77AF0EAC408895793F090A00C3B"}

【2025-08-17 08:28:00】
P2025081708262929989169765----返回：{"code":"000000","msg":"P2025081708262929989169765","data":{"date":"2025-08-17 08:27:22","eid":"E3720544720250817112720285ff1a05","amount":"25000","name":"MARIEL PEREIRA DOS SANTOS","cpf":"02870739125","bankname":"ORBION GAMING LTDA","payBank":"","payCpf":"","pixkey":"02870739125","account":"60746948","status":"done","order":"A20250817082701570216UkdLBwk3b"},"sign":"C5701207779AC49898ED54040F62D63E"}

【2025-08-17 08:28:19】
P2025081708262929989169765----提交：{"custId":"24120300001308","appId":"8241201350","order":"P2025081708262929989169765","sign":"D902E77AF0EAC408895793F090A00C3B"}

【2025-08-17 08:28:19】
P2025081708262929989169765----返回：{"code":"000000","msg":"P2025081708262929989169765","data":{"date":"2025-08-17 08:27:22","eid":"E3720544720250817112720285ff1a05","amount":"25000","name":"MARIEL PEREIRA DOS SANTOS","cpf":"02870739125","bankname":"ORBION GAMING LTDA","payBank":"","payCpf":"","pixkey":"02870739125","account":"60746948","status":"done","order":"A20250817082701570216UkdLBwk3b"},"sign":"C5701207779AC49898ED54040F62D63E"}

【2025-08-17 08:46:49】
P2025081708364630606748590----提交：{"custId":"24120300001308","appId":"8241201350","order":"P2025081708364630606748590","sign":"C78EB50C2AA4EA892D214F47C5EB67B7"}

【2025-08-17 08:46:49】
P2025081708364630606748590----返回：{"code":"000000","msg":"P2025081708364630606748590","data":{"date":"2025-08-17 08:43:23","eid":"E3720544720250817114320129c015f8","amount":"10019","name":"ALICE LIMA DE MEDEIROS                  ","cpf":"63800691434","bankname":"ORBION GAMING LTDA","payBank":"","payCpf":"","pixkey":"63800691434","account":"60746948","status":"done","order":"A20250817084301702569ukuRYyUsc"},"sign":"9312DBEAE5F5FDBAECBC1866885652B3"}

【2025-08-17 08:56:42】
P2025081623492398963806878----提交：{"custId":"24120300001308","appId":"8241201350","order":"P2025081623492398963806878","sign":"4E42207A4B880E8555655B66F6582E61"}

【2025-08-17 08:56:43】
P2025081623492398963806878----返回：{"code":"000000","msg":"P2025081623492398963806878","data":{"date":"2025-08-16 23:49:25","eid":"E37205447202508170249237497f47c2","amount":"40","name":"taimara aparecida rosa","cpf":"10084441623","bankname":"ORBION GAMING LTDA","payBank":"","payCpf":"","pixkey":"31973619718","account":"08561701","status":"done","order":"A202508162349234592254sXqWgkeb"},"sign":"40038409409E2785BD5F85E600A80859"}

【2025-08-17 08:56:46】
P2025081623492398963806878----提交：{"custId":"24120300001308","appId":"8241201350","order":"P2025081623492398963806878","sign":"4E42207A4B880E8555655B66F6582E61"}

【2025-08-17 08:56:46】
P2025081623492398963806878----返回：{"code":"000000","msg":"P2025081623492398963806878","data":{"date":"2025-08-16 23:49:25","eid":"E37205447202508170249237497f47c2","amount":"40","name":"taimara aparecida rosa","cpf":"10084441623","bankname":"ORBION GAMING LTDA","payBank":"","payCpf":"","pixkey":"31973619718","account":"08561701","status":"done","order":"A202508162349234592254sXqWgkeb"},"sign":"40038409409E2785BD5F85E600A80859"}

