【2025-08-17 21:09:00】
P2025081721074875668576148----提交：{"custId":"24120300001308","appId":"8241201350","order":"P2025081721074875668576148","sign":"F22EEB92FC7B1129D77FC1C6C85753B7"}

【2025-08-17 21:09:00】
P2025081721074875668576148----返回：{"code":"000000","msg":"P2025081721074875668576148","data":{"date":"2025-08-17 21:07:52","eid":"E3720544720250818000749093444b9c","amount":"50","name":"Sueli Correia Da Silva","cpf":"08268943483","bankname":"ORBION GAMING LTDA","payBank":"","payCpf":"","pixkey":"08268943483","account":"22896431","status":"done","order":"A20250817210748827656vgxGyZrhX"},"sign":"58ABC7C1615FA7CB00648843A1D545FB"}

【2025-08-17 21:09:03】
P2025081721074875668576148----提交：{"custId":"24120300001308","appId":"8241201350","order":"P2025081721074875668576148","sign":"F22EEB92FC7B1129D77FC1C6C85753B7"}

【2025-08-17 21:09:04】
P2025081721074875668576148----返回：{"code":"000000","msg":"P2025081721074875668576148","data":{"date":"2025-08-17 21:07:52","eid":"E3720544720250818000749093444b9c","amount":"50","name":"Sueli Correia Da Silva","cpf":"08268943483","bankname":"ORBION GAMING LTDA","payBank":"","payCpf":"","pixkey":"08268943483","account":"22896431","status":"done","order":"A20250817210748827656vgxGyZrhX"},"sign":"58ABC7C1615FA7CB00648843A1D545FB"}

【2025-08-17 21:16:49】
P2025081721115675916728908----提交：{"custId":"24120300001308","appId":"8241201350","order":"P2025081721115675916728908","sign":"16D3CE1BBE7A06803264FFD88A771497"}

【2025-08-17 21:16:49】
P2025081721115675916728908----返回：{"code":"000000","msg":"P2025081721115675916728908","data":{"date":"2025-08-17 21:12:02","eid":"E45756448202508180011Ke831CBiEyG","amount":"50","name":"Jéssica De Faria Pinheiro","cpf":"6419490146","bankname":"null","payBank":"","payCpf":"","pixkey":"06419490146","account":"21295779","status":"done","order":"A202508172111565321974xT5twwyc"},"sign":"5A0D06D34396A34D2A81D6E8F5B93EF3"}

【2025-08-17 21:16:53】
P2025081721115675916728908----提交：{"custId":"24120300001308","appId":"8241201350","order":"P2025081721115675916728908","sign":"16D3CE1BBE7A06803264FFD88A771497"}

【2025-08-17 21:16:53】
P2025081721115675916728908----返回：{"code":"000000","msg":"P2025081721115675916728908","data":{"date":"2025-08-17 21:12:02","eid":"E45756448202508180011Ke831CBiEyG","amount":"50","name":"Jéssica De Faria Pinheiro","cpf":"6419490146","bankname":"null","payBank":"","payCpf":"","pixkey":"06419490146","account":"21295779","status":"done","order":"A202508172111565321974xT5twwyc"},"sign":"5A0D06D34396A34D2A81D6E8F5B93EF3"}

【2025-08-17 21:39:16】
P2025081720222372943197565----提交：{"custId":"24120300001308","appId":"8241201350","order":"P2025081720222372943197565","sign":"CC44DC5465623D46A0FEE957BAB2EDF7"}

【2025-08-17 21:39:16】
P2025081720222372943197565----返回：{"code":"000000","msg":"P2025081720222372943197565","data":{"date":"2025-08-17 20:22:33","eid":"E45756448202508172322xntCAK5sCUa","amount":"20","name":"MONICA MELO DA SILVA","cpf":"974702285","bankname":"null","payBank":"","payCpf":"","pixkey":"00974702285","account":"12880000007771564519","status":"done","order":"A202508172022232718861Ruhmz5dy"},"sign":"D7126DCB184640F14EECEED0A357B46F"}

【2025-08-17 21:39:18】
P2025081720222372943197565----提交：{"custId":"24120300001308","appId":"8241201350","order":"P2025081720222372943197565","sign":"CC44DC5465623D46A0FEE957BAB2EDF7"}

【2025-08-17 21:39:19】
P2025081720222372943197565----返回：{"code":"000000","msg":"P2025081720222372943197565","data":{"date":"2025-08-17 20:22:33","eid":"E45756448202508172322xntCAK5sCUa","amount":"20","name":"MONICA MELO DA SILVA","cpf":"974702285","bankname":"null","payBank":"","payCpf":"","pixkey":"00974702285","account":"12880000007771564519","status":"done","order":"A202508172022232718861Ruhmz5dy"},"sign":"D7126DCB184640F14EECEED0A357B46F"}

【2025-08-17 21:42:17】
P2025081701573106651236268----提交：{"custId":"24120300001308","appId":"8241201350","order":"P2025081701573106651236268","sign":"8EFF62EC81884C7630699CCCC09C6D97"}

【2025-08-17 21:42:17】
P2025081701573106651236268----返回：{"code":"000000","msg":"P2025081701573106651236268","data":{"date":"2025-08-17 01:57:33","eid":"E3720544720250817045731889b9fcb6","amount":"150","name":"Maria Do Socorro Alecrim De Miranda Silva","cpf":"59396555568","bankname":"ORBION GAMING LTDA","payBank":"","payCpf":"","pixkey":"74999726102","account":"22896431","status":"done","order":"A20250817015731753448i2XAWjja5"},"sign":"A40928ABD90E95E2B8B720D0B234479B"}

【2025-08-17 21:46:53】
P2025081701573106651236268----提交：{"custId":"24120300001308","appId":"8241201350","order":"P2025081701573106651236268","sign":"8EFF62EC81884C7630699CCCC09C6D97"}

【2025-08-17 21:46:53】
P2025081701573106651236268----返回：{"code":"000000","msg":"P2025081701573106651236268","data":{"date":"2025-08-17 01:57:33","eid":"E3720544720250817045731889b9fcb6","amount":"150","name":"Maria Do Socorro Alecrim De Miranda Silva","cpf":"59396555568","bankname":"ORBION GAMING LTDA","payBank":"","payCpf":"","pixkey":"74999726102","account":"22896431","status":"done","order":"A20250817015731753448i2XAWjja5"},"sign":"A40928ABD90E95E2B8B720D0B234479B"}

【2025-08-17 21:49:31】
P2025081701573106651236268----提交：{"custId":"24120300001308","appId":"8241201350","order":"P2025081701573106651236268","sign":"8EFF62EC81884C7630699CCCC09C6D97"}

【2025-08-17 21:49:31】
P2025081701573106651236268----返回：{"code":"000000","msg":"P2025081701573106651236268","data":{"date":"2025-08-17 01:57:33","eid":"E3720544720250817045731889b9fcb6","amount":"150","name":"Maria Do Socorro Alecrim De Miranda Silva","cpf":"59396555568","bankname":"ORBION GAMING LTDA","payBank":"","payCpf":"","pixkey":"74999726102","account":"22896431","status":"done","order":"A20250817015731753448i2XAWjja5"},"sign":"A40928ABD90E95E2B8B720D0B234479B"}

