【2025-08-17 09:06:19】
P2025081623574799467716022----提交：{"custId":"24120300001308","appId":"8241201350","order":"P2025081623574799467716022","sign":"46F2B61221BFCB381FA4DF1B9D807847"}

【2025-08-17 09:06:19】
P2025081623574799467716022----返回：{"code":"000000","msg":"P2025081623574799467716022","data":{"date":"2025-08-16 23:57:51","eid":"E372054472025081702574829525d637","amount":"40","name":"Jairo Oliveira da Silva","cpf":"31709299843","bankname":"ORBION GAMING LTDA","payBank":"","payCpf":"","pixkey":"11993425329","account":"18236120","status":"done","order":"A20250816235748787977VBLjknVKh"},"sign":"E267F99CF6D4B0C59593CEDE7757A7FD"}

【2025-08-17 09:06:36】
P2025081623574799467716022----提交：{"custId":"24120300001308","appId":"8241201350","order":"P2025081623574799467716022","sign":"46F2B61221BFCB381FA4DF1B9D807847"}

【2025-08-17 09:06:37】
P2025081623574799467716022----返回：{"code":"000000","msg":"P2025081623574799467716022","data":{"date":"2025-08-16 23:57:51","eid":"E372054472025081702574829525d637","amount":"40","name":"Jairo Oliveira da Silva","cpf":"31709299843","bankname":"ORBION GAMING LTDA","payBank":"","payCpf":"","pixkey":"11993425329","account":"18236120","status":"done","order":"A20250816235748787977VBLjknVKh"},"sign":"E267F99CF6D4B0C59593CEDE7757A7FD"}

【2025-08-17 09:06:41】
P2025081623574799467716022----提交：{"custId":"24120300001308","appId":"8241201350","order":"P2025081623574799467716022","sign":"46F2B61221BFCB381FA4DF1B9D807847"}

【2025-08-17 09:06:41】
P2025081623574799467716022----返回：{"code":"000000","msg":"P2025081623574799467716022","data":{"date":"2025-08-16 23:57:51","eid":"E372054472025081702574829525d637","amount":"40","name":"Jairo Oliveira da Silva","cpf":"31709299843","bankname":"ORBION GAMING LTDA","payBank":"","payCpf":"","pixkey":"11993425329","account":"18236120","status":"done","order":"A20250816235748787977VBLjknVKh"},"sign":"E267F99CF6D4B0C59593CEDE7757A7FD"}

【2025-08-17 09:21:53】
P2025081709072032440925701----提交：{"custId":"24120300001308","appId":"8241201350","order":"P2025081709072032440925701","sign":"0799A8B895E8AF32A4CCCE8C693216DA"}

【2025-08-17 09:21:53】
P2025081709072032440925701----返回：{"code":"000000","msg":"P2025081709072032440925701","data":{"date":"2025-08-17 09:07:24","eid":"E37205447202508171207208499c0d17","amount":"40","name":"Simone Aparecida Alves Coutinho","cpf":"12649668814","bankname":"ORBION GAMING LTDA","payBank":"","payCpf":"","pixkey":"13997302373","account":"22896431","status":"done","order":"A20250817090720826709GcdwssqXi"},"sign":"4A974A2E0BEACBFFCDA039E2AF27411F"}

【2025-08-17 09:22:11】
P2025081709072032440925701----提交：{"custId":"24120300001308","appId":"8241201350","order":"P2025081709072032440925701","sign":"0799A8B895E8AF32A4CCCE8C693216DA"}

【2025-08-17 09:22:11】
P2025081709072032440925701----返回：{"code":"000000","msg":"P2025081709072032440925701","data":{"date":"2025-08-17 09:07:24","eid":"E37205447202508171207208499c0d17","amount":"40","name":"Simone Aparecida Alves Coutinho","cpf":"12649668814","bankname":"ORBION GAMING LTDA","payBank":"","payCpf":"","pixkey":"13997302373","account":"22896431","status":"done","order":"A20250817090720826709GcdwssqXi"},"sign":"4A974A2E0BEACBFFCDA039E2AF27411F"}

【2025-08-17 09:22:26】
P2025081708262929989169765----提交：{"custId":"24120300001308","appId":"8241201350","order":"P2025081708262929989169765","sign":"D902E77AF0EAC408895793F090A00C3B"}

【2025-08-17 09:22:26】
P2025081708262929989169765----返回：{"code":"000000","msg":"P2025081708262929989169765","data":{"date":"2025-08-17 08:27:22","eid":"E3720544720250817112720285ff1a05","amount":"25000","name":"MARIEL PEREIRA DOS SANTOS","cpf":"02870739125","bankname":"ORBION GAMING LTDA","payBank":"","payCpf":"","pixkey":"02870739125","account":"60746948","status":"done","order":"A20250817082701570216UkdLBwk3b"},"sign":"C5701207779AC49898ED54040F62D63E"}

