【2025-08-17 14:19:01】
P2025081704390016340995937----提交：{"custId":"24120300001308","appId":"8241201350","order":"P2025081704390016340995937","sign":"452DFF9153F575E8BF65B0C952EF3362"}

【2025-08-17 14:19:01】
P2025081704390016340995937----返回：{"code":"000000","msg":"P2025081704390016340995937","data":{"date":"2025-08-17 04:39:04","eid":"E3720544720250817073901008ff8756","amount":"20","name":"Rone Cleiton Alves da Silva","cpf":"94155119234","bankname":"ORBION GAMING LTDA","payBank":"","payCpf":"","pixkey":"94155119234","account":"18236120","status":"done","order":"A20250817043900382203z6bzFZ7Qd"},"sign":"BAA7FF27279AC256ACA3A42B87CB32A3"}

【2025-08-17 14:19:11】
P2025081704390016340995937----提交：{"custId":"24120300001308","appId":"8241201350","order":"P2025081704390016340995937","sign":"452DFF9153F575E8BF65B0C952EF3362"}

【2025-08-17 14:19:11】
P2025081704390016340995937----返回：{"code":"000000","msg":"P2025081704390016340995937","data":{"date":"2025-08-17 04:39:04","eid":"E3720544720250817073901008ff8756","amount":"20","name":"Rone Cleiton Alves da Silva","cpf":"94155119234","bankname":"ORBION GAMING LTDA","payBank":"","payCpf":"","pixkey":"94155119234","account":"18236120","status":"done","order":"A20250817043900382203z6bzFZ7Qd"},"sign":"BAA7FF27279AC256ACA3A42B87CB32A3"}

【2025-08-17 14:20:56】
P2025081704390016340995937----提交：{"custId":"24120300001308","appId":"8241201350","order":"P2025081704390016340995937","sign":"452DFF9153F575E8BF65B0C952EF3362"}

【2025-08-17 14:20:56】
P2025081704390016340995937----返回：{"code":"000000","msg":"P2025081704390016340995937","data":{"date":"2025-08-17 04:39:04","eid":"E3720544720250817073901008ff8756","amount":"20","name":"Rone Cleiton Alves da Silva","cpf":"94155119234","bankname":"ORBION GAMING LTDA","payBank":"","payCpf":"","pixkey":"94155119234","account":"18236120","status":"done","order":"A20250817043900382203z6bzFZ7Qd"},"sign":"BAA7FF27279AC256ACA3A42B87CB32A3"}

【2025-08-17 14:28:49】
P2025081712131343593035976----提交：{"custId":"24120300001308","appId":"8241201350","order":"P2025081712131343593035976","sign":"A7D5CFD2749AE2AD3BC6BEABDE5B650D"}

【2025-08-17 14:28:49】
P2025081712131343593035976----返回：{"code":"000000","msg":"P2025081712131343593035976","data":{"date":"2025-08-17 12:13:18","eid":"E37205447202508171513141292a00d7","amount":"50","name":"DELUCIA DOS SANTOS FIGUEIREDO","cpf":"00302818731","bankname":"ORBION GAMING LTDA","payBank":"","payCpf":"","pixkey":"21997510811","account":"90400888","status":"done","order":"A202508171213135435721l4gClJuZ"},"sign":"0B62A610DAC872487B7FA9BC1FD32DCA"}

【2025-08-17 14:28:55】
P2025081712131343593035976----提交：{"custId":"24120300001308","appId":"8241201350","order":"P2025081712131343593035976","sign":"A7D5CFD2749AE2AD3BC6BEABDE5B650D"}

【2025-08-17 14:28:55】
P2025081712131343593035976----返回：{"code":"000000","msg":"P2025081712131343593035976","data":{"date":"2025-08-17 12:13:18","eid":"E37205447202508171513141292a00d7","amount":"50","name":"DELUCIA DOS SANTOS FIGUEIREDO","cpf":"00302818731","bankname":"ORBION GAMING LTDA","payBank":"","payCpf":"","pixkey":"21997510811","account":"90400888","status":"done","order":"A202508171213135435721l4gClJuZ"},"sign":"0B62A610DAC872487B7FA9BC1FD32DCA"}

【2025-08-17 14:39:54】
P2025081712101143411892410----提交：{"custId":"24120300001308","appId":"8241201350","order":"P2025081712101143411892410","sign":"1D3DFA092F2B3FA0A004F07CDF2DEB20"}

【2025-08-17 14:39:54】
P2025081712101143411892410----返回：{"code":"000000","msg":"P2025081712101143411892410","data":{"date":"2025-08-17 12:12:33","eid":"E37205447202508171510115706d239f","amount":"140","name":"VANDERLEI DE OLIVEIRA","cpf":"02742864911","bankname":"ORBION GAMING LTDA","payBank":"","payCpf":"","pixkey":"43991144478","account":"79086997","status":"done","order":"A20250817121011678898p6PVtQxwJ"},"sign":"C44CE3A1024E330B6058E962D74F1096"}

【2025-08-17 14:39:57】
P2025081712101143411892410----提交：{"custId":"24120300001308","appId":"8241201350","order":"P2025081712101143411892410","sign":"1D3DFA092F2B3FA0A004F07CDF2DEB20"}

【2025-08-17 14:39:57】
P2025081712101143411892410----返回：{"code":"000000","msg":"P2025081712101143411892410","data":{"date":"2025-08-17 12:12:33","eid":"E37205447202508171510115706d239f","amount":"140","name":"VANDERLEI DE OLIVEIRA","cpf":"02742864911","bankname":"ORBION GAMING LTDA","payBank":"","payCpf":"","pixkey":"43991144478","account":"79086997","status":"done","order":"A20250817121011678898p6PVtQxwJ"},"sign":"C44CE3A1024E330B6058E962D74F1096"}

【2025-08-17 14:51:35】
P2025081712131343593522570----提交：{"custId":"24120300001308","appId":"8241201350","order":"P2025081712131343593522570","sign":"5EB6E41E1FD75154360A52B60757121D"}

【2025-08-17 14:51:35】
P2025081712131343593522570----返回：{"code":"000000","msg":"P2025081712131343593522570","data":{"date":"2025-08-17 12:15:34","eid":"E3720544720250817151313977bb3d07","amount":"50","name":"Josiete Ferreira de Souza","cpf":"77961030425","bankname":"ORBION GAMING LTDA","payBank":"","payCpf":"","pixkey":"84981768916","account":"10573521","status":"done","order":"A20250817121313376043ZFtHCdAI4"},"sign":"8F63C58C7DCF1967642D9D46D5B392A2"}

【2025-08-17 14:51:38】
P2025081712131343593522570----提交：{"custId":"24120300001308","appId":"8241201350","order":"P2025081712131343593522570","sign":"5EB6E41E1FD75154360A52B60757121D"}

【2025-08-17 14:51:39】
P2025081712131343593522570----返回：{"code":"000000","msg":"P2025081712131343593522570","data":{"date":"2025-08-17 12:15:34","eid":"E3720544720250817151313977bb3d07","amount":"50","name":"Josiete Ferreira de Souza","cpf":"77961030425","bankname":"ORBION GAMING LTDA","payBank":"","payCpf":"","pixkey":"84981768916","account":"10573521","status":"done","order":"A20250817121313376043ZFtHCdAI4"},"sign":"8F63C58C7DCF1967642D9D46D5B392A2"}

【2025-08-17 14:54:56】
P2025081714541153251896689----提交：{"custId":"24120300001308","appId":"8241201350","order":"P2025081714541153251896689","sign":"B92C060DC64163FD0A397A011FB46AA8"}

【2025-08-17 14:54:56】
P2025081714541153251896689----返回：{"code":"000000","msg":"P2025081714541153251896689","data":{"date":"2025-08-17 14:54:15","eid":"E37205447202508171754114185be8c4","amount":"900","name":"Mateus de Morais Lins","cpf":"70998459429","bankname":"ORBION GAMING LTDA","payBank":"","payCpf":"","pixkey":"83988272060","account":"18236120","status":"done","order":"A20250817145411006422989JcP3M6"},"sign":"78C07EFC7F234AE161B9D641AA79779A"}

