【2025-08-13 03:22:39】
P2025081303210866068485030----提交：{"custId":"24120300001308","appId":"8241201350","order":"P2025081303210866068485030","sign":"3707CAFD286F20937CD2930074C725E2"}

【2025-08-13 03:22:39】
P2025081303210866068485030----返回：{"code":"000000","msg":"P2025081303210866068485030","data":{"date":"2025-08-13 03:21:14","eid":"E45756448202508130621E3OoDDFaY0q","amount":"50","name":"Pedro Da Silva Junior","cpf":"7870117544","bankname":"null","payBank":"","payCpf":"","pixkey":"07870117544","account":"660287838","status":"done","order":"A20250813032108202134CZiD1GfP6"},"sign":"6331B7621D5041CFEEFDD92B21B3F99D"}

【2025-08-13 03:22:42】
P2025081303210866068485030----提交：{"custId":"24120300001308","appId":"8241201350","order":"P2025081303210866068485030","sign":"3707CAFD286F20937CD2930074C725E2"}

【2025-08-13 03:22:42】
P2025081303210866068485030----返回：{"code":"000000","msg":"P2025081303210866068485030","data":{"date":"2025-08-13 03:21:14","eid":"E45756448202508130621E3OoDDFaY0q","amount":"50","name":"Pedro Da Silva Junior","cpf":"7870117544","bankname":"null","payBank":"","payCpf":"","pixkey":"07870117544","account":"660287838","status":"done","order":"A20250813032108202134CZiD1GfP6"},"sign":"6331B7621D5041CFEEFDD92B21B3F99D"}

【2025-08-13 03:24:00】
P2025081303232166201839243----提交：{"custId":"24120300001308","appId":"8241201350","order":"P2025081303232166201839243","sign":"F60F8633BC6FE313285773A4B0055F79"}

【2025-08-13 03:24:00】
P2025081303232166201839243----返回：{"code":"000000","msg":"P2025081303232166201839243","data":{"date":"2025-08-13 03:23:27","eid":"E45756448202508130623dRXtdcaZOUy","amount":"200","name":"HELIO DA SILVA ALVES","cpf":"10474054829","bankname":"null","payBank":"","payCpf":"","pixkey":"10474054829","account":"5100160272","status":"done","order":"A20250813032322024311Tk9CNIhZ5"},"sign":"81F188975133317E737DFE9F003714AA"}

【2025-08-13 03:48:49】
P2025081303481367693437450----提交：{"custId":"24120300001308","appId":"8241201350","order":"P2025081303481367693437450","sign":"9AF70F9BD978A4D03CFD33DBAB8B8828"}

【2025-08-13 03:48:49】
P2025081303481367693437450----返回：{"code":"000000","msg":"P2025081303481367693437450","data":{"date":"2025-08-13 03:48:19","eid":"E45756448202508130648kEDGCP8EykB","amount":"1200","name":"Ana Carolina Vieira da Cruz","cpf":"56560101800","bankname":"null","payBank":"","payCpf":"","pixkey":"56560101800","account":"115798920","status":"done","order":"A20250813034813636542qnXP2FVWi"},"sign":"B28F39CC876CD87A378CDB74200BE9E1"}

【2025-08-13 03:48:51】
P2025081303481367693437450----提交：{"custId":"24120300001308","appId":"8241201350","order":"P2025081303481367693437450","sign":"9AF70F9BD978A4D03CFD33DBAB8B8828"}

【2025-08-13 03:48:51】
P2025081303481367693437450----返回：{"code":"000000","msg":"P2025081303481367693437450","data":{"date":"2025-08-13 03:48:19","eid":"E45756448202508130648kEDGCP8EykB","amount":"1200","name":"Ana Carolina Vieira da Cruz","cpf":"56560101800","bankname":"null","payBank":"","payCpf":"","pixkey":"56560101800","account":"115798920","status":"done","order":"A20250813034813636542qnXP2FVWi"},"sign":"B28F39CC876CD87A378CDB74200BE9E1"}

【2025-08-13 03:59:07】
P2025081303572568245845991----提交：{"custId":"24120300001308","appId":"8241201350","order":"P2025081303572568245845991","sign":"A5B8844A3347FDFFB2118516EFAEE9E5"}

【2025-08-13 03:59:07】
P2025081303572568245845991----返回：{"code":"000000","msg":"P2025081303572568245845991","data":{"date":"2025-08-13 03:57:31","eid":"E45756448202508130657AJMdPcmq0K3","amount":"294.05","name":"Weslen Rodrigues Ramos","cpf":"4008195114","bankname":"null","payBank":"","payCpf":"","pixkey":"04008195114","account":"887982708","status":"done","order":"A20250813035725918506SVR4V36ql"},"sign":"D0C36240CB5AA8665DC61398A1DDF4B5"}

【2025-08-13 03:59:09】
P2025081303572568245845991----提交：{"custId":"24120300001308","appId":"8241201350","order":"P2025081303572568245845991","sign":"A5B8844A3347FDFFB2118516EFAEE9E5"}

【2025-08-13 03:59:09】
P2025081303572568245845991----返回：{"code":"000000","msg":"P2025081303572568245845991","data":{"date":"2025-08-13 03:57:31","eid":"E45756448202508130657AJMdPcmq0K3","amount":"294.05","name":"Weslen Rodrigues Ramos","cpf":"4008195114","bankname":"null","payBank":"","payCpf":"","pixkey":"04008195114","account":"887982708","status":"done","order":"A20250813035725918506SVR4V36ql"},"sign":"D0C36240CB5AA8665DC61398A1DDF4B5"}

