【2025-08-13 19:30:59】
P2025081314282506105932449----提交：{"custId":"24120300001308","appId":"8241201350","order":"P2025081314282506105932449","sign":"5063E36843BF41B7A3DD79C610BE16BE"}

【2025-08-13 19:30:59】
P2025081314282506105932449----返回：{"code":"000000","msg":"P2025081314282506105932449","data":{"date":"2025-08-13 14:28:30","eid":"E3720544720250813172826177646726","amount":"50","name":"AMAROC PROMOCAO DE VENDAS","cpf":"17961744000175","bankname":"ORBION GAMING LTDA","payBank":"","payCpf":"","pixkey":"11993252472","account":"31872495","status":"done","order":"A20250813142825709404WbanhexdR"},"sign":"D5C8161D0C4F340ACB6D3C9C658BDBA3"}

【2025-08-13 19:31:30】
P2025081316045811898994972----提交：{"custId":"24120300001308","appId":"8241201350","order":"P2025081316045811898994972","sign":"9995625BCA69DB0A7349BA2C353CFF85"}

【2025-08-13 19:31:30】
P2025081316045811898994972----返回：{"code":"000000","msg":"P2025081316045811898994972","data":{"date":"2025-08-13 16:06:05","eid":"E3720544720250813190602995286a07","amount":"8692","name":"Maria Laiany Barbosa Pereira","cpf":"13310596400","bankname":"ORBION GAMING LTDA","payBank":"","payCpf":"","pixkey":"13310596400","account":"18236120","status":"done","order":"A20250813160601861319BA3HPWEhw"},"sign":"26D1EDC94EFF9D7FDD2963050C475BC3"}

【2025-08-13 19:31:32】
P2025081316045811898994972----提交：{"custId":"24120300001308","appId":"8241201350","order":"P2025081316045811898994972","sign":"9995625BCA69DB0A7349BA2C353CFF85"}

【2025-08-13 19:31:32】
P2025081316045811898994972----返回：{"code":"000000","msg":"P2025081316045811898994972","data":{"date":"2025-08-13 16:06:05","eid":"E3720544720250813190602995286a07","amount":"8692","name":"Maria Laiany Barbosa Pereira","cpf":"13310596400","bankname":"ORBION GAMING LTDA","payBank":"","payCpf":"","pixkey":"13310596400","account":"18236120","status":"done","order":"A20250813160601861319BA3HPWEhw"},"sign":"26D1EDC94EFF9D7FDD2963050C475BC3"}

【2025-08-13 19:35:08】
P2025081319323824358172154----提交：{"custId":"24120300001308","appId":"8241201350","order":"P2025081319323824358172154","sign":"C6B25D20ED54D2CC09D0199C0A96E66A"}

【2025-08-13 19:35:09】
P2025081319323824358172154----返回：{"code":"000000","msg":"P2025081319323824358172154","data":{"date":"2025-08-13 19:32:43","eid":"E372054472025081322323913632c408","amount":"80","name":"Ronald De Freitas Gomes","cpf":"04710163227","bankname":"ORBION GAMING LTDA","payBank":"","payCpf":"","pixkey":"04710163227","account":"22896431","status":"done","order":"A20250813193238659581fUsDzaSUv"},"sign":"F7DC11C508DD1984ED4CCC8686B36F83"}

【2025-08-13 19:35:31】
P2025081319323824358172154----提交：{"custId":"24120300001308","appId":"8241201350","order":"P2025081319323824358172154","sign":"C6B25D20ED54D2CC09D0199C0A96E66A"}

【2025-08-13 19:35:31】
P2025081319323824358172154----返回：{"code":"000000","msg":"P2025081319323824358172154","data":{"date":"2025-08-13 19:32:43","eid":"E372054472025081322323913632c408","amount":"80","name":"Ronald De Freitas Gomes","cpf":"04710163227","bankname":"ORBION GAMING LTDA","payBank":"","payCpf":"","pixkey":"04710163227","account":"22896431","status":"done","order":"A20250813193238659581fUsDzaSUv"},"sign":"F7DC11C508DD1984ED4CCC8686B36F83"}

【2025-08-13 19:45:53】
P2025081319442225062507381----提交：{"custId":"24120300001308","appId":"8241201350","order":"P2025081319442225062507381","sign":"A67E77B1835A196208C347C0EA0E1A10"}

【2025-08-13 19:45:54】
P2025081319442225062507381----返回：{"code":"000000","msg":"P2025081319442225062507381","data":{"date":"2025-08-13 19:45:05","eid":"E3720544720250813224503147c00439","amount":"700","name":"FRANCY CARLA ARAUJO CAMBOIM GUEDES","cpf":"10962325457","bankname":"ORBION GAMING LTDA","payBank":"","payCpf":"","pixkey":"10962325457","account":"00360305","status":"done","order":"A20250813194502304180EGlBR5V6y"},"sign":"43C5D8DB6D2118DE71CB2D6DF9E5F6FE"}

【2025-08-13 19:45:55】
P2025081319442225062507381----提交：{"custId":"24120300001308","appId":"8241201350","order":"P2025081319442225062507381","sign":"A67E77B1835A196208C347C0EA0E1A10"}

【2025-08-13 19:45:55】
P2025081319442225062507381----返回：{"code":"000000","msg":"P2025081319442225062507381","data":{"date":"2025-08-13 19:45:05","eid":"E3720544720250813224503147c00439","amount":"700","name":"FRANCY CARLA ARAUJO CAMBOIM GUEDES","cpf":"10962325457","bankname":"ORBION GAMING LTDA","payBank":"","payCpf":"","pixkey":"10962325457","account":"00360305","status":"done","order":"A20250813194502304180EGlBR5V6y"},"sign":"43C5D8DB6D2118DE71CB2D6DF9E5F6FE"}

【2025-08-13 19:46:10】
P2025081319452325123261901----提交：{"custId":"24120300001308","appId":"8241201350","order":"P2025081319452325123261901","sign":"74B4AE536C311E6E527FD336402F084C"}

【2025-08-13 19:46:10】
P2025081319452325123261901----返回：{"code":"000000","msg":"P2025081319452325123261901","data":{"date":"2025-08-13 19:45:26","eid":"E3720544720250813224523550f4b811","amount":"40","name":"Maria Augusta Vidilli","cpf":"37504558800","bankname":"ORBION GAMING LTDA","payBank":"","payCpf":"","pixkey":"37504558800","account":"10573521","status":"done","order":"A20250813194523427550RNv5LR6v7"},"sign":"EDB7919FE8F1DE953084CCFE311464A9"}

【2025-08-13 19:46:12】
P2025081319452325123261901----提交：{"custId":"24120300001308","appId":"8241201350","order":"P2025081319452325123261901","sign":"74B4AE536C311E6E527FD336402F084C"}

【2025-08-13 19:46:12】
P2025081319452325123261901----返回：{"code":"000000","msg":"P2025081319452325123261901","data":{"date":"2025-08-13 19:45:26","eid":"E3720544720250813224523550f4b811","amount":"40","name":"Maria Augusta Vidilli","cpf":"37504558800","bankname":"ORBION GAMING LTDA","payBank":"","payCpf":"","pixkey":"37504558800","account":"10573521","status":"done","order":"A20250813194523427550RNv5LR6v7"},"sign":"EDB7919FE8F1DE953084CCFE311464A9"}

【2025-08-13 19:46:13】
P2025081319452325123261901----提交：{"custId":"24120300001308","appId":"8241201350","order":"P2025081319452325123261901","sign":"74B4AE536C311E6E527FD336402F084C"}

【2025-08-13 19:46:13】
P2025081319452325123261901----返回：{"code":"000000","msg":"P2025081319452325123261901","data":{"date":"2025-08-13 19:45:26","eid":"E3720544720250813224523550f4b811","amount":"40","name":"Maria Augusta Vidilli","cpf":"37504558800","bankname":"ORBION GAMING LTDA","payBank":"","payCpf":"","pixkey":"37504558800","account":"10573521","status":"done","order":"A20250813194523427550RNv5LR6v7"},"sign":"EDB7919FE8F1DE953084CCFE311464A9"}

