【2025-08-13 10:16:33】
P2025081310131590795135855----提交：{"custId":"24120300001308","appId":"8241201350","order":"P2025081310131590795135855","sign":"0C249021996BCBCF985EEDD8C4B7788E"}

【2025-08-13 10:16:33】
P2025081310131590795135855----返回：{"code":"000000","msg":"P2025081310131590795135855","data":{"date":"2025-08-13 10:13:18","eid":"E3720544720250813131316178171743","amount":"10","name":"Jose Ribeiro Da Silva Neto","cpf":"09559377442","bankname":"ORBION GAMING LTDA","payBank":"","payCpf":"","pixkey":"09559377442","account":"22896431","status":"done","order":"A20250813101316527702fmDhDGKLc"},"sign":"35AD759204D43EDD1B05D64F969C458A"}

【2025-08-13 10:16:37】
P2025081310131590795135855----提交：{"custId":"24120300001308","appId":"8241201350","order":"P2025081310131590795135855","sign":"0C249021996BCBCF985EEDD8C4B7788E"}

【2025-08-13 10:16:37】
P2025081310131590795135855----返回：{"code":"000000","msg":"P2025081310131590795135855","data":{"date":"2025-08-13 10:13:18","eid":"E3720544720250813131316178171743","amount":"10","name":"Jose Ribeiro Da Silva Neto","cpf":"09559377442","bankname":"ORBION GAMING LTDA","payBank":"","payCpf":"","pixkey":"09559377442","account":"22896431","status":"done","order":"A20250813101316527702fmDhDGKLc"},"sign":"35AD759204D43EDD1B05D64F969C458A"}

【2025-08-13 10:26:10】
P2025081307085479734979375----提交：{"custId":"24120300001308","appId":"8241201350","order":"P2025081307085479734979375","sign":"0D26ACACA9275A103494A35ED542C6D5"}

【2025-08-13 10:26:10】
P2025081307085479734979375----返回：{"code":"000000","msg":"P2025081307085479734979375","data":{"date":"2025-08-13 07:09:00","eid":"E45756448202508131008ZSkFTd9Q6Ei","amount":"15","name":"Fernanda Cardoso Silva","cpf":"12887537644","bankname":"null","payBank":"","payCpf":"","pixkey":"61999662082","account":"76480338009","status":"done","order":"A20250813070855783087qKi6YGlzT"},"sign":"AE5D021F83F455811E474818E11FA0E7"}

【2025-08-13 10:26:15】
P2025081307085479734979375----提交：{"custId":"24120300001308","appId":"8241201350","order":"P2025081307085479734979375","sign":"0D26ACACA9275A103494A35ED542C6D5"}

【2025-08-13 10:26:15】
P2025081307085479734979375----返回：{"code":"000000","msg":"P2025081307085479734979375","data":{"date":"2025-08-13 07:09:00","eid":"E45756448202508131008ZSkFTd9Q6Ei","amount":"15","name":"Fernanda Cardoso Silva","cpf":"12887537644","bankname":"null","payBank":"","payCpf":"","pixkey":"61999662082","account":"76480338009","status":"done","order":"A20250813070855783087qKi6YGlzT"},"sign":"AE5D021F83F455811E474818E11FA0E7"}

【2025-08-13 10:35:16】
P2025081215161222572939687----提交：{"custId":"24120300001308","appId":"8241201350","order":"P2025081215161222572939687","sign":"31B4D161B23CBD36ECCAECDFEDC5437B"}

【2025-08-13 10:35:16】
P2025081215161222572939687----返回：{"code":"000000","msg":"P2025081215161222572939687","data":{"date":"2025-08-12 15:16:16","eid":"E3720544720250812181612752ea5b30","amount":"30.31","name":"LUCAS GAMELIRA DA SILVA","cpf":"05054824103","bankname":"ORBION GAMING LTDA","payBank":"","payCpf":"","pixkey":"05054824103","account":"22896431","status":"done","order":"A20250812151612388075P5wdJFhqV"},"sign":"10364C3E55F05171EA3D09ACDFC45B0A"}

【2025-08-13 10:35:18】
P2025081215161222572939687----提交：{"custId":"24120300001308","appId":"8241201350","order":"P2025081215161222572939687","sign":"31B4D161B23CBD36ECCAECDFEDC5437B"}

【2025-08-13 10:35:18】
P2025081215161222572939687----返回：{"code":"000000","msg":"P2025081215161222572939687","data":{"date":"2025-08-12 15:16:16","eid":"E3720544720250812181612752ea5b30","amount":"30.31","name":"LUCAS GAMELIRA DA SILVA","cpf":"05054824103","bankname":"ORBION GAMING LTDA","payBank":"","payCpf":"","pixkey":"05054824103","account":"22896431","status":"done","order":"A20250812151612388075P5wdJFhqV"},"sign":"10364C3E55F05171EA3D09ACDFC45B0A"}

【2025-08-13 10:41:01】
P2025081310092790567475600----提交：{"custId":"24120300001308","appId":"8241201350","order":"P2025081310092790567475600","sign":"B85F36451405B1DAB17B969B868183D4"}

【2025-08-13 10:41:01】
P2025081310092790567475600----返回：{"code":"000000","msg":"P2025081310092790567475600","data":{"date":"2025-08-13 10:09:29","eid":"E3720544720250813130927615ebb93c","amount":"100","name":"Renata Silva dos Santos","cpf":"42273553897","bankname":"ORBION GAMING LTDA","payBank":"","payCpf":"","pixkey":"11954124712","account":"18236120","status":"done","order":"A20250813100927218729aLAMDarQq"},"sign":"AA7AD5C0D0FBF347C2627463D16C30F1"}

【2025-08-13 10:41:07】
P2025081310092790567475600----提交：{"custId":"24120300001308","appId":"8241201350","order":"P2025081310092790567475600","sign":"B85F36451405B1DAB17B969B868183D4"}

【2025-08-13 10:41:07】
P2025081310092790567475600----返回：{"code":"000000","msg":"P2025081310092790567475600","data":{"date":"2025-08-13 10:09:29","eid":"E3720544720250813130927615ebb93c","amount":"100","name":"Renata Silva dos Santos","cpf":"42273553897","bankname":"ORBION GAMING LTDA","payBank":"","payCpf":"","pixkey":"11954124712","account":"18236120","status":"done","order":"A20250813100927218729aLAMDarQq"},"sign":"AA7AD5C0D0FBF347C2627463D16C30F1"}

