【2025-08-13 15:05:45】
P2025081313470703627432402----提交：{"custId":"24120300001308","appId":"8241201350","order":"P2025081313470703627432402","sign":"1A26DF53865ECF77909FCCA285648DEC"}

【2025-08-13 15:05:45】
P2025081313470703627432402----返回：{"code":"000000","msg":"P2025081313470703627432402","data":{"date":"2025-08-13 13:50:28","eid":"E3720544720250813165024097c04e69","amount":"20000","name":"ALANA DOS SANTOS PINHEIRO","cpf":"18349435747","bankname":"ORBION GAMING LTDA","payBank":"","payCpf":"","pixkey":"28999330783","account":"00360305","status":"done","order":"A20250813134901741504BrdinENBs"},"sign":"52735470A2359D01A6D7B4338EAC0360"}

【2025-08-13 15:05:47】
P2025081313470703627432402----提交：{"custId":"24120300001308","appId":"8241201350","order":"P2025081313470703627432402","sign":"1A26DF53865ECF77909FCCA285648DEC"}

【2025-08-13 15:05:47】
P2025081313470703627432402----返回：{"code":"000000","msg":"P2025081313470703627432402","data":{"date":"2025-08-13 13:50:28","eid":"E3720544720250813165024097c04e69","amount":"20000","name":"ALANA DOS SANTOS PINHEIRO","cpf":"18349435747","bankname":"ORBION GAMING LTDA","payBank":"","payCpf":"","pixkey":"28999330783","account":"00360305","status":"done","order":"A20250813134901741504BrdinENBs"},"sign":"52735470A2359D01A6D7B4338EAC0360"}

【2025-08-13 15:23:00】
P2025081315191409154518186----提交：{"custId":"24120300001308","appId":"8241201350","order":"P2025081315191409154518186","sign":"0982F13232C7AB32430CD3F03D7A7103"}

【2025-08-13 15:23:00】
P2025081315191409154518186----返回：{"code":"000000","msg":"P2025081315191409154518186","data":{"date":"2025-08-13 15:19:18","eid":"E3720544720250813181914978d7ac97","amount":"2000","name":"Carla Rovene Teles Da Silva ","cpf":"02470832241","bankname":"ORBION GAMING LTDA","payBank":"","payCpf":"","pixkey":"02470832241","account":"20855875","status":"done","order":"A20250813151914093789wpsH9j7cF"},"sign":"0ACD3D8DF8FA9312E07484CD2EA58A9E"}

【2025-08-13 15:23:02】
P2025081315191409154518186----提交：{"custId":"24120300001308","appId":"8241201350","order":"P2025081315191409154518186","sign":"0982F13232C7AB32430CD3F03D7A7103"}

【2025-08-13 15:23:02】
P2025081315191409154518186----返回：{"code":"000000","msg":"P2025081315191409154518186","data":{"date":"2025-08-13 15:19:18","eid":"E3720544720250813181914978d7ac97","amount":"2000","name":"Carla Rovene Teles Da Silva ","cpf":"02470832241","bankname":"ORBION GAMING LTDA","payBank":"","payCpf":"","pixkey":"02470832241","account":"20855875","status":"done","order":"A20250813151914093789wpsH9j7cF"},"sign":"0ACD3D8DF8FA9312E07484CD2EA58A9E"}

【2025-08-13 15:50:51】
P2025081215500724607071358----提交：{"custId":"24120300001308","appId":"8241201350","order":"P2025081215500724607071358","sign":"B63BE00344199033389989385064984B"}

【2025-08-13 15:50:52】
P2025081215500724607071358----返回：{"code":"000000","msg":"P2025081215500724607071358","data":{"date":"2025-08-12 15:50:10","eid":"E37205447202508121850081843dd2e3","amount":"100","name":"Anthonny Vinicius Rodrigues dos Santos","cpf":"10420202994","bankname":"ORBION GAMING LTDA","payBank":"","payCpf":"","pixkey":"10420202994","account":"18236120","status":"done","order":"A20250812155007182759rkljtRmgN"},"sign":"DE501AE231EEDD39E09370D148BE2251"}

【2025-08-13 15:52:41】
P2025081315470310823077363----提交：{"custId":"24120300001308","appId":"8241201350","order":"P2025081315470310823077363","sign":"AA9EBEAE2F14C032B37472E2301F43C1"}

【2025-08-13 15:52:41】
P2025081315470310823077363----返回：{"code":"000000","msg":"P2025081315470310823077363","data":{"date":"2025-08-13 15:47:09","eid":"E37205447202508131847042665c237b","amount":"13","name":"Paulo Cesar De Lima Silva","cpf":"57519402886","bankname":"ORBION GAMING LTDA","payBank":"","payCpf":"","pixkey":"15991853252","account":"22896431","status":"done","order":"A20250813154703627310QL2GSWcKA"},"sign":"2D57CB79795314F746BE5D9479AF10C3"}

【2025-08-13 15:53:02】
P2025081315470310823077363----提交：{"custId":"24120300001308","appId":"8241201350","order":"P2025081315470310823077363","sign":"AA9EBEAE2F14C032B37472E2301F43C1"}

【2025-08-13 15:53:02】
P2025081315470310823077363----返回：{"code":"000000","msg":"P2025081315470310823077363","data":{"date":"2025-08-13 15:47:09","eid":"E37205447202508131847042665c237b","amount":"13","name":"Paulo Cesar De Lima Silva","cpf":"57519402886","bankname":"ORBION GAMING LTDA","payBank":"","payCpf":"","pixkey":"15991853252","account":"22896431","status":"done","order":"A20250813154703627310QL2GSWcKA"},"sign":"2D57CB79795314F746BE5D9479AF10C3"}

