【2025-08-13 16:04:50】
P2025081315274309663898552----提交：{"custId":"24120300001308","appId":"8241201350","order":"P2025081315274309663898552","sign":"77EFBF336CC7EAA12BA660F69D4E7B60"}

【2025-08-13 16:04:50】
P2025081315274309663898552----返回：{"code":"000000","msg":"P2025081315274309663898552","data":{"date":"2025-08-13 15:27:46","eid":"E372054472025081318274401851fd52","amount":"25","name":"ERONILTON SILVA SANTOS","cpf":"05280689548","bankname":"ORBION GAMING LTDA","payBank":"","payCpf":"","pixkey":"05280689548","account":"00416968","status":"done","order":"A20250813152743599956QMh2Z8Vw8"},"sign":"DE9A8659B7433A7733B1E3E864EA9BC8"}

【2025-08-13 16:04:53】
P2025081315274309663898552----提交：{"custId":"24120300001308","appId":"8241201350","order":"P2025081315274309663898552","sign":"77EFBF336CC7EAA12BA660F69D4E7B60"}

【2025-08-13 16:04:53】
P2025081315274309663898552----返回：{"code":"000000","msg":"P2025081315274309663898552","data":{"date":"2025-08-13 15:27:46","eid":"E372054472025081318274401851fd52","amount":"25","name":"ERONILTON SILVA SANTOS","cpf":"05280689548","bankname":"ORBION GAMING LTDA","payBank":"","payCpf":"","pixkey":"05280689548","account":"00416968","status":"done","order":"A20250813152743599956QMh2Z8Vw8"},"sign":"DE9A8659B7433A7733B1E3E864EA9BC8"}

【2025-08-13 16:23:52】
P2025081314053504735839832----提交：{"custId":"24120300001308","appId":"8241201350","order":"P2025081314053504735839832","sign":"E73D56FBBEF2FCEDE841C8DA9F9B0B23"}

【2025-08-13 16:23:52】
P2025081314053504735839832----返回：{"code":"000000","msg":"P2025081314053504735839832","data":{"date":"2025-08-13 14:05:38","eid":"E3720544720250813170535856a6ac5d","amount":"20","name":"Marcio Jose Perensim","cpf":"19694079802","bankname":"ORBION GAMING LTDA","payBank":"","payCpf":"","pixkey":"19971003788","account":"10573521","status":"done","order":"A202508131405356366566RlZaGlPb"},"sign":"5670C66EF4932B1AF650472376DBBE3C"}

【2025-08-13 16:24:12】
P2025081314053504735839832----提交：{"custId":"24120300001308","appId":"8241201350","order":"P2025081314053504735839832","sign":"E73D56FBBEF2FCEDE841C8DA9F9B0B23"}

【2025-08-13 16:24:12】
P2025081314053504735839832----返回：{"code":"000000","msg":"P2025081314053504735839832","data":{"date":"2025-08-13 14:05:38","eid":"E3720544720250813170535856a6ac5d","amount":"20","name":"Marcio Jose Perensim","cpf":"19694079802","bankname":"ORBION GAMING LTDA","payBank":"","payCpf":"","pixkey":"19971003788","account":"10573521","status":"done","order":"A202508131405356366566RlZaGlPb"},"sign":"5670C66EF4932B1AF650472376DBBE3C"}

【2025-08-13 16:24:53】
P2025081315505411054784123----提交：{"custId":"24120300001308","appId":"8241201350","order":"P2025081315505411054784123","sign":"11F88F318C1B9575EE0DEE473E968F17"}

【2025-08-13 16:24:53】
P2025081315505411054784123----返回：{"code":"000000","msg":"P2025081315505411054784123","data":{"date":"2025-08-13 15:50:58","eid":"E3720544720250813185055066adf86a","amount":"35","name":"LEA DE JESUS SILVA","cpf":"06847424540","bankname":"ORBION GAMING LTDA","payBank":"","payCpf":"","pixkey":"75992066483","account":"90400888","status":"done","order":"A20250813155054145559vmMMHXpXe"},"sign":"460B4FF5E3162C6575741874D9A0F4B9"}

【2025-08-13 16:24:58】
P2025081315505411054784123----提交：{"custId":"24120300001308","appId":"8241201350","order":"P2025081315505411054784123","sign":"11F88F318C1B9575EE0DEE473E968F17"}

【2025-08-13 16:24:59】
P2025081315505411054784123----返回：{"code":"000000","msg":"P2025081315505411054784123","data":{"date":"2025-08-13 15:50:58","eid":"E3720544720250813185055066adf86a","amount":"35","name":"LEA DE JESUS SILVA","cpf":"06847424540","bankname":"ORBION GAMING LTDA","payBank":"","payCpf":"","pixkey":"75992066483","account":"90400888","status":"done","order":"A20250813155054145559vmMMHXpXe"},"sign":"460B4FF5E3162C6575741874D9A0F4B9"}

【2025-08-13 16:27:01】
P2025081315505411054784123----提交：{"custId":"24120300001308","appId":"8241201350","order":"P2025081315505411054784123","sign":"11F88F318C1B9575EE0DEE473E968F17"}

【2025-08-13 16:27:01】
P2025081315505411054784123----返回：{"code":"000000","msg":"P2025081315505411054784123","data":{"date":"2025-08-13 15:50:58","eid":"E3720544720250813185055066adf86a","amount":"35","name":"LEA DE JESUS SILVA","cpf":"06847424540","bankname":"ORBION GAMING LTDA","payBank":"","payCpf":"","pixkey":"75992066483","account":"90400888","status":"done","order":"A20250813155054145559vmMMHXpXe"},"sign":"460B4FF5E3162C6575741874D9A0F4B9"}

【2025-08-13 16:36:30】
P2025081316355513755614406----提交：{"custId":"24120300001308","appId":"8241201350","order":"P2025081316355513755614406","sign":"79DC89E3D03BD87B4A08A644C4F17FCA"}

【2025-08-13 16:36:31】
P2025081316355513755614406----返回：{"code":"000000","msg":"P2025081316355513755614406","data":{"date":"2025-08-13 16:36:02","eid":"E45756448202508131935YTRv5AdmAE2","amount":"500","name":"JOAO PEDRO SOUSA DE OLIVEIRA","cpf":"61590318307","bankname":"null","payBank":"","payCpf":"","pixkey":"85985474439","account":"38026619","status":"done","order":"A20250813163556969319Qs6Ji4BUI"},"sign":"965A583AEE9E0798E61E40F267499F26"}

【2025-08-13 16:36:34】
P2025081316355513755614406----提交：{"custId":"24120300001308","appId":"8241201350","order":"P2025081316355513755614406","sign":"79DC89E3D03BD87B4A08A644C4F17FCA"}

【2025-08-13 16:36:35】
P2025081316355513755614406----返回：{"code":"000000","msg":"P2025081316355513755614406","data":{"date":"2025-08-13 16:36:02","eid":"E45756448202508131935YTRv5AdmAE2","amount":"500","name":"JOAO PEDRO SOUSA DE OLIVEIRA","cpf":"61590318307","bankname":"null","payBank":"","payCpf":"","pixkey":"85985474439","account":"38026619","status":"done","order":"A20250813163556969319Qs6Ji4BUI"},"sign":"965A583AEE9E0798E61E40F267499F26"}

【2025-08-13 16:57:28】
P2025081316484214522739069----提交：{"custId":"24120300001308","appId":"8241201350","order":"P2025081316484214522739069","sign":"DDDEF3E6C06E254CE89B3D58AF446D53"}

【2025-08-13 16:57:28】
P2025081316484214522739069----返回：{"code":"000000","msg":"P2025081316484214522739069","data":{"date":"2025-08-13 16:48:47","eid":"E3720544720250813194844176da8142","amount":"120","name":"WALIBISSON SANTOS NASCIMENTO","cpf":"16016100412","bankname":"ORBION GAMING LTDA","payBank":"","payCpf":"","pixkey":"16016100412","account":"00360305","status":"done","order":"A20250813164843948887Pbpr4yTLH"},"sign":"0C1147CF0EF5FC3F714FC907864FB4BE"}

【2025-08-13 16:57:40】
P2025081316484214522739069----提交：{"custId":"24120300001308","appId":"8241201350","order":"P2025081316484214522739069","sign":"DDDEF3E6C06E254CE89B3D58AF446D53"}

【2025-08-13 16:57:41】
P2025081316484214522739069----返回：{"code":"000000","msg":"P2025081316484214522739069","data":{"date":"2025-08-13 16:48:47","eid":"E3720544720250813194844176da8142","amount":"120","name":"WALIBISSON SANTOS NASCIMENTO","cpf":"16016100412","bankname":"ORBION GAMING LTDA","payBank":"","payCpf":"","pixkey":"16016100412","account":"00360305","status":"done","order":"A20250813164843948887Pbpr4yTLH"},"sign":"0C1147CF0EF5FC3F714FC907864FB4BE"}

