【2025-08-13 22:00:25】
P2025081321580733087024578----提交：{"custId":"24120300001308","appId":"8241201350","order":"P2025081321580733087024578","sign":"23EBBE62C1EB5D7FFD9610AA78CEF45C"}

【2025-08-13 22:00:25】
P2025081321580733087024578----返回：{"code":"000000","msg":"P2025081321580733087024578","data":{"date":"2025-08-13 21:58:11","eid":"E37205447202508140058086717846a9","amount":"16","name":"RHUAN LUIZ DIAS ABREU","cpf":"16134302724","bankname":"ORBION GAMING LTDA","payBank":"","payCpf":"","pixkey":"21959216135","account":"90400888","status":"done","order":"A20250813215808708831MrXreJKt9"},"sign":"D446D0BCB1DC290ED8618A4630615C0B"}

【2025-08-13 22:00:33】
P2025081321580733087024578----提交：{"custId":"24120300001308","appId":"8241201350","order":"P2025081321580733087024578","sign":"23EBBE62C1EB5D7FFD9610AA78CEF45C"}

【2025-08-13 22:00:33】
P2025081321580733087024578----返回：{"code":"000000","msg":"P2025081321580733087024578","data":{"date":"2025-08-13 21:58:11","eid":"E37205447202508140058086717846a9","amount":"16","name":"RHUAN LUIZ DIAS ABREU","cpf":"16134302724","bankname":"ORBION GAMING LTDA","payBank":"","payCpf":"","pixkey":"21959216135","account":"90400888","status":"done","order":"A20250813215808708831MrXreJKt9"},"sign":"D446D0BCB1DC290ED8618A4630615C0B"}

【2025-08-13 22:15:26】
P2025081321010829668106126----提交：{"custId":"24120300001308","appId":"8241201350","order":"P2025081321010829668106126","sign":"BD33208DA3CF4DF4D18C92C9EDCE784D"}

【2025-08-13 22:15:27】
P2025081321010829668106126----返回：{"code":"000000","msg":"P2025081321010829668106126","data":{"date":"2025-08-13 21:01:12","eid":"E37205447202508140001094595fe98f","amount":"200","name":"Davi Hosken Ferraz","cpf":"82038392749","bankname":"ORBION GAMING LTDA","payBank":"","payCpf":"","pixkey":"82038392749","account":"18236120","status":"done","order":"A20250813210109850703z5P1uySbY"},"sign":"955244E27309C1104BA0FB20B6CEB58C"}

【2025-08-13 22:15:32】
P2025081321010829668106126----提交：{"custId":"24120300001308","appId":"8241201350","order":"P2025081321010829668106126","sign":"BD33208DA3CF4DF4D18C92C9EDCE784D"}

【2025-08-13 22:15:33】
P2025081321010829668106126----返回：{"code":"000000","msg":"P2025081321010829668106126","data":{"date":"2025-08-13 21:01:12","eid":"E37205447202508140001094595fe98f","amount":"200","name":"Davi Hosken Ferraz","cpf":"82038392749","bankname":"ORBION GAMING LTDA","payBank":"","payCpf":"","pixkey":"82038392749","account":"18236120","status":"done","order":"A20250813210109850703z5P1uySbY"},"sign":"955244E27309C1104BA0FB20B6CEB58C"}

【2025-08-13 22:15:33】
P2025081321010829668106126----提交：{"custId":"24120300001308","appId":"8241201350","order":"P2025081321010829668106126","sign":"BD33208DA3CF4DF4D18C92C9EDCE784D"}

【2025-08-13 22:15:34】
P2025081321010829668106126----返回：{"code":"000000","msg":"P2025081321010829668106126","data":{"date":"2025-08-13 21:01:12","eid":"E37205447202508140001094595fe98f","amount":"200","name":"Davi Hosken Ferraz","cpf":"82038392749","bankname":"ORBION GAMING LTDA","payBank":"","payCpf":"","pixkey":"82038392749","account":"18236120","status":"done","order":"A20250813210109850703z5P1uySbY"},"sign":"955244E27309C1104BA0FB20B6CEB58C"}

【2025-08-13 22:22:03】
P2025081320255527555942542----提交：{"custId":"24120300001308","appId":"8241201350","order":"P2025081320255527555942542","sign":"C12CFEBA95353592B79FD1FCFDD7A8ED"}

【2025-08-13 22:22:03】
P2025081320255527555942542----返回：{"code":"000000","msg":"P2025081320255527555942542","data":{"date":"2025-08-13 20:25:57","eid":"E3720544720250813232555938e435cf","amount":"200","name":"DELMA ALBUQUERQUE AGUIAR","cpf":"98053353215","bankname":"ORBION GAMING LTDA","payBank":"","payCpf":"","pixkey":"96991148480","account":"00000000","status":"done","order":"A20250813202555338546v7uSy7C3f"},"sign":"F7AB49048B1682B4A5F630C6FFA06013"}

【2025-08-13 22:24:47】
P2025081308364485004626997----提交：{"custId":"24120300001308","appId":"8241201350","order":"P2025081308364485004626997","sign":"E407F429D7B3924581F4AB808898C1C4"}

【2025-08-13 22:24:48】
P2025081308364485004626997----返回：{"code":"000000","msg":"P2025081308364485004626997","data":{"date":"2025-08-13 08:44:12","eid":"E3720544720250813114408895f3e117","amount":"11500","name":"BRUNO DE ASSIS LEMOS SOARES             ","cpf":"02745939122","bankname":"ORBION GAMING LTDA","payBank":"","payCpf":"","pixkey":"02745939122","account":"60746948","status":"done","order":"A202508130844018959883v1szvMRb"},"sign":"F2249E18AB759CE32FD0E2BCA4980622"}

【2025-08-13 22:28:32】
P2025081001550101701617392----提交：{"custId":"24120300001308","appId":"8241201350","order":"P2025081001550101701617392","sign":"B737205069E9D4CFA092F716F14D86D4"}

【2025-08-13 22:28:32】
P2025081001550101701617392----返回：{"code":"000000","msg":"P2025081001550101701617392","data":{"date":"2025-08-10 01:55:04","eid":"E3720544720250810045502176f828f7","amount":"50","name":"Vitor Vinicius Cardoso Dos Santos Sabino","cpf":"33944331842","bankname":"ORBION GAMING LTDA","payBank":"","payCpf":"","pixkey":"43999854755","account":"10573521","status":"done","order":"A202508100155020785447a5PB6fWu"},"sign":"7DFA5CB49EBEE91CCE9E303D08FF7BAE"}

【2025-08-13 22:49:00】
P2025080918152974129969730----提交：{"custId":"24120300001308","appId":"8241201350","order":"P2025080918152974129969730","sign":"513865EE0C267FB1D0442D6F2941745C"}

【2025-08-13 22:49:00】
P2025080918152974129969730----返回：{"code":"000000","msg":"P2025080918152974129969730","data":{"date":"2025-08-09 18:15:33","eid":"E372054472025080921152994053fdca","amount":"122","name":"MAICON VALMOR RODRIGUES DA SILVA","cpf":"04491295190","bankname":"ORBION GAMING LTDA","payBank":"","payCpf":"","pixkey":"66981250060","account":"00416968","status":"done","order":"A20250809181529785091pVp1kmzdh"},"sign":"29316BB30531CD95AEA64112CA2A203D"}

