【2025-08-13 20:00:55】
P2025081319115223112047644----提交：{"custId":"24120300001308","appId":"8241201350","order":"P2025081319115223112047644","sign":"6B4EF0E37E51B855FE6614DC67B85484"}

【2025-08-13 20:00:55】
P2025081319115223112047644----返回：{"code":"000000","msg":"P2025081319115223112047644","data":{"date":"2025-08-13 19:11:57","eid":"E37205447202508132211531371fbb50","amount":"35","name":"CARLOS PAULO LANDEO LECA","cpf":"05644573702","bankname":"ORBION GAMING LTDA","payBank":"","payCpf":"","pixkey":"21999184338","account":"90400888","status":"done","order":"A20250813191152196534irhJDePa6"},"sign":"B33EB1D44C1D04DD9D17E220865B8929"}

【2025-08-13 20:07:06】
P2025081320053926339126588----提交：{"custId":"24120300001308","appId":"8241201350","order":"P2025081320053926339126588","sign":"C14CB1B4F2499C31973CFD8CC7569EA4"}

【2025-08-13 20:07:07】
P2025081320053926339126588----提交：{"custId":"24120300001308","appId":"8241201350","order":"P2025081320053926339126588","sign":"C14CB1B4F2499C31973CFD8CC7569EA4"}

【2025-08-13 20:07:07】
P2025081320053926339126588----返回：{"code":"000000","msg":"P2025081320053926339126588","data":{"date":"2025-08-13 20:06:08","eid":"E372054472025081323060361472f8a1","amount":"7500","name":"Ana Vitoria Bragheto Do Prado","cpf":"50411788876","bankname":"ORBION GAMING LTDA","payBank":"","payCpf":"","pixkey":"50411788876","account":"10573521","status":"done","order":"A20250813200602432274NK5tPgfhb"},"sign":"3FB27FCA747BF3055DBAABE5DF2F31C7"}

【2025-08-13 20:07:07】
P2025081320053926339126588----返回：{"code":"000000","msg":"P2025081320053926339126588","data":{"date":"2025-08-13 20:06:08","eid":"E372054472025081323060361472f8a1","amount":"7500","name":"Ana Vitoria Bragheto Do Prado","cpf":"50411788876","bankname":"ORBION GAMING LTDA","payBank":"","payCpf":"","pixkey":"50411788876","account":"10573521","status":"done","order":"A20250813200602432274NK5tPgfhb"},"sign":"3FB27FCA747BF3055DBAABE5DF2F31C7"}

【2025-08-13 20:12:18】
P2025081319571825838533567----提交：{"custId":"24120300001308","appId":"8241201350","order":"P2025081319571825838533567","sign":"AFF18685D84275BF289D094EA6BE795E"}

【2025-08-13 20:12:19】
P2025081319571825838533567----返回：{"code":"000000","msg":"P2025081319571825838533567","data":{"date":"2025-08-13 19:57:22","eid":"E37205447202508132257184229f0e60","amount":"20","name":"Wesly Souza Santos","cpf":"11482721511","bankname":"ORBION GAMING LTDA","payBank":"","payCpf":"","pixkey":"11482721511","account":"18236120","status":"done","order":"A20250813195718711053QUuVJHyvx"},"sign":"EFFB703901DBFE9B86D57277DD90F369"}

【2025-08-13 20:12:24】
P2025081319571825838533567----提交：{"custId":"24120300001308","appId":"8241201350","order":"P2025081319571825838533567","sign":"AFF18685D84275BF289D094EA6BE795E"}

【2025-08-13 20:12:25】
P2025081319571825838533567----返回：{"code":"000000","msg":"P2025081319571825838533567","data":{"date":"2025-08-13 19:57:22","eid":"E37205447202508132257184229f0e60","amount":"20","name":"Wesly Souza Santos","cpf":"11482721511","bankname":"ORBION GAMING LTDA","payBank":"","payCpf":"","pixkey":"11482721511","account":"18236120","status":"done","order":"A20250813195718711053QUuVJHyvx"},"sign":"EFFB703901DBFE9B86D57277DD90F369"}

【2025-08-13 20:21:55】
P2025081319071522835617492----提交：{"custId":"24120300001308","appId":"8241201350","order":"P2025081319071522835617492","sign":"8CDBBA3BA5FDACF4EE2DCD49EC1386E4"}

【2025-08-13 20:21:55】
P2025081319071522835617492----返回：{"code":"000000","msg":"P2025081319071522835617492","data":{"date":"2025-08-13 19:07:19","eid":"E37205447202508132207153797ca6d3","amount":"15","name":"MARIA JOSE ROCHA","cpf":"83271104204","bankname":"ORBION GAMING LTDA","payBank":"","payCpf":"","pixkey":"94991069374","account":"00416968","status":"done","order":"A20250813190715457938lUISWJYeT"},"sign":"A7CB8FF301A1565244FA48E5B4CE5C82"}

【2025-08-13 20:22:05】
P2025081319071522835617492----提交：{"custId":"24120300001308","appId":"8241201350","order":"P2025081319071522835617492","sign":"8CDBBA3BA5FDACF4EE2DCD49EC1386E4"}

【2025-08-13 20:22:05】
P2025081319071522835617492----返回：{"code":"000000","msg":"P2025081319071522835617492","data":{"date":"2025-08-13 19:07:19","eid":"E37205447202508132207153797ca6d3","amount":"15","name":"MARIA JOSE ROCHA","cpf":"83271104204","bankname":"ORBION GAMING LTDA","payBank":"","payCpf":"","pixkey":"94991069374","account":"00416968","status":"done","order":"A20250813190715457938lUISWJYeT"},"sign":"A7CB8FF301A1565244FA48E5B4CE5C82"}

【2025-08-13 20:24:35】
P2025081314282506105932449----提交：{"custId":"24120300001308","appId":"8241201350","order":"P2025081314282506105932449","sign":"5063E36843BF41B7A3DD79C610BE16BE"}

【2025-08-13 20:24:35】
P2025081314282506105932449----返回：{"code":"000000","msg":"P2025081314282506105932449","data":{"date":"2025-08-13 14:28:30","eid":"E3720544720250813172826177646726","amount":"50","name":"AMAROC PROMOCAO DE VENDAS","cpf":"17961744000175","bankname":"ORBION GAMING LTDA","payBank":"","payCpf":"","pixkey":"11993252472","account":"31872495","status":"done","order":"A20250813142825709404WbanhexdR"},"sign":"D5C8161D0C4F340ACB6D3C9C658BDBA3"}

【2025-08-13 20:30:44】
P2025081320292727767979247----提交：{"custId":"24120300001308","appId":"8241201350","order":"P2025081320292727767979247","sign":"325FF01A6C13A2DC74B4CD46AD72DB33"}

【2025-08-13 20:30:44】
P2025081320292727767979247----返回：{"code":"000000","msg":"P2025081320292727767979247","data":{"date":"2025-08-13 20:30:13","eid":"E3720544720250813233007776d0694a","amount":"9506","name":"JULIO DE ARRUDA NEVES SILVA","cpf":"09273305121","bankname":"ORBION GAMING LTDA","payBank":"","payCpf":"","pixkey":"09273305121","account":"00360305","status":"done","order":"A20250813203002114061DdvKdJktE"},"sign":"775CD24B73EE44DA91D69F36AFD929A4"}

【2025-08-13 20:30:47】
P2025081320292727767979247----提交：{"custId":"24120300001308","appId":"8241201350","order":"P2025081320292727767979247","sign":"325FF01A6C13A2DC74B4CD46AD72DB33"}

【2025-08-13 20:30:47】
P2025081320292727767979247----返回：{"code":"000000","msg":"P2025081320292727767979247","data":{"date":"2025-08-13 20:30:13","eid":"E3720544720250813233007776d0694a","amount":"9506","name":"JULIO DE ARRUDA NEVES SILVA","cpf":"09273305121","bankname":"ORBION GAMING LTDA","payBank":"","payCpf":"","pixkey":"09273305121","account":"00360305","status":"done","order":"A20250813203002114061DdvKdJktE"},"sign":"775CD24B73EE44DA91D69F36AFD929A4"}

【2025-08-13 20:33:41】
P2025081318545722097215899----提交：{"custId":"24120300001308","appId":"8241201350","order":"P2025081318545722097215899","sign":"DFC48DB4267EF4E08BD4ED50E36A4E18"}

【2025-08-13 20:33:41】
P2025081318545722097215899----返回：{"code":"000000","msg":"P2025081318545722097215899","data":{"date":"2025-08-13 18:54:59","eid":"E3720544720250813215457377dc0e65","amount":"100","name":"André Luiz de Jesus","cpf":"10732305624","bankname":"ORBION GAMING LTDA","payBank":"","payCpf":"","pixkey":"31986857189","account":"18236120","status":"done","order":"A20250813185457172167CiKtVnRSZ"},"sign":"F4F47A3349C3D216F7F900A434B6281A"}

【2025-08-13 20:34:43】
P2025081319280424084316550----提交：{"custId":"24120300001308","appId":"8241201350","order":"P2025081319280424084316550","sign":"A4F9DD52D7A27154685F58375DB718DA"}

【2025-08-13 20:34:44】
P2025081319280424084316550----返回：{"code":"000000","msg":"P2025081319280424084316550","data":{"date":"2025-08-13 19:28:09","eid":"E372054472025081322280522227f7de","amount":"200","name":"Eurimar Oliveira Afonso","cpf":"12082588696","bankname":"ORBION GAMING LTDA","payBank":"","payCpf":"","pixkey":"eurimar.afonso53@gmail.com","account":"18236120","status":"done","order":"A20250813192805256884E6FTwichE"},"sign":"EAE01993B5F379247BCC4B220E1F01DE"}

【2025-08-13 20:35:39】
P2025081117514845508857278----提交：{"custId":"24120300001308","appId":"8241201350","order":"P2025081117514845508857278","sign":"23B4AA823E27EF66A182472325E7C880"}

【2025-08-13 20:35:39】
P2025081117514845508857278----返回：{"code":"000000","msg":"P2025081117514845508857278","data":{"date":"2025-08-11 17:53:15","eid":"E37205447202508112053112214595a5","amount":"24000","name":"EDJA MARIA DE OLIVEIRA BARROS","cpf":"03434181423","bankname":"ORBION GAMING LTDA","payBank":"","payCpf":"","pixkey":"03434181423","account":"60701190","status":"done","order":"A20250811175301947700ZY6uGlz7P"},"sign":"BC126215390F53D410CA55C7EFE155D6"}

【2025-08-13 20:37:25】
P2025081319071522835617492----提交：{"custId":"24120300001308","appId":"8241201350","order":"P2025081319071522835617492","sign":"8CDBBA3BA5FDACF4EE2DCD49EC1386E4"}

【2025-08-13 20:37:25】
P2025081319071522835617492----返回：{"code":"000000","msg":"P2025081319071522835617492","data":{"date":"2025-08-13 19:07:19","eid":"E37205447202508132207153797ca6d3","amount":"15","name":"MARIA JOSE ROCHA","cpf":"83271104204","bankname":"ORBION GAMING LTDA","payBank":"","payCpf":"","pixkey":"94991069374","account":"00416968","status":"done","order":"A20250813190715457938lUISWJYeT"},"sign":"A7CB8FF301A1565244FA48E5B4CE5C82"}

【2025-08-13 20:40:21】
P2025081319313224292689345----提交：{"custId":"24120300001308","appId":"8241201350","order":"P2025081319313224292689345","sign":"1B8132A5809FFAB417B21E1C85ACC557"}

【2025-08-13 20:40:21】
P2025081319313224292689345----返回：{"code":"000000","msg":"P2025081319313224292689345","data":{"date":"2025-08-13 19:31:35","eid":"E3720544720250813223132990456a00","amount":"40","name":"PAULO FELIPE DE CARVALHO","cpf":"22560420813","bankname":"ORBION GAMING LTDA","payBank":"","payCpf":"","pixkey":"22560420813","account":"00000000","status":"done","order":"A20250813193132595580vtd5ayRPX"},"sign":"0908BD3E7216AF6FC8FF2D509855E18C"}

【2025-08-13 20:46:23】
P2025081319425724977431623----提交：{"custId":"24120300001308","appId":"8241201350","order":"P2025081319425724977431623","sign":"4862B486E9586F226BE34CCF55758886"}

【2025-08-13 20:46:23】
P2025081319425724977431623----返回：{"code":"000000","msg":"P2025081319425724977431623","data":{"date":"2025-08-13 19:43:00","eid":"E37205447202508132242581786782bd","amount":"160","name":"JUSILEIDE DOS SANTOS FREITAS","cpf":"82180229534","bankname":"ORBION GAMING LTDA","payBank":"","payCpf":"","pixkey":"71987506043","account":"00416968","status":"done","order":"A20250813194258326598eZhzpglgY"},"sign":"35AC43036641C2CD8CA4724CAC21ABD1"}

【2025-08-13 20:50:25】
P2025081319425824978708837----提交：{"custId":"24120300001308","appId":"8241201350","order":"P2025081319425824978708837","sign":"B16B73D8C2BB5B05B5339676C1DF3C6A"}

【2025-08-13 20:50:25】
P2025081319425824978708837----返回：{"code":"000000","msg":"P2025081319425824978708837","data":{"date":"2025-08-13 19:43:05","eid":"E3720544720250813224259396735aba","amount":"20","name":"GUSTAVO DA SILVA RIBEIRO","cpf":"52227836857","bankname":"ORBION GAMING LTDA","payBank":"","payCpf":"","pixkey":"52227836857","account":"00360305","status":"done","order":"A20250813194259254293MLrXF2mbh"},"sign":"B723EF6A7FB807EEAB23A428F5E27D15"}

