【2025-08-13 13:06:27】
P2025081312590600746132312----提交：{"custId":"24120300001308","appId":"8241201350","order":"P2025081312590600746132312","sign":"BC81E0EAEE4C112D0A3ECFCD17ED147E"}

【2025-08-13 13:06:28】
P2025081312590600746132312----返回：{"code":"000000","msg":"P2025081312590600746132312","data":{"date":"2025-08-13 13:06:13","eid":"E37205447202508131606089800349ec","amount":"80","name":"Jose Marcos Dos Santos Almeida","cpf":"09450079579","bankname":"ORBION GAMING LTDA","payBank":"","payCpf":"","pixkey":"09450079579","account":"23862762","status":"done","order":"A20250813125906492300XRfbVdkBN"},"sign":"E4340C27CED19CE7B1AB3BFAC9E7993D"}

【2025-08-13 13:22:43】
P2025081313111101471276914----提交：{"custId":"24120300001308","appId":"8241201350","order":"P2025081313111101471276914","sign":"513C1175E67DB0D68D54682AB19D43FD"}

【2025-08-13 13:22:43】
P2025081313111101471276914----返回：{"code":"000000","msg":"P2025081313111101471276914","data":{"date":"2025-08-13 13:11:14","eid":"E3720544720250813161112179b87062","amount":"20","name":"ENISVALDO DE SOUZA DOS REIS","cpf":"25953780826","bankname":"ORBION GAMING LTDA","payBank":"","payCpf":"","pixkey":"25953780826","account":"00360305","status":"done","order":"A20250813131111854934JqfQ1HrgM"},"sign":"57CAFF6746B0A48353E8E5D34E3B5A3F"}

【2025-08-13 13:22:45】
P2025081313111101471276914----提交：{"custId":"24120300001308","appId":"8241201350","order":"P2025081313111101471276914","sign":"513C1175E67DB0D68D54682AB19D43FD"}

【2025-08-13 13:22:45】
P2025081313111101471276914----返回：{"code":"000000","msg":"P2025081313111101471276914","data":{"date":"2025-08-13 13:11:14","eid":"E3720544720250813161112179b87062","amount":"20","name":"ENISVALDO DE SOUZA DOS REIS","cpf":"25953780826","bankname":"ORBION GAMING LTDA","payBank":"","payCpf":"","pixkey":"25953780826","account":"00360305","status":"done","order":"A20250813131111854934JqfQ1HrgM"},"sign":"57CAFF6746B0A48353E8E5D34E3B5A3F"}

【2025-08-13 13:24:46】
P2025081312365899418668210----提交：{"custId":"24120300001308","appId":"8241201350","order":"P2025081312365899418668210","sign":"BD5594A97A4091065B35882ECE10D530"}

【2025-08-13 13:24:46】
P2025081312365899418668210----返回：{"code":"000000","msg":"P2025081312365899418668210","data":{"date":"2025-08-13 12:37:04","eid":"E37205447202508131536590638abd21","amount":"30","name":"FRANCISCA RODRIGUES SOUZA","cpf":"05611007309","bankname":"ORBION GAMING LTDA","payBank":"","payCpf":"","pixkey":"88994885627","account":"00360305","status":"done","order":"A202508131236582410348xmncZLtQ"},"sign":"98974031C835E894A3DF4EFC838BF1B5"}

【2025-08-13 13:24:52】
P2025081312365899418668210----提交：{"custId":"24120300001308","appId":"8241201350","order":"P2025081312365899418668210","sign":"BD5594A97A4091065B35882ECE10D530"}

【2025-08-13 13:24:52】
P2025081312365899418668210----返回：{"code":"000000","msg":"P2025081312365899418668210","data":{"date":"2025-08-13 12:37:04","eid":"E37205447202508131536590638abd21","amount":"30","name":"FRANCISCA RODRIGUES SOUZA","cpf":"05611007309","bankname":"ORBION GAMING LTDA","payBank":"","payCpf":"","pixkey":"88994885627","account":"00360305","status":"done","order":"A202508131236582410348xmncZLtQ"},"sign":"98974031C835E894A3DF4EFC838BF1B5"}

【2025-08-13 13:28:27】
P2025081313141501655938283----提交：{"custId":"24120300001308","appId":"8241201350","order":"P2025081313141501655938283","sign":"191F802C95C49382225F1DD166549A85"}

【2025-08-13 13:28:27】
P2025081313141501655938283----返回：{"code":"000000","msg":"P2025081313141501655938283","data":{"date":"2025-08-13 13:16:05","eid":"E3720544720250813161602412779f5e","amount":"300","name":"Jarbas Pinheiro Da Silva","cpf":"80778046672","bankname":"ORBION GAMING LTDA","payBank":"","payCpf":"","pixkey":"Jarbasfileto@gmail.com","account":"23862762","status":"done","order":"A20250813131602368198eHiET3Pv2"},"sign":"39B4776A799EBE3F767E00E778FB5348"}

【2025-08-13 13:34:17】
P2025081204273783657672209----提交：{"custId":"24120300001308","appId":"8241201350","order":"P2025081204273783657672209","sign":"DA6C2A5942079068E993C6D0EBFBE6FB"}

【2025-08-13 13:34:17】
P2025081204273783657672209----返回：{"code":"000000","msg":"P2025081204273783657672209","data":{"date":"2025-08-12 04:27:40","eid":"E23791922202508120727373640c0a90","amount":"10","name":"Karina Valesca de Araujo Freitas","cpf":"67310737504","bankname":"ORBION GAMING LTDA","payBank":"","payCpf":"","pixkey":"71996052703","account":"18236120","status":"done","order":"A20250812042737029737I8iXVAf6j"},"sign":"41722E84B22F6F8B2219B06E15F8A3DA"}

【2025-08-13 13:34:19】
P2025081204273783657672209----提交：{"custId":"24120300001308","appId":"8241201350","order":"P2025081204273783657672209","sign":"DA6C2A5942079068E993C6D0EBFBE6FB"}

【2025-08-13 13:34:19】
P2025081204273783657672209----返回：{"code":"000000","msg":"P2025081204273783657672209","data":{"date":"2025-08-12 04:27:40","eid":"E23791922202508120727373640c0a90","amount":"10","name":"Karina Valesca de Araujo Freitas","cpf":"67310737504","bankname":"ORBION GAMING LTDA","payBank":"","payCpf":"","pixkey":"71996052703","account":"18236120","status":"done","order":"A20250812042737029737I8iXVAf6j"},"sign":"41722E84B22F6F8B2219B06E15F8A3DA"}

【2025-08-13 13:36:15】
P2025081204273783657672209----提交：{"custId":"24120300001308","appId":"8241201350","order":"P2025081204273783657672209","sign":"DA6C2A5942079068E993C6D0EBFBE6FB"}

【2025-08-13 13:36:16】
P2025081204273783657672209----返回：{"code":"000000","msg":"P2025081204273783657672209","data":{"date":"2025-08-12 04:27:40","eid":"E23791922202508120727373640c0a90","amount":"10","name":"Karina Valesca de Araujo Freitas","cpf":"67310737504","bankname":"ORBION GAMING LTDA","payBank":"","payCpf":"","pixkey":"71996052703","account":"18236120","status":"done","order":"A20250812042737029737I8iXVAf6j"},"sign":"41722E84B22F6F8B2219B06E15F8A3DA"}

