【2025-08-13 17:04:22】
P2025081216163326193844971----提交：{"custId":"24120300001308","appId":"8241201350","order":"P2025081216163326193844971","sign":"202B2312F20CDC796E9F9A8131F9625F"}

【2025-08-13 17:04:22】
P2025081216163326193844971----返回：{"code":"000000","msg":"P2025081216163326193844971","data":{"date":"2025-08-12 16:16:38","eid":"E37205447202508121916341740548b5","amount":"49.4","name":"WESLEY BERNARDINO DOS SANTOS","cpf":"03680227221","bankname":"ORBION GAMING LTDA","payBank":"","payCpf":"","pixkey":"03680227221","account":"00416968","status":"done","order":"A20250812161633629255GVVNr1ggf"},"sign":"EC48AEF37EC1690489DDB5E545EAEA19"}

【2025-08-13 17:04:24】
P2025081216163326193844971----提交：{"custId":"24120300001308","appId":"8241201350","order":"P2025081216163326193844971","sign":"202B2312F20CDC796E9F9A8131F9625F"}

【2025-08-13 17:04:24】
P2025081216163326193844971----返回：{"code":"000000","msg":"P2025081216163326193844971","data":{"date":"2025-08-12 16:16:38","eid":"E37205447202508121916341740548b5","amount":"49.4","name":"WESLEY BERNARDINO DOS SANTOS","cpf":"03680227221","bankname":"ORBION GAMING LTDA","payBank":"","payCpf":"","pixkey":"03680227221","account":"00416968","status":"done","order":"A20250812161633629255GVVNr1ggf"},"sign":"EC48AEF37EC1690489DDB5E545EAEA19"}

【2025-08-13 17:12:21】
P2025080918152974129969730----提交：{"custId":"24120300001308","appId":"8241201350","order":"P2025080918152974129969730","sign":"513865EE0C267FB1D0442D6F2941745C"}

【2025-08-13 17:12:21】
P2025080918152974129969730----返回：{"code":"000000","msg":"P2025080918152974129969730","data":{"date":"2025-08-09 18:15:33","eid":"E372054472025080921152994053fdca","amount":"122","name":"MAICON VALMOR RODRIGUES DA SILVA","cpf":"04491295190","bankname":"ORBION GAMING LTDA","payBank":"","payCpf":"","pixkey":"66981250060","account":"00416968","status":"done","order":"A20250809181529785091pVp1kmzdh"},"sign":"29316BB30531CD95AEA64112CA2A203D"}

【2025-08-13 17:12:41】
P2025080918152974129969730----提交：{"custId":"24120300001308","appId":"8241201350","order":"P2025080918152974129969730","sign":"513865EE0C267FB1D0442D6F2941745C"}

【2025-08-13 17:12:42】
P2025080918152974129969730----返回：{"code":"000000","msg":"P2025080918152974129969730","data":{"date":"2025-08-09 18:15:33","eid":"E372054472025080921152994053fdca","amount":"122","name":"MAICON VALMOR RODRIGUES DA SILVA","cpf":"04491295190","bankname":"ORBION GAMING LTDA","payBank":"","payCpf":"","pixkey":"66981250060","account":"00416968","status":"done","order":"A20250809181529785091pVp1kmzdh"},"sign":"29316BB30531CD95AEA64112CA2A203D"}

【2025-08-13 17:18:52】
P2025081317145016090083851----提交：{"custId":"24120300001308","appId":"8241201350","order":"P2025081317145016090083851","sign":"F47A947655AD2E4796A3102BABC8B4BE"}

【2025-08-13 17:18:53】
P2025081317145016090083851----返回：{"code":"000000","msg":"P2025081317145016090083851","data":{"date":"2025-08-13 17:15:32","eid":"E3720544720250813201529779a74a9e","amount":"13000","name":"Ezequiel dos Santos Varanda","cpf":"02791261150","bankname":"ORBION GAMING LTDA","payBank":"","payCpf":"","pixkey":"02791261150","account":"18236120","status":"done","order":"A20250813171502877569RHZCSAn5u"},"sign":"273748FC3268BAEBB6A7BFC7C09C374D"}

【2025-08-13 17:18:55】
P2025081317145016090083851----提交：{"custId":"24120300001308","appId":"8241201350","order":"P2025081317145016090083851","sign":"F47A947655AD2E4796A3102BABC8B4BE"}

【2025-08-13 17:18:55】
P2025081317145016090083851----返回：{"code":"000000","msg":"P2025081317145016090083851","data":{"date":"2025-08-13 17:15:32","eid":"E3720544720250813201529779a74a9e","amount":"13000","name":"Ezequiel dos Santos Varanda","cpf":"02791261150","bankname":"ORBION GAMING LTDA","payBank":"","payCpf":"","pixkey":"02791261150","account":"18236120","status":"done","order":"A20250813171502877569RHZCSAn5u"},"sign":"273748FC3268BAEBB6A7BFC7C09C374D"}

【2025-08-13 17:26:51】
P2025081317251716717826607----提交：{"custId":"24120300001308","appId":"8241201350","order":"P2025081317251716717826607","sign":"2BA6AB5A304ADA6915FC2B4D7734B95B"}

【2025-08-13 17:26:51】
P2025081317251716717826607----返回：{"code":"000000","msg":"P2025081317251716717826607","data":{"date":"2025-08-13 17:26:32","eid":"E3720544720250813202601220435dbb","amount":"50000","name":"Mayara Evellyn Moura Da Silva","cpf":"13560858496","bankname":"ORBION GAMING LTDA","payBank":"","payCpf":"","pixkey":"81997930444","account":"22896431","status":"done","order":"A202508131725519222522t8S1f7jR"},"sign":"928F27FDB1C737F101526DC52C708565"}

【2025-08-13 17:26:53】
P2025081317251716717826607----提交：{"custId":"24120300001308","appId":"8241201350","order":"P2025081317251716717826607","sign":"2BA6AB5A304ADA6915FC2B4D7734B95B"}

【2025-08-13 17:26:53】
P2025081317251716717826607----返回：{"code":"000000","msg":"P2025081317251716717826607","data":{"date":"2025-08-13 17:26:32","eid":"E3720544720250813202601220435dbb","amount":"50000","name":"Mayara Evellyn Moura Da Silva","cpf":"13560858496","bankname":"ORBION GAMING LTDA","payBank":"","payCpf":"","pixkey":"81997930444","account":"22896431","status":"done","order":"A202508131725519222522t8S1f7jR"},"sign":"928F27FDB1C737F101526DC52C708565"}

【2025-08-13 17:28:43】
P2025081317132516005723408----提交：{"custId":"24120300001308","appId":"8241201350","order":"P2025081317132516005723408","sign":"A1C84DB28EC71C21808FCD886486DE91"}

【2025-08-13 17:28:43】
P2025081317132516005723408----返回：{"code":"000000","msg":"P2025081317132516005723408","data":{"date":"2025-08-13 17:13:29","eid":"E37205447202508132013260886e2f21","amount":"150","name":"Leandro Estevam Vergilio","cpf":"82817014200","bankname":"ORBION GAMING LTDA","payBank":"","payCpf":"","pixkey":"82817014200","account":"10573521","status":"done","order":"A20250813171325656420jkTmZhHll"},"sign":"BD746C7859985CD6F5813E362F588569"}

【2025-08-13 17:28:51】
P2025081317132516005723408----提交：{"custId":"24120300001308","appId":"8241201350","order":"P2025081317132516005723408","sign":"A1C84DB28EC71C21808FCD886486DE91"}

【2025-08-13 17:28:51】
P2025081317132516005723408----返回：{"code":"000000","msg":"P2025081317132516005723408","data":{"date":"2025-08-13 17:13:29","eid":"E37205447202508132013260886e2f21","amount":"150","name":"Leandro Estevam Vergilio","cpf":"82817014200","bankname":"ORBION GAMING LTDA","payBank":"","payCpf":"","pixkey":"82817014200","account":"10573521","status":"done","order":"A20250813171325656420jkTmZhHll"},"sign":"BD746C7859985CD6F5813E362F588569"}

【2025-08-13 17:30:03】
P2025081317251616716969719----提交：{"custId":"24120300001308","appId":"8241201350","order":"P2025081317251616716969719","sign":"2816BDBE165A9985DD15EDF5FB510221"}

【2025-08-13 17:30:03】
P2025081317251616716969719----返回：{"code":"000000","msg":"P2025081317251616716969719","data":{"date":"2025-08-13 17:30:01","eid":"E3720544720250813202516585e07600","amount":"50","name":"MARIA APARECIDA BENICIO","cpf":"80484557653","bankname":"ORBION GAMING LTDA","payBank":"","payCpf":"","pixkey":"80484557653","account":"22896431","status":"done","order":"A20250813172516310862tMfmbAvbk"},"sign":"2E4F6340695C33C675D6805F9FE02AFD"}

【2025-08-13 17:32:08】
P2025081308501285812616701----提交：{"custId":"24120300001308","appId":"8241201350","order":"P2025081308501285812616701","sign":"7D3B68213BC15D696C6DADFB6D6D430D"}

【2025-08-13 17:32:08】
P2025081308501285812616701----返回：{"code":"000000","msg":"P2025081308501285812616701","data":{"date":"2025-08-13 08:50:15","eid":"E372054472025081311501281995a242","amount":"23","name":"João Carlos Ponti Barboza","cpf":"17130070706","bankname":"ORBION GAMING LTDA","payBank":"","payCpf":"","pixkey":"27998422373","account":"18236120","status":"done","order":"A20250813085012236639bxZfClptP"},"sign":"090E5A2C1445DD54BFC8FF8F25D7A462"}

【2025-08-13 17:32:10】
P2025081308501285812616701----提交：{"custId":"24120300001308","appId":"8241201350","order":"P2025081308501285812616701","sign":"7D3B68213BC15D696C6DADFB6D6D430D"}

【2025-08-13 17:32:10】
P2025081308501285812616701----返回：{"code":"000000","msg":"P2025081308501285812616701","data":{"date":"2025-08-13 08:50:15","eid":"E372054472025081311501281995a242","amount":"23","name":"João Carlos Ponti Barboza","cpf":"17130070706","bankname":"ORBION GAMING LTDA","payBank":"","payCpf":"","pixkey":"27998422373","account":"18236120","status":"done","order":"A20250813085012236639bxZfClptP"},"sign":"090E5A2C1445DD54BFC8FF8F25D7A462"}

【2025-08-13 17:53:49】
P2025081020313268692723560----提交：{"custId":"24120300001308","appId":"8241201350","order":"P2025081020313268692723560","sign":"B98531A8E765141AE4FCFFB1D6617E5E"}

【2025-08-13 17:53:50】
P2025081020313268692723560----返回：{"code":"000000","msg":"P2025081020313268692723560","data":{"date":"2025-08-10 20:31:36","eid":"E37205447202508102331327376de75c","amount":"500","name":"João Carlos Ponti Barboza","cpf":"17130070706","bankname":"ORBION GAMING LTDA","payBank":"","payCpf":"","pixkey":"27998422373","account":"18236120","status":"done","order":"A20250810203132395589taG4eCCQK"},"sign":"ECE1B306F49CD9D4D347D122E4C54EE9"}

【2025-08-13 17:53:52】
P2025081020313268692723560----提交：{"custId":"24120300001308","appId":"8241201350","order":"P2025081020313268692723560","sign":"B98531A8E765141AE4FCFFB1D6617E5E"}

【2025-08-13 17:53:52】
P2025081020313268692723560----返回：{"code":"000000","msg":"P2025081020313268692723560","data":{"date":"2025-08-10 20:31:36","eid":"E37205447202508102331327376de75c","amount":"500","name":"João Carlos Ponti Barboza","cpf":"17130070706","bankname":"ORBION GAMING LTDA","payBank":"","payCpf":"","pixkey":"27998422373","account":"18236120","status":"done","order":"A20250810203132395589taG4eCCQK"},"sign":"ECE1B306F49CD9D4D347D122E4C54EE9"}

