【2025-08-13 01:02:59】
P2025081300120754727099275----提交：{"custId":"24120300001308","appId":"8241201350","order":"P2025081300120754727099275","sign":"28FE861842AE9F6A48CDEBDD2616F972"}

【2025-08-13 01:02:59】
P2025081300120754727099275----返回：{"code":"000000","msg":"P2025081300120754727099275","data":{"date":"2025-08-13 00:12:10","eid":"E37205447202508130312081790ecf34","amount":"168.93","name":"FADIA MACIEL DOS SANTOS","cpf":"50949608220","bankname":"ORBION GAMING LTDA","payBank":"","payCpf":"","pixkey":"50949608220","account":"00416968","status":"done","order":"A20250813001207406284ztMI3cHWV"},"sign":"99BFA755DE1AB851A6B8789B0594504F"}

【2025-08-13 01:03:08】
P2025081300120754727099275----提交：{"custId":"24120300001308","appId":"8241201350","order":"P2025081300120754727099275","sign":"28FE861842AE9F6A48CDEBDD2616F972"}

【2025-08-13 01:03:08】
P2025081300120754727099275----返回：{"code":"000000","msg":"P2025081300120754727099275","data":{"date":"2025-08-13 00:12:10","eid":"E37205447202508130312081790ecf34","amount":"168.93","name":"FADIA MACIEL DOS SANTOS","cpf":"50949608220","bankname":"ORBION GAMING LTDA","payBank":"","payCpf":"","pixkey":"50949608220","account":"00416968","status":"done","order":"A20250813001207406284ztMI3cHWV"},"sign":"99BFA755DE1AB851A6B8789B0594504F"}

【2025-08-13 01:03:32】
P2025081300120054720422464----提交：{"custId":"24120300001308","appId":"8241201350","order":"P2025081300120054720422464","sign":"9DFAE1CDFED1A8F47A47D9E3D937CCFF"}

【2025-08-13 01:03:32】
P2025081300120054720422464----返回：{"code":"000000","msg":"P2025081300120054720422464","data":{"date":"2025-08-13 00:12:05","eid":"E3720544720250813031200815ab79a9","amount":"100","name":"THAIS PIRES DE ATAIDE","cpf":"07163093195","bankname":"ORBION GAMING LTDA","payBank":"","payCpf":"","pixkey":"67984182431","account":"00416968","status":"done","order":"A20250813001200517110EAWGqNjwd"},"sign":"E3745C2411C787709519EE75AA5634DC"}

【2025-08-13 01:03:40】
P2025081300120054720422464----提交：{"custId":"24120300001308","appId":"8241201350","order":"P2025081300120054720422464","sign":"9DFAE1CDFED1A8F47A47D9E3D937CCFF"}

【2025-08-13 01:03:40】
P2025081300120054720422464----返回：{"code":"000000","msg":"P2025081300120054720422464","data":{"date":"2025-08-13 00:12:05","eid":"E3720544720250813031200815ab79a9","amount":"100","name":"THAIS PIRES DE ATAIDE","cpf":"07163093195","bankname":"ORBION GAMING LTDA","payBank":"","payCpf":"","pixkey":"67984182431","account":"00416968","status":"done","order":"A20250813001200517110EAWGqNjwd"},"sign":"E3745C2411C787709519EE75AA5634DC"}

【2025-08-13 01:04:18】
P2025081223013750497403519----提交：{"custId":"24120300001308","appId":"8241201350","order":"P2025081223013750497403519","sign":"D44C4F525A17F46AE73E925ADA185B9A"}

【2025-08-13 01:04:18】
P2025081223013750497403519----返回：{"code":"000000","msg":"P2025081223013750497403519","data":{"date":"2025-08-12 23:01:40","eid":"E3720544720250813020137784d6890c","amount":"100","name":"MARIA D AJUDA BATISTA SANTOS","cpf":"10009679642","bankname":"ORBION GAMING LTDA","payBank":"","payCpf":"","pixkey":"33987043381","account":"22896431","status":"done","order":"A20250812230137402908aGV3har8P"},"sign":"F85E90CF6B99EF0CE41C8418172237D9"}

【2025-08-13 01:04:43】
P2025081223013750497403519----提交：{"custId":"24120300001308","appId":"8241201350","order":"P2025081223013750497403519","sign":"D44C4F525A17F46AE73E925ADA185B9A"}

【2025-08-13 01:04:43】
P2025081223013750497403519----返回：{"code":"000000","msg":"P2025081223013750497403519","data":{"date":"2025-08-12 23:01:40","eid":"E3720544720250813020137784d6890c","amount":"100","name":"MARIA D AJUDA BATISTA SANTOS","cpf":"10009679642","bankname":"ORBION GAMING LTDA","payBank":"","payCpf":"","pixkey":"33987043381","account":"22896431","status":"done","order":"A20250812230137402908aGV3har8P"},"sign":"F85E90CF6B99EF0CE41C8418172237D9"}

【2025-08-13 01:11:12】
P2025081300350256102219856----提交：{"custId":"24120300001308","appId":"8241201350","order":"P2025081300350256102219856","sign":"948572DF93758706BEE88E22C3FE3ACF"}

【2025-08-13 01:11:12】
P2025081300350256102219856----返回：{"code":"000000","msg":"P2025081300350256102219856","data":{"date":"2025-08-13 00:35:05","eid":"E3720544720250813033502899087ceb","amount":"60.22","name":"Francisco Luciano Ferreira Dos Santos","cpf":"04681955485","bankname":"ORBION GAMING LTDA","payBank":"","payCpf":"","pixkey":"04681955485","account":"27098060","status":"done","order":"A20250813003502585620S1Scx59ys"},"sign":"3612059355B98BE727A02DA03017BEF9"}

【2025-08-13 01:11:20】
P2025081300350256102219856----提交：{"custId":"24120300001308","appId":"8241201350","order":"P2025081300350256102219856","sign":"948572DF93758706BEE88E22C3FE3ACF"}

【2025-08-13 01:11:20】
P2025081300350256102219856----返回：{"code":"000000","msg":"P2025081300350256102219856","data":{"date":"2025-08-13 00:35:05","eid":"E3720544720250813033502899087ceb","amount":"60.22","name":"Francisco Luciano Ferreira Dos Santos","cpf":"04681955485","bankname":"ORBION GAMING LTDA","payBank":"","payCpf":"","pixkey":"04681955485","account":"27098060","status":"done","order":"A20250813003502585620S1Scx59ys"},"sign":"3612059355B98BE727A02DA03017BEF9"}

【2025-08-13 01:12:01】
P2025081300104954649535420----提交：{"custId":"24120300001308","appId":"8241201350","order":"P2025081300104954649535420","sign":"17DEC61144F10689310A29423CB0F86B"}

【2025-08-13 01:12:01】
P2025081300104954649535420----返回：{"code":"000000","msg":"P2025081300104954649535420","data":{"date":"2025-08-13 00:10:52","eid":"E37205447202508130310501824b939d","amount":"40","name":"ADRIELE ROCHA DOS SANTOS","cpf":"85867611507","bankname":"ORBION GAMING LTDA","payBank":"","payCpf":"","pixkey":"85867611507","account":"00416968","status":"done","order":"A20250813001049673614aXy8T3ArQ"},"sign":"0F1C415C2FDE407F363E0A41941532C8"}

【2025-08-13 01:12:05】
P2025081300104954649535420----提交：{"custId":"24120300001308","appId":"8241201350","order":"P2025081300104954649535420","sign":"17DEC61144F10689310A29423CB0F86B"}

【2025-08-13 01:12:05】
P2025081300104954649535420----返回：{"code":"000000","msg":"P2025081300104954649535420","data":{"date":"2025-08-13 00:10:52","eid":"E37205447202508130310501824b939d","amount":"40","name":"ADRIELE ROCHA DOS SANTOS","cpf":"85867611507","bankname":"ORBION GAMING LTDA","payBank":"","payCpf":"","pixkey":"85867611507","account":"00416968","status":"done","order":"A20250813001049673614aXy8T3ArQ"},"sign":"0F1C415C2FDE407F363E0A41941532C8"}

【2025-08-13 01:12:06】
P2025081300104954649535420----提交：{"custId":"24120300001308","appId":"8241201350","order":"P2025081300104954649535420","sign":"17DEC61144F10689310A29423CB0F86B"}

【2025-08-13 01:12:06】
P2025081300104954649535420----返回：{"code":"000000","msg":"P2025081300104954649535420","data":{"date":"2025-08-13 00:10:52","eid":"E37205447202508130310501824b939d","amount":"40","name":"ADRIELE ROCHA DOS SANTOS","cpf":"85867611507","bankname":"ORBION GAMING LTDA","payBank":"","payCpf":"","pixkey":"85867611507","account":"00416968","status":"done","order":"A20250813001049673614aXy8T3ArQ"},"sign":"0F1C415C2FDE407F363E0A41941532C8"}

【2025-08-13 01:13:27】
P2025081300145354893435685----提交：{"custId":"24120300001308","appId":"8241201350","order":"P2025081300145354893435685","sign":"846B4F04A167C2BA640791419F3724FB"}

【2025-08-13 01:13:27】
P2025081300145354893435685----返回：{"code":"000000","msg":"P2025081300145354893435685","data":{"date":"2025-08-13 00:14:57","eid":"E37205447202508130314542608a39a5","amount":"1133.85","name":"FRANC DE OLIVEIRA NOGUEIRA","cpf":"15927250742","bankname":"ORBION GAMING LTDA","payBank":"","payCpf":"","pixkey":"15927250742","account":"00416968","status":"done","order":"A20250813001454161022lKq8HlVIv"},"sign":"01961FEDD913BE88DC4480B32B82F823"}

【2025-08-13 01:18:39】
P2025081300144654886549484----提交：{"custId":"24120300001308","appId":"8241201350","order":"P2025081300144654886549484","sign":"F58D45AE734C903E1C4E961BDC6E79DD"}

【2025-08-13 01:18:39】
P2025081300144654886549484----返回：{"code":"000000","msg":"P2025081300144654886549484","data":{"date":"2025-08-13 00:14:49","eid":"E372054472025081303144641966add1","amount":"100","name":"BIANCA CONCEICAO DE AZEVEDO","cpf":"08808372170","bankname":"ORBION GAMING LTDA","payBank":"","payCpf":"","pixkey":"08808372170","account":"00416968","status":"done","order":"A20250813001446271550dVqazw7s4"},"sign":"17DED186F1183CE5090565A0AC89F763"}

【2025-08-13 01:23:08】
P2025081301201358813575755----提交：{"custId":"24120300001308","appId":"8241201350","order":"P2025081301201358813575755","sign":"7C2BC882D14A1AFDDC97E5BA202025C3"}

【2025-08-13 01:23:08】
P2025081301201358813575755----返回：{"code":"000000","msg":"P2025081301201358813575755","data":{"date":"2025-08-13 01:20:15","eid":"E37205447202508130420133779dc675","amount":"50","name":"Thiago Alberto de Souza Silva","cpf":"15098774608","bankname":"ORBION GAMING LTDA","payBank":"","payCpf":"","pixkey":"15098774608","account":"18236120","status":"done","order":"A20250813012013225846DjDdqrfEK"},"sign":"CC4453F498FBED559317E1BDEAFF6D83"}

【2025-08-13 01:23:15】
P2025081301201358813575755----提交：{"custId":"24120300001308","appId":"8241201350","order":"P2025081301201358813575755","sign":"7C2BC882D14A1AFDDC97E5BA202025C3"}

【2025-08-13 01:23:15】
P2025081301201358813575755----返回：{"code":"000000","msg":"P2025081301201358813575755","data":{"date":"2025-08-13 01:20:15","eid":"E37205447202508130420133779dc675","amount":"50","name":"Thiago Alberto de Souza Silva","cpf":"15098774608","bankname":"ORBION GAMING LTDA","payBank":"","payCpf":"","pixkey":"15098774608","account":"18236120","status":"done","order":"A20250813012013225846DjDdqrfEK"},"sign":"CC4453F498FBED559317E1BDEAFF6D83"}

【2025-08-13 01:31:03】
P2025081217381631096912722----提交：{"custId":"24120300001308","appId":"8241201350","order":"P2025081217381631096912722","sign":"4A94D9B570EA9DF0EDFCD2FEDA927ADE"}

【2025-08-13 01:31:03】
P2025081217381631096912722----返回：{"code":"000000","msg":"P2025081217381631096912722","data":{"date":"2025-08-12 17:38:19","eid":"E372054472025081220381698545f267","amount":"50","name":"Angela Valéria Alves da Silva","cpf":"31139351800","bankname":"ORBION GAMING LTDA","payBank":"","payCpf":"","pixkey":"11985426299","account":"18236120","status":"done","order":"A20250812173816063920qkfnLPRlg"},"sign":"57CB9903A20E5AAAD4C032DEB213619C"}

【2025-08-13 01:31:04】
P2025081217381631096912722----提交：{"custId":"24120300001308","appId":"8241201350","order":"P2025081217381631096912722","sign":"4A94D9B570EA9DF0EDFCD2FEDA927ADE"}

【2025-08-13 01:31:04】
P2025081217381631096912722----返回：{"code":"000000","msg":"P2025081217381631096912722","data":{"date":"2025-08-12 17:38:19","eid":"E372054472025081220381698545f267","amount":"50","name":"Angela Valéria Alves da Silva","cpf":"31139351800","bankname":"ORBION GAMING LTDA","payBank":"","payCpf":"","pixkey":"11985426299","account":"18236120","status":"done","order":"A20250812173816063920qkfnLPRlg"},"sign":"57CB9903A20E5AAAD4C032DEB213619C"}

【2025-08-13 01:51:10】
P2025081300133154811654506----提交：{"custId":"24120300001308","appId":"8241201350","order":"P2025081300133154811654506","sign":"0544F1B4270CE4CB43B10357F96A21A5"}

【2025-08-13 01:51:11】
P2025081300133154811654506----返回：{"code":"000000","msg":"P2025081300133154811654506","data":{"date":"2025-08-13 00:13:36","eid":"E3720544720250813031332665204287","amount":"60","name":"ANDRESSA MACIEL DA SILVA","cpf":"00311118232","bankname":"ORBION GAMING LTDA","payBank":"","payCpf":"","pixkey":"00311118232","account":"00416968","status":"done","order":"A202508130013312464519pF2bgQe8"},"sign":"A700F93CF36F9A2990DB1F3B0EB58BE2"}

【2025-08-13 01:51:54】
P2025081300133154811654506----提交：{"custId":"24120300001308","appId":"8241201350","order":"P2025081300133154811654506","sign":"0544F1B4270CE4CB43B10357F96A21A5"}

【2025-08-13 01:51:54】
P2025081300133154811654506----返回：{"code":"000000","msg":"P2025081300133154811654506","data":{"date":"2025-08-13 00:13:36","eid":"E3720544720250813031332665204287","amount":"60","name":"ANDRESSA MACIEL DA SILVA","cpf":"00311118232","bankname":"ORBION GAMING LTDA","payBank":"","payCpf":"","pixkey":"00311118232","account":"00416968","status":"done","order":"A202508130013312464519pF2bgQe8"},"sign":"A700F93CF36F9A2990DB1F3B0EB58BE2"}

