【2025-08-13 14:01:58】
P2025081312263098790316404----提交：{"custId":"24120300001308","appId":"8241201350","order":"P2025081312263098790316404","sign":"528AC32972C1F2470D88136AD263131A"}

【2025-08-13 14:01:59】
P2025081312263098790316404----返回：{"code":"000000","msg":"P2025081312263098790316404","data":{"date":"2025-08-13 12:26:33","eid":"E37205447202508131526309825a55c2","amount":"200","name":"Maria Fernanda Oliveira Silva","cpf":"08284933594","bankname":"ORBION GAMING LTDA","payBank":"","payCpf":"","pixkey":"08284933594","account":"18236120","status":"done","order":"A202508131226302496919nRPRwGmQ"},"sign":"3F40CDFAC4E6853A9AEB5003AE026B0D"}

【2025-08-13 14:02:01】
P2025081312263098790316404----提交：{"custId":"24120300001308","appId":"8241201350","order":"P2025081312263098790316404","sign":"528AC32972C1F2470D88136AD263131A"}

【2025-08-13 14:02:01】
P2025081312263098790316404----返回：{"code":"000000","msg":"P2025081312263098790316404","data":{"date":"2025-08-13 12:26:33","eid":"E37205447202508131526309825a55c2","amount":"200","name":"Maria Fernanda Oliveira Silva","cpf":"08284933594","bankname":"ORBION GAMING LTDA","payBank":"","payCpf":"","pixkey":"08284933594","account":"18236120","status":"done","order":"A202508131226302496919nRPRwGmQ"},"sign":"3F40CDFAC4E6853A9AEB5003AE026B0D"}

【2025-08-13 14:27:34】
P2025081314185405534155006----提交：{"custId":"24120300001308","appId":"8241201350","order":"P2025081314185405534155006","sign":"5E0FC5BCD6718EF98CD284F3BC4721D3"}

【2025-08-13 14:27:35】
P2025081314185405534155006----返回：{"code":"000000","msg":"P2025081314185405534155006","data":{"date":"2025-08-13 14:18:57","eid":"E37205447202508131718548233ae0a1","amount":"70.25","name":"ROSIMEIRE MARIA PEREIRA NUNES","cpf":"80778712249","bankname":"ORBION GAMING LTDA","payBank":"","payCpf":"","pixkey":"80778712249","account":"00360305","status":"done","order":"A20250813141854868299X3A7aStrD"},"sign":"6B5149D215B23F0BD46F561C40F819E1"}

【2025-08-13 14:27:37】
P2025081314185405534155006----提交：{"custId":"24120300001308","appId":"8241201350","order":"P2025081314185405534155006","sign":"5E0FC5BCD6718EF98CD284F3BC4721D3"}

【2025-08-13 14:27:37】
P2025081314185405534155006----返回：{"code":"000000","msg":"P2025081314185405534155006","data":{"date":"2025-08-13 14:18:57","eid":"E37205447202508131718548233ae0a1","amount":"70.25","name":"ROSIMEIRE MARIA PEREIRA NUNES","cpf":"80778712249","bankname":"ORBION GAMING LTDA","payBank":"","payCpf":"","pixkey":"80778712249","account":"00360305","status":"done","order":"A20250813141854868299X3A7aStrD"},"sign":"6B5149D215B23F0BD46F561C40F819E1"}

【2025-08-13 14:30:29】
P2025081313082001300931067----提交：{"custId":"24120300001308","appId":"8241201350","order":"P2025081313082001300931067","sign":"C73FD4DF86FEAFECFBDE90AB0025815D"}

【2025-08-13 14:30:29】
P2025081313082001300931067----返回：{"code":"000000","msg":"P2025081313082001300931067","data":{"date":"2025-08-13 13:08:24","eid":"E372054472025081316082097817e59c","amount":"80","name":"JURANDIR XAVIER DE SA JUNIOR","cpf":"08189635492","bankname":"ORBION GAMING LTDA","payBank":"","payCpf":"","pixkey":"99984001888","account":"22896431","status":"done","order":"A20250813130820905029T9FEEcdlS"},"sign":"221D4D70CF452C153C02542A82B56B89"}

【2025-08-13 14:30:37】
P2025081313170401824688490----提交：{"custId":"24120300001308","appId":"8241201350","order":"P2025081313170401824688490","sign":"DC75D0FC54E5D6B43EB1088F62A31540"}

【2025-08-13 14:30:37】
P2025081313170401824688490----返回：{"code":"000000","msg":"P2025081313170401824688490","data":{"date":"2025-08-13 13:17:08","eid":"E37205447202508131617054610f9173","amount":"70","name":"JURANDIR XAVIER DE SA JUNIOR","cpf":"08189635492","bankname":"ORBION GAMING LTDA","payBank":"","payCpf":"","pixkey":"99984001888","account":"22896431","status":"done","order":"A20250813131705959369bfpyQ2Vhm"},"sign":"91DE747191B97EB512EBB69AFE60A568"}

【2025-08-13 14:33:07】
P2025081314211105671012169----提交：{"custId":"24120300001308","appId":"8241201350","order":"P2025081314211105671012169","sign":"125BCE3F15613520C5C119CD746221DB"}

【2025-08-13 14:33:07】
P2025081314211105671012169----返回：{"code":"000000","msg":"P2025081314211105671012169","data":{"date":"2025-08-13 14:21:13","eid":"E3720544720250813172111617f7e35f","amount":"20","name":"Cleudinete Martins","cpf":"54417317291","bankname":"ORBION GAMING LTDA","payBank":"","payCpf":"","pixkey":"94984045256","account":"18236120","status":"done","order":"A202508131421114283205isAbnCmp"},"sign":"BB6481D54EF695E77A3B72771CF03F5D"}

【2025-08-13 14:33:17】
P2025081314211105671012169----提交：{"custId":"24120300001308","appId":"8241201350","order":"P2025081314211105671012169","sign":"125BCE3F15613520C5C119CD746221DB"}

【2025-08-13 14:33:17】
P2025081314211105671012169----返回：{"code":"000000","msg":"P2025081314211105671012169","data":{"date":"2025-08-13 14:21:13","eid":"E3720544720250813172111617f7e35f","amount":"20","name":"Cleudinete Martins","cpf":"54417317291","bankname":"ORBION GAMING LTDA","payBank":"","payCpf":"","pixkey":"94984045256","account":"18236120","status":"done","order":"A202508131421114283205isAbnCmp"},"sign":"BB6481D54EF695E77A3B72771CF03F5D"}

【2025-08-13 14:36:14】
P2025081314314706307408078----提交：{"custId":"24120300001308","appId":"8241201350","order":"P2025081314314706307408078","sign":"C2D7DBFEFD342B266C009DDBA31712AD"}

【2025-08-13 14:36:14】
P2025081314314706307408078----返回：{"code":"000000","msg":"P2025081314314706307408078","data":{"date":"2025-08-13 14:31:52","eid":"E37205447202508131731485084f6a01","amount":"1600","name":"BLAUDIONIR RODRIGUES DA SILVA","cpf":"37790340344","bankname":"ORBION GAMING LTDA","payBank":"","payCpf":"","pixkey":"37790340344","account":"90400888","status":"done","order":"A20250813143148921365s8uBkLCzw"},"sign":"B78B2CF7DC55CFA2C49A212D5999ADA1"}

【2025-08-13 14:36:28】
P2025081314314706307408078----提交：{"custId":"24120300001308","appId":"8241201350","order":"P2025081314314706307408078","sign":"C2D7DBFEFD342B266C009DDBA31712AD"}

【2025-08-13 14:36:28】
P2025081314314706307408078----返回：{"code":"000000","msg":"P2025081314314706307408078","data":{"date":"2025-08-13 14:31:52","eid":"E37205447202508131731485084f6a01","amount":"1600","name":"BLAUDIONIR RODRIGUES DA SILVA","cpf":"37790340344","bankname":"ORBION GAMING LTDA","payBank":"","payCpf":"","pixkey":"37790340344","account":"90400888","status":"done","order":"A20250813143148921365s8uBkLCzw"},"sign":"B78B2CF7DC55CFA2C49A212D5999ADA1"}

【2025-08-13 14:42:38】
P2025081313082001300931067----提交：{"custId":"24120300001308","appId":"8241201350","order":"P2025081313082001300931067","sign":"C73FD4DF86FEAFECFBDE90AB0025815D"}

【2025-08-13 14:42:38】
P2025081313082001300931067----返回：{"code":"000000","msg":"P2025081313082001300931067","data":{"date":"2025-08-13 13:08:24","eid":"E372054472025081316082097817e59c","amount":"80","name":"JURANDIR XAVIER DE SA JUNIOR","cpf":"08189635492","bankname":"ORBION GAMING LTDA","payBank":"","payCpf":"","pixkey":"99984001888","account":"22896431","status":"done","order":"A20250813130820905029T9FEEcdlS"},"sign":"221D4D70CF452C153C02542A82B56B89"}

