【2025-08-13 00:24:36】
P2025081300122554745032903----提交：{"custId":"24120300001308","appId":"8241201350","order":"P2025081300122554745032903","sign":"C52A08F418B5F2D7859E33C61E18D54B"}

【2025-08-13 00:24:36】
P2025081300122554745032903----返回：{"code":"000000","msg":"P2025081300122554745032903","data":{"date":"2025-08-13 00:12:28","eid":"E3720544720250813031225858ce6941","amount":"70","name":"LARISSA FERNANDES DE OLIVEIRA","cpf":"15442984710","bankname":"ORBION GAMING LTDA","payBank":"","payCpf":"","pixkey":"15442984710","account":"00416968","status":"done","order":"A20250813001225810079dR2eIhuhu"},"sign":"DFA0BCD878578B4EE681250065A9915C"}

【2025-08-13 00:24:42】
P2025081300122554745032903----提交：{"custId":"24120300001308","appId":"8241201350","order":"P2025081300122554745032903","sign":"C52A08F418B5F2D7859E33C61E18D54B"}

【2025-08-13 00:24:43】
P2025081300122554745032903----返回：{"code":"000000","msg":"P2025081300122554745032903","data":{"date":"2025-08-13 00:12:28","eid":"E3720544720250813031225858ce6941","amount":"70","name":"LARISSA FERNANDES DE OLIVEIRA","cpf":"15442984710","bankname":"ORBION GAMING LTDA","payBank":"","payCpf":"","pixkey":"15442984710","account":"00416968","status":"done","order":"A20250813001225810079dR2eIhuhu"},"sign":"DFA0BCD878578B4EE681250065A9915C"}

【2025-08-13 00:25:01】
P2025081300144654886549484----提交：{"custId":"24120300001308","appId":"8241201350","order":"P2025081300144654886549484","sign":"F58D45AE734C903E1C4E961BDC6E79DD"}

【2025-08-13 00:25:01】
P2025081300144654886549484----返回：{"code":"000000","msg":"P2025081300144654886549484","data":{"date":"2025-08-13 00:14:49","eid":"E372054472025081303144641966add1","amount":"100","name":"BIANCA CONCEICAO DE AZEVEDO","cpf":"08808372170","bankname":"ORBION GAMING LTDA","payBank":"","payCpf":"","pixkey":"08808372170","account":"00416968","status":"done","order":"A20250813001446271550dVqazw7s4"},"sign":"17DED186F1183CE5090565A0AC89F763"}

【2025-08-13 00:25:11】
P2025081300144654886549484----提交：{"custId":"24120300001308","appId":"8241201350","order":"P2025081300144654886549484","sign":"F58D45AE734C903E1C4E961BDC6E79DD"}

【2025-08-13 00:25:11】
P2025081300144654886549484----返回：{"code":"000000","msg":"P2025081300144654886549484","data":{"date":"2025-08-13 00:14:49","eid":"E372054472025081303144641966add1","amount":"100","name":"BIANCA CONCEICAO DE AZEVEDO","cpf":"08808372170","bankname":"ORBION GAMING LTDA","payBank":"","payCpf":"","pixkey":"08808372170","account":"00416968","status":"done","order":"A20250813001446271550dVqazw7s4"},"sign":"17DED186F1183CE5090565A0AC89F763"}

【2025-08-13 00:27:54】
P2025081300144854888065839----提交：{"custId":"24120300001308","appId":"8241201350","order":"P2025081300144854888065839","sign":"C1DE8F74F48130317C5994B8DAC77079"}

【2025-08-13 00:27:55】
P2025081300144854888065839----返回：{"code":"000000","msg":"P2025081300144854888065839","data":{"date":"2025-08-13 00:14:51","eid":"E3720544720250813031448655196c0e","amount":"50","name":"LARISSA GIOVANNA MELO DE ALMEIDA","cpf":"02191472214","bankname":"ORBION GAMING LTDA","payBank":"","payCpf":"","pixkey":"02191472214","account":"00416968","status":"done","order":"A20250813001448762168vr7Zymykc"},"sign":"63607DC2123DD938A4413F1E05F6C81D"}

【2025-08-13 00:27:59】
P2025081300144854888065839----提交：{"custId":"24120300001308","appId":"8241201350","order":"P2025081300144854888065839","sign":"C1DE8F74F48130317C5994B8DAC77079"}

【2025-08-13 00:27:59】
P2025081300144854888065839----返回：{"code":"000000","msg":"P2025081300144854888065839","data":{"date":"2025-08-13 00:14:51","eid":"E3720544720250813031448655196c0e","amount":"50","name":"LARISSA GIOVANNA MELO DE ALMEIDA","cpf":"02191472214","bankname":"ORBION GAMING LTDA","payBank":"","payCpf":"","pixkey":"02191472214","account":"00416968","status":"done","order":"A20250813001448762168vr7Zymykc"},"sign":"63607DC2123DD938A4413F1E05F6C81D"}

【2025-08-13 00:29:07】
P2025081300125954779877879----提交：{"custId":"24120300001308","appId":"8241201350","order":"P2025081300125954779877879","sign":"99487BD6E463DAC03B7FF6082AB420F3"}

【2025-08-13 00:29:07】
P2025081300125954779877879----返回：{"code":"000000","msg":"P2025081300125954779877879","data":{"date":"2025-08-13 00:13:03","eid":"E37205447202508130312599457ac751","amount":"300","name":"TABITA CORREIA SOUZA TELES","cpf":"06410831145","bankname":"ORBION GAMING LTDA","payBank":"","payCpf":"","pixkey":"06410831145","account":"00416968","status":"done","order":"A20250813001259926591GWWm9qXIi"},"sign":"7E086298D7CBEE109E21EDC4D8FDF84A"}

【2025-08-13 00:29:11】
P2025081300125954779877879----提交：{"custId":"24120300001308","appId":"8241201350","order":"P2025081300125954779877879","sign":"99487BD6E463DAC03B7FF6082AB420F3"}

【2025-08-13 00:29:11】
P2025081300125954779877879----返回：{"code":"000000","msg":"P2025081300125954779877879","data":{"date":"2025-08-13 00:13:03","eid":"E37205447202508130312599457ac751","amount":"300","name":"TABITA CORREIA SOUZA TELES","cpf":"06410831145","bankname":"ORBION GAMING LTDA","payBank":"","payCpf":"","pixkey":"06410831145","account":"00416968","status":"done","order":"A20250813001259926591GWWm9qXIi"},"sign":"7E086298D7CBEE109E21EDC4D8FDF84A"}

【2025-08-13 00:29:13】
P2025081300125954779877879----提交：{"custId":"24120300001308","appId":"8241201350","order":"P2025081300125954779877879","sign":"99487BD6E463DAC03B7FF6082AB420F3"}

【2025-08-13 00:29:13】
P2025081300125954779877879----返回：{"code":"000000","msg":"P2025081300125954779877879","data":{"date":"2025-08-13 00:13:03","eid":"E37205447202508130312599457ac751","amount":"300","name":"TABITA CORREIA SOUZA TELES","cpf":"06410831145","bankname":"ORBION GAMING LTDA","payBank":"","payCpf":"","pixkey":"06410831145","account":"00416968","status":"done","order":"A20250813001259926591GWWm9qXIi"},"sign":"7E086298D7CBEE109E21EDC4D8FDF84A"}

【2025-08-13 00:29:20】
P2025081300125954779877879----提交：{"custId":"24120300001308","appId":"8241201350","order":"P2025081300125954779877879","sign":"99487BD6E463DAC03B7FF6082AB420F3"}

【2025-08-13 00:29:20】
P2025081300125954779877879----返回：{"code":"000000","msg":"P2025081300125954779877879","data":{"date":"2025-08-13 00:13:03","eid":"E37205447202508130312599457ac751","amount":"300","name":"TABITA CORREIA SOUZA TELES","cpf":"06410831145","bankname":"ORBION GAMING LTDA","payBank":"","payCpf":"","pixkey":"06410831145","account":"00416968","status":"done","order":"A20250813001259926591GWWm9qXIi"},"sign":"7E086298D7CBEE109E21EDC4D8FDF84A"}

【2025-08-13 00:33:16】
P2025081300142954869237717----提交：{"custId":"24120300001308","appId":"8241201350","order":"P2025081300142954869237717","sign":"FB19B3DB2DE9AD80150423A46BB3ABDF"}

【2025-08-13 00:33:16】
P2025081300142954869237717----返回：{"code":"000000","msg":"P2025081300142954869237717","data":{"date":"2025-08-13 00:14:34","eid":"E37205447202508130314302594b8746","amount":"400","name":"CAIO HENRIQUE CAETANO ALVES","cpf":"55184402861","bankname":"ORBION GAMING LTDA","payBank":"","payCpf":"","pixkey":"18996632172","account":"00416968","status":"done","order":"A20250813001429789494LXCyqnADY"},"sign":"ABA12D98297E74C5A07EFE58F04E33F8"}

【2025-08-13 00:33:24】
P2025081300142954869237717----提交：{"custId":"24120300001308","appId":"8241201350","order":"P2025081300142954869237717","sign":"FB19B3DB2DE9AD80150423A46BB3ABDF"}

【2025-08-13 00:33:24】
P2025081300142954869237717----返回：{"code":"000000","msg":"P2025081300142954869237717","data":{"date":"2025-08-13 00:14:34","eid":"E37205447202508130314302594b8746","amount":"400","name":"CAIO HENRIQUE CAETANO ALVES","cpf":"55184402861","bankname":"ORBION GAMING LTDA","payBank":"","payCpf":"","pixkey":"18996632172","account":"00416968","status":"done","order":"A20250813001429789494LXCyqnADY"},"sign":"ABA12D98297E74C5A07EFE58F04E33F8"}

【2025-08-13 00:35:20】
P2025081300291155751632984----提交：{"custId":"24120300001308","appId":"8241201350","order":"P2025081300291155751632984","sign":"634DD9FB1883CC0301512986D28EE481"}

【2025-08-13 00:35:20】
P2025081300291155751632984----返回：{"code":"000000","msg":"P2025081300291155751632984","data":{"date":"2025-08-13 00:29:13","eid":"E3720544720250813032911877b1156d","amount":"29","name":"MARLI BORGES BEZERRA","cpf":"27054876890","bankname":"ORBION GAMING LTDA","payBank":"","payCpf":"","pixkey":"11985206686","account":"60746948","status":"done","order":"A20250813002911160194m8wFdnKF9"},"sign":"4B672BDC8CC70406C1BCC1B8AE3C74FE"}

【2025-08-13 00:35:25】
P2025081300291155751632984----提交：{"custId":"24120300001308","appId":"8241201350","order":"P2025081300291155751632984","sign":"634DD9FB1883CC0301512986D28EE481"}

【2025-08-13 00:35:25】
P2025081300291155751632984----返回：{"code":"000000","msg":"P2025081300291155751632984","data":{"date":"2025-08-13 00:29:13","eid":"E3720544720250813032911877b1156d","amount":"29","name":"MARLI BORGES BEZERRA","cpf":"27054876890","bankname":"ORBION GAMING LTDA","payBank":"","payCpf":"","pixkey":"11985206686","account":"60746948","status":"done","order":"A20250813002911160194m8wFdnKF9"},"sign":"4B672BDC8CC70406C1BCC1B8AE3C74FE"}

【2025-08-13 00:40:50】
P2025081300145354893435685----提交：{"custId":"24120300001308","appId":"8241201350","order":"P2025081300145354893435685","sign":"846B4F04A167C2BA640791419F3724FB"}

【2025-08-13 00:40:50】
P2025081300145354893435685----返回：{"code":"000000","msg":"P2025081300145354893435685","data":{"date":"2025-08-13 00:14:57","eid":"E37205447202508130314542608a39a5","amount":"1133.85","name":"FRANC DE OLIVEIRA NOGUEIRA","cpf":"15927250742","bankname":"ORBION GAMING LTDA","payBank":"","payCpf":"","pixkey":"15927250742","account":"00416968","status":"done","order":"A20250813001454161022lKq8HlVIv"},"sign":"01961FEDD913BE88DC4480B32B82F823"}

【2025-08-13 00:40:52】
P2025081300145354893435685----提交：{"custId":"24120300001308","appId":"8241201350","order":"P2025081300145354893435685","sign":"846B4F04A167C2BA640791419F3724FB"}

【2025-08-13 00:40:52】
P2025081300145354893435685----返回：{"code":"000000","msg":"P2025081300145354893435685","data":{"date":"2025-08-13 00:14:57","eid":"E37205447202508130314542608a39a5","amount":"1133.85","name":"FRANC DE OLIVEIRA NOGUEIRA","cpf":"15927250742","bankname":"ORBION GAMING LTDA","payBank":"","payCpf":"","pixkey":"15927250742","account":"00416968","status":"done","order":"A20250813001454161022lKq8HlVIv"},"sign":"01961FEDD913BE88DC4480B32B82F823"}

【2025-08-13 00:40:59】
P2025081300145354893435685----提交：{"custId":"24120300001308","appId":"8241201350","order":"P2025081300145354893435685","sign":"846B4F04A167C2BA640791419F3724FB"}

【2025-08-13 00:40:59】
P2025081300145354893435685----返回：{"code":"000000","msg":"P2025081300145354893435685","data":{"date":"2025-08-13 00:14:57","eid":"E37205447202508130314542608a39a5","amount":"1133.85","name":"FRANC DE OLIVEIRA NOGUEIRA","cpf":"15927250742","bankname":"ORBION GAMING LTDA","payBank":"","payCpf":"","pixkey":"15927250742","account":"00416968","status":"done","order":"A20250813001454161022lKq8HlVIv"},"sign":"01961FEDD913BE88DC4480B32B82F823"}

【2025-08-13 00:58:41】
P2025081300122554745559135----提交：{"custId":"24120300001308","appId":"8241201350","order":"P2025081300122554745559135","sign":"E068B724B9E0750CF037B424E1D74CEA"}

【2025-08-13 00:58:41】
P2025081300122554745559135----返回：{"code":"000000","msg":"P2025081300122554745559135","data":{"date":"2025-08-13 00:12:28","eid":"E3720544720250813031225859efb83e","amount":"30","name":"KATIA CRISTINA LOPES DO REGO","cpf":"09815364413","bankname":"ORBION GAMING LTDA","payBank":"","payCpf":"","pixkey":"09815364413","account":"00416968","status":"done","order":"A20250813001225642872BCYGc2wQz"},"sign":"FE4D5DA6255A716BA7E1CE73FF35C046"}

【2025-08-13 00:58:48】
P2025081300122554745559135----提交：{"custId":"24120300001308","appId":"8241201350","order":"P2025081300122554745559135","sign":"E068B724B9E0750CF037B424E1D74CEA"}

【2025-08-13 00:58:48】
P2025081300122554745559135----返回：{"code":"000000","msg":"P2025081300122554745559135","data":{"date":"2025-08-13 00:12:28","eid":"E3720544720250813031225859efb83e","amount":"30","name":"KATIA CRISTINA LOPES DO REGO","cpf":"09815364413","bankname":"ORBION GAMING LTDA","payBank":"","payCpf":"","pixkey":"09815364413","account":"00416968","status":"done","order":"A20250813001225642872BCYGc2wQz"},"sign":"FE4D5DA6255A716BA7E1CE73FF35C046"}

