【2025-08-13 23:13:38】
P2025081323130937589345745----提交：{"custId":"24120300001308","appId":"8241201350","order":"P2025081323130937589345745","sign":"AACE4B032F72E3C2BA4DE04FB29BCBD5"}

【2025-08-13 23:13:38】
P2025081323130937589345745----返回：{"code":"000000","msg":"P2025081323130937589345745","data":{"date":"2025-08-13 23:13:15","eid":"E45756448202508140213ptMQcTrHkmE","amount":"596.12","name":"Deuzivania Alves de Castro","cpf":"4470597180","bankname":"null","payBank":"","payCpf":"","pixkey":"04470597180","account":"56799590","status":"done","order":"A20250813231309829168iTb3a7gVY"},"sign":"9EBFE5CA4A6A8FF9261A5654B0F957BF"}

【2025-08-13 23:13:40】
P2025081323130937589345745----提交：{"custId":"24120300001308","appId":"8241201350","order":"P2025081323130937589345745","sign":"AACE4B032F72E3C2BA4DE04FB29BCBD5"}

【2025-08-13 23:13:40】
P2025081323130937589345745----返回：{"code":"000000","msg":"P2025081323130937589345745","data":{"date":"2025-08-13 23:13:15","eid":"E45756448202508140213ptMQcTrHkmE","amount":"596.12","name":"Deuzivania Alves de Castro","cpf":"4470597180","bankname":"null","payBank":"","payCpf":"","pixkey":"04470597180","account":"56799590","status":"done","order":"A20250813231309829168iTb3a7gVY"},"sign":"9EBFE5CA4A6A8FF9261A5654B0F957BF"}

【2025-08-13 23:45:54】
P2025081323343138871646574----提交：{"custId":"24120300001308","appId":"8241201350","order":"P2025081323343138871646574","sign":"063EC2DCEC4788C7A5F778F7B5AB6854"}

【2025-08-13 23:45:54】
P2025081323343138871646574----返回：{"code":"000000","msg":"P2025081323343138871646574","data":{"date":"2025-08-13 23:34:37","eid":"E457564482025081402348jydOetEzkC","amount":"19.6","name":"SANDRA APARECIDA PEREIRA DUARTE","cpf":"58234764004","bankname":"null","payBank":"","payCpf":"","pixkey":"55991134917","account":"226662691","status":"done","order":"A20250813233431906935zQtrRNmjr"},"sign":"07D957931A3C16A127844DE76DACC691"}

【2025-08-13 23:45:58】
P2025081323343138871646574----提交：{"custId":"24120300001308","appId":"8241201350","order":"P2025081323343138871646574","sign":"063EC2DCEC4788C7A5F778F7B5AB6854"}

【2025-08-13 23:45:58】
P2025081323343138871646574----返回：{"code":"000000","msg":"P2025081323343138871646574","data":{"date":"2025-08-13 23:34:37","eid":"E457564482025081402348jydOetEzkC","amount":"19.6","name":"SANDRA APARECIDA PEREIRA DUARTE","cpf":"58234764004","bankname":"null","payBank":"","payCpf":"","pixkey":"55991134917","account":"226662691","status":"done","order":"A20250813233431906935zQtrRNmjr"},"sign":"07D957931A3C16A127844DE76DACC691"}

【2025-08-13 23:46:26】
P2025081320311027870701624----提交：{"custId":"24120300001308","appId":"8241201350","order":"P2025081320311027870701624","sign":"42C69415316E316531EAF48963403CCA"}

【2025-08-13 23:46:26】
P2025081320311027870701624----返回：{"code":"000000","msg":"P2025081320311027870701624","data":{"date":"2025-08-13 20:31:15","eid":"E3720544720250813233111458f77393","amount":"100","name":"FRANCILENE PEREIRA DA SILVA","cpf":"00847936198","bankname":"ORBION GAMING LTDA","payBank":"","payCpf":"","pixkey":"00847936198","account":"00360305","status":"done","order":"A20250813203110733110cx8dNUPzW"},"sign":"DE2CCB6997804265BCC1499685D3A757"}

【2025-08-13 23:52:06】
P2025081323452339523027623----提交：{"custId":"24120300001308","appId":"8241201350","order":"P2025081323452339523027623","sign":"FA9B3BA07FD116265B76E423F47A7C5B"}

【2025-08-13 23:52:06】
P2025081323452339523027623----返回：{"code":"000000","msg":"P2025081323452339523027623","data":{"date":"2025-08-13 23:45:29","eid":"E45756448202508140245gxlquyVTkKc","amount":"100","name":"PRYSCILLA DE MELO NAZARIO","cpf":"71697646441","bankname":"null","payBank":"","payCpf":"","pixkey":"priscillamelo942@gmail.com","account":"641256","status":"done","order":"A20250813234523333457WKsyTxDK4"},"sign":"FF63974A84C51C55F3F48F8AF64F3109"}

【2025-08-13 23:52:22】
P2025081323452339523027623----提交：{"custId":"24120300001308","appId":"8241201350","order":"P2025081323452339523027623","sign":"FA9B3BA07FD116265B76E423F47A7C5B"}

【2025-08-13 23:52:22】
P2025081323452339523027623----返回：{"code":"000000","msg":"P2025081323452339523027623","data":{"date":"2025-08-13 23:45:29","eid":"E45756448202508140245gxlquyVTkKc","amount":"100","name":"PRYSCILLA DE MELO NAZARIO","cpf":"71697646441","bankname":"null","payBank":"","payCpf":"","pixkey":"priscillamelo942@gmail.com","account":"641256","status":"done","order":"A20250813234523333457WKsyTxDK4"},"sign":"FF63974A84C51C55F3F48F8AF64F3109"}

【2025-08-13 23:52:47】
P2025081323452339523027623----提交：{"custId":"24120300001308","appId":"8241201350","order":"P2025081323452339523027623","sign":"FA9B3BA07FD116265B76E423F47A7C5B"}

【2025-08-13 23:52:47】
P2025081323452339523027623----返回：{"code":"000000","msg":"P2025081323452339523027623","data":{"date":"2025-08-13 23:45:29","eid":"E45756448202508140245gxlquyVTkKc","amount":"100","name":"PRYSCILLA DE MELO NAZARIO","cpf":"71697646441","bankname":"null","payBank":"","payCpf":"","pixkey":"priscillamelo942@gmail.com","account":"641256","status":"done","order":"A20250813234523333457WKsyTxDK4"},"sign":"FF63974A84C51C55F3F48F8AF64F3109"}

【2025-08-13 23:54:10】
P2025081323352838928306656----提交：{"custId":"24120300001308","appId":"8241201350","order":"P2025081323352838928306656","sign":"800C6DCDF4E7FA95695B99FC9982B799"}

【2025-08-13 23:54:11】
P2025081323352838928306656----返回：{"code":"000000","msg":"P2025081323352838928306656","data":{"date":"2025-08-13 23:35:33","eid":"E45756448202508140235ezAKOwk9T0i","amount":"60","name":"Rosineide da Conceição Barros","cpf":"6467003322","bankname":"null","payBank":"","payCpf":"","pixkey":"06467003322","account":"740568505","status":"done","order":"A20250813233529599588BpJ8GHSGy"},"sign":"E900469CC552C86AF00356DB74F43067"}

【2025-08-13 23:54:12】
P2025081323352838928306656----提交：{"custId":"24120300001308","appId":"8241201350","order":"P2025081323352838928306656","sign":"800C6DCDF4E7FA95695B99FC9982B799"}

【2025-08-13 23:54:12】
P2025081323352838928306656----返回：{"code":"000000","msg":"P2025081323352838928306656","data":{"date":"2025-08-13 23:35:33","eid":"E45756448202508140235ezAKOwk9T0i","amount":"60","name":"Rosineide da Conceição Barros","cpf":"6467003322","bankname":"null","payBank":"","payCpf":"","pixkey":"06467003322","account":"740568505","status":"done","order":"A20250813233529599588BpJ8GHSGy"},"sign":"E900469CC552C86AF00356DB74F43067"}

【2025-08-13 23:54:18】
P2025081323443939479043038----提交：{"custId":"24120300001308","appId":"8241201350","order":"P2025081323443939479043038","sign":"BC954EA7A2CB58C0CFBF2B66CD553857"}

【2025-08-13 23:54:18】
P2025081323443939479043038----返回：{"code":"000000","msg":"P2025081323443939479043038","data":{"date":"2025-08-13 23:44:45","eid":"E45756448202508140244Vd7tp0oqQEG","amount":"100","name":"Kelly Belo Galdino","cpf":"86490504502","bankname":"null","payBank":"","payCpf":"","pixkey":"71997136309","account":"889592994","status":"done","order":"A20250813234439777440Rm8KTCkKl"},"sign":"DF796F2E83519C202A2D3CE0B731C350"}

【2025-08-13 23:54:38】
P2025081323355238952841517----提交：{"custId":"24120300001308","appId":"8241201350","order":"P2025081323355238952841517","sign":"82EFB542E2A8FE7102948024F08DB6EA"}

【2025-08-13 23:54:38】
P2025081323355238952841517----返回：{"code":"000000","msg":"P2025081323355238952841517","data":{"date":"2025-08-13 23:35:57","eid":"E45756448202508140235UW9ow0M7VUq","amount":"300","name":"PRYSCILLA DE MELO NAZARIO","cpf":"71697646441","bankname":"null","payBank":"","payCpf":"","pixkey":"priscillamelo942@gmail.com","account":"641256","status":"done","order":"A20250813233552225094Zf82k3ZAJ"},"sign":"1845976AD8F278D08379C834341E87DB"}

【2025-08-13 23:54:41】
P2025081323443939479043038----提交：{"custId":"24120300001308","appId":"8241201350","order":"P2025081323443939479043038","sign":"BC954EA7A2CB58C0CFBF2B66CD553857"}

【2025-08-13 23:54:41】
P2025081323443939479043038----返回：{"code":"000000","msg":"P2025081323443939479043038","data":{"date":"2025-08-13 23:44:45","eid":"E45756448202508140244Vd7tp0oqQEG","amount":"100","name":"Kelly Belo Galdino","cpf":"86490504502","bankname":"null","payBank":"","payCpf":"","pixkey":"71997136309","account":"889592994","status":"done","order":"A20250813234439777440Rm8KTCkKl"},"sign":"DF796F2E83519C202A2D3CE0B731C350"}

【2025-08-13 23:54:59】
P2025081323355238952841517----提交：{"custId":"24120300001308","appId":"8241201350","order":"P2025081323355238952841517","sign":"82EFB542E2A8FE7102948024F08DB6EA"}

【2025-08-13 23:54:59】
P2025081323355238952841517----返回：{"code":"000000","msg":"P2025081323355238952841517","data":{"date":"2025-08-13 23:35:57","eid":"E45756448202508140235UW9ow0M7VUq","amount":"300","name":"PRYSCILLA DE MELO NAZARIO","cpf":"71697646441","bankname":"null","payBank":"","payCpf":"","pixkey":"priscillamelo942@gmail.com","account":"641256","status":"done","order":"A20250813233552225094Zf82k3ZAJ"},"sign":"1845976AD8F278D08379C834341E87DB"}

【2025-08-13 23:56:45】
P2025081318315620716131144----提交：{"custId":"24120300001308","appId":"8241201350","order":"P2025081318315620716131144","sign":"D3DA31B559B3BED70F6673A37BAA0073"}

【2025-08-13 23:56:45】
P2025081318315620716131144----返回：{"code":"000000","msg":"P2025081318315620716131144","data":{"date":"2025-08-13 18:32:02","eid":"E457564482025081321310Bgd5AMkOsO","amount":"57","name":"Luan Santos Ribeiro","cpf":"15827552640","bankname":"null","payBank":"","payCpf":"","pixkey":"64993232194","account":"595888868","status":"done","order":"A20250813183156975785mtdTVJZMl"},"sign":"8856F2051580EE7D85DA438B185D765E"}

【2025-08-13 23:56:49】
P2025081318315620716131144----提交：{"custId":"24120300001308","appId":"8241201350","order":"P2025081318315620716131144","sign":"D3DA31B559B3BED70F6673A37BAA0073"}

【2025-08-13 23:56:49】
P2025081318315620716131144----返回：{"code":"000000","msg":"P2025081318315620716131144","data":{"date":"2025-08-13 18:32:02","eid":"E457564482025081321310Bgd5AMkOsO","amount":"57","name":"Luan Santos Ribeiro","cpf":"15827552640","bankname":"null","payBank":"","payCpf":"","pixkey":"64993232194","account":"595888868","status":"done","order":"A20250813183156975785mtdTVJZMl"},"sign":"8856F2051580EE7D85DA438B185D765E"}

【2025-08-13 23:56:49】
P2025081323350838908983420----提交：{"custId":"24120300001308","appId":"8241201350","order":"P2025081323350838908983420","sign":"77C83CA9483E9E91CF433C4CE9945E06"}

【2025-08-13 23:56:49】
P2025081323350838908983420----返回：{"code":"000000","msg":"P2025081323350838908983420","data":{"date":"2025-08-13 23:35:14","eid":"E45756448202508140235Mk1qQYfS0CW","amount":"100","name":"PRYSCILLA DE MELO NAZARIO","cpf":"71697646441","bankname":"null","payBank":"","payCpf":"","pixkey":"priscillamelo942@gmail.com","account":"641256","status":"done","order":"A20250813233508483621RP9fSn6LI"},"sign":"332551512416945207B0E04722BCD22D"}

【2025-08-13 23:56:59】
P2025081323324538765407430----提交：{"custId":"24120300001308","appId":"8241201350","order":"P2025081323324538765407430","sign":"5574D1070ED626139182BED0999D4979"}

【2025-08-13 23:56:59】
P2025081323324538765407430----返回：{"code":"000000","msg":"P2025081323324538765407430","data":{"date":"2025-08-13 23:32:50","eid":"E457564482025081402329fj82rpEqMh","amount":"100","name":"Tauane de Jesus Pereira","cpf":"12000317502","bankname":"null","payBank":"","payCpf":"","pixkey":"12000317502","account":"892309648","status":"done","order":"A20250813233245166268APb5iVDmp"},"sign":"79D7BBBFE8A4CDA26500260B3615BC08"}

【2025-08-13 23:57:01】
P2025081323350838908983420----提交：{"custId":"24120300001308","appId":"8241201350","order":"P2025081323350838908983420","sign":"77C83CA9483E9E91CF433C4CE9945E06"}

【2025-08-13 23:57:01】
P2025081323350838908983420----返回：{"code":"000000","msg":"P2025081323350838908983420","data":{"date":"2025-08-13 23:35:14","eid":"E45756448202508140235Mk1qQYfS0CW","amount":"100","name":"PRYSCILLA DE MELO NAZARIO","cpf":"71697646441","bankname":"null","payBank":"","payCpf":"","pixkey":"priscillamelo942@gmail.com","account":"641256","status":"done","order":"A20250813233508483621RP9fSn6LI"},"sign":"332551512416945207B0E04722BCD22D"}

【2025-08-13 23:57:13】
P2025081323324538765407430----提交：{"custId":"24120300001308","appId":"8241201350","order":"P2025081323324538765407430","sign":"5574D1070ED626139182BED0999D4979"}

【2025-08-13 23:57:13】
P2025081323324538765407430----返回：{"code":"000000","msg":"P2025081323324538765407430","data":{"date":"2025-08-13 23:32:50","eid":"E457564482025081402329fj82rpEqMh","amount":"100","name":"Tauane de Jesus Pereira","cpf":"12000317502","bankname":"null","payBank":"","payCpf":"","pixkey":"12000317502","account":"892309648","status":"done","order":"A20250813233245166268APb5iVDmp"},"sign":"79D7BBBFE8A4CDA26500260B3615BC08"}

