【2025-08-13 08:07:50】
P2025081306403578035667609----提交：{"custId":"24120300001308","appId":"8241201350","order":"P2025081306403578035667609","sign":"C71000FDD05DFBD101F8AB8A508F607E"}

【2025-08-13 08:07:50】
P2025081306403578035667609----返回：{"code":"000000","msg":"P2025081306403578035667609","data":{"date":"2025-08-13 06:40:41","eid":"E45756448202508130940lsJuPjZ8kUa","amount":"40","name":"Nubia Sofia Ferreira Santos","cpf":"13028484617","bankname":"null","payBank":"","payCpf":"","pixkey":"38999501735","account":"771875088","status":"done","order":"A20250813064036433272X9rgHslCZ"},"sign":"D63C6A7CBA6C948B1DF847DF2D4AF0D8"}

【2025-08-13 08:08:06】
P2025081306403578035667609----提交：{"custId":"24120300001308","appId":"8241201350","order":"P2025081306403578035667609","sign":"C71000FDD05DFBD101F8AB8A508F607E"}

【2025-08-13 08:08:06】
P2025081306403578035667609----返回：{"code":"000000","msg":"P2025081306403578035667609","data":{"date":"2025-08-13 06:40:41","eid":"E45756448202508130940lsJuPjZ8kUa","amount":"40","name":"Nubia Sofia Ferreira Santos","cpf":"13028484617","bankname":"null","payBank":"","payCpf":"","pixkey":"38999501735","account":"771875088","status":"done","order":"A20250813064036433272X9rgHslCZ"},"sign":"D63C6A7CBA6C948B1DF847DF2D4AF0D8"}

【2025-08-13 08:20:59】
P2025081208582399903475147----提交：{"custId":"24120300001308","appId":"8241201350","order":"P2025081208582399903475147","sign":"B5BCE514EB3B3CD4C0BBC952A22546D9"}

【2025-08-13 08:20:59】
P2025081208582399903475147----返回：{"code":"000000","msg":"P2025081208582399903475147","data":{"date":"2025-08-12 08:58:25","eid":"E3720544720250812115823615692e23","amount":"270","name":"ROZANGELA LEITAO","cpf":"00554373203","bankname":"ORBION GAMING LTDA","payBank":"","payCpf":"","pixkey":"00554373203","account":"00360305","status":"done","order":"A20250812085823311865DZKiiWBqa"},"sign":"7E4609290CA6E2CA9F446A8EEE22F0E9"}

【2025-08-13 08:21:13】
P2025081208582399903475147----提交：{"custId":"24120300001308","appId":"8241201350","order":"P2025081208582399903475147","sign":"B5BCE514EB3B3CD4C0BBC952A22546D9"}

【2025-08-13 08:21:13】
P2025081208582399903475147----返回：{"code":"000000","msg":"P2025081208582399903475147","data":{"date":"2025-08-12 08:58:25","eid":"E3720544720250812115823615692e23","amount":"270","name":"ROZANGELA LEITAO","cpf":"00554373203","bankname":"ORBION GAMING LTDA","payBank":"","payCpf":"","pixkey":"00554373203","account":"00360305","status":"done","order":"A20250812085823311865DZKiiWBqa"},"sign":"7E4609290CA6E2CA9F446A8EEE22F0E9"}

【2025-08-13 08:29:08】
P2025081308193183971789817----提交：{"custId":"24120300001308","appId":"8241201350","order":"P2025081308193183971789817","sign":"7E1F3912AB0153BB4C779C8FE7020431"}

【2025-08-13 08:29:08】
P2025081308193183971789817----返回：{"code":"000000","msg":"P2025081308193183971789817","data":{"date":"2025-08-13 08:23:08","eid":"E37205447202508131119315417be003","amount":"40","name":"MATHEUS MELLO DA SILVA","cpf":"08075876210","bankname":"ORBION GAMING LTDA","payBank":"","payCpf":"","pixkey":"08075876210","account":"60701190","status":"done","order":"A20250813081931006759zJrfpui74"},"sign":"D75A38BE5E570A87EAC9E3ED985F2BC6"}

【2025-08-13 08:29:16】
P2025081308193183971789817----提交：{"custId":"24120300001308","appId":"8241201350","order":"P2025081308193183971789817","sign":"7E1F3912AB0153BB4C779C8FE7020431"}

【2025-08-13 08:29:16】
P2025081308193183971789817----返回：{"code":"000000","msg":"P2025081308193183971789817","data":{"date":"2025-08-13 08:23:08","eid":"E37205447202508131119315417be003","amount":"40","name":"MATHEUS MELLO DA SILVA","cpf":"08075876210","bankname":"ORBION GAMING LTDA","payBank":"","payCpf":"","pixkey":"08075876210","account":"60701190","status":"done","order":"A20250813081931006759zJrfpui74"},"sign":"D75A38BE5E570A87EAC9E3ED985F2BC6"}

【2025-08-13 08:29:17】
P2025081308193183971789817----提交：{"custId":"24120300001308","appId":"8241201350","order":"P2025081308193183971789817","sign":"7E1F3912AB0153BB4C779C8FE7020431"}

【2025-08-13 08:29:17】
P2025081308193183971789817----返回：{"code":"000000","msg":"P2025081308193183971789817","data":{"date":"2025-08-13 08:23:08","eid":"E37205447202508131119315417be003","amount":"40","name":"MATHEUS MELLO DA SILVA","cpf":"08075876210","bankname":"ORBION GAMING LTDA","payBank":"","payCpf":"","pixkey":"08075876210","account":"60701190","status":"done","order":"A20250813081931006759zJrfpui74"},"sign":"D75A38BE5E570A87EAC9E3ED985F2BC6"}

【2025-08-13 08:31:56】
P2025062813530329583845289----提交：{"custId":"24120300001308","appId":"8241201350","order":"P2025062813530329583845289","sign":"20E59DEFC0483D500DC0B26EBF306631"}

【2025-08-13 08:31:57】
P2025062813530329583845289----返回：{"code":"000000","msg":"P2025062813530329583845289","data":{"date":"2025-06-28 13:54:11","eid":"E14483955202506281654JCPHO50ZG83","amount":"20","name":"EMERSON FERREIRA COSTA","cpf":"***.647.432-**","bankname":"60746948","payBank":"","payCpf":"","pixkey":"ec7739695@gmail.com","account":"ec7739695@gmail.com","status":"done","order":"A20250628135401574153B1icKnTTz"},"sign":"C9F502F76B8F51388360CACC2AD0C248"}

【2025-08-13 08:44:33】
P2025081308364485004626997----提交：{"custId":"24120300001308","appId":"8241201350","order":"P2025081308364485004626997","sign":"E407F429D7B3924581F4AB808898C1C4"}

【2025-08-13 08:44:33】
P2025081308364485004626997----返回：{"code":"000000","msg":"P2025081308364485004626997","data":{"date":"2025-08-13 08:44:12","eid":"E3720544720250813114408895f3e117","amount":"11500","name":"BRUNO DE ASSIS LEMOS SOARES             ","cpf":"02745939122","bankname":"ORBION GAMING LTDA","payBank":"","payCpf":"","pixkey":"02745939122","account":"60746948","status":"done","order":"A202508130844018959883v1szvMRb"},"sign":"F2249E18AB759CE32FD0E2BCA4980622"}

