【2025-08-13 21:12:41】
P2025081311210894868106279----提交：{"custId":"24120300001308","appId":"8241201350","order":"P2025081311210894868106279","sign":"4B584CE05F85D7FDBCEECA5438604AA2"}

【2025-08-13 21:12:41】
P2025081311210894868106279----返回：{"code":"000000","msg":"P2025081311210894868106279","data":{"date":"2025-08-13 11:21:12","eid":"E372054472025081314210898385a5e1","amount":"20","name":"ELESSANDRO NUNES","cpf":"00157122220","bankname":"ORBION GAMING LTDA","payBank":"","payCpf":"","pixkey":"69993414613","account":"00360305","status":"done","order":"A20250813112108279275pYHItWzGs"},"sign":"CFB86279A18B5CB7D906C218E2CBE048"}

【2025-08-13 21:12:45】
P2025081311210894868106279----提交：{"custId":"24120300001308","appId":"8241201350","order":"P2025081311210894868106279","sign":"4B584CE05F85D7FDBCEECA5438604AA2"}

【2025-08-13 21:12:45】
P2025081311210894868106279----返回：{"code":"000000","msg":"P2025081311210894868106279","data":{"date":"2025-08-13 11:21:12","eid":"E372054472025081314210898385a5e1","amount":"20","name":"ELESSANDRO NUNES","cpf":"00157122220","bankname":"ORBION GAMING LTDA","payBank":"","payCpf":"","pixkey":"69993414613","account":"00360305","status":"done","order":"A20250813112108279275pYHItWzGs"},"sign":"CFB86279A18B5CB7D906C218E2CBE048"}

【2025-08-13 21:31:27】
P2025081321241931059673365----提交：{"custId":"24120300001308","appId":"8241201350","order":"P2025081321241931059673365","sign":"B81ACFF43823B7E03FA7F84C4016F768"}

【2025-08-13 21:31:27】
P2025081321241931059673365----返回：{"code":"000000","msg":"P2025081321241931059673365","data":{"date":"2025-08-13 21:24:23","eid":"E3720544720250814002420095cdfe13","amount":"300","name":"Jessica Gonçalves Machado","cpf":"05983545574","bankname":"ORBION GAMING LTDA","payBank":"","payCpf":"","pixkey":"73998314391","account":"18236120","status":"done","order":"A20250813212419297209CPWSq9L3K"},"sign":"705554B5258724E830234EB2CFFBEF47"}

【2025-08-13 21:31:34】
P2025081321241931059673365----提交：{"custId":"24120300001308","appId":"8241201350","order":"P2025081321241931059673365","sign":"B81ACFF43823B7E03FA7F84C4016F768"}

【2025-08-13 21:31:34】
P2025081321241931059673365----返回：{"code":"000000","msg":"P2025081321241931059673365","data":{"date":"2025-08-13 21:24:23","eid":"E3720544720250814002420095cdfe13","amount":"300","name":"Jessica Gonçalves Machado","cpf":"05983545574","bankname":"ORBION GAMING LTDA","payBank":"","payCpf":"","pixkey":"73998314391","account":"18236120","status":"done","order":"A20250813212419297209CPWSq9L3K"},"sign":"705554B5258724E830234EB2CFFBEF47"}

【2025-08-13 21:52:49】
P2025081320255527555942542----提交：{"custId":"24120300001308","appId":"8241201350","order":"P2025081320255527555942542","sign":"C12CFEBA95353592B79FD1FCFDD7A8ED"}

【2025-08-13 21:52:50】
P2025081320255527555942542----返回：{"code":"000000","msg":"P2025081320255527555942542","data":{"date":"2025-08-13 20:25:57","eid":"E3720544720250813232555938e435cf","amount":"200","name":"DELMA ALBUQUERQUE AGUIAR","cpf":"98053353215","bankname":"ORBION GAMING LTDA","payBank":"","payCpf":"","pixkey":"96991148480","account":"00000000","status":"done","order":"A20250813202555338546v7uSy7C3f"},"sign":"F7AB49048B1682B4A5F630C6FFA06013"}

【2025-08-13 21:53:05】
P2025081320255527555942542----提交：{"custId":"24120300001308","appId":"8241201350","order":"P2025081320255527555942542","sign":"C12CFEBA95353592B79FD1FCFDD7A8ED"}

【2025-08-13 21:53:05】
P2025081320255527555942542----返回：{"code":"000000","msg":"P2025081320255527555942542","data":{"date":"2025-08-13 20:25:57","eid":"E3720544720250813232555938e435cf","amount":"200","name":"DELMA ALBUQUERQUE AGUIAR","cpf":"98053353215","bankname":"ORBION GAMING LTDA","payBank":"","payCpf":"","pixkey":"96991148480","account":"00000000","status":"done","order":"A20250813202555338546v7uSy7C3f"},"sign":"F7AB49048B1682B4A5F630C6FFA06013"}

【2025-08-13 21:53:32】
P2025081320255527555942542----提交：{"custId":"24120300001308","appId":"8241201350","order":"P2025081320255527555942542","sign":"C12CFEBA95353592B79FD1FCFDD7A8ED"}

【2025-08-13 21:53:33】
P2025081320255527555942542----返回：{"code":"000000","msg":"P2025081320255527555942542","data":{"date":"2025-08-13 20:25:57","eid":"E3720544720250813232555938e435cf","amount":"200","name":"DELMA ALBUQUERQUE AGUIAR","cpf":"98053353215","bankname":"ORBION GAMING LTDA","payBank":"","payCpf":"","pixkey":"96991148480","account":"00000000","status":"done","order":"A20250813202555338546v7uSy7C3f"},"sign":"F7AB49048B1682B4A5F630C6FFA06013"}

【2025-08-13 21:56:29】
P2025081320255527555942542----提交：{"custId":"24120300001308","appId":"8241201350","order":"P2025081320255527555942542","sign":"C12CFEBA95353592B79FD1FCFDD7A8ED"}

【2025-08-13 21:56:30】
P2025081320255527555942542----返回：{"code":"000000","msg":"P2025081320255527555942542","data":{"date":"2025-08-13 20:25:57","eid":"E3720544720250813232555938e435cf","amount":"200","name":"DELMA ALBUQUERQUE AGUIAR","cpf":"98053353215","bankname":"ORBION GAMING LTDA","payBank":"","payCpf":"","pixkey":"96991148480","account":"00000000","status":"done","order":"A20250813202555338546v7uSy7C3f"},"sign":"F7AB49048B1682B4A5F630C6FFA06013"}

【2025-08-13 21:58:08】
P2025081321484532525541190----提交：{"custId":"24120300001308","appId":"8241201350","order":"P2025081321484532525541190","sign":"9B4FC531B2254382BB714D556DE667B8"}

【2025-08-13 21:58:08】
P2025081321484532525541190----返回：{"code":"000000","msg":"P2025081321484532525541190","data":{"date":"2025-08-13 21:48:48","eid":"E372054472025081400484569430657f","amount":"50","name":"RODRIGO GUIMARAES PEDROSO","cpf":"00987012150","bankname":"ORBION GAMING LTDA","payBank":"","payCpf":"","pixkey":"digao.mt@gmail.com","account":"54403563","status":"done","order":"A20250813214845325154NCHSm51U2"},"sign":"C45FD39E704744F5127B035AA1AF477C"}

【2025-08-13 21:58:10】
P2025081321484532525541190----提交：{"custId":"24120300001308","appId":"8241201350","order":"P2025081321484532525541190","sign":"9B4FC531B2254382BB714D556DE667B8"}

【2025-08-13 21:58:11】
P2025081321484532525541190----返回：{"code":"000000","msg":"P2025081321484532525541190","data":{"date":"2025-08-13 21:48:48","eid":"E372054472025081400484569430657f","amount":"50","name":"RODRIGO GUIMARAES PEDROSO","cpf":"00987012150","bankname":"ORBION GAMING LTDA","payBank":"","payCpf":"","pixkey":"digao.mt@gmail.com","account":"54403563","status":"done","order":"A20250813214845325154NCHSm51U2"},"sign":"C45FD39E704744F5127B035AA1AF477C"}

【2025-08-13 21:59:45】
P2025081321400932009514225----提交：{"custId":"24120300001308","appId":"8241201350","order":"P2025081321400932009514225","sign":"DC8438FA3DB6C5D257F42D03B89D8739"}

【2025-08-13 21:59:46】
P2025081321400932009514225----返回：{"code":"000000","msg":"P2025081321400932009514225","data":{"date":"2025-08-13 21:40:15","eid":"E3720544720250814004011297ab56d9","amount":"200","name":"RODRIGO GUIMARAES PEDROSO","cpf":"00987012150","bankname":"ORBION GAMING LTDA","payBank":"","payCpf":"","pixkey":"digao.mt@gmail.com","account":"54403563","status":"done","order":"A20250813214010720421mrHWe2ign"},"sign":"A7BC10F4FBC215C1BE68068FC0DF3147"}

【2025-08-13 21:59:56】
P2025081321400932009514225----提交：{"custId":"24120300001308","appId":"8241201350","order":"P2025081321400932009514225","sign":"DC8438FA3DB6C5D257F42D03B89D8739"}

【2025-08-13 21:59:57】
P2025081321400932009514225----返回：{"code":"000000","msg":"P2025081321400932009514225","data":{"date":"2025-08-13 21:40:15","eid":"E3720544720250814004011297ab56d9","amount":"200","name":"RODRIGO GUIMARAES PEDROSO","cpf":"00987012150","bankname":"ORBION GAMING LTDA","payBank":"","payCpf":"","pixkey":"digao.mt@gmail.com","account":"54403563","status":"done","order":"A20250813214010720421mrHWe2ign"},"sign":"A7BC10F4FBC215C1BE68068FC0DF3147"}

