【2025-08-13 11:15:36】
P2025081309395688796917516----提交：{"custId":"24120300001308","appId":"8241201350","order":"P2025081309395688796917516","sign":"E3147C28919E2E8B7BB20E66D35546C2"}

【2025-08-13 11:15:36】
P2025081309395688796917516----返回：{"code":"000000","msg":"P2025081309395688796917516","data":{"date":"2025-08-13 09:40:02","eid":"E45756448202508131239lbzilu21Ska","amount":"40","name":"JOAO MARCUS FERREIRA DE PAULA","cpf":"13979358631","bankname":"null","payBank":"","payCpf":"","pixkey":"13979358631","account":"10988203","status":"done","order":"A20250813093956050310pnUZemhha"},"sign":"310E810F79458CDB798FE8C5CD9EC65C"}

【2025-08-13 11:34:06】
P2025081307290580945711845----提交：{"custId":"24120300001308","appId":"8241201350","order":"P2025081307290580945711845","sign":"E3A120BD5DD6B62BF63C00013381AF38"}

【2025-08-13 11:34:06】
P2025081307290580945711845----返回：{"code":"000000","msg":"P2025081307290580945711845","data":{"date":"2025-08-13 07:29:08","eid":"E37205447202508131029054557dc7bb","amount":"147","name":"Maria Juliana Dos Santos Silva","cpf":"15254462400","bankname":"ORBION GAMING LTDA","payBank":"","payCpf":"","pixkey":"15254462400","account":"22896431","status":"done","order":"A202508130729055171453tiecDdk1"},"sign":"CC24919C629D8D7713D2B1EC19367AD9"}

【2025-08-13 11:34:12】
P2025081307290580945711845----提交：{"custId":"24120300001308","appId":"8241201350","order":"P2025081307290580945711845","sign":"E3A120BD5DD6B62BF63C00013381AF38"}

【2025-08-13 11:34:12】
P2025081307290580945711845----返回：{"code":"000000","msg":"P2025081307290580945711845","data":{"date":"2025-08-13 07:29:08","eid":"E37205447202508131029054557dc7bb","amount":"147","name":"Maria Juliana Dos Santos Silva","cpf":"15254462400","bankname":"ORBION GAMING LTDA","payBank":"","payCpf":"","pixkey":"15254462400","account":"22896431","status":"done","order":"A202508130729055171453tiecDdk1"},"sign":"CC24919C629D8D7713D2B1EC19367AD9"}

【2025-08-13 11:41:25】
P2025081311345395693207063----提交：{"custId":"24120300001308","appId":"8241201350","order":"P2025081311345395693207063","sign":"2C50C398E9A2C8852E58A3AF90F3A0C6"}

【2025-08-13 11:41:26】
P2025081311345395693207063----返回：{"code":"000000","msg":"P2025081311345395693207063","data":{"date":"2025-08-13 11:34:55","eid":"E3720544720250813143453948e3661d","amount":"210","name":"Leandro do Nascimento Cassimiro","cpf":"08221935158","bankname":"ORBION GAMING LTDA","payBank":"","payCpf":"","pixkey":"08221935158","account":"18236120","status":"done","order":"A20250813113453208383AhRaAVpy8"},"sign":"9861058D69C0540CB9DE7A9A9AAF384F"}

【2025-08-13 11:41:28】
P2025081311345395693207063----提交：{"custId":"24120300001308","appId":"8241201350","order":"P2025081311345395693207063","sign":"2C50C398E9A2C8852E58A3AF90F3A0C6"}

【2025-08-13 11:41:28】
P2025081311345395693207063----返回：{"code":"000000","msg":"P2025081311345395693207063","data":{"date":"2025-08-13 11:34:55","eid":"E3720544720250813143453948e3661d","amount":"210","name":"Leandro do Nascimento Cassimiro","cpf":"08221935158","bankname":"ORBION GAMING LTDA","payBank":"","payCpf":"","pixkey":"08221935158","account":"18236120","status":"done","order":"A20250813113453208383AhRaAVpy8"},"sign":"9861058D69C0540CB9DE7A9A9AAF384F"}

