【2025-08-13 09:04:26】
P2025081019515566315586613----提交：{"custId":"24120300001308","appId":"8241201350","order":"P2025081019515566315586613","sign":"3EA149B025CFA1486F3D39804AE1554F"}

【2025-08-13 09:04:26】
P2025081019515566315586613----返回：{"code":"000000","msg":"P2025081019515566315586613","data":{"date":"2025-08-10 19:51:59","eid":"E37205447202508102251561732a98e0","amount":"50","name":"Geovania Ferreira","cpf":"16673277637","bankname":"ORBION GAMING LTDA","payBank":"","payCpf":"","pixkey":"38991103645","account":"18236120","status":"done","order":"A202508101951563100048sMNb1zXH"},"sign":"26B2BFC50A34E3169E711BBD8EBEB573"}

【2025-08-13 09:04:57】
P2025081019515566315586613----提交：{"custId":"24120300001308","appId":"8241201350","order":"P2025081019515566315586613","sign":"3EA149B025CFA1486F3D39804AE1554F"}

【2025-08-13 09:04:57】
P2025081019515566315586613----返回：{"code":"000000","msg":"P2025081019515566315586613","data":{"date":"2025-08-10 19:51:59","eid":"E37205447202508102251561732a98e0","amount":"50","name":"Geovania Ferreira","cpf":"16673277637","bankname":"ORBION GAMING LTDA","payBank":"","payCpf":"","pixkey":"38991103645","account":"18236120","status":"done","order":"A202508101951563100048sMNb1zXH"},"sign":"26B2BFC50A34E3169E711BBD8EBEB573"}

【2025-08-13 09:29:20】
P2025081309240387843019555----提交：{"custId":"24120300001308","appId":"8241201350","order":"P2025081309240387843019555","sign":"80E4B312513CD788017236E980409576"}

【2025-08-13 09:29:20】
P2025081309240387843019555----返回：{"code":"000000","msg":"P2025081309240387843019555","data":{"date":"2025-08-13 09:24:09","eid":"E45756448202508131224IJGje47A7EC","amount":"1000","name":"Taise Bezerra da Cruz","cpf":"12059345456","bankname":"null","payBank":"","payCpf":"","pixkey":"87991203955","account":"152806726","status":"done","order":"A20250813092403120192w6NkpRPFI"},"sign":"FF9345ECFA36606924649A4033CBE3BD"}

【2025-08-13 09:29:43】
P2025081309240387843019555----提交：{"custId":"24120300001308","appId":"8241201350","order":"P2025081309240387843019555","sign":"80E4B312513CD788017236E980409576"}

【2025-08-13 09:29:43】
P2025081309240387843019555----返回：{"code":"000000","msg":"P2025081309240387843019555","data":{"date":"2025-08-13 09:24:09","eid":"E45756448202508131224IJGje47A7EC","amount":"1000","name":"Taise Bezerra da Cruz","cpf":"12059345456","bankname":"null","payBank":"","payCpf":"","pixkey":"87991203955","account":"152806726","status":"done","order":"A20250813092403120192w6NkpRPFI"},"sign":"FF9345ECFA36606924649A4033CBE3BD"}

【2025-08-13 09:29:54】
P2025081309240387843019555----提交：{"custId":"24120300001308","appId":"8241201350","order":"P2025081309240387843019555","sign":"80E4B312513CD788017236E980409576"}

【2025-08-13 09:29:54】
P2025081309240387843019555----返回：{"code":"000000","msg":"P2025081309240387843019555","data":{"date":"2025-08-13 09:24:09","eid":"E45756448202508131224IJGje47A7EC","amount":"1000","name":"Taise Bezerra da Cruz","cpf":"12059345456","bankname":"null","payBank":"","payCpf":"","pixkey":"87991203955","account":"152806726","status":"done","order":"A20250813092403120192w6NkpRPFI"},"sign":"FF9345ECFA36606924649A4033CBE3BD"}

【2025-08-13 09:52:55】
P2025081309395688796917516----提交：{"custId":"24120300001308","appId":"8241201350","order":"P2025081309395688796917516","sign":"E3147C28919E2E8B7BB20E66D35546C2"}

【2025-08-13 09:52:55】
P2025081309395688796917516----返回：{"code":"000000","msg":"P2025081309395688796917516","data":{"date":"2025-08-13 09:40:02","eid":"E45756448202508131239lbzilu21Ska","amount":"40","name":"JOAO MARCUS FERREIRA DE PAULA","cpf":"13979358631","bankname":"null","payBank":"","payCpf":"","pixkey":"13979358631","account":"10988203","status":"done","order":"A20250813093956050310pnUZemhha"},"sign":"310E810F79458CDB798FE8C5CD9EC65C"}

【2025-08-13 09:53:52】
P2025081309395688796917516----提交：{"custId":"24120300001308","appId":"8241201350","order":"P2025081309395688796917516","sign":"E3147C28919E2E8B7BB20E66D35546C2"}

【2025-08-13 09:53:52】
P2025081309395688796917516----返回：{"code":"000000","msg":"P2025081309395688796917516","data":{"date":"2025-08-13 09:40:02","eid":"E45756448202508131239lbzilu21Ska","amount":"40","name":"JOAO MARCUS FERREIRA DE PAULA","cpf":"13979358631","bankname":"null","payBank":"","payCpf":"","pixkey":"13979358631","account":"10988203","status":"done","order":"A20250813093956050310pnUZemhha"},"sign":"310E810F79458CDB798FE8C5CD9EC65C"}

