【2025-08-13 02:00:17】
P2025081301520260722654730----提交：{"custId":"24120300001308","appId":"8241201350","order":"P2025081301520260722654730","sign":"93D43B29775E3AE45685E00162B5E06C"}

【2025-08-13 02:00:17】
P2025081301520260722654730----返回：{"code":"000000","msg":"P2025081301520260722654730","data":{"date":"2025-08-13 01:52:05","eid":"E3720544720250813045202898eb2bd6","amount":"30","name":"HUMBERTO SOARES DE CARVALHO","cpf":"00956016197","bankname":"ORBION GAMING LTDA","payBank":"","payCpf":"","pixkey":"00956016197","account":"00360305","status":"done","order":"A20250813015202305176XFJ7jSEdR"},"sign":"249E1DD4ED87EE01CD8AC759F51512E6"}

【2025-08-13 02:00:28】
P2025081301520260722654730----提交：{"custId":"24120300001308","appId":"8241201350","order":"P2025081301520260722654730","sign":"93D43B29775E3AE45685E00162B5E06C"}

【2025-08-13 02:00:28】
P2025081301520260722654730----返回：{"code":"000000","msg":"P2025081301520260722654730","data":{"date":"2025-08-13 01:52:05","eid":"E3720544720250813045202898eb2bd6","amount":"30","name":"HUMBERTO SOARES DE CARVALHO","cpf":"00956016197","bankname":"ORBION GAMING LTDA","payBank":"","payCpf":"","pixkey":"00956016197","account":"00360305","status":"done","order":"A20250813015202305176XFJ7jSEdR"},"sign":"249E1DD4ED87EE01CD8AC759F51512E6"}

【2025-08-13 02:06:21】
P2025081302035961439042436----提交：{"custId":"24120300001308","appId":"8241201350","order":"P2025081302035961439042436","sign":"9F0FDDA0A35CAACB634D7FA8605C4B53"}

【2025-08-13 02:06:21】
P2025081302035961439042436----返回：{"code":"000000","msg":"P2025081302035961439042436","data":{"date":"2025-08-13 02:06:06","eid":"E45756448202508130506Po0o3H56yEa","amount":"5000","name":"Maria Das Dores Alves","cpf":"13002917885","bankname":"null","payBank":"","payCpf":"","pixkey":"13002917885","account":"8253639043","status":"done","order":"A20250813020601333520V5eVZ9x9k"},"sign":"35E0A025CC75A98112A1738B8DF71F15"}

【2025-08-13 02:06:44】
P2025081302035961439042436----提交：{"custId":"24120300001308","appId":"8241201350","order":"P2025081302035961439042436","sign":"9F0FDDA0A35CAACB634D7FA8605C4B53"}

【2025-08-13 02:06:44】
P2025081302035961439042436----返回：{"code":"000000","msg":"P2025081302035961439042436","data":{"date":"2025-08-13 02:06:06","eid":"E45756448202508130506Po0o3H56yEa","amount":"5000","name":"Maria Das Dores Alves","cpf":"13002917885","bankname":"null","payBank":"","payCpf":"","pixkey":"13002917885","account":"8253639043","status":"done","order":"A20250813020601333520V5eVZ9x9k"},"sign":"35E0A025CC75A98112A1738B8DF71F15"}

【2025-08-13 02:22:00】
P2025081302150362103732231----提交：{"custId":"24120300001308","appId":"8241201350","order":"P2025081302150362103732231","sign":"87596F6904E38BCCB7266D4B045CEB6D"}

【2025-08-13 02:22:01】
P2025081302150362103732231----返回：{"code":"000000","msg":"P2025081302150362103732231","data":{"date":"2025-08-13 02:15:05","eid":"E37205447202508130515035520cee79","amount":"30","name":"REYDSON MORAES DA CONCEICAO","cpf":"17141634746","bankname":"ORBION GAMING LTDA","payBank":"","payCpf":"","pixkey":"21976367618","account":"24313102","status":"done","order":"A20250813021503427782NvVpGgJLb"},"sign":"A8EDFDF15094BB393B4AF86BE5BF8FA2"}

【2025-08-13 02:22:06】
P2025081302150362103732231----提交：{"custId":"24120300001308","appId":"8241201350","order":"P2025081302150362103732231","sign":"87596F6904E38BCCB7266D4B045CEB6D"}

【2025-08-13 02:22:06】
P2025081302150362103732231----返回：{"code":"000000","msg":"P2025081302150362103732231","data":{"date":"2025-08-13 02:15:05","eid":"E37205447202508130515035520cee79","amount":"30","name":"REYDSON MORAES DA CONCEICAO","cpf":"17141634746","bankname":"ORBION GAMING LTDA","payBank":"","payCpf":"","pixkey":"21976367618","account":"24313102","status":"done","order":"A20250813021503427782NvVpGgJLb"},"sign":"A8EDFDF15094BB393B4AF86BE5BF8FA2"}

【2025-08-13 02:32:53】
P2025081302150362103732231----提交：{"custId":"24120300001308","appId":"8241201350","order":"P2025081302150362103732231","sign":"87596F6904E38BCCB7266D4B045CEB6D"}

【2025-08-13 02:32:53】
P2025081302150362103732231----返回：{"code":"000000","msg":"P2025081302150362103732231","data":{"date":"2025-08-13 02:15:05","eid":"E37205447202508130515035520cee79","amount":"30","name":"REYDSON MORAES DA CONCEICAO","cpf":"17141634746","bankname":"ORBION GAMING LTDA","payBank":"","payCpf":"","pixkey":"21976367618","account":"24313102","status":"done","order":"A20250813021503427782NvVpGgJLb"},"sign":"A8EDFDF15094BB393B4AF86BE5BF8FA2"}

【2025-08-13 02:43:01】
P2025081302315063110408395----提交：{"custId":"24120300001308","appId":"8241201350","order":"P2025081302315063110408395","sign":"1DA1E219F595F74DEE6D43ACCAE3A4EF"}

【2025-08-13 02:43:01】
P2025081302315063110408395----返回：{"code":"000000","msg":"P2025081302315063110408395","data":{"date":"2025-08-13 02:31:56","eid":"E45756448202508130531dDIB3LrnHkS","amount":"25.5","name":"Rosilene De Oliveira","cpf":"71981489215","bankname":"null","payBank":"","payCpf":"","pixkey":"71981489215","account":"663194512","status":"done","order":"A20250813023150042748tE1Jp8Znx"},"sign":"3E1A0C7AFFF35831DC72E5B6C71A5CE1"}

【2025-08-13 02:43:03】
P2025081302315063110408395----提交：{"custId":"24120300001308","appId":"8241201350","order":"P2025081302315063110408395","sign":"1DA1E219F595F74DEE6D43ACCAE3A4EF"}

【2025-08-13 02:43:04】
P2025081302315063110408395----返回：{"code":"000000","msg":"P2025081302315063110408395","data":{"date":"2025-08-13 02:31:56","eid":"E45756448202508130531dDIB3LrnHkS","amount":"25.5","name":"Rosilene De Oliveira","cpf":"71981489215","bankname":"null","payBank":"","payCpf":"","pixkey":"71981489215","account":"663194512","status":"done","order":"A20250813023150042748tE1Jp8Znx"},"sign":"3E1A0C7AFFF35831DC72E5B6C71A5CE1"}

【2025-08-13 02:51:27】
P2025081302464064000946001----提交：{"custId":"24120300001308","appId":"8241201350","order":"P2025081302464064000946001","sign":"550784CC860233B49108722D37442545"}

【2025-08-13 02:51:27】
P2025081302464064000946001----返回：{"code":"000000","msg":"P2025081302464064000946001","data":{"date":"2025-08-13 02:46:46","eid":"E45756448202508130546Jmg2Jjuakk2","amount":"420","name":"RENAN SANTAREM COELHO","cpf":"1240084293","bankname":"null","payBank":"","payCpf":"","pixkey":"01240084293","account":"425141187","status":"done","order":"A20250813024640990277lGjYgi6mD"},"sign":"1A40BD8E42477A65ACEA9D2062DE3C14"}

【2025-08-13 02:51:31】
P2025081302464064000946001----提交：{"custId":"24120300001308","appId":"8241201350","order":"P2025081302464064000946001","sign":"550784CC860233B49108722D37442545"}

【2025-08-13 02:51:31】
P2025081302464064000946001----返回：{"code":"000000","msg":"P2025081302464064000946001","data":{"date":"2025-08-13 02:46:46","eid":"E45756448202508130546Jmg2Jjuakk2","amount":"420","name":"RENAN SANTAREM COELHO","cpf":"1240084293","bankname":"null","payBank":"","payCpf":"","pixkey":"01240084293","account":"425141187","status":"done","order":"A20250813024640990277lGjYgi6mD"},"sign":"1A40BD8E42477A65ACEA9D2062DE3C14"}

