【2025-08-13 06:06:28】
P2025081306054875948325256----提交：{"custId":"24120300001308","appId":"8241201350","order":"P2025081306054875948325256","sign":"ECBDB309C164CC5DB1664DEC0ECF9AD8"}

【2025-08-13 06:06:28】
P2025081306054875948325256----返回：{"code":"000000","msg":"P2025081306054875948325256","data":{"date":"2025-08-13 06:05:54","eid":"E45756448202508130905H532kfcq0eM","amount":"30","name":"ANNE GRAZIELLY NASCIMENTO SANTOS","cpf":"6654453506","bankname":"null","payBank":"","payCpf":"","pixkey":"79999661031","account":"12880000008061359314","status":"done","order":"A20250813060548494420mG61xGpXs"},"sign":"11DBDB0F310EEEEBE1029FFB571E7DB4"}

【2025-08-13 06:06:30】
P2025081306054875948325256----提交：{"custId":"24120300001308","appId":"8241201350","order":"P2025081306054875948325256","sign":"ECBDB309C164CC5DB1664DEC0ECF9AD8"}

【2025-08-13 06:06:30】
P2025081306054875948325256----返回：{"code":"000000","msg":"P2025081306054875948325256","data":{"date":"2025-08-13 06:05:54","eid":"E45756448202508130905H532kfcq0eM","amount":"30","name":"ANNE GRAZIELLY NASCIMENTO SANTOS","cpf":"6654453506","bankname":"null","payBank":"","payCpf":"","pixkey":"79999661031","account":"12880000008061359314","status":"done","order":"A20250813060548494420mG61xGpXs"},"sign":"11DBDB0F310EEEEBE1029FFB571E7DB4"}

【2025-08-13 06:48:32】
P2025081223143651276803271----提交：{"custId":"24120300001308","appId":"8241201350","order":"P2025081223143651276803271","sign":"B27EE9A6F95C3D53A738D731789AD22F"}

【2025-08-13 06:48:33】
P2025081223143651276803271----返回：{"code":"000000","msg":"P2025081223143651276803271","data":{"date":"2025-08-12 23:14:39","eid":"E37205447202508130214366863bc790","amount":"49","name":"Jhonatan Farias De Lima","cpf":"12960986725","bankname":"ORBION GAMING LTDA","payBank":"","payCpf":"","pixkey":"12960986725","account":"23862762","status":"done","order":"A20250812231436971002Dhm6Q7fiw"},"sign":"A5E5D7609484C72A20BF1D8F4751289A"}

【2025-08-13 06:48:35】
P2025081223143651276803271----提交：{"custId":"24120300001308","appId":"8241201350","order":"P2025081223143651276803271","sign":"B27EE9A6F95C3D53A738D731789AD22F"}

【2025-08-13 06:48:35】
P2025081223143651276803271----返回：{"code":"000000","msg":"P2025081223143651276803271","data":{"date":"2025-08-12 23:14:39","eid":"E37205447202508130214366863bc790","amount":"49","name":"Jhonatan Farias De Lima","cpf":"12960986725","bankname":"ORBION GAMING LTDA","payBank":"","payCpf":"","pixkey":"12960986725","account":"23862762","status":"done","order":"A20250812231436971002Dhm6Q7fiw"},"sign":"A5E5D7609484C72A20BF1D8F4751289A"}

【2025-08-13 06:50:17】
P2025081223143651276803271----提交：{"custId":"24120300001308","appId":"8241201350","order":"P2025081223143651276803271","sign":"B27EE9A6F95C3D53A738D731789AD22F"}

【2025-08-13 06:50:17】
P2025081223143651276803271----返回：{"code":"000000","msg":"P2025081223143651276803271","data":{"date":"2025-08-12 23:14:39","eid":"E37205447202508130214366863bc790","amount":"49","name":"Jhonatan Farias De Lima","cpf":"12960986725","bankname":"ORBION GAMING LTDA","payBank":"","payCpf":"","pixkey":"12960986725","account":"23862762","status":"done","order":"A20250812231436971002Dhm6Q7fiw"},"sign":"A5E5D7609484C72A20BF1D8F4751289A"}

