【2025-08-24 08:15:58】
P2025082408133934019229441----提交：{"custId":"24120300001308","appId":"8241201350","order":"P2025082408133934019229441","sign":"169AE2645FBC8A27383803C93C1538C0"}

【2025-08-24 08:15:58】
P2025082408133934019229441----返回：{"code":"000000","msg":"P2025082408133934019229441","data":{"date":"2025-08-24 08:13:41","eid":"E37205447202508241113398939401a0","amount":"12","name":"Pedro Henrique Bispo de Souza","cpf":"12142849652","bankname":"ORBION GAMING LTDA","payBank":"","payCpf":"","pixkey":"12142849652","account":"18236120","status":"done","order":"A20250824081339990813GYVVBdRqB"},"sign":"86213A1C9BCFF38D920342E8C34D937A"}

【2025-08-24 08:16:01】
P2025082408133934019229441----提交：{"custId":"24120300001308","appId":"8241201350","order":"P2025082408133934019229441","sign":"169AE2645FBC8A27383803C93C1538C0"}

【2025-08-24 08:16:01】
P2025082408133934019229441----返回：{"code":"000000","msg":"P2025082408133934019229441","data":{"date":"2025-08-24 08:13:41","eid":"E37205447202508241113398939401a0","amount":"12","name":"Pedro Henrique Bispo de Souza","cpf":"12142849652","bankname":"ORBION GAMING LTDA","payBank":"","payCpf":"","pixkey":"12142849652","account":"18236120","status":"done","order":"A20250824081339990813GYVVBdRqB"},"sign":"86213A1C9BCFF38D920342E8C34D937A"}

【2025-08-24 08:16:26】
P2025082408133934019229441----提交：{"custId":"24120300001308","appId":"8241201350","order":"P2025082408133934019229441","sign":"169AE2645FBC8A27383803C93C1538C0"}

【2025-08-24 08:16:26】
P2025082408133934019229441----返回：{"code":"000000","msg":"P2025082408133934019229441","data":{"date":"2025-08-24 08:13:41","eid":"E37205447202508241113398939401a0","amount":"12","name":"Pedro Henrique Bispo de Souza","cpf":"12142849652","bankname":"ORBION GAMING LTDA","payBank":"","payCpf":"","pixkey":"12142849652","account":"18236120","status":"done","order":"A20250824081339990813GYVVBdRqB"},"sign":"86213A1C9BCFF38D920342E8C34D937A"}

【2025-08-24 08:46:42】
P2025082408311435074066095----提交：{"custId":"24120300001308","appId":"8241201350","order":"P2025082408311435074066095","sign":"EB7B0F181E4E4847189E74B01935E214"}

【2025-08-24 08:46:42】
P2025082408311435074066095----返回：{"code":"000000","msg":"P2025082408311435074066095","data":{"date":"2025-08-24 08:46:05","eid":"E3720544720250824114602473d35c2d","amount":"6335","name":"CARLOS ROBERTO DOS SANTOS","cpf":"04707950183","bankname":"ORBION GAMING LTDA","payBank":"","payCpf":"","pixkey":"04707950183","account":"22896431","status":"done","order":"A20250824084601680420Lg8t5QqfP"},"sign":"0B817D306445573D5FBF90A73F08ECD1"}

【2025-08-24 08:47:54】
P2025082408433235812106084----提交：{"custId":"24120300001308","appId":"8241201350","order":"P2025082408433235812106084","sign":"F6BC03D2BBEE2B02EC20DB15581A14FA"}

【2025-08-24 08:47:54】
P2025082408433235812106084----返回：{"code":"000000","msg":"P2025082408433235812106084","data":{"date":"2025-08-24 08:43:37","eid":"E37205447202508241143328496c5c8f","amount":"50","name":"Sheila De Jesus Santos Bezerra","cpf":"31948322803","bankname":"ORBION GAMING LTDA","payBank":"","payCpf":"","pixkey":"sheila-hillary@hotmail.com","account":"22896431","status":"done","order":"A202508240843320622543lqc36vjw"},"sign":"9CF7FE2CC308D09DE458196A6DDCFC3B"}

【2025-08-24 08:47:57】
P2025082408433235812106084----提交：{"custId":"24120300001308","appId":"8241201350","order":"P2025082408433235812106084","sign":"F6BC03D2BBEE2B02EC20DB15581A14FA"}

【2025-08-24 08:47:57】
P2025082408433235812106084----返回：{"code":"000000","msg":"P2025082408433235812106084","data":{"date":"2025-08-24 08:43:37","eid":"E37205447202508241143328496c5c8f","amount":"50","name":"Sheila De Jesus Santos Bezerra","cpf":"31948322803","bankname":"ORBION GAMING LTDA","payBank":"","payCpf":"","pixkey":"sheila-hillary@hotmail.com","account":"22896431","status":"done","order":"A202508240843320622543lqc36vjw"},"sign":"9CF7FE2CC308D09DE458196A6DDCFC3B"}

【2025-08-24 08:48:27】
P2025082408433235812106084----提交：{"custId":"24120300001308","appId":"8241201350","order":"P2025082408433235812106084","sign":"F6BC03D2BBEE2B02EC20DB15581A14FA"}

【2025-08-24 08:48:27】
P2025082408433235812106084----返回：{"code":"000000","msg":"P2025082408433235812106084","data":{"date":"2025-08-24 08:43:37","eid":"E37205447202508241143328496c5c8f","amount":"50","name":"Sheila De Jesus Santos Bezerra","cpf":"31948322803","bankname":"ORBION GAMING LTDA","payBank":"","payCpf":"","pixkey":"sheila-hillary@hotmail.com","account":"22896431","status":"done","order":"A202508240843320622543lqc36vjw"},"sign":"9CF7FE2CC308D09DE458196A6DDCFC3B"}

【2025-08-24 08:55:10】
P2025082407530032780403346----提交：{"custId":"24120300001308","appId":"8241201350","order":"P2025082407530032780403346","sign":"426FE1B8767B0AFE7561071EB0FC726F"}

【2025-08-24 08:55:10】
P2025082407530032780403346----返回：{"code":"000000","msg":"P2025082407530032780403346","data":{"date":"2025-08-24 07:53:04","eid":"E37205447202508241053012526c37fe","amount":"20.89","name":"PAULA MARTINS TOSTA","cpf":"05803619930","bankname":"ORBION GAMING LTDA","payBank":"","payCpf":"","pixkey":"05803619930","account":"00360305","status":"done","order":"A202508240753003356362tFYiiyqu"},"sign":"4F7F988DD2E9DCB4309952B027F3C9AB"}

【2025-08-24 08:55:13】
P2025082407530032780403346----提交：{"custId":"24120300001308","appId":"8241201350","order":"P2025082407530032780403346","sign":"426FE1B8767B0AFE7561071EB0FC726F"}

【2025-08-24 08:55:13】
P2025082407530032780403346----返回：{"code":"000000","msg":"P2025082407530032780403346","data":{"date":"2025-08-24 07:53:04","eid":"E37205447202508241053012526c37fe","amount":"20.89","name":"PAULA MARTINS TOSTA","cpf":"05803619930","bankname":"ORBION GAMING LTDA","payBank":"","payCpf":"","pixkey":"05803619930","account":"00360305","status":"done","order":"A202508240753003356362tFYiiyqu"},"sign":"4F7F988DD2E9DCB4309952B027F3C9AB"}

【2025-08-24 08:55:22】
P2025082407530032780403346----提交：{"custId":"24120300001308","appId":"8241201350","order":"P2025082407530032780403346","sign":"426FE1B8767B0AFE7561071EB0FC726F"}

【2025-08-24 08:55:22】
P2025082407530032780403346----返回：{"code":"000000","msg":"P2025082407530032780403346","data":{"date":"2025-08-24 07:53:04","eid":"E37205447202508241053012526c37fe","amount":"20.89","name":"PAULA MARTINS TOSTA","cpf":"05803619930","bankname":"ORBION GAMING LTDA","payBank":"","payCpf":"","pixkey":"05803619930","account":"00360305","status":"done","order":"A202508240753003356362tFYiiyqu"},"sign":"4F7F988DD2E9DCB4309952B027F3C9AB"}

【2025-08-24 08:55:57】
P2025082407530032780403346----提交：{"custId":"24120300001308","appId":"8241201350","order":"P2025082407530032780403346","sign":"426FE1B8767B0AFE7561071EB0FC726F"}

【2025-08-24 08:55:57】
P2025082407530032780403346----返回：{"code":"000000","msg":"P2025082407530032780403346","data":{"date":"2025-08-24 07:53:04","eid":"E37205447202508241053012526c37fe","amount":"20.89","name":"PAULA MARTINS TOSTA","cpf":"05803619930","bankname":"ORBION GAMING LTDA","payBank":"","payCpf":"","pixkey":"05803619930","account":"00360305","status":"done","order":"A202508240753003356362tFYiiyqu"},"sign":"4F7F988DD2E9DCB4309952B027F3C9AB"}

