【2025-08-24 09:04:46】
P2025082308281748497113069----提交：{"custId":"24120300001308","appId":"8241201350","order":"P2025082308281748497113069","sign":"010224B13F00EB0C44405D7311C2A824"}

【2025-08-24 09:04:46】
P2025082308281748497113069----返回：{"code":"000000","msg":"P2025082308281748497113069","data":{"date":"2025-08-23 10:46:26","eid":"E37205447202508231346240552c4ff5","amount":"20","name":"LUCAS PERES BARROS DA SILVA","cpf":"46641668851","bankname":"ORBION GAMING LTDA","payBank":"","payCpf":"","pixkey":"46641668851","account":"00360305","status":"done","order":"A20250823082817694087hXdHp6h3q"},"sign":"7C33EBB1AD08564C81F1E7CCDD1A2613"}

【2025-08-24 09:08:21】
P2025082408585736737309342----提交：{"custId":"24120300001308","appId":"8241201350","order":"P2025082408585736737309342","sign":"4BE91CA4AA131DF6B026A9B8F9E94F0E"}

【2025-08-24 09:08:21】
P2025082408585736737309342----返回：{"code":"000000","msg":"P2025082408585736737309342","data":{"date":"2025-08-24 08:59:03","eid":"E372054472025082411585813024da8f","amount":"40","name":"FRANCISCA MARIA RAMOS","cpf":"10028193342","bankname":"ORBION GAMING LTDA","payBank":"","payCpf":"","pixkey":"10028193342","account":"20855875","status":"done","order":"A20250824085857421099RX5L3XzVy"},"sign":"75C636B7FAB011F1E8A373B5674039C6"}

【2025-08-24 09:08:23】
P2025082408585736737309342----提交：{"custId":"24120300001308","appId":"8241201350","order":"P2025082408585736737309342","sign":"4BE91CA4AA131DF6B026A9B8F9E94F0E"}

【2025-08-24 09:08:23】
P2025082408585736737309342----返回：{"code":"000000","msg":"P2025082408585736737309342","data":{"date":"2025-08-24 08:59:03","eid":"E372054472025082411585813024da8f","amount":"40","name":"FRANCISCA MARIA RAMOS","cpf":"10028193342","bankname":"ORBION GAMING LTDA","payBank":"","payCpf":"","pixkey":"10028193342","account":"20855875","status":"done","order":"A20250824085857421099RX5L3XzVy"},"sign":"75C636B7FAB011F1E8A373B5674039C6"}

【2025-08-24 09:10:08】
P2025082409033837018742140----提交：{"custId":"24120300001308","appId":"8241201350","order":"P2025082409033837018742140","sign":"A7523248185C1E385D67E9D87307F955"}

【2025-08-24 09:10:08】
P2025082409033837018742140----返回：{"code":"000000","msg":"P2025082409033837018742140","data":{"date":"2025-08-24 09:03:42","eid":"E3720544720250824120338459176c34","amount":"50","name":"Gleiton Prado Da Silva ","cpf":"17794392705","bankname":"ORBION GAMING LTDA","payBank":"","payCpf":"","pixkey":"17794392705","account":"20855875","status":"done","order":"A20250824090338787959vk3UPRY4X"},"sign":"C0745BED663BEE9F169CEA0F6682EFC5"}

【2025-08-24 09:10:12】
P2025082409033837018742140----提交：{"custId":"24120300001308","appId":"8241201350","order":"P2025082409033837018742140","sign":"A7523248185C1E385D67E9D87307F955"}

【2025-08-24 09:10:12】
P2025082409033837018742140----返回：{"code":"000000","msg":"P2025082409033837018742140","data":{"date":"2025-08-24 09:03:42","eid":"E3720544720250824120338459176c34","amount":"50","name":"Gleiton Prado Da Silva ","cpf":"17794392705","bankname":"ORBION GAMING LTDA","payBank":"","payCpf":"","pixkey":"17794392705","account":"20855875","status":"done","order":"A20250824090338787959vk3UPRY4X"},"sign":"C0745BED663BEE9F169CEA0F6682EFC5"}

【2025-08-24 09:13:49】
P2025082408531236392298212----提交：{"custId":"24120300001308","appId":"8241201350","order":"P2025082408531236392298212","sign":"90BFB68BFA8DDABEEED8D2F6E8C129EB"}

【2025-08-24 09:13:50】
P2025082408531236392298212----返回：{"code":"000000","msg":"P2025082408531236392298212","data":{"date":"2025-08-24 08:53:16","eid":"E37205447202508241153124524fd687","amount":"60.27","name":"RAIMUNDA RODRIGUES CHAGAS","cpf":"10301126739","bankname":"ORBION GAMING LTDA","payBank":"","payCpf":"","pixkey":"10301126739","account":"00360305","status":"done","order":"A20250824085312867426yYzDm45jR"},"sign":"39647A618EBBB67919F25019364D53CB"}

【2025-08-24 09:13:52】
P2025082408531236392298212----提交：{"custId":"24120300001308","appId":"8241201350","order":"P2025082408531236392298212","sign":"90BFB68BFA8DDABEEED8D2F6E8C129EB"}

【2025-08-24 09:13:52】
P2025082408531236392298212----返回：{"code":"000000","msg":"P2025082408531236392298212","data":{"date":"2025-08-24 08:53:16","eid":"E37205447202508241153124524fd687","amount":"60.27","name":"RAIMUNDA RODRIGUES CHAGAS","cpf":"10301126739","bankname":"ORBION GAMING LTDA","payBank":"","payCpf":"","pixkey":"10301126739","account":"00360305","status":"done","order":"A20250824085312867426yYzDm45jR"},"sign":"39647A618EBBB67919F25019364D53CB"}

【2025-08-24 09:16:03】
P2025082408001833218802565----提交：{"custId":"24120300001308","appId":"8241201350","order":"P2025082408001833218802565","sign":"CC1D689118A7DB5EFE35B46DA781604B"}

【2025-08-24 09:16:03】
P2025082408001833218802565----返回：{"code":"000000","msg":"P2025082408001833218802565","data":{"date":"2025-08-24 08:00:21","eid":"E37205447202508241100186952c4a69","amount":"50","name":"MARIA DOMINGAS DA CONCEICAO CAMPOS","cpf":"02997390745","bankname":"ORBION GAMING LTDA","payBank":"","payCpf":"","pixkey":"02997390745","account":"00000208","status":"done","order":"A20250824080018761256YXLI6KPRc"},"sign":"44C59A8CC36B7DA83A8F5D1B84AF6588"}

【2025-08-24 09:16:04】
P2025082408001833218802565----提交：{"custId":"24120300001308","appId":"8241201350","order":"P2025082408001833218802565","sign":"CC1D689118A7DB5EFE35B46DA781604B"}

【2025-08-24 09:16:04】
P2025082408001833218802565----返回：{"code":"000000","msg":"P2025082408001833218802565","data":{"date":"2025-08-24 08:00:21","eid":"E37205447202508241100186952c4a69","amount":"50","name":"MARIA DOMINGAS DA CONCEICAO CAMPOS","cpf":"02997390745","bankname":"ORBION GAMING LTDA","payBank":"","payCpf":"","pixkey":"02997390745","account":"00000208","status":"done","order":"A20250824080018761256YXLI6KPRc"},"sign":"44C59A8CC36B7DA83A8F5D1B84AF6588"}

【2025-08-24 09:40:01】
P2025082409093337373129579----提交：{"custId":"24120300001308","appId":"8241201350","order":"P2025082409093337373129579","sign":"7F108CCB1F3089CAD1E72E3DB6F853B0"}

【2025-08-24 09:40:01】
P2025082409093337373129579----返回：{"code":"000000","msg":"P2025082409093337373129579","data":{"date":"2025-08-24 09:09:36","eid":"E3720544720250824120933727d2c377","amount":"30","name":"FLAVIA ARAUJO DE SA","cpf":"04640625197","bankname":"ORBION GAMING LTDA","payBank":"","payCpf":"","pixkey":"62993690169","account":"22896431","status":"done","order":"A20250824090933832855gxG5qRlWu"},"sign":"BD676103AB88E687755B811342965FFE"}

【2025-08-24 09:40:03】
P2025082409093337373129579----提交：{"custId":"24120300001308","appId":"8241201350","order":"P2025082409093337373129579","sign":"7F108CCB1F3089CAD1E72E3DB6F853B0"}

【2025-08-24 09:40:03】
P2025082409093337373129579----返回：{"code":"000000","msg":"P2025082409093337373129579","data":{"date":"2025-08-24 09:09:36","eid":"E3720544720250824120933727d2c377","amount":"30","name":"FLAVIA ARAUJO DE SA","cpf":"04640625197","bankname":"ORBION GAMING LTDA","payBank":"","payCpf":"","pixkey":"62993690169","account":"22896431","status":"done","order":"A20250824090933832855gxG5qRlWu"},"sign":"BD676103AB88E687755B811342965FFE"}

【2025-08-24 09:42:26】
P2025082409093337373129579----提交：{"custId":"24120300001308","appId":"8241201350","order":"P2025082409093337373129579","sign":"7F108CCB1F3089CAD1E72E3DB6F853B0"}

【2025-08-24 09:42:26】
P2025082409093337373129579----返回：{"code":"000000","msg":"P2025082409093337373129579","data":{"date":"2025-08-24 09:09:36","eid":"E3720544720250824120933727d2c377","amount":"30","name":"FLAVIA ARAUJO DE SA","cpf":"04640625197","bankname":"ORBION GAMING LTDA","payBank":"","payCpf":"","pixkey":"62993690169","account":"22896431","status":"done","order":"A20250824090933832855gxG5qRlWu"},"sign":"BD676103AB88E687755B811342965FFE"}

【2025-08-24 09:42:33】
P2025082409093337373129579----提交：{"custId":"24120300001308","appId":"8241201350","order":"P2025082409093337373129579","sign":"7F108CCB1F3089CAD1E72E3DB6F853B0"}

【2025-08-24 09:42:33】
P2025082409093337373129579----返回：{"code":"000000","msg":"P2025082409093337373129579","data":{"date":"2025-08-24 09:09:36","eid":"E3720544720250824120933727d2c377","amount":"30","name":"FLAVIA ARAUJO DE SA","cpf":"04640625197","bankname":"ORBION GAMING LTDA","payBank":"","payCpf":"","pixkey":"62993690169","account":"22896431","status":"done","order":"A20250824090933832855gxG5qRlWu"},"sign":"BD676103AB88E687755B811342965FFE"}

