【2025-08-24 15:33:38】
P2025082415285960139089324----提交：{"custId":"24120300001308","appId":"8241201350","order":"P2025082415285960139089324","sign":"6EDBCE7EF81D95E357D44F6CBACA0064"}

【2025-08-24 15:33:38】
P2025082415285960139089324----返回：{"code":"000000","msg":"P2025082415285960139089324","data":{"date":"2025-08-24 15:29:02","eid":"E45756448202508241828JFDCuxCu50S","amount":"120","name":"LEANDRO SANTANA DA COSTA","cpf":"31082291846","bankname":"null","payBank":"","payCpf":"","pixkey":"11995264045","account":"300477","status":"done","order":"A20250824152859539627evDRiprId"},"sign":"5482C537BACCEA22A42A947BC0ED6A41"}

【2025-08-24 15:33:41】
P2025082415285960139089324----提交：{"custId":"24120300001308","appId":"8241201350","order":"P2025082415285960139089324","sign":"6EDBCE7EF81D95E357D44F6CBACA0064"}

【2025-08-24 15:33:41】
P2025082415285960139089324----返回：{"code":"000000","msg":"P2025082415285960139089324","data":{"date":"2025-08-24 15:29:02","eid":"E45756448202508241828JFDCuxCu50S","amount":"120","name":"LEANDRO SANTANA DA COSTA","cpf":"31082291846","bankname":"null","payBank":"","payCpf":"","pixkey":"11995264045","account":"300477","status":"done","order":"A20250824152859539627evDRiprId"},"sign":"5482C537BACCEA22A42A947BC0ED6A41"}

【2025-08-24 15:33:42】
P2025082415285960139089324----提交：{"custId":"24120300001308","appId":"8241201350","order":"P2025082415285960139089324","sign":"6EDBCE7EF81D95E357D44F6CBACA0064"}

【2025-08-24 15:33:42】
P2025082415285960139089324----返回：{"code":"000000","msg":"P2025082415285960139089324","data":{"date":"2025-08-24 15:29:02","eid":"E45756448202508241828JFDCuxCu50S","amount":"120","name":"LEANDRO SANTANA DA COSTA","cpf":"31082291846","bankname":"null","payBank":"","payCpf":"","pixkey":"11995264045","account":"300477","status":"done","order":"A20250824152859539627evDRiprId"},"sign":"5482C537BACCEA22A42A947BC0ED6A41"}

【2025-08-24 15:33:44】
P2025082415181059490524983----提交：{"custId":"24120300001308","appId":"8241201350","order":"P2025082415181059490524983","sign":"E53033655D5C48099669A245977B9E33"}

【2025-08-24 15:33:44】
P2025082415181059490524983----返回：{"code":"000000","msg":"P2025082415181059490524983","data":{"date":"2025-08-24 15:19:04","eid":"E45756448202508241819fCjMsaZy402","amount":"8000","name":"FRANCIELLE CRISTINA BENATTI DOS SANTOS","cpf":"33410246894","bankname":"null","payBank":"","payCpf":"","pixkey":"33410246894","account":"784076861","status":"done","order":"A20250824151901820070i2BHY5IUK"},"sign":"D46B9443354E6BB81AA3BFDE202813A7"}

【2025-08-24 15:33:46】
P2025082415181059490524983----提交：{"custId":"24120300001308","appId":"8241201350","order":"P2025082415181059490524983","sign":"E53033655D5C48099669A245977B9E33"}

【2025-08-24 15:33:46】
P2025082415181059490524983----返回：{"code":"000000","msg":"P2025082415181059490524983","data":{"date":"2025-08-24 15:19:04","eid":"E45756448202508241819fCjMsaZy402","amount":"8000","name":"FRANCIELLE CRISTINA BENATTI DOS SANTOS","cpf":"33410246894","bankname":"null","payBank":"","payCpf":"","pixkey":"33410246894","account":"784076861","status":"done","order":"A20250824151901820070i2BHY5IUK"},"sign":"D46B9443354E6BB81AA3BFDE202813A7"}

