【2025-08-24 23:18:59】
P2025082423170888228271475----提交：{"custId":"24120300001308","appId":"8241201350","order":"P2025082423170888228271475","sign":"5139AD0B0841CEF4788011BA54A3748D"}

【2025-08-24 23:18:59】
P2025082423170888228271475----返回：{"code":"000000","msg":"P2025082423170888228271475","data":{"date":"2025-08-24 23:17:10","eid":"E457564482025082502178TcIBefaBEa","amount":"474","name":"Gustavo de Oliveira Neves","cpf":"35593194807","bankname":"null","payBank":"","payCpf":"","pixkey":"35593194807","account":"222150972","status":"done","order":"A20250824231709954205zjFRVYE9I"},"sign":"A7DC1354A434E439A70A9A1E693FAACE"}

【2025-08-24 23:19:05】
P2025082423170888228271475----提交：{"custId":"24120300001308","appId":"8241201350","order":"P2025082423170888228271475","sign":"5139AD0B0841CEF4788011BA54A3748D"}

【2025-08-24 23:19:05】
P2025082423170888228271475----返回：{"code":"000000","msg":"P2025082423170888228271475","data":{"date":"2025-08-24 23:17:10","eid":"E457564482025082502178TcIBefaBEa","amount":"474","name":"Gustavo de Oliveira Neves","cpf":"35593194807","bankname":"null","payBank":"","payCpf":"","pixkey":"35593194807","account":"222150972","status":"done","order":"A20250824231709954205zjFRVYE9I"},"sign":"A7DC1354A434E439A70A9A1E693FAACE"}

【2025-08-24 23:26:31】
P2025082420560179761881614----提交：{"custId":"24120300001308","appId":"8241201350","order":"P2025082420560179761881614","sign":"71861B3B4898C2DD6D9BEF8D93AE9352"}

【2025-08-24 23:26:31】
P2025082420560179761881614----返回：{"code":"000000","msg":"P2025082420560179761881614","data":{"date":"2025-08-24 20:56:03","eid":"E45756448202508242356zLDhLJ3aIkW","amount":"25","name":"VALDENIRA SANTOS DA SILVA","cpf":"2652541242","bankname":"null","payBank":"","payCpf":"","pixkey":"02652541242","account":"12880000008531333340","status":"done","order":"A20250824205601176631yyz1p27N7"},"sign":"A7BB0AF1E432EC41FE83BEE73E503AE1"}

【2025-08-24 23:26:33】
P2025082420560179761881614----提交：{"custId":"24120300001308","appId":"8241201350","order":"P2025082420560179761881614","sign":"71861B3B4898C2DD6D9BEF8D93AE9352"}

【2025-08-24 23:26:33】
P2025082420560179761881614----返回：{"code":"000000","msg":"P2025082420560179761881614","data":{"date":"2025-08-24 20:56:03","eid":"E45756448202508242356zLDhLJ3aIkW","amount":"25","name":"VALDENIRA SANTOS DA SILVA","cpf":"2652541242","bankname":"null","payBank":"","payCpf":"","pixkey":"02652541242","account":"12880000008531333340","status":"done","order":"A20250824205601176631yyz1p27N7"},"sign":"A7BB0AF1E432EC41FE83BEE73E503AE1"}

【2025-08-24 23:45:37】
P2025082420584379923141352----提交：{"custId":"24120300001308","appId":"8241201350","order":"P2025082420584379923141352","sign":"57CE70C7AE698480DD7B59A65DD2BE0A"}

【2025-08-24 23:45:37】
P2025082420584379923141352----返回：{"code":"000000","msg":"P2025082420584379923141352","data":{"date":"2025-08-24 20:58:46","eid":"E45756448202508242358ha99ToCC4ki","amount":"60","name":"NOEMI PEREIRA DE MELO","cpf":"33161029810","bankname":"null","payBank":"","payCpf":"","pixkey":"33161029810","account":"12880000009543222423","status":"done","order":"A20250824205843285111wwAvwiAV9"},"sign":"6C146B572D624A14E908ADA052EF0AFE"}

【2025-08-24 23:45:39】
P2025082420584379923141352----提交：{"custId":"24120300001308","appId":"8241201350","order":"P2025082420584379923141352","sign":"57CE70C7AE698480DD7B59A65DD2BE0A"}

【2025-08-24 23:45:39】
P2025082420584379923141352----返回：{"code":"000000","msg":"P2025082420584379923141352","data":{"date":"2025-08-24 20:58:46","eid":"E45756448202508242358ha99ToCC4ki","amount":"60","name":"NOEMI PEREIRA DE MELO","cpf":"33161029810","bankname":"null","payBank":"","payCpf":"","pixkey":"33161029810","account":"12880000009543222423","status":"done","order":"A20250824205843285111wwAvwiAV9"},"sign":"6C146B572D624A14E908ADA052EF0AFE"}

