【2025-08-24 19:00:42】
P2025082418464372003752582----提交：{"custId":"24120300001308","appId":"8241201350","order":"P2025082418464372003752582","sign":"AB9F44ECAD480B5534CE6F9AC9506818"}

【2025-08-24 19:00:42】
P2025082418464372003752582----返回：{"msg":"no voucher","code":"900003","data":"","sign":"2856F04258F0DA99937D18ED87965490"}

【2025-08-24 19:25:19】
P2025082419085073330699361----提交：{"custId":"24120300001308","appId":"8241201350","order":"P2025082419085073330699361","sign":"DF93CA50F2ADF8D2272626F8E05E08E7"}

【2025-08-24 19:25:20】
P2025082419085073330699361----返回：{"code":"000000","msg":"P2025082419085073330699361","data":{"date":"2025-08-24 19:08:52","eid":"E45756448202508242208XU5o5xQzwEu","amount":"200","name":"JOSEANE DE PAULA MARAFIGO DA SILVA","cpf":"7617609973","bankname":"null","payBank":"","payCpf":"","pixkey":"07617609973","account":"12880000008698665312","status":"done","order":"A20250824190850913787ZhA7GZDfr"},"sign":"8899317813DA08EB012C62381CD5B7B0"}

【2025-08-24 19:25:23】
P2025082419085073330699361----提交：{"custId":"24120300001308","appId":"8241201350","order":"P2025082419085073330699361","sign":"DF93CA50F2ADF8D2272626F8E05E08E7"}

【2025-08-24 19:25:23】
P2025082419085073330699361----返回：{"code":"000000","msg":"P2025082419085073330699361","data":{"date":"2025-08-24 19:08:52","eid":"E45756448202508242208XU5o5xQzwEu","amount":"200","name":"JOSEANE DE PAULA MARAFIGO DA SILVA","cpf":"7617609973","bankname":"null","payBank":"","payCpf":"","pixkey":"07617609973","account":"12880000008698665312","status":"done","order":"A20250824190850913787ZhA7GZDfr"},"sign":"8899317813DA08EB012C62381CD5B7B0"}

【2025-08-24 19:47:31】
P2025082419173173851162044----提交：{"custId":"24120300001308","appId":"8241201350","order":"P2025082419173173851162044","sign":"381084155BF5952C704C9D4E4EC9C2FA"}

【2025-08-24 19:47:31】
P2025082419173173851162044----返回：{"code":"000000","msg":"P2025082419173173851162044","data":{"date":"2025-08-24 19:46:47","eid":"E45756448202508242246hQhpdRYXSke","amount":"480","name":"Rayssa Silva de Moraes","cpf":"15390895924","bankname":"null","payBank":"","payCpf":"","pixkey":"15390895924","account":"8615256754","status":"done","order":"A202508241917325027261z5If1BPX"},"sign":"59FE2F7391FD68F090F27BFCF712C5AC"}

【2025-08-24 19:54:08】
P2025082419071073230598967----提交：{"custId":"24120300001308","appId":"8241201350","order":"P2025082419071073230598967","sign":"DB468987169202F1CF6355120FEE340A"}

【2025-08-24 19:54:09】
P2025082419071073230598967----返回：{"code":"000000","msg":"P2025082419071073230598967","data":{"date":"2025-08-24 19:07:14","eid":"E45756448202508242207YEv2ONaRXUO","amount":"153.9","name":"JUCELIA DA SILVA","cpf":"73671622253","bankname":"null","payBank":"","payCpf":"","pixkey":"73671622253","account":"12880000009421860697","status":"done","order":"A20250824190711780324EY89q1Ev8"},"sign":"3917D82C14D26B9FB05551BEA4C9AB69"}

【2025-08-24 19:54:10】
P2025082419071073230598967----提交：{"custId":"24120300001308","appId":"8241201350","order":"P2025082419071073230598967","sign":"DB468987169202F1CF6355120FEE340A"}

【2025-08-24 19:54:10】
P2025082419071073230598967----返回：{"code":"000000","msg":"P2025082419071073230598967","data":{"date":"2025-08-24 19:07:14","eid":"E45756448202508242207YEv2ONaRXUO","amount":"153.9","name":"JUCELIA DA SILVA","cpf":"73671622253","bankname":"null","payBank":"","payCpf":"","pixkey":"73671622253","account":"12880000009421860697","status":"done","order":"A20250824190711780324EY89q1Ev8"},"sign":"3917D82C14D26B9FB05551BEA4C9AB69"}

【2025-08-24 19:57:41】
P2025082419571076230887219----提交：{"custId":"24120300001308","appId":"8241201350","order":"P2025082419571076230887219","sign":"466C670FA8714CBB41869E704D32DB12"}

【2025-08-24 19:57:42】
P2025082419571076230887219----返回：{"code":"000000","msg":"P2025082419571076230887219","data":{"date":"2025-08-24 19:57:13","eid":"E45756448202508242257Sc6YMmOEP0S","amount":"10","name":"He Yong Ning","cpf":"32562523890","bankname":"null","payBank":"","payCpf":"","pixkey":"32562523890","account":"250993236","status":"done","order":"A20250824195711336253CfHBTgXYx"},"sign":"767674C7E461218DA9CC5B3CA075E189"}

【2025-08-24 19:57:56】
P2025082419571076230887219----提交：{"custId":"24120300001308","appId":"8241201350","order":"P2025082419571076230887219","sign":"466C670FA8714CBB41869E704D32DB12"}

【2025-08-24 19:57:56】
P2025082419571076230887219----返回：{"code":"000000","msg":"P2025082419571076230887219","data":{"date":"2025-08-24 19:57:13","eid":"E45756448202508242257Sc6YMmOEP0S","amount":"10","name":"He Yong Ning","cpf":"32562523890","bankname":"null","payBank":"","payCpf":"","pixkey":"32562523890","account":"250993236","status":"done","order":"A20250824195711336253CfHBTgXYx"},"sign":"767674C7E461218DA9CC5B3CA075E189"}

