【2025-08-24 00:09:42】
P2025082400085604936575764----提交：{"custId":"24120300001308","appId":"8241201350","order":"P2025082400085604936575764","sign":"9FDF26BC2878E4642FA430B2D3C5BB6A"}

【2025-08-24 00:09:42】
P2025082400085604936575764----返回：{"code":"000000","msg":"P2025082400085604936575764","data":{"date":"2025-08-24 00:08:59","eid":"E45756448202508240308x8yKkzGT3UC","amount":"36.89","name":"Graziele Rodrigues Araújo","cpf":"42318200823","bankname":"null","payBank":"","payCpf":"","pixkey":"rodriguesgraziele699araujo@gmail.com","account":"601355804","status":"done","order":"A20250824000857863049wYVWILaPf"},"sign":"FBEBE00A43014B1E9B93F147F365F5B7"}

【2025-08-24 00:09:45】
P2025082400085604936575764----提交：{"custId":"24120300001308","appId":"8241201350","order":"P2025082400085604936575764","sign":"9FDF26BC2878E4642FA430B2D3C5BB6A"}

【2025-08-24 00:09:45】
P2025082400085604936575764----返回：{"code":"000000","msg":"P2025082400085604936575764","data":{"date":"2025-08-24 00:08:59","eid":"E45756448202508240308x8yKkzGT3UC","amount":"36.89","name":"Graziele Rodrigues Araújo","cpf":"42318200823","bankname":"null","payBank":"","payCpf":"","pixkey":"rodriguesgraziele699araujo@gmail.com","account":"601355804","status":"done","order":"A20250824000857863049wYVWILaPf"},"sign":"FBEBE00A43014B1E9B93F147F365F5B7"}

【2025-08-24 00:19:44】
P2025082400150005300246610----提交：{"custId":"24120300001308","appId":"8241201350","order":"P2025082400150005300246610","sign":"F8C7B9AD2B65D5D7055D9932F58383C1"}

【2025-08-24 00:19:45】
P2025082400150005300246610----返回：{"code":"000000","msg":"P2025082400150005300246610","data":{"date":"2025-08-24 00:15:03","eid":"E45756448202508240315JBtzubjrv0a","amount":"50","name":"marcio Greigo Rodrigues Machado","cpf":"5157088361","bankname":"null","payBank":"","payCpf":"","pixkey":"05157088361","account":"246366231","status":"done","order":"A20250824001501927337heBtdt7Zb"},"sign":"2F70142F3DB148402E8196F02056C56B"}

【2025-08-24 00:19:53】
P2025082400150005300246610----提交：{"custId":"24120300001308","appId":"8241201350","order":"P2025082400150005300246610","sign":"F8C7B9AD2B65D5D7055D9932F58383C1"}

【2025-08-24 00:19:54】
P2025082400150005300246610----返回：{"code":"000000","msg":"P2025082400150005300246610","data":{"date":"2025-08-24 00:15:03","eid":"E45756448202508240315JBtzubjrv0a","amount":"50","name":"marcio Greigo Rodrigues Machado","cpf":"5157088361","bankname":"null","payBank":"","payCpf":"","pixkey":"05157088361","account":"246366231","status":"done","order":"A20250824001501927337heBtdt7Zb"},"sign":"2F70142F3DB148402E8196F02056C56B"}

【2025-08-24 00:53:25】
P2025082400480007280735493----提交：{"custId":"24120300001308","appId":"8241201350","order":"P2025082400480007280735493","sign":"E75695597D5A84CCFF334DFEF3A310A1"}

【2025-08-24 00:53:25】
P2025082400480007280735493----返回：{"code":"000000","msg":"P2025082400480007280735493","data":{"date":"2025-08-24 00:52:09","eid":"E45756448202508240352lSUrzUFfjke","amount":"5915","name":"VLADIMIR DA SILVEIRA COSTITI","cpf":"177812052","bankname":"null","payBank":"","payCpf":"","pixkey":"00177812052","account":"9861","status":"done","order":"A20250824005205878541MuDXk5RBQ"},"sign":"06A226CB7BF97AAB3D4A04DFABD3A080"}

