【2025-08-24 20:00:55】
P2025082321080694086925693----提交：{"custId":"24120300001308","appId":"8241201350","order":"P2025082321080694086925693","sign":"1EF9A4CF57F46E5312C875808A11F223"}

【2025-08-24 20:00:56】
P2025082321080694086925693----返回：{"code":"000000","msg":"P2025082321080694086925693","data":{"date":"2025-08-23 21:08:12","eid":"E45756448202508240008yeMxBTcTIUW","amount":"100","name":"OSVALDO RODRIGUES DA FONSECA","cpf":"89433645049","bankname":"null","payBank":"","payCpf":"","pixkey":"89433645049","account":"12880000008134314218","status":"done","order":"A202508232108062150094wwW1HptC"},"sign":"723EA2F4FE99E0507F34051854A8921C"}

【2025-08-24 20:03:06】
P2025082321080694086925693----提交：{"custId":"24120300001308","appId":"8241201350","order":"P2025082321080694086925693","sign":"1EF9A4CF57F46E5312C875808A11F223"}

【2025-08-24 20:03:07】
P2025082321080694086925693----返回：{"code":"000000","msg":"P2025082321080694086925693","data":{"date":"2025-08-23 21:08:12","eid":"E45756448202508240008yeMxBTcTIUW","amount":"100","name":"OSVALDO RODRIGUES DA FONSECA","cpf":"89433645049","bankname":"null","payBank":"","payCpf":"","pixkey":"89433645049","account":"12880000008134314218","status":"done","order":"A202508232108062150094wwW1HptC"},"sign":"723EA2F4FE99E0507F34051854A8921C"}

【2025-08-24 20:33:08】
P2025081117514845508857278----提交：{"custId":"24120300001308","appId":"8241201350","order":"P2025081117514845508857278","sign":"23B4AA823E27EF66A182472325E7C880"}

【2025-08-24 20:33:08】
P2025081117514845508857278----返回：{"code":"000000","msg":"P2025081117514845508857278","data":{"date":"2025-08-11 17:53:15","eid":"E37205447202508112053112214595a5","amount":"24000","name":"EDJA MARIA DE OLIVEIRA BARROS","cpf":"03434181423","bankname":"ORBION GAMING LTDA","payBank":"","payCpf":"","pixkey":"03434181423","account":"60701190","status":"done","order":"A20250811175301947700ZY6uGlz7P"},"sign":"BC126215390F53D410CA55C7EFE155D6"}

【2025-08-24 20:34:03】
P2025081117514845508857278----提交：{"custId":"24120300001308","appId":"8241201350","order":"P2025081117514845508857278","sign":"23B4AA823E27EF66A182472325E7C880"}

【2025-08-24 20:34:04】
P2025081117514845508857278----返回：{"code":"000000","msg":"P2025081117514845508857278","data":{"date":"2025-08-11 17:53:15","eid":"E37205447202508112053112214595a5","amount":"24000","name":"EDJA MARIA DE OLIVEIRA BARROS","cpf":"03434181423","bankname":"ORBION GAMING LTDA","payBank":"","payCpf":"","pixkey":"03434181423","account":"60701190","status":"done","order":"A20250811175301947700ZY6uGlz7P"},"sign":"BC126215390F53D410CA55C7EFE155D6"}

【2025-08-24 20:44:46】
P2025082420032576605895555----提交：{"custId":"24120300001308","appId":"8241201350","order":"P2025082420032576605895555","sign":"A54E622DB33211A88DC34AE62E6D91B1"}

【2025-08-24 20:44:47】
P2025082420032576605895555----返回：{"code":"000000","msg":"P2025082420032576605895555","data":{"date":"2025-08-24 20:03:29","eid":"E45756448202508242303Cw6zRXJ5CEq","amount":"40","name":"Vanessa dos Santos Ferreira","cpf":"4071528575","bankname":"null","payBank":"","payCpf":"","pixkey":"71996114307","account":"805668118","status":"done","order":"A20250824200326859830te3jvhKEZ"},"sign":"E695BFA21939B356B9F493BE4884DC0A"}

【2025-08-24 20:44:48】
P2025082420032576605895555----提交：{"custId":"24120300001308","appId":"8241201350","order":"P2025082420032576605895555","sign":"A54E622DB33211A88DC34AE62E6D91B1"}

【2025-08-24 20:44:48】
P2025082420032576605895555----返回：{"code":"000000","msg":"P2025082420032576605895555","data":{"date":"2025-08-24 20:03:29","eid":"E45756448202508242303Cw6zRXJ5CEq","amount":"40","name":"Vanessa dos Santos Ferreira","cpf":"4071528575","bankname":"null","payBank":"","payCpf":"","pixkey":"71996114307","account":"805668118","status":"done","order":"A20250824200326859830te3jvhKEZ"},"sign":"E695BFA21939B356B9F493BE4884DC0A"}

【2025-08-24 20:47:57】
P2025082420473879258583519----提交：{"custId":"24120300001308","appId":"8241201350","order":"P2025082420473879258583519","sign":"9FB5CA9735AC615FA6334ED294DE9636"}

【2025-08-24 20:47:58】
P2025082420473879258583519----返回：{"code":"000000","msg":"P2025082420473879258583519","data":{"date":"2025-08-24 20:47:41","eid":"E45756448202508242347uLTUAVzkkUK","amount":"20","name":"HELENA DOS SANTOS GOMES","cpf":"11003095941","bankname":"null","payBank":"","payCpf":"","pixkey":"11003095941","account":"12880000009832226070","status":"done","order":"A20250824204738677723sDp3UjS5y"},"sign":"5932E56FAD9011932A9E6E9D0530DE20"}

【2025-08-24 20:48:04】
P2025082420473879258583519----提交：{"custId":"24120300001308","appId":"8241201350","order":"P2025082420473879258583519","sign":"9FB5CA9735AC615FA6334ED294DE9636"}

【2025-08-24 20:48:04】
P2025082420473879258583519----返回：{"code":"000000","msg":"P2025082420473879258583519","data":{"date":"2025-08-24 20:47:41","eid":"E45756448202508242347uLTUAVzkkUK","amount":"20","name":"HELENA DOS SANTOS GOMES","cpf":"11003095941","bankname":"null","payBank":"","payCpf":"","pixkey":"11003095941","account":"12880000009832226070","status":"done","order":"A20250824204738677723sDp3UjS5y"},"sign":"5932E56FAD9011932A9E6E9D0530DE20"}

【2025-08-24 20:48:19】
P2025082420473879258583519----提交：{"custId":"24120300001308","appId":"8241201350","order":"P2025082420473879258583519","sign":"9FB5CA9735AC615FA6334ED294DE9636"}

【2025-08-24 20:48:19】
P2025082420473879258583519----返回：{"code":"000000","msg":"P2025082420473879258583519","data":{"date":"2025-08-24 20:47:41","eid":"E45756448202508242347uLTUAVzkkUK","amount":"20","name":"HELENA DOS SANTOS GOMES","cpf":"11003095941","bankname":"null","payBank":"","payCpf":"","pixkey":"11003095941","account":"12880000009832226070","status":"done","order":"A20250824204738677723sDp3UjS5y"},"sign":"5932E56FAD9011932A9E6E9D0530DE20"}

【2025-08-24 20:48:39】
P2025082420460879168174786----提交：{"custId":"24120300001308","appId":"8241201350","order":"P2025082420460879168174786","sign":"E583233C98E4453CB48751166C833E96"}

【2025-08-24 20:48:40】
P2025082420460879168174786----返回：{"code":"000000","msg":"P2025082420460879168174786","data":{"date":"2025-08-24 20:46:11","eid":"E45756448202508242346H3guU2yWUKl","amount":"200","name":"Maria Jarciane de Sousa","cpf":"93312598320","bankname":"null","payBank":"","payCpf":"","pixkey":"93312598320","account":"436250078","status":"done","order":"A20250824204608959398q4cHpEhMp"},"sign":"0C83F342327226BA152F6E4D2B110F33"}

【2025-08-24 20:48:40】
P2025082420460879168174786----提交：{"custId":"24120300001308","appId":"8241201350","order":"P2025082420460879168174786","sign":"E583233C98E4453CB48751166C833E96"}

【2025-08-24 20:48:41】
P2025082420460879168174786----返回：{"code":"000000","msg":"P2025082420460879168174786","data":{"date":"2025-08-24 20:46:11","eid":"E45756448202508242346H3guU2yWUKl","amount":"200","name":"Maria Jarciane de Sousa","cpf":"93312598320","bankname":"null","payBank":"","payCpf":"","pixkey":"93312598320","account":"436250078","status":"done","order":"A20250824204608959398q4cHpEhMp"},"sign":"0C83F342327226BA152F6E4D2B110F33"}

【2025-08-24 20:49:27】
P2025082420473879258583519----提交：{"custId":"24120300001308","appId":"8241201350","order":"P2025082420473879258583519","sign":"9FB5CA9735AC615FA6334ED294DE9636"}

【2025-08-24 20:49:28】
P2025082420473879258583519----返回：{"code":"000000","msg":"P2025082420473879258583519","data":{"date":"2025-08-24 20:47:41","eid":"E45756448202508242347uLTUAVzkkUK","amount":"20","name":"HELENA DOS SANTOS GOMES","cpf":"11003095941","bankname":"null","payBank":"","payCpf":"","pixkey":"11003095941","account":"12880000009832226070","status":"done","order":"A20250824204738677723sDp3UjS5y"},"sign":"5932E56FAD9011932A9E6E9D0530DE20"}

【2025-08-24 20:49:46】
P2025082420423878958461558----提交：{"custId":"24120300001308","appId":"8241201350","order":"P2025082420423878958461558","sign":"E231C8733D0363173D152AD7F0E9F786"}

【2025-08-24 20:49:46】
P2025082420423878958461558----返回：{"code":"000000","msg":"P2025082420423878958461558","data":{"date":"2025-08-24 20:42:41","eid":"E45756448202508242342gDmBTtCNcUG","amount":"400","name":"FABIANA AMENO DOS SANTOS","cpf":"6776958530","bankname":"null","payBank":"","payCpf":"","pixkey":"06776958530","account":"869014102","status":"done","order":"A20250824204238486725Q4aZQdnjj"},"sign":"27F8594F4177103D1B2DFF00E2BB186C"}

【2025-08-24 20:49:47】
P2025082420423878958461558----提交：{"custId":"24120300001308","appId":"8241201350","order":"P2025082420423878958461558","sign":"E231C8733D0363173D152AD7F0E9F786"}

【2025-08-24 20:49:48】
P2025082420423878958461558----返回：{"code":"000000","msg":"P2025082420423878958461558","data":{"date":"2025-08-24 20:42:41","eid":"E45756448202508242342gDmBTtCNcUG","amount":"400","name":"FABIANA AMENO DOS SANTOS","cpf":"6776958530","bankname":"null","payBank":"","payCpf":"","pixkey":"06776958530","account":"869014102","status":"done","order":"A20250824204238486725Q4aZQdnjj"},"sign":"27F8594F4177103D1B2DFF00E2BB186C"}

