【2025-08-19 16:19:42】
P2025081916171931039591439----提交：{"custId":"24120300001308","appId":"8241201350","order":"P2025081916171931039591439","sign":"4DB50876258C00CD8F2FBFD23D2BE83A"}

【2025-08-19 16:19:43】
P2025081916171931039591439----返回：{"code":"000000","msg":"P2025081916171931039591439","data":{"date":"2025-08-19 16:17:24","eid":"E372054472025081919172045784d603","amount":"50.2","name":"LUIS FERNANDO PAVIN","cpf":"15295688895","bankname":"ORBION GAMING LTDA","payBank":"","payCpf":"","pixkey":"15295688895","account":"60746948","status":"done","order":"A202508191617193252596Teg8fZ5P"},"sign":"A72CFD52549600F9DD379B5559B53680"}

【2025-08-19 16:19:53】
P2025081916171931039591439----提交：{"custId":"24120300001308","appId":"8241201350","order":"P2025081916171931039591439","sign":"4DB50876258C00CD8F2FBFD23D2BE83A"}

【2025-08-19 16:19:54】
P2025081916171931039591439----返回：{"code":"000000","msg":"P2025081916171931039591439","data":{"date":"2025-08-19 16:17:24","eid":"E372054472025081919172045784d603","amount":"50.2","name":"LUIS FERNANDO PAVIN","cpf":"15295688895","bankname":"ORBION GAMING LTDA","payBank":"","payCpf":"","pixkey":"15295688895","account":"60746948","status":"done","order":"A202508191617193252596Teg8fZ5P"},"sign":"A72CFD52549600F9DD379B5559B53680"}

【2025-08-19 16:19:57】
P2025081916171931039591439----提交：{"custId":"24120300001308","appId":"8241201350","order":"P2025081916171931039591439","sign":"4DB50876258C00CD8F2FBFD23D2BE83A"}

【2025-08-19 16:19:58】
P2025081916171931039591439----返回：{"code":"000000","msg":"P2025081916171931039591439","data":{"date":"2025-08-19 16:17:24","eid":"E372054472025081919172045784d603","amount":"50.2","name":"LUIS FERNANDO PAVIN","cpf":"15295688895","bankname":"ORBION GAMING LTDA","payBank":"","payCpf":"","pixkey":"15295688895","account":"60746948","status":"done","order":"A202508191617193252596Teg8fZ5P"},"sign":"A72CFD52549600F9DD379B5559B53680"}

【2025-08-19 16:21:32】
P2025081916192731167136877----提交：{"custId":"24120300001308","appId":"8241201350","order":"P2025081916192731167136877","sign":"00B2784B322B8A57AE7F0EEF610D314D"}

【2025-08-19 16:21:32】
P2025081916192731167136877----返回：{"code":"000000","msg":"P2025081916192731167136877","data":{"date":"2025-08-19 16:19:33","eid":"E372054472025081919192869543e166","amount":"10","name":"VITOR HUGO ALVES PERES","cpf":"37690457851","bankname":"ORBION GAMING LTDA","payBank":"","payCpf":"","pixkey":"jose44.peresjose@gmail.com","account":"24313102","status":"done","order":"A20250819161928372276YISEkbDme"},"sign":"EC75002D0B779D2B09095123C3805AD1"}

【2025-08-19 16:21:34】
P2025081916192731167136877----提交：{"custId":"24120300001308","appId":"8241201350","order":"P2025081916192731167136877","sign":"00B2784B322B8A57AE7F0EEF610D314D"}

【2025-08-19 16:21:34】
P2025081916192731167136877----返回：{"code":"000000","msg":"P2025081916192731167136877","data":{"date":"2025-08-19 16:19:33","eid":"E372054472025081919192869543e166","amount":"10","name":"VITOR HUGO ALVES PERES","cpf":"37690457851","bankname":"ORBION GAMING LTDA","payBank":"","payCpf":"","pixkey":"jose44.peresjose@gmail.com","account":"24313102","status":"done","order":"A20250819161928372276YISEkbDme"},"sign":"EC75002D0B779D2B09095123C3805AD1"}

【2025-08-19 16:28:15】
P2025081913440621846456930----提交：{"custId":"24120300001308","appId":"8241201350","order":"P2025081913440621846456930","sign":"33226FC8D1050EB83C2AE81B149E5AF9"}

【2025-08-19 16:28:16】
P2025081913440621846456930----返回：{"code":"000000","msg":"P2025081913440621846456930","data":{"date":"2025-08-19 13:44:12","eid":"E37205447202508191644072536e8818","amount":"200","name":"DANIELE DOS SANTOS SILVA","cpf":"07488166310","bankname":"ORBION GAMING LTDA","payBank":"","payCpf":"","pixkey":"98984443753","account":"00416968","status":"done","order":"A20250819134406471826kXlEErygg"},"sign":"445A3E266CB02901E73C9955968A4A02"}

【2025-08-19 16:28:22】
P2025081913440621846456930----提交：{"custId":"24120300001308","appId":"8241201350","order":"P2025081913440621846456930","sign":"33226FC8D1050EB83C2AE81B149E5AF9"}

【2025-08-19 16:28:22】
P2025081913440621846456930----返回：{"code":"000000","msg":"P2025081913440621846456930","data":{"date":"2025-08-19 13:44:12","eid":"E37205447202508191644072536e8818","amount":"200","name":"DANIELE DOS SANTOS SILVA","cpf":"07488166310","bankname":"ORBION GAMING LTDA","payBank":"","payCpf":"","pixkey":"98984443753","account":"00416968","status":"done","order":"A20250819134406471826kXlEErygg"},"sign":"445A3E266CB02901E73C9955968A4A02"}

【2025-08-19 16:28:32】
P2025081913440621846456930----提交：{"custId":"24120300001308","appId":"8241201350","order":"P2025081913440621846456930","sign":"33226FC8D1050EB83C2AE81B149E5AF9"}

【2025-08-19 16:28:32】
P2025081913440621846456930----返回：{"code":"000000","msg":"P2025081913440621846456930","data":{"date":"2025-08-19 13:44:12","eid":"E37205447202508191644072536e8818","amount":"200","name":"DANIELE DOS SANTOS SILVA","cpf":"07488166310","bankname":"ORBION GAMING LTDA","payBank":"","payCpf":"","pixkey":"98984443753","account":"00416968","status":"done","order":"A20250819134406471826kXlEErygg"},"sign":"445A3E266CB02901E73C9955968A4A02"}

【2025-08-19 16:28:40】
P2025081913440621846456930----提交：{"custId":"24120300001308","appId":"8241201350","order":"P2025081913440621846456930","sign":"33226FC8D1050EB83C2AE81B149E5AF9"}

【2025-08-19 16:28:41】
P2025081913440621846456930----返回：{"code":"000000","msg":"P2025081913440621846456930","data":{"date":"2025-08-19 13:44:12","eid":"E37205447202508191644072536e8818","amount":"200","name":"DANIELE DOS SANTOS SILVA","cpf":"07488166310","bankname":"ORBION GAMING LTDA","payBank":"","payCpf":"","pixkey":"98984443753","account":"00416968","status":"done","order":"A20250819134406471826kXlEErygg"},"sign":"445A3E266CB02901E73C9955968A4A02"}

【2025-08-19 16:31:22】
P2025081819534057620622270----提交：{"custId":"24120300001308","appId":"8241201350","order":"P2025081819534057620622270","sign":"6AA99004A4CBA298BBD5985A7234DE21"}

【2025-08-19 16:31:22】
P2025081819534057620622270----返回：{"code":"000000","msg":"P2025081819534057620622270","data":{"date":"2025-08-18 19:54:10","eid":"E4575644820250818225417r6MaizPEO","amount":"100","name":"Juliana Rebelo Terres","cpf":"94056404020","bankname":"null","payBank":"","payCpf":"","pixkey":"48991385454","account":"83192955","status":"done","order":"A20250818195340286157YYPaKGHEi"},"sign":"8E6A47F65A9E19B3C9862637C09F04C7"}

【2025-08-19 16:31:25】
P2025081819534057620622270----提交：{"custId":"24120300001308","appId":"8241201350","order":"P2025081819534057620622270","sign":"6AA99004A4CBA298BBD5985A7234DE21"}

【2025-08-19 16:31:26】
P2025081819534057620622270----返回：{"code":"000000","msg":"P2025081819534057620622270","data":{"date":"2025-08-18 19:54:10","eid":"E4575644820250818225417r6MaizPEO","amount":"100","name":"Juliana Rebelo Terres","cpf":"94056404020","bankname":"null","payBank":"","payCpf":"","pixkey":"48991385454","account":"83192955","status":"done","order":"A20250818195340286157YYPaKGHEi"},"sign":"8E6A47F65A9E19B3C9862637C09F04C7"}

【2025-08-19 16:36:27】
P2025081915514329503276962----提交：{"custId":"24120300001308","appId":"8241201350","order":"P2025081915514329503276962","sign":"CE460819A03522FD26D05119139AFECB"}

【2025-08-19 16:36:28】
P2025081915514329503276962----返回：{"code":"000000","msg":"P2025081915514329503276962","data":{"date":"2025-08-19 15:51:46","eid":"E3720544720250819185143761f6b5fb","amount":"21.1","name":"Diego Lima do nascimento","cpf":"70742318435","bankname":"ORBION GAMING LTDA","payBank":"","payCpf":"","pixkey":"69992735840","account":"20855875","status":"done","order":"A20250819155143310591WSAqmduHA"},"sign":"7C1295BAC5891D02ECD06282F1E947BE"}

【2025-08-19 16:36:30】
P2025081915514329503276962----提交：{"custId":"24120300001308","appId":"8241201350","order":"P2025081915514329503276962","sign":"CE460819A03522FD26D05119139AFECB"}

【2025-08-19 16:36:30】
P2025081915514329503276962----返回：{"code":"000000","msg":"P2025081915514329503276962","data":{"date":"2025-08-19 15:51:46","eid":"E3720544720250819185143761f6b5fb","amount":"21.1","name":"Diego Lima do nascimento","cpf":"70742318435","bankname":"ORBION GAMING LTDA","payBank":"","payCpf":"","pixkey":"69992735840","account":"20855875","status":"done","order":"A20250819155143310591WSAqmduHA"},"sign":"7C1295BAC5891D02ECD06282F1E947BE"}

【2025-08-19 16:48:33】
P2025081820252059520185867----提交：{"custId":"24120300001308","appId":"8241201350","order":"P2025081820252059520185867","sign":"AA4E2722EDC2164AAAC7FBA15E827A3B"}

【2025-08-19 16:48:33】
P2025081820252059520185867----返回：{"code":"000000","msg":"P2025081820252059520185867","data":{"date":"2025-08-18 20:25:24","eid":"E45756448202508182325FcrMOfSyNky","amount":"20","name":"valter canavez filho","cpf":"18855321803","bankname":"null","payBank":"","payCpf":"","pixkey":"18855321803","account":"412500795","status":"done","order":"A20250818202520373686QBmGf6Fn9"},"sign":"B41FEA0B4703388162A5934C1874993F"}

