【2025-08-19 20:03:45】
P2025081919525343973734754----提交：{"custId":"24120300001308","appId":"8241201350","order":"P2025081919525343973734754","sign":"C643D57DCE187816323F893A8F553CDD"}

【2025-08-19 20:03:46】
P2025081919525343973734754----返回：{"code":"000000","msg":"P2025081919525343973734754","data":{"date":"2025-08-19 19:52:58","eid":"E3720544720250819225254462070439","amount":"100","name":"GIZELE CASTRO RIBEIRO","cpf":"05050092264","bankname":"ORBION GAMING LTDA","payBank":"","payCpf":"","pixkey":"05050092264","account":"22896431","status":"done","order":"A20250819195253430331IxT8WAk8z"},"sign":"B3B0B634E87A518531514C201710CE0A"}

【2025-08-19 20:03:48】
P2025081919525343973734754----提交：{"custId":"24120300001308","appId":"8241201350","order":"P2025081919525343973734754","sign":"C643D57DCE187816323F893A8F553CDD"}

【2025-08-19 20:03:48】
P2025081919525343973734754----返回：{"code":"000000","msg":"P2025081919525343973734754","data":{"date":"2025-08-19 19:52:58","eid":"E3720544720250819225254462070439","amount":"100","name":"GIZELE CASTRO RIBEIRO","cpf":"05050092264","bankname":"ORBION GAMING LTDA","payBank":"","payCpf":"","pixkey":"05050092264","account":"22896431","status":"done","order":"A20250819195253430331IxT8WAk8z"},"sign":"B3B0B634E87A518531514C201710CE0A"}

【2025-08-19 20:11:26】
P2025081920093144971997819----提交：{"custId":"24120300001308","appId":"8241201350","order":"P2025081920093144971997819","sign":"FFEFCFD587627197412F5B680815B1C2"}

【2025-08-19 20:11:27】
P2025081920093144971997819----返回：{"code":"000000","msg":"P2025081920093144971997819","data":{"date":"2025-08-19 20:09:36","eid":"E3720544720250819230932456c9e945","amount":"10","name":"ALEXSANDRO DA SILVA SANTANA      ","cpf":"07467210485","bankname":"ORBION GAMING LTDA","payBank":"","payCpf":"","pixkey":"07467210485","account":"00000208","status":"done","order":"A20250819200931914058YNSuxTgtr"},"sign":"99C601263504DDFADDC8B2CBFA899BE4"}

【2025-08-19 20:11:31】
P2025081920093144971997819----提交：{"custId":"24120300001308","appId":"8241201350","order":"P2025081920093144971997819","sign":"FFEFCFD587627197412F5B680815B1C2"}

【2025-08-19 20:11:31】
P2025081920093144971997819----返回：{"code":"000000","msg":"P2025081920093144971997819","data":{"date":"2025-08-19 20:09:36","eid":"E3720544720250819230932456c9e945","amount":"10","name":"ALEXSANDRO DA SILVA SANTANA      ","cpf":"07467210485","bankname":"ORBION GAMING LTDA","payBank":"","payCpf":"","pixkey":"07467210485","account":"00000208","status":"done","order":"A20250819200931914058YNSuxTgtr"},"sign":"99C601263504DDFADDC8B2CBFA899BE4"}

【2025-08-19 20:13:57】
P2025081918170038220043844----提交：{"custId":"24120300001308","appId":"8241201350","order":"P2025081918170038220043844","sign":"F2B57777DAA427B4D108271C41BE3375"}

【2025-08-19 20:13:58】
P2025081918170038220043844----返回：{"code":"000000","msg":"P2025081918170038220043844","data":{"date":"2025-08-19 18:17:05","eid":"E37205447202508192117022121ae234","amount":"200","name":"Joelma Duarte Cintra","cpf":"03063351580","bankname":"ORBION GAMING LTDA","payBank":"","payCpf":"","pixkey":"71997336196","account":"10573521","status":"done","order":"A20250819181701773797ERQbxnvk6"},"sign":"DC7C25F3DAEF9C28744BBC458437A209"}

【2025-08-19 20:14:45】
P2025081918170038220043844----提交：{"custId":"24120300001308","appId":"8241201350","order":"P2025081918170038220043844","sign":"F2B57777DAA427B4D108271C41BE3375"}

【2025-08-19 20:14:46】
P2025081918170038220043844----返回：{"code":"000000","msg":"P2025081918170038220043844","data":{"date":"2025-08-19 18:17:05","eid":"E37205447202508192117022121ae234","amount":"200","name":"Joelma Duarte Cintra","cpf":"03063351580","bankname":"ORBION GAMING LTDA","payBank":"","payCpf":"","pixkey":"71997336196","account":"10573521","status":"done","order":"A20250819181701773797ERQbxnvk6"},"sign":"DC7C25F3DAEF9C28744BBC458437A209"}

【2025-08-19 20:38:04】
P2025081819485357333127446----提交：{"custId":"24120300001308","appId":"8241201350","order":"P2025081819485357333127446","sign":"CB6ADCB244461BC0BF86D219888E2C3C"}

【2025-08-19 20:38:04】
P2025081819485357333127446----返回：{"code":"000000","msg":"P2025081819485357333127446","data":{"date":"2025-08-18 19:49:57","eid":"E45756448202508182249Z9fg3v2lUCH","amount":"50","name":"LAERCIO CARVALHO DE ARAUJO","cpf":"32155084862","bankname":"null","payBank":"","payCpf":"","pixkey":"32155084862","account":"166134254","status":"done","order":"A20250818194853477919P1r85ntmP"},"sign":"8C25D606D859B732F5F4B563653D3401"}

【2025-08-19 20:51:31】
P2025081920503547435534586----提交：{"custId":"24120300001308","appId":"8241201350","order":"P2025081920503547435534586","sign":"6430A84128B3A2BF12B054EF424EFA78"}

【2025-08-19 20:51:32】
P2025081920503547435534586----返回：{"code":"000000","msg":"P2025081920503547435534586","data":{"date":"2025-08-19 20:50:41","eid":"E3720544720250819235036134bd9565","amount":"20","name":"EMERSON DO AMARAL","cpf":"01510303081","bankname":"ORBION GAMING LTDA","payBank":"","payCpf":"","pixkey":"01510303081","account":"01858774","status":"done","order":"A202508192050359465234W8pGEYh6"},"sign":"A56327DACA131224B171191A7C8E29FA"}

【2025-08-19 20:51:33】
P2025081920503547435534586----提交：{"custId":"24120300001308","appId":"8241201350","order":"P2025081920503547435534586","sign":"6430A84128B3A2BF12B054EF424EFA78"}

【2025-08-19 20:51:34】
P2025081920503547435534586----返回：{"code":"000000","msg":"P2025081920503547435534586","data":{"date":"2025-08-19 20:50:41","eid":"E3720544720250819235036134bd9565","amount":"20","name":"EMERSON DO AMARAL","cpf":"01510303081","bankname":"ORBION GAMING LTDA","payBank":"","payCpf":"","pixkey":"01510303081","account":"01858774","status":"done","order":"A202508192050359465234W8pGEYh6"},"sign":"A56327DACA131224B171191A7C8E29FA"}

【2025-08-19 20:53:06】
P2025081820234359423392320----提交：{"custId":"24120300001308","appId":"8241201350","order":"P2025081820234359423392320","sign":"B833C2C86C3D1DDB821A0E1518EB6542"}

【2025-08-19 20:53:07】
P2025081820234359423392320----返回：{"code":"000000","msg":"P2025081820234359423392320","data":{"date":"2025-08-18 20:23:48","eid":"E45756448202508182323PC50lHxrmE6","amount":"50","name":"tania madalena tavares de matos","cpf":"77214749220","bankname":"null","payBank":"","payCpf":"","pixkey":"77214749220","account":"147260210","status":"done","order":"A20250818202343866916B5xsdTcjV"},"sign":"B56D7A580EF42B126C1E74F54A6B8BB0"}

