【2025-08-19 14:13:32】
P2025081820384660326661894----提交：{"custId":"24120300001308","appId":"8241201350","order":"P2025081820384660326661894","sign":"68362250C2A41E31E3472D0731562F47"}

【2025-08-19 14:13:33】
P2025081820384660326661894----返回：{"code":"000000","msg":"P2025081820384660326661894","data":{"date":"2025-08-18 20:38:52","eid":"E45756448202508182338MtrGaWokSyY","amount":"300","name":"Valdirene aparecida da Silva","cpf":"35260023803","bankname":"null","payBank":"","payCpf":"","pixkey":"35260023803","account":"112763610","status":"done","order":"A202508182038470988473J1Rjtqwb"},"sign":"1E682B577BD871DAFB0F2D053EEA7B0E"}

【2025-08-19 14:13:34】
P2025081820384660326661894----提交：{"custId":"24120300001308","appId":"8241201350","order":"P2025081820384660326661894","sign":"68362250C2A41E31E3472D0731562F47"}

【2025-08-19 14:13:35】
P2025081820384660326661894----返回：{"code":"000000","msg":"P2025081820384660326661894","data":{"date":"2025-08-18 20:38:52","eid":"E45756448202508182338MtrGaWokSyY","amount":"300","name":"Valdirene aparecida da Silva","cpf":"35260023803","bankname":"null","payBank":"","payCpf":"","pixkey":"35260023803","account":"112763610","status":"done","order":"A202508182038470988473J1Rjtqwb"},"sign":"1E682B577BD871DAFB0F2D053EEA7B0E"}

【2025-08-19 14:13:57】
P2025081820313959899111460----提交：{"custId":"24120300001308","appId":"8241201350","order":"P2025081820313959899111460","sign":"980494AD0BD7816086F48ED5B5E23A5C"}

【2025-08-19 14:13:58】
P2025081820313959899111460----返回：{"code":"000000","msg":"P2025081820313959899111460","data":{"date":"2025-08-18 20:34:48","eid":"E3720544720250818233141342f35d04","amount":"70","name":"Valdirene aparecida da Silva","cpf":"35260023803","bankname":"ORBION GAMING LTDA","payBank":"","payCpf":"","pixkey":"35260023803","account":"08561701","status":"done","order":"A20250818203140097164i6gAnQmvA"},"sign":"78E916E67A22A78FB04CF72F036F7A10"}

【2025-08-19 14:13:58】
P2025081820313959899111460----提交：{"custId":"24120300001308","appId":"8241201350","order":"P2025081820313959899111460","sign":"980494AD0BD7816086F48ED5B5E23A5C"}

【2025-08-19 14:13:59】
P2025081820313959899111460----返回：{"code":"000000","msg":"P2025081820313959899111460","data":{"date":"2025-08-18 20:34:48","eid":"E3720544720250818233141342f35d04","amount":"70","name":"Valdirene aparecida da Silva","cpf":"35260023803","bankname":"ORBION GAMING LTDA","payBank":"","payCpf":"","pixkey":"35260023803","account":"08561701","status":"done","order":"A20250818203140097164i6gAnQmvA"},"sign":"78E916E67A22A78FB04CF72F036F7A10"}

【2025-08-19 14:14:01】
P2025081321484532525541190----提交：{"custId":"24120300001308","appId":"8241201350","order":"P2025081321484532525541190","sign":"9B4FC531B2254382BB714D556DE667B8"}

【2025-08-19 14:14:02】
P2025081321484532525541190----返回：{"code":"000000","msg":"P2025081321484532525541190","data":{"date":"2025-08-13 21:48:48","eid":"E372054472025081400484569430657f","amount":"50","name":"RODRIGO GUIMARAES PEDROSO","cpf":"00987012150","bankname":"ORBION GAMING LTDA","payBank":"","payCpf":"","pixkey":"digao.mt@gmail.com","account":"54403563","status":"done","order":"A20250813214845325154NCHSm51U2"},"sign":"C45FD39E704744F5127B035AA1AF477C"}

【2025-08-19 14:22:25】
P2025081821141762457651603----提交：{"custId":"24120300001308","appId":"8241201350","order":"P2025081821141762457651603","sign":"CA285E8AFE27346F663DF53D5D3567EB"}

【2025-08-19 14:22:26】
P2025081821141762457651603----返回：{"code":"000000","msg":"P2025081821141762457651603","data":{"date":"2025-08-18 21:20:06","eid":"E37205447202508190017434115a5178","amount":"100","name":"Marcia Aparecida Farias","cpf":"37295396802","bankname":"ORBION GAMING LTDA","payBank":"","payCpf":"","pixkey":"37295396802","account":"08561701","status":"done","order":"A20250818211417879412gRBdX5BN4"},"sign":"D08E22411F510E17D7DB68F87617EC1E"}

【2025-08-19 14:22:28】
P2025081821141762457651603----提交：{"custId":"24120300001308","appId":"8241201350","order":"P2025081821141762457651603","sign":"CA285E8AFE27346F663DF53D5D3567EB"}

【2025-08-19 14:22:29】
P2025081821141762457651603----返回：{"code":"000000","msg":"P2025081821141762457651603","data":{"date":"2025-08-18 21:20:06","eid":"E37205447202508190017434115a5178","amount":"100","name":"Marcia Aparecida Farias","cpf":"37295396802","bankname":"ORBION GAMING LTDA","payBank":"","payCpf":"","pixkey":"37295396802","account":"08561701","status":"done","order":"A20250818211417879412gRBdX5BN4"},"sign":"D08E22411F510E17D7DB68F87617EC1E"}

【2025-08-19 14:29:30】
P2025081910095408994969725----提交：{"custId":"24120300001308","appId":"8241201350","order":"P2025081910095408994969725","sign":"8BE18AE4C9AC57A6A3F0D67E7197E72B"}

【2025-08-19 14:29:31】
P2025081910095408994969725----返回：{"code":"000000","msg":"P2025081910095408994969725","data":{"date":"2025-08-19 10:09:57","eid":"E37205447202508191309543154b7306","amount":"20","name":"JAILMA MARIA DE SOUZA","cpf":"09150368435","bankname":"ORBION GAMING LTDA","payBank":"","payCpf":"","pixkey":"09150368435","account":"00360305","status":"done","order":"A20250819100954395109pzYCdGB2N"},"sign":"148768CA279A7C06C8EB573CE286DDC3"}

【2025-08-19 14:29:35】
P2025081910095408994969725----提交：{"custId":"24120300001308","appId":"8241201350","order":"P2025081910095408994969725","sign":"8BE18AE4C9AC57A6A3F0D67E7197E72B"}

【2025-08-19 14:29:36】
P2025081910095408994969725----返回：{"code":"000000","msg":"P2025081910095408994969725","data":{"date":"2025-08-19 10:09:57","eid":"E37205447202508191309543154b7306","amount":"20","name":"JAILMA MARIA DE SOUZA","cpf":"09150368435","bankname":"ORBION GAMING LTDA","payBank":"","payCpf":"","pixkey":"09150368435","account":"00360305","status":"done","order":"A20250819100954395109pzYCdGB2N"},"sign":"148768CA279A7C06C8EB573CE286DDC3"}

【2025-08-19 14:42:13】
P2025081820385760337737808----提交：{"custId":"24120300001308","appId":"8241201350","order":"P2025081820385760337737808","sign":"A4F7A3CF980B80356314BB000B514FF5"}

【2025-08-19 14:42:13】
P2025081820385760337737808----返回：{"code":"000000","msg":"P2025081820385760337737808","data":{"date":"2025-08-18 20:39:05","eid":"E457564482025081823392FO8MIvWr0q","amount":"350","name":"andryu costa de oliveira","cpf":"86230948087","bankname":"null","payBank":"","payCpf":"","pixkey":"86230948087","account":"129712923","status":"done","order":"A20250818203857013287qbMRAMn73"},"sign":"BA540BB4FA5622F7252692E8DA614CFC"}

