【2025-08-19 18:03:15】
P2025081918004437244493531----提交：{"custId":"24120300001308","appId":"8241201350","order":"P2025081918004437244493531","sign":"76383EB69D87AE4F683609DD507EBE82"}

【2025-08-19 18:03:15】
P2025081918004437244493531----返回：{"code":"000000","msg":"P2025081918004437244493531","data":{"date":"2025-08-19 18:00:48","eid":"E37205447202508192100454992fed52","amount":"20","name":"ANDRE LUIS DA SILVEIRA","cpf":"99250144091","bankname":"ORBION GAMING LTDA","payBank":"","payCpf":"","pixkey":"99250144091","account":"00416968","status":"done","order":"A20250819180044798952hCzYHnpPt"},"sign":"D3CE4D198807AFF46EE5FC093072F6ED"}

【2025-08-19 18:03:18】
P2025081918004437244493531----提交：{"custId":"24120300001308","appId":"8241201350","order":"P2025081918004437244493531","sign":"76383EB69D87AE4F683609DD507EBE82"}

【2025-08-19 18:03:18】
P2025081918004437244493531----返回：{"code":"000000","msg":"P2025081918004437244493531","data":{"date":"2025-08-19 18:00:48","eid":"E37205447202508192100454992fed52","amount":"20","name":"ANDRE LUIS DA SILVEIRA","cpf":"99250144091","bankname":"ORBION GAMING LTDA","payBank":"","payCpf":"","pixkey":"99250144091","account":"00416968","status":"done","order":"A20250819180044798952hCzYHnpPt"},"sign":"D3CE4D198807AFF46EE5FC093072F6ED"}

【2025-08-19 18:09:16】
P2025081312365899418668210----提交：{"custId":"24120300001308","appId":"8241201350","order":"P2025081312365899418668210","sign":"BD5594A97A4091065B35882ECE10D530"}

【2025-08-19 18:09:17】
P2025081312365899418668210----返回：{"code":"000000","msg":"P2025081312365899418668210","data":{"date":"2025-08-13 12:37:04","eid":"E37205447202508131536590638abd21","amount":"30","name":"FRANCISCA RODRIGUES SOUZA","cpf":"05611007309","bankname":"ORBION GAMING LTDA","payBank":"","payCpf":"","pixkey":"88994885627","account":"00360305","status":"done","order":"A202508131236582410348xmncZLtQ"},"sign":"98974031C835E894A3DF4EFC838BF1B5"}

【2025-08-19 18:17:11】
P2025081913042619466355519----提交：{"custId":"24120300001308","appId":"8241201350","order":"P2025081913042619466355519","sign":"36E5A0FC3342AB201B32DE7414581251"}

【2025-08-19 18:17:12】
P2025081913042619466355519----返回：{"code":"000000","msg":"P2025081913042619466355519","data":{"date":"2025-08-19 13:04:30","eid":"E372054472025081916042670427b38b","amount":"20","name":"João Pablo de Oliveira Ferreira","cpf":"09451065482","bankname":"ORBION GAMING LTDA","payBank":"","payCpf":"","pixkey":"83998597736","account":"18236120","status":"done","order":"A20250819130426269244k46QuR1Rw"},"sign":"C8EE86677103A8FA5CF13C4B2C61893D"}

【2025-08-19 18:17:14】
P2025081913042619466355519----提交：{"custId":"24120300001308","appId":"8241201350","order":"P2025081913042619466355519","sign":"36E5A0FC3342AB201B32DE7414581251"}

【2025-08-19 18:17:14】
P2025081913042619466355519----返回：{"code":"000000","msg":"P2025081913042619466355519","data":{"date":"2025-08-19 13:04:30","eid":"E372054472025081916042670427b38b","amount":"20","name":"João Pablo de Oliveira Ferreira","cpf":"09451065482","bankname":"ORBION GAMING LTDA","payBank":"","payCpf":"","pixkey":"83998597736","account":"18236120","status":"done","order":"A20250819130426269244k46QuR1Rw"},"sign":"C8EE86677103A8FA5CF13C4B2C61893D"}

【2025-08-19 18:20:42】
P2025081918201538415841934----提交：{"custId":"24120300001308","appId":"8241201350","order":"P2025081918201538415841934","sign":"9F830E8546C3A33289F7D0794E6E67D6"}

【2025-08-19 18:20:42】
P2025081918201538415841934----返回：{"code":"000000","msg":"P2025081918201538415841934","data":{"date":"2025-08-19 18:20:21","eid":"E3720544720250819212016933a95fd3","amount":"100","name":"GENICLECIO DOS SANTOS PEREIRA","cpf":"13522940440","bankname":"ORBION GAMING LTDA","payBank":"","payCpf":"","pixkey":"13522940440","account":"00416968","status":"done","order":"A202508191820164962211BsdbTuhx"},"sign":"5A4918507AACD84D236DFD712D95D1FD"}

【2025-08-19 18:20:44】
P2025081918201538415841934----提交：{"custId":"24120300001308","appId":"8241201350","order":"P2025081918201538415841934","sign":"9F830E8546C3A33289F7D0794E6E67D6"}

【2025-08-19 18:20:44】
P2025081918201538415841934----返回：{"code":"000000","msg":"P2025081918201538415841934","data":{"date":"2025-08-19 18:20:21","eid":"E3720544720250819212016933a95fd3","amount":"100","name":"GENICLECIO DOS SANTOS PEREIRA","cpf":"13522940440","bankname":"ORBION GAMING LTDA","payBank":"","payCpf":"","pixkey":"13522940440","account":"00416968","status":"done","order":"A202508191820164962211BsdbTuhx"},"sign":"5A4918507AACD84D236DFD712D95D1FD"}

【2025-08-19 18:31:15】
P2025081918170138221997456----提交：{"custId":"24120300001308","appId":"8241201350","order":"P2025081918170138221997456","sign":"14C3B9661F1C8933547D16783713C962"}

【2025-08-19 18:31:16】
P2025081918170138221997456----返回：{"code":"000000","msg":"P2025081918170138221997456","data":{"date":"2025-08-19 18:17:05","eid":"E3720544720250819211702544b76bd8","amount":"20","name":"WILDECLEIA SANTOS DE ALMEIDA DOS SANTOS","cpf":"01221305298","bankname":"ORBION GAMING LTDA","payBank":"","payCpf":"","pixkey":"91980810905","account":"00000000","status":"done","order":"A20250819181701121375Ltf7Yq2Ge"},"sign":"D667FA527E28F608A23F2F044A5566F3"}

【2025-08-19 18:31:26】
P2025081918170138221997456----提交：{"custId":"24120300001308","appId":"8241201350","order":"P2025081918170138221997456","sign":"14C3B9661F1C8933547D16783713C962"}

【2025-08-19 18:31:26】
P2025081918170138221997456----返回：{"code":"000000","msg":"P2025081918170138221997456","data":{"date":"2025-08-19 18:17:05","eid":"E3720544720250819211702544b76bd8","amount":"20","name":"WILDECLEIA SANTOS DE ALMEIDA DOS SANTOS","cpf":"01221305298","bankname":"ORBION GAMING LTDA","payBank":"","payCpf":"","pixkey":"91980810905","account":"00000000","status":"done","order":"A20250819181701121375Ltf7Yq2Ge"},"sign":"D667FA527E28F608A23F2F044A5566F3"}

【2025-08-19 18:57:16】
P2025081918503640236326803----提交：{"custId":"24120300001308","appId":"8241201350","order":"P2025081918503640236326803","sign":"63A3B5310E94826BCED35DFBD5A76872"}

【2025-08-19 18:57:17】
P2025081918503640236326803----返回：{"code":"000000","msg":"P2025081918503640236326803","data":{"date":"2025-08-19 18:50:40","eid":"E3720544720250819215037191168da3","amount":"300","name":"PEDRO HENRIQUE CARVALHO DE FREITAS","cpf":"12649017635","bankname":"ORBION GAMING LTDA","payBank":"","payCpf":"","pixkey":"12649017635","account":"31872495","status":"done","order":"A20250819185036072704dzpliRyib"},"sign":"229EE92FD1BF51B3DEBE4AE06DC1D53C"}

【2025-08-19 18:57:24】
P2025081918503640236326803----提交：{"custId":"24120300001308","appId":"8241201350","order":"P2025081918503640236326803","sign":"63A3B5310E94826BCED35DFBD5A76872"}

【2025-08-19 18:57:24】
P2025081918503640236326803----返回：{"code":"000000","msg":"P2025081918503640236326803","data":{"date":"2025-08-19 18:50:40","eid":"E3720544720250819215037191168da3","amount":"300","name":"PEDRO HENRIQUE CARVALHO DE FREITAS","cpf":"12649017635","bankname":"ORBION GAMING LTDA","payBank":"","payCpf":"","pixkey":"12649017635","account":"31872495","status":"done","order":"A20250819185036072704dzpliRyib"},"sign":"229EE92FD1BF51B3DEBE4AE06DC1D53C"}

