【2025-08-19 19:10:38】
P2025081919035641036714936----提交：{"custId":"24120300001308","appId":"8241201350","order":"P2025081919035641036714936","sign":"7C877C58D85FA116EDA8D1D43C562B5D"}

【2025-08-19 19:10:38】
P2025081919035641036714936----返回：{"code":"000000","msg":"P2025081919035641036714936","data":{"date":"2025-08-19 19:04:05","eid":"E37205447202508192203582118cb7b1","amount":"40","name":"Grediane Costa dos Santos","cpf":"07218213596","bankname":"ORBION GAMING LTDA","payBank":"","payCpf":"","pixkey":"71996477056","account":"18236120","status":"done","order":"A20250819190357415151rv7sDqAle"},"sign":"AFD8D47ABB3511111224A3F5193317D0"}

【2025-08-19 19:10:59】
P2025081919035641036714936----提交：{"custId":"24120300001308","appId":"8241201350","order":"P2025081919035641036714936","sign":"7C877C58D85FA116EDA8D1D43C562B5D"}

【2025-08-19 19:10:59】
P2025081919035641036714936----返回：{"code":"000000","msg":"P2025081919035641036714936","data":{"date":"2025-08-19 19:04:05","eid":"E37205447202508192203582118cb7b1","amount":"40","name":"Grediane Costa dos Santos","cpf":"07218213596","bankname":"ORBION GAMING LTDA","payBank":"","payCpf":"","pixkey":"71996477056","account":"18236120","status":"done","order":"A20250819190357415151rv7sDqAle"},"sign":"AFD8D47ABB3511111224A3F5193317D0"}

【2025-08-19 19:17:07】
P2025081918514340303847175----提交：{"custId":"24120300001308","appId":"8241201350","order":"P2025081918514340303847175","sign":"F482D5BF214903C982F9219C870D7C5D"}

【2025-08-19 19:17:08】
P2025081918514340303847175----返回：{"code":"000000","msg":"P2025081918514340303847175","data":{"date":"2025-08-19 18:51:47","eid":"E3720544720250819215143970d49124","amount":"85","name":"LUIZ ANTONIO DE MATTOS MACHADO","cpf":"04665539944","bankname":"ORBION GAMING LTDA","payBank":"","payCpf":"","pixkey":"42998088155","account":"90400888","status":"done","order":"A20250819185143714025mRAzRazEC"},"sign":"DE051B76AB785A6940EE112876F95128"}

【2025-08-19 19:17:41】
P2025081918514340303847175----提交：{"custId":"24120300001308","appId":"8241201350","order":"P2025081918514340303847175","sign":"F482D5BF214903C982F9219C870D7C5D"}

【2025-08-19 19:17:41】
P2025081918514340303847175----返回：{"code":"000000","msg":"P2025081918514340303847175","data":{"date":"2025-08-19 18:51:47","eid":"E3720544720250819215143970d49124","amount":"85","name":"LUIZ ANTONIO DE MATTOS MACHADO","cpf":"04665539944","bankname":"ORBION GAMING LTDA","payBank":"","payCpf":"","pixkey":"42998088155","account":"90400888","status":"done","order":"A20250819185143714025mRAzRazEC"},"sign":"DE051B76AB785A6940EE112876F95128"}

【2025-08-19 19:33:22】
P2025081919311342673842318----提交：{"custId":"24120300001308","appId":"8241201350","order":"P2025081919311342673842318","sign":"5ACDBA7AD15CCB57402DC26DFF39C8EE"}

【2025-08-19 19:33:23】
P2025081919311342673842318----返回：{"code":"000000","msg":"P2025081919311342673842318","data":{"date":"2025-08-19 19:31:18","eid":"E37205447202508192231142171f884e","amount":"20","name":"Heloiza dos Santos Lima","cpf":"06245558280","bankname":"ORBION GAMING LTDA","payBank":"","payCpf":"","pixkey":"55991159924","account":"18236120","status":"done","order":"A20250819193114629270B4CavYnzk"},"sign":"D8E926BB0F6C496CFD9337FEDE0AC12F"}

【2025-08-19 19:33:24】
P2025081919311342673842318----提交：{"custId":"24120300001308","appId":"8241201350","order":"P2025081919311342673842318","sign":"5ACDBA7AD15CCB57402DC26DFF39C8EE"}

【2025-08-19 19:33:25】
P2025081919311342673842318----返回：{"code":"000000","msg":"P2025081919311342673842318","data":{"date":"2025-08-19 19:31:18","eid":"E37205447202508192231142171f884e","amount":"20","name":"Heloiza dos Santos Lima","cpf":"06245558280","bankname":"ORBION GAMING LTDA","payBank":"","payCpf":"","pixkey":"55991159924","account":"18236120","status":"done","order":"A20250819193114629270B4CavYnzk"},"sign":"D8E926BB0F6C496CFD9337FEDE0AC12F"}

