【2025-08-19 10:14:39】
P2025081819590757947423773----提交：{"custId":"24120300001308","appId":"8241201350","order":"P2025081819590757947423773","sign":"71203EB3B597FBF4AB45BFE9CAA019EE"}

【2025-08-19 10:14:39】
P2025081819590757947423773----返回：{"code":"000000","msg":"P2025081819590757947423773","data":{"date":"2025-08-18 19:59:45","eid":"E45756448202508182259nEQlhNVyW0u","amount":"50","name":"Junio Henrique Condi","cpf":"46275818824","bankname":"null","payBank":"","payCpf":"","pixkey":"46275818824","account":"18741603","status":"done","order":"A20250818195907296554dwLm6agbb"},"sign":"9291795372C689DBAF767EFF6BAD7036"}

【2025-08-19 10:17:59】
P2025081910163909399581225----提交：{"custId":"24120300001308","appId":"8241201350","order":"P2025081910163909399581225","sign":"B33CA804043750751D9BEF213EC7933F"}

【2025-08-19 10:17:59】
P2025081910163909399581225----返回：{"code":"000000","msg":"P2025081910163909399581225","data":{"date":"2025-08-19 10:16:41","eid":"E45756448202508191316Q4pVNaEh9EO","amount":"70","name":"MAGNO LISBOA OLIVEIRA","cpf":"61280072369","bankname":"null","payBank":"","payCpf":"","pixkey":"61280072369","account":"12880000009831105244","status":"done","order":"A202508191016399475597syykwmb4"},"sign":"9BDE58965BB6D987B55EE4B585D7DA9A"}

【2025-08-19 10:18:02】
P2025081910163909399581225----提交：{"custId":"24120300001308","appId":"8241201350","order":"P2025081910163909399581225","sign":"B33CA804043750751D9BEF213EC7933F"}

【2025-08-19 10:18:02】
P2025081910163909399581225----返回：{"code":"000000","msg":"P2025081910163909399581225","data":{"date":"2025-08-19 10:16:41","eid":"E45756448202508191316Q4pVNaEh9EO","amount":"70","name":"MAGNO LISBOA OLIVEIRA","cpf":"61280072369","bankname":"null","payBank":"","payCpf":"","pixkey":"61280072369","account":"12880000009831105244","status":"done","order":"A202508191016399475597syykwmb4"},"sign":"9BDE58965BB6D987B55EE4B585D7DA9A"}

【2025-08-19 10:18:03】
P2025081910163909399581225----提交：{"custId":"24120300001308","appId":"8241201350","order":"P2025081910163909399581225","sign":"B33CA804043750751D9BEF213EC7933F"}

【2025-08-19 10:18:03】
P2025081910163909399581225----返回：{"code":"000000","msg":"P2025081910163909399581225","data":{"date":"2025-08-19 10:16:41","eid":"E45756448202508191316Q4pVNaEh9EO","amount":"70","name":"MAGNO LISBOA OLIVEIRA","cpf":"61280072369","bankname":"null","payBank":"","payCpf":"","pixkey":"61280072369","account":"12880000009831105244","status":"done","order":"A202508191016399475597syykwmb4"},"sign":"9BDE58965BB6D987B55EE4B585D7DA9A"}

【2025-08-19 10:18:40】
P2025081819410656866583229----提交：{"custId":"24120300001308","appId":"8241201350","order":"P2025081819410656866583229","sign":"B247B76634DC2EA09EB566C2C57C64B4"}

【2025-08-19 10:18:40】
P2025081819410656866583229----返回：{"code":"000000","msg":"P2025081819410656866583229","data":{"date":"2025-08-18 19:41:10","eid":"E45756448202508182241UzOzRPshk0u","amount":"50","name":"Francinete dos Santos Cardoso","cpf":"70991367120","bankname":"null","payBank":"","payCpf":"","pixkey":"61998130368","account":"542815477","status":"done","order":"A20250818194106695295N7dBgVmi7"},"sign":"520634C89E197EAA99A89F9597601D14"}

【2025-08-19 10:20:02】
P2025081910150309303215231----提交：{"custId":"24120300001308","appId":"8241201350","order":"P2025081910150309303215231","sign":"3755D9730273357DCCCDA19607982879"}

【2025-08-19 10:20:02】
P2025081910150309303215231----返回：{"code":"000000","msg":"P2025081910150309303215231","data":{"date":"2025-08-19 10:19:05","eid":"E45756448202508191319aA0RiAnZqEa","amount":"5458","name":"VALMIR CARLITO DA SILVA","cpf":"15638101829","bankname":"null","payBank":"","payCpf":"","pixkey":"15638101829","account":"75703","status":"done","order":"A20250819101901683011KKf61caxX"},"sign":"D4F7C846013A59EE2DB57BEB5C22C224"}

【2025-08-19 10:42:29】
P2025081909071305233236508----提交：{"custId":"24120300001308","appId":"8241201350","order":"P2025081909071305233236508","sign":"FE2CCABE13E344D37571D7EE2CDC907E"}

【2025-08-19 10:42:29】
P2025081909071305233236508----返回：{"code":"000000","msg":"P2025081909071305233236508","data":{"date":"2025-08-19 09:07:17","eid":"E37205447202508191207141288b3be9","amount":"3500","name":"JANDERVAL GUEDES DA SILVA","cpf":"61419591215","bankname":"ORBION GAMING LTDA","payBank":"","payCpf":"","pixkey":"92994270330","account":"00360305","status":"done","order":"A20250819090713312844Dhkw6vnzx"},"sign":"FD26F2E7BBDAABF62C7460B2DCCF9C2D"}

【2025-08-19 10:42:47】
P2025081909071305233236508----提交：{"custId":"24120300001308","appId":"8241201350","order":"P2025081909071305233236508","sign":"FE2CCABE13E344D37571D7EE2CDC907E"}

【2025-08-19 10:42:48】
P2025081909071305233236508----返回：{"code":"000000","msg":"P2025081909071305233236508","data":{"date":"2025-08-19 09:07:17","eid":"E37205447202508191207141288b3be9","amount":"3500","name":"JANDERVAL GUEDES DA SILVA","cpf":"61419591215","bankname":"ORBION GAMING LTDA","payBank":"","payCpf":"","pixkey":"92994270330","account":"00360305","status":"done","order":"A20250819090713312844Dhkw6vnzx"},"sign":"FD26F2E7BBDAABF62C7460B2DCCF9C2D"}

【2025-08-19 10:43:51】
P2025081820371860238317929----提交：{"custId":"24120300001308","appId":"8241201350","order":"P2025081820371860238317929","sign":"AAA84E228BB21006EC4B060FDD76DCE7"}

【2025-08-19 10:43:51】
P2025081820371860238317929----返回：{"code":"000000","msg":"P2025081820371860238317929","data":{"date":"2025-08-18 20:37:27","eid":"E45756448202508182337zKjYpvPyv0e","amount":"50","name":"JESSICA MACIEL NOVACOSKI","cpf":"7369529932","bankname":"null","payBank":"","payCpf":"","pixkey":"07369529932","account":"56027915","status":"done","order":"A20250818203718644013XzHlqLrIu"},"sign":"FE946A9D2BFA79D502932C405CA91876"}

【2025-08-19 10:43:54】
P2025081820371860238317929----提交：{"custId":"24120300001308","appId":"8241201350","order":"P2025081820371860238317929","sign":"AAA84E228BB21006EC4B060FDD76DCE7"}

【2025-08-19 10:43:54】
P2025081820371860238317929----返回：{"code":"000000","msg":"P2025081820371860238317929","data":{"date":"2025-08-18 20:37:27","eid":"E45756448202508182337zKjYpvPyv0e","amount":"50","name":"JESSICA MACIEL NOVACOSKI","cpf":"7369529932","bankname":"null","payBank":"","payCpf":"","pixkey":"07369529932","account":"56027915","status":"done","order":"A20250818203718644013XzHlqLrIu"},"sign":"FE946A9D2BFA79D502932C405CA91876"}

【2025-08-19 10:46:36】
P2025081908150202102394463----提交：{"custId":"24120300001308","appId":"8241201350","order":"P2025081908150202102394463","sign":"CC9FD1E7AFE1FACCDC3F5FB9EF06EC11"}

【2025-08-19 10:46:36】
P2025081908150202102394463----返回：{"code":"000000","msg":"P2025081908150202102394463","data":{"date":"2025-08-19 08:15:05","eid":"E3720544720250819111503094e7733b","amount":"20","name":"FRANCISCA RODRIGUES FELIX","cpf":"46416587300","bankname":"ORBION GAMING LTDA","payBank":"","payCpf":"","pixkey":"85985909957","account":"00360305","status":"done","order":"A20250819081502076710hsiNMq6ab"},"sign":"B5A3E2DD0B40B1930BD2EAD05A913DB4"}

【2025-08-19 10:46:42】
P2025081908150202102394463----提交：{"custId":"24120300001308","appId":"8241201350","order":"P2025081908150202102394463","sign":"CC9FD1E7AFE1FACCDC3F5FB9EF06EC11"}

【2025-08-19 10:46:42】
P2025081908150202102394463----返回：{"code":"000000","msg":"P2025081908150202102394463","data":{"date":"2025-08-19 08:15:05","eid":"E3720544720250819111503094e7733b","amount":"20","name":"FRANCISCA RODRIGUES FELIX","cpf":"46416587300","bankname":"ORBION GAMING LTDA","payBank":"","payCpf":"","pixkey":"85985909957","account":"00360305","status":"done","order":"A20250819081502076710hsiNMq6ab"},"sign":"B5A3E2DD0B40B1930BD2EAD05A913DB4"}

【2025-08-19 10:48:24】
P2025081910042708667982898----提交：{"custId":"24120300001308","appId":"8241201350","order":"P2025081910042708667982898","sign":"48EA4EEAC7B52A21C8C14D23E0D8C829"}

【2025-08-19 10:48:25】
P2025081910042708667982898----返回：{"code":"000000","msg":"P2025081910042708667982898","data":{"date":"2025-08-19 10:04:35","eid":"E3720544720250819130428134806889","amount":"10","name":"Marinilde Costa","cpf":"03948182370","bankname":"ORBION GAMING LTDA","payBank":"","payCpf":"","pixkey":"98981844762","account":"18236120","status":"done","order":"A20250819100428837511E8Lu5sAJl"},"sign":"AD1A19F3F32850F269E7D731619723FF"}

【2025-08-19 10:48:28】
P2025081910042708667982898----提交：{"custId":"24120300001308","appId":"8241201350","order":"P2025081910042708667982898","sign":"48EA4EEAC7B52A21C8C14D23E0D8C829"}

【2025-08-19 10:48:28】
P2025081910042708667982898----返回：{"code":"000000","msg":"P2025081910042708667982898","data":{"date":"2025-08-19 10:04:35","eid":"E3720544720250819130428134806889","amount":"10","name":"Marinilde Costa","cpf":"03948182370","bankname":"ORBION GAMING LTDA","payBank":"","payCpf":"","pixkey":"98981844762","account":"18236120","status":"done","order":"A20250819100428837511E8Lu5sAJl"},"sign":"AD1A19F3F32850F269E7D731619723FF"}

【2025-08-19 10:56:31】
P2025081821052261922472193----提交：{"custId":"24120300001308","appId":"8241201350","order":"P2025081821052261922472193","sign":"CED2699E2D614AD086BE393A044CB93F"}

【2025-08-19 10:56:31】
P2025081821052261922472193----返回：{"code":"000000","msg":"P2025081821052261922472193","data":{"date":"2025-08-18 21:05:42","eid":"E45756448202508190005adaqhh7itk6","amount":"30","name":"Janaina Roberta de Paula Souza","cpf":"70275263100","bankname":"null","payBank":"","payCpf":"","pixkey":"70275263100","account":"184720159","status":"done","order":"A20250818210523519080nv8yb2ptC"},"sign":"B89B3958F6272E10D35E05EC1673D114"}

