【2025-08-19 17:00:04】
P2025081820014258102528986----提交：{"custId":"24120300001308","appId":"8241201350","order":"P2025081820014258102528986","sign":"D6C6D3E6B05C8E3E4FA487416B10E7F9"}

【2025-08-19 17:00:05】
P2025081820014258102528986----返回：{"code":"000000","msg":"P2025081820014258102528986","data":{"date":"2025-08-18 20:02:26","eid":"E45756448202508182302m5BB7UnDp0y","amount":"400","name":"KELI CRISTINA DA SILVA MOREIRA","cpf":"235961124","bankname":"null","payBank":"","payCpf":"","pixkey":"00235961124","account":"308303155","status":"done","order":"A20250818200143670085GaPj8DTMq"},"sign":"D960B29A7E9821709F7F6EAAE7944327"}

【2025-08-19 17:00:22】
P2025081820014258102528986----提交：{"custId":"24120300001308","appId":"8241201350","order":"P2025081820014258102528986","sign":"D6C6D3E6B05C8E3E4FA487416B10E7F9"}

【2025-08-19 17:00:22】
P2025081820014258102528986----返回：{"code":"000000","msg":"P2025081820014258102528986","data":{"date":"2025-08-18 20:02:26","eid":"E45756448202508182302m5BB7UnDp0y","amount":"400","name":"KELI CRISTINA DA SILVA MOREIRA","cpf":"235961124","bankname":"null","payBank":"","payCpf":"","pixkey":"00235961124","account":"308303155","status":"done","order":"A20250818200143670085GaPj8DTMq"},"sign":"D960B29A7E9821709F7F6EAAE7944327"}

【2025-08-19 17:01:23】
P2025081820390960349879578----提交：{"custId":"24120300001308","appId":"8241201350","order":"P2025081820390960349879578","sign":"7E4F7B7ADEE2C28D6CD94B375FD35B2A"}

【2025-08-19 17:01:23】
P2025081820390960349879578----返回：{"code":"000000","msg":"P2025081820390960349879578","data":{"date":"2025-08-18 20:39:15","eid":"E457564482025081823393QGbt4OTmkD","amount":"50","name":"vera Lucia Alves","cpf":"86531166649","bankname":"null","payBank":"","payCpf":"","pixkey":"86531166649","account":"404798472","status":"done","order":"A20250818203909591483cmPiywqsI"},"sign":"BD736C93E6110E34CE5FCF53FC2F1581"}

【2025-08-19 17:05:56】
P2025081916280031680168776----提交：{"custId":"24120300001308","appId":"8241201350","order":"P2025081916280031680168776","sign":"5A0D2459235AE3EE1589C742D5337213"}

【2025-08-19 17:05:56】
P2025081916280031680168776----返回：{"code":"000000","msg":"P2025081916280031680168776","data":{"date":"2025-08-19 16:28:05","eid":"E45756448202508191928oWAo8PY3IkC","amount":"20.13","name":"Ruan Jesus Dos Santos","cpf":"86779909505","bankname":"null","payBank":"","payCpf":"","pixkey":"86779909505","account":"60265804994","status":"done","order":"A202508191628019922003ZijEZEQg"},"sign":"91D3ED41162C46DAAA1D1D4EAE13653A"}

【2025-08-19 17:08:17】
P2025081900594275982302970----提交：{"custId":"24120300001308","appId":"8241201350","order":"P2025081900594275982302970","sign":"82AA37C9BDBEB15242D7EB7C14B04ABD"}

【2025-08-19 17:08:17】
P2025081900594275982302970----返回：{"code":"000000","msg":"P2025081900594275982302970","data":{"date":"2025-08-19 00:59:46","eid":"E372054472025081903594318512f83b","amount":"15","name":"JOSIEL TEIXEIRA CUNHA","cpf":"73409588515","bankname":"ORBION GAMING LTDA","payBank":"","payCpf":"","pixkey":"73409588515","account":"22896431","status":"done","order":"A20250819005943909490nmuvp6iEt"},"sign":"D95E5D4438B12A8F139D85FE08E9B3C7"}

【2025-08-19 17:08:19】
P2025081900594275982302970----提交：{"custId":"24120300001308","appId":"8241201350","order":"P2025081900594275982302970","sign":"82AA37C9BDBEB15242D7EB7C14B04ABD"}

【2025-08-19 17:08:20】
P2025081900594275982302970----返回：{"code":"000000","msg":"P2025081900594275982302970","data":{"date":"2025-08-19 00:59:46","eid":"E372054472025081903594318512f83b","amount":"15","name":"JOSIEL TEIXEIRA CUNHA","cpf":"73409588515","bankname":"ORBION GAMING LTDA","payBank":"","payCpf":"","pixkey":"73409588515","account":"22896431","status":"done","order":"A20250819005943909490nmuvp6iEt"},"sign":"D95E5D4438B12A8F139D85FE08E9B3C7"}

【2025-08-19 17:09:02】
P2025081916472932849124640----提交：{"custId":"24120300001308","appId":"8241201350","order":"P2025081916472932849124640","sign":"E33E640709C788F8F5DD98381940AA4F"}

【2025-08-19 17:09:02】
P2025081916472932849124640----返回：{"code":"000000","msg":"P2025081916472932849124640","data":{"date":"2025-08-19 17:05:04","eid":"E45756448202508192005RgNZCO2GUiQ","amount":"5304","name":"JULIANA DE OLIVEIRA ROSALINO","cpf":"1094356131","bankname":"null","payBank":"","payCpf":"","pixkey":"01094356131","account":"37010000005769533320","status":"done","order":"A20250819170501460339BzDdNWl5H"},"sign":"38FC6486F80A09E6D303CCAA6F8FE3FE"}

【2025-08-19 17:09:11】
P2025081916472932849124640----提交：{"custId":"24120300001308","appId":"8241201350","order":"P2025081916472932849124640","sign":"E33E640709C788F8F5DD98381940AA4F"}

【2025-08-19 17:09:12】
P2025081916472932849124640----返回：{"code":"000000","msg":"P2025081916472932849124640","data":{"date":"2025-08-19 17:05:04","eid":"E45756448202508192005RgNZCO2GUiQ","amount":"5304","name":"JULIANA DE OLIVEIRA ROSALINO","cpf":"1094356131","bankname":"null","payBank":"","payCpf":"","pixkey":"01094356131","account":"37010000005769533320","status":"done","order":"A20250819170501460339BzDdNWl5H"},"sign":"38FC6486F80A09E6D303CCAA6F8FE3FE"}

