【2025-08-19 03:30:57】
P2025081903193184371636519----提交：{"custId":"24120300001308","appId":"8241201350","order":"P2025081903193184371636519","sign":"87A98D6C9E4D393AC3012BFA7ADF56B1"}

【2025-08-19 03:30:57】
P2025081903193184371636519----返回：{"code":"000000","msg":"P2025081903193184371636519","data":{"date":"2025-08-19 03:19:33","eid":"E3720544720250819061931326dfea02","amount":"30","name":"CLEIDIANE SANTOS SILVA","cpf":"04416701560","bankname":"ORBION GAMING LTDA","payBank":"","payCpf":"","pixkey":"79999225379","account":"00360305","status":"done","order":"A20250819031931119629l3SzkHq43"},"sign":"7B1338345F93866D91D7A9CDA1B2CE31"}

【2025-08-19 03:31:02】
P2025081903193184371636519----提交：{"custId":"24120300001308","appId":"8241201350","order":"P2025081903193184371636519","sign":"87A98D6C9E4D393AC3012BFA7ADF56B1"}

【2025-08-19 03:31:02】
P2025081903193184371636519----返回：{"code":"000000","msg":"P2025081903193184371636519","data":{"date":"2025-08-19 03:19:33","eid":"E3720544720250819061931326dfea02","amount":"30","name":"CLEIDIANE SANTOS SILVA","cpf":"04416701560","bankname":"ORBION GAMING LTDA","payBank":"","payCpf":"","pixkey":"79999225379","account":"00360305","status":"done","order":"A20250819031931119629l3SzkHq43"},"sign":"7B1338345F93866D91D7A9CDA1B2CE31"}

【2025-08-19 03:37:02】
P2025081820595861598121697----提交：{"custId":"24120300001308","appId":"8241201350","order":"P2025081820595861598121697","sign":"D1C4E7F5A136E16D161BC4C58C477078"}

【2025-08-19 03:37:02】
P2025081820595861598121697----返回：{"code":"000000","msg":"P2025081820595861598121697","data":{"date":"2025-08-18 21:00:05","eid":"E45756448202508190000Z0i0zKZBCkq","amount":"80.38","name":"KAIQUE RODRIGUES","cpf":"46741911812","bankname":"null","payBank":"","payCpf":"","pixkey":"46741911812","account":"924642319","status":"done","order":"A20250818205958538742VTgcz9Kl6"},"sign":"D72E2FC168B06FDF35972C8FD8A30CF2"}

【2025-08-19 03:53:01】
P2025081819590757947423773----提交：{"custId":"24120300001308","appId":"8241201350","order":"P2025081819590757947423773","sign":"71203EB3B597FBF4AB45BFE9CAA019EE"}

【2025-08-19 03:53:01】
P2025081819590757947423773----返回：{"code":"000000","msg":"P2025081819590757947423773","data":{"date":"2025-08-18 19:59:45","eid":"E45756448202508182259nEQlhNVyW0u","amount":"50","name":"Junio Henrique Condi","cpf":"46275818824","bankname":"null","payBank":"","payCpf":"","pixkey":"46275818824","account":"18741603","status":"done","order":"A20250818195907296554dwLm6agbb"},"sign":"9291795372C689DBAF767EFF6BAD7036"}

【2025-08-19 03:53:14】
P2025081819590757947423773----提交：{"custId":"24120300001308","appId":"8241201350","order":"P2025081819590757947423773","sign":"71203EB3B597FBF4AB45BFE9CAA019EE"}

【2025-08-19 03:53:14】
P2025081819590757947423773----返回：{"code":"000000","msg":"P2025081819590757947423773","data":{"date":"2025-08-18 19:59:45","eid":"E45756448202508182259nEQlhNVyW0u","amount":"50","name":"Junio Henrique Condi","cpf":"46275818824","bankname":"null","payBank":"","payCpf":"","pixkey":"46275818824","account":"18741603","status":"done","order":"A20250818195907296554dwLm6agbb"},"sign":"9291795372C689DBAF767EFF6BAD7036"}

【2025-08-19 03:53:15】
P2025081819590757947423773----提交：{"custId":"24120300001308","appId":"8241201350","order":"P2025081819590757947423773","sign":"71203EB3B597FBF4AB45BFE9CAA019EE"}

【2025-08-19 03:53:15】
P2025081819590757947423773----返回：{"code":"000000","msg":"P2025081819590757947423773","data":{"date":"2025-08-18 19:59:45","eid":"E45756448202508182259nEQlhNVyW0u","amount":"50","name":"Junio Henrique Condi","cpf":"46275818824","bankname":"null","payBank":"","payCpf":"","pixkey":"46275818824","account":"18741603","status":"done","order":"A20250818195907296554dwLm6agbb"},"sign":"9291795372C689DBAF767EFF6BAD7036"}

【2025-08-19 03:53:32】
P2025081819590757947423773----提交：{"custId":"24120300001308","appId":"8241201350","order":"P2025081819590757947423773","sign":"71203EB3B597FBF4AB45BFE9CAA019EE"}

【2025-08-19 03:53:32】
P2025081819590757947423773----返回：{"code":"000000","msg":"P2025081819590757947423773","data":{"date":"2025-08-18 19:59:45","eid":"E45756448202508182259nEQlhNVyW0u","amount":"50","name":"Junio Henrique Condi","cpf":"46275818824","bankname":"null","payBank":"","payCpf":"","pixkey":"46275818824","account":"18741603","status":"done","order":"A20250818195907296554dwLm6agbb"},"sign":"9291795372C689DBAF767EFF6BAD7036"}

