【2025-08-19 09:00:05】
P2025081821515564715287806----提交：{"custId":"24120300001308","appId":"8241201350","order":"P2025081821515564715287806","sign":"64BED53E48E1DCD5ED4029FE66A43B57"}

【2025-08-19 09:00:05】
P2025081821515564715287806----返回：{"code":"000000","msg":"P2025081821515564715287806","data":{"date":"2025-08-18 21:52:00","eid":"E3720544720250819005156630f43e16","amount":"100","name":"LAYANE NASCIMENTO SOUSA","cpf":"63508102360","bankname":"ORBION GAMING LTDA","payBank":"","payCpf":"","pixkey":"63508102360","account":"60701190","status":"done","order":"A20250818215156594276ghT3LB2Gk"},"sign":"BF61C562ECD3ACC569D69189973AA787"}

【2025-08-19 09:00:07】
P2025081821515564715287806----提交：{"custId":"24120300001308","appId":"8241201350","order":"P2025081821515564715287806","sign":"64BED53E48E1DCD5ED4029FE66A43B57"}

【2025-08-19 09:00:07】
P2025081821515564715287806----返回：{"code":"000000","msg":"P2025081821515564715287806","data":{"date":"2025-08-18 21:52:00","eid":"E3720544720250819005156630f43e16","amount":"100","name":"LAYANE NASCIMENTO SOUSA","cpf":"63508102360","bankname":"ORBION GAMING LTDA","payBank":"","payCpf":"","pixkey":"63508102360","account":"60701190","status":"done","order":"A20250818215156594276ghT3LB2Gk"},"sign":"BF61C562ECD3ACC569D69189973AA787"}

【2025-08-19 09:07:03】
P2025081820233459414949296----提交：{"custId":"24120300001308","appId":"8241201350","order":"P2025081820233459414949296","sign":"2E5B42DD98CC9C3F32070D002CEC9718"}

【2025-08-19 09:07:03】
P2025081820233459414949296----返回：{"code":"000000","msg":"P2025081820233459414949296","data":{"date":"2025-08-18 20:23:38","eid":"E45756448202508182323RXBBTx0jTUe","amount":"100","name":"clebson Nascimento sousa","cpf":"63023673365","bankname":"null","payBank":"","payCpf":"","pixkey":"63023673365","account":"371487240","status":"done","order":"A20250818202334768197XcLCpki5G"},"sign":"5CF75D2F580AAB36E3E88722BF75E0B7"}

【2025-08-19 09:07:05】
P2025081820233459414949296----提交：{"custId":"24120300001308","appId":"8241201350","order":"P2025081820233459414949296","sign":"2E5B42DD98CC9C3F32070D002CEC9718"}

【2025-08-19 09:07:05】
P2025081820233459414949296----返回：{"code":"000000","msg":"P2025081820233459414949296","data":{"date":"2025-08-18 20:23:38","eid":"E45756448202508182323RXBBTx0jTUe","amount":"100","name":"clebson Nascimento sousa","cpf":"63023673365","bankname":"null","payBank":"","payCpf":"","pixkey":"63023673365","account":"371487240","status":"done","order":"A20250818202334768197XcLCpki5G"},"sign":"5CF75D2F580AAB36E3E88722BF75E0B7"}

【2025-08-19 09:15:39】
P2025081819590757947423773----提交：{"custId":"24120300001308","appId":"8241201350","order":"P2025081819590757947423773","sign":"71203EB3B597FBF4AB45BFE9CAA019EE"}

【2025-08-19 09:15:39】
P2025081819590757947423773----返回：{"code":"000000","msg":"P2025081819590757947423773","data":{"date":"2025-08-18 19:59:45","eid":"E45756448202508182259nEQlhNVyW0u","amount":"50","name":"Junio Henrique Condi","cpf":"46275818824","bankname":"null","payBank":"","payCpf":"","pixkey":"46275818824","account":"18741603","status":"done","order":"A20250818195907296554dwLm6agbb"},"sign":"9291795372C689DBAF767EFF6BAD7036"}

【2025-08-19 09:16:07】
P2025081820340460044877569----提交：{"custId":"24120300001308","appId":"8241201350","order":"P2025081820340460044877569","sign":"6ADFA89FF104DCE541F63451EB283833"}

【2025-08-19 09:16:07】
P2025081820340460044877569----返回：{"code":"000000","msg":"P2025081820340460044877569","data":{"date":"2025-08-18 20:35:27","eid":"E3720544720250818233404935bdf13a","amount":"55","name":"Alexandre da Silva dos Reis","cpf":"88200078272","bankname":"ORBION GAMING LTDA","payBank":"","payCpf":"","pixkey":"88200078272","account":"08561701","status":"done","order":"A20250818203404509215DLQ7wftQj"},"sign":"23A8EED88781A03D02422822CAA76484"}

【2025-08-19 09:16:10】
P2025081820340460044877569----提交：{"custId":"24120300001308","appId":"8241201350","order":"P2025081820340460044877569","sign":"6ADFA89FF104DCE541F63451EB283833"}

【2025-08-19 09:16:10】
P2025081820340460044877569----返回：{"code":"000000","msg":"P2025081820340460044877569","data":{"date":"2025-08-18 20:35:27","eid":"E3720544720250818233404935bdf13a","amount":"55","name":"Alexandre da Silva dos Reis","cpf":"88200078272","bankname":"ORBION GAMING LTDA","payBank":"","payCpf":"","pixkey":"88200078272","account":"08561701","status":"done","order":"A20250818203404509215DLQ7wftQj"},"sign":"23A8EED88781A03D02422822CAA76484"}

【2025-08-19 09:16:10】
P2025081820340460044877569----提交：{"custId":"24120300001308","appId":"8241201350","order":"P2025081820340460044877569","sign":"6ADFA89FF104DCE541F63451EB283833"}

【2025-08-19 09:16:10】
P2025081820340460044877569----返回：{"code":"000000","msg":"P2025081820340460044877569","data":{"date":"2025-08-18 20:35:27","eid":"E3720544720250818233404935bdf13a","amount":"55","name":"Alexandre da Silva dos Reis","cpf":"88200078272","bankname":"ORBION GAMING LTDA","payBank":"","payCpf":"","pixkey":"88200078272","account":"08561701","status":"done","order":"A20250818203404509215DLQ7wftQj"},"sign":"23A8EED88781A03D02422822CAA76484"}

【2025-08-19 09:20:44】
P2025081723361284572276784----提交：{"custId":"24120300001308","appId":"8241201350","order":"P2025081723361284572276784","sign":"FF42010E69C2DCC09B656E714F7FF69A"}

【2025-08-19 09:20:44】
P2025081723361284572276784----返回：{"code":"000000","msg":"P2025081723361284572276784","data":{"date":"2025-08-17 23:36:18","eid":"E45756448202508180236MoDWeipE1Ue","amount":"80","name":"ALMIR JOCEMAR ALVES","cpf":"34250637824","bankname":"null","payBank":"","payCpf":"","pixkey":"34250637824","account":"5630258","status":"done","order":"A20250817233612185806SLrtc9JV5"},"sign":"102A362651E5947E5F422A6CAF9AF473"}

【2025-08-19 09:20:46】
P2025081800353488134398557----提交：{"custId":"24120300001308","appId":"8241201350","order":"P2025081800353488134398557","sign":"CCF83DAE291E3F781BCE98F1752EAFC7"}

【2025-08-19 09:20:46】
P2025081800353488134398557----返回：{"code":"000000","msg":"P2025081800353488134398557","data":{"date":"2025-08-18 00:35:40","eid":"E45756448202508180335CYupDRoff0S","amount":"48.44","name":"PAULO ROBERTO RIBEIRO DOS SANTOS","cpf":"6989056525","bankname":"null","payBank":"","payCpf":"","pixkey":"06989056525","account":"1192923316","status":"done","order":"A20250818003535575048uRg4k7TZ6"},"sign":"2D4B20E8CB91BFF4E195812F64491850"}

【2025-08-19 09:20:51】
P2025081819590757947423773----提交：{"custId":"24120300001308","appId":"8241201350","order":"P2025081819590757947423773","sign":"71203EB3B597FBF4AB45BFE9CAA019EE"}

【2025-08-19 09:20:51】
P2025081819590757947423773----返回：{"code":"000000","msg":"P2025081819590757947423773","data":{"date":"2025-08-18 19:59:45","eid":"E45756448202508182259nEQlhNVyW0u","amount":"50","name":"Junio Henrique Condi","cpf":"46275818824","bankname":"null","payBank":"","payCpf":"","pixkey":"46275818824","account":"18741603","status":"done","order":"A20250818195907296554dwLm6agbb"},"sign":"9291795372C689DBAF767EFF6BAD7036"}

【2025-08-19 09:33:18】
P2025081820385960339206775----提交：{"custId":"24120300001308","appId":"8241201350","order":"P2025081820385960339206775","sign":"CD855D3828BBEED16E77DEB8A4C8F992"}

【2025-08-19 09:33:18】
P2025081820385960339206775----返回：{"code":"000000","msg":"P2025081820385960339206775","data":{"date":"2025-08-18 20:39:09","eid":"E45756448202508182339vLOTUrXlnUs","amount":"20.42","name":"Reginaldo Silva de Brito","cpf":"7999512770","bankname":"null","payBank":"","payCpf":"","pixkey":"07999512770","account":"99365165","status":"done","order":"A20250818203859478427rES75vPvP"},"sign":"EA23F99115BFA4B1CB18FA8152B710A8"}

【2025-08-19 09:46:20】
P2025081909455307553498516----提交：{"custId":"24120300001308","appId":"8241201350","order":"P2025081909455307553498516","sign":"4439E223AC24FF3E47B5FA0A27C6CDFE"}

【2025-08-19 09:46:20】
P2025081909455307553498516----返回：{"code":"000000","msg":"P2025081909455307553498516","data":{"date":"2025-08-19 09:46:04","eid":"E3720544720250819124602387c0f2b2","amount":"250","name":"52.086.427 MARCIO DOUGLAS NUNES LIMA","cpf":"52086427000158","bankname":"ORBION GAMING LTDA","payBank":"","payCpf":"","pixkey":"52086427000158","account":"18236120","status":"done","order":"A20250819094601630020ZuFNXNrx5"},"sign":"A219CA552DC448989BDD43447EFD6C0D"}

【2025-08-19 09:52:38】
P2025081820341060050026062----提交：{"custId":"24120300001308","appId":"8241201350","order":"P2025081820341060050026062","sign":"434F6840BB32ADCE3065B3E7E8AE7A69"}

【2025-08-19 09:52:38】
P2025081820341060050026062----返回：{"code":"000000","msg":"P2025081820341060050026062","data":{"date":"2025-08-18 20:36:40","eid":"E3720544720250818233412782af4502","amount":"150","name":"Jaqueline nogueira dos Santos","cpf":"33380890820","bankname":"ORBION GAMING LTDA","payBank":"","payCpf":"","pixkey":"33380890820","account":"08561701","status":"done","order":"A202508182034128720643cS5ClDtX"},"sign":"74078C1131AF2726D4CAD2C6EFC7002E"}

【2025-08-19 09:52:59】
P2025081820234359423392320----提交：{"custId":"24120300001308","appId":"8241201350","order":"P2025081820234359423392320","sign":"B833C2C86C3D1DDB821A0E1518EB6542"}

【2025-08-19 09:52:59】
P2025081820234359423392320----返回：{"code":"000000","msg":"P2025081820234359423392320","data":{"date":"2025-08-18 20:23:48","eid":"E45756448202508182323PC50lHxrmE6","amount":"50","name":"tania madalena tavares de matos","cpf":"77214749220","bankname":"null","payBank":"","payCpf":"","pixkey":"77214749220","account":"147260210","status":"done","order":"A20250818202343866916B5xsdTcjV"},"sign":"B56D7A580EF42B126C1E74F54A6B8BB0"}

【2025-08-19 09:53:01】
P2025081820234359423392320----提交：{"custId":"24120300001308","appId":"8241201350","order":"P2025081820234359423392320","sign":"B833C2C86C3D1DDB821A0E1518EB6542"}

【2025-08-19 09:53:01】
P2025081820234359423392320----返回：{"code":"000000","msg":"P2025081820234359423392320","data":{"date":"2025-08-18 20:23:48","eid":"E45756448202508182323PC50lHxrmE6","amount":"50","name":"tania madalena tavares de matos","cpf":"77214749220","bankname":"null","payBank":"","payCpf":"","pixkey":"77214749220","account":"147260210","status":"done","order":"A20250818202343866916B5xsdTcjV"},"sign":"B56D7A580EF42B126C1E74F54A6B8BB0"}

【2025-08-19 09:58:47】
P2025081714495352993976604----提交：{"custId":"24120300001308","appId":"8241201350","order":"P2025081714495352993976604","sign":"FA6A2AEF58F39F2FEB880775910795A0"}

【2025-08-19 09:58:47】
P2025081714495352993976604----返回：{"code":"000000","msg":"P2025081714495352993976604","data":{"date":"2025-08-17 14:49:57","eid":"E372054472025081717495422135f5b0","amount":"60","name":"Jaqueline Brito De Jesus","cpf":"06890218108","bankname":"ORBION GAMING LTDA","payBank":"","payCpf":"","pixkey":"75991798132","account":"23862762","status":"done","order":"A20250817144954949462czyY5GFNP"},"sign":"3FA4D96A2C0554F28A9029607D41A465"}

【2025-08-19 09:59:32】
P2025081714495352993976604----提交：{"custId":"24120300001308","appId":"8241201350","order":"P2025081714495352993976604","sign":"FA6A2AEF58F39F2FEB880775910795A0"}

【2025-08-19 09:59:32】
P2025081714495352993976604----返回：{"code":"000000","msg":"P2025081714495352993976604","data":{"date":"2025-08-17 14:49:57","eid":"E372054472025081717495422135f5b0","amount":"60","name":"Jaqueline Brito De Jesus","cpf":"06890218108","bankname":"ORBION GAMING LTDA","payBank":"","payCpf":"","pixkey":"75991798132","account":"23862762","status":"done","order":"A20250817144954949462czyY5GFNP"},"sign":"3FA4D96A2C0554F28A9029607D41A465"}

