【2025-08-19 13:06:55】
P2025081913054519545141790----提交：{"custId":"24120300001308","appId":"8241201350","order":"P2025081913054519545141790","sign":"5B22DA6FB32C2B5B43BA8C4791766662"}

【2025-08-19 13:06:56】
P2025081913054519545141790----返回：{"code":"000000","msg":"P2025081913054519545141790","data":{"date":"2025-08-19 13:05:50","eid":"E37205447202508191605468652fde50","amount":"70","name":"Eliane de Oliveira Santos","cpf":"04710388571","bankname":"ORBION GAMING LTDA","payBank":"","payCpf":"","pixkey":"04710388571","account":"18236120","status":"done","order":"A20250819130546416905wJkXi1SEf"},"sign":"2E98501C64E13E81D119F23EEE792F2F"}

【2025-08-19 13:06:58】
P2025081913054519545141790----提交：{"custId":"24120300001308","appId":"8241201350","order":"P2025081913054519545141790","sign":"5B22DA6FB32C2B5B43BA8C4791766662"}

【2025-08-19 13:06:59】
P2025081913054519545141790----返回：{"code":"000000","msg":"P2025081913054519545141790","data":{"date":"2025-08-19 13:05:50","eid":"E37205447202508191605468652fde50","amount":"70","name":"Eliane de Oliveira Santos","cpf":"04710388571","bankname":"ORBION GAMING LTDA","payBank":"","payCpf":"","pixkey":"04710388571","account":"18236120","status":"done","order":"A20250819130546416905wJkXi1SEf"},"sign":"2E98501C64E13E81D119F23EEE792F2F"}

【2025-08-19 13:09:14】
P2025081913054519545843480----提交：{"custId":"24120300001308","appId":"8241201350","order":"P2025081913054519545843480","sign":"F41F12914942AE5D16CA3EE2466F7592"}

【2025-08-19 13:09:15】
P2025081913054519545843480----返回：{"code":"000000","msg":"P2025081913054519545843480","data":{"date":"2025-08-19 13:05:50","eid":"E3720544720250819160546374d1ead5","amount":"10","name":"IRANILDA JOAQUINA DEODATO","cpf":"97519286487","bankname":"ORBION GAMING LTDA","payBank":"","payCpf":"","pixkey":"97519286487","account":"60746948","status":"done","order":"A20250819130545273295VHeE2Ehk2"},"sign":"C3E725E9E79CB6D7A055CD49E585C3DF"}

【2025-08-19 13:09:16】
P2025081913054519545843480----提交：{"custId":"24120300001308","appId":"8241201350","order":"P2025081913054519545843480","sign":"F41F12914942AE5D16CA3EE2466F7592"}

【2025-08-19 13:09:16】
P2025081913054519545843480----返回：{"code":"000000","msg":"P2025081913054519545843480","data":{"date":"2025-08-19 13:05:50","eid":"E3720544720250819160546374d1ead5","amount":"10","name":"IRANILDA JOAQUINA DEODATO","cpf":"97519286487","bankname":"ORBION GAMING LTDA","payBank":"","payCpf":"","pixkey":"97519286487","account":"60746948","status":"done","order":"A20250819130545273295VHeE2Ehk2"},"sign":"C3E725E9E79CB6D7A055CD49E585C3DF"}

【2025-08-19 13:15:31】
P2025081820354460144942021----提交：{"custId":"24120300001308","appId":"8241201350","order":"P2025081820354460144942021","sign":"A0E4F713A0840E9152A81CAA3B08054C"}

【2025-08-19 13:15:32】
P2025081820354460144942021----返回：{"code":"000000","msg":"P2025081820354460144942021","data":{"date":"2025-08-18 20:35:47","eid":"E45756448202508182335vSdsecL0LUu","amount":"30","name":"Dayane Faustino Rodrigues","cpf":"5516639360","bankname":"null","payBank":"","payCpf":"","pixkey":"05516639360","account":"223944893","status":"done","order":"A20250818203544798549gbv6SVPSJ"},"sign":"3B06C080EF2F36A484E60A9E702E829F"}

【2025-08-19 13:15:34】
P2025081820354460144942021----提交：{"custId":"24120300001308","appId":"8241201350","order":"P2025081820354460144942021","sign":"A0E4F713A0840E9152A81CAA3B08054C"}

【2025-08-19 13:15:34】
P2025081820354460144942021----返回：{"code":"000000","msg":"P2025081820354460144942021","data":{"date":"2025-08-18 20:35:47","eid":"E45756448202508182335vSdsecL0LUu","amount":"30","name":"Dayane Faustino Rodrigues","cpf":"5516639360","bankname":"null","payBank":"","payCpf":"","pixkey":"05516639360","account":"223944893","status":"done","order":"A20250818203544798549gbv6SVPSJ"},"sign":"3B06C080EF2F36A484E60A9E702E829F"}

【2025-08-19 13:19:08】
P2025081708443531075544742----提交：{"custId":"24120300001308","appId":"8241201350","order":"P2025081708443531075544742","sign":"29C82632524E7D7638FAEC9BCE4DFA04"}

【2025-08-19 13:19:09】
P2025081708443531075544742----返回：{"code":"000000","msg":"P2025081708443531075544742","data":{"date":"2025-08-17 08:44:37","eid":"E3720544720250817114435646d2a19e","amount":"200","name":"RODRIGO GUIMARAES PEDROSO","cpf":"00987012150","bankname":"ORBION GAMING LTDA","payBank":"","payCpf":"","pixkey":"digao.mt@gmail.com","account":"08561701","status":"done","order":"A20250817084435578126i66BR5wR7"},"sign":"7A53704E48A1C91D9CD8FC932CDE68E5"}

【2025-08-19 13:19:13】
P2025081711371641436018337----提交：{"custId":"24120300001308","appId":"8241201350","order":"P2025081711371641436018337","sign":"BBA7E078B506394564703EC3AC1E95DF"}

【2025-08-19 13:19:14】
P2025081711371641436018337----返回：{"code":"000000","msg":"P2025081711371641436018337","data":{"date":"2025-08-17 11:39:36","eid":"E37205447202508171437171758ba950","amount":"200","name":"RODRIGO GUIMARAES PEDROSO","cpf":"00987012150","bankname":"ORBION GAMING LTDA","payBank":"","payCpf":"","pixkey":"digao.mt@gmail.com","account":"08561701","status":"done","order":"A20250817113717344843DSsUSandL"},"sign":"A18B0A9172FD14591A937E8E6D85F604"}

【2025-08-19 13:25:23】
P2025081821052261922472193----提交：{"custId":"24120300001308","appId":"8241201350","order":"P2025081821052261922472193","sign":"CED2699E2D614AD086BE393A044CB93F"}

【2025-08-19 13:25:23】
P2025081821052261922472193----返回：{"code":"000000","msg":"P2025081821052261922472193","data":{"date":"2025-08-18 21:05:42","eid":"E45756448202508190005adaqhh7itk6","amount":"30","name":"Janaina Roberta de Paula Souza","cpf":"70275263100","bankname":"null","payBank":"","payCpf":"","pixkey":"70275263100","account":"184720159","status":"done","order":"A20250818210523519080nv8yb2ptC"},"sign":"B89B3958F6272E10D35E05EC1673D114"}

【2025-08-19 13:31:51】
P2025081821052261922472193----提交：{"custId":"24120300001308","appId":"8241201350","order":"P2025081821052261922472193","sign":"CED2699E2D614AD086BE393A044CB93F"}

【2025-08-19 13:31:51】
P2025081821052261922472193----返回：{"code":"000000","msg":"P2025081821052261922472193","data":{"date":"2025-08-18 21:05:42","eid":"E45756448202508190005adaqhh7itk6","amount":"30","name":"Janaina Roberta de Paula Souza","cpf":"70275263100","bankname":"null","payBank":"","payCpf":"","pixkey":"70275263100","account":"184720159","status":"done","order":"A20250818210523519080nv8yb2ptC"},"sign":"B89B3958F6272E10D35E05EC1673D114"}

【2025-08-19 13:42:49】
P2025081913423221752408789----提交：{"custId":"24120300001308","appId":"8241201350","order":"P2025081913423221752408789","sign":"028048746FA9232F36020D5CE263633B"}

【2025-08-19 13:42:49】
P2025081913423221752408789----返回：{"code":"000000","msg":"P2025081913423221752408789","data":{"date":"2025-08-19 13:42:35","eid":"E372054472025081916423309057694a","amount":"70","name":"JESSICA CAROLINE DE MELO SANTOS","cpf":"03843276218","bankname":"ORBION GAMING LTDA","payBank":"","payCpf":"","pixkey":"03843276218","account":"60746948","status":"done","order":"A202508191342329513158fhT6BAwp"},"sign":"091EDDBB2A50E4013BB9B1E851AC74A9"}

【2025-08-19 13:42:54】
P2025081913423221752408789----提交：{"custId":"24120300001308","appId":"8241201350","order":"P2025081913423221752408789","sign":"028048746FA9232F36020D5CE263633B"}

【2025-08-19 13:42:54】
P2025081913423221752408789----返回：{"code":"000000","msg":"P2025081913423221752408789","data":{"date":"2025-08-19 13:42:35","eid":"E372054472025081916423309057694a","amount":"70","name":"JESSICA CAROLINE DE MELO SANTOS","cpf":"03843276218","bankname":"ORBION GAMING LTDA","payBank":"","payCpf":"","pixkey":"03843276218","account":"60746948","status":"done","order":"A202508191342329513158fhT6BAwp"},"sign":"091EDDBB2A50E4013BB9B1E851AC74A9"}

【2025-08-19 13:47:51】
P2025081321400932009514225----提交：{"custId":"24120300001308","appId":"8241201350","order":"P2025081321400932009514225","sign":"DC8438FA3DB6C5D257F42D03B89D8739"}

【2025-08-19 13:47:52】
P2025081321400932009514225----返回：{"code":"000000","msg":"P2025081321400932009514225","data":{"date":"2025-08-13 21:40:15","eid":"E3720544720250814004011297ab56d9","amount":"200","name":"RODRIGO GUIMARAES PEDROSO","cpf":"00987012150","bankname":"ORBION GAMING LTDA","payBank":"","payCpf":"","pixkey":"digao.mt@gmail.com","account":"54403563","status":"done","order":"A20250813214010720421mrHWe2ign"},"sign":"A7BC10F4FBC215C1BE68068FC0DF3147"}

【2025-08-19 13:47:55】
P2025081321400932009514225----提交：{"custId":"24120300001308","appId":"8241201350","order":"P2025081321400932009514225","sign":"DC8438FA3DB6C5D257F42D03B89D8739"}

【2025-08-19 13:47:56】
P2025081321400932009514225----返回：{"code":"000000","msg":"P2025081321400932009514225","data":{"date":"2025-08-13 21:40:15","eid":"E3720544720250814004011297ab56d9","amount":"200","name":"RODRIGO GUIMARAES PEDROSO","cpf":"00987012150","bankname":"ORBION GAMING LTDA","payBank":"","payCpf":"","pixkey":"digao.mt@gmail.com","account":"54403563","status":"done","order":"A20250813214010720421mrHWe2ign"},"sign":"A7BC10F4FBC215C1BE68068FC0DF3147"}

【2025-08-19 13:50:21】
P2025081815550343303413266----提交：{"custId":"24120300001308","appId":"8241201350","order":"P2025081815550343303413266","sign":"7B589E41C03F5FD3FB5E7A0545DB1B34"}

【2025-08-19 13:50:21】
P2025081815550343303413266----返回：{"code":"000000","msg":"P2025081815550343303413266","data":{"date":"2025-08-18 15:55:51","eid":"E45756448202508181855EC1l7ibcC0K","amount":"180.32","name":"Negila Silva Carlos","cpf":"50380071800","bankname":"null","payBank":"","payCpf":"","pixkey":"50380071800","account":"28266178125","status":"done","order":"A20250818155503278865JQprSwZb8"},"sign":"89A33AFEC2EA68E7B872150FA552D868"}

【2025-08-19 13:55:53】
P2025081913183720317138007----提交：{"custId":"24120300001308","appId":"8241201350","order":"P2025081913183720317138007","sign":"499DB12FC4C14E3B056807D1A5806D9E"}

【2025-08-19 13:55:54】
P2025081913183720317138007----返回：{"code":"000000","msg":"P2025081913183720317138007","data":{"date":"2025-08-19 13:22:32","eid":"E37205447202508191618387722b3012","amount":"50","name":"Josiane Pisco de Araujo","cpf":"05271318222","bankname":"ORBION GAMING LTDA","payBank":"","payCpf":"","pixkey":"68992473528","account":"10573521","status":"done","order":"A20250819131837960237LuXKjmHPq"},"sign":"B9CE1CEADFED827E1152007075A23FF2"}

