【2025-08-19 01:02:12】
P2025081823445471494629490----提交：{"custId":"24120300001308","appId":"8241201350","order":"P2025081823445471494629490","sign":"07C1EC4E73FB3641F7187623A74E91EF"}

【2025-08-19 01:02:12】
P2025081823445471494629490----返回：{"code":"000000","msg":"P2025081823445471494629490","data":{"date":"2025-08-18 23:47:18","eid":"E3720544720250819024454529f47d74","amount":"30","name":"Elielson Fagundes Da Silva","cpf":"00304469297","bankname":"ORBION GAMING LTDA","payBank":"","payCpf":"","pixkey":"91991850155","account":"16501555","status":"done","order":"A20250818234454643763KVBXBuYSR"},"sign":"57F591CD5F075201E7436F3101EED1C0"}

【2025-08-19 01:04:06】
P2025081820332160001261673----提交：{"custId":"24120300001308","appId":"8241201350","order":"P2025081820332160001261673","sign":"71A372FC168D880D6573A89746EFD5AF"}

【2025-08-19 01:04:06】
P2025081820332160001261673----返回：{"code":"000000","msg":"P2025081820332160001261673","data":{"date":"2025-08-18 20:35:14","eid":"E37205447202508182333243007dde53","amount":"80","name":"Alexandre Monteiro da Costa","cpf":"00894752910","bankname":"ORBION GAMING LTDA","payBank":"","payCpf":"","pixkey":"00894752910","account":"08561701","status":"done","order":"A20250818203322532491i4iNdyK8J"},"sign":"272EFAE02E5AF048DFE21DB7FA1CB493"}

【2025-08-19 01:04:08】
P2025081820332160001261673----提交：{"custId":"24120300001308","appId":"8241201350","order":"P2025081820332160001261673","sign":"71A372FC168D880D6573A89746EFD5AF"}

【2025-08-19 01:04:08】
P2025081820332160001261673----返回：{"code":"000000","msg":"P2025081820332160001261673","data":{"date":"2025-08-18 20:35:14","eid":"E37205447202508182333243007dde53","amount":"80","name":"Alexandre Monteiro da Costa","cpf":"00894752910","bankname":"ORBION GAMING LTDA","payBank":"","payCpf":"","pixkey":"00894752910","account":"08561701","status":"done","order":"A20250818203322532491i4iNdyK8J"},"sign":"272EFAE02E5AF048DFE21DB7FA1CB493"}

【2025-08-19 01:15:52】
P2025081820372960249938368----提交：{"custId":"24120300001308","appId":"8241201350","order":"P2025081820372960249938368","sign":"45B156FF75AF8F33CFD8D788237C7767"}

【2025-08-19 01:15:52】
P2025081820372960249938368----返回：{"code":"000000","msg":"P2025081820372960249938368","data":{"date":"2025-08-18 20:37:36","eid":"E45756448202508182337JVPu0FixqkO","amount":"40","name":"maria da luz Dantas da Silva","cpf":"55308899134","bankname":"null","payBank":"","payCpf":"","pixkey":"55308899134","account":"599875945","status":"done","order":"A20250818203729224131EKrYI5dSn"},"sign":"81BEC1065819CEE7745F0FDA4CC40A9D"}

【2025-08-19 01:15:53】
P2025081822465268012142971----提交：{"custId":"24120300001308","appId":"8241201350","order":"P2025081822465268012142971","sign":"98225E95C90DE5254786DDA3A6B21189"}

【2025-08-19 01:15:53】
P2025081822465268012142971----返回：{"msg":"no voucher","code":"900003","data":"","sign":"2856F04258F0DA99937D18ED87965490"}

【2025-08-19 01:15:56】
P2025081822465268012142971----提交：{"custId":"24120300001308","appId":"8241201350","order":"P2025081822465268012142971","sign":"98225E95C90DE5254786DDA3A6B21189"}

【2025-08-19 01:15:56】
P2025081822465268012142971----返回：{"msg":"no voucher","code":"900003","data":"","sign":"2856F04258F0DA99937D18ED87965490"}

【2025-08-19 01:15:59】
P2025081820372960249938368----提交：{"custId":"24120300001308","appId":"8241201350","order":"P2025081820372960249938368","sign":"45B156FF75AF8F33CFD8D788237C7767"}

【2025-08-19 01:15:59】
P2025081820372960249938368----返回：{"code":"000000","msg":"P2025081820372960249938368","data":{"date":"2025-08-18 20:37:36","eid":"E45756448202508182337JVPu0FixqkO","amount":"40","name":"maria da luz Dantas da Silva","cpf":"55308899134","bankname":"null","payBank":"","payCpf":"","pixkey":"55308899134","account":"599875945","status":"done","order":"A20250818203729224131EKrYI5dSn"},"sign":"81BEC1065819CEE7745F0FDA4CC40A9D"}

【2025-08-19 01:18:19】
P2025081821040861848042667----提交：{"custId":"24120300001308","appId":"8241201350","order":"P2025081821040861848042667","sign":"D71D4D034585295869C626BA541A6BDE"}

【2025-08-19 01:18:19】
P2025081821040861848042667----返回：{"code":"000000","msg":"P2025081821040861848042667","data":{"date":"2025-08-18 21:04:14","eid":"E45756448202508190004ro1IUKY7XU6","amount":"40","name":"FRANCISCO NÍLTON DE OLIVEIRA","cpf":"45932034300","bankname":"null","payBank":"","payCpf":"","pixkey":"45932034300","account":"478513765","status":"done","order":"A202508182104089707175F6fHlUSS"},"sign":"67B366A9DA30D9053A49B289DD8B5063"}

【2025-08-19 01:18:24】
P2025081821040861848042667----提交：{"custId":"24120300001308","appId":"8241201350","order":"P2025081821040861848042667","sign":"D71D4D034585295869C626BA541A6BDE"}

【2025-08-19 01:18:24】
P2025081821040861848042667----返回：{"code":"000000","msg":"P2025081821040861848042667","data":{"date":"2025-08-18 21:04:14","eid":"E45756448202508190004ro1IUKY7XU6","amount":"40","name":"FRANCISCO NÍLTON DE OLIVEIRA","cpf":"45932034300","bankname":"null","payBank":"","payCpf":"","pixkey":"45932034300","account":"478513765","status":"done","order":"A202508182104089707175F6fHlUSS"},"sign":"67B366A9DA30D9053A49B289DD8B5063"}

【2025-08-19 01:18:50】
P2025081820545661296308094----提交：{"custId":"24120300001308","appId":"8241201350","order":"P2025081820545661296308094","sign":"27D6385B35ADC6A594D5A113A286FE48"}

【2025-08-19 01:18:50】
P2025081820545661296308094----返回：{"code":"000000","msg":"P2025081820545661296308094","data":{"date":"2025-08-18 20:55:01","eid":"E45756448202508182354H8bcM8PhsEW","amount":"30","name":"FRANCISCO NÍLTON DE OLIVEIRA","cpf":"45932034300","bankname":"null","payBank":"","payCpf":"","pixkey":"45932034300","account":"478513765","status":"done","order":"A20250818205457766961QrgtSiB3b"},"sign":"0D226C1A720114F60C37FCB1314960E1"}

【2025-08-19 01:18:52】
P2025081820545661296308094----提交：{"custId":"24120300001308","appId":"8241201350","order":"P2025081820545661296308094","sign":"27D6385B35ADC6A594D5A113A286FE48"}

【2025-08-19 01:18:52】
P2025081820545661296308094----返回：{"code":"000000","msg":"P2025081820545661296308094","data":{"date":"2025-08-18 20:55:01","eid":"E45756448202508182354H8bcM8PhsEW","amount":"30","name":"FRANCISCO NÍLTON DE OLIVEIRA","cpf":"45932034300","bankname":"null","payBank":"","payCpf":"","pixkey":"45932034300","account":"478513765","status":"done","order":"A20250818205457766961QrgtSiB3b"},"sign":"0D226C1A720114F60C37FCB1314960E1"}

【2025-08-19 01:29:33】
P2025081901272177641463129----提交：{"custId":"24120300001308","appId":"8241201350","order":"P2025081901272177641463129","sign":"C1FD372572B4C015293F2FA46563562F"}

【2025-08-19 01:29:33】
P2025081901272177641463129----返回：{"code":"000000","msg":"P2025081901272177641463129","data":{"date":"2025-08-19 01:27:23","eid":"E37205447202508190427214270de2f2","amount":"20","name":"Carlos Henrique roque Queiroz","cpf":"12689725410","bankname":"ORBION GAMING LTDA","payBank":"","payCpf":"","pixkey":"81989359550","account":"08561701","status":"done","order":"A20250819012721094091FvnmERJef"},"sign":"213FC0D80C6D29119C847E56EEDD359C"}

【2025-08-19 01:29:38】
P2025081901272177641463129----提交：{"custId":"24120300001308","appId":"8241201350","order":"P2025081901272177641463129","sign":"C1FD372572B4C015293F2FA46563562F"}

【2025-08-19 01:29:38】
P2025081901272177641463129----返回：{"code":"000000","msg":"P2025081901272177641463129","data":{"date":"2025-08-19 01:27:23","eid":"E37205447202508190427214270de2f2","amount":"20","name":"Carlos Henrique roque Queiroz","cpf":"12689725410","bankname":"ORBION GAMING LTDA","payBank":"","payCpf":"","pixkey":"81989359550","account":"08561701","status":"done","order":"A20250819012721094091FvnmERJef"},"sign":"213FC0D80C6D29119C847E56EEDD359C"}

【2025-08-19 01:32:26】
P2025081820385760337737808----提交：{"custId":"24120300001308","appId":"8241201350","order":"P2025081820385760337737808","sign":"A4F7A3CF980B80356314BB000B514FF5"}

【2025-08-19 01:32:26】
P2025081820385760337737808----返回：{"code":"000000","msg":"P2025081820385760337737808","data":{"date":"2025-08-18 20:39:05","eid":"E457564482025081823392FO8MIvWr0q","amount":"350","name":"andryu costa de oliveira","cpf":"86230948087","bankname":"null","payBank":"","payCpf":"","pixkey":"86230948087","account":"129712923","status":"done","order":"A20250818203857013287qbMRAMn73"},"sign":"BA540BB4FA5622F7252692E8DA614CFC"}

【2025-08-19 01:32:31】
P2025081820385760337737808----提交：{"custId":"24120300001308","appId":"8241201350","order":"P2025081820385760337737808","sign":"A4F7A3CF980B80356314BB000B514FF5"}

【2025-08-19 01:32:31】
P2025081820385760337737808----返回：{"code":"000000","msg":"P2025081820385760337737808","data":{"date":"2025-08-18 20:39:05","eid":"E457564482025081823392FO8MIvWr0q","amount":"350","name":"andryu costa de oliveira","cpf":"86230948087","bankname":"null","payBank":"","payCpf":"","pixkey":"86230948087","account":"129712923","status":"done","order":"A20250818203857013287qbMRAMn73"},"sign":"BA540BB4FA5622F7252692E8DA614CFC"}

【2025-08-19 01:39:54】
P2025081820361260172467344----提交：{"custId":"24120300001308","appId":"8241201350","order":"P2025081820361260172467344","sign":"9659CFC6FD075311ABD5C21398E1EB6C"}

【2025-08-19 01:39:54】
P2025081820361260172467344----返回：{"code":"000000","msg":"P2025081820361260172467344","data":{"date":"2025-08-18 20:36:21","eid":"E45756448202508182336kioKh1uz2UC","amount":"593","name":"Fabricio Marques da Costa","cpf":"4914487675","bankname":"null","payBank":"","payCpf":"","pixkey":"04914487675","account":"356617001","status":"done","order":"A20250818203613092543aW7YkuQaq"},"sign":"E44E926E38D65BCB0AB5C9D0716DEC63"}

【2025-08-19 01:39:58】
P2025081820361260172467344----提交：{"custId":"24120300001308","appId":"8241201350","order":"P2025081820361260172467344","sign":"9659CFC6FD075311ABD5C21398E1EB6C"}

【2025-08-19 01:39:59】
P2025081820361260172467344----返回：{"code":"000000","msg":"P2025081820361260172467344","data":{"date":"2025-08-18 20:36:21","eid":"E45756448202508182336kioKh1uz2UC","amount":"593","name":"Fabricio Marques da Costa","cpf":"4914487675","bankname":"null","payBank":"","payCpf":"","pixkey":"04914487675","account":"356617001","status":"done","order":"A20250818203613092543aW7YkuQaq"},"sign":"E44E926E38D65BCB0AB5C9D0716DEC63"}

【2025-08-19 01:40:53】
P2025081819294056180698005----提交：{"custId":"24120300001308","appId":"8241201350","order":"P2025081819294056180698005","sign":"5B1B21F6616B2D770E2AA7AC4584FBA1"}

【2025-08-19 01:40:53】
P2025081819294056180698005----返回：{"code":"000000","msg":"P2025081819294056180698005","data":{"date":"2025-08-18 19:29:43","eid":"E45756448202508182229txh6wH2OEeU","amount":"100","name":"ROSILDA DO PERPETUO DE PAULA","cpf":"80105254991","bankname":"null","payBank":"","payCpf":"","pixkey":"80105254991","account":"49057326","status":"done","order":"A20250818192940893220KyCSrBWQp"},"sign":"97DA2A0DE05C39EFE56045A23CED95DB"}

【2025-08-19 01:41:01】
P2025081819294056180698005----提交：{"custId":"24120300001308","appId":"8241201350","order":"P2025081819294056180698005","sign":"5B1B21F6616B2D770E2AA7AC4584FBA1"}

【2025-08-19 01:41:01】
P2025081819294056180698005----返回：{"code":"000000","msg":"P2025081819294056180698005","data":{"date":"2025-08-18 19:29:43","eid":"E45756448202508182229txh6wH2OEeU","amount":"100","name":"ROSILDA DO PERPETUO DE PAULA","cpf":"80105254991","bankname":"null","payBank":"","payCpf":"","pixkey":"80105254991","account":"49057326","status":"done","order":"A20250818192940893220KyCSrBWQp"},"sign":"97DA2A0DE05C39EFE56045A23CED95DB"}

【2025-08-19 01:46:22】
P2025081901333978019024779----提交：{"custId":"24120300001308","appId":"8241201350","order":"P2025081901333978019024779","sign":"7729685E8A22EDF8B684258FCDC172F0"}

【2025-08-19 01:46:22】
P2025081901333978019024779----返回：{"code":"000000","msg":"P2025081901333978019024779","data":{"date":"2025-08-19 01:33:41","eid":"E3720544720250819043339980d24548","amount":"30","name":"Erasmo Carlos Ferreira Lima ","cpf":"96377046391","bankname":"ORBION GAMING LTDA","payBank":"","payCpf":"","pixkey":"85986143827","account":"20855875","status":"done","order":"A20250819013339679594NdmtsnTNa"},"sign":"687FD62BA7FAF4B21BF8F197B4419E10"}

【2025-08-19 01:46:26】
P2025081901333978019024779----提交：{"custId":"24120300001308","appId":"8241201350","order":"P2025081901333978019024779","sign":"7729685E8A22EDF8B684258FCDC172F0"}

【2025-08-19 01:46:26】
P2025081901333978019024779----返回：{"code":"000000","msg":"P2025081901333978019024779","data":{"date":"2025-08-19 01:33:41","eid":"E3720544720250819043339980d24548","amount":"30","name":"Erasmo Carlos Ferreira Lima ","cpf":"96377046391","bankname":"ORBION GAMING LTDA","payBank":"","payCpf":"","pixkey":"85986143827","account":"20855875","status":"done","order":"A20250819013339679594NdmtsnTNa"},"sign":"687FD62BA7FAF4B21BF8F197B4419E10"}

