【2025-08-19 04:29:52】
P2025081800003086030559466----提交：{"custId":"24120300001308","appId":"8241201350","order":"P2025081800003086030559466","sign":"282C2AD5A38D55BF0BCD723604D33457"}

【2025-08-19 04:29:52】
P2025081800003086030559466----返回：{"code":"000000","msg":"P2025081800003086030559466","data":{"date":"2025-08-18 00:00:36","eid":"E45756448202508180300Msfx8BMKbkS","amount":"100.06","name":"GABRIEL JUCA NASCIMENTO SILVA","cpf":"57303962875","bankname":"null","payBank":"","payCpf":"","pixkey":"57303962875","account":"463790332","status":"done","order":"A20250818000030035892yVTFr26aS"},"sign":"69FC61696524CE1A57E26A4157D89712"}

【2025-08-19 04:43:50】
P2025081810101522615043694----提交：{"custId":"24120300001308","appId":"8241201350","order":"P2025081810101522615043694","sign":"4753152E2409F1DA5EA4CCD1F47B284A"}

【2025-08-19 04:43:50】
P2025081810101522615043694----返回：{"code":"000000","msg":"P2025081810101522615043694","data":{"date":"2025-08-18 10:14:57","eid":"E3720544720250818131031413ed54ef","amount":"655","name":"Marcos Fernando de Souza Dozol Farias","cpf":"18633059711","bankname":"ORBION GAMING LTDA","payBank":"","payCpf":"","pixkey":"21982269120","account":"18236120","status":"done","order":"A20250818101015006187IDhL5S3e1"},"sign":"B06EA06EDA7772CF970F6EAF4A79F8E0"}

【2025-08-19 04:43:51】
P2025081810101522615043694----提交：{"custId":"24120300001308","appId":"8241201350","order":"P2025081810101522615043694","sign":"4753152E2409F1DA5EA4CCD1F47B284A"}

【2025-08-19 04:43:51】
P2025081810101522615043694----返回：{"code":"000000","msg":"P2025081810101522615043694","data":{"date":"2025-08-18 10:14:57","eid":"E3720544720250818131031413ed54ef","amount":"655","name":"Marcos Fernando de Souza Dozol Farias","cpf":"18633059711","bankname":"ORBION GAMING LTDA","payBank":"","payCpf":"","pixkey":"21982269120","account":"18236120","status":"done","order":"A20250818101015006187IDhL5S3e1"},"sign":"B06EA06EDA7772CF970F6EAF4A79F8E0"}

【2025-08-19 04:44:35】
P2025081809101919019727477----提交：{"custId":"24120300001308","appId":"8241201350","order":"P2025081809101919019727477","sign":"A9037B7B7B3B353B7DEB6C3DA489E465"}

【2025-08-19 04:44:35】
P2025081809101919019727477----返回：{"code":"000000","msg":"P2025081809101919019727477","data":{"date":"2025-08-18 09:10:23","eid":"E3720544720250818121020212f0c23a","amount":"264","name":"Marcos Fernando de Souza Dozol Farias","cpf":"18633059711","bankname":"ORBION GAMING LTDA","payBank":"","payCpf":"","pixkey":"21982269120","account":"18236120","status":"done","order":"A20250818091020814962ank76rfES"},"sign":"3314E09F72887BFCD42326B6AFEAD5CF"}

【2025-08-19 04:44:36】
P2025081809101919019727477----提交：{"custId":"24120300001308","appId":"8241201350","order":"P2025081809101919019727477","sign":"A9037B7B7B3B353B7DEB6C3DA489E465"}

【2025-08-19 04:44:36】
P2025081809101919019727477----返回：{"code":"000000","msg":"P2025081809101919019727477","data":{"date":"2025-08-18 09:10:23","eid":"E3720544720250818121020212f0c23a","amount":"264","name":"Marcos Fernando de Souza Dozol Farias","cpf":"18633059711","bankname":"ORBION GAMING LTDA","payBank":"","payCpf":"","pixkey":"21982269120","account":"18236120","status":"done","order":"A20250818091020814962ank76rfES"},"sign":"3314E09F72887BFCD42326B6AFEAD5CF"}

【2025-08-19 04:52:39】
P2025081820121958739136371----提交：{"custId":"24120300001308","appId":"8241201350","order":"P2025081820121958739136371","sign":"4DB0A48743CD38A46CC3B962513A4F89"}

【2025-08-19 04:52:39】
P2025081820121958739136371----返回：{"code":"000000","msg":"P2025081820121958739136371","data":{"date":"2025-08-18 20:13:15","eid":"E45756448202508182313fqs6Q7T4kyX","amount":"171.28","name":"Vagner lopes dos Santos","cpf":"85511188115","bankname":"null","payBank":"","payCpf":"","pixkey":"85511188115","account":"207169145","status":"done","order":"A20250818201219470087XDWAhUm2H"},"sign":"87C78E25AE1A48EF7131CDE543F5BD3A"}

