【2025-08-19 23:06:59】
P2025081813435435434686986----提交：{"custId":"24120300001308","appId":"8241201350","order":"P2025081813435435434686986","sign":"47B0E98FE999C4763BD7CEE9A7CB840F"}

【2025-08-19 23:06:59】
P2025081813435435434686986----返回：{"code":"000000","msg":"P2025081813435435434686986","data":{"date":"2025-08-18 13:43:57","eid":"E45756448202508181643b87VSF6CTEu","amount":"20","name":"ALBERIS MARQUES XAVIER","cpf":"68090188249","bankname":"null","payBank":"","payCpf":"","pixkey":"91991262619","account":"322088801","status":"done","order":"A20250818134354242200XjY53x9E9"},"sign":"A96AC30407EDAB82904F55425AA4AEE2"}

【2025-08-19 23:15:41】
P2025081923044255482681235----提交：{"custId":"24120300001308","appId":"8241201350","order":"P2025081923044255482681235","sign":"13F237198F43A6B011B042E8A10EF452"}

【2025-08-19 23:15:41】
P2025081923044255482681235----返回：{"code":"000000","msg":"P2025081923044255482681235","data":{"date":"2025-08-19 23:04:45","eid":"E45756448202508200204nkdsG8wmO06","amount":"50","name":"Jussara De Almeida De Avelar","cpf":"32457550823","bankname":"null","payBank":"","payCpf":"","pixkey":"11999008932","account":"67296351","status":"done","order":"A202508192304426720954fsvwdRUS"},"sign":"1DEAFE19C1D9E00FBE102301A484C7C9"}

【2025-08-19 23:16:24】
P2025081923044255482681235----提交：{"custId":"24120300001308","appId":"8241201350","order":"P2025081923044255482681235","sign":"13F237198F43A6B011B042E8A10EF452"}

【2025-08-19 23:16:24】
P2025081923044255482681235----返回：{"code":"000000","msg":"P2025081923044255482681235","data":{"date":"2025-08-19 23:04:45","eid":"E45756448202508200204nkdsG8wmO06","amount":"50","name":"Jussara De Almeida De Avelar","cpf":"32457550823","bankname":"null","payBank":"","payCpf":"","pixkey":"11999008932","account":"67296351","status":"done","order":"A202508192304426720954fsvwdRUS"},"sign":"1DEAFE19C1D9E00FBE102301A484C7C9"}

【2025-08-19 23:19:24】
P2025081921422150541838443----提交：{"custId":"24120300001308","appId":"8241201350","order":"P2025081921422150541838443","sign":"374ED809DF743DF7FFF651A61AB51C97"}

【2025-08-19 23:19:24】
P2025081921422150541838443----返回：{"code":"000000","msg":"P2025081921422150541838443","data":{"date":"2025-08-19 21:42:24","eid":"E4575644820250820004299mVwhaC9Ui","amount":"50","name":"FRANCISCO DE ALMEIDA RODRIGUES","cpf":"6495933320","bankname":"null","payBank":"","payCpf":"","pixkey":"34992686076","account":"10707951","status":"done","order":"A20250819214221746874p1Tx8RZe1"},"sign":"29757A81C2D3B712A31D1B9E2EE0A686"}

【2025-08-19 23:19:44】
P2025081921422150541838443----提交：{"custId":"24120300001308","appId":"8241201350","order":"P2025081921422150541838443","sign":"374ED809DF743DF7FFF651A61AB51C97"}

【2025-08-19 23:19:44】
P2025081921422150541838443----返回：{"code":"000000","msg":"P2025081921422150541838443","data":{"date":"2025-08-19 21:42:24","eid":"E4575644820250820004299mVwhaC9Ui","amount":"50","name":"FRANCISCO DE ALMEIDA RODRIGUES","cpf":"6495933320","bankname":"null","payBank":"","payCpf":"","pixkey":"34992686076","account":"10707951","status":"done","order":"A20250819214221746874p1Tx8RZe1"},"sign":"29757A81C2D3B712A31D1B9E2EE0A686"}

【2025-08-19 23:25:48】
P2025081923232256602786003----提交：{"custId":"24120300001308","appId":"8241201350","order":"P2025081923232256602786003","sign":"41587600FB8A4B619F6F690F51F476CA"}

【2025-08-19 23:25:48】
P2025081923232256602786003----返回：{"code":"000000","msg":"P2025081923232256602786003","data":{"date":"2025-08-19 23:23:25","eid":"E372054472025082002232317086c2ab","amount":"30","name":"Vera Lucia Ferreira Carvalho","cpf":"13384446895","bankname":"ORBION GAMING LTDA","payBank":"","payCpf":"","pixkey":"13384446895","account":"18236120","status":"done","order":"A20250819232322721383Sx6eVXA3c"},"sign":"4D327B112B4DFED88F4F2078F598350F"}

【2025-08-19 23:25:50】
P2025081923232256602786003----提交：{"custId":"24120300001308","appId":"8241201350","order":"P2025081923232256602786003","sign":"41587600FB8A4B619F6F690F51F476CA"}

【2025-08-19 23:25:50】
P2025081923232256602786003----返回：{"code":"000000","msg":"P2025081923232256602786003","data":{"date":"2025-08-19 23:23:25","eid":"E372054472025082002232317086c2ab","amount":"30","name":"Vera Lucia Ferreira Carvalho","cpf":"13384446895","bankname":"ORBION GAMING LTDA","payBank":"","payCpf":"","pixkey":"13384446895","account":"18236120","status":"done","order":"A20250819232322721383Sx6eVXA3c"},"sign":"4D327B112B4DFED88F4F2078F598350F"}

【2025-08-19 23:32:22】
P2025081922281653296112112----提交：{"custId":"24120300001308","appId":"8241201350","order":"P2025081922281653296112112","sign":"1DA15BD88B9CEC4BFF2D9D1C0F31F328"}

【2025-08-19 23:32:22】
P2025081922281653296112112----返回：{"code":"000000","msg":"P2025081922281653296112112","data":{"date":"2025-08-19 22:28:19","eid":"E45756448202508200128qz2oN1BsgUu","amount":"40","name":"CLELIA DE FARIAS CORREA","cpf":"90042883253","bankname":"null","payBank":"","payCpf":"","pixkey":"90042883253","account":"12880000007837174918","status":"done","order":"A20250819222816415763pq7rKbvaj"},"sign":"F9C282CBCA4E5508421E3263B537388C"}

【2025-08-19 23:32:25】
P2025081922281653296112112----提交：{"custId":"24120300001308","appId":"8241201350","order":"P2025081922281653296112112","sign":"1DA15BD88B9CEC4BFF2D9D1C0F31F328"}

【2025-08-19 23:32:25】
P2025081922281653296112112----返回：{"code":"000000","msg":"P2025081922281653296112112","data":{"date":"2025-08-19 22:28:19","eid":"E45756448202508200128qz2oN1BsgUu","amount":"40","name":"CLELIA DE FARIAS CORREA","cpf":"90042883253","bankname":"null","payBank":"","payCpf":"","pixkey":"90042883253","account":"12880000007837174918","status":"done","order":"A20250819222816415763pq7rKbvaj"},"sign":"F9C282CBCA4E5508421E3263B537388C"}

【2025-08-19 23:35:09】
P2025081923161156171826132----提交：{"custId":"24120300001308","appId":"8241201350","order":"P2025081923161156171826132","sign":"7D14CFE694AB2CDE5A7FDA3A3C89537B"}

【2025-08-19 23:35:09】
P2025081923161156171826132----返回：{"code":"000000","msg":"P2025081923161156171826132","data":{"date":"2025-08-19 23:16:15","eid":"E3720544720250820021612212425f3a","amount":"15","name":"Denyson Silva Costa","cpf":"93938187204","bankname":"ORBION GAMING LTDA","payBank":"","payCpf":"","pixkey":"98984012026","account":"18236120","status":"done","order":"A20250819231612080486MP4SN8Y2d"},"sign":"29D94E9CA40426C2910472C6959432BD"}

【2025-08-19 23:35:19】
P2025081923332157201135283----提交：{"custId":"24120300001308","appId":"8241201350","order":"P2025081923332157201135283","sign":"05967141FA319A6FA4FA33051E3D2B3B"}

【2025-08-19 23:35:20】
P2025081923332157201135283----返回：{"code":"000000","msg":"P2025081923332157201135283","data":{"date":"2025-08-19 23:33:24","eid":"E37205447202508200233217340f5cf1","amount":"20","name":"Jose Vitor Gomes Berringer","cpf":"42731068841","bankname":"ORBION GAMING LTDA","payBank":"","payCpf":"","pixkey":"42731068841","account":"18236120","status":"done","order":"A20250819233321141512QqLzxHNl5"},"sign":"3F6C394621FD0DF7F3267F05AE179E88"}

【2025-08-19 23:35:23】
P2025081923332157201135283----提交：{"custId":"24120300001308","appId":"8241201350","order":"P2025081923332157201135283","sign":"05967141FA319A6FA4FA33051E3D2B3B"}

【2025-08-19 23:35:23】
P2025081923332157201135283----返回：{"code":"000000","msg":"P2025081923332157201135283","data":{"date":"2025-08-19 23:33:24","eid":"E37205447202508200233217340f5cf1","amount":"20","name":"Jose Vitor Gomes Berringer","cpf":"42731068841","bankname":"ORBION GAMING LTDA","payBank":"","payCpf":"","pixkey":"42731068841","account":"18236120","status":"done","order":"A20250819233321141512QqLzxHNl5"},"sign":"3F6C394621FD0DF7F3267F05AE179E88"}

【2025-08-19 23:36:58】
P2025081820505461054289719----提交：{"custId":"24120300001308","appId":"8241201350","order":"P2025081820505461054289719","sign":"07AC5AAF2A3B43D26103A81EF3DAA1BA"}

【2025-08-19 23:36:58】
P2025081820505461054289719----返回：{"code":"000000","msg":"P2025081820505461054289719","data":{"date":"2025-08-18 20:51:04","eid":"E45756448202508182351EaZBTdc5pUu","amount":"50","name":"GERRY ADRIANO SILVA COSTA","cpf":"52135489204","bankname":"null","payBank":"","payCpf":"","pixkey":"52135489204","account":"12880000009538202576","status":"done","order":"A20250818205054302704w4mfB4zFB"},"sign":"D7CF50A7569F1B7A10455C277325C049"}

【2025-08-19 23:37:00】
P2025081820505461054289719----提交：{"custId":"24120300001308","appId":"8241201350","order":"P2025081820505461054289719","sign":"07AC5AAF2A3B43D26103A81EF3DAA1BA"}

【2025-08-19 23:37:01】
P2025081820505461054289719----返回：{"code":"000000","msg":"P2025081820505461054289719","data":{"date":"2025-08-18 20:51:04","eid":"E45756448202508182351EaZBTdc5pUu","amount":"50","name":"GERRY ADRIANO SILVA COSTA","cpf":"52135489204","bankname":"null","payBank":"","payCpf":"","pixkey":"52135489204","account":"12880000009538202576","status":"done","order":"A20250818205054302704w4mfB4zFB"},"sign":"D7CF50A7569F1B7A10455C277325C049"}

【2025-08-19 23:47:45】
P2025081922461654376784309----提交：{"custId":"24120300001308","appId":"8241201350","order":"P2025081922461654376784309","sign":"7C02B0A080E5895B5335EC7C4E82BD79"}

【2025-08-19 23:47:45】
P2025081922461654376784309----返回：{"code":"000000","msg":"P2025081922461654376784309","data":{"date":"2025-08-19 22:46:20","eid":"E45756448202508200146hvq9OLDZukS","amount":"50","name":"Andreia Souza Pereira","cpf":"9712419886","bankname":"null","payBank":"","payCpf":"","pixkey":"09712419886","account":"694626095","status":"done","order":"A20250819224617765910PDZ4e3VVT"},"sign":"78A723DE369689A52762B17679E496A8"}

【2025-08-19 23:47:48】
P2025081922461654376784309----提交：{"custId":"24120300001308","appId":"8241201350","order":"P2025081922461654376784309","sign":"7C02B0A080E5895B5335EC7C4E82BD79"}

【2025-08-19 23:47:48】
P2025081922461654376784309----返回：{"code":"000000","msg":"P2025081922461654376784309","data":{"date":"2025-08-19 22:46:20","eid":"E45756448202508200146hvq9OLDZukS","amount":"50","name":"Andreia Souza Pereira","cpf":"9712419886","bankname":"null","payBank":"","payCpf":"","pixkey":"09712419886","account":"694626095","status":"done","order":"A20250819224617765910PDZ4e3VVT"},"sign":"78A723DE369689A52762B17679E496A8"}

【2025-08-19 23:49:46】
P2025081820361260172467344----提交：{"custId":"24120300001308","appId":"8241201350","order":"P2025081820361260172467344","sign":"9659CFC6FD075311ABD5C21398E1EB6C"}

【2025-08-19 23:49:46】
P2025081820361260172467344----返回：{"code":"000000","msg":"P2025081820361260172467344","data":{"date":"2025-08-18 20:36:21","eid":"E45756448202508182336kioKh1uz2UC","amount":"593","name":"Fabricio Marques da Costa","cpf":"4914487675","bankname":"null","payBank":"","payCpf":"","pixkey":"04914487675","account":"356617001","status":"done","order":"A20250818203613092543aW7YkuQaq"},"sign":"E44E926E38D65BCB0AB5C9D0716DEC63"}

