【2025-08-19 05:27:52】
P2025081905260591965126174----提交：{"custId":"24120300001308","appId":"8241201350","order":"P2025081905260591965126174","sign":"C496DB643E9297C0B7B2B5CBA39F0217"}

【2025-08-19 05:27:52】
P2025081905260591965126174----返回：{"code":"000000","msg":"P2025081905260591965126174","data":{"date":"2025-08-19 05:26:07","eid":"E3720544720250819082605726d7208b","amount":"90","name":"RICARDO DE SENSO","cpf":"26767345806","bankname":"ORBION GAMING LTDA","payBank":"","payCpf":"","pixkey":"26767345806","account":"90400888","status":"done","order":"A20250819052605527176aYc9d47D2"},"sign":"1DA56EC66A08EEFB6A4E09E6D6147B92"}

【2025-08-19 05:27:54】
P2025081905260591965126174----提交：{"custId":"24120300001308","appId":"8241201350","order":"P2025081905260591965126174","sign":"C496DB643E9297C0B7B2B5CBA39F0217"}

【2025-08-19 05:27:54】
P2025081905260591965126174----返回：{"code":"000000","msg":"P2025081905260591965126174","data":{"date":"2025-08-19 05:26:07","eid":"E3720544720250819082605726d7208b","amount":"90","name":"RICARDO DE SENSO","cpf":"26767345806","bankname":"ORBION GAMING LTDA","payBank":"","payCpf":"","pixkey":"26767345806","account":"90400888","status":"done","order":"A20250819052605527176aYc9d47D2"},"sign":"1DA56EC66A08EEFB6A4E09E6D6147B92"}

【2025-08-19 05:28:48】
P2025081820175259072683051----提交：{"custId":"24120300001308","appId":"8241201350","order":"P2025081820175259072683051","sign":"48298C8A207F9A95D9BE7BF24A724F2E"}

【2025-08-19 05:28:48】
P2025081820175259072683051----返回：{"code":"000000","msg":"P2025081820175259072683051","data":{"date":"2025-08-18 20:17:58","eid":"E45756448202508182317Qg6VvRzFgE6","amount":"90","name":"JANDERSON CESAR SOUZA MAIA","cpf":"52093344220","bankname":"null","payBank":"","payCpf":"","pixkey":"92995214030","account":"297692154","status":"done","order":"A20250818201753989159FjFWV7YMk"},"sign":"C0FC9FECD9236D3436CCFC76E33F5C60"}

【2025-08-19 05:29:15】
P2025081820175259072683051----提交：{"custId":"24120300001308","appId":"8241201350","order":"P2025081820175259072683051","sign":"48298C8A207F9A95D9BE7BF24A724F2E"}

【2025-08-19 05:29:15】
P2025081820175259072683051----返回：{"code":"000000","msg":"P2025081820175259072683051","data":{"date":"2025-08-18 20:17:58","eid":"E45756448202508182317Qg6VvRzFgE6","amount":"90","name":"JANDERSON CESAR SOUZA MAIA","cpf":"52093344220","bankname":"null","payBank":"","payCpf":"","pixkey":"92995214030","account":"297692154","status":"done","order":"A20250818201753989159FjFWV7YMk"},"sign":"C0FC9FECD9236D3436CCFC76E33F5C60"}

【2025-08-19 05:35:23】
P2025081905180391483138713----提交：{"custId":"24120300001308","appId":"8241201350","order":"P2025081905180391483138713","sign":"0CFB66736E8D122CA7A7DF59A009C3B3"}

【2025-08-19 05:35:23】
P2025081905180391483138713----返回：{"code":"000000","msg":"P2025081905180391483138713","data":{"date":"2025-08-19 05:18:08","eid":"E37205447202508190818042070bd3b7","amount":"30","name":"ALACIEL CRUZ DA SILVA","cpf":"53673140230","bankname":"ORBION GAMING LTDA","payBank":"","payCpf":"","pixkey":"91980748290","account":"22896431","status":"done","order":"A202508190518048996933NGNIkimZ"},"sign":"7B6C440D2F17F0F34381C87935F65E65"}

【2025-08-19 05:35:27】
P2025081905180391483138713----提交：{"custId":"24120300001308","appId":"8241201350","order":"P2025081905180391483138713","sign":"0CFB66736E8D122CA7A7DF59A009C3B3"}

【2025-08-19 05:35:27】
P2025081905180391483138713----返回：{"code":"000000","msg":"P2025081905180391483138713","data":{"date":"2025-08-19 05:18:08","eid":"E37205447202508190818042070bd3b7","amount":"30","name":"ALACIEL CRUZ DA SILVA","cpf":"53673140230","bankname":"ORBION GAMING LTDA","payBank":"","payCpf":"","pixkey":"91980748290","account":"22896431","status":"done","order":"A202508190518048996933NGNIkimZ"},"sign":"7B6C440D2F17F0F34381C87935F65E65"}

【2025-08-19 05:40:33】
P2025081820050258302316268----提交：{"custId":"24120300001308","appId":"8241201350","order":"P2025081820050258302316268","sign":"8B0FE579AAAF8E217AB24F61A41F2DDF"}

【2025-08-19 05:40:33】
P2025081820050258302316268----返回：{"code":"000000","msg":"P2025081820050258302316268","data":{"date":"2025-08-18 20:05:41","eid":"E45756448202508182305kqDyqY7sEWD","amount":"100","name":"Jaqueline Neves da Silva","cpf":"3907659104","bankname":"null","payBank":"","payCpf":"","pixkey":"66981358901","account":"35152669","status":"done","order":"A202508182005038328202r5tECPi2"},"sign":"9283FCF0B50289AFC2046A56C0C79DE1"}

