【2025-08-19 06:01:40】
P2025081808521217932734597----提交：{"custId":"24120300001308","appId":"8241201350","order":"P2025081808521217932734597","sign":"6C4759F0C30350CAC5C8E92008173D53"}

【2025-08-19 06:01:40】
P2025081808521217932734597----返回：{"code":"000000","msg":"P2025081808521217932734597","data":{"date":"2025-08-18 08:52:15","eid":"E45756448202508181152Uf2W7Rf7UkA","amount":"10","name":"Alessandro Felipe Crisostomo","cpf":"7277260643","bankname":"null","payBank":"","payCpf":"","pixkey":"31975442083","account":"60513344177","status":"done","order":"A20250818085212881822gUIQFwNrS"},"sign":"0677E781C51595404FB3A6DE22546954"}

【2025-08-19 06:01:58】
P2025081808521217932734597----提交：{"custId":"24120300001308","appId":"8241201350","order":"P2025081808521217932734597","sign":"6C4759F0C30350CAC5C8E92008173D53"}

【2025-08-19 06:01:58】
P2025081808521217932734597----返回：{"code":"000000","msg":"P2025081808521217932734597","data":{"date":"2025-08-18 08:52:15","eid":"E45756448202508181152Uf2W7Rf7UkA","amount":"10","name":"Alessandro Felipe Crisostomo","cpf":"7277260643","bankname":"null","payBank":"","payCpf":"","pixkey":"31975442083","account":"60513344177","status":"done","order":"A20250818085212881822gUIQFwNrS"},"sign":"0677E781C51595404FB3A6DE22546954"}

【2025-08-19 06:04:53】
P2025081808521217932734597----提交：{"custId":"24120300001308","appId":"8241201350","order":"P2025081808521217932734597","sign":"6C4759F0C30350CAC5C8E92008173D53"}

【2025-08-19 06:04:53】
P2025081808521217932734597----返回：{"code":"000000","msg":"P2025081808521217932734597","data":{"date":"2025-08-18 08:52:15","eid":"E45756448202508181152Uf2W7Rf7UkA","amount":"10","name":"Alessandro Felipe Crisostomo","cpf":"7277260643","bankname":"null","payBank":"","payCpf":"","pixkey":"31975442083","account":"60513344177","status":"done","order":"A20250818085212881822gUIQFwNrS"},"sign":"0677E781C51595404FB3A6DE22546954"}

【2025-08-19 06:23:16】
P2025081823552772127703714----提交：{"custId":"24120300001308","appId":"8241201350","order":"P2025081823552772127703714","sign":"46C849F9CA7287E24DA4BE98CF87B2AB"}

【2025-08-19 06:23:16】
P2025081823552772127703714----返回：{"code":"000000","msg":"P2025081823552772127703714","data":{"date":"2025-08-18 23:55:30","eid":"E3720544720250819025527418ccb14c","amount":"100","name":"ADYLA RODRIGUES DA SILVA","cpf":"06348741109","bankname":"ORBION GAMING LTDA","payBank":"","payCpf":"","pixkey":"63992704651","account":"08561701","status":"done","order":"A20250818235527036922rWw1bls3d"},"sign":"2CF47FD084A9E6FC45D2FB7E8D3922D3"}

【2025-08-19 06:23:18】
P2025081823552772127703714----提交：{"custId":"24120300001308","appId":"8241201350","order":"P2025081823552772127703714","sign":"46C849F9CA7287E24DA4BE98CF87B2AB"}

【2025-08-19 06:23:18】
P2025081823552772127703714----返回：{"code":"000000","msg":"P2025081823552772127703714","data":{"date":"2025-08-18 23:55:30","eid":"E3720544720250819025527418ccb14c","amount":"100","name":"ADYLA RODRIGUES DA SILVA","cpf":"06348741109","bankname":"ORBION GAMING LTDA","payBank":"","payCpf":"","pixkey":"63992704651","account":"08561701","status":"done","order":"A20250818235527036922rWw1bls3d"},"sign":"2CF47FD084A9E6FC45D2FB7E8D3922D3"}

【2025-08-19 06:24:53】
P2025081905260591965071505----提交：{"custId":"24120300001308","appId":"8241201350","order":"P2025081905260591965071505","sign":"3F4098423418B6856CA7AE0B5A6DA203"}

【2025-08-19 06:24:53】
P2025081905260591965071505----返回：{"code":"000000","msg":"P2025081905260591965071505","data":{"date":"2025-08-19 05:26:07","eid":"E372054472025081908260576059ce27","amount":"30","name":"CLEUDIMARE OLIVEIRA AZEVEDO","cpf":"03355154369","bankname":"ORBION GAMING LTDA","payBank":"","payCpf":"","pixkey":"99985035052","account":"60746948","status":"done","order":"A20250819052605243529VIfxdgdR6"},"sign":"73D58ACAD21463CE21FDBA4C79568323"}

【2025-08-19 06:24:56】
P2025081905260591965071505----提交：{"custId":"24120300001308","appId":"8241201350","order":"P2025081905260591965071505","sign":"3F4098423418B6856CA7AE0B5A6DA203"}

【2025-08-19 06:24:56】
P2025081905260591965071505----返回：{"code":"000000","msg":"P2025081905260591965071505","data":{"date":"2025-08-19 05:26:07","eid":"E372054472025081908260576059ce27","amount":"30","name":"CLEUDIMARE OLIVEIRA AZEVEDO","cpf":"03355154369","bankname":"ORBION GAMING LTDA","payBank":"","payCpf":"","pixkey":"99985035052","account":"60746948","status":"done","order":"A20250819052605243529VIfxdgdR6"},"sign":"73D58ACAD21463CE21FDBA4C79568323"}

【2025-08-19 06:25:50】
P2025081820354860148156985----提交：{"custId":"24120300001308","appId":"8241201350","order":"P2025081820354860148156985","sign":"A047C43C6B594FC4A2302EF7106DB7DA"}

【2025-08-19 06:25:50】
P2025081820354860148156985----返回：{"code":"000000","msg":"P2025081820354860148156985","data":{"date":"2025-08-18 20:35:55","eid":"E45756448202508182335lOuiZwt0RUa","amount":"500","name":"Edna de Jesus dos Santos","cpf":"7599063510","bankname":"null","payBank":"","payCpf":"","pixkey":"07599063510","account":"390184984","status":"done","order":"A20250818203549003794T5wyzVCTa"},"sign":"F48301FD3AB334E3D584F144DD4DD63D"}

【2025-08-19 06:30:46】
P2025081906125494774575306----提交：{"custId":"24120300001308","appId":"8241201350","order":"P2025081906125494774575306","sign":"061213290A960B2EB6D64EECA42A6F41"}

【2025-08-19 06:30:46】
P2025081906125494774575306----返回：{"code":"000000","msg":"P2025081906125494774575306","data":{"date":"2025-08-19 06:12:57","eid":"E37205447202508190912551924c521b","amount":"35","name":"Luana Sant Ana Couto","cpf":"08052307775","bankname":"ORBION GAMING LTDA","payBank":"","payCpf":"","pixkey":"Santanaluana@hotmail.com","account":"18236120","status":"done","order":"A20250819061255560398PWjekIrLm"},"sign":"0294E1FE829091A2103FD74E87D043BF"}

【2025-08-19 06:30:49】
P2025081906125494774575306----提交：{"custId":"24120300001308","appId":"8241201350","order":"P2025081906125494774575306","sign":"061213290A960B2EB6D64EECA42A6F41"}

【2025-08-19 06:30:49】
P2025081906125494774575306----返回：{"code":"000000","msg":"P2025081906125494774575306","data":{"date":"2025-08-19 06:12:57","eid":"E37205447202508190912551924c521b","amount":"35","name":"Luana Sant Ana Couto","cpf":"08052307775","bankname":"ORBION GAMING LTDA","payBank":"","payCpf":"","pixkey":"Santanaluana@hotmail.com","account":"18236120","status":"done","order":"A20250819061255560398PWjekIrLm"},"sign":"0294E1FE829091A2103FD74E87D043BF"}

【2025-08-19 06:30:50】
P2025081906125494774575306----提交：{"custId":"24120300001308","appId":"8241201350","order":"P2025081906125494774575306","sign":"061213290A960B2EB6D64EECA42A6F41"}

【2025-08-19 06:30:50】
P2025081906125494774575306----返回：{"code":"000000","msg":"P2025081906125494774575306","data":{"date":"2025-08-19 06:12:57","eid":"E37205447202508190912551924c521b","amount":"35","name":"Luana Sant Ana Couto","cpf":"08052307775","bankname":"ORBION GAMING LTDA","payBank":"","payCpf":"","pixkey":"Santanaluana@hotmail.com","account":"18236120","status":"done","order":"A20250819061255560398PWjekIrLm"},"sign":"0294E1FE829091A2103FD74E87D043BF"}

【2025-08-19 06:41:05】
P2025081905283992119788084----提交：{"custId":"24120300001308","appId":"8241201350","order":"P2025081905283992119788084","sign":"B87051BECC253F09DA02904B70F16718"}

【2025-08-19 06:41:05】
P2025081905283992119788084----返回：{"code":"000000","msg":"P2025081905283992119788084","data":{"date":"2025-08-19 05:28:42","eid":"E3720544720250819082839768c5a265","amount":"13","name":"Julia Iris Nascimento De Almeida","cpf":"15234603776","bankname":"ORBION GAMING LTDA","payBank":"","payCpf":"","pixkey":"15234603776","account":"22896431","status":"done","order":"A20250819052839399091E7e2WCixH"},"sign":"D1183DDD017C4603E1EB4C79C9D50FA8"}

【2025-08-19 06:41:08】
P2025081905283992119788084----提交：{"custId":"24120300001308","appId":"8241201350","order":"P2025081905283992119788084","sign":"B87051BECC253F09DA02904B70F16718"}

【2025-08-19 06:41:08】
P2025081905283992119788084----返回：{"code":"000000","msg":"P2025081905283992119788084","data":{"date":"2025-08-19 05:28:42","eid":"E3720544720250819082839768c5a265","amount":"13","name":"Julia Iris Nascimento De Almeida","cpf":"15234603776","bankname":"ORBION GAMING LTDA","payBank":"","payCpf":"","pixkey":"15234603776","account":"22896431","status":"done","order":"A20250819052839399091E7e2WCixH"},"sign":"D1183DDD017C4603E1EB4C79C9D50FA8"}

【2025-08-19 06:41:09】
P2025081905283992119788084----提交：{"custId":"24120300001308","appId":"8241201350","order":"P2025081905283992119788084","sign":"B87051BECC253F09DA02904B70F16718"}

【2025-08-19 06:41:09】
P2025081905283992119788084----返回：{"code":"000000","msg":"P2025081905283992119788084","data":{"date":"2025-08-19 05:28:42","eid":"E3720544720250819082839768c5a265","amount":"13","name":"Julia Iris Nascimento De Almeida","cpf":"15234603776","bankname":"ORBION GAMING LTDA","payBank":"","payCpf":"","pixkey":"15234603776","account":"22896431","status":"done","order":"A20250819052839399091E7e2WCixH"},"sign":"D1183DDD017C4603E1EB4C79C9D50FA8"}

【2025-08-19 06:44:15】
P2025081820215859318335140----提交：{"custId":"24120300001308","appId":"8241201350","order":"P2025081820215859318335140","sign":"5052DA58B2C16772DC09004EEF95D3A5"}

【2025-08-19 06:44:16】
P2025081820215859318335140----返回：{"code":"000000","msg":"P2025081820215859318335140","data":{"date":"2025-08-18 20:22:04","eid":"E45756448202508182322fGIko4xIE2v","amount":"40","name":"Valmir Araújo cassimiro","cpf":"18559657800","bankname":"null","payBank":"","payCpf":"","pixkey":"18559657800","account":"14323646","status":"done","order":"A20250818202159093856bZ63a85Bi"},"sign":"05BD3B0DB880EB1C5EDF677D1F3F3A53"}

【2025-08-19 06:44:18】
P2025081820215859318335140----提交：{"custId":"24120300001308","appId":"8241201350","order":"P2025081820215859318335140","sign":"5052DA58B2C16772DC09004EEF95D3A5"}

【2025-08-19 06:44:18】
P2025081820215859318335140----返回：{"code":"000000","msg":"P2025081820215859318335140","data":{"date":"2025-08-18 20:22:04","eid":"E45756448202508182322fGIko4xIE2v","amount":"40","name":"Valmir Araújo cassimiro","cpf":"18559657800","bankname":"null","payBank":"","payCpf":"","pixkey":"18559657800","account":"14323646","status":"done","order":"A20250818202159093856bZ63a85Bi"},"sign":"05BD3B0DB880EB1C5EDF677D1F3F3A53"}

【2025-08-19 06:45:08】
P2025081820324359963979786----提交：{"custId":"24120300001308","appId":"8241201350","order":"P2025081820324359963979786","sign":"663D708E77C561F66FF5BFE62141DE21"}

【2025-08-19 06:45:08】
P2025081820324359963979786----返回：{"code":"000000","msg":"P2025081820324359963979786","data":{"date":"2025-08-18 20:32:54","eid":"E3720544720250818233245510249573","amount":"200","name":"Pedro Amancio Junior","cpf":"02258546788","bankname":"ORBION GAMING LTDA","payBank":"","payCpf":"","pixkey":"02258546788","account":"08561701","status":"done","order":"A20250818203244342658ef3LlnJal"},"sign":"3343C73ADEEFC747FED477343438B470"}

【2025-08-19 06:45:21】
P2025081821052261922472193----提交：{"custId":"24120300001308","appId":"8241201350","order":"P2025081821052261922472193","sign":"CED2699E2D614AD086BE393A044CB93F"}

【2025-08-19 06:45:21】
P2025081821052261922472193----返回：{"code":"000000","msg":"P2025081821052261922472193","data":{"date":"2025-08-18 21:05:42","eid":"E45756448202508190005adaqhh7itk6","amount":"30","name":"Janaina Roberta de Paula Souza","cpf":"70275263100","bankname":"null","payBank":"","payCpf":"","pixkey":"70275263100","account":"184720159","status":"done","order":"A20250818210523519080nv8yb2ptC"},"sign":"B89B3958F6272E10D35E05EC1673D114"}

【2025-08-19 06:45:41】
P2025081822050165501192075----提交：{"custId":"24120300001308","appId":"8241201350","order":"P2025081822050165501192075","sign":"5F2D34133C68856FD5AD73D69A6B90DA"}

【2025-08-19 06:45:41】
P2025081822050165501192075----返回：{"code":"000000","msg":"P2025081822050165501192075","data":{"date":"2025-08-18 22:07:53","eid":"E37205447202508190105075731a3008","amount":"400","name":"JOEL PEREIRA GONCALVES","cpf":"60045174377","bankname":"ORBION GAMING LTDA","payBank":"","payCpf":"","pixkey":"60045174377","account":"00416968","status":"done","order":"A20250818220502006743DcjGjNHep"},"sign":"BC50FA7560161531BB7187C25A52C4FE"}

【2025-08-19 06:45:41】
P2025081822050165501192075----提交：{"custId":"24120300001308","appId":"8241201350","order":"P2025081822050165501192075","sign":"5F2D34133C68856FD5AD73D69A6B90DA"}

【2025-08-19 06:45:41】
P2025081822050165501192075----返回：{"code":"000000","msg":"P2025081822050165501192075","data":{"date":"2025-08-18 22:07:53","eid":"E37205447202508190105075731a3008","amount":"400","name":"JOEL PEREIRA GONCALVES","cpf":"60045174377","bankname":"ORBION GAMING LTDA","payBank":"","payCpf":"","pixkey":"60045174377","account":"00416968","status":"done","order":"A20250818220502006743DcjGjNHep"},"sign":"BC50FA7560161531BB7187C25A52C4FE"}

【2025-08-19 06:46:00】
P2025081821042061860642440----提交：{"custId":"24120300001308","appId":"8241201350","order":"P2025081821042061860642440","sign":"DE6480743AF1E15760A1FEE548BCE1F5"}

【2025-08-19 06:46:00】
P2025081821042061860642440----返回：{"code":"000000","msg":"P2025081821042061860642440","data":{"date":"2025-08-18 21:04:28","eid":"E45756448202508190004fQWJcbfoikm","amount":"20","name":"Janaina Roberta de Paula Souza","cpf":"70275263100","bankname":"null","payBank":"","payCpf":"","pixkey":"70275263100","account":"184720159","status":"done","order":"A202508182104207452143FZ3Zxi3c"},"sign":"6DA37398E022108CC28A3E444F5EEE55"}

【2025-08-19 06:50:44】
P2025081820383260312437389----提交：{"custId":"24120300001308","appId":"8241201350","order":"P2025081820383260312437389","sign":"08E0FDAC7C36404B50581A4B31313D4A"}

【2025-08-19 06:50:44】
P2025081820383260312437389----返回：{"code":"000000","msg":"P2025081820383260312437389","data":{"date":"2025-08-18 20:38:38","eid":"E45756448202508182338gBM8EvLNy0S","amount":"200","name":"Luciana zimmer Steffen","cpf":"83251901087","bankname":"null","payBank":"","payCpf":"","pixkey":"83251901087","account":"464253491","status":"done","order":"A202508182038330492631Nhln5hN5"},"sign":"77F898027E7B59C4E1C7F7B19C0832EE"}

【2025-08-19 06:50:48】
P2025081820383260312437389----提交：{"custId":"24120300001308","appId":"8241201350","order":"P2025081820383260312437389","sign":"08E0FDAC7C36404B50581A4B31313D4A"}

【2025-08-19 06:50:48】
P2025081820383260312437389----返回：{"code":"000000","msg":"P2025081820383260312437389","data":{"date":"2025-08-18 20:38:38","eid":"E45756448202508182338gBM8EvLNy0S","amount":"200","name":"Luciana zimmer Steffen","cpf":"83251901087","bankname":"null","payBank":"","payCpf":"","pixkey":"83251901087","account":"464253491","status":"done","order":"A202508182038330492631Nhln5hN5"},"sign":"77F898027E7B59C4E1C7F7B19C0832EE"}

【2025-08-19 06:53:45】
P2025081819583857918399028----提交：{"custId":"24120300001308","appId":"8241201350","order":"P2025081819583857918399028","sign":"5D37055E6D8EFBF9E4323B97858CB74A"}

【2025-08-19 06:53:45】
P2025081819583857918399028----返回：{"code":"000000","msg":"P2025081819583857918399028","data":{"date":"2025-08-18 19:59:10","eid":"E45756448202508182259ZhzW2QpDeEm","amount":"30","name":"Diana Martins dos santos","cpf":"14422853708","bankname":"null","payBank":"","payCpf":"","pixkey":"22981621104","account":"116872979","status":"done","order":"A20250818195838881360WlmjhgLz1"},"sign":"A886776DFFB7F400D20B4D4B6261029F"}

【2025-08-19 06:53:48】
P2025081819583857918399028----提交：{"custId":"24120300001308","appId":"8241201350","order":"P2025081819583857918399028","sign":"5D37055E6D8EFBF9E4323B97858CB74A"}

【2025-08-19 06:53:48】
P2025081819583857918399028----返回：{"code":"000000","msg":"P2025081819583857918399028","data":{"date":"2025-08-18 19:59:10","eid":"E45756448202508182259ZhzW2QpDeEm","amount":"30","name":"Diana Martins dos santos","cpf":"14422853708","bankname":"null","payBank":"","payCpf":"","pixkey":"22981621104","account":"116872979","status":"done","order":"A20250818195838881360WlmjhgLz1"},"sign":"A886776DFFB7F400D20B4D4B6261029F"}

【2025-08-19 06:55:29】
P2025081904544690086097025----提交：{"custId":"24120300001308","appId":"8241201350","order":"P2025081904544690086097025","sign":"78AF472A00D2D735661F7154230BD8F0"}

【2025-08-19 06:55:29】
P2025081904544690086097025----返回：{"code":"000000","msg":"P2025081904544690086097025","data":{"date":"2025-08-19 04:54:49","eid":"E3720544720250819075447008b1e3a0","amount":"40","name":"Graziele Rodrigues Araújo","cpf":"42318200823","bankname":"ORBION GAMING LTDA","payBank":"","payCpf":"","pixkey":"rodriguesgraziele699araujo@gmail.com","account":"18236120","status":"done","order":"A20250819045446452345umEU3JG5k"},"sign":"4526DE106B85CF76078D55D7C4386E90"}

【2025-08-19 06:55:31】
P2025081904544690086097025----提交：{"custId":"24120300001308","appId":"8241201350","order":"P2025081904544690086097025","sign":"78AF472A00D2D735661F7154230BD8F0"}

【2025-08-19 06:55:31】
P2025081904544690086097025----返回：{"code":"000000","msg":"P2025081904544690086097025","data":{"date":"2025-08-19 04:54:49","eid":"E3720544720250819075447008b1e3a0","amount":"40","name":"Graziele Rodrigues Araújo","cpf":"42318200823","bankname":"ORBION GAMING LTDA","payBank":"","payCpf":"","pixkey":"rodriguesgraziele699araujo@gmail.com","account":"18236120","status":"done","order":"A20250819045446452345umEU3JG5k"},"sign":"4526DE106B85CF76078D55D7C4386E90"}

