【2025-08-19 15:24:33】
P2025081820385760337737808----提交：{"custId":"24120300001308","appId":"8241201350","order":"P2025081820385760337737808","sign":"A4F7A3CF980B80356314BB000B514FF5"}

【2025-08-19 15:24:35】
P2025081820385760337737808----返回：{"code":"000000","msg":"P2025081820385760337737808","data":{"date":"2025-08-18 20:39:05","eid":"E457564482025081823392FO8MIvWr0q","amount":"350","name":"andryu costa de oliveira","cpf":"86230948087","bankname":"null","payBank":"","payCpf":"","pixkey":"86230948087","account":"129712923","status":"done","order":"A20250818203857013287qbMRAMn73"},"sign":"BA540BB4FA5622F7252692E8DA614CFC"}

【2025-08-19 15:27:07】
P2025081820385760337737808----提交：{"custId":"24120300001308","appId":"8241201350","order":"P2025081820385760337737808","sign":"A4F7A3CF980B80356314BB000B514FF5"}

【2025-08-19 15:27:07】
P2025081820385760337737808----返回：{"code":"000000","msg":"P2025081820385760337737808","data":{"date":"2025-08-18 20:39:05","eid":"E457564482025081823392FO8MIvWr0q","amount":"350","name":"andryu costa de oliveira","cpf":"86230948087","bankname":"null","payBank":"","payCpf":"","pixkey":"86230948087","account":"129712923","status":"done","order":"A20250818203857013287qbMRAMn73"},"sign":"BA540BB4FA5622F7252692E8DA614CFC"}

【2025-08-19 15:27:08】
P2025081820385760337737808----提交：{"custId":"24120300001308","appId":"8241201350","order":"P2025081820385760337737808","sign":"A4F7A3CF980B80356314BB000B514FF5"}

【2025-08-19 15:27:09】
P2025081820385760337737808----返回：{"code":"000000","msg":"P2025081820385760337737808","data":{"date":"2025-08-18 20:39:05","eid":"E457564482025081823392FO8MIvWr0q","amount":"350","name":"andryu costa de oliveira","cpf":"86230948087","bankname":"null","payBank":"","payCpf":"","pixkey":"86230948087","account":"129712923","status":"done","order":"A20250818203857013287qbMRAMn73"},"sign":"BA540BB4FA5622F7252692E8DA614CFC"}

【2025-08-19 15:39:55】
P2025081915254127941352552----提交：{"custId":"24120300001308","appId":"8241201350","order":"P2025081915254127941352552","sign":"0F52F49E55B5E487CE278C5B152CD155"}

【2025-08-19 15:39:56】
P2025081915254127941352552----返回：{"code":"000000","msg":"P2025081915254127941352552","data":{"date":"2025-08-19 15:25:45","eid":"E45756448202508191825Nl2zGogCu0q","amount":"50","name":"MAYRA RAISSA BENTO CARVALHO","cpf":"5720263314","bankname":"null","payBank":"","payCpf":"","pixkey":"99984209806","account":"362842345","status":"done","order":"A202508191525427185072UYCIdxrJ"},"sign":"7D243DDDE1E6B8B3854EF003A571FEC2"}

【2025-08-19 15:40:02】
P2025081915254127941352552----提交：{"custId":"24120300001308","appId":"8241201350","order":"P2025081915254127941352552","sign":"0F52F49E55B5E487CE278C5B152CD155"}

【2025-08-19 15:40:02】
P2025081915254127941352552----返回：{"code":"000000","msg":"P2025081915254127941352552","data":{"date":"2025-08-19 15:25:45","eid":"E45756448202508191825Nl2zGogCu0q","amount":"50","name":"MAYRA RAISSA BENTO CARVALHO","cpf":"5720263314","bankname":"null","payBank":"","payCpf":"","pixkey":"99984209806","account":"362842345","status":"done","order":"A202508191525427185072UYCIdxrJ"},"sign":"7D243DDDE1E6B8B3854EF003A571FEC2"}

【2025-08-19 15:40:18】
P2025081915254127941352552----提交：{"custId":"24120300001308","appId":"8241201350","order":"P2025081915254127941352552","sign":"0F52F49E55B5E487CE278C5B152CD155"}

【2025-08-19 15:40:19】
P2025081915254127941352552----返回：{"code":"000000","msg":"P2025081915254127941352552","data":{"date":"2025-08-19 15:25:45","eid":"E45756448202508191825Nl2zGogCu0q","amount":"50","name":"MAYRA RAISSA BENTO CARVALHO","cpf":"5720263314","bankname":"null","payBank":"","payCpf":"","pixkey":"99984209806","account":"362842345","status":"done","order":"A202508191525427185072UYCIdxrJ"},"sign":"7D243DDDE1E6B8B3854EF003A571FEC2"}

