【2025-08-19 00:08:23】
P2025081820235059430639664----提交：{"custId":"24120300001308","appId":"8241201350","order":"P2025081820235059430639664","sign":"087511B0949D3379EA79FDF24BB9087B"}

【2025-08-19 00:08:23】
P2025081820235059430639664----返回：{"code":"000000","msg":"P2025081820235059430639664","data":{"date":"2025-08-18 20:23:55","eid":"E45756448202508182323fVBiDUeoRUC","amount":"20","name":"JOELBERT FRANCA RIBEIRO","cpf":"60523856342","bankname":"null","payBank":"","payCpf":"","pixkey":"60523856342","account":"163789308","status":"done","order":"A20250818202351752247rAqPgmR5t"},"sign":"0C9A55DC46B3774C5F910B92845DFDBB"}

【2025-08-19 00:12:08】
P2025081823530271982275217----提交：{"custId":"24120300001308","appId":"8241201350","order":"P2025081823530271982275217","sign":"DDF7C88ACC52E32F246C5BBB47142D2A"}

【2025-08-19 00:12:08】
P2025081823530271982275217----返回：{"msg":"no voucher","code":"900003","data":"","sign":"2856F04258F0DA99937D18ED87965490"}

【2025-08-19 00:14:47】
P2025081819102855028271382----提交：{"custId":"24120300001308","appId":"8241201350","order":"P2025081819102855028271382","sign":"8595F565BEF6F05E8129CEEE61058316"}

【2025-08-19 00:14:47】
P2025081819102855028271382----返回：{"code":"000000","msg":"P2025081819102855028271382","data":{"date":"2025-08-18 19:11:37","eid":"E45756448202508182211mmC2JnCBUWX","amount":"30","name":"LUCAS GUILHERME DE OLIVEIRA","cpf":"11595516697","bankname":"null","payBank":"","payCpf":"","pixkey":"11595516697","account":"1036091880","status":"done","order":"A20250818191028583463zlcapK9xa"},"sign":"55CDEFD1A961379B412C7830515F063C"}

【2025-08-19 00:14:54】
P2025081819123755157535432----提交：{"custId":"24120300001308","appId":"8241201350","order":"P2025081819123755157535432","sign":"15631ABD5037A44D67F0EB66F8A13524"}

【2025-08-19 00:14:54】
P2025081819123755157535432----返回：{"code":"000000","msg":"P2025081819123755157535432","data":{"date":"2025-08-18 19:13:56","eid":"E45756448202508182213RPB3LbWo00q","amount":"20","name":"LUCAS GUILHERME DE OLIVEIRA","cpf":"11595516697","bankname":"null","payBank":"","payCpf":"","pixkey":"11595516697","account":"1036091880","status":"done","order":"A20250818191237585219jbWN1QjLT"},"sign":"CF10ADD8983D449F5C8D5007A84C7D24"}

【2025-08-19 00:15:18】
P2025081819102855028271382----提交：{"custId":"24120300001308","appId":"8241201350","order":"P2025081819102855028271382","sign":"8595F565BEF6F05E8129CEEE61058316"}

【2025-08-19 00:15:18】
P2025081819102855028271382----返回：{"code":"000000","msg":"P2025081819102855028271382","data":{"date":"2025-08-18 19:11:37","eid":"E45756448202508182211mmC2JnCBUWX","amount":"30","name":"LUCAS GUILHERME DE OLIVEIRA","cpf":"11595516697","bankname":"null","payBank":"","payCpf":"","pixkey":"11595516697","account":"1036091880","status":"done","order":"A20250818191028583463zlcapK9xa"},"sign":"55CDEFD1A961379B412C7830515F063C"}

【2025-08-19 00:15:33】
P2025081819123755157535432----提交：{"custId":"24120300001308","appId":"8241201350","order":"P2025081819123755157535432","sign":"15631ABD5037A44D67F0EB66F8A13524"}

【2025-08-19 00:15:33】
P2025081819123755157535432----返回：{"code":"000000","msg":"P2025081819123755157535432","data":{"date":"2025-08-18 19:13:56","eid":"E45756448202508182213RPB3LbWo00q","amount":"20","name":"LUCAS GUILHERME DE OLIVEIRA","cpf":"11595516697","bankname":"null","payBank":"","payCpf":"","pixkey":"11595516697","account":"1036091880","status":"done","order":"A20250818191237585219jbWN1QjLT"},"sign":"CF10ADD8983D449F5C8D5007A84C7D24"}

【2025-08-19 00:15:55】
P2025081822423967759385524----提交：{"custId":"24120300001308","appId":"8241201350","order":"P2025081822423967759385524","sign":"49A9DB597C0FFF333C65AB92A76F1E5B"}

【2025-08-19 00:15:55】
P2025081822423967759385524----返回：{"msg":"no voucher","code":"900003","data":"","sign":"2856F04258F0DA99937D18ED87965490"}

【2025-08-19 00:16:27】
P2025081822423967759385524----提交：{"custId":"24120300001308","appId":"8241201350","order":"P2025081822423967759385524","sign":"49A9DB597C0FFF333C65AB92A76F1E5B"}

【2025-08-19 00:16:27】
P2025081822423967759385524----返回：{"msg":"no voucher","code":"900003","data":"","sign":"2856F04258F0DA99937D18ED87965490"}

【2025-08-19 00:16:34】
P2025081822423967759385524----提交：{"custId":"24120300001308","appId":"8241201350","order":"P2025081822423967759385524","sign":"49A9DB597C0FFF333C65AB92A76F1E5B"}

【2025-08-19 00:16:34】
P2025081822423967759385524----返回：{"msg":"no voucher","code":"900003","data":"","sign":"2856F04258F0DA99937D18ED87965490"}

【2025-08-19 00:16:38】
P2025081822423967759385524----提交：{"custId":"24120300001308","appId":"8241201350","order":"P2025081822423967759385524","sign":"49A9DB597C0FFF333C65AB92A76F1E5B"}

【2025-08-19 00:16:38】
P2025081822423967759385524----返回：{"msg":"no voucher","code":"900003","data":"","sign":"2856F04258F0DA99937D18ED87965490"}

【2025-08-19 00:16:42】
P2025081822423967759385524----提交：{"custId":"24120300001308","appId":"8241201350","order":"P2025081822423967759385524","sign":"49A9DB597C0FFF333C65AB92A76F1E5B"}

【2025-08-19 00:16:42】
P2025081822423967759385524----返回：{"msg":"no voucher","code":"900003","data":"","sign":"2856F04258F0DA99937D18ED87965490"}

【2025-08-19 00:19:08】
P2025081822423967759385524----提交：{"custId":"24120300001308","appId":"8241201350","order":"P2025081822423967759385524","sign":"49A9DB597C0FFF333C65AB92A76F1E5B"}

【2025-08-19 00:19:08】
P2025081822423967759385524----返回：{"msg":"no voucher","code":"900003","data":"","sign":"2856F04258F0DA99937D18ED87965490"}

【2025-08-19 00:24:12】
P2025081819410656866583229----提交：{"custId":"24120300001308","appId":"8241201350","order":"P2025081819410656866583229","sign":"B247B76634DC2EA09EB566C2C57C64B4"}

【2025-08-19 00:24:12】
P2025081819410656866583229----返回：{"code":"000000","msg":"P2025081819410656866583229","data":{"date":"2025-08-18 19:41:10","eid":"E45756448202508182241UzOzRPshk0u","amount":"50","name":"Francinete dos Santos Cardoso","cpf":"70991367120","bankname":"null","payBank":"","payCpf":"","pixkey":"61998130368","account":"542815477","status":"done","order":"A20250818194106695295N7dBgVmi7"},"sign":"520634C89E197EAA99A89F9597601D14"}

【2025-08-19 00:32:17】
P2025081822423967759385524----提交：{"custId":"24120300001308","appId":"8241201350","order":"P2025081822423967759385524","sign":"49A9DB597C0FFF333C65AB92A76F1E5B"}

【2025-08-19 00:32:17】
P2025081822423967759385524----返回：{"msg":"no voucher","code":"900003","data":"","sign":"2856F04258F0DA99937D18ED87965490"}

【2025-08-19 00:32:23】
P2025081822423967759385524----提交：{"custId":"24120300001308","appId":"8241201350","order":"P2025081822423967759385524","sign":"49A9DB597C0FFF333C65AB92A76F1E5B"}

【2025-08-19 00:32:23】
P2025081822423967759385524----返回：{"msg":"no voucher","code":"900003","data":"","sign":"2856F04258F0DA99937D18ED87965490"}

【2025-08-19 00:32:52】
P2025081822423967759385524----提交：{"custId":"24120300001308","appId":"8241201350","order":"P2025081822423967759385524","sign":"49A9DB597C0FFF333C65AB92A76F1E5B"}

【2025-08-19 00:32:52】
P2025081822423967759385524----返回：{"msg":"no voucher","code":"900003","data":"","sign":"2856F04258F0DA99937D18ED87965490"}

【2025-08-19 00:35:23】
P2025081823594672386081896----提交：{"custId":"24120300001308","appId":"8241201350","order":"P2025081823594672386081896","sign":"92743C077645FF64A54483DFDA00EC74"}

【2025-08-19 00:35:23】
P2025081823594672386081896----返回：{"code":"000000","msg":"P2025081823594672386081896","data":{"date":"2025-08-19 00:02:07","eid":"E37205447202508190259470106910ec","amount":"50","name":"Patricia Aparecida de Oliveira","cpf":"09538673905","bankname":"ORBION GAMING LTDA","payBank":"","payCpf":"","pixkey":"09538673905","account":"18236120","status":"done","order":"A20250818235946419798dUDI7HqM1"},"sign":"B4CF83EE283DCF9C72C1DE3A74DADFC6"}

【2025-08-19 00:35:54】
P2025081823445471494629490----提交：{"custId":"24120300001308","appId":"8241201350","order":"P2025081823445471494629490","sign":"07C1EC4E73FB3641F7187623A74E91EF"}

【2025-08-19 00:35:54】
P2025081823445471494629490----返回：{"code":"000000","msg":"P2025081823445471494629490","data":{"date":"2025-08-18 23:47:18","eid":"E3720544720250819024454529f47d74","amount":"30","name":"Elielson Fagundes Da Silva","cpf":"00304469297","bankname":"ORBION GAMING LTDA","payBank":"","payCpf":"","pixkey":"91991850155","account":"16501555","status":"done","order":"A20250818234454643763KVBXBuYSR"},"sign":"57F591CD5F075201E7436F3101EED1C0"}

【2025-08-19 00:36:00】
P2025081823445471494629490----提交：{"custId":"24120300001308","appId":"8241201350","order":"P2025081823445471494629490","sign":"07C1EC4E73FB3641F7187623A74E91EF"}

【2025-08-19 00:36:00】
P2025081823445471494629490----返回：{"code":"000000","msg":"P2025081823445471494629490","data":{"date":"2025-08-18 23:47:18","eid":"E3720544720250819024454529f47d74","amount":"30","name":"Elielson Fagundes Da Silva","cpf":"00304469297","bankname":"ORBION GAMING LTDA","payBank":"","payCpf":"","pixkey":"91991850155","account":"16501555","status":"done","order":"A20250818234454643763KVBXBuYSR"},"sign":"57F591CD5F075201E7436F3101EED1C0"}

