【2025-08-19 02:01:07】
P2025081901431178591076741----提交：{"custId":"24120300001308","appId":"8241201350","order":"P2025081901431178591076741","sign":"3741D7A625F8065963518C16D25995DB"}

【2025-08-19 02:01:08】
P2025081901431178591076741----返回：{"code":"000000","msg":"P2025081901431178591076741","data":{"date":"2025-08-19 01:43:14","eid":"E3720544720250819044311571a77fcb","amount":"45","name":"LUCINEIA ALVES DUTRA","cpf":"89128800206","bankname":"ORBION GAMING LTDA","payBank":"","payCpf":"","pixkey":"89128800206","account":"00360305","status":"done","order":"A20250819014311766634abrjSEaFl"},"sign":"7293C010B9153BAB2A3E81F1FB519227"}

【2025-08-19 02:01:09】
P2025081901431178591076741----提交：{"custId":"24120300001308","appId":"8241201350","order":"P2025081901431178591076741","sign":"3741D7A625F8065963518C16D25995DB"}

【2025-08-19 02:01:09】
P2025081901431178591076741----返回：{"code":"000000","msg":"P2025081901431178591076741","data":{"date":"2025-08-19 01:43:14","eid":"E3720544720250819044311571a77fcb","amount":"45","name":"LUCINEIA ALVES DUTRA","cpf":"89128800206","bankname":"ORBION GAMING LTDA","payBank":"","payCpf":"","pixkey":"89128800206","account":"00360305","status":"done","order":"A20250819014311766634abrjSEaFl"},"sign":"7293C010B9153BAB2A3E81F1FB519227"}

【2025-08-19 02:30:10】
P2025081902072380043329780----提交：{"custId":"24120300001308","appId":"8241201350","order":"P2025081902072380043329780","sign":"04C7D6830952A9F546D84C8EC5C55621"}

【2025-08-19 02:30:10】
P2025081902072380043329780----返回：{"code":"000000","msg":"P2025081902072380043329780","data":{"date":"2025-08-19 02:07:25","eid":"E3720544720250819050723892308737","amount":"60","name":"CLEBIA BISPO DOS SANTOS","cpf":"06968526590","bankname":"ORBION GAMING LTDA","payBank":"","payCpf":"","pixkey":"79998856576","account":"90400888","status":"done","order":"A20250819020723214169wy9LKjlYG"},"sign":"A33AA893A581D552810BC96361445786"}

【2025-08-19 02:30:13】
P2025081902072380043329780----提交：{"custId":"24120300001308","appId":"8241201350","order":"P2025081902072380043329780","sign":"04C7D6830952A9F546D84C8EC5C55621"}

【2025-08-19 02:30:13】
P2025081902072380043329780----返回：{"code":"000000","msg":"P2025081902072380043329780","data":{"date":"2025-08-19 02:07:25","eid":"E3720544720250819050723892308737","amount":"60","name":"CLEBIA BISPO DOS SANTOS","cpf":"06968526590","bankname":"ORBION GAMING LTDA","payBank":"","payCpf":"","pixkey":"79998856576","account":"90400888","status":"done","order":"A20250819020723214169wy9LKjlYG"},"sign":"A33AA893A581D552810BC96361445786"}

【2025-08-19 02:30:14】
P2025081902072380043329780----提交：{"custId":"24120300001308","appId":"8241201350","order":"P2025081902072380043329780","sign":"04C7D6830952A9F546D84C8EC5C55621"}

【2025-08-19 02:30:14】
P2025081902072380043329780----返回：{"code":"000000","msg":"P2025081902072380043329780","data":{"date":"2025-08-19 02:07:25","eid":"E3720544720250819050723892308737","amount":"60","name":"CLEBIA BISPO DOS SANTOS","cpf":"06968526590","bankname":"ORBION GAMING LTDA","payBank":"","payCpf":"","pixkey":"79998856576","account":"90400888","status":"done","order":"A20250819020723214169wy9LKjlYG"},"sign":"A33AA893A581D552810BC96361445786"}

【2025-08-19 02:33:16】
P2025081902134180421341674----提交：{"custId":"24120300001308","appId":"8241201350","order":"P2025081902134180421341674","sign":"D53D7FB289836391FA1D37CDC00D655C"}

【2025-08-19 02:33:16】
P2025081902134180421341674----返回：{"code":"000000","msg":"P2025081902134180421341674","data":{"date":"2025-08-19 02:13:45","eid":"E3720544720250819051342208b234f6","amount":"90","name":"Kinara Lia Seabra de Melo","cpf":"30119073404","bankname":"ORBION GAMING LTDA","payBank":"","payCpf":"","pixkey":"84987389788","account":"18236120","status":"done","order":"A20250819021342190298hicBcPaIf"},"sign":"271D035A68868FCD36708BFD50593058"}

【2025-08-19 02:33:18】
P2025081902134180421341674----提交：{"custId":"24120300001308","appId":"8241201350","order":"P2025081902134180421341674","sign":"D53D7FB289836391FA1D37CDC00D655C"}

【2025-08-19 02:33:18】
P2025081902134180421341674----返回：{"code":"000000","msg":"P2025081902134180421341674","data":{"date":"2025-08-19 02:13:45","eid":"E3720544720250819051342208b234f6","amount":"90","name":"Kinara Lia Seabra de Melo","cpf":"30119073404","bankname":"ORBION GAMING LTDA","payBank":"","payCpf":"","pixkey":"84987389788","account":"18236120","status":"done","order":"A20250819021342190298hicBcPaIf"},"sign":"271D035A68868FCD36708BFD50593058"}

【2025-08-19 02:33:18】
P2025081902134180421341674----提交：{"custId":"24120300001308","appId":"8241201350","order":"P2025081902134180421341674","sign":"D53D7FB289836391FA1D37CDC00D655C"}

【2025-08-19 02:33:18】
P2025081902134180421341674----返回：{"code":"000000","msg":"P2025081902134180421341674","data":{"date":"2025-08-19 02:13:45","eid":"E3720544720250819051342208b234f6","amount":"90","name":"Kinara Lia Seabra de Melo","cpf":"30119073404","bankname":"ORBION GAMING LTDA","payBank":"","payCpf":"","pixkey":"84987389788","account":"18236120","status":"done","order":"A20250819021342190298hicBcPaIf"},"sign":"271D035A68868FCD36708BFD50593058"}

【2025-08-19 02:41:23】
P2025081902351981719301306----提交：{"custId":"24120300001308","appId":"8241201350","order":"P2025081902351981719301306","sign":"2C5099B7F92222A93E37EBA8124DD9DD"}

【2025-08-19 02:41:23】
P2025081902351981719301306----返回：{"code":"000000","msg":"P2025081902351981719301306","data":{"date":"2025-08-19 02:35:22","eid":"E37205447202508190535192561a5485","amount":"50","name":"FRANCISCO MOSA BEZERRA","cpf":"01288843208","bankname":"ORBION GAMING LTDA","payBank":"","payCpf":"","pixkey":"92986096046","account":"22896431","status":"done","order":"A20250819023519866988VX7nmzMea"},"sign":"646754A8287C7261AD47ED0C2DC1F451"}

【2025-08-19 02:41:24】
P2025081902351981719301306----提交：{"custId":"24120300001308","appId":"8241201350","order":"P2025081902351981719301306","sign":"2C5099B7F92222A93E37EBA8124DD9DD"}

【2025-08-19 02:41:24】
P2025081902351981719301306----返回：{"code":"000000","msg":"P2025081902351981719301306","data":{"date":"2025-08-19 02:35:22","eid":"E37205447202508190535192561a5485","amount":"50","name":"FRANCISCO MOSA BEZERRA","cpf":"01288843208","bankname":"ORBION GAMING LTDA","payBank":"","payCpf":"","pixkey":"92986096046","account":"22896431","status":"done","order":"A20250819023519866988VX7nmzMea"},"sign":"646754A8287C7261AD47ED0C2DC1F451"}

【2025-08-19 02:49:28】
P2025081420035812638552023----提交：{"custId":"24120300001308","appId":"8241201350","order":"P2025081420035812638552023","sign":"F844B02C5907CA9503E51935F8F887B4"}

【2025-08-19 02:49:28】
P2025081420035812638552023----返回：{"code":"000000","msg":"P2025081420035812638552023","data":{"date":"2025-08-14 20:04:11","eid":"E3720544720250814230407942efb037","amount":"3600","name":"Jonas Santos de Lima","cpf":"37276650847","bankname":"ORBION GAMING LTDA","payBank":"","payCpf":"","pixkey":"11979602615","account":"18236120","status":"done","order":"A202508142003595334552EMrsPFr9"},"sign":"8B3158DA4642B341218566A1690D3E10"}

【2025-08-19 02:50:15】
P2025081822393667576631416----提交：{"custId":"24120300001308","appId":"8241201350","order":"P2025081822393667576631416","sign":"E403E337379EFDB8196252C7C8C59813"}

【2025-08-19 02:50:15】
P2025081822393667576631416----返回：{"code":"000000","msg":"P2025081822393667576631416","data":{"date":"2025-08-19 01:36:11","eid":"E3720544720250819043606288c20eb1","amount":"1013","name":"ELIANE FELICIO","cpf":"02168840989","bankname":"ORBION GAMING LTDA","payBank":"","payCpf":"","pixkey":"efelicio68@gmail.com","account":"60701190","status":"done","order":"A20250818223936746719HxhgKDKcX"},"sign":"4450ACE054E063186FC03B97431BBFB0"}

