【2025-08-19 12:13:35】
P2025081820374260262794284----提交：{"custId":"24120300001308","appId":"8241201350","order":"P2025081820374260262794284","sign":"D7885DA7B205411B4DE7B48C8C80406C"}

【2025-08-19 12:13:36】
P2025081820374260262794284----返回：{"code":"000000","msg":"P2025081820374260262794284","data":{"date":"2025-08-18 20:37:49","eid":"E45756448202508182337JFfryIgrxEG","amount":"70","name":"jose luiz martins","cpf":"4116198960","bankname":"null","payBank":"","payCpf":"","pixkey":"04116198960","account":"199817875","status":"done","order":"A20250818203743016193MKm1tfrHT"},"sign":"518A30711B9E69A0A6C60227128D6F0D"}

【2025-08-19 12:24:41】
P2025081911533315213662412----提交：{"custId":"24120300001308","appId":"8241201350","order":"P2025081911533315213662412","sign":"5B7CDB9A4FA3E94E43DD0610AE1C3FA3"}

【2025-08-19 12:24:42】
P2025081911533315213662412----返回：{"code":"000000","msg":"P2025081911533315213662412","data":{"date":"2025-08-19 11:53:37","eid":"E372054472025081914533470474aa68","amount":"110","name":"MATHEUS RIBEIRO DE SOUZA","cpf":"04295160296","bankname":"ORBION GAMING LTDA","payBank":"","payCpf":"","pixkey":"69999543405","account":"00360305","status":"done","order":"A2025081911533463322984qmZuVCL"},"sign":"81CD66994C9E6F919B7168809FE3E652"}

【2025-08-19 12:25:08】
P2025081911533315213662412----提交：{"custId":"24120300001308","appId":"8241201350","order":"P2025081911533315213662412","sign":"5B7CDB9A4FA3E94E43DD0610AE1C3FA3"}

【2025-08-19 12:25:08】
P2025081911533315213662412----返回：{"code":"000000","msg":"P2025081911533315213662412","data":{"date":"2025-08-19 11:53:37","eid":"E372054472025081914533470474aa68","amount":"110","name":"MATHEUS RIBEIRO DE SOUZA","cpf":"04295160296","bankname":"ORBION GAMING LTDA","payBank":"","payCpf":"","pixkey":"69999543405","account":"00360305","status":"done","order":"A2025081911533463322984qmZuVCL"},"sign":"81CD66994C9E6F919B7168809FE3E652"}

【2025-08-19 12:29:46】
P2025081821125962379649077----提交：{"custId":"24120300001308","appId":"8241201350","order":"P2025081821125962379649077","sign":"F27D8F2F8E6B4434AF524F735EEA87AA"}

【2025-08-19 12:29:46】
P2025081821125962379649077----返回：{"code":"000000","msg":"P2025081821125962379649077","data":{"date":"2025-08-18 21:15:36","eid":"E3720544720250819001534216ff2b48","amount":"100","name":"FERNANDO FLORINDO","cpf":"07949179929","bankname":"ORBION GAMING LTDA","payBank":"","payCpf":"","pixkey":"07949179929","account":"00360305","status":"done","order":"A20250818211259960652SQBpXV9GJ"},"sign":"3737E08429819A7426FDF46F7F236F13"}

【2025-08-19 12:29:48】
P2025081821125962379649077----提交：{"custId":"24120300001308","appId":"8241201350","order":"P2025081821125962379649077","sign":"F27D8F2F8E6B4434AF524F735EEA87AA"}

【2025-08-19 12:29:48】
P2025081821125962379649077----返回：{"code":"000000","msg":"P2025081821125962379649077","data":{"date":"2025-08-18 21:15:36","eid":"E3720544720250819001534216ff2b48","amount":"100","name":"FERNANDO FLORINDO","cpf":"07949179929","bankname":"ORBION GAMING LTDA","payBank":"","payCpf":"","pixkey":"07949179929","account":"00360305","status":"done","order":"A20250818211259960652SQBpXV9GJ"},"sign":"3737E08429819A7426FDF46F7F236F13"}

【2025-08-19 12:42:54】
P2025081820564161401764953----提交：{"custId":"24120300001308","appId":"8241201350","order":"P2025081820564161401764953","sign":"A42ED639F585ACA5CD1B0008FFC5A4B2"}

【2025-08-19 12:42:54】
P2025081820564161401764953----返回：{"code":"000000","msg":"P2025081820564161401764953","data":{"date":"2025-08-18 20:56:45","eid":"E45756448202508182356mCmwx9cH0Um","amount":"50.05","name":"CLEBER BORGES DA CRUZ","cpf":"89808495168","bankname":"null","payBank":"","payCpf":"","pixkey":"89808495168","account":"12880000007825197667","status":"done","order":"A202508182056420125609xWtpyIBb"},"sign":"B797C55810A5F35BD577A8C6B9F00443"}

【2025-08-19 12:42:56】
P2025081820564161401764953----提交：{"custId":"24120300001308","appId":"8241201350","order":"P2025081820564161401764953","sign":"A42ED639F585ACA5CD1B0008FFC5A4B2"}

【2025-08-19 12:42:56】
P2025081820564161401764953----返回：{"code":"000000","msg":"P2025081820564161401764953","data":{"date":"2025-08-18 20:56:45","eid":"E45756448202508182356mCmwx9cH0Um","amount":"50.05","name":"CLEBER BORGES DA CRUZ","cpf":"89808495168","bankname":"null","payBank":"","payCpf":"","pixkey":"89808495168","account":"12880000007825197667","status":"done","order":"A202508182056420125609xWtpyIBb"},"sign":"B797C55810A5F35BD577A8C6B9F00443"}

【2025-08-19 12:49:13】
P2025081820143958879894759----提交：{"custId":"24120300001308","appId":"8241201350","order":"P2025081820143958879894759","sign":"EA7D0F9C2522A8BC8930BE7834D8A554"}

【2025-08-19 12:49:13】
P2025081820143958879894759----返回：{"code":"000000","msg":"P2025081820143958879894759","data":{"date":"2025-08-18 20:15:07","eid":"E457564482025081823155qHa85zFU69","amount":"260","name":"Allex gallo","cpf":"3096218951","bankname":"null","payBank":"","payCpf":"","pixkey":"03096218951","account":"570443788","status":"done","order":"A20250818201439596003gDWFlQCiq"},"sign":"A15FFC2D3B7576C16FBF14882B628594"}

【2025-08-19 12:49:25】
P2025081820143958879894759----提交：{"custId":"24120300001308","appId":"8241201350","order":"P2025081820143958879894759","sign":"EA7D0F9C2522A8BC8930BE7834D8A554"}

【2025-08-19 12:49:25】
P2025081820143958879894759----返回：{"code":"000000","msg":"P2025081820143958879894759","data":{"date":"2025-08-18 20:15:07","eid":"E457564482025081823155qHa85zFU69","amount":"260","name":"Allex gallo","cpf":"3096218951","bankname":"null","payBank":"","payCpf":"","pixkey":"03096218951","account":"570443788","status":"done","order":"A20250818201439596003gDWFlQCiq"},"sign":"A15FFC2D3B7576C16FBF14882B628594"}

【2025-08-19 12:49:47】
P2025081912335217632632402----提交：{"custId":"24120300001308","appId":"8241201350","order":"P2025081912335217632632402","sign":"C0B9BCCFA336861EB10E8A0BA07868CC"}

【2025-08-19 12:49:47】
P2025081912335217632632402----返回：{"code":"000000","msg":"P2025081912335217632632402","data":{"date":"2025-08-19 12:35:25","eid":"E3720544720250819153353660c4e27a","amount":"20","name":"sirineu Alves Pereira","cpf":"06140922992","bankname":"ORBION GAMING LTDA","payBank":"","payCpf":"","pixkey":"42998303452","account":"08561701","status":"done","order":"A20250819123352265536DT73Qz4vz"},"sign":"33B53622F13F408F750164B4FC5FE965"}

【2025-08-19 12:56:07】
P2025081912522918749627434----提交：{"custId":"24120300001308","appId":"8241201350","order":"P2025081912522918749627434","sign":"67D8EE6C881583171E4FA2C8B4054A8F"}

【2025-08-19 12:56:07】
P2025081912522918749627434----返回：{"code":"000000","msg":"P2025081912522918749627434","data":{"date":"2025-08-19 12:53:06","eid":"E37205447202508191553030230e79e9","amount":"7500","name":"Júlia Mendes Lima Diniz Sampaio","cpf":"16897317705","bankname":"ORBION GAMING LTDA","payBank":"","payCpf":"","pixkey":"16897317705","account":"18236120","status":"done","order":"A202508191253016884822RGy22I5l"},"sign":"ACB774E154CB7BBD4A34F06058530790"}

【2025-08-19 12:56:09】
P2025081912522918749627434----提交：{"custId":"24120300001308","appId":"8241201350","order":"P2025081912522918749627434","sign":"67D8EE6C881583171E4FA2C8B4054A8F"}

【2025-08-19 12:56:09】
P2025081912522918749627434----返回：{"code":"000000","msg":"P2025081912522918749627434","data":{"date":"2025-08-19 12:53:06","eid":"E37205447202508191553030230e79e9","amount":"7500","name":"Júlia Mendes Lima Diniz Sampaio","cpf":"16897317705","bankname":"ORBION GAMING LTDA","payBank":"","payCpf":"","pixkey":"16897317705","account":"18236120","status":"done","order":"A202508191253016884822RGy22I5l"},"sign":"ACB774E154CB7BBD4A34F06058530790"}

【2025-08-19 12:56:47】
P2025062813530329583845289----提交：{"custId":"24120300001308","appId":"8241201350","order":"P2025062813530329583845289","sign":"20E59DEFC0483D500DC0B26EBF306631"}

【2025-08-19 12:56:48】
P2025062813530329583845289----返回：{"code":"000000","msg":"P2025062813530329583845289","data":{"date":"2025-06-28 13:54:11","eid":"E14483955202506281654JCPHO50ZG83","amount":"20","name":"EMERSON FERREIRA COSTA","cpf":"***.647.432-**","bankname":"60746948","payBank":"","payCpf":"","pixkey":"ec7739695@gmail.com","account":"ec7739695@gmail.com","status":"done","order":"A20250628135401574153B1icKnTTz"},"sign":"C9F502F76B8F51388360CACC2AD0C248"}

