【2025-08-19 21:18:16】
P2025081921084648526707857----提交：{"custId":"24120300001308","appId":"8241201350","order":"P2025081921084648526707857","sign":"5734E02B4FEBF58622F4CD848CE7D5A5"}

【2025-08-19 21:18:16】
P2025081921084648526707857----返回：{"code":"000000","msg":"P2025081921084648526707857","data":{"date":"2025-08-19 21:09:14","eid":"E37205447202508200009118197c2193","amount":"50","name":"Elias Gomes faria","cpf":"09862453990","bankname":"ORBION GAMING LTDA","payBank":"","payCpf":"","pixkey":"41998351794","account":"08561701","status":"done","order":"A20250819210848222894D6GH4iMy4"},"sign":"4125C82F52AC80C13295F3AAF996FAC9"}

【2025-08-19 21:18:30】
P2025081921084648526707857----提交：{"custId":"24120300001308","appId":"8241201350","order":"P2025081921084648526707857","sign":"5734E02B4FEBF58622F4CD848CE7D5A5"}

【2025-08-19 21:18:30】
P2025081921084648526707857----返回：{"code":"000000","msg":"P2025081921084648526707857","data":{"date":"2025-08-19 21:09:14","eid":"E37205447202508200009118197c2193","amount":"50","name":"Elias Gomes faria","cpf":"09862453990","bankname":"ORBION GAMING LTDA","payBank":"","payCpf":"","pixkey":"41998351794","account":"08561701","status":"done","order":"A20250819210848222894D6GH4iMy4"},"sign":"4125C82F52AC80C13295F3AAF996FAC9"}

【2025-08-19 21:40:06】
P2025081919574444264296387----提交：{"custId":"24120300001308","appId":"8241201350","order":"P2025081919574444264296387","sign":"FC3284CC622CCA97DEF72104CE7A1B6E"}

【2025-08-19 21:40:06】
P2025081919574444264296387----返回：{"code":"000000","msg":"P2025081919574444264296387","data":{"date":"2025-08-19 19:57:48","eid":"E3720544720250819225745180f489ba","amount":"25","name":"GUSTAVO HENRIQUE DOS SANTOS","cpf":"58425760828","bankname":"ORBION GAMING LTDA","payBank":"","payCpf":"","pixkey":"58425760828","account":"60701190","status":"done","order":"A20250819195744540724lmFbwG8tH"},"sign":"61C790EFC6215EA7117B3845785C0E51"}

【2025-08-19 21:41:18】
P2025081920063644796713585----提交：{"custId":"24120300001308","appId":"8241201350","order":"P2025081920063644796713585","sign":"A1C6A6786A90D934C023B35A114D7D51"}

【2025-08-19 21:41:18】
P2025081920063644796713585----返回：{"code":"000000","msg":"P2025081920063644796713585","data":{"date":"2025-08-19 20:06:40","eid":"E37205447202508192306373340889db","amount":"60","name":"Pedro Malkot","cpf":"70008523991","bankname":"ORBION GAMING LTDA","payBank":"","payCpf":"","pixkey":"43999864847","account":"18236120","status":"done","order":"A20250819200636152588H8Hm9CCDm"},"sign":"D3A1C590B6D052587D9A32FB18C20048"}

【2025-08-19 21:41:25】
P2025081920063644796713585----提交：{"custId":"24120300001308","appId":"8241201350","order":"P2025081920063644796713585","sign":"A1C6A6786A90D934C023B35A114D7D51"}

【2025-08-19 21:41:25】
P2025081920063644796713585----返回：{"code":"000000","msg":"P2025081920063644796713585","data":{"date":"2025-08-19 20:06:40","eid":"E37205447202508192306373340889db","amount":"60","name":"Pedro Malkot","cpf":"70008523991","bankname":"ORBION GAMING LTDA","payBank":"","payCpf":"","pixkey":"43999864847","account":"18236120","status":"done","order":"A20250819200636152588H8Hm9CCDm"},"sign":"D3A1C590B6D052587D9A32FB18C20048"}

【2025-08-19 21:45:17】
P2025081921260149561382593----提交：{"custId":"24120300001308","appId":"8241201350","order":"P2025081921260149561382593","sign":"EF1C3A1A5BF7ED27974E91650DE1CA16"}

【2025-08-19 21:45:17】
P2025081921260149561382593----返回：{"code":"000000","msg":"P2025081921260149561382593","data":{"date":"2025-08-19 21:26:05","eid":"E45756448202508200026srdBxtFi7Ee","amount":"200","name":"Raquel de Assunção Lobato","cpf":"2565607229","bankname":"null","payBank":"","payCpf":"","pixkey":"02565607229","account":"146676070","status":"done","order":"A20250819212601253866SLFzX63Tu"},"sign":"F2D3DF8D827C6D3AE10E72D68581DD9E"}

【2025-08-19 21:45:19】
P2025081921260149561382593----提交：{"custId":"24120300001308","appId":"8241201350","order":"P2025081921260149561382593","sign":"EF1C3A1A5BF7ED27974E91650DE1CA16"}

【2025-08-19 21:45:20】
P2025081921260149561382593----返回：{"code":"000000","msg":"P2025081921260149561382593","data":{"date":"2025-08-19 21:26:05","eid":"E45756448202508200026srdBxtFi7Ee","amount":"200","name":"Raquel de Assunção Lobato","cpf":"2565607229","bankname":"null","payBank":"","payCpf":"","pixkey":"02565607229","account":"146676070","status":"done","order":"A20250819212601253866SLFzX63Tu"},"sign":"F2D3DF8D827C6D3AE10E72D68581DD9E"}

【2025-08-19 21:47:12】
P2025081921052648326444311----提交：{"custId":"24120300001308","appId":"8241201350","order":"P2025081921052648326444311","sign":"EE200549ABB6D63B85B41F6B49D01855"}

【2025-08-19 21:47:12】
P2025081921052648326444311----返回：{"code":"000000","msg":"P2025081921052648326444311","data":{"date":"2025-08-19 21:05:38","eid":"E37205447202508200005356149c3ccf","amount":"40","name":"Raimunda Nonata Farias Leal","cpf":"02166789196","bankname":"ORBION GAMING LTDA","payBank":"","payCpf":"","pixkey":"62993175331","account":"18236120","status":"done","order":"A20250819210527596281xwhXUfkNC"},"sign":"6190C212D36C7D21628D831C661CDA0E"}

【2025-08-19 21:47:20】
P2025081921470450824167811----提交：{"custId":"24120300001308","appId":"8241201350","order":"P2025081921470450824167811","sign":"D849013A78F8E383BC7902BECE8235EA"}

【2025-08-19 21:47:20】
P2025081921470450824167811----返回：{"code":"000000","msg":"P2025081921470450824167811","data":{"date":"2025-08-19 21:47:08","eid":"E45756448202508200047lhu5zUmIA06","amount":"70","name":"edivane Aparecida dos Santos de lima","cpf":"15581422907","bankname":"null","payBank":"","payCpf":"","pixkey":"15581422907","account":"520466111","status":"done","order":"A20250819214705351000AYLE94nKX"},"sign":"D4A7E2C79CE012D813D0AD16E6BB8B4D"}

【2025-08-19 21:47:22】
P2025081921470450824167811----提交：{"custId":"24120300001308","appId":"8241201350","order":"P2025081921470450824167811","sign":"D849013A78F8E383BC7902BECE8235EA"}

【2025-08-19 21:47:22】
P2025081921470450824167811----返回：{"code":"000000","msg":"P2025081921470450824167811","data":{"date":"2025-08-19 21:47:08","eid":"E45756448202508200047lhu5zUmIA06","amount":"70","name":"edivane Aparecida dos Santos de lima","cpf":"15581422907","bankname":"null","payBank":"","payCpf":"","pixkey":"15581422907","account":"520466111","status":"done","order":"A20250819214705351000AYLE94nKX"},"sign":"D4A7E2C79CE012D813D0AD16E6BB8B4D"}

【2025-08-19 21:47:26】
P2025081921052648326444311----提交：{"custId":"24120300001308","appId":"8241201350","order":"P2025081921052648326444311","sign":"EE200549ABB6D63B85B41F6B49D01855"}

【2025-08-19 21:47:26】
P2025081921052648326444311----返回：{"code":"000000","msg":"P2025081921052648326444311","data":{"date":"2025-08-19 21:05:38","eid":"E37205447202508200005356149c3ccf","amount":"40","name":"Raimunda Nonata Farias Leal","cpf":"02166789196","bankname":"ORBION GAMING LTDA","payBank":"","payCpf":"","pixkey":"62993175331","account":"18236120","status":"done","order":"A20250819210527596281xwhXUfkNC"},"sign":"6190C212D36C7D21628D831C661CDA0E"}

