【2025-08-19 08:14:43】
P2025081821513964699609462----提交：{"custId":"24120300001308","appId":"8241201350","order":"P2025081821513964699609462","sign":"1973AC510855F0B2B9C296B61A15CE57"}

【2025-08-19 08:14:43】
P2025081821513964699609462----返回：{"code":"000000","msg":"P2025081821513964699609462","data":{"date":"2025-08-18 21:51:44","eid":"E3720544720250819005140787f8fa2e","amount":"1350","name":"JOAO GABRIEL ROCHA DA COSTA","cpf":"13200571950","bankname":"ORBION GAMING LTDA","payBank":"","payCpf":"","pixkey":"13200571950","account":"22896431","status":"done","order":"A202508182151406657351CdhxyVPL"},"sign":"7F36AD14035096BF8DED63E864FBA697"}

【2025-08-19 08:14:50】
P2025081821513964699609462----提交：{"custId":"24120300001308","appId":"8241201350","order":"P2025081821513964699609462","sign":"1973AC510855F0B2B9C296B61A15CE57"}

【2025-08-19 08:14:50】
P2025081821513964699609462----返回：{"code":"000000","msg":"P2025081821513964699609462","data":{"date":"2025-08-18 21:51:44","eid":"E3720544720250819005140787f8fa2e","amount":"1350","name":"JOAO GABRIEL ROCHA DA COSTA","cpf":"13200571950","bankname":"ORBION GAMING LTDA","payBank":"","payCpf":"","pixkey":"13200571950","account":"22896431","status":"done","order":"A202508182151406657351CdhxyVPL"},"sign":"7F36AD14035096BF8DED63E864FBA697"}

【2025-08-19 08:15:25】
P2025081821513964699609462----提交：{"custId":"24120300001308","appId":"8241201350","order":"P2025081821513964699609462","sign":"1973AC510855F0B2B9C296B61A15CE57"}

【2025-08-19 08:15:25】
P2025081821513964699609462----返回：{"code":"000000","msg":"P2025081821513964699609462","data":{"date":"2025-08-18 21:51:44","eid":"E3720544720250819005140787f8fa2e","amount":"1350","name":"JOAO GABRIEL ROCHA DA COSTA","cpf":"13200571950","bankname":"ORBION GAMING LTDA","payBank":"","payCpf":"","pixkey":"13200571950","account":"22896431","status":"done","order":"A202508182151406657351CdhxyVPL"},"sign":"7F36AD14035096BF8DED63E864FBA697"}

【2025-08-19 08:23:28】
P2025081908193702377673924----提交：{"custId":"24120300001308","appId":"8241201350","order":"P2025081908193702377673924","sign":"6306945897A157ADA9F1A40AD0B80E4D"}

【2025-08-19 08:23:28】
P2025081908193702377673924----返回：{"code":"000000","msg":"P2025081908193702377673924","data":{"date":"2025-08-19 08:19:40","eid":"E3720544720250819111937972f95112","amount":"100","name":"JOSINALDO ANDRADE GOMES","cpf":"94236631172","bankname":"ORBION GAMING LTDA","payBank":"","payCpf":"","pixkey":"94236631172","account":"90400888","status":"done","order":"A20250819081937281866LEkSg45mS"},"sign":"DF561EC042C117DF01BEF5BD657DF464"}

【2025-08-19 08:23:31】
P2025081908193702377673924----提交：{"custId":"24120300001308","appId":"8241201350","order":"P2025081908193702377673924","sign":"6306945897A157ADA9F1A40AD0B80E4D"}

【2025-08-19 08:23:31】
P2025081908193702377673924----返回：{"code":"000000","msg":"P2025081908193702377673924","data":{"date":"2025-08-19 08:19:40","eid":"E3720544720250819111937972f95112","amount":"100","name":"JOSINALDO ANDRADE GOMES","cpf":"94236631172","bankname":"ORBION GAMING LTDA","payBank":"","payCpf":"","pixkey":"94236631172","account":"90400888","status":"done","order":"A20250819081937281866LEkSg45mS"},"sign":"DF561EC042C117DF01BEF5BD657DF464"}

【2025-08-19 08:35:39】
P2025081820255459554629251----提交：{"custId":"24120300001308","appId":"8241201350","order":"P2025081820255459554629251","sign":"976966C2741AC11C0B4AD5B215D47444"}

【2025-08-19 08:35:40】
P2025081820255459554629251----返回：{"code":"000000","msg":"P2025081820255459554629251","data":{"date":"2025-08-18 20:25:57","eid":"E45756448202508182325RvRLG5ZMUaJ","amount":"100.18","name":"Jeisiele Brites da Silva","cpf":"2816304108","bankname":"null","payBank":"","payCpf":"","pixkey":"62984593414","account":"178880860","status":"done","order":"A20250818202554576278SwYaYndjd"},"sign":"F15045DBDBD36B12AFAA03678889C8E3"}

【2025-08-19 08:46:57】
P2025081908040101441197390----提交：{"custId":"24120300001308","appId":"8241201350","order":"P2025081908040101441197390","sign":"A0C64DD2718C1600E6354EFE776B8872"}

【2025-08-19 08:46:57】
P2025081908040101441197390----返回：{"code":"000000","msg":"P2025081908040101441197390","data":{"date":"2025-08-19 08:04:05","eid":"E3720544720250819110402216821719","amount":"40","name":"Raiane Batista Santos","cpf":"05784473123","bankname":"ORBION GAMING LTDA","payBank":"","payCpf":"","pixkey":"61991931259","account":"22896431","status":"done","order":"A20250819080401650328ukwNdEiQz"},"sign":"C5B374482D8EB258FA32961E80AE640B"}

【2025-08-19 08:46:59】
P2025081908040101441197390----提交：{"custId":"24120300001308","appId":"8241201350","order":"P2025081908040101441197390","sign":"A0C64DD2718C1600E6354EFE776B8872"}

【2025-08-19 08:47:00】
P2025081908040101441197390----返回：{"code":"000000","msg":"P2025081908040101441197390","data":{"date":"2025-08-19 08:04:05","eid":"E3720544720250819110402216821719","amount":"40","name":"Raiane Batista Santos","cpf":"05784473123","bankname":"ORBION GAMING LTDA","payBank":"","payCpf":"","pixkey":"61991931259","account":"22896431","status":"done","order":"A20250819080401650328ukwNdEiQz"},"sign":"C5B374482D8EB258FA32961E80AE640B"}

【2025-08-19 08:47:04】
P2025081820393460374475681----提交：{"custId":"24120300001308","appId":"8241201350","order":"P2025081820393460374475681","sign":"AD3163B9DA1FFCFA5CDABA03CF33B252"}

【2025-08-19 08:47:04】
P2025081820393460374475681----返回：{"code":"000000","msg":"P2025081820393460374475681","data":{"date":"2025-08-18 20:39:37","eid":"E4575644820250818233945ouZn3880W","amount":"50","name":"Rejane Inácio dos Santos","cpf":"8453069441","bankname":"null","payBank":"","payCpf":"","pixkey":"08453069441","account":"790216147","status":"done","order":"A20250818203935676883uGXSIj51Z"},"sign":"5432AFCF790E9A83E91E8AC8C52C159D"}

【2025-08-19 08:47:05】
P2025081820393460374475681----提交：{"custId":"24120300001308","appId":"8241201350","order":"P2025081820393460374475681","sign":"AD3163B9DA1FFCFA5CDABA03CF33B252"}

【2025-08-19 08:47:05】
P2025081820393460374475681----返回：{"code":"000000","msg":"P2025081820393460374475681","data":{"date":"2025-08-18 20:39:37","eid":"E4575644820250818233945ouZn3880W","amount":"50","name":"Rejane Inácio dos Santos","cpf":"8453069441","bankname":"null","payBank":"","payCpf":"","pixkey":"08453069441","account":"790216147","status":"done","order":"A20250818203935676883uGXSIj51Z"},"sign":"5432AFCF790E9A83E91E8AC8C52C159D"}

【2025-08-19 08:47:07】
P2025081820393460374475681----提交：{"custId":"24120300001308","appId":"8241201350","order":"P2025081820393460374475681","sign":"AD3163B9DA1FFCFA5CDABA03CF33B252"}

【2025-08-19 08:47:07】
P2025081820393460374475681----返回：{"code":"000000","msg":"P2025081820393460374475681","data":{"date":"2025-08-18 20:39:37","eid":"E4575644820250818233945ouZn3880W","amount":"50","name":"Rejane Inácio dos Santos","cpf":"8453069441","bankname":"null","payBank":"","payCpf":"","pixkey":"08453069441","account":"790216147","status":"done","order":"A20250818203935676883uGXSIj51Z"},"sign":"5432AFCF790E9A83E91E8AC8C52C159D"}

【2025-08-19 08:50:55】
P2025081819592757967257833----提交：{"custId":"24120300001308","appId":"8241201350","order":"P2025081819592757967257833","sign":"EDCCBE76507A47849F5176F510264B5A"}

【2025-08-19 08:50:55】
P2025081819592757967257833----返回：{"code":"000000","msg":"P2025081819592757967257833","data":{"date":"2025-08-18 20:00:07","eid":"E45756448202508182300MgSuvVZ0Ok3","amount":"30","name":"Rosania Barbara Santos Veloso","cpf":"60527997307","bankname":"null","payBank":"","payCpf":"","pixkey":"60527997307","account":"465271997","status":"done","order":"A20250818195928361994AldV1QAx8"},"sign":"0341E90D8199B7BF66AD9CF77ACA7ED2"}

【2025-08-19 08:54:39】
P2025081819592757967257833----提交：{"custId":"24120300001308","appId":"8241201350","order":"P2025081819592757967257833","sign":"EDCCBE76507A47849F5176F510264B5A"}

【2025-08-19 08:54:39】
P2025081819592757967257833----返回：{"code":"000000","msg":"P2025081819592757967257833","data":{"date":"2025-08-18 20:00:07","eid":"E45756448202508182300MgSuvVZ0Ok3","amount":"30","name":"Rosania Barbara Santos Veloso","cpf":"60527997307","bankname":"null","payBank":"","payCpf":"","pixkey":"60527997307","account":"465271997","status":"done","order":"A20250818195928361994AldV1QAx8"},"sign":"0341E90D8199B7BF66AD9CF77ACA7ED2"}

