【2025-08-19 07:07:08】
P2025081820392760367432929----提交：{"custId":"24120300001308","appId":"8241201350","order":"P2025081820392760367432929","sign":"AF8D15F0813898D2B87098C75E77F736"}

【2025-08-19 07:07:08】
P2025081820392760367432929----返回：{"code":"000000","msg":"P2025081820392760367432929","data":{"date":"2025-08-18 20:39:31","eid":"E45756448202508182339EfEt6BQmEOA","amount":"200","name":"dayvid portela dos santos","cpf":"2492693333","bankname":"null","payBank":"","payCpf":"","pixkey":"02492693333","account":"136085156","status":"done","order":"A20250818203928239635gl9cDwJyc"},"sign":"B6099FA301E41006FD4F4273676C4D5A"}

【2025-08-19 07:24:22】
P2025081819493257372431288----提交：{"custId":"24120300001308","appId":"8241201350","order":"P2025081819493257372431288","sign":"7939D78075843C06F9CF50EB1A6C9032"}

【2025-08-19 07:24:22】
P2025081819493257372431288----返回：{"code":"000000","msg":"P2025081819493257372431288","data":{"date":"2025-08-18 19:50:30","eid":"E45756448202508182250DJ2ieGlNuEm","amount":"750","name":"Alex Santos Martins","cpf":"38655680842","bankname":"null","payBank":"","payCpf":"","pixkey":"38655680842","account":"488232901","status":"done","order":"A20250818194932228813TeCffw42F"},"sign":"357C42186617ADF97908DE555E3FACC6"}

【2025-08-19 07:33:42】
P2025081906024994169201522----提交：{"custId":"24120300001308","appId":"8241201350","order":"P2025081906024994169201522","sign":"336074E090FD048970E34C6FBC0BC183"}

【2025-08-19 07:33:42】
P2025081906024994169201522----返回：{"code":"000000","msg":"P2025081906024994169201522","data":{"date":"2025-08-19 06:02:53","eid":"E3720544720250819090250128e29b8c","amount":"52","name":"JORGE BAZILIO DE ALMEIDA","cpf":"02639659294","bankname":"ORBION GAMING LTDA","payBank":"","payCpf":"","pixkey":"93992124244","account":"04913711","status":"done","order":"A20250819060249454475Klr5G2kLK"},"sign":"7F734D2E31833918E05CCC7F9EB68468"}

【2025-08-19 07:37:45】
P2025081820203759237259680----提交：{"custId":"24120300001308","appId":"8241201350","order":"P2025081820203759237259680","sign":"3886F4FBAC5FF516CF92E8516DAC03B2"}

【2025-08-19 07:37:45】
P2025081820203759237259680----返回：{"code":"000000","msg":"P2025081820203759237259680","data":{"date":"2025-08-18 20:20:42","eid":"E4575644820250818232024qrqIaNX02","amount":"130","name":"Hudson Pereira da Costa","cpf":"2322851108","bankname":"null","payBank":"","payCpf":"","pixkey":"64992342975","account":"347964744","status":"done","order":"A202508182020370622517ZwJn6XSz"},"sign":"D07D9AFD0C952D11F64D21664B290F2D"}

【2025-08-19 07:37:50】
P2025081906024994169201522----提交：{"custId":"24120300001308","appId":"8241201350","order":"P2025081906024994169201522","sign":"336074E090FD048970E34C6FBC0BC183"}

【2025-08-19 07:37:50】
P2025081906024994169201522----返回：{"code":"000000","msg":"P2025081906024994169201522","data":{"date":"2025-08-19 06:02:53","eid":"E3720544720250819090250128e29b8c","amount":"52","name":"JORGE BAZILIO DE ALMEIDA","cpf":"02639659294","bankname":"ORBION GAMING LTDA","payBank":"","payCpf":"","pixkey":"93992124244","account":"04913711","status":"done","order":"A20250819060249454475Klr5G2kLK"},"sign":"7F734D2E31833918E05CCC7F9EB68468"}

【2025-08-19 07:40:25】
P2025081820255459554629251----提交：{"custId":"24120300001308","appId":"8241201350","order":"P2025081820255459554629251","sign":"976966C2741AC11C0B4AD5B215D47444"}

【2025-08-19 07:40:25】
P2025081820255459554629251----返回：{"code":"000000","msg":"P2025081820255459554629251","data":{"date":"2025-08-18 20:25:57","eid":"E45756448202508182325RvRLG5ZMUaJ","amount":"100.18","name":"Jeisiele Brites da Silva","cpf":"2816304108","bankname":"null","payBank":"","payCpf":"","pixkey":"62984593414","account":"178880860","status":"done","order":"A20250818202554576278SwYaYndjd"},"sign":"F15045DBDBD36B12AFAA03678889C8E3"}

【2025-08-19 07:40:30】
P2025081820255459554629251----提交：{"custId":"24120300001308","appId":"8241201350","order":"P2025081820255459554629251","sign":"976966C2741AC11C0B4AD5B215D47444"}

【2025-08-19 07:40:30】
P2025081820255459554629251----返回：{"code":"000000","msg":"P2025081820255459554629251","data":{"date":"2025-08-18 20:25:57","eid":"E45756448202508182325RvRLG5ZMUaJ","amount":"100.18","name":"Jeisiele Brites da Silva","cpf":"2816304108","bankname":"null","payBank":"","payCpf":"","pixkey":"62984593414","account":"178880860","status":"done","order":"A20250818202554576278SwYaYndjd"},"sign":"F15045DBDBD36B12AFAA03678889C8E3"}

【2025-08-19 07:41:42】
P2025081820255459554629251----提交：{"custId":"24120300001308","appId":"8241201350","order":"P2025081820255459554629251","sign":"976966C2741AC11C0B4AD5B215D47444"}

【2025-08-19 07:41:42】
P2025081820255459554629251----返回：{"code":"000000","msg":"P2025081820255459554629251","data":{"date":"2025-08-18 20:25:57","eid":"E45756448202508182325RvRLG5ZMUaJ","amount":"100.18","name":"Jeisiele Brites da Silva","cpf":"2816304108","bankname":"null","payBank":"","payCpf":"","pixkey":"62984593414","account":"178880860","status":"done","order":"A20250818202554576278SwYaYndjd"},"sign":"F15045DBDBD36B12AFAA03678889C8E3"}

【2025-08-19 07:48:11】
P2025081821052261922472193----提交：{"custId":"24120300001308","appId":"8241201350","order":"P2025081821052261922472193","sign":"CED2699E2D614AD086BE393A044CB93F"}

【2025-08-19 07:48:11】
P2025081821052261922472193----返回：{"code":"000000","msg":"P2025081821052261922472193","data":{"date":"2025-08-18 21:05:42","eid":"E45756448202508190005adaqhh7itk6","amount":"30","name":"Janaina Roberta de Paula Souza","cpf":"70275263100","bankname":"null","payBank":"","payCpf":"","pixkey":"70275263100","account":"184720159","status":"done","order":"A20250818210523519080nv8yb2ptC"},"sign":"B89B3958F6272E10D35E05EC1673D114"}

【2025-08-19 07:50:44】
P2025081821052261922472193----提交：{"custId":"24120300001308","appId":"8241201350","order":"P2025081821052261922472193","sign":"CED2699E2D614AD086BE393A044CB93F"}

【2025-08-19 07:50:44】
P2025081821052261922472193----返回：{"code":"000000","msg":"P2025081821052261922472193","data":{"date":"2025-08-18 21:05:42","eid":"E45756448202508190005adaqhh7itk6","amount":"30","name":"Janaina Roberta de Paula Souza","cpf":"70275263100","bankname":"null","payBank":"","payCpf":"","pixkey":"70275263100","account":"184720159","status":"done","order":"A20250818210523519080nv8yb2ptC"},"sign":"B89B3958F6272E10D35E05EC1673D114"}

