【2025-08-19 22:07:20】
P2025081921532451204401294----提交：{"custId":"24120300001308","appId":"8241201350","order":"P2025081921532451204401294","sign":"CB4CD9D93E9B9DD78182EE6285A77F67"}

【2025-08-19 22:07:20】
P2025081921532451204401294----返回：{"code":"000000","msg":"P2025081921532451204401294","data":{"date":"2025-08-19 21:53:28","eid":"E45756448202508200053ijmOqZhgxE6","amount":"30","name":"VIRGINIA ADRIANA DIOGO TUTIYA","cpf":"9126914689","bankname":"null","payBank":"","payCpf":"","pixkey":"09126914689","account":"489030190","status":"done","order":"A20250819215324321086esQB9muVw"},"sign":"5614B4FF2B81544E4047E0AF9CB9A7FF"}

【2025-08-19 22:07:24】
P2025081921532451204401294----提交：{"custId":"24120300001308","appId":"8241201350","order":"P2025081921532451204401294","sign":"CB4CD9D93E9B9DD78182EE6285A77F67"}

【2025-08-19 22:07:24】
P2025081921532451204401294----返回：{"code":"000000","msg":"P2025081921532451204401294","data":{"date":"2025-08-19 21:53:28","eid":"E45756448202508200053ijmOqZhgxE6","amount":"30","name":"VIRGINIA ADRIANA DIOGO TUTIYA","cpf":"9126914689","bankname":"null","payBank":"","payCpf":"","pixkey":"09126914689","account":"489030190","status":"done","order":"A20250819215324321086esQB9muVw"},"sign":"5614B4FF2B81544E4047E0AF9CB9A7FF"}

【2025-08-19 22:08:21】
P2025081921473850858049711----提交：{"custId":"24120300001308","appId":"8241201350","order":"P2025081921473850858049711","sign":"06CF1935E4086B1F5610D458F5D50A7B"}

【2025-08-19 22:08:21】
P2025081921473850858049711----返回：{"code":"000000","msg":"P2025081921473850858049711","data":{"date":"2025-08-19 21:47:41","eid":"E45756448202508200047o5Hfj8VBU2l","amount":"90","name":"HENRIQUE JOSE DOS SANTOS DE OLIVEIRA","cpf":"9758540971","bankname":"null","payBank":"","payCpf":"","pixkey":"09758540971","account":"344972810","status":"done","order":"A20250819214738259667Q5l5IviE5"},"sign":"BF15F7188C1DD3E74DEE001798260ECA"}

【2025-08-19 22:08:23】
P2025081921473850858049711----提交：{"custId":"24120300001308","appId":"8241201350","order":"P2025081921473850858049711","sign":"06CF1935E4086B1F5610D458F5D50A7B"}

【2025-08-19 22:08:23】
P2025081921473850858049711----返回：{"code":"000000","msg":"P2025081921473850858049711","data":{"date":"2025-08-19 21:47:41","eid":"E45756448202508200047o5Hfj8VBU2l","amount":"90","name":"HENRIQUE JOSE DOS SANTOS DE OLIVEIRA","cpf":"9758540971","bankname":"null","payBank":"","payCpf":"","pixkey":"09758540971","account":"344972810","status":"done","order":"A20250819214738259667Q5l5IviE5"},"sign":"BF15F7188C1DD3E74DEE001798260ECA"}

【2025-08-19 22:13:05】
P2025081922080552085616164----提交：{"custId":"24120300001308","appId":"8241201350","order":"P2025081922080552085616164","sign":"AC3E425CAA91328CBBD4B63BFD848154"}

【2025-08-19 22:13:05】
P2025081922080552085616164----返回：{"code":"000000","msg":"P2025081922080552085616164","data":{"date":"2025-08-19 22:08:09","eid":"E457564482025082001089imYZA48UyT","amount":"40","name":"WALLACE MIRANDA DA SILVA","cpf":"13047863741","bankname":"null","payBank":"","payCpf":"","pixkey":"13047863741","account":"380172","status":"done","order":"A20250819220806366402eqQGifGSw"},"sign":"82C9266928EF58A254D972B2A15CE7DD"}

【2025-08-19 22:13:08】
P2025081922080552085616164----提交：{"custId":"24120300001308","appId":"8241201350","order":"P2025081922080552085616164","sign":"AC3E425CAA91328CBBD4B63BFD848154"}

【2025-08-19 22:13:08】
P2025081922080552085616164----返回：{"code":"000000","msg":"P2025081922080552085616164","data":{"date":"2025-08-19 22:08:09","eid":"E457564482025082001089imYZA48UyT","amount":"40","name":"WALLACE MIRANDA DA SILVA","cpf":"13047863741","bankname":"null","payBank":"","payCpf":"","pixkey":"13047863741","account":"380172","status":"done","order":"A20250819220806366402eqQGifGSw"},"sign":"82C9266928EF58A254D972B2A15CE7DD"}

【2025-08-19 22:20:23】
P2025081820354460144942021----提交：{"custId":"24120300001308","appId":"8241201350","order":"P2025081820354460144942021","sign":"A0E4F713A0840E9152A81CAA3B08054C"}

【2025-08-19 22:20:24】
P2025081820354460144942021----返回：{"code":"000000","msg":"P2025081820354460144942021","data":{"date":"2025-08-18 20:35:47","eid":"E45756448202508182335vSdsecL0LUu","amount":"30","name":"Dayane Faustino Rodrigues","cpf":"5516639360","bankname":"null","payBank":"","payCpf":"","pixkey":"05516639360","account":"223944893","status":"done","order":"A20250818203544798549gbv6SVPSJ"},"sign":"3B06C080EF2F36A484E60A9E702E829F"}

【2025-08-19 22:26:51】
P2025081922053451934838906----提交：{"custId":"24120300001308","appId":"8241201350","order":"P2025081922053451934838906","sign":"3B5AEE4C07C464EC510BA492460E5EDF"}

【2025-08-19 22:26:52】
P2025081922053451934838906----返回：{"code":"000000","msg":"P2025081922053451934838906","data":{"date":"2025-08-19 22:05:38","eid":"E45756448202508200105upJsOoc9UUa","amount":"40","name":"MARIANE DE VICENTE","cpf":"80206020970","bankname":"null","payBank":"","payCpf":"","pixkey":"80206020970","account":"320188","status":"done","order":"A202508192205358550224FNaayiDK"},"sign":"E1B60BA7E4A9F18C1D35F302BAF26062"}

【2025-08-19 22:26:54】
P2025081922053451934838906----提交：{"custId":"24120300001308","appId":"8241201350","order":"P2025081922053451934838906","sign":"3B5AEE4C07C464EC510BA492460E5EDF"}

【2025-08-19 22:26:54】
P2025081922053451934838906----返回：{"code":"000000","msg":"P2025081922053451934838906","data":{"date":"2025-08-19 22:05:38","eid":"E45756448202508200105upJsOoc9UUa","amount":"40","name":"MARIANE DE VICENTE","cpf":"80206020970","bankname":"null","payBank":"","payCpf":"","pixkey":"80206020970","account":"320188","status":"done","order":"A202508192205358550224FNaayiDK"},"sign":"E1B60BA7E4A9F18C1D35F302BAF26062"}

【2025-08-19 22:32:27】
P2025081921541451254123074----提交：{"custId":"24120300001308","appId":"8241201350","order":"P2025081921541451254123074","sign":"55C27FBB89B48369343875805BC42ED8"}

【2025-08-19 22:32:28】
P2025081921541451254123074----返回：{"code":"000000","msg":"P2025081921541451254123074","data":{"date":"2025-08-19 21:54:18","eid":"E45756448202508200054XZIqAQPhUku","amount":"15","name":"AIRTON BRUNO JUSTINO","cpf":"38574754803","bankname":"null","payBank":"","payCpf":"","pixkey":"38574754803","account":"12880000009084082139","status":"done","order":"A20250819215414233213ltCfh64vH"},"sign":"DAEC76FB397432D13B65222134DE7F09"}

【2025-08-19 22:36:06】
P2025081922354353743911639----提交：{"custId":"24120300001308","appId":"8241201350","order":"P2025081922354353743911639","sign":"69EAA95E32EDFD3A64A92EBA687A9A6E"}

【2025-08-19 22:36:06】
P2025081922354353743911639----返回：{"code":"000000","msg":"P2025081922354353743911639","data":{"date":"2025-08-19 22:36:04","eid":"E45756448202508200136zFFjAO4HcEe","amount":"400","name":"CARLOS EDUARDO BATISTA DE SANTANA","cpf":"71739910133","bankname":"null","payBank":"","payCpf":"","pixkey":"71739910133","account":"374121494","status":"done","order":"A20250819223602006237XSvw3WNEX"},"sign":"91FE84D392299AF56FDA99BFD63DED82"}

【2025-08-19 22:36:15】
P2025081922353753737502056----提交：{"custId":"24120300001308","appId":"8241201350","order":"P2025081922353753737502056","sign":"76C36C574A20685B4290C6C434CE3B7F"}

【2025-08-19 22:36:15】
P2025081922353753737502056----返回：{"code":"000000","msg":"P2025081922353753737502056","data":{"date":"2025-08-19 22:36:05","eid":"E45756448202508200136b69xbrP26E2","amount":"150","name":"LUIS PHILIPE CORDEIRO BUCHUD","cpf":"17875845777","bankname":"null","payBank":"","payCpf":"","pixkey":"buchudluis@gmail.com","account":"407346180","status":"done","order":"A20250819223601109253xqXnqbEKg"},"sign":"7A77822211F5F341E8464CE107A8D4EB"}

【2025-08-19 22:36:28】
P2025081922303153431912738----提交：{"custId":"24120300001308","appId":"8241201350","order":"P2025081922303153431912738","sign":"55241299DAEA7C0C96E407DB38895B67"}

【2025-08-19 22:36:29】
P2025081922303153431912738----返回：{"code":"000000","msg":"P2025081922303153431912738","data":{"date":"2025-08-19 22:31:06","eid":"E45756448202508200131WmNHYHhTkUy","amount":"250","name":"Jéssica Maiara de Souza Bento","cpf":"49260076811","bankname":"null","payBank":"","payCpf":"","pixkey":"49260076811","account":"145047596","status":"done","order":"A202508192231010501452r839XdDM"},"sign":"115EEF30025E591EE09E50AB49E09E46"}

【2025-08-19 22:36:35】
P2025081922354353743911639----提交：{"custId":"24120300001308","appId":"8241201350","order":"P2025081922354353743911639","sign":"69EAA95E32EDFD3A64A92EBA687A9A6E"}

【2025-08-19 22:36:35】
P2025081922354353743911639----返回：{"code":"000000","msg":"P2025081922354353743911639","data":{"date":"2025-08-19 22:36:04","eid":"E45756448202508200136zFFjAO4HcEe","amount":"400","name":"CARLOS EDUARDO BATISTA DE SANTANA","cpf":"71739910133","bankname":"null","payBank":"","payCpf":"","pixkey":"71739910133","account":"374121494","status":"done","order":"A20250819223602006237XSvw3WNEX"},"sign":"91FE84D392299AF56FDA99BFD63DED82"}

【2025-08-19 22:36:58】
P2025081922353753737502056----提交：{"custId":"24120300001308","appId":"8241201350","order":"P2025081922353753737502056","sign":"76C36C574A20685B4290C6C434CE3B7F"}

【2025-08-19 22:36:58】
P2025081922353753737502056----返回：{"code":"000000","msg":"P2025081922353753737502056","data":{"date":"2025-08-19 22:36:05","eid":"E45756448202508200136b69xbrP26E2","amount":"150","name":"LUIS PHILIPE CORDEIRO BUCHUD","cpf":"17875845777","bankname":"null","payBank":"","payCpf":"","pixkey":"buchudluis@gmail.com","account":"407346180","status":"done","order":"A20250819223601109253xqXnqbEKg"},"sign":"7A77822211F5F341E8464CE107A8D4EB"}

【2025-08-19 22:37:13】
P2025081922303153431912738----提交：{"custId":"24120300001308","appId":"8241201350","order":"P2025081922303153431912738","sign":"55241299DAEA7C0C96E407DB38895B67"}

【2025-08-19 22:37:13】
P2025081922303153431912738----返回：{"code":"000000","msg":"P2025081922303153431912738","data":{"date":"2025-08-19 22:31:06","eid":"E45756448202508200131WmNHYHhTkUy","amount":"250","name":"Jéssica Maiara de Souza Bento","cpf":"49260076811","bankname":"null","payBank":"","payCpf":"","pixkey":"49260076811","account":"145047596","status":"done","order":"A202508192231010501452r839XdDM"},"sign":"115EEF30025E591EE09E50AB49E09E46"}

【2025-08-19 22:38:27】
P2025081922261753177376159----提交：{"custId":"24120300001308","appId":"8241201350","order":"P2025081922261753177376159","sign":"82ACCF77DA24CF6B8802F92FAFE9848A"}

【2025-08-19 22:38:28】
P2025081922261753177376159----返回：{"code":"000000","msg":"P2025081922261753177376159","data":{"date":"2025-08-19 22:27:06","eid":"E45756448202508200127IYP0epI5A0K","amount":"300","name":"Renata Maria da Silva","cpf":"9344393460","bankname":"null","payBank":"","payCpf":"","pixkey":"09344393460","account":"808430973","status":"done","order":"A20250819222702416328vudW9dbFw"},"sign":"89D3C7FBE6B978DA0841DB2214B6EDA5"}

【2025-08-19 22:38:29】
P2025081922261753177376159----提交：{"custId":"24120300001308","appId":"8241201350","order":"P2025081922261753177376159","sign":"82ACCF77DA24CF6B8802F92FAFE9848A"}

【2025-08-19 22:38:29】
P2025081922261753177376159----返回：{"code":"000000","msg":"P2025081922261753177376159","data":{"date":"2025-08-19 22:27:06","eid":"E45756448202508200127IYP0epI5A0K","amount":"300","name":"Renata Maria da Silva","cpf":"9344393460","bankname":"null","payBank":"","payCpf":"","pixkey":"09344393460","account":"808430973","status":"done","order":"A20250819222702416328vudW9dbFw"},"sign":"89D3C7FBE6B978DA0841DB2214B6EDA5"}

【2025-08-19 22:40:31】
P2025081922091452154867577----提交：{"custId":"24120300001308","appId":"8241201350","order":"P2025081922091452154867577","sign":"828D01BB340B93B9BC64E87FA19636EE"}

【2025-08-19 22:40:32】
P2025081922091452154867577----返回：{"code":"000000","msg":"P2025081922091452154867577","data":{"date":"2025-08-19 22:09:17","eid":"E45756448202508200109wNze1U8xHkG","amount":"344","name":"LUCIANO BRITO MARTINS","cpf":"7781322690","bankname":"null","payBank":"","payCpf":"","pixkey":"07781322690","account":"12880000008601667765","status":"done","order":"A20250819220915629040mgRntl2GG"},"sign":"F0B7DB1CDEDFB12C2ACB06567B6C6A47"}

【2025-08-19 22:40:33】
P2025081922091452154867577----提交：{"custId":"24120300001308","appId":"8241201350","order":"P2025081922091452154867577","sign":"828D01BB340B93B9BC64E87FA19636EE"}

【2025-08-19 22:40:33】
P2025081922091452154867577----返回：{"code":"000000","msg":"P2025081922091452154867577","data":{"date":"2025-08-19 22:09:17","eid":"E45756448202508200109wNze1U8xHkG","amount":"344","name":"LUCIANO BRITO MARTINS","cpf":"7781322690","bankname":"null","payBank":"","payCpf":"","pixkey":"07781322690","account":"12880000008601667765","status":"done","order":"A20250819220915629040mgRntl2GG"},"sign":"F0B7DB1CDEDFB12C2ACB06567B6C6A47"}

【2025-08-19 22:41:27】
P2025081922404254042742017----提交：{"custId":"24120300001308","appId":"8241201350","order":"P2025081922404254042742017","sign":"38FB646A9012082AB765E266C0B2EC90"}

【2025-08-19 22:41:27】
P2025081922404254042742017----返回：{"code":"000000","msg":"P2025081922404254042742017","data":{"date":"2025-08-19 22:41:04","eid":"E45756448202508200141Yzq5gRH3Uk6","amount":"100","name":"Francinaira Bruna Pantoja Maia","cpf":"55113800244","bankname":"null","payBank":"","payCpf":"","pixkey":"amorvidoca@gmail.com","account":"694944485","status":"done","order":"A202508192241029024084N3r6gLpd"},"sign":"C1DA2AF87B8B4F158814E24D54402504"}

【2025-08-19 22:41:35】
P2025081922404454044592679----提交：{"custId":"24120300001308","appId":"8241201350","order":"P2025081922404454044592679","sign":"642675ED7AC8B980438FDC2D0A57D586"}

【2025-08-19 22:41:35】
P2025081922404454044592679----返回：{"code":"000000","msg":"P2025081922404454044592679","data":{"date":"2025-08-19 22:41:05","eid":"E45756448202508200141ZI9ZwM5YU60","amount":"150","name":"Brenda Marques Dos Santos","cpf":"13458455450","bankname":"null","payBank":"","payCpf":"","pixkey":"+5579991210236","account":"759328790","status":"done","order":"A20250819224102685714WXbM4M9fC"},"sign":"EE6B32764422ACC07FDFCFDC2F3C2F1A"}

【2025-08-19 22:41:43】
P2025081922405254052126171----提交：{"custId":"24120300001308","appId":"8241201350","order":"P2025081922405254052126171","sign":"E290EDB491D0941ED5542961EC3AE7B6"}

【2025-08-19 22:41:44】
P2025081922405254052126171----返回：{"code":"000000","msg":"P2025081922405254052126171","data":{"date":"2025-08-19 22:41:06","eid":"E45756448202508200141Hu66Z0S6Uei","amount":"105","name":"ANTONIO GONCALVES DE OLIVEIRA JUNIOR    ","cpf":"865104441","bankname":"null","payBank":"","payCpf":"","pixkey":"00865104441","account":"3766691","status":"done","order":"A20250819224103758608e4WbCPfeI"},"sign":"1430D20349920B852353E0BB0A843F72"}

【2025-08-19 22:41:45】
P2025081922404254042742017----提交：{"custId":"24120300001308","appId":"8241201350","order":"P2025081922404254042742017","sign":"38FB646A9012082AB765E266C0B2EC90"}

【2025-08-19 22:41:45】
P2025081922404254042742017----返回：{"code":"000000","msg":"P2025081922404254042742017","data":{"date":"2025-08-19 22:41:04","eid":"E45756448202508200141Yzq5gRH3Uk6","amount":"100","name":"Francinaira Bruna Pantoja Maia","cpf":"55113800244","bankname":"null","payBank":"","payCpf":"","pixkey":"amorvidoca@gmail.com","account":"694944485","status":"done","order":"A202508192241029024084N3r6gLpd"},"sign":"C1DA2AF87B8B4F158814E24D54402504"}

【2025-08-19 22:41:58】
P2025081922404454044592679----提交：{"custId":"24120300001308","appId":"8241201350","order":"P2025081922404454044592679","sign":"642675ED7AC8B980438FDC2D0A57D586"}

【2025-08-19 22:41:59】
P2025081922404454044592679----返回：{"code":"000000","msg":"P2025081922404454044592679","data":{"date":"2025-08-19 22:41:05","eid":"E45756448202508200141ZI9ZwM5YU60","amount":"150","name":"Brenda Marques Dos Santos","cpf":"13458455450","bankname":"null","payBank":"","payCpf":"","pixkey":"+5579991210236","account":"759328790","status":"done","order":"A20250819224102685714WXbM4M9fC"},"sign":"EE6B32764422ACC07FDFCFDC2F3C2F1A"}

【2025-08-19 22:42:11】
P2025081922405254052126171----提交：{"custId":"24120300001308","appId":"8241201350","order":"P2025081922405254052126171","sign":"E290EDB491D0941ED5542961EC3AE7B6"}

【2025-08-19 22:42:11】
P2025081922405254052126171----返回：{"code":"000000","msg":"P2025081922405254052126171","data":{"date":"2025-08-19 22:41:06","eid":"E45756448202508200141Hu66Z0S6Uei","amount":"105","name":"ANTONIO GONCALVES DE OLIVEIRA JUNIOR    ","cpf":"865104441","bankname":"null","payBank":"","payCpf":"","pixkey":"00865104441","account":"3766691","status":"done","order":"A20250819224103758608e4WbCPfeI"},"sign":"1430D20349920B852353E0BB0A843F72"}

【2025-08-19 22:50:13】
P2025081922340353643637067----提交：{"custId":"24120300001308","appId":"8241201350","order":"P2025081922340353643637067","sign":"9302507C61097E8B9FB1C858A3C6DD2D"}

【2025-08-19 22:50:13】
P2025081922340353643637067----返回：{"code":"000000","msg":"P2025081922340353643637067","data":{"date":"2025-08-19 22:34:07","eid":"E45756448202508200134dDW17G0V00O","amount":"200","name":"JOAO JOSE DA SILVA","cpf":"6724199557","bankname":"null","payBank":"","payCpf":"","pixkey":"06724199557","account":"12880000009790435369","status":"done","order":"A202508192234039900115bgKirTMa"},"sign":"44BC3CDC910AC8A7AEB1794995895F5A"}

【2025-08-19 22:50:14】
P2025081922340353643637067----提交：{"custId":"24120300001308","appId":"8241201350","order":"P2025081922340353643637067","sign":"9302507C61097E8B9FB1C858A3C6DD2D"}

【2025-08-19 22:50:14】
P2025081922340353643637067----返回：{"code":"000000","msg":"P2025081922340353643637067","data":{"date":"2025-08-19 22:34:07","eid":"E45756448202508200134dDW17G0V00O","amount":"200","name":"JOAO JOSE DA SILVA","cpf":"6724199557","bankname":"null","payBank":"","payCpf":"","pixkey":"06724199557","account":"12880000009790435369","status":"done","order":"A202508192234039900115bgKirTMa"},"sign":"44BC3CDC910AC8A7AEB1794995895F5A"}

【2025-08-19 22:53:34】
P2025081922391353953952225----提交：{"custId":"24120300001308","appId":"8241201350","order":"P2025081922391353953952225","sign":"DB746D3E38DEB3CB570ED29FA7030688"}

【2025-08-19 22:53:35】
P2025081922391353953952225----返回：{"code":"000000","msg":"P2025081922391353953952225","data":{"date":"2025-08-19 22:39:17","eid":"E45756448202508200139c1nTKBp2rE1","amount":"250","name":"MARCOS BRITO DOS SANTOS","cpf":"80068219504","bankname":"null","payBank":"","payCpf":"","pixkey":"71988364020","account":"317233","status":"done","order":"A20250819223914462008gsVynMsn5"},"sign":"D8892BDC86B7CA74F0B65EE88AAEC4B3"}

【2025-08-19 22:53:39】
P2025081922391353953952225----提交：{"custId":"24120300001308","appId":"8241201350","order":"P2025081922391353953952225","sign":"DB746D3E38DEB3CB570ED29FA7030688"}

【2025-08-19 22:53:39】
P2025081922391353953952225----返回：{"code":"000000","msg":"P2025081922391353953952225","data":{"date":"2025-08-19 22:39:17","eid":"E45756448202508200139c1nTKBp2rE1","amount":"250","name":"MARCOS BRITO DOS SANTOS","cpf":"80068219504","bankname":"null","payBank":"","payCpf":"","pixkey":"71988364020","account":"317233","status":"done","order":"A20250819223914462008gsVynMsn5"},"sign":"D8892BDC86B7CA74F0B65EE88AAEC4B3"}

【2025-08-19 22:57:10】
P2025081922553454934977762----提交：{"custId":"24120300001308","appId":"8241201350","order":"P2025081922553454934977762","sign":"CE17610F89F906A8FA648BABB01E63F7"}

【2025-08-19 22:57:10】
P2025081922553454934977762----返回：{"code":"000000","msg":"P2025081922553454934977762","data":{"date":"2025-08-19 22:55:37","eid":"E45756448202508200155yFoyYxXfM0q","amount":"50","name":"BRUNO DE SOUSA RABELO","cpf":"1170292208","bankname":"null","payBank":"","payCpf":"","pixkey":"01170292208","account":"12880000008558850583","status":"done","order":"A20250819225534684181hlDewrl26"},"sign":"BFF3FABC44128609789FC55155F2A1A3"}

【2025-08-19 22:57:12】
P2025081922553454934977762----提交：{"custId":"24120300001308","appId":"8241201350","order":"P2025081922553454934977762","sign":"CE17610F89F906A8FA648BABB01E63F7"}

【2025-08-19 22:57:12】
P2025081922553454934977762----返回：{"code":"000000","msg":"P2025081922553454934977762","data":{"date":"2025-08-19 22:55:37","eid":"E45756448202508200155yFoyYxXfM0q","amount":"50","name":"BRUNO DE SOUSA RABELO","cpf":"1170292208","bankname":"null","payBank":"","payCpf":"","pixkey":"01170292208","account":"12880000008558850583","status":"done","order":"A20250819225534684181hlDewrl26"},"sign":"BFF3FABC44128609789FC55155F2A1A3"}

【2025-08-19 22:57:14】
P2025081922553454934977762----提交：{"custId":"24120300001308","appId":"8241201350","order":"P2025081922553454934977762","sign":"CE17610F89F906A8FA648BABB01E63F7"}

【2025-08-19 22:57:14】
P2025081922553454934977762----返回：{"code":"000000","msg":"P2025081922553454934977762","data":{"date":"2025-08-19 22:55:37","eid":"E45756448202508200155yFoyYxXfM0q","amount":"50","name":"BRUNO DE SOUSA RABELO","cpf":"1170292208","bankname":"null","payBank":"","payCpf":"","pixkey":"01170292208","account":"12880000008558850583","status":"done","order":"A20250819225534684181hlDewrl26"},"sign":"BFF3FABC44128609789FC55155F2A1A3"}

