【2025-08-14 21:16:35】
P2025081017453158731299999----提交：{"custId":"24120300001308","appId":"8241201350","order":"P2025081017453158731299999","sign":"5E0FB020513B8293DD6248DFE85BE5EA"}

【2025-08-14 21:16:35】
P2025081017453158731299999----返回：{"code":"000000","msg":"P2025081017453158731299999","data":{"date":"2025-08-10 17:45:34","eid":"E3720544720250810204531293b9844b","amount":"172.48","name":"IGOR RAFAEL AMBROSIN","cpf":"40428199828","bankname":"ORBION GAMING LTDA","payBank":"","payCpf":"","pixkey":"40428199828","account":"90400888","status":"done","order":"A202508101745312001142KHDQAQKZ"},"sign":"165EDE1E97CAEDD8677DA64CF88CE572"}

【2025-08-14 21:16:37】
P2025081017453158731299999----提交：{"custId":"24120300001308","appId":"8241201350","order":"P2025081017453158731299999","sign":"5E0FB020513B8293DD6248DFE85BE5EA"}

【2025-08-14 21:16:37】
P2025081017453158731299999----返回：{"code":"000000","msg":"P2025081017453158731299999","data":{"date":"2025-08-10 17:45:34","eid":"E3720544720250810204531293b9844b","amount":"172.48","name":"IGOR RAFAEL AMBROSIN","cpf":"40428199828","bankname":"ORBION GAMING LTDA","payBank":"","payCpf":"","pixkey":"40428199828","account":"90400888","status":"done","order":"A202508101745312001142KHDQAQKZ"},"sign":"165EDE1E97CAEDD8677DA64CF88CE572"}

【2025-08-14 21:40:34】
P2025081421280617686953485----提交：{"custId":"24120300001308","appId":"8241201350","order":"P2025081421280617686953485","sign":"D93B37CD602AF361F34C82B18DB3D54E"}

【2025-08-14 21:40:34】
P2025081421280617686953485----返回：{"code":"000000","msg":"P2025081421280617686953485","data":{"date":"2025-08-14 21:30:20","eid":"E3720544720250815002807553426ded","amount":"20","name":"Júlio Cesar archila da Silva","cpf":"38438943888","bankname":"ORBION GAMING LTDA","payBank":"","payCpf":"","pixkey":"38438943888","account":"08561701","status":"done","order":"A20250814212806482243YG3cyRmvA"},"sign":"A2817B05297DD7144EFA98B87141FE45"}

【2025-08-14 21:40:36】
P2025081421280617686953485----提交：{"custId":"24120300001308","appId":"8241201350","order":"P2025081421280617686953485","sign":"D93B37CD602AF361F34C82B18DB3D54E"}

【2025-08-14 21:40:37】
P2025081421280617686953485----返回：{"code":"000000","msg":"P2025081421280617686953485","data":{"date":"2025-08-14 21:30:20","eid":"E3720544720250815002807553426ded","amount":"20","name":"Júlio Cesar archila da Silva","cpf":"38438943888","bankname":"ORBION GAMING LTDA","payBank":"","payCpf":"","pixkey":"38438943888","account":"08561701","status":"done","order":"A20250814212806482243YG3cyRmvA"},"sign":"A2817B05297DD7144EFA98B87141FE45"}

【2025-08-14 21:45:12】
P2025081421300117801679193----提交：{"custId":"24120300001308","appId":"8241201350","order":"P2025081421300117801679193","sign":"C7801962213CDC8B1877116A58E39BEB"}

【2025-08-14 21:45:13】
P2025081421300117801679193----返回：{"code":"000000","msg":"P2025081421300117801679193","data":{"date":"2025-08-14 21:44:55","eid":"E372054472025081500300458683b77a","amount":"200","name":"Vanessa Rodrigues dos Santos","cpf":"14151649670","bankname":"ORBION GAMING LTDA","payBank":"","payCpf":"","pixkey":"14151649670","account":"08561701","status":"done","order":"A20250814213001367687ZaBZHc5Wt"},"sign":"C299F7782CAB9E375A84F934D9781AF1"}

