【2025-08-14 19:07:49】
P2025081419030608986203745----提交：{"custId":"24120300001308","appId":"8241201350","order":"P2025081419030608986203745","sign":"984C8646F54F36DB7D171F2FF4AA5B79"}

【2025-08-14 19:07:50】
P2025081419030608986203745----返回：{"code":"000000","msg":"P2025081419030608986203745","data":{"date":"2025-08-14 19:05:25","eid":"E3720544720250814220306580ad8743","amount":"140","name":"Carlito Silva Simao","cpf":"10516837508","bankname":"ORBION GAMING LTDA","payBank":"","payCpf":"","pixkey":"10516837508","account":"18236120","status":"done","order":"A20250814190306444404KtGzHDmi3"},"sign":"199BE6ADB8E5F9AEB2DA3F61F6226BB9"}

【2025-08-14 19:18:05】
P2025081410204777647637607----提交：{"custId":"24120300001308","appId":"8241201350","order":"P2025081410204777647637607","sign":"E82177CD3AEE23AABB0838D143779E6D"}

【2025-08-14 19:18:06】
P2025081410204777647637607----返回：{"code":"000000","msg":"P2025081410204777647637607","data":{"date":"2025-08-14 10:20:49","eid":"E37205447202508141320477741f3ae4","amount":"200.46","name":"EMERSON RODRIGUES DA SILVA","cpf":"03366905760","bankname":"ORBION GAMING LTDA","payBank":"","payCpf":"","pixkey":"03366905760","account":"00360305","status":"done","order":"A20250814102047924192g2Y5rlpgm"},"sign":"721AC7A22A68C0A3121F3FA8145DCF44"}

【2025-08-14 19:18:07】
P2025081410204777647637607----提交：{"custId":"24120300001308","appId":"8241201350","order":"P2025081410204777647637607","sign":"E82177CD3AEE23AABB0838D143779E6D"}

【2025-08-14 19:18:07】
P2025081410204777647637607----返回：{"code":"000000","msg":"P2025081410204777647637607","data":{"date":"2025-08-14 10:20:49","eid":"E37205447202508141320477741f3ae4","amount":"200.46","name":"EMERSON RODRIGUES DA SILVA","cpf":"03366905760","bankname":"ORBION GAMING LTDA","payBank":"","payCpf":"","pixkey":"03366905760","account":"00360305","status":"done","order":"A20250814102047924192g2Y5rlpgm"},"sign":"721AC7A22A68C0A3121F3FA8145DCF44"}

【2025-08-14 19:45:33】
P2025081419120409524132638----提交：{"custId":"24120300001308","appId":"8241201350","order":"P2025081419120409524132638","sign":"06B223D80E4DAC11311F2DF0CAEC45DF"}

【2025-08-14 19:45:33】
P2025081419120409524132638----返回：{"code":"000000","msg":"P2025081419120409524132638","data":{"date":"2025-08-14 19:12:08","eid":"E3720544720250814221204342026693","amount":"260.02","name":"IRLENE COUTINHO BRAZ","cpf":"04142122401","bankname":"ORBION GAMING LTDA","payBank":"","payCpf":"","pixkey":"81991913033","account":"00360305","status":"done","order":"A20250814191204493881dr3IzINl5"},"sign":"41C9769F7FA836F2318F19F35333564E"}

【2025-08-14 19:45:37】
P2025081419120409524132638----提交：{"custId":"24120300001308","appId":"8241201350","order":"P2025081419120409524132638","sign":"06B223D80E4DAC11311F2DF0CAEC45DF"}

【2025-08-14 19:45:37】
P2025081419120409524132638----返回：{"code":"000000","msg":"P2025081419120409524132638","data":{"date":"2025-08-14 19:12:08","eid":"E3720544720250814221204342026693","amount":"260.02","name":"IRLENE COUTINHO BRAZ","cpf":"04142122401","bankname":"ORBION GAMING LTDA","payBank":"","payCpf":"","pixkey":"81991913033","account":"00360305","status":"done","order":"A20250814191204493881dr3IzINl5"},"sign":"41C9769F7FA836F2318F19F35333564E"}

【2025-08-14 19:54:43】
P2025081419532912009454596----提交：{"custId":"24120300001308","appId":"8241201350","order":"P2025081419532912009454596","sign":"0556FB2BBAF1E140F0213E14F2BB9936"}

【2025-08-14 19:54:44】
P2025081419532912009454596----返回：{"code":"000000","msg":"P2025081419532912009454596","data":{"date":"2025-08-14 19:54:38","eid":"E37205447202508142254360981230a2","amount":"10","name":"JOSELAINE ONIVERCINA RAMOS","cpf":"07991572951","bankname":"ORBION GAMING LTDA","payBank":"","payCpf":"","pixkey":"07991572951","account":"22896431","status":"done","order":"A20250814195329702714bRznUscFj"},"sign":"415D0F4AA7AAC32B88A90C4C1EA24198"}

【2025-08-14 19:55:01】
P2025081419532912009454596----提交：{"custId":"24120300001308","appId":"8241201350","order":"P2025081419532912009454596","sign":"0556FB2BBAF1E140F0213E14F2BB9936"}

【2025-08-14 19:55:02】
P2025081419532912009454596----返回：{"code":"000000","msg":"P2025081419532912009454596","data":{"date":"2025-08-14 19:54:38","eid":"E37205447202508142254360981230a2","amount":"10","name":"JOSELAINE ONIVERCINA RAMOS","cpf":"07991572951","bankname":"ORBION GAMING LTDA","payBank":"","payCpf":"","pixkey":"07991572951","account":"22896431","status":"done","order":"A20250814195329702714bRznUscFj"},"sign":"415D0F4AA7AAC32B88A90C4C1EA24198"}

【2025-08-14 19:56:16】
P2025081419301510615888854----提交：{"custId":"24120300001308","appId":"8241201350","order":"P2025081419301510615888854","sign":"9FD592C1A10D1F8F2911C270F309B0CC"}

【2025-08-14 19:56:17】
P2025081419301510615888854----返回：{"code":"000000","msg":"P2025081419301510615888854","data":{"date":"2025-08-14 19:33:05","eid":"E3720544720250814223302508da167c","amount":"9800","name":"NATALIA TALIA VICENTE","cpf":"47700159840","bankname":"ORBION GAMING LTDA","payBank":"","payCpf":"","pixkey":"11949489781","account":"00360305","status":"done","order":"A202508141933018593215zSEd68mu"},"sign":"A2948321D6EBE4BA3E04A9CF7E61E974"}

【2025-08-14 19:56:22】
P2025081419301510615888854----提交：{"custId":"24120300001308","appId":"8241201350","order":"P2025081419301510615888854","sign":"9FD592C1A10D1F8F2911C270F309B0CC"}

【2025-08-14 19:56:22】
P2025081419301510615888854----返回：{"code":"000000","msg":"P2025081419301510615888854","data":{"date":"2025-08-14 19:33:05","eid":"E3720544720250814223302508da167c","amount":"9800","name":"NATALIA TALIA VICENTE","cpf":"47700159840","bankname":"ORBION GAMING LTDA","payBank":"","payCpf":"","pixkey":"11949489781","account":"00360305","status":"done","order":"A202508141933018593215zSEd68mu"},"sign":"A2948321D6EBE4BA3E04A9CF7E61E974"}

