【2025-08-14 15:10:43】
P2025081414494193781501361----提交：{"custId":"24120300001308","appId":"8241201350","order":"P2025081414494193781501361","sign":"C204A0C97A13099E7FB60EA07D341A1D"}

【2025-08-14 15:10:44】
P2025081414494193781501361----返回：{"code":"000000","msg":"P2025081414494193781501361","data":{"date":"2025-08-14 14:49:45","eid":"E3720544720250814174942341d008cf","amount":"58","name":"Arielle Sonia Da Silva","cpf":"14116611417","bankname":"ORBION GAMING LTDA","payBank":"","payCpf":"","pixkey":"81994559705","account":"59285411","status":"done","order":"A20250814144942363037kPKbJTMFc"},"sign":"197F31B87C83145D0BEECE3405DED82E"}

【2025-08-14 15:11:07】
P2025081414494193781501361----提交：{"custId":"24120300001308","appId":"8241201350","order":"P2025081414494193781501361","sign":"C204A0C97A13099E7FB60EA07D341A1D"}

【2025-08-14 15:11:07】
P2025081414494193781501361----返回：{"code":"000000","msg":"P2025081414494193781501361","data":{"date":"2025-08-14 14:49:45","eid":"E3720544720250814174942341d008cf","amount":"58","name":"Arielle Sonia Da Silva","cpf":"14116611417","bankname":"ORBION GAMING LTDA","payBank":"","payCpf":"","pixkey":"81994559705","account":"59285411","status":"done","order":"A20250814144942363037kPKbJTMFc"},"sign":"197F31B87C83145D0BEECE3405DED82E"}

【2025-08-14 15:15:42】
P2025081415140195241457080----提交：{"custId":"24120300001308","appId":"8241201350","order":"P2025081415140195241457080","sign":"DD89173DB16F37841D21B01D08274CE8"}

【2025-08-14 15:15:43】
P2025081415140195241457080----返回：{"code":"000000","msg":"P2025081415140195241457080","data":{"date":"2025-08-14 15:15:06","eid":"E3720544720250814181503142ccf70d","amount":"5213","name":"MARCIO VIEIRA CALEGARI","cpf":"68126557915","bankname":"ORBION GAMING LTDA","payBank":"","payCpf":"","pixkey":"68126557915","account":"60701190","status":"done","order":"A20250814151501266178EGmz73js5"},"sign":"80ACBF0E44A1362485DCA91E6338BD5D"}

【2025-08-14 15:15:46】
P2025081415140195241457080----提交：{"custId":"24120300001308","appId":"8241201350","order":"P2025081415140195241457080","sign":"DD89173DB16F37841D21B01D08274CE8"}

【2025-08-14 15:15:46】
P2025081415140195241457080----返回：{"code":"000000","msg":"P2025081415140195241457080","data":{"date":"2025-08-14 15:15:06","eid":"E3720544720250814181503142ccf70d","amount":"5213","name":"MARCIO VIEIRA CALEGARI","cpf":"68126557915","bankname":"ORBION GAMING LTDA","payBank":"","payCpf":"","pixkey":"68126557915","account":"60701190","status":"done","order":"A20250814151501266178EGmz73js5"},"sign":"80ACBF0E44A1362485DCA91E6338BD5D"}

【2025-08-14 15:37:15】
P2025081414144791687705742----提交：{"custId":"24120300001308","appId":"8241201350","order":"P2025081414144791687705742","sign":"BDE8ADB1E1B685FFAAC2C23A26EE7961"}

【2025-08-14 15:37:15】
P2025081414144791687705742----返回：{"code":"000000","msg":"P2025081414144791687705742","data":{"date":"2025-08-14 14:14:52","eid":"E372054472025081417144842230e71e","amount":"30","name":"LUCIANA ASTORGA GONCALVES DA SILVA","cpf":"09439279869","bankname":"ORBION GAMING LTDA","payBank":"","payCpf":"","pixkey":"09439279869","account":"08561701","status":"done","order":"A20250814141447600148hatHaVHxv"},"sign":"92D31345C1567B7645B1A1A3ED4B1A00"}

【2025-08-14 15:37:27】
P2025081414144791687705742----提交：{"custId":"24120300001308","appId":"8241201350","order":"P2025081414144791687705742","sign":"BDE8ADB1E1B685FFAAC2C23A26EE7961"}

【2025-08-14 15:37:27】
P2025081414144791687705742----返回：{"code":"000000","msg":"P2025081414144791687705742","data":{"date":"2025-08-14 14:14:52","eid":"E372054472025081417144842230e71e","amount":"30","name":"LUCIANA ASTORGA GONCALVES DA SILVA","cpf":"09439279869","bankname":"ORBION GAMING LTDA","payBank":"","payCpf":"","pixkey":"09439279869","account":"08561701","status":"done","order":"A20250814141447600148hatHaVHxv"},"sign":"92D31345C1567B7645B1A1A3ED4B1A00"}

【2025-08-14 15:47:15】
P2025081414194491984261755----提交：{"custId":"24120300001308","appId":"8241201350","order":"P2025081414194491984261755","sign":"64A00E6EA41102B2734853E42DF18B29"}

【2025-08-14 15:47:15】
P2025081414194491984261755----返回：{"code":"000000","msg":"P2025081414194491984261755","data":{"date":"2025-08-14 14:19:49","eid":"E3720544720250814171946339177b41","amount":"50","name":"FRANCYROSE DE LIMA OLIVEIRA","cpf":"65896386320","bankname":"ORBION GAMING LTDA","payBank":"","payCpf":"","pixkey":"65896386320","account":"00360305","status":"done","order":"A202508141419452584129rMsmaZPD"},"sign":"4644523272D5FD5E6BD666B399701AF8"}

【2025-08-14 15:47:25】
P2025081414194491984261755----提交：{"custId":"24120300001308","appId":"8241201350","order":"P2025081414194491984261755","sign":"64A00E6EA41102B2734853E42DF18B29"}

【2025-08-14 15:47:25】
P2025081414194491984261755----返回：{"code":"000000","msg":"P2025081414194491984261755","data":{"date":"2025-08-14 14:19:49","eid":"E3720544720250814171946339177b41","amount":"50","name":"FRANCYROSE DE LIMA OLIVEIRA","cpf":"65896386320","bankname":"ORBION GAMING LTDA","payBank":"","payCpf":"","pixkey":"65896386320","account":"00360305","status":"done","order":"A202508141419452584129rMsmaZPD"},"sign":"4644523272D5FD5E6BD666B399701AF8"}

