【2025-08-14 10:17:34】
P2025081220272841248025219----提交：{"custId":"24120300001308","appId":"8241201350","order":"P2025081220272841248025219","sign":"9E8835A85CF77AA5E742E4939E05F465"}

【2025-08-14 10:17:34】
P2025081220272841248025219----返回：{"code":"000000","msg":"P2025081220272841248025219","data":{"date":"2025-08-12 20:28:08","eid":"E45756448202508122328pEj84Xe0b0S","amount":"1500","name":"GIOVANNA MATOS TELES","cpf":"51945719842","bankname":"null","payBank":"","payCpf":"","pixkey":"51945719842","account":"209491493","status":"done","order":"A20250812202802222656vh4dLnVIm"},"sign":"8AEAE88E3AFBC13A41335103B18C6C4D"}

【2025-08-14 10:17:37】
P2025081220272841248025219----提交：{"custId":"24120300001308","appId":"8241201350","order":"P2025081220272841248025219","sign":"9E8835A85CF77AA5E742E4939E05F465"}

【2025-08-14 10:17:37】
P2025081220272841248025219----返回：{"code":"000000","msg":"P2025081220272841248025219","data":{"date":"2025-08-12 20:28:08","eid":"E45756448202508122328pEj84Xe0b0S","amount":"1500","name":"GIOVANNA MATOS TELES","cpf":"51945719842","bankname":"null","payBank":"","payCpf":"","pixkey":"51945719842","account":"209491493","status":"done","order":"A20250812202802222656vh4dLnVIm"},"sign":"8AEAE88E3AFBC13A41335103B18C6C4D"}

【2025-08-14 10:42:24】
P2025081407424168161904772----提交：{"custId":"24120300001308","appId":"8241201350","order":"P2025081407424168161904772","sign":"7B1B731EEB3A1A79F873BE57FF836A2D"}

【2025-08-14 10:42:24】
P2025081407424168161904772----返回：{"code":"000000","msg":"P2025081407424168161904772","data":{"date":"2025-08-14 07:42:47","eid":"E45756448202508141042RZLFV8HiE6c","amount":"100","name":"Eliana aparecida de lima","cpf":"3567146912","bankname":"null","payBank":"","payCpf":"","pixkey":"41999200736","account":"244526430","status":"done","order":"A20250814074241954316vlyLgBkSq"},"sign":"2F1D1396BD3A73BB11DC55DC9637FF34"}

【2025-08-14 10:42:27】
P2025081407424168161904772----提交：{"custId":"24120300001308","appId":"8241201350","order":"P2025081407424168161904772","sign":"7B1B731EEB3A1A79F873BE57FF836A2D"}

【2025-08-14 10:42:27】
P2025081407424168161904772----返回：{"code":"000000","msg":"P2025081407424168161904772","data":{"date":"2025-08-14 07:42:47","eid":"E45756448202508141042RZLFV8HiE6c","amount":"100","name":"Eliana aparecida de lima","cpf":"3567146912","bankname":"null","payBank":"","payCpf":"","pixkey":"41999200736","account":"244526430","status":"done","order":"A20250814074241954316vlyLgBkSq"},"sign":"2F1D1396BD3A73BB11DC55DC9637FF34"}

【2025-08-14 10:42:27】
P2025081407424168161904772----提交：{"custId":"24120300001308","appId":"8241201350","order":"P2025081407424168161904772","sign":"7B1B731EEB3A1A79F873BE57FF836A2D"}

【2025-08-14 10:42:27】
P2025081407424168161904772----返回：{"code":"000000","msg":"P2025081407424168161904772","data":{"date":"2025-08-14 07:42:47","eid":"E45756448202508141042RZLFV8HiE6c","amount":"100","name":"Eliana aparecida de lima","cpf":"3567146912","bankname":"null","payBank":"","payCpf":"","pixkey":"41999200736","account":"244526430","status":"done","order":"A20250814074241954316vlyLgBkSq"},"sign":"2F1D1396BD3A73BB11DC55DC9637FF34"}

【2025-08-14 10:57:20】
P2025081410344678486683901----提交：{"custId":"24120300001308","appId":"8241201350","order":"P2025081410344678486683901","sign":"8593534DFC0D5211A72E42C9A3208A1D"}

【2025-08-14 10:57:20】
P2025081410344678486683901----返回：{"code":"000000","msg":"P2025081410344678486683901","data":{"date":"2025-08-14 10:34:50","eid":"E37205447202508141334463350017d9","amount":"70","name":"VICTOR HUGO DA SILVA BARBOZA","cpf":"06558515776","bankname":"ORBION GAMING LTDA","payBank":"","payCpf":"","pixkey":"21977516318","account":"00360305","status":"done","order":"A20250814103446173336tkQKI5Y1d"},"sign":"C051B2F5C34235406104B841E0AC2A80"}

【2025-08-14 10:57:22】
P2025081410344678486683901----提交：{"custId":"24120300001308","appId":"8241201350","order":"P2025081410344678486683901","sign":"8593534DFC0D5211A72E42C9A3208A1D"}

【2025-08-14 10:57:22】
P2025081410344678486683901----返回：{"code":"000000","msg":"P2025081410344678486683901","data":{"date":"2025-08-14 10:34:50","eid":"E37205447202508141334463350017d9","amount":"70","name":"VICTOR HUGO DA SILVA BARBOZA","cpf":"06558515776","bankname":"ORBION GAMING LTDA","payBank":"","payCpf":"","pixkey":"21977516318","account":"00360305","status":"done","order":"A20250814103446173336tkQKI5Y1d"},"sign":"C051B2F5C34235406104B841E0AC2A80"}

【2025-08-14 10:59:45】
P2025081410344678486683901----提交：{"custId":"24120300001308","appId":"8241201350","order":"P2025081410344678486683901","sign":"8593534DFC0D5211A72E42C9A3208A1D"}

【2025-08-14 10:59:45】
P2025081410344678486683901----返回：{"code":"000000","msg":"P2025081410344678486683901","data":{"date":"2025-08-14 10:34:50","eid":"E37205447202508141334463350017d9","amount":"70","name":"VICTOR HUGO DA SILVA BARBOZA","cpf":"06558515776","bankname":"ORBION GAMING LTDA","payBank":"","payCpf":"","pixkey":"21977516318","account":"00360305","status":"done","order":"A20250814103446173336tkQKI5Y1d"},"sign":"C051B2F5C34235406104B841E0AC2A80"}

