【2025-08-14 01:11:37】
P2025081317420817728325483----提交：{"custId":"24120300001308","appId":"8241201350","order":"P2025081317420817728325483","sign":"F8837FFB89DBADB762980C6CF40E82D9"}

【2025-08-14 01:11:37】
P2025081317420817728325483----返回：{"code":"000000","msg":"P2025081317420817728325483","data":{"date":"2025-08-13 17:42:13","eid":"E37205447202508132042088993ab8b8","amount":"30","name":"Fábio da Silva Pereira ","cpf":"09998625700","bankname":"ORBION GAMING LTDA","payBank":"","payCpf":"","pixkey":"21993553192","account":"10664513","status":"done","order":"A20250813174208333367TrGLtDIr5"},"sign":"00E2FA2CC5BDCBB8E61DEC140815E23F"}

【2025-08-14 01:11:40】
P2025081317420817728325483----提交：{"custId":"24120300001308","appId":"8241201350","order":"P2025081317420817728325483","sign":"F8837FFB89DBADB762980C6CF40E82D9"}

【2025-08-14 01:11:40】
P2025081317420817728325483----返回：{"code":"000000","msg":"P2025081317420817728325483","data":{"date":"2025-08-13 17:42:13","eid":"E37205447202508132042088993ab8b8","amount":"30","name":"Fábio da Silva Pereira ","cpf":"09998625700","bankname":"ORBION GAMING LTDA","payBank":"","payCpf":"","pixkey":"21993553192","account":"10664513","status":"done","order":"A20250813174208333367TrGLtDIr5"},"sign":"00E2FA2CC5BDCBB8E61DEC140815E23F"}

【2025-08-14 01:12:22】
P2025081401113244692765006----提交：{"custId":"24120300001308","appId":"8241201350","order":"P2025081401113244692765006","sign":"7F75B9715C100F398FDC4864EEA6E7DC"}

【2025-08-14 01:12:22】
P2025081401113244692765006----返回：{"code":"000000","msg":"P2025081401113244692765006","data":{"date":"2025-08-14 01:12:05","eid":"E3720544720250814041202506fee905","amount":"7000","name":"DJ LATINA GOLD","cpf":"59879677000194","bankname":"ORBION GAMING LTDA","payBank":"","payCpf":"","pixkey":"59879677000194","account":"60701190","status":"done","order":"A20250814011201735094f8Aeiq7HW"},"sign":"54CC41F05CAA968960F1C69EDB2E6CE8"}

【2025-08-14 01:13:09】
P2025081319425824978178327----提交：{"custId":"24120300001308","appId":"8241201350","order":"P2025081319425824978178327","sign":"706674CC7847EC10BDC16BA6878ACA1E"}

【2025-08-14 01:13:09】
P2025081319425824978178327----返回：{"code":"000000","msg":"P2025081319425824978178327","data":{"date":"2025-08-13 19:43:05","eid":"E372054472025081322425898022453b","amount":"55","name":"Alexandre Benevides Cardoso","cpf":"30557219850","bankname":"ORBION GAMING LTDA","payBank":"","payCpf":"","pixkey":"13996651810","account":"20855875","status":"done","order":"A202508131942587234333lnXMPE3A"},"sign":"E93212216CD71D8A9483F28D442CB08E"}

【2025-08-14 01:18:12】
P2025081400470543225627815----提交：{"custId":"24120300001308","appId":"8241201350","order":"P2025081400470543225627815","sign":"A1D023FC604934430B082D39A1A81B76"}

【2025-08-14 01:18:12】
P2025081400470543225627815----返回：{"code":"000000","msg":"P2025081400470543225627815","data":{"date":"2025-08-14 00:47:10","eid":"E372054472025081403470610916e9d3","amount":"40","name":"César Augusto Lima Dê Alcântara","cpf":"47922877749","bankname":"ORBION GAMING LTDA","payBank":"","payCpf":"","pixkey":"21990770386","account":"18236120","status":"done","order":"A20250814004705939772PihbaQLLz"},"sign":"7CA5E26C17936168170BBF0B63329112"}

【2025-08-14 01:18:14】
P2025081400470543225627815----提交：{"custId":"24120300001308","appId":"8241201350","order":"P2025081400470543225627815","sign":"A1D023FC604934430B082D39A1A81B76"}

【2025-08-14 01:18:14】
P2025081400470543225627815----返回：{"code":"000000","msg":"P2025081400470543225627815","data":{"date":"2025-08-14 00:47:10","eid":"E372054472025081403470610916e9d3","amount":"40","name":"César Augusto Lima Dê Alcântara","cpf":"47922877749","bankname":"ORBION GAMING LTDA","payBank":"","payCpf":"","pixkey":"21990770386","account":"18236120","status":"done","order":"A20250814004705939772PihbaQLLz"},"sign":"7CA5E26C17936168170BBF0B63329112"}

【2025-08-14 01:18:15】
P2025081400470543225627815----提交：{"custId":"24120300001308","appId":"8241201350","order":"P2025081400470543225627815","sign":"A1D023FC604934430B082D39A1A81B76"}

【2025-08-14 01:18:15】
P2025081400470543225627815----返回：{"code":"000000","msg":"P2025081400470543225627815","data":{"date":"2025-08-14 00:47:10","eid":"E372054472025081403470610916e9d3","amount":"40","name":"César Augusto Lima Dê Alcântara","cpf":"47922877749","bankname":"ORBION GAMING LTDA","payBank":"","payCpf":"","pixkey":"21990770386","account":"18236120","status":"done","order":"A20250814004705939772PihbaQLLz"},"sign":"7CA5E26C17936168170BBF0B63329112"}

【2025-08-14 01:37:32】
P2025081401280045680459817----提交：{"custId":"24120300001308","appId":"8241201350","order":"P2025081401280045680459817","sign":"97373F396AD58BBE950572BFFE5E50BD"}

【2025-08-14 01:37:32】
P2025081401280045680459817----返回：{"code":"000000","msg":"P2025081401280045680459817","data":{"date":"2025-08-14 01:33:06","eid":"E37205447202508140433029837584f1","amount":"7908","name":"MARCOS ANTONIO CASTRO CHIQUITE          ","cpf":"06119431900","bankname":"ORBION GAMING LTDA","payBank":"","payCpf":"","pixkey":"06119431900","account":"60746948","status":"done","order":"A20250814013301943499Q537zWJfZ"},"sign":"288DE85717F7ADE862B7EAC415787E7B"}

【2025-08-14 01:37:37】
P2025081401263345593736512----提交：{"custId":"24120300001308","appId":"8241201350","order":"P2025081401263345593736512","sign":"134B0ACE37704D10E42D89BD7FC5B834"}

【2025-08-14 01:37:37】
P2025081401263345593736512----返回：{"code":"000000","msg":"P2025081401263345593736512","data":{"date":"2025-08-14 01:32:05","eid":"E3720544720250814043202340cc092e","amount":"8000","name":"WILMAR DA SILVA SANTOS","cpf":"01056954167","bankname":"ORBION GAMING LTDA","payBank":"","payCpf":"","pixkey":"01056954167","account":"60701190","status":"done","order":"A20250814013201423033XQ3hgALrr"},"sign":"5A191416AB8C14B8B5D106BC4FD25B66"}

【2025-08-14 01:44:07】
P2025081401184345123544484----提交：{"custId":"24120300001308","appId":"8241201350","order":"P2025081401184345123544484","sign":"97A15803D85C2D66F38C50C1AF10DF1E"}

【2025-08-14 01:44:07】
P2025081401184345123544484----返回：{"code":"000000","msg":"P2025081401184345123544484","data":{"date":"2025-08-14 01:18:49","eid":"E3720544720250814041844109bc2416","amount":"200","name":"ELIANE DA SILVA PEDREIRA","cpf":"10571017886","bankname":"ORBION GAMING LTDA","payBank":"","payCpf":"","pixkey":"10571017886","account":"60701190","status":"done","order":"A20250814011843858190gCiwpCJUm"},"sign":"96FEF2343BA5DE9C95B689A33667C57A"}

【2025-08-14 01:44:19】
P2025081401184345123544484----提交：{"custId":"24120300001308","appId":"8241201350","order":"P2025081401184345123544484","sign":"97A15803D85C2D66F38C50C1AF10DF1E"}

【2025-08-14 01:44:19】
P2025081401184345123544484----返回：{"code":"000000","msg":"P2025081401184345123544484","data":{"date":"2025-08-14 01:18:49","eid":"E3720544720250814041844109bc2416","amount":"200","name":"ELIANE DA SILVA PEDREIRA","cpf":"10571017886","bankname":"ORBION GAMING LTDA","payBank":"","payCpf":"","pixkey":"10571017886","account":"60701190","status":"done","order":"A20250814011843858190gCiwpCJUm"},"sign":"96FEF2343BA5DE9C95B689A33667C57A"}

【2025-08-14 01:44:42】
P2025081401184345123544484----提交：{"custId":"24120300001308","appId":"8241201350","order":"P2025081401184345123544484","sign":"97A15803D85C2D66F38C50C1AF10DF1E"}

【2025-08-14 01:44:42】
P2025081401184345123544484----返回：{"code":"000000","msg":"P2025081401184345123544484","data":{"date":"2025-08-14 01:18:49","eid":"E3720544720250814041844109bc2416","amount":"200","name":"ELIANE DA SILVA PEDREIRA","cpf":"10571017886","bankname":"ORBION GAMING LTDA","payBank":"","payCpf":"","pixkey":"10571017886","account":"60701190","status":"done","order":"A20250814011843858190gCiwpCJUm"},"sign":"96FEF2343BA5DE9C95B689A33667C57A"}

【2025-08-14 01:46:42】
P2025081401401246412902788----提交：{"custId":"24120300001308","appId":"8241201350","order":"P2025081401401246412902788","sign":"ECF7C66A363223B70AE46854814A943C"}

【2025-08-14 01:46:42】
P2025081401401246412902788----返回：{"code":"000000","msg":"P2025081401401246412902788","data":{"date":"2025-08-14 01:45:53","eid":"E372054472025081404401282350e0a6","amount":"20.58","name":"Talita Leandra Monteiro de Oliveira","cpf":"23916939823","bankname":"ORBION GAMING LTDA","payBank":"","payCpf":"","pixkey":"23916939823","account":"10573521","status":"done","order":"A202508140140122813572nKuZi565"},"sign":"05168B929FBFC0219F6299599D422DB4"}

【2025-08-14 01:46:43】
P2025081401401246412902788----提交：{"custId":"24120300001308","appId":"8241201350","order":"P2025081401401246412902788","sign":"ECF7C66A363223B70AE46854814A943C"}

【2025-08-14 01:46:43】
P2025081401401246412902788----返回：{"code":"000000","msg":"P2025081401401246412902788","data":{"date":"2025-08-14 01:45:53","eid":"E372054472025081404401282350e0a6","amount":"20.58","name":"Talita Leandra Monteiro de Oliveira","cpf":"23916939823","bankname":"ORBION GAMING LTDA","payBank":"","payCpf":"","pixkey":"23916939823","account":"10573521","status":"done","order":"A202508140140122813572nKuZi565"},"sign":"05168B929FBFC0219F6299599D422DB4"}

