【2025-08-14 06:02:11】
P2025081405531161591835001----提交：{"custId":"24120300001308","appId":"8241201350","order":"P2025081405531161591835001","sign":"48E11FBB3CE7F30E9BC7817C9777593F"}

【2025-08-14 06:02:11】
P2025081405531161591835001----返回：{"code":"000000","msg":"P2025081405531161591835001","data":{"date":"2025-08-14 06:01:42","eid":"E3720544720250814085311375e4ee2c","amount":"150.91","name":"Ramom Pablo de Brito Santos","cpf":"62664279319","bankname":"ORBION GAMING LTDA","payBank":"","payCpf":"","pixkey":"99981009683","account":"18236120","status":"done","order":"A20250814055311322959bH893hups"},"sign":"48612B47EB60617618AE43AAE044197B"}

【2025-08-14 06:02:13】
P2025081405531161591835001----提交：{"custId":"24120300001308","appId":"8241201350","order":"P2025081405531161591835001","sign":"48E11FBB3CE7F30E9BC7817C9777593F"}

【2025-08-14 06:02:13】
P2025081405531161591835001----返回：{"code":"000000","msg":"P2025081405531161591835001","data":{"date":"2025-08-14 06:01:42","eid":"E3720544720250814085311375e4ee2c","amount":"150.91","name":"Ramom Pablo de Brito Santos","cpf":"62664279319","bankname":"ORBION GAMING LTDA","payBank":"","payCpf":"","pixkey":"99981009683","account":"18236120","status":"done","order":"A20250814055311322959bH893hups"},"sign":"48612B47EB60617618AE43AAE044197B"}

【2025-08-14 06:05:26】
P2025081405550461704799555----提交：{"custId":"24120300001308","appId":"8241201350","order":"P2025081405550461704799555","sign":"796F59C68907A90BEFCAC07F71E98352"}

【2025-08-14 06:05:26】
P2025081405550461704799555----返回：{"code":"000000","msg":"P2025081405550461704799555","data":{"date":"2025-08-14 06:04:58","eid":"E3720544720250814085504657e29241","amount":"100","name":"Dilvano de Oliveira","cpf":"06309303090","bankname":"ORBION GAMING LTDA","payBank":"","payCpf":"","pixkey":"21920474581","account":"20855875","status":"done","order":"A20250814055504293455tNsjXES6d"},"sign":"F41C8CB34A2A38DFAFFFED524E61EC1D"}

【2025-08-14 06:06:05】
P2025081406051962319995012----提交：{"custId":"24120300001308","appId":"8241201350","order":"P2025081406051962319995012","sign":"3136B44842C491EEFF5AFA34195FEC0E"}

【2025-08-14 06:06:05】
P2025081406051962319995012----返回：{"code":"000000","msg":"P2025081406051962319995012","data":{"date":"2025-08-14 06:05:25","eid":"E45756448202508140905AfjgsSzp021","amount":"300","name":"STANRLEY DE CASTRO SILVA","cpf":"11871526680","bankname":"null","payBank":"","payCpf":"","pixkey":"31999261302","account":"70854","status":"done","order":"A20250814060519622471vR3CNVkRi"},"sign":"AEF08125F85C40EF0F2FE55CFD56B70C"}

【2025-08-14 06:06:06】
P2025081406051962319995012----提交：{"custId":"24120300001308","appId":"8241201350","order":"P2025081406051962319995012","sign":"3136B44842C491EEFF5AFA34195FEC0E"}

【2025-08-14 06:06:06】
P2025081406051962319995012----返回：{"code":"000000","msg":"P2025081406051962319995012","data":{"date":"2025-08-14 06:05:25","eid":"E45756448202508140905AfjgsSzp021","amount":"300","name":"STANRLEY DE CASTRO SILVA","cpf":"11871526680","bankname":"null","payBank":"","payCpf":"","pixkey":"31999261302","account":"70854","status":"done","order":"A20250814060519622471vR3CNVkRi"},"sign":"AEF08125F85C40EF0F2FE55CFD56B70C"}

【2025-08-14 06:24:35】
P2025081320591429554609165----提交：{"custId":"24120300001308","appId":"8241201350","order":"P2025081320591429554609165","sign":"9BBD3C8FE251107AAB6F7ADB517372B2"}

【2025-08-14 06:24:35】
P2025081320591429554609165----返回：{"code":"000000","msg":"P2025081320591429554609165","data":{"date":"2025-08-13 20:59:18","eid":"E3720544720250813235915536c489c9","amount":"40","name":"João Paulo Silva Balbino","cpf":"08434454670","bankname":"ORBION GAMING LTDA","payBank":"","payCpf":"","pixkey":"35984252609","account":"18236120","status":"done","order":"A202508132059150321579MRgHJkUi"},"sign":"DFB08F50FD7BDFF0936DACA72B775AFC"}

【2025-08-14 06:24:38】
P2025081320591429554609165----提交：{"custId":"24120300001308","appId":"8241201350","order":"P2025081320591429554609165","sign":"9BBD3C8FE251107AAB6F7ADB517372B2"}

【2025-08-14 06:24:38】
P2025081320591429554609165----返回：{"code":"000000","msg":"P2025081320591429554609165","data":{"date":"2025-08-13 20:59:18","eid":"E3720544720250813235915536c489c9","amount":"40","name":"João Paulo Silva Balbino","cpf":"08434454670","bankname":"ORBION GAMING LTDA","payBank":"","payCpf":"","pixkey":"35984252609","account":"18236120","status":"done","order":"A202508132059150321579MRgHJkUi"},"sign":"DFB08F50FD7BDFF0936DACA72B775AFC"}

【2025-08-14 06:38:26】
P2025081322310735067705688----提交：{"custId":"24120300001308","appId":"8241201350","order":"P2025081322310735067705688","sign":"F5565F5F804DF9231294B71E7139EDA1"}

【2025-08-14 06:38:26】
P2025081322310735067705688----返回：{"code":"000000","msg":"P2025081322310735067705688","data":{"date":"2025-08-13 22:31:12","eid":"E3720544720250814013108978688948","amount":"100","name":"ANTONIO BARBOSA DE CARVALHO FILHO","cpf":"05269846438","bankname":"ORBION GAMING LTDA","payBank":"","payCpf":"","pixkey":"99991173763","account":"00360305","status":"done","order":"A202508132231080991247jSWh7dif"},"sign":"8AA0306BF4D51EDFA955204FA6B3235A"}

【2025-08-14 06:38:29】
P2025081322310735067705688----提交：{"custId":"24120300001308","appId":"8241201350","order":"P2025081322310735067705688","sign":"F5565F5F804DF9231294B71E7139EDA1"}

【2025-08-14 06:38:30】
P2025081322310735067705688----返回：{"code":"000000","msg":"P2025081322310735067705688","data":{"date":"2025-08-13 22:31:12","eid":"E3720544720250814013108978688948","amount":"100","name":"ANTONIO BARBOSA DE CARVALHO FILHO","cpf":"05269846438","bankname":"ORBION GAMING LTDA","payBank":"","payCpf":"","pixkey":"99991173763","account":"00360305","status":"done","order":"A202508132231080991247jSWh7dif"},"sign":"8AA0306BF4D51EDFA955204FA6B3235A"}

【2025-08-14 06:38:30】
P2025081322310735067705688----提交：{"custId":"24120300001308","appId":"8241201350","order":"P2025081322310735067705688","sign":"F5565F5F804DF9231294B71E7139EDA1"}

【2025-08-14 06:38:30】
P2025081322310735067705688----返回：{"code":"000000","msg":"P2025081322310735067705688","data":{"date":"2025-08-13 22:31:12","eid":"E3720544720250814013108978688948","amount":"100","name":"ANTONIO BARBOSA DE CARVALHO FILHO","cpf":"05269846438","bankname":"ORBION GAMING LTDA","payBank":"","payCpf":"","pixkey":"99991173763","account":"00360305","status":"done","order":"A202508132231080991247jSWh7dif"},"sign":"8AA0306BF4D51EDFA955204FA6B3235A"}

【2025-08-14 06:48:02】
P2025081406462264782314625----提交：{"custId":"24120300001308","appId":"8241201350","order":"P2025081406462264782314625","sign":"8435E035802C04EBD1F0D56EC91146D3"}

【2025-08-14 06:48:02】
P2025081406462264782314625----返回：{"code":"000000","msg":"P2025081406462264782314625","data":{"date":"2025-08-14 06:46:28","eid":"E45756448202508140946DXVLjwN4R06","amount":"41.36","name":"GRASIELE SILVA DE SENA","cpf":"6847869585","bankname":"null","payBank":"","payCpf":"","pixkey":"06847869585","account":"304039438","status":"done","order":"A202508140646224958725jwIW3eAJ"},"sign":"2E0CBC87E9E053A19FDB891256A1C96F"}

【2025-08-14 06:48:05】
P2025081406462264782314625----提交：{"custId":"24120300001308","appId":"8241201350","order":"P2025081406462264782314625","sign":"8435E035802C04EBD1F0D56EC91146D3"}

【2025-08-14 06:48:05】
P2025081406462264782314625----返回：{"code":"000000","msg":"P2025081406462264782314625","data":{"date":"2025-08-14 06:46:28","eid":"E45756448202508140946DXVLjwN4R06","amount":"41.36","name":"GRASIELE SILVA DE SENA","cpf":"6847869585","bankname":"null","payBank":"","payCpf":"","pixkey":"06847869585","account":"304039438","status":"done","order":"A202508140646224958725jwIW3eAJ"},"sign":"2E0CBC87E9E053A19FDB891256A1C96F"}

