【2025-08-14 07:02:52】
P2025081323305738657353450----提交：{"custId":"24120300001308","appId":"8241201350","order":"P2025081323305738657353450","sign":"C9D9FBABACDFB1634263291C1192C90E"}

【2025-08-14 07:02:52】
P2025081323305738657353450----返回：{"code":"000000","msg":"P2025081323305738657353450","data":{"date":"2025-08-13 23:31:03","eid":"E45756448202508140230c7K6HyvWqEe","amount":"30","name":"Antônia Samara da Silva Amâncio","cpf":"4632366374","bankname":"null","payBank":"","payCpf":"","pixkey":"04632366374","account":"318759579","status":"done","order":"A20250813233057188377PN4dUZlFq"},"sign":"4DD363EF868ED0FBB82376451E403BBA"}

【2025-08-14 07:02:55】
P2025081323305738657353450----提交：{"custId":"24120300001308","appId":"8241201350","order":"P2025081323305738657353450","sign":"C9D9FBABACDFB1634263291C1192C90E"}

【2025-08-14 07:02:55】
P2025081323305738657353450----返回：{"code":"000000","msg":"P2025081323305738657353450","data":{"date":"2025-08-13 23:31:03","eid":"E45756448202508140230c7K6HyvWqEe","amount":"30","name":"Antônia Samara da Silva Amâncio","cpf":"4632366374","bankname":"null","payBank":"","payCpf":"","pixkey":"04632366374","account":"318759579","status":"done","order":"A20250813233057188377PN4dUZlFq"},"sign":"4DD363EF868ED0FBB82376451E403BBA"}

【2025-08-14 07:20:22】
P2025081323305738657353450----提交：{"custId":"24120300001308","appId":"8241201350","order":"P2025081323305738657353450","sign":"C9D9FBABACDFB1634263291C1192C90E"}

【2025-08-14 07:20:22】
P2025081323305738657353450----返回：{"code":"000000","msg":"P2025081323305738657353450","data":{"date":"2025-08-13 23:31:03","eid":"E45756448202508140230c7K6HyvWqEe","amount":"30","name":"Antônia Samara da Silva Amâncio","cpf":"4632366374","bankname":"null","payBank":"","payCpf":"","pixkey":"04632366374","account":"318759579","status":"done","order":"A20250813233057188377PN4dUZlFq"},"sign":"4DD363EF868ED0FBB82376451E403BBA"}

【2025-08-14 07:36:47】
P2025081406524265162683717----提交：{"custId":"24120300001308","appId":"8241201350","order":"P2025081406524265162683717","sign":"936C737276B9750634744E136B248B66"}

【2025-08-14 07:36:47】
P2025081406524265162683717----返回：{"code":"000000","msg":"P2025081406524265162683717","data":{"date":"2025-08-14 06:52:48","eid":"E457564482025081409523uWtHGEv1kJ","amount":"40","name":"AURIZA SANTANA DA SILVA","cpf":"5437961405","bankname":"null","payBank":"","payCpf":"","pixkey":"84999581957","account":"1204664137","status":"done","order":"A20250814065242888995fE4Qu8hjd"},"sign":"4A90F1BD24E1729C16BC96F3B8CD8D64"}

【2025-08-14 07:36:50】
P2025081406524265162683717----提交：{"custId":"24120300001308","appId":"8241201350","order":"P2025081406524265162683717","sign":"936C737276B9750634744E136B248B66"}

【2025-08-14 07:36:50】
P2025081406524265162683717----返回：{"code":"000000","msg":"P2025081406524265162683717","data":{"date":"2025-08-14 06:52:48","eid":"E457564482025081409523uWtHGEv1kJ","amount":"40","name":"AURIZA SANTANA DA SILVA","cpf":"5437961405","bankname":"null","payBank":"","payCpf":"","pixkey":"84999581957","account":"1204664137","status":"done","order":"A20250814065242888995fE4Qu8hjd"},"sign":"4A90F1BD24E1729C16BC96F3B8CD8D64"}

