【2025-08-14 08:00:17】
P2025081407514468704519335----提交：{"custId":"24120300001308","appId":"8241201350","order":"P2025081407514468704519335","sign":"2298C921EC4EF7A6822F31D4BE2568F6"}

【2025-08-14 08:00:17】
P2025081407514468704519335----返回：{"code":"000000","msg":"P2025081407514468704519335","data":{"date":"2025-08-14 08:00:13","eid":"E372054472025081411001089682d513","amount":"13000","name":"MARIA DAS GRACAS PINHEIRO","cpf":"06328160402","bankname":"ORBION GAMING LTDA","payBank":"","payCpf":"","pixkey":"06328160402","account":"07237373","status":"done","order":"A20250814080001747218CR1kXTuIK"},"sign":"FC053CC1E018FC030C6D686A45CDF823"}

【2025-08-14 08:00:19】
P2025081407514468704519335----提交：{"custId":"24120300001308","appId":"8241201350","order":"P2025081407514468704519335","sign":"2298C921EC4EF7A6822F31D4BE2568F6"}

【2025-08-14 08:00:19】
P2025081407514468704519335----返回：{"code":"000000","msg":"P2025081407514468704519335","data":{"date":"2025-08-14 08:00:13","eid":"E372054472025081411001089682d513","amount":"13000","name":"MARIA DAS GRACAS PINHEIRO","cpf":"06328160402","bankname":"ORBION GAMING LTDA","payBank":"","payCpf":"","pixkey":"06328160402","account":"07237373","status":"done","order":"A20250814080001747218CR1kXTuIK"},"sign":"FC053CC1E018FC030C6D686A45CDF823"}

【2025-08-14 08:01:44】
P2025081306460778367631284----提交：{"custId":"24120300001308","appId":"8241201350","order":"P2025081306460778367631284","sign":"DB4B69619F19B27B887635829C8F66CA"}

【2025-08-14 08:01:44】
P2025081306460778367631284----返回：{"code":"000000","msg":"P2025081306460778367631284","data":{"date":"2025-08-13 06:46:13","eid":"E45756448202508130946Y424aXi8UKS","amount":"230","name":"Samara pereira pontes","cpf":"1747941263","bankname":"null","payBank":"","payCpf":"","pixkey":"pontesamara02@gmail.com","account":"337991822","status":"done","order":"A20250813064608965393JZKHEr7mf"},"sign":"460F24142C54E419B6C8039415C74DBC"}

【2025-08-14 08:01:47】
P2025081306460778367631284----提交：{"custId":"24120300001308","appId":"8241201350","order":"P2025081306460778367631284","sign":"DB4B69619F19B27B887635829C8F66CA"}

【2025-08-14 08:01:48】
P2025081306460778367631284----返回：{"code":"000000","msg":"P2025081306460778367631284","data":{"date":"2025-08-13 06:46:13","eid":"E45756448202508130946Y424aXi8UKS","amount":"230","name":"Samara pereira pontes","cpf":"1747941263","bankname":"null","payBank":"","payCpf":"","pixkey":"pontesamara02@gmail.com","account":"337991822","status":"done","order":"A20250813064608965393JZKHEr7mf"},"sign":"460F24142C54E419B6C8039415C74DBC"}

【2025-08-14 08:03:33】
P2025081407573569055984794----提交：{"custId":"24120300001308","appId":"8241201350","order":"P2025081407573569055984794","sign":"109617BEF0608CDD203246A53AF35F2B"}

【2025-08-14 08:03:33】
P2025081407573569055984794----返回：{"code":"000000","msg":"P2025081407573569055984794","data":{"date":"2025-08-14 07:57:39","eid":"E37205447202508141057359330e727a","amount":"250","name":"Jessica Santos Cruz","cpf":"05949333586","bankname":"ORBION GAMING LTDA","payBank":"","payCpf":"","pixkey":"05949333586","account":"22896431","status":"done","order":"A20250814075735878396JAhEPcaRK"},"sign":"09A742860D5E7542FAD4A3819F39AEE2"}

【2025-08-14 08:03:36】
P2025081407573569055984794----提交：{"custId":"24120300001308","appId":"8241201350","order":"P2025081407573569055984794","sign":"109617BEF0608CDD203246A53AF35F2B"}

【2025-08-14 08:03:36】
P2025081407573569055984794----返回：{"code":"000000","msg":"P2025081407573569055984794","data":{"date":"2025-08-14 07:57:39","eid":"E37205447202508141057359330e727a","amount":"250","name":"Jessica Santos Cruz","cpf":"05949333586","bankname":"ORBION GAMING LTDA","payBank":"","payCpf":"","pixkey":"05949333586","account":"22896431","status":"done","order":"A20250814075735878396JAhEPcaRK"},"sign":"09A742860D5E7542FAD4A3819F39AEE2"}

【2025-08-14 08:16:34】
P2025081319175023470495401----提交：{"custId":"24120300001308","appId":"8241201350","order":"P2025081319175023470495401","sign":"8B7FEEAD819B7AB879DDD8D0675C09C7"}

【2025-08-14 08:16:34】
P2025081319175023470495401----返回：{"code":"000000","msg":"P2025081319175023470495401","data":{"date":"2025-08-13 19:17:53","eid":"E37205447202508132217502659a1967","amount":"182","name":"Cícero Ferreira de Souza","cpf":"20905971949","bankname":"ORBION GAMING LTDA","payBank":"","payCpf":"","pixkey":"11941651711","account":"18236120","status":"done","order":"A20250813191750538570tbZKfkLm9"},"sign":"8D26755D0B0BF3CB812F8C1792A2F575"}

【2025-08-14 08:16:39】
P2025081319175023470495401----提交：{"custId":"24120300001308","appId":"8241201350","order":"P2025081319175023470495401","sign":"8B7FEEAD819B7AB879DDD8D0675C09C7"}

【2025-08-14 08:16:40】
P2025081319175023470495401----返回：{"code":"000000","msg":"P2025081319175023470495401","data":{"date":"2025-08-13 19:17:53","eid":"E37205447202508132217502659a1967","amount":"182","name":"Cícero Ferreira de Souza","cpf":"20905971949","bankname":"ORBION GAMING LTDA","payBank":"","payCpf":"","pixkey":"11941651711","account":"18236120","status":"done","order":"A20250813191750538570tbZKfkLm9"},"sign":"8D26755D0B0BF3CB812F8C1792A2F575"}

【2025-08-14 08:55:12】
P2025081316245913099392839----提交：{"custId":"24120300001308","appId":"8241201350","order":"P2025081316245913099392839","sign":"6BE21B6A0F85F3AD0F43D2A0B2763685"}

【2025-08-14 08:55:12】
P2025081316245913099392839----返回：{"code":"000000","msg":"P2025081316245913099392839","data":{"date":"2025-08-13 16:25:05","eid":"E457564482025081319242NoJgTPWk2W","amount":"60","name":"AMANDA FLORIANO COSTA","cpf":"14447582929","bankname":"null","payBank":"","payCpf":"","pixkey":"48996726757","account":"1252615","status":"done","order":"A20250813162459529868xTzCCPyzY"},"sign":"B3CC633AAD5F60BA92751266BBB6EFE1"}

【2025-08-14 08:55:15】
P2025081316245913099392839----提交：{"custId":"24120300001308","appId":"8241201350","order":"P2025081316245913099392839","sign":"6BE21B6A0F85F3AD0F43D2A0B2763685"}

【2025-08-14 08:55:15】
P2025081316245913099392839----返回：{"code":"000000","msg":"P2025081316245913099392839","data":{"date":"2025-08-13 16:25:05","eid":"E457564482025081319242NoJgTPWk2W","amount":"60","name":"AMANDA FLORIANO COSTA","cpf":"14447582929","bankname":"null","payBank":"","payCpf":"","pixkey":"48996726757","account":"1252615","status":"done","order":"A20250813162459529868xTzCCPyzY"},"sign":"B3CC633AAD5F60BA92751266BBB6EFE1"}

