【2025-08-14 23:16:03】
P2025081414144691686447759----提交：{"custId":"24120300001308","appId":"8241201350","order":"P2025081414144691686447759","sign":"DC996BDAD4BEFDD238342A87402E891E"}

【2025-08-14 23:16:03】
P2025081414144691686447759----返回：{"code":"000000","msg":"P2025081414144691686447759","data":{"date":"2025-08-14 14:14:49","eid":"E3720544720250814171447138c3574d","amount":"35","name":"RANDER OLIVEIRA ALVES","cpf":"08979732678","bankname":"ORBION GAMING LTDA","payBank":"","payCpf":"","pixkey":"27999012281","account":"00360305","status":"done","order":"A20250814141446577348ITNERW8Dk"},"sign":"10C05BE91B14E409D60C41A5518D96FA"}

【2025-08-14 23:16:07】
P2025081414144691686447759----提交：{"custId":"24120300001308","appId":"8241201350","order":"P2025081414144691686447759","sign":"DC996BDAD4BEFDD238342A87402E891E"}

【2025-08-14 23:16:07】
P2025081414144691686447759----返回：{"code":"000000","msg":"P2025081414144691686447759","data":{"date":"2025-08-14 14:14:49","eid":"E3720544720250814171447138c3574d","amount":"35","name":"RANDER OLIVEIRA ALVES","cpf":"08979732678","bankname":"ORBION GAMING LTDA","payBank":"","payCpf":"","pixkey":"27999012281","account":"00360305","status":"done","order":"A20250814141446577348ITNERW8Dk"},"sign":"10C05BE91B14E409D60C41A5518D96FA"}

【2025-08-14 23:16:42】
P2025081423115923919832211----提交：{"custId":"24120300001308","appId":"8241201350","order":"P2025081423115923919832211","sign":"B20257A1552F8BC085A24DBBBF15EACB"}

【2025-08-14 23:16:42】
P2025081423115923919832211----返回：{"code":"000000","msg":"P2025081423115923919832211","data":{"date":"2025-08-14 23:12:05","eid":"E37205447202508150211595387e5ab9","amount":"28","name":"Gloria Helena de Oliveira Carvalho Fraga","cpf":"08711318708","bankname":"ORBION GAMING LTDA","payBank":"","payCpf":"","pixkey":"28999068128","account":"18236120","status":"done","order":"A20250814231159469612xt98lzdqD"},"sign":"E111ABFCF6BCC52155F1BE73187B4D53"}

【2025-08-14 23:17:04】
P2025081423115923919832211----提交：{"custId":"24120300001308","appId":"8241201350","order":"P2025081423115923919832211","sign":"B20257A1552F8BC085A24DBBBF15EACB"}

【2025-08-14 23:17:04】
P2025081423115923919832211----返回：{"code":"000000","msg":"P2025081423115923919832211","data":{"date":"2025-08-14 23:12:05","eid":"E37205447202508150211595387e5ab9","amount":"28","name":"Gloria Helena de Oliveira Carvalho Fraga","cpf":"08711318708","bankname":"ORBION GAMING LTDA","payBank":"","payCpf":"","pixkey":"28999068128","account":"18236120","status":"done","order":"A20250814231159469612xt98lzdqD"},"sign":"E111ABFCF6BCC52155F1BE73187B4D53"}

【2025-08-14 23:17:15】
P2025081423115923919832211----提交：{"custId":"24120300001308","appId":"8241201350","order":"P2025081423115923919832211","sign":"B20257A1552F8BC085A24DBBBF15EACB"}

【2025-08-14 23:17:15】
P2025081423115923919832211----返回：{"code":"000000","msg":"P2025081423115923919832211","data":{"date":"2025-08-14 23:12:05","eid":"E37205447202508150211595387e5ab9","amount":"28","name":"Gloria Helena de Oliveira Carvalho Fraga","cpf":"08711318708","bankname":"ORBION GAMING LTDA","payBank":"","payCpf":"","pixkey":"28999068128","account":"18236120","status":"done","order":"A20250814231159469612xt98lzdqD"},"sign":"E111ABFCF6BCC52155F1BE73187B4D53"}

【2025-08-14 23:28:12】
P2025081412583887118453573----提交：{"custId":"24120300001308","appId":"8241201350","order":"P2025081412583887118453573","sign":"60A8F568EED9017880A69355D0845739"}

【2025-08-14 23:28:12】
P2025081412583887118453573----返回：{"code":"000000","msg":"P2025081412583887118453573","data":{"date":"2025-08-14 12:58:42","eid":"E3720544720250814155839058f50c22","amount":"100","name":"Natália Martins Vasconcelos da Silva","cpf":"08113192450","bankname":"ORBION GAMING LTDA","payBank":"","payCpf":"","pixkey":"81993172947","account":"18236120","status":"done","order":"A20250814125838866468PZrqbNF8i"},"sign":"6190C239EAE0834DBA8553788E9F444C"}

【2025-08-14 23:28:18】
P2025081413003087230251434----提交：{"custId":"24120300001308","appId":"8241201350","order":"P2025081413003087230251434","sign":"72C2F0AD2FD0BB004EB24AE9DA76C35B"}

【2025-08-14 23:28:19】
P2025081413003087230251434----返回：{"code":"000000","msg":"P2025081413003087230251434","data":{"date":"2025-08-14 13:00:35","eid":"E3720544720250814160031055240a35","amount":"95","name":"PATRICIA DE OLIVEIRA","cpf":"05744136932","bankname":"ORBION GAMING LTDA","payBank":"","payCpf":"","pixkey":"41987078253","account":"61186680","status":"done","order":"A20250814130030244595sjUvcdAp5"},"sign":"E36C7E13B63BEA41B404CF4B4CD5B3FE"}

【2025-08-14 23:28:25】
P2025081413034087420758695----提交：{"custId":"24120300001308","appId":"8241201350","order":"P2025081413034087420758695","sign":"23B11F1FE6C0C0E388128321561428B9"}

【2025-08-14 23:28:25】
P2025081413034087420758695----返回：{"code":"000000","msg":"P2025081413034087420758695","data":{"date":"2025-08-14 13:03:44","eid":"E37205447202508141603419523af959","amount":"714","name":"CLEMILDA DOS SANTOS CARVALHO","cpf":"94468834315","bankname":"ORBION GAMING LTDA","payBank":"","payCpf":"","pixkey":"94468834315","account":"00360305","status":"done","order":"A20250814130341964635yr5DGkCPc"},"sign":"D8574C4EDF8240233189C159C22CA7D2"}

【2025-08-14 23:28:31】
P2025081413055587555369743----提交：{"custId":"24120300001308","appId":"8241201350","order":"P2025081413055587555369743","sign":"9F97CD0BC92B4B3FB93412D64829670F"}

【2025-08-14 23:28:31】
P2025081413055587555369743----返回：{"code":"000000","msg":"P2025081413055587555369743","data":{"date":"2025-08-14 13:06:06","eid":"E3720544720250814160559938b74251","amount":"100","name":"ADRIANO FRANCISCO DOS SANTOS","cpf":"32779362871","bankname":"ORBION GAMING LTDA","payBank":"","payCpf":"","pixkey":"32779362871","account":"60746948","status":"done","order":"A202508141305564655007UgjKdl3M"},"sign":"507D671D2CB550E95710744E5F00EA36"}

【2025-08-14 23:28:37】
P2025081413054287542866586----提交：{"custId":"24120300001308","appId":"8241201350","order":"P2025081413054287542866586","sign":"A5A2DC2A719461C054D8124B1CCE3320"}

【2025-08-14 23:28:37】
P2025081413054287542866586----返回：{"code":"000000","msg":"P2025081413054287542866586","data":{"date":"2025-08-14 13:05:46","eid":"E372054472025081416054321999c9d2","amount":"200","name":"Maria Eduarda da Silva Candido","cpf":"12083614909","bankname":"ORBION GAMING LTDA","payBank":"","payCpf":"","pixkey":"12083614909","account":"18236120","status":"done","order":"A20250814130543097323E9E87p8lQ"},"sign":"1B38AC394DE0F0E07A0330824E688020"}

【2025-08-14 23:28:43】
P2025081413382389503742225----提交：{"custId":"24120300001308","appId":"8241201350","order":"P2025081413382389503742225","sign":"7E5F6D5D084D89A43CAF5B8D1A76F2F4"}

【2025-08-14 23:28:43】
P2025081413382389503742225----返回：{"code":"000000","msg":"P2025081413382389503742225","data":{"date":"2025-08-14 13:38:26","eid":"E372054472025081416382355766518a","amount":"60","name":"DEIZE SANTOS ROCHA","cpf":"08585451521","bankname":"ORBION GAMING LTDA","payBank":"","payCpf":"","pixkey":"08585451521","account":"60701190","status":"done","order":"A202508141338234736784Cp7HSIZa"},"sign":"659190F2360AC4B97E5CDD57734D3283"}

【2025-08-14 23:28:49】
P2025081413394389583954860----提交：{"custId":"24120300001308","appId":"8241201350","order":"P2025081413394389583954860","sign":"740B17C7FBEB934F9F7044FEF9C41322"}

【2025-08-14 23:28:49】
P2025081413394389583954860----返回：{"code":"000000","msg":"P2025081413394389583954860","data":{"date":"2025-08-14 13:39:45","eid":"E372054472025081416394363035ae97","amount":"35","name":"ALAYNE DIAS CAETANO","cpf":"04747851305","bankname":"ORBION GAMING LTDA","payBank":"","payCpf":"","pixkey":"04747851305","account":"00000000","status":"done","order":"A202508141339438014553NpjvtDiL"},"sign":"7CB71EDC56009FBD8075180FA03EE128"}

【2025-08-14 23:44:58】
P2025081423152924129899098----提交：{"custId":"24120300001308","appId":"8241201350","order":"P2025081423152924129899098","sign":"3C7C7E794B4E1F0426E678D070485376"}

【2025-08-14 23:44:58】
P2025081423152924129899098----返回：{"code":"000000","msg":"P2025081423152924129899098","data":{"date":"2025-08-14 23:15:35","eid":"E37205447202508150215303379f4cf3","amount":"40","name":"JOSE DA SILVA PARENTE","cpf":"15024059204","bankname":"ORBION GAMING LTDA","payBank":"","payCpf":"","pixkey":"92993001141","account":"60701190","status":"done","order":"A20250814231530789973LkfmlFQfU"},"sign":"42BCFCF3B3E83968AB957A7D0769E0DE"}

【2025-08-14 23:46:05】
P2025081423152924129899098----提交：{"custId":"24120300001308","appId":"8241201350","order":"P2025081423152924129899098","sign":"3C7C7E794B4E1F0426E678D070485376"}

【2025-08-14 23:46:05】
P2025081423152924129899098----返回：{"code":"000000","msg":"P2025081423152924129899098","data":{"date":"2025-08-14 23:15:35","eid":"E37205447202508150215303379f4cf3","amount":"40","name":"JOSE DA SILVA PARENTE","cpf":"15024059204","bankname":"ORBION GAMING LTDA","payBank":"","payCpf":"","pixkey":"92993001141","account":"60701190","status":"done","order":"A20250814231530789973LkfmlFQfU"},"sign":"42BCFCF3B3E83968AB957A7D0769E0DE"}

