【2025-08-14 12:02:32】
P2025081412015783717558501----提交：{"custId":"24120300001308","appId":"8241201350","order":"P2025081412015783717558501","sign":"782909F0F16E404B2155E251481E54AA"}

【2025-08-14 12:02:33】
P2025081412015783717558501----返回：{"code":"000000","msg":"P2025081412015783717558501","data":{"date":"2025-08-14 12:02:06","eid":"E3720544720250814150158494e5db58","amount":"50","name":"ELAINE CRISTINA SANTANA DA SILVA","cpf":"12981701762","bankname":"ORBION GAMING LTDA","payBank":"","payCpf":"","pixkey":"12981701762","account":"00360305","status":"done","order":"A20250814120158688296R1tIyG4V7"},"sign":"C239B1E3DAA550473B496CD110D81214"}

【2025-08-14 12:02:34】
P2025081412015783717558501----提交：{"custId":"24120300001308","appId":"8241201350","order":"P2025081412015783717558501","sign":"782909F0F16E404B2155E251481E54AA"}

【2025-08-14 12:02:35】
P2025081412015783717558501----返回：{"code":"000000","msg":"P2025081412015783717558501","data":{"date":"2025-08-14 12:02:06","eid":"E3720544720250814150158494e5db58","amount":"50","name":"ELAINE CRISTINA SANTANA DA SILVA","cpf":"12981701762","bankname":"ORBION GAMING LTDA","payBank":"","payCpf":"","pixkey":"12981701762","account":"00360305","status":"done","order":"A20250814120158688296R1tIyG4V7"},"sign":"C239B1E3DAA550473B496CD110D81214"}

【2025-08-14 12:13:35】
P2025081223143651276803271----提交：{"custId":"24120300001308","appId":"8241201350","order":"P2025081223143651276803271","sign":"B27EE9A6F95C3D53A738D731789AD22F"}

【2025-08-14 12:13:35】
P2025081223143651276803271----返回：{"code":"000000","msg":"P2025081223143651276803271","data":{"date":"2025-08-12 23:14:39","eid":"E37205447202508130214366863bc790","amount":"49","name":"Jhonatan Farias De Lima","cpf":"12960986725","bankname":"ORBION GAMING LTDA","payBank":"","payCpf":"","pixkey":"12960986725","account":"23862762","status":"done","order":"A20250812231436971002Dhm6Q7fiw"},"sign":"A5E5D7609484C72A20BF1D8F4751289A"}

【2025-08-14 12:32:28】
P2025081216455627956326636----提交：{"custId":"24120300001308","appId":"8241201350","order":"P2025081216455627956326636","sign":"CEE849057C5565F8CCC51D42F81DEEC8"}

【2025-08-14 12:32:28】
P2025081216455627956326636----返回：{"code":"000000","msg":"P2025081216455627956326636","data":{"date":"2025-08-12 16:45:59","eid":"E3720544720250812194557095062969","amount":"30.02","name":"Elizia Alves Araújo","cpf":"70569714150","bankname":"ORBION GAMING LTDA","payBank":"","payCpf":"","pixkey":"70569714150","account":"18236120","status":"done","order":"A20250812164556348079hyeuzJxCr"},"sign":"CFA513578BABC3ECC34BE8A93BAEB5AF"}

【2025-08-14 12:32:30】
P2025081216455627956326636----提交：{"custId":"24120300001308","appId":"8241201350","order":"P2025081216455627956326636","sign":"CEE849057C5565F8CCC51D42F81DEEC8"}

【2025-08-14 12:32:30】
P2025081216455627956326636----返回：{"code":"000000","msg":"P2025081216455627956326636","data":{"date":"2025-08-12 16:45:59","eid":"E3720544720250812194557095062969","amount":"30.02","name":"Elizia Alves Araújo","cpf":"70569714150","bankname":"ORBION GAMING LTDA","payBank":"","payCpf":"","pixkey":"70569714150","account":"18236120","status":"done","order":"A20250812164556348079hyeuzJxCr"},"sign":"CFA513578BABC3ECC34BE8A93BAEB5AF"}

