【2025-08-14 00:08:13】
P2025081323352838928306656----提交：{"custId":"24120300001308","appId":"8241201350","order":"P2025081323352838928306656","sign":"800C6DCDF4E7FA95695B99FC9982B799"}

【2025-08-14 00:08:13】
P2025081323352838928306656----返回：{"code":"000000","msg":"P2025081323352838928306656","data":{"date":"2025-08-13 23:35:33","eid":"E45756448202508140235ezAKOwk9T0i","amount":"60","name":"Rosineide da Conceição Barros","cpf":"6467003322","bankname":"null","payBank":"","payCpf":"","pixkey":"06467003322","account":"740568505","status":"done","order":"A20250813233529599588BpJ8GHSGy"},"sign":"E900469CC552C86AF00356DB74F43067"}

【2025-08-14 00:10:08】
P2025081318315620716131144----提交：{"custId":"24120300001308","appId":"8241201350","order":"P2025081318315620716131144","sign":"D3DA31B559B3BED70F6673A37BAA0073"}

【2025-08-14 00:10:08】
P2025081318315620716131144----返回：{"code":"000000","msg":"P2025081318315620716131144","data":{"date":"2025-08-13 18:32:02","eid":"E457564482025081321310Bgd5AMkOsO","amount":"57","name":"Luan Santos Ribeiro","cpf":"15827552640","bankname":"null","payBank":"","payCpf":"","pixkey":"64993232194","account":"595888868","status":"done","order":"A20250813183156975785mtdTVJZMl"},"sign":"8856F2051580EE7D85DA438B185D765E"}

【2025-08-14 00:17:54】
P2025081400164641406565981----提交：{"custId":"24120300001308","appId":"8241201350","order":"P2025081400164641406565981","sign":"5FE1E15AF16A179B5D2DC3A1F7F14175"}

【2025-08-14 00:17:54】
P2025081400164641406565981----返回：{"code":"000000","msg":"P2025081400164641406565981","data":{"date":"2025-08-14 00:16:50","eid":"E372054472025081403164698739a470","amount":"90","name":"LUISA JOST HERMES EUFRASIO","cpf":"02582049077","bankname":"ORBION GAMING LTDA","payBank":"","payCpf":"","pixkey":"54981290515","account":"22896431","status":"done","order":"A20250814001646319497k8fr4Se7A"},"sign":"4F1880FA180AE5EB3BB4D8B94AFE4872"}

【2025-08-14 00:17:59】
P2025081400164641406565981----提交：{"custId":"24120300001308","appId":"8241201350","order":"P2025081400164641406565981","sign":"5FE1E15AF16A179B5D2DC3A1F7F14175"}

【2025-08-14 00:17:59】
P2025081400164641406565981----返回：{"code":"000000","msg":"P2025081400164641406565981","data":{"date":"2025-08-14 00:16:50","eid":"E372054472025081403164698739a470","amount":"90","name":"LUISA JOST HERMES EUFRASIO","cpf":"02582049077","bankname":"ORBION GAMING LTDA","payBank":"","payCpf":"","pixkey":"54981290515","account":"22896431","status":"done","order":"A20250814001646319497k8fr4Se7A"},"sign":"4F1880FA180AE5EB3BB4D8B94AFE4872"}

【2025-08-14 00:33:49】
P2025080921140384843713939----提交：{"custId":"24120300001308","appId":"8241201350","order":"P2025080921140384843713939","sign":"6B846E09C3FB9B8C946F12FF4D5449DC"}

【2025-08-14 00:33:49】
P2025080921140384843713939----返回：{"code":"000000","msg":"P2025080921140384843713939","data":{"date":"2025-08-09 21:14:06","eid":"E372054472025081000140378512e5b4","amount":"540","name":"MURILLO RIBEIRO TEIXEIRA ALVES","cpf":"46063586881","bankname":"ORBION GAMING LTDA","payBank":"","payCpf":"","pixkey":"46063586881","account":"00000000","status":"done","order":"A20250809211403061652YYvTFnIFR"},"sign":"61F2E6C10DC53F3518CA54B0FB03ECB2"}

【2025-08-14 00:33:51】
P2025080921140384843713939----提交：{"custId":"24120300001308","appId":"8241201350","order":"P2025080921140384843713939","sign":"6B846E09C3FB9B8C946F12FF4D5449DC"}

【2025-08-14 00:33:51】
P2025080921140384843713939----返回：{"code":"000000","msg":"P2025080921140384843713939","data":{"date":"2025-08-09 21:14:06","eid":"E372054472025081000140378512e5b4","amount":"540","name":"MURILLO RIBEIRO TEIXEIRA ALVES","cpf":"46063586881","bankname":"ORBION GAMING LTDA","payBank":"","payCpf":"","pixkey":"46063586881","account":"00000000","status":"done","order":"A20250809211403061652YYvTFnIFR"},"sign":"61F2E6C10DC53F3518CA54B0FB03ECB2"}

【2025-08-14 00:46:35】
P2025081319425824978178327----提交：{"custId":"24120300001308","appId":"8241201350","order":"P2025081319425824978178327","sign":"706674CC7847EC10BDC16BA6878ACA1E"}

【2025-08-14 00:46:35】
P2025081319425824978178327----返回：{"code":"000000","msg":"P2025081319425824978178327","data":{"date":"2025-08-13 19:43:05","eid":"E372054472025081322425898022453b","amount":"55","name":"Alexandre Benevides Cardoso","cpf":"30557219850","bankname":"ORBION GAMING LTDA","payBank":"","payCpf":"","pixkey":"13996651810","account":"20855875","status":"done","order":"A202508131942587234333lnXMPE3A"},"sign":"E93212216CD71D8A9483F28D442CB08E"}

【2025-08-14 00:46:38】
P2025081319425824978178327----提交：{"custId":"24120300001308","appId":"8241201350","order":"P2025081319425824978178327","sign":"706674CC7847EC10BDC16BA6878ACA1E"}

【2025-08-14 00:46:38】
P2025081319425824978178327----返回：{"code":"000000","msg":"P2025081319425824978178327","data":{"date":"2025-08-13 19:43:05","eid":"E372054472025081322425898022453b","amount":"55","name":"Alexandre Benevides Cardoso","cpf":"30557219850","bankname":"ORBION GAMING LTDA","payBank":"","payCpf":"","pixkey":"13996651810","account":"20855875","status":"done","order":"A202508131942587234333lnXMPE3A"},"sign":"E93212216CD71D8A9483F28D442CB08E"}

【2025-08-14 00:48:41】
P2025081400414842908047068----提交：{"custId":"24120300001308","appId":"8241201350","order":"P2025081400414842908047068","sign":"5C00A50549B1A25A87008B5A690DF164"}

【2025-08-14 00:48:41】
P2025081400414842908047068----返回：{"code":"000000","msg":"P2025081400414842908047068","data":{"date":"2025-08-14 00:41:51","eid":"E3720544720250814034149215405b3f","amount":"10","name":"Priscilla Azevedo Gomes da Silva","cpf":"06110721492","bankname":"ORBION GAMING LTDA","payBank":"","payCpf":"","pixkey":"81986284786","account":"18236120","status":"done","order":"A20250814004149103371SHVAW96LG"},"sign":"FD40143FC1D771E607BC665C02C527D4"}

【2025-08-14 00:48:47】
P2025081400414842908047068----提交：{"custId":"24120300001308","appId":"8241201350","order":"P2025081400414842908047068","sign":"5C00A50549B1A25A87008B5A690DF164"}

【2025-08-14 00:48:47】
P2025081400414842908047068----返回：{"code":"000000","msg":"P2025081400414842908047068","data":{"date":"2025-08-14 00:41:51","eid":"E3720544720250814034149215405b3f","amount":"10","name":"Priscilla Azevedo Gomes da Silva","cpf":"06110721492","bankname":"ORBION GAMING LTDA","payBank":"","payCpf":"","pixkey":"81986284786","account":"18236120","status":"done","order":"A20250814004149103371SHVAW96LG"},"sign":"FD40143FC1D771E607BC665C02C527D4"}

【2025-08-14 00:56:21】
P2025081400274742067577224----提交：{"custId":"24120300001308","appId":"8241201350","order":"P2025081400274742067577224","sign":"54FC03A50F1D3887E1A889CB654748B8"}

【2025-08-14 00:56:21】
P2025081400274742067577224----返回：{"code":"000000","msg":"P2025081400274742067577224","data":{"date":"2025-08-14 00:27:49","eid":"E3720544720250814032747935d75c34","amount":"60","name":"Ana Paula Querino da Silva","cpf":"05637322376","bankname":"ORBION GAMING LTDA","payBank":"","payCpf":"","pixkey":"05637322376","account":"18236120","status":"done","order":"A20250814002747113883ex3uE13Hj"},"sign":"03794954451D5C30340A0B66552E2430"}

【2025-08-14 00:56:23】
P2025081400274742067577224----提交：{"custId":"24120300001308","appId":"8241201350","order":"P2025081400274742067577224","sign":"54FC03A50F1D3887E1A889CB654748B8"}

【2025-08-14 00:56:23】
P2025081400274742067577224----返回：{"code":"000000","msg":"P2025081400274742067577224","data":{"date":"2025-08-14 00:27:49","eid":"E3720544720250814032747935d75c34","amount":"60","name":"Ana Paula Querino da Silva","cpf":"05637322376","bankname":"ORBION GAMING LTDA","payBank":"","payCpf":"","pixkey":"05637322376","account":"18236120","status":"done","order":"A20250814002747113883ex3uE13Hj"},"sign":"03794954451D5C30340A0B66552E2430"}

