【2025-08-14 18:31:53】
P2025081314232005800993204----提交：{"custId":"24120300001308","appId":"8241201350","order":"P2025081314232005800993204","sign":"F635336B418390EE21D4EEAEF096D9A8"}

【2025-08-14 18:31:53】
P2025081314232005800993204----返回：{"code":"000000","msg":"P2025081314232005800993204","data":{"date":"2025-08-13 14:23:24","eid":"E3720544720250813172320895fc8c30","amount":"20","name":"MARIA SALVADORA DA SILVA","cpf":"76325067134","bankname":"ORBION GAMING LTDA","payBank":"","payCpf":"","pixkey":"67998149291","account":"00360305","status":"done","order":"A202508131423200390329iAQkBNLX"},"sign":"8C1A292673E98DB5FB9AD2E17C7410A3"}

【2025-08-14 18:31:57】
P2025081314232005800993204----提交：{"custId":"24120300001308","appId":"8241201350","order":"P2025081314232005800993204","sign":"F635336B418390EE21D4EEAEF096D9A8"}

【2025-08-14 18:31:57】
P2025081314232005800993204----返回：{"code":"000000","msg":"P2025081314232005800993204","data":{"date":"2025-08-13 14:23:24","eid":"E3720544720250813172320895fc8c30","amount":"20","name":"MARIA SALVADORA DA SILVA","cpf":"76325067134","bankname":"ORBION GAMING LTDA","payBank":"","payCpf":"","pixkey":"67998149291","account":"00360305","status":"done","order":"A202508131423200390329iAQkBNLX"},"sign":"8C1A292673E98DB5FB9AD2E17C7410A3"}

【2025-08-14 18:32:04】
P2025081418210406464013177----提交：{"custId":"24120300001308","appId":"8241201350","order":"P2025081418210406464013177","sign":"30BB4BD2D384AC2EFEE35F19CB47F07D"}

【2025-08-14 18:32:04】
P2025081418210406464013177----返回：{"code":"000000","msg":"P2025081418210406464013177","data":{"date":"2025-08-14 18:21:11","eid":"E37205447202508142121064188cd0fc","amount":"150","name":"DHAYSON WILBLINER ALVES DOS SANTOS","cpf":"10051957655","bankname":"ORBION GAMING LTDA","payBank":"","payCpf":"","pixkey":"10051957655","account":"00360305","status":"done","order":"A20250814182105395213nLKXzvNgm"},"sign":"66DE79FD113DF652451F30DFCDFE3489"}

【2025-08-14 18:32:17】
P2025081418210406464013177----提交：{"custId":"24120300001308","appId":"8241201350","order":"P2025081418210406464013177","sign":"30BB4BD2D384AC2EFEE35F19CB47F07D"}

【2025-08-14 18:32:17】
P2025081418210406464013177----返回：{"code":"000000","msg":"P2025081418210406464013177","data":{"date":"2025-08-14 18:21:11","eid":"E37205447202508142121064188cd0fc","amount":"150","name":"DHAYSON WILBLINER ALVES DOS SANTOS","cpf":"10051957655","bankname":"ORBION GAMING LTDA","payBank":"","payCpf":"","pixkey":"10051957655","account":"00360305","status":"done","order":"A20250814182105395213nLKXzvNgm"},"sign":"66DE79FD113DF652451F30DFCDFE3489"}

【2025-08-14 18:32:27】
P2025081418210406464013177----提交：{"custId":"24120300001308","appId":"8241201350","order":"P2025081418210406464013177","sign":"30BB4BD2D384AC2EFEE35F19CB47F07D"}

【2025-08-14 18:32:27】
P2025081418210406464013177----返回：{"code":"000000","msg":"P2025081418210406464013177","data":{"date":"2025-08-14 18:21:11","eid":"E37205447202508142121064188cd0fc","amount":"150","name":"DHAYSON WILBLINER ALVES DOS SANTOS","cpf":"10051957655","bankname":"ORBION GAMING LTDA","payBank":"","payCpf":"","pixkey":"10051957655","account":"00360305","status":"done","order":"A20250814182105395213nLKXzvNgm"},"sign":"66DE79FD113DF652451F30DFCDFE3489"}

【2025-08-14 18:42:18】
P2025081418413707697105241----提交：{"custId":"24120300001308","appId":"8241201350","order":"P2025081418413707697105241","sign":"5E643C69CA73DD6B7EB25621D3E3C35F"}

【2025-08-14 18:42:19】
P2025081418413707697105241----返回：{"code":"000000","msg":"P2025081418413707697105241","data":{"date":"2025-08-14 18:41:42","eid":"E3720544720250814214138100520734","amount":"1200","name":"Thamini Cristina Ribeiro Ferreira","cpf":"06489267101","bankname":"ORBION GAMING LTDA","payBank":"","payCpf":"","pixkey":"06489267101","account":"10573521","status":"done","order":"A20250814184137613899vrJEsdT5p"},"sign":"3F1200EA240F1F583FA970008688F569"}

【2025-08-14 18:42:20】
P2025081418413707697105241----提交：{"custId":"24120300001308","appId":"8241201350","order":"P2025081418413707697105241","sign":"5E643C69CA73DD6B7EB25621D3E3C35F"}

【2025-08-14 18:42:20】
P2025081418413707697105241----返回：{"code":"000000","msg":"P2025081418413707697105241","data":{"date":"2025-08-14 18:41:42","eid":"E3720544720250814214138100520734","amount":"1200","name":"Thamini Cristina Ribeiro Ferreira","cpf":"06489267101","bankname":"ORBION GAMING LTDA","payBank":"","payCpf":"","pixkey":"06489267101","account":"10573521","status":"done","order":"A20250814184137613899vrJEsdT5p"},"sign":"3F1200EA240F1F583FA970008688F569"}

【2025-08-14 18:49:25】
P2025081416242299462585368----提交：{"custId":"24120300001308","appId":"8241201350","order":"P2025081416242299462585368","sign":"85196A92196A298E96288CEE7865B57A"}

【2025-08-14 18:49:25】
P2025081416242299462585368----返回：{"code":"000000","msg":"P2025081416242299462585368","data":{"date":"2025-08-14 16:24:26","eid":"E37205447202508141924229196399e2","amount":"130","name":"Tatiana De Brito Melo","cpf":"95743332134","bankname":"ORBION GAMING LTDA","payBank":"","payCpf":"","pixkey":"61992137346","account":"23862762","status":"done","order":"A20250814162422137239enTwCUuBD"},"sign":"7ADF167579EE8F45381C2F7059804FF8"}

【2025-08-14 18:49:27】
P2025081416242299462585368----提交：{"custId":"24120300001308","appId":"8241201350","order":"P2025081416242299462585368","sign":"85196A92196A298E96288CEE7865B57A"}

【2025-08-14 18:49:27】
P2025081416242299462585368----返回：{"code":"000000","msg":"P2025081416242299462585368","data":{"date":"2025-08-14 16:24:26","eid":"E37205447202508141924229196399e2","amount":"130","name":"Tatiana De Brito Melo","cpf":"95743332134","bankname":"ORBION GAMING LTDA","payBank":"","payCpf":"","pixkey":"61992137346","account":"23862762","status":"done","order":"A20250814162422137239enTwCUuBD"},"sign":"7ADF167579EE8F45381C2F7059804FF8"}

