【2025-08-14 11:00:32】
P2025081410565379813981786----提交：{"custId":"24120300001308","appId":"8241201350","order":"P2025081410565379813981786","sign":"6DDC29420AF4B07A17CBA1CA52C3D4C0"}

【2025-08-14 11:00:32】
P2025081410565379813981786----返回：{"code":"000000","msg":"P2025081410565379813981786","data":{"date":"2025-08-14 10:59:55","eid":"E3720544720250814135953141167c7e","amount":"10002","name":"CAIO CHIMIN                             ","cpf":"35896968850","bankname":"ORBION GAMING LTDA","payBank":"","payCpf":"","pixkey":"35896968850","account":"60746948","status":"done","order":"A20250814105801757204lP2ZxzA9g"},"sign":"1DF5E2CDA38BCFD5C193A9E0A4087842"}

【2025-08-14 11:07:50】
P2025081411052780327538186----提交：{"custId":"24120300001308","appId":"8241201350","order":"P2025081411052780327538186","sign":"826BA8FFBAB4F87B0A15CCB879E1F4F2"}

【2025-08-14 11:07:50】
P2025081411052780327538186----返回：{"code":"000000","msg":"P2025081411052780327538186","data":{"date":"2025-08-14 11:05:31","eid":"E3720544720250814140528258aa3b32","amount":"41","name":"MATEUS EMANUEL FREITAS DE CASTRO PONTE","cpf":"08706704336","bankname":"ORBION GAMING LTDA","payBank":"","payCpf":"","pixkey":"85991617876","account":"20855875","status":"done","order":"A20250814110528000960mLN2h4qWR"},"sign":"3A076D885240D1B19D0C3456FC41D072"}

【2025-08-14 11:07:55】
P2025081411052780327538186----提交：{"custId":"24120300001308","appId":"8241201350","order":"P2025081411052780327538186","sign":"826BA8FFBAB4F87B0A15CCB879E1F4F2"}

【2025-08-14 11:07:56】
P2025081411052780327538186----返回：{"code":"000000","msg":"P2025081411052780327538186","data":{"date":"2025-08-14 11:05:31","eid":"E3720544720250814140528258aa3b32","amount":"41","name":"MATEUS EMANUEL FREITAS DE CASTRO PONTE","cpf":"08706704336","bankname":"ORBION GAMING LTDA","payBank":"","payCpf":"","pixkey":"85991617876","account":"20855875","status":"done","order":"A20250814110528000960mLN2h4qWR"},"sign":"3A076D885240D1B19D0C3456FC41D072"}

【2025-08-14 11:14:55】
P2025081411132180801506742----提交：{"custId":"24120300001308","appId":"8241201350","order":"P2025081411132180801506742","sign":"FB7FDA550FB8763A0516CF6AA9A860F8"}

【2025-08-14 11:14:55】
P2025081411132180801506742----返回：{"code":"000000","msg":"P2025081411132180801506742","data":{"date":"2025-08-14 11:13:23","eid":"E37205447202508141413218548ca024","amount":"100","name":"Antonio Marcos Soares de Sousa","cpf":"31037740874","bankname":"ORBION GAMING LTDA","payBank":"","payCpf":"","pixkey":"31037740874","account":"18236120","status":"done","order":"A20250814111321238450hyGVwIiPc"},"sign":"3E34B967881E2ED2576CAC7EA66B5692"}

【2025-08-14 11:15:00】
P2025081411132180801506742----提交：{"custId":"24120300001308","appId":"8241201350","order":"P2025081411132180801506742","sign":"FB7FDA550FB8763A0516CF6AA9A860F8"}

【2025-08-14 11:15:00】
P2025081411132180801506742----返回：{"code":"000000","msg":"P2025081411132180801506742","data":{"date":"2025-08-14 11:13:23","eid":"E37205447202508141413218548ca024","amount":"100","name":"Antonio Marcos Soares de Sousa","cpf":"31037740874","bankname":"ORBION GAMING LTDA","payBank":"","payCpf":"","pixkey":"31037740874","account":"18236120","status":"done","order":"A20250814111321238450hyGVwIiPc"},"sign":"3E34B967881E2ED2576CAC7EA66B5692"}

【2025-08-14 11:19:55】
P2025081312365899418668210----提交：{"custId":"24120300001308","appId":"8241201350","order":"P2025081312365899418668210","sign":"BD5594A97A4091065B35882ECE10D530"}

【2025-08-14 11:19:55】
P2025081312365899418668210----返回：{"code":"000000","msg":"P2025081312365899418668210","data":{"date":"2025-08-13 12:37:04","eid":"E37205447202508131536590638abd21","amount":"30","name":"FRANCISCA RODRIGUES SOUZA","cpf":"05611007309","bankname":"ORBION GAMING LTDA","payBank":"","payCpf":"","pixkey":"88994885627","account":"00360305","status":"done","order":"A202508131236582410348xmncZLtQ"},"sign":"98974031C835E894A3DF4EFC838BF1B5"}

【2025-08-14 11:34:21】
P2025081411321981939214135----提交：{"custId":"24120300001308","appId":"8241201350","order":"P2025081411321981939214135","sign":"1E7BD6CC48DCDB4582C3F821A819390A"}

【2025-08-14 11:34:21】
P2025081411321981939214135----返回：{"code":"000000","msg":"P2025081411321981939214135","data":{"date":"2025-08-14 11:34:04","eid":"E37205447202508141434008236d1f64","amount":"19000","name":"HANS CHRISTIAN MAENNCHEN DE LA VEGA","cpf":"13842287992","bankname":"ORBION GAMING LTDA","payBank":"","payCpf":"","pixkey":"13842287992","account":"08850613","status":"done","order":"A20250814113301079242EyVHSY4Xv"},"sign":"194456C416AA11438CFD642DA1DA473E"}

【2025-08-14 11:34:39】
P2025081411321981939214135----提交：{"custId":"24120300001308","appId":"8241201350","order":"P2025081411321981939214135","sign":"1E7BD6CC48DCDB4582C3F821A819390A"}

【2025-08-14 11:34:39】
P2025081411321981939214135----返回：{"code":"000000","msg":"P2025081411321981939214135","data":{"date":"2025-08-14 11:34:04","eid":"E37205447202508141434008236d1f64","amount":"19000","name":"HANS CHRISTIAN MAENNCHEN DE LA VEGA","cpf":"13842287992","bankname":"ORBION GAMING LTDA","payBank":"","payCpf":"","pixkey":"13842287992","account":"08850613","status":"done","order":"A20250814113301079242EyVHSY4Xv"},"sign":"194456C416AA11438CFD642DA1DA473E"}

【2025-08-14 11:34:46】
P2025081411321981939214135----提交：{"custId":"24120300001308","appId":"8241201350","order":"P2025081411321981939214135","sign":"1E7BD6CC48DCDB4582C3F821A819390A"}

【2025-08-14 11:34:46】
P2025081411321981939214135----返回：{"code":"000000","msg":"P2025081411321981939214135","data":{"date":"2025-08-14 11:34:04","eid":"E37205447202508141434008236d1f64","amount":"19000","name":"HANS CHRISTIAN MAENNCHEN DE LA VEGA","cpf":"13842287992","bankname":"ORBION GAMING LTDA","payBank":"","payCpf":"","pixkey":"13842287992","account":"08850613","status":"done","order":"A20250814113301079242EyVHSY4Xv"},"sign":"194456C416AA11438CFD642DA1DA473E"}

【2025-08-14 11:37:46】
P2025081408071769637926476----提交：{"custId":"24120300001308","appId":"8241201350","order":"P2025081408071769637926476","sign":"F108FF2D454006304E07ED0EDC6F6736"}

【2025-08-14 11:37:46】
P2025081408071769637926476----返回：{"code":"000000","msg":"P2025081408071769637926476","data":{"date":"2025-08-14 08:07:19","eid":"E37205447202508141107176132c8fbc","amount":"30","name":"Solange Malaquias dos Santos","cpf":"01198735406","bankname":"ORBION GAMING LTDA","payBank":"","payCpf":"","pixkey":"01198735406","account":"18236120","status":"done","order":"A20250814080717177737Xieidd25w"},"sign":"D40961D563E4C6E7C536614EF0657B73"}

【2025-08-14 11:37:50】
P2025081408071769637926476----提交：{"custId":"24120300001308","appId":"8241201350","order":"P2025081408071769637926476","sign":"F108FF2D454006304E07ED0EDC6F6736"}

【2025-08-14 11:37:50】
P2025081408071769637926476----返回：{"code":"000000","msg":"P2025081408071769637926476","data":{"date":"2025-08-14 08:07:19","eid":"E37205447202508141107176132c8fbc","amount":"30","name":"Solange Malaquias dos Santos","cpf":"01198735406","bankname":"ORBION GAMING LTDA","payBank":"","payCpf":"","pixkey":"01198735406","account":"18236120","status":"done","order":"A20250814080717177737Xieidd25w"},"sign":"D40961D563E4C6E7C536614EF0657B73"}

【2025-08-14 11:43:10】
P2025081410232077800549162----提交：{"custId":"24120300001308","appId":"8241201350","order":"P2025081410232077800549162","sign":"4871CA8B7248F63ECF45776E7DA241D3"}

【2025-08-14 11:43:10】
P2025081410232077800549162----返回：{"code":"000000","msg":"P2025081410232077800549162","data":{"date":"2025-08-14 10:23:23","eid":"E37205447202508141323205800064b4","amount":"1100","name":"GUILHERME PEREIRA ROSA","cpf":"18108933722","bankname":"ORBION GAMING LTDA","payBank":"","payCpf":"","pixkey":"18108933722","account":"00416968","status":"done","order":"A202508141023201243617GQNSmhIG"},"sign":"515FFC15BF79E62B9B0784827BA01752"}

【2025-08-14 11:45:01】
P2025081411434382623818552----提交：{"custId":"24120300001308","appId":"8241201350","order":"P2025081411434382623818552","sign":"E4689981A0E1171AEC7CA040D15D4E88"}

【2025-08-14 11:45:01】
P2025081411434382623818552----返回：{"code":"000000","msg":"P2025081411434382623818552","data":{"date":"2025-08-14 11:43:49","eid":"E45756448202508141443WA70l567aE2","amount":"83.3","name":"RENATA FERREIRA SHERMAN","cpf":"10642856788","bankname":"null","payBank":"","payCpf":"","pixkey":"22999776507","account":"339466","status":"done","order":"A20250814114343198339hmVjELvSp"},"sign":"C51F8A104424F8D931DD9AEC7AF59608"}

【2025-08-14 11:45:03】
P2025081411434382623818552----提交：{"custId":"24120300001308","appId":"8241201350","order":"P2025081411434382623818552","sign":"E4689981A0E1171AEC7CA040D15D4E88"}

【2025-08-14 11:45:03】
P2025081411434382623818552----返回：{"code":"000000","msg":"P2025081411434382623818552","data":{"date":"2025-08-14 11:43:49","eid":"E45756448202508141443WA70l567aE2","amount":"83.3","name":"RENATA FERREIRA SHERMAN","cpf":"10642856788","bankname":"null","payBank":"","payCpf":"","pixkey":"22999776507","account":"339466","status":"done","order":"A20250814114343198339hmVjELvSp"},"sign":"C51F8A104424F8D931DD9AEC7AF59608"}

【2025-08-14 11:45:12】
P2025081411434382623818552----提交：{"custId":"24120300001308","appId":"8241201350","order":"P2025081411434382623818552","sign":"E4689981A0E1171AEC7CA040D15D4E88"}

【2025-08-14 11:45:13】
P2025081411434382623818552----返回：{"code":"000000","msg":"P2025081411434382623818552","data":{"date":"2025-08-14 11:43:49","eid":"E45756448202508141443WA70l567aE2","amount":"83.3","name":"RENATA FERREIRA SHERMAN","cpf":"10642856788","bankname":"null","payBank":"","payCpf":"","pixkey":"22999776507","account":"339466","status":"done","order":"A20250814114343198339hmVjELvSp"},"sign":"C51F8A104424F8D931DD9AEC7AF59608"}

