【2025-08-14 20:06:31】
P2025081420001112411652841----提交：{"custId":"24120300001308","appId":"8241201350","order":"P2025081420001112411652841","sign":"58A47B3EBD31960A08D899E8DDEC2B39"}

【2025-08-14 20:06:32】
P2025081420001112411652841----返回：{"code":"000000","msg":"P2025081420001112411652841","data":{"date":"2025-08-14 20:01:44","eid":"E37205447202508142301404955a1e3f","amount":"20.58","name":"Pablo Gabriel Dias Meireles dos Santos","cpf":"09661835683","bankname":"ORBION GAMING LTDA","payBank":"","payCpf":"","pixkey":"09661835683","account":"18236120","status":"done","order":"A20250814200011272243asZ4r3UEu"},"sign":"C79534FE6C56E6AF0B77C65B04191012"}

【2025-08-14 20:06:33】
P2025081420001112411652841----提交：{"custId":"24120300001308","appId":"8241201350","order":"P2025081420001112411652841","sign":"58A47B3EBD31960A08D899E8DDEC2B39"}

【2025-08-14 20:06:33】
P2025081420001112411652841----返回：{"code":"000000","msg":"P2025081420001112411652841","data":{"date":"2025-08-14 20:01:44","eid":"E37205447202508142301404955a1e3f","amount":"20.58","name":"Pablo Gabriel Dias Meireles dos Santos","cpf":"09661835683","bankname":"ORBION GAMING LTDA","payBank":"","payCpf":"","pixkey":"09661835683","account":"18236120","status":"done","order":"A20250814200011272243asZ4r3UEu"},"sign":"C79534FE6C56E6AF0B77C65B04191012"}

【2025-08-14 20:07:05】
P2025081419365311013768435----提交：{"custId":"24120300001308","appId":"8241201350","order":"P2025081419365311013768435","sign":"635B8F1605D194E5493A36FAF05CD640"}

【2025-08-14 20:07:06】
P2025081419365311013768435----返回：{"code":"000000","msg":"P2025081419365311013768435","data":{"date":"2025-08-14 19:36:59","eid":"E3720544720250814223657935dc18d4","amount":"196","name":"MARIA DO SOCORRO ALVES DOS SANTOS","cpf":"38947651869","bankname":"ORBION GAMING LTDA","payBank":"","payCpf":"","pixkey":"38947651869","account":"60701190","status":"done","order":"A20250814193654020276dQbyizDTD"},"sign":"9E5F2405F1EB51B25D8FB1A5A8FFF6BE"}

【2025-08-14 20:07:06】
P2025081419365311013768435----提交：{"custId":"24120300001308","appId":"8241201350","order":"P2025081419365311013768435","sign":"635B8F1605D194E5493A36FAF05CD640"}

【2025-08-14 20:07:06】
P2025081419365311013768435----返回：{"code":"000000","msg":"P2025081419365311013768435","data":{"date":"2025-08-14 19:36:59","eid":"E3720544720250814223657935dc18d4","amount":"196","name":"MARIA DO SOCORRO ALVES DOS SANTOS","cpf":"38947651869","bankname":"ORBION GAMING LTDA","payBank":"","payCpf":"","pixkey":"38947651869","account":"60701190","status":"done","order":"A20250814193654020276dQbyizDTD"},"sign":"9E5F2405F1EB51B25D8FB1A5A8FFF6BE"}

【2025-08-14 20:08:32】
P2025081419365311013768435----提交：{"custId":"24120300001308","appId":"8241201350","order":"P2025081419365311013768435","sign":"635B8F1605D194E5493A36FAF05CD640"}

【2025-08-14 20:08:33】
P2025081419365311013768435----返回：{"code":"000000","msg":"P2025081419365311013768435","data":{"date":"2025-08-14 19:36:59","eid":"E3720544720250814223657935dc18d4","amount":"196","name":"MARIA DO SOCORRO ALVES DOS SANTOS","cpf":"38947651869","bankname":"ORBION GAMING LTDA","payBank":"","payCpf":"","pixkey":"38947651869","account":"60701190","status":"done","order":"A20250814193654020276dQbyizDTD"},"sign":"9E5F2405F1EB51B25D8FB1A5A8FFF6BE"}

【2025-08-14 20:10:50】
P2025081420102713027143585----提交：{"custId":"24120300001308","appId":"8241201350","order":"P2025081420102713027143585","sign":"DB3A218ED8A81EBA3AA6043936A5E6C4"}

【2025-08-14 20:10:51】
P2025081420102713027143585----返回：{"code":"000000","msg":"P2025081420102713027143585","data":{"date":"2025-08-14 20:10:41","eid":"E3720544720250814231038262a94fa2","amount":"300","name":"GUILHERME RICARDO SOTTO","cpf":"42915763828","bankname":"ORBION GAMING LTDA","payBank":"","payCpf":"","pixkey":"42915763828","account":"90400888","status":"done","order":"A20250814201028743748e9LCFSE9P"},"sign":"D5F2D42AC12D77B57EF82F62B209D433"}

【2025-08-14 20:14:37】
P2025081419502111821444267----提交：{"custId":"24120300001308","appId":"8241201350","order":"P2025081419502111821444267","sign":"1126A155C491C30CC8DA4D13154D1ABC"}

【2025-08-14 20:14:38】
P2025081419502111821444267----返回：{"code":"000000","msg":"P2025081419502111821444267","data":{"date":"2025-08-14 19:50:28","eid":"E37205447202508142250256264b2a93","amount":"49","name":"Edineia Ferreira da Silva","cpf":"06207275195","bankname":"ORBION GAMING LTDA","payBank":"","payCpf":"","pixkey":"06207275195","account":"20855875","status":"done","order":"A20250814195022061891BFkX9Vqga"},"sign":"FBEA869858E3D43AC62499366B04350C"}

【2025-08-14 20:14:40】
P2025081419502111821444267----提交：{"custId":"24120300001308","appId":"8241201350","order":"P2025081419502111821444267","sign":"1126A155C491C30CC8DA4D13154D1ABC"}

【2025-08-14 20:14:40】
P2025081419502111821444267----返回：{"code":"000000","msg":"P2025081419502111821444267","data":{"date":"2025-08-14 19:50:28","eid":"E37205447202508142250256264b2a93","amount":"49","name":"Edineia Ferreira da Silva","cpf":"06207275195","bankname":"ORBION GAMING LTDA","payBank":"","payCpf":"","pixkey":"06207275195","account":"20855875","status":"done","order":"A20250814195022061891BFkX9Vqga"},"sign":"FBEA869858E3D43AC62499366B04350C"}

【2025-08-14 20:21:20】
P2025081202195575995791339----提交：{"custId":"24120300001308","appId":"8241201350","order":"P2025081202195575995791339","sign":"CBC88B9708C7F57502E34123568E1C1E"}

【2025-08-14 20:21:21】
P2025081202195575995791339----返回：{"code":"000000","msg":"P2025081202195575995791339","data":{"date":"2025-08-12 02:19:57","eid":"E3720544720250812051955854cfce26","amount":"10","name":"REJANE MORAIS GOMES","cpf":"01008568961","bankname":"ORBION GAMING LTDA","payBank":"","payCpf":"","pixkey":"01008568961","account":"00360305","status":"done","order":"A20250812021955284324WIQnbcpIX"},"sign":"CED3832FB15EC38C7CBE48B362E8CED2"}

【2025-08-14 20:21:25】
P2025081202195575995791339----提交：{"custId":"24120300001308","appId":"8241201350","order":"P2025081202195575995791339","sign":"CBC88B9708C7F57502E34123568E1C1E"}

【2025-08-14 20:21:25】
P2025081202195575995791339----返回：{"code":"000000","msg":"P2025081202195575995791339","data":{"date":"2025-08-12 02:19:57","eid":"E3720544720250812051955854cfce26","amount":"10","name":"REJANE MORAIS GOMES","cpf":"01008568961","bankname":"ORBION GAMING LTDA","payBank":"","payCpf":"","pixkey":"01008568961","account":"00360305","status":"done","order":"A20250812021955284324WIQnbcpIX"},"sign":"CED3832FB15EC38C7CBE48B362E8CED2"}

【2025-08-14 20:58:08】
P2025081409251674316125320----提交：{"custId":"24120300001308","appId":"8241201350","order":"P2025081409251674316125320","sign":"2EF50C2919EF80D33CAF9098A1AC6188"}

【2025-08-14 20:58:09】
P2025081409251674316125320----返回：{"code":"000000","msg":"P2025081409251674316125320","data":{"date":"2025-08-14 09:25:19","eid":"E3720544720250814122516654ae74e9","amount":"30","name":"MARIA JOSE BEZERRA DO VALE","cpf":"02207987450","bankname":"ORBION GAMING LTDA","payBank":"","payCpf":"","pixkey":"84994519293","account":"00360305","status":"done","order":"A20250814092516130852P8daLFGid"},"sign":"1939E77DEDC6786DA82DFCD4F6C5D67B"}

