【2025-08-14 22:05:43】
P2025081421592519565044440----提交：{"custId":"24120300001308","appId":"8241201350","order":"P2025081421592519565044440","sign":"863DAB753D0D41454518DF50195E0927"}

【2025-08-14 22:05:43】
P2025081421592519565044440----返回：{"code":"000000","msg":"P2025081421592519565044440","data":{"date":"2025-08-14 22:05:24","eid":"E3720544720250815005925860e547e0","amount":"399.31","name":"VERA PEREIRA DE SOUSA           ","cpf":"07229253365","bankname":"ORBION GAMING LTDA","payBank":"","payCpf":"","pixkey":"07229253365","account":"60746948","status":"done","order":"A202508142159251716997GkDwippL"},"sign":"C16ED29F571FA0435E43E93BB2E3214C"}

【2025-08-14 22:05:46】
P2025081421592519565044440----提交：{"custId":"24120300001308","appId":"8241201350","order":"P2025081421592519565044440","sign":"863DAB753D0D41454518DF50195E0927"}

【2025-08-14 22:05:47】
P2025081421592519565044440----返回：{"code":"000000","msg":"P2025081421592519565044440","data":{"date":"2025-08-14 22:05:24","eid":"E3720544720250815005925860e547e0","amount":"399.31","name":"VERA PEREIRA DE SOUSA           ","cpf":"07229253365","bankname":"ORBION GAMING LTDA","payBank":"","payCpf":"","pixkey":"07229253365","account":"60746948","status":"done","order":"A202508142159251716997GkDwippL"},"sign":"C16ED29F571FA0435E43E93BB2E3214C"}

【2025-08-14 22:24:58】
P2025081421515619116467754----提交：{"custId":"24120300001308","appId":"8241201350","order":"P2025081421515619116467754","sign":"7228C63ADE4BB27B3B31032F7FDCE30B"}

【2025-08-14 22:24:59】
P2025081421515619116467754----返回：{"code":"000000","msg":"P2025081421515619116467754","data":{"date":"2025-08-14 21:52:00","eid":"E37205447202508150051568177f98b5","amount":"30","name":"Joao Marcelo Dos Santos Machado","cpf":"70784494282","bankname":"ORBION GAMING LTDA","payBank":"","payCpf":"","pixkey":"70784494282","account":"22896431","status":"done","order":"A20250814215156524390CEX6xSJ1g"},"sign":"1C1F2009DBC14AFAA4C798333C48B5ED"}

【2025-08-14 22:25:00】
P2025081421515619116467754----提交：{"custId":"24120300001308","appId":"8241201350","order":"P2025081421515619116467754","sign":"7228C63ADE4BB27B3B31032F7FDCE30B"}

【2025-08-14 22:25:00】
P2025081421515619116467754----返回：{"code":"000000","msg":"P2025081421515619116467754","data":{"date":"2025-08-14 21:52:00","eid":"E37205447202508150051568177f98b5","amount":"30","name":"Joao Marcelo Dos Santos Machado","cpf":"70784494282","bankname":"ORBION GAMING LTDA","payBank":"","payCpf":"","pixkey":"70784494282","account":"22896431","status":"done","order":"A20250814215156524390CEX6xSJ1g"},"sign":"1C1F2009DBC14AFAA4C798333C48B5ED"}

【2025-08-14 22:30:39】
P2025080918152974129969730----提交：{"custId":"24120300001308","appId":"8241201350","order":"P2025080918152974129969730","sign":"513865EE0C267FB1D0442D6F2941745C"}

【2025-08-14 22:30:39】
P2025080918152974129969730----返回：{"code":"000000","msg":"P2025080918152974129969730","data":{"date":"2025-08-09 18:15:33","eid":"E372054472025080921152994053fdca","amount":"122","name":"MAICON VALMOR RODRIGUES DA SILVA","cpf":"04491295190","bankname":"ORBION GAMING LTDA","payBank":"","payCpf":"","pixkey":"66981250060","account":"00416968","status":"done","order":"A20250809181529785091pVp1kmzdh"},"sign":"29316BB30531CD95AEA64112CA2A203D"}

【2025-08-14 22:46:14】
P2025081421205617256078305----提交：{"custId":"24120300001308","appId":"8241201350","order":"P2025081421205617256078305","sign":"4B2254B013900707B9E31C5CB71B1077"}

【2025-08-14 22:46:15】
P2025081421205617256078305----返回：{"code":"000000","msg":"P2025081421205617256078305","data":{"date":"2025-08-14 21:21:08","eid":"E3720544720250815002057541103994","amount":"100","name":"WILLIAM ROGERIO MONTEIRO","cpf":"31614483833","bankname":"ORBION GAMING LTDA","payBank":"","payCpf":"","pixkey":"19997351675","account":"90400888","status":"done","order":"A20250814212057614200CSn32eKwh"},"sign":"118EB215693A263DBB6DCA00610683A6"}

【2025-08-14 22:46:19】
P2025081421205617256078305----提交：{"custId":"24120300001308","appId":"8241201350","order":"P2025081421205617256078305","sign":"4B2254B013900707B9E31C5CB71B1077"}

【2025-08-14 22:46:19】
P2025081421205617256078305----返回：{"code":"000000","msg":"P2025081421205617256078305","data":{"date":"2025-08-14 21:21:08","eid":"E3720544720250815002057541103994","amount":"100","name":"WILLIAM ROGERIO MONTEIRO","cpf":"31614483833","bankname":"ORBION GAMING LTDA","payBank":"","payCpf":"","pixkey":"19997351675","account":"90400888","status":"done","order":"A20250814212057614200CSn32eKwh"},"sign":"118EB215693A263DBB6DCA00610683A6"}

【2025-08-14 22:46:56】
P2025081422190820748168289----提交：{"custId":"24120300001308","appId":"8241201350","order":"P2025081422190820748168289","sign":"D8430C38542E589836FCC20CA672A331"}

【2025-08-14 22:46:56】
P2025081422190820748168289----返回：{"code":"000000","msg":"P2025081422190820748168289","data":{"date":"2025-08-14 22:19:13","eid":"E3720544720250815011909142430968","amount":"20","name":"PATRICIA GLORIA MAINARDES","cpf":"07444534969","bankname":"ORBION GAMING LTDA","payBank":"","payCpf":"","pixkey":"43996955364","account":"90400888","status":"done","order":"A20250814221908331674l1FPkgAwf"},"sign":"D8A8AE3698B9C3D1D277517FD0DEA1DE"}

【2025-08-14 22:48:16】
P2025081421205617256078305----提交：{"custId":"24120300001308","appId":"8241201350","order":"P2025081421205617256078305","sign":"4B2254B013900707B9E31C5CB71B1077"}

【2025-08-14 22:48:16】
P2025081421205617256078305----返回：{"code":"000000","msg":"P2025081421205617256078305","data":{"date":"2025-08-14 21:21:08","eid":"E3720544720250815002057541103994","amount":"100","name":"WILLIAM ROGERIO MONTEIRO","cpf":"31614483833","bankname":"ORBION GAMING LTDA","payBank":"","payCpf":"","pixkey":"19997351675","account":"90400888","status":"done","order":"A20250814212057614200CSn32eKwh"},"sign":"118EB215693A263DBB6DCA00610683A6"}

【2025-08-14 22:48:48】
P2025081422190820748168289----提交：{"custId":"24120300001308","appId":"8241201350","order":"P2025081422190820748168289","sign":"D8430C38542E589836FCC20CA672A331"}

【2025-08-14 22:48:48】
P2025081422190820748168289----返回：{"code":"000000","msg":"P2025081422190820748168289","data":{"date":"2025-08-14 22:19:13","eid":"E3720544720250815011909142430968","amount":"20","name":"PATRICIA GLORIA MAINARDES","cpf":"07444534969","bankname":"ORBION GAMING LTDA","payBank":"","payCpf":"","pixkey":"43996955364","account":"90400888","status":"done","order":"A20250814221908331674l1FPkgAwf"},"sign":"D8A8AE3698B9C3D1D277517FD0DEA1DE"}

【2025-08-14 22:48:50】
P2025081421193817178498016----提交：{"custId":"24120300001308","appId":"8241201350","order":"P2025081421193817178498016","sign":"A26288A984148A9641C7BD707E3EEF42"}

【2025-08-14 22:48:50】
P2025081421193817178498016----返回：{"code":"000000","msg":"P2025081421193817178498016","data":{"date":"2025-08-14 21:19:43","eid":"E372054472025081500194009882d1ba","amount":"500","name":"ANTONIO FRANCISCO DE SOUSA","cpf":"14519760895","bankname":"ORBION GAMING LTDA","payBank":"","payCpf":"","pixkey":"14519760895","account":"00360305","status":"done","order":"A20250814211939433030IsFVtlvmc"},"sign":"356C2458695692E78EC7BA3AEFF2191E"}

【2025-08-14 22:48:52】
P2025081421193817178498016----提交：{"custId":"24120300001308","appId":"8241201350","order":"P2025081421193817178498016","sign":"A26288A984148A9641C7BD707E3EEF42"}

【2025-08-14 22:48:52】
P2025081421193817178498016----返回：{"code":"000000","msg":"P2025081421193817178498016","data":{"date":"2025-08-14 21:19:43","eid":"E372054472025081500194009882d1ba","amount":"500","name":"ANTONIO FRANCISCO DE SOUSA","cpf":"14519760895","bankname":"ORBION GAMING LTDA","payBank":"","payCpf":"","pixkey":"14519760895","account":"00360305","status":"done","order":"A20250814211939433030IsFVtlvmc"},"sign":"356C2458695692E78EC7BA3AEFF2191E"}

【2025-08-14 22:58:24】
P2025081422450322303189399----提交：{"custId":"24120300001308","appId":"8241201350","order":"P2025081422450322303189399","sign":"8B1D2764856FB7E8AE4BE15356912AC0"}

【2025-08-14 22:58:24】
P2025081422450322303189399----返回：{"code":"000000","msg":"P2025081422450322303189399","data":{"date":"2025-08-14 22:45:06","eid":"E372054472025081501450386986459b","amount":"80","name":"RAIMUNDO NONATO DO NASCIMENTO PEREIRA","cpf":"97292540287","bankname":"ORBION GAMING LTDA","payBank":"","payCpf":"","pixkey":"62999582166","account":"24313102","status":"done","order":"A20250814224503723220zX7UheyHE"},"sign":"AAA0421AAC9538964678104A175C47E9"}

【2025-08-14 22:59:08】
P2025081422450322303189399----提交：{"custId":"24120300001308","appId":"8241201350","order":"P2025081422450322303189399","sign":"8B1D2764856FB7E8AE4BE15356912AC0"}

【2025-08-14 22:59:08】
P2025081422450322303189399----返回：{"code":"000000","msg":"P2025081422450322303189399","data":{"date":"2025-08-14 22:45:06","eid":"E372054472025081501450386986459b","amount":"80","name":"RAIMUNDO NONATO DO NASCIMENTO PEREIRA","cpf":"97292540287","bankname":"ORBION GAMING LTDA","payBank":"","payCpf":"","pixkey":"62999582166","account":"24313102","status":"done","order":"A20250814224503723220zX7UheyHE"},"sign":"AAA0421AAC9538964678104A175C47E9"}

