【2025-08-14 13:05:18】
P2025081211182708307396251----提交：{"custId":"24120300001308","appId":"8241201350","order":"P2025081211182708307396251","sign":"CCE2A94CC5E322F51D8C1923A1DBC709"}

【2025-08-14 13:05:19】
P2025081211182708307396251----返回：{"code":"000000","msg":"P2025081211182708307396251","data":{"date":"2025-08-12 11:18:29","eid":"E372054472025081214182730422d0a7","amount":"50","name":"RAILA REIS SILVA","cpf":"60907899331","bankname":"ORBION GAMING LTDA","payBank":"","payCpf":"","pixkey":"98982783688","account":"54403563","status":"done","order":"A20250812111827699370rCMg1A3de"},"sign":"ED755D60D13983E6247069337F13897E"}

【2025-08-14 13:25:34】
P2025081412460286362291441----提交：{"custId":"24120300001308","appId":"8241201350","order":"P2025081412460286362291441","sign":"3D0ACCCC5DDB5E6750E0A763AEDD6694"}

【2025-08-14 13:25:34】
P2025081412460286362291441----返回：{"code":"000000","msg":"P2025081412460286362291441","data":{"date":"2025-08-14 12:48:15","eid":"E37205447202508141546036297651a2","amount":"200","name":"Eliane Candida de Mattos","cpf":"18653877894","bankname":"ORBION GAMING LTDA","payBank":"","payCpf":"","pixkey":"18653877894","account":"18236120","status":"done","order":"A20250814124603939351aEMx9ch7U"},"sign":"28E75CBB11029F52FAE0F6D5D549CE8A"}

【2025-08-14 13:25:35】
P2025081412460286362291441----提交：{"custId":"24120300001308","appId":"8241201350","order":"P2025081412460286362291441","sign":"3D0ACCCC5DDB5E6750E0A763AEDD6694"}

【2025-08-14 13:25:35】
P2025081412460286362291441----返回：{"code":"000000","msg":"P2025081412460286362291441","data":{"date":"2025-08-14 12:48:15","eid":"E37205447202508141546036297651a2","amount":"200","name":"Eliane Candida de Mattos","cpf":"18653877894","bankname":"ORBION GAMING LTDA","payBank":"","payCpf":"","pixkey":"18653877894","account":"18236120","status":"done","order":"A20250814124603939351aEMx9ch7U"},"sign":"28E75CBB11029F52FAE0F6D5D549CE8A"}

【2025-08-14 13:32:06】
P2025081413222788547934913----提交：{"custId":"24120300001308","appId":"8241201350","order":"P2025081413222788547934913","sign":"DE8E68175B2A936221EF8D6C616F90F9"}

【2025-08-14 13:32:06】
P2025081413222788547934913----返回：{"code":"000000","msg":"P2025081413222788547934913","data":{"date":"2025-08-14 13:22:30","eid":"E3720544720250814162228258686fed","amount":"150","name":"Janieire Dos Santos","cpf":"02123028339","bankname":"ORBION GAMING LTDA","payBank":"","payCpf":"","pixkey":"99981193505","account":"22896431","status":"done","order":"A20250814132227880669drNMgvnDK"},"sign":"5B86C2EC618C83D683CE4E94AC174A78"}

【2025-08-14 13:32:11】
P2025081413222788547934913----提交：{"custId":"24120300001308","appId":"8241201350","order":"P2025081413222788547934913","sign":"DE8E68175B2A936221EF8D6C616F90F9"}

【2025-08-14 13:32:11】
P2025081413222788547934913----返回：{"code":"000000","msg":"P2025081413222788547934913","data":{"date":"2025-08-14 13:22:30","eid":"E3720544720250814162228258686fed","amount":"150","name":"Janieire Dos Santos","cpf":"02123028339","bankname":"ORBION GAMING LTDA","payBank":"","payCpf":"","pixkey":"99981193505","account":"22896431","status":"done","order":"A20250814132227880669drNMgvnDK"},"sign":"5B86C2EC618C83D683CE4E94AC174A78"}

【2025-08-14 13:36:18】
P2025081411575583475214643----提交：{"custId":"24120300001308","appId":"8241201350","order":"P2025081411575583475214643","sign":"11C7A9DDDFC28002A3A8D46FB50DE20F"}

【2025-08-14 13:36:18】
P2025081411575583475214643----返回：{"code":"000000","msg":"P2025081411575583475214643","data":{"date":"2025-08-14 11:58:00","eid":"E45756448202508141457fAfPGXYDnUy","amount":"20","name":"João Victor Chaves de Sousa","cpf":"61511353341","bankname":"null","payBank":"","payCpf":"","pixkey":"+5588992261653","account":"804620015","status":"done","order":"A20250814115755540831QLdPeS6jK"},"sign":"A9576C3F15AABD7EFDF09B6840DECB58"}

【2025-08-14 13:36:26】
P2025081411575583475214643----提交：{"custId":"24120300001308","appId":"8241201350","order":"P2025081411575583475214643","sign":"11C7A9DDDFC28002A3A8D46FB50DE20F"}

【2025-08-14 13:36:26】
P2025081411575583475214643----返回：{"code":"000000","msg":"P2025081411575583475214643","data":{"date":"2025-08-14 11:58:00","eid":"E45756448202508141457fAfPGXYDnUy","amount":"20","name":"João Victor Chaves de Sousa","cpf":"61511353341","bankname":"null","payBank":"","payCpf":"","pixkey":"+5588992261653","account":"804620015","status":"done","order":"A20250814115755540831QLdPeS6jK"},"sign":"A9576C3F15AABD7EFDF09B6840DECB58"}

【2025-08-14 13:43:12】
P2025062813530329583845289----提交：{"custId":"24120300001308","appId":"8241201350","order":"P2025062813530329583845289","sign":"20E59DEFC0483D500DC0B26EBF306631"}

【2025-08-14 13:43:13】
P2025062813530329583845289----返回：{"code":"000000","msg":"P2025062813530329583845289","data":{"date":"2025-06-28 13:54:11","eid":"E14483955202506281654JCPHO50ZG83","amount":"20","name":"EMERSON FERREIRA COSTA","cpf":"***.647.432-**","bankname":"60746948","payBank":"","payCpf":"","pixkey":"ec7739695@gmail.com","account":"ec7739695@gmail.com","status":"done","order":"A20250628135401574153B1icKnTTz"},"sign":"C9F502F76B8F51388360CACC2AD0C248"}

【2025-08-14 13:44:27】
P2025062813530329583845289----提交：{"custId":"24120300001308","appId":"8241201350","order":"P2025062813530329583845289","sign":"20E59DEFC0483D500DC0B26EBF306631"}

【2025-08-14 13:44:27】
P2025062813530329583845289----返回：{"code":"000000","msg":"P2025062813530329583845289","data":{"date":"2025-06-28 13:54:11","eid":"E14483955202506281654JCPHO50ZG83","amount":"20","name":"EMERSON FERREIRA COSTA","cpf":"***.647.432-**","bankname":"60746948","payBank":"","payCpf":"","pixkey":"ec7739695@gmail.com","account":"ec7739695@gmail.com","status":"done","order":"A20250628135401574153B1icKnTTz"},"sign":"C9F502F76B8F51388360CACC2AD0C248"}

【2025-08-14 13:55:08】
P2025081413222788547934913----提交：{"custId":"24120300001308","appId":"8241201350","order":"P2025081413222788547934913","sign":"DE8E68175B2A936221EF8D6C616F90F9"}

【2025-08-14 13:55:08】
P2025081413222788547934913----返回：{"code":"000000","msg":"P2025081413222788547934913","data":{"date":"2025-08-14 13:22:30","eid":"E3720544720250814162228258686fed","amount":"150","name":"Janieire Dos Santos","cpf":"02123028339","bankname":"ORBION GAMING LTDA","payBank":"","payCpf":"","pixkey":"99981193505","account":"22896431","status":"done","order":"A20250814132227880669drNMgvnDK"},"sign":"5B86C2EC618C83D683CE4E94AC174A78"}

【2025-08-14 13:56:31】
P2025081409251674316125320----提交：{"custId":"24120300001308","appId":"8241201350","order":"P2025081409251674316125320","sign":"2EF50C2919EF80D33CAF9098A1AC6188"}

【2025-08-14 13:56:31】
P2025081409251674316125320----返回：{"code":"000000","msg":"P2025081409251674316125320","data":{"date":"2025-08-14 09:25:19","eid":"E3720544720250814122516654ae74e9","amount":"30","name":"MARIA JOSE BEZERRA DO VALE","cpf":"02207987450","bankname":"ORBION GAMING LTDA","payBank":"","payCpf":"","pixkey":"84994519293","account":"00360305","status":"done","order":"A20250814092516130852P8daLFGid"},"sign":"1939E77DEDC6786DA82DFCD4F6C5D67B"}

【2025-08-14 13:56:39】
P2025081409251674316125320----提交：{"custId":"24120300001308","appId":"8241201350","order":"P2025081409251674316125320","sign":"2EF50C2919EF80D33CAF9098A1AC6188"}

【2025-08-14 13:56:39】
P2025081409251674316125320----返回：{"code":"000000","msg":"P2025081409251674316125320","data":{"date":"2025-08-14 09:25:19","eid":"E3720544720250814122516654ae74e9","amount":"30","name":"MARIA JOSE BEZERRA DO VALE","cpf":"02207987450","bankname":"ORBION GAMING LTDA","payBank":"","payCpf":"","pixkey":"84994519293","account":"00360305","status":"done","order":"A20250814092516130852P8daLFGid"},"sign":"1939E77DEDC6786DA82DFCD4F6C5D67B"}

