【2025-08-14 16:06:08】
P2025081416050798307764774----提交：{"custId":"24120300001308","appId":"8241201350","order":"P2025081416050798307764774","sign":"4C68F5A73CE236A755886088C0408784"}

【2025-08-14 16:06:09】
P2025081416050798307764774----返回：{"code":"000000","msg":"P2025081416050798307764774","data":{"date":"2025-08-14 16:05:11","eid":"E37205447202508141905081037e8006","amount":"80","name":"HUGO DELEON DA SILVA ACIOLI","cpf":"06659842438","bankname":"ORBION GAMING LTDA","payBank":"","payCpf":"","pixkey":"06659842438","account":"24313102","status":"done","order":"A20250814160507713295e5yVSXZwT"},"sign":"A6F6733F1077CB401A2C3B933150A6AC"}

【2025-08-14 16:06:13】
P2025081416050798307764774----提交：{"custId":"24120300001308","appId":"8241201350","order":"P2025081416050798307764774","sign":"4C68F5A73CE236A755886088C0408784"}

【2025-08-14 16:06:13】
P2025081416050798307764774----返回：{"code":"000000","msg":"P2025081416050798307764774","data":{"date":"2025-08-14 16:05:11","eid":"E37205447202508141905081037e8006","amount":"80","name":"HUGO DELEON DA SILVA ACIOLI","cpf":"06659842438","bankname":"ORBION GAMING LTDA","payBank":"","payCpf":"","pixkey":"06659842438","account":"24313102","status":"done","order":"A20250814160507713295e5yVSXZwT"},"sign":"A6F6733F1077CB401A2C3B933150A6AC"}

【2025-08-14 16:06:31】
P2025081411372782247426061----提交：{"custId":"24120300001308","appId":"8241201350","order":"P2025081411372782247426061","sign":"5271F2EC3740390C3C6708541F0F3DC3"}

【2025-08-14 16:06:31】
P2025081411372782247426061----返回：{"code":"000000","msg":"P2025081411372782247426061","data":{"date":"2025-08-14 11:37:33","eid":"E4575644820250814143753aotNSGH0O","amount":"10","name":"ADAO JOSE DA CONCEICAO","cpf":"84192755220","bankname":"null","payBank":"","payCpf":"","pixkey":"94992651453","account":"1124321578","status":"done","order":"A20250814113727505560ddRKdxP4X"},"sign":"93F4BA03BC52141152DC5153FD2B9A7D"}

【2025-08-14 16:06:36】
P2025081411372782247426061----提交：{"custId":"24120300001308","appId":"8241201350","order":"P2025081411372782247426061","sign":"5271F2EC3740390C3C6708541F0F3DC3"}

【2025-08-14 16:06:36】
P2025081411372782247426061----返回：{"code":"000000","msg":"P2025081411372782247426061","data":{"date":"2025-08-14 11:37:33","eid":"E4575644820250814143753aotNSGH0O","amount":"10","name":"ADAO JOSE DA CONCEICAO","cpf":"84192755220","bankname":"null","payBank":"","payCpf":"","pixkey":"94992651453","account":"1124321578","status":"done","order":"A20250814113727505560ddRKdxP4X"},"sign":"93F4BA03BC52141152DC5153FD2B9A7D"}

【2025-08-14 16:09:55】
P2025081415310696266512530----提交：{"custId":"24120300001308","appId":"8241201350","order":"P2025081415310696266512530","sign":"9D7024AC98FB3BBABCFD5568E4DCF6F4"}

【2025-08-14 16:09:55】
P2025081415310696266512530----返回：{"code":"000000","msg":"P2025081415310696266512530","data":{"date":"2025-08-14 15:31:11","eid":"E3720544720250814183107057df9070","amount":"50","name":"LEANDRO DE SOUZA RODRIGUES","cpf":"32765605858","bankname":"ORBION GAMING LTDA","payBank":"","payCpf":"","pixkey":"32765605858","account":"00360305","status":"done","order":"A202508141531063904472bQBnrNpX"},"sign":"2181B15F106AC888C551CDDE0FC8D161"}

【2025-08-14 16:09:56】
P2025081415310696266512530----提交：{"custId":"24120300001308","appId":"8241201350","order":"P2025081415310696266512530","sign":"9D7024AC98FB3BBABCFD5568E4DCF6F4"}

【2025-08-14 16:09:56】
P2025081415310696266512530----返回：{"code":"000000","msg":"P2025081415310696266512530","data":{"date":"2025-08-14 15:31:11","eid":"E3720544720250814183107057df9070","amount":"50","name":"LEANDRO DE SOUZA RODRIGUES","cpf":"32765605858","bankname":"ORBION GAMING LTDA","payBank":"","payCpf":"","pixkey":"32765605858","account":"00360305","status":"done","order":"A202508141531063904472bQBnrNpX"},"sign":"2181B15F106AC888C551CDDE0FC8D161"}

【2025-08-14 16:14:04】
P2025081413401289612934959----提交：{"custId":"24120300001308","appId":"8241201350","order":"P2025081413401289612934959","sign":"B414A74B1699609177FB189AC7E8DF53"}

【2025-08-14 16:14:04】
P2025081413401289612934959----返回：{"code":"000000","msg":"P2025081413401289612934959","data":{"date":"2025-08-14 13:40:16","eid":"E372054472025081416401361938f114","amount":"11","name":"João Elton Ramos","cpf":"02759851567","bankname":"ORBION GAMING LTDA","payBank":"","payCpf":"","pixkey":"67933004013","account":"18236120","status":"done","order":"A20250814134012330356vM54iEwHp"},"sign":"173B6DCAAD18225902240B589052440C"}

【2025-08-14 16:15:05】
P2025081320123426754934502----提交：{"custId":"24120300001308","appId":"8241201350","order":"P2025081320123426754934502","sign":"DCE80138C310993DD27376A07E0C2617"}

【2025-08-14 16:15:06】
P2025081320123426754934502----返回：{"code":"000000","msg":"P2025081320123426754934502","data":{"date":"2025-08-13 20:12:38","eid":"E372054472025081323123568643cc08","amount":"1000","name":"Milton aparecido da Silva","cpf":"15078776842","bankname":"ORBION GAMING LTDA","payBank":"","payCpf":"","pixkey":"17996674089","account":"08561701","status":"done","order":"A20250813201235273672JuyCSEbzr"},"sign":"CB700F8D428A643B6DE15FE687871886"}

【2025-08-14 16:15:08】
P2025081320123426754934502----提交：{"custId":"24120300001308","appId":"8241201350","order":"P2025081320123426754934502","sign":"DCE80138C310993DD27376A07E0C2617"}

【2025-08-14 16:15:08】
P2025081320123426754934502----返回：{"code":"000000","msg":"P2025081320123426754934502","data":{"date":"2025-08-13 20:12:38","eid":"E372054472025081323123568643cc08","amount":"1000","name":"Milton aparecido da Silva","cpf":"15078776842","bankname":"ORBION GAMING LTDA","payBank":"","payCpf":"","pixkey":"17996674089","account":"08561701","status":"done","order":"A20250813201235273672JuyCSEbzr"},"sign":"CB700F8D428A643B6DE15FE687871886"}

【2025-08-14 16:32:12】
P2025081416254099540685713----提交：{"custId":"24120300001308","appId":"8241201350","order":"P2025081416254099540685713","sign":"D6BE3BD2B4BC67D624518C0AE8DBFEAA"}

【2025-08-14 16:32:13】
P2025081416254099540685713----返回：{"code":"000000","msg":"P2025081416254099540685713","data":{"date":"2025-08-14 16:25:44","eid":"E372054472025081419254153401fe0a","amount":"330.69","name":"RAFAEL DE ANDRADE DE FREITAS            ","cpf":"04658734303","bankname":"ORBION GAMING LTDA","payBank":"","payCpf":"","pixkey":"04658734303","account":"60746948","status":"done","order":"A20250814162541180576gwyfADsnT"},"sign":"6ACDD250105B0188FF4D439242A19F7F"}

【2025-08-14 16:32:17】
P2025081416254099540685713----提交：{"custId":"24120300001308","appId":"8241201350","order":"P2025081416254099540685713","sign":"D6BE3BD2B4BC67D624518C0AE8DBFEAA"}

【2025-08-14 16:32:18】
P2025081416254099540685713----返回：{"code":"000000","msg":"P2025081416254099540685713","data":{"date":"2025-08-14 16:25:44","eid":"E372054472025081419254153401fe0a","amount":"330.69","name":"RAFAEL DE ANDRADE DE FREITAS            ","cpf":"04658734303","bankname":"ORBION GAMING LTDA","payBank":"","payCpf":"","pixkey":"04658734303","account":"60746948","status":"done","order":"A20250814162541180576gwyfADsnT"},"sign":"6ACDD250105B0188FF4D439242A19F7F"}

【2025-08-14 16:32:19】
P2025081416254099540685713----提交：{"custId":"24120300001308","appId":"8241201350","order":"P2025081416254099540685713","sign":"D6BE3BD2B4BC67D624518C0AE8DBFEAA"}

【2025-08-14 16:32:20】
P2025081416254099540685713----返回：{"code":"000000","msg":"P2025081416254099540685713","data":{"date":"2025-08-14 16:25:44","eid":"E372054472025081419254153401fe0a","amount":"330.69","name":"RAFAEL DE ANDRADE DE FREITAS            ","cpf":"04658734303","bankname":"ORBION GAMING LTDA","payBank":"","payCpf":"","pixkey":"04658734303","account":"60746948","status":"done","order":"A20250814162541180576gwyfADsnT"},"sign":"6ACDD250105B0188FF4D439242A19F7F"}

