【2025-08-14 17:03:27】
P2025081415355296552956668----提交：{"custId":"24120300001308","appId":"8241201350","order":"P2025081415355296552956668","sign":"7A4733833B05AE65E1F92DE99FBBE09B"}

【2025-08-14 17:03:28】
P2025081415355296552956668----返回：{"code":"000000","msg":"P2025081415355296552956668","data":{"date":"2025-08-14 15:35:56","eid":"E3720544720250814183552576bba7bc","amount":"35","name":"Deuseane Amaral Putencio","cpf":"00903499207","bankname":"ORBION GAMING LTDA","payBank":"","payCpf":"","pixkey":"00903499207","account":"18236120","status":"done","order":"A20250814153552963137rAJnBBi7a"},"sign":"7294B0AE2D78177BACB4BF7CA4868258"}

【2025-08-14 17:29:45】
P2025081417183602716142669----提交：{"custId":"24120300001308","appId":"8241201350","order":"P2025081417183602716142669","sign":"5589002115DEB7B6BB9F2CEDE7F0CC67"}

【2025-08-14 17:29:46】
P2025081417183602716142669----返回：{"code":"000000","msg":"P2025081417183602716142669","data":{"date":"2025-08-14 17:29:33","eid":"E3720544720250814202931455186164","amount":"65","name":"CAMILA BRAGA DE SOUZA SILVA","cpf":"17314450757","bankname":"ORBION GAMING LTDA","payBank":"","payCpf":"","pixkey":"17314450757","account":"31872495","status":"done","order":"A202508141729312336895qFYqMWGJ"},"sign":"357AA4A86E55C0348729B117A8F4570F"}

【2025-08-14 17:31:58】
P2025081417054301943542284----提交：{"custId":"24120300001308","appId":"8241201350","order":"P2025081417054301943542284","sign":"02FC47E6C1D284E3AAD9E3E8CD04F769"}

【2025-08-14 17:31:58】
P2025081417054301943542284----返回：{"code":"000000","msg":"P2025081417054301943542284","data":{"date":"2025-08-14 17:31:38","eid":"E372054472025081420313457861e5a4","amount":"50","name":"MILENA RODRIGUES LINO","cpf":"13830529643","bankname":"ORBION GAMING LTDA","payBank":"","payCpf":"","pixkey":"13830529643","account":"00360305","status":"done","order":"A20250814170544628716RsQFYyvZP"},"sign":"61564A6E8EC78B5FEC7C3030CE7E805F"}

【2025-08-14 17:43:46】
P2025081417081102091274553----提交：{"custId":"24120300001308","appId":"8241201350","order":"P2025081417081102091274553","sign":"10B0DF6770AABC7932D995FEF0B7DDD7"}

【2025-08-14 17:43:47】
P2025081417081102091274553----返回：{"code":"000000","msg":"P2025081417081102091274553","data":{"date":"2025-08-14 17:08:16","eid":"E3720544720250814200812347f35cc6","amount":"95","name":"Kaycky Gomes dos Santos","cpf":"19992002760","bankname":"ORBION GAMING LTDA","payBank":"","payCpf":"","pixkey":"kayckygomes@gmail.com","account":"18236120","status":"done","order":"A20250814170811866356RIfr84pew"},"sign":"036A226BCE56B09EE5CAA39DB069A671"}

【2025-08-14 17:43:50】
P2025081417081102091274553----提交：{"custId":"24120300001308","appId":"8241201350","order":"P2025081417081102091274553","sign":"10B0DF6770AABC7932D995FEF0B7DDD7"}

【2025-08-14 17:43:50】
P2025081417081102091274553----返回：{"code":"000000","msg":"P2025081417081102091274553","data":{"date":"2025-08-14 17:08:16","eid":"E3720544720250814200812347f35cc6","amount":"95","name":"Kaycky Gomes dos Santos","cpf":"19992002760","bankname":"ORBION GAMING LTDA","payBank":"","payCpf":"","pixkey":"kayckygomes@gmail.com","account":"18236120","status":"done","order":"A20250814170811866356RIfr84pew"},"sign":"036A226BCE56B09EE5CAA39DB069A671"}

【2025-08-14 17:44:49】
P2025081417081102091274553----提交：{"custId":"24120300001308","appId":"8241201350","order":"P2025081417081102091274553","sign":"10B0DF6770AABC7932D995FEF0B7DDD7"}

【2025-08-14 17:44:49】
P2025081417081102091274553----返回：{"code":"000000","msg":"P2025081417081102091274553","data":{"date":"2025-08-14 17:08:16","eid":"E3720544720250814200812347f35cc6","amount":"95","name":"Kaycky Gomes dos Santos","cpf":"19992002760","bankname":"ORBION GAMING LTDA","payBank":"","payCpf":"","pixkey":"kayckygomes@gmail.com","account":"18236120","status":"done","order":"A20250814170811866356RIfr84pew"},"sign":"036A226BCE56B09EE5CAA39DB069A671"}

【2025-08-14 17:55:32】
P2025081417292003360415673----提交：{"custId":"24120300001308","appId":"8241201350","order":"P2025081417292003360415673","sign":"1593AB2DF960B00F0856EEF607D4C073"}

【2025-08-14 17:55:32】
P2025081417292003360415673----返回：{"code":"000000","msg":"P2025081417292003360415673","data":{"date":"2025-08-14 17:29:23","eid":"E3720544720250814202921222ed9230","amount":"50","name":"SILMARA PEREIRA DOS SANTOS","cpf":"34967507824","bankname":"ORBION GAMING LTDA","payBank":"","payCpf":"","pixkey":"15996568230","account":"60746948","status":"done","order":"A20250814172921571517YkIkFKs1C"},"sign":"5ADAD9854C9B2CAD66B6E0886E888EA5"}

【2025-08-14 17:55:34】
P2025081417292003360415673----提交：{"custId":"24120300001308","appId":"8241201350","order":"P2025081417292003360415673","sign":"1593AB2DF960B00F0856EEF607D4C073"}

【2025-08-14 17:55:34】
P2025081417292003360415673----返回：{"code":"000000","msg":"P2025081417292003360415673","data":{"date":"2025-08-14 17:29:23","eid":"E3720544720250814202921222ed9230","amount":"50","name":"SILMARA PEREIRA DOS SANTOS","cpf":"34967507824","bankname":"ORBION GAMING LTDA","payBank":"","payCpf":"","pixkey":"15996568230","account":"60746948","status":"done","order":"A20250814172921571517YkIkFKs1C"},"sign":"5ADAD9854C9B2CAD66B6E0886E888EA5"}

【2025-08-14 17:55:47】
P2025081417292003360415673----提交：{"custId":"24120300001308","appId":"8241201350","order":"P2025081417292003360415673","sign":"1593AB2DF960B00F0856EEF607D4C073"}

【2025-08-14 17:55:47】
P2025081417292003360415673----返回：{"code":"000000","msg":"P2025081417292003360415673","data":{"date":"2025-08-14 17:29:23","eid":"E3720544720250814202921222ed9230","amount":"50","name":"SILMARA PEREIRA DOS SANTOS","cpf":"34967507824","bankname":"ORBION GAMING LTDA","payBank":"","payCpf":"","pixkey":"15996568230","account":"60746948","status":"done","order":"A20250814172921571517YkIkFKs1C"},"sign":"5ADAD9854C9B2CAD66B6E0886E888EA5"}

