【2025-08-25 10:01:59】
回调信息：{"update_id":448770402,"message":{"message_id":546,"from":{"id":7242149538,"is_bot":false,"first_name":"大伟","last_name":"Dà Wěi","username":"BR_zzdw","language_code":"id","is_premium":true},"chat":{"id":-1002703499998,"title":"巴西-YUNPAY-10421-Aa123","type":"supergroup"},"date":1756126918,"text":"\/balance@YunPay3_bot","entities":[{"offset":0,"length":20,"type":"bot_command"}]}}

【2025-08-25 10:02:57】
回调信息：{"update_id":448770403,"message":{"message_id":3366,"from":{"id":7375451757,"is_bot":false,"first_name":"二狼 ~小新","username":"Riyubokie2","language_code":"en"},"chat":{"id":-1002550317918,"title":"巴西-YunPay-10460-GTV-（0.4%）","type":"supergroup"},"date":1756126977,"text":"\/df TX17561239659482486686","entities":[{"offset":0,"length":3,"type":"bot_command"}]}}

【2025-08-25 10:03:33】
回调信息：{"update_id":448770404,"message":{"message_id":23107,"from":{"id":7471903692,"is_bot":false,"first_name":"qqpay全球支付（咏珊）","username":"qqpay34"},"chat":{"id":-1002416189316,"title":"巴西-YunPay-10024-qqpay 0.4%","type":"supergroup"},"date":1756127012,"text":"\/df 2000_20257_800533632082132085","entities":[{"offset":0,"length":3,"type":"bot_command"}]}}

【2025-08-25 10:03:48】
回调信息：{"update_id":448770405,"message":{"message_id":519,"from":{"id":6753451520,"is_bot":false,"first_name":"阿斯 Ā sī","username":"BR_zzas"},"chat":{"id":-1002709369410,"title":"巴西-YUNPAY-10423-a188","type":"supergroup"},"date":1756127028,"text":"\/balance@YunPay3_bot","entities":[{"offset":0,"length":20,"type":"bot_command"}]}}

【2025-08-25 10:05:26】
回调信息：{"update_id":448770406,"message":{"message_id":1205,"from":{"id":8158377729,"is_bot":false,"first_name":"YunPay","last_name":"发财","username":"yunpay007","is_premium":true},"chat":{"id":-1002833866053,"title":"巴西-YunPay-10375-A299 ̣̣̣̣（0.4）","type":"supergroup"},"date":1756127124,"text":"\/df tx_40103_202508251222413S97i","entities":[{"offset":0,"length":3,"type":"bot_command"}]}}

【2025-08-25 10:07:26】
回调信息：{"update_id":448770407,"message":{"message_id":2393,"from":{"id":7250856495,"is_bot":false,"first_name":"大46 家宜(･ω･) 阿祥"},"chat":{"id":-1002528940452,"title":"巴西-YunPay-10398-1010","type":"supergroup"},"date":1756127245,"text":"\/df tx_1067_202508251221359klMu","entities":[{"offset":0,"length":3,"type":"bot_command"}]}}

【2025-08-25 10:07:47】
回调信息：{"update_id":448770408,"message":{"message_id":23112,"from":{"id":7507285394,"is_bot":false,"first_name":"QQpay全球支付-客服 小李","username":"qqpay99007"},"chat":{"id":-1002416189316,"title":"巴西-YunPay-10024-qqpay 0.4%","type":"supergroup"},"date":1756127266,"text":"\/ds 2000_20336_800533487416393504","entities":[{"offset":0,"length":3,"type":"bot_command"}]}}

【2025-08-25 10:07:55】
回调信息：{"update_id":448770409,"message":{"message_id":23114,"from":{"id":7507285394,"is_bot":false,"first_name":"QQpay全球支付-客服 小李","username":"qqpay99007"},"chat":{"id":-1002416189316,"title":"巴西-YunPay-10024-qqpay 0.4%","type":"supergroup"},"date":1756127275,"text":"\/df 2000_20336_800533487416393504","entities":[{"offset":0,"length":3,"type":"bot_command"}]}}

【2025-08-25 10:07:57】
回调信息：{"update_id":448770410,"message":{"message_id":12965,"from":{"id":7639967842,"is_bot":false,"first_name":"THICHCA-DPVQT-0165","username":"THCA0123","is_premium":true},"chat":{"id":-1002680635315,"title":"巴西-YunPay-10243-u888-0.4%","type":"supergroup"},"date":1756127276,"text":"\/balance@YunPay3_bot","entities":[{"offset":0,"length":20,"type":"bot_command"}]}}

【2025-08-25 10:08:42】
回调信息：{"update_id":448770411,"message":{"message_id":23116,"from":{"id":7507285394,"is_bot":false,"first_name":"QQpay全球支付-客服 小李","username":"qqpay99007"},"chat":{"id":-1002416189316,"title":"巴西-YunPay-10024-qqpay 0.4%","type":"supergroup"},"date":1756127321,"text":"\/df 2000_20336_800533527555886161","entities":[{"offset":0,"length":3,"type":"bot_command"}]}}

【2025-08-25 10:09:00】
回调信息：{"update_id":448770412,"message":{"message_id":23118,"from":{"id":7471903692,"is_bot":false,"first_name":"qqpay全球支付（咏珊）","username":"qqpay34"},"chat":{"id":-1002416189316,"title":"巴西-YunPay-10024-qqpay 0.4%","type":"supergroup"},"date":1756127340,"text":"\/df 2000_20222_800524342562794141","entities":[{"offset":0,"length":3,"type":"bot_command"}]}}

【2025-08-25 10:09:22】
回调信息：{"update_id":448770413,"message":{"message_id":23120,"from":{"id":7507285394,"is_bot":false,"first_name":"QQpay全球支付-客服 小李","username":"qqpay99007"},"chat":{"id":-1002416189316,"title":"巴西-YunPay-10024-qqpay 0.4%","type":"supergroup"},"date":1756127362,"text":"\/df 2000_20336_800533629578135513","entities":[{"offset":0,"length":3,"type":"bot_command"}]}}

【2025-08-25 10:09:52】
回调信息：{"update_id":448770414,"message":{"message_id":23122,"from":{"id":7507285394,"is_bot":false,"first_name":"QQpay全球支付-客服 小李","username":"qqpay99007"},"chat":{"id":-1002416189316,"title":"巴西-YunPay-10024-qqpay 0.4%","type":"supergroup"},"date":1756127391,"text":"\/df 2000_20336_800533487898734328","entities":[{"offset":0,"length":3,"type":"bot_command"}]}}

【2025-08-25 10:10:22】
回调信息：{"update_id":448770415,"message":{"message_id":23125,"from":{"id":7507285394,"is_bot":false,"first_name":"QQpay全球支付-客服 小李","username":"qqpay99007"},"chat":{"id":-1002416189316,"title":"巴西-YunPay-10024-qqpay 0.4%","type":"supergroup"},"date":1756127422,"text":"\/df 2000_20336_800533654320334719","entities":[{"offset":0,"length":3,"type":"bot_command"}]}}

【2025-08-25 10:11:29】
回调信息：{"update_id":448770416,"message":{"message_id":23127,"from":{"id":7507285394,"is_bot":false,"first_name":"QQpay全球支付-客服 小李","username":"qqpay99007"},"chat":{"id":-1002416189316,"title":"巴西-YunPay-10024-qqpay 0.4%","type":"supergroup"},"date":1756127488,"text":"\/df 2000_20336_800533645042529290","entities":[{"offset":0,"length":3,"type":"bot_command"}]}}

【2025-08-25 10:11:33】
回调信息：{"update_id":448770417,"message":{"message_id":11554,"from":{"id":7711239375,"is_bot":false,"first_name":"COI - CSKHQT - 0238","username":"coi_brazil_cs0238","language_code":"vi","is_premium":true},"chat":{"id":-1002319776228,"title":"巴西-YunPay-10168-777vip-0.4%","type":"supergroup"},"date":1756127492,"text":"\/balance@YunPay3_bot","entities":[{"offset":0,"length":20,"type":"bot_command"}]}}

【2025-08-25 10:12:13】
回调信息：{"update_id":448770418,"message":{"message_id":218,"from":{"id":6914114232,"is_bot":false,"first_name":"巴西ck--zz","username":"baxichukuanbusihao","is_premium":true},"chat":{"id":-1002776296483,"title":"55AA-YUNPAY-10448-巴西熊猫","type":"supergroup"},"date":1756127533,"text":"\/balance@YunPay3_bot","entities":[{"offset":0,"length":20,"type":"bot_command"}]}}

【2025-08-25 10:12:45】
回调信息：{"update_id":448770419,"message":{"message_id":23129,"from":{"id":7507285394,"is_bot":false,"first_name":"QQpay全球支付-客服 小李","username":"qqpay99007"},"chat":{"id":-1002416189316,"title":"巴西-YunPay-10024-qqpay 0.4%","type":"supergroup"},"date":1756127564,"text":"\/df 2000_20336_800533486187458970","entities":[{"offset":0,"length":3,"type":"bot_command"}]}}

【2025-08-25 10:12:50】
回调信息：{"update_id":448770420,"message":{"message_id":23131,"from":{"id":7471903692,"is_bot":false,"first_name":"qqpay全球支付（咏珊）","username":"qqpay34"},"chat":{"id":-1002416189316,"title":"巴西-YunPay-10024-qqpay 0.4%","type":"supergroup"},"date":1756127570,"text":"\/df 2000_20257_800533640651090521","entities":[{"offset":0,"length":3,"type":"bot_command"}]}}

【2025-08-25 10:13:02】
回调信息：{"update_id":448770421,"message":{"message_id":23133,"from":{"id":8158377729,"is_bot":false,"first_name":"YunPay","last_name":"发财","username":"yunpay007","is_premium":true},"chat":{"id":-1002416189316,"title":"巴西-YunPay-10024-qqpay 0.4%","type":"supergroup"},"date":1756127582,"text":"\/ds 2025082509213951529899985","entities":[{"offset":0,"length":3,"type":"bot_command"}]}}

【2025-08-25 10:13:24】
回调信息：{"update_id":448770422,"message":{"message_id":23136,"from":{"id":7507285394,"is_bot":false,"first_name":"QQpay全球支付-客服 小李","username":"qqpay99007"},"chat":{"id":-1002416189316,"title":"巴西-YunPay-10024-qqpay 0.4%","type":"supergroup"},"date":1756127604,"text":"\/df 2000_20336_800533521335723186","entities":[{"offset":0,"length":3,"type":"bot_command"}]}}

【2025-08-25 10:13:36】
回调信息：{"update_id":448770423,"message":{"message_id":23138,"from":{"id":8158377729,"is_bot":false,"first_name":"YunPay","last_name":"发财","username":"yunpay007","is_premium":true},"chat":{"id":-1002416189316,"title":"巴西-YunPay-10024-qqpay 0.4%","type":"supergroup"},"date":1756127616,"text":"\/ds 2025082509220056545547813","entities":[{"offset":0,"length":3,"type":"bot_command"}]}}

【2025-08-25 10:13:47】
回调信息：{"update_id":448770424,"message":{"message_id":1453,"from":{"id":7587431285,"is_bot":false,"first_name":"小马 Đại Nhân","last_name":"Tô","username":"to70c1"},"chat":{"id":-1002618588615,"title":"巴西-YunPay-10314-777KG 0.4%","type":"supergroup"},"date":1756127627,"text":"\/df 01310525820630001126048","entities":[{"offset":0,"length":3,"type":"bot_command"}]}}

【2025-08-25 10:13:53】
回调信息：{"update_id":448770425,"message":{"message_id":1455,"from":{"id":7587431285,"is_bot":false,"first_name":"小马 Đại Nhân","last_name":"Tô","username":"to70c1"},"chat":{"id":-1002618588615,"title":"巴西-YunPay-10314-777KG 0.4%","type":"supergroup"},"date":1756127633,"text":"\/df 01310525820630001134218","entities":[{"offset":0,"length":3,"type":"bot_command"}]}}

【2025-08-25 10:14:09】
回调信息：{"update_id":448770426,"message":{"message_id":23141,"from":{"id":8158377729,"is_bot":false,"first_name":"YunPay","last_name":"发财","username":"yunpay007","is_premium":true},"chat":{"id":-1002416189316,"title":"巴西-YunPay-10024-qqpay 0.4%","type":"supergroup"},"date":1756127649,"text":"\/ds 2025082509225951505372970","entities":[{"offset":0,"length":3,"type":"bot_command"}]}}

【2025-08-25 10:14:35】
回调信息：{"update_id":448770427,"message":{"message_id":23144,"from":{"id":8158377729,"is_bot":false,"first_name":"YunPay","last_name":"发财","username":"yunpay007","is_premium":true},"chat":{"id":-1002416189316,"title":"巴西-YunPay-10024-qqpay 0.4%","type":"supergroup"},"date":1756127675,"text":"\/ds 2025082509220056545547813","entities":[{"offset":0,"length":3,"type":"bot_command"}]}}

【2025-08-25 10:15:17】
回调信息：{"update_id":448770428,"message":{"message_id":2395,"from":{"id":8158377729,"is_bot":false,"first_name":"YunPay","last_name":"发财","username":"yunpay007","is_premium":true},"chat":{"id":-1002528940452,"title":"巴西-YunPay-10398-1010","type":"supergroup"},"date":1756127716,"text":"\/ds 2025082509215110297569094","entities":[{"offset":0,"length":3,"type":"bot_command"}]}}

【2025-08-25 10:15:18】
回调信息：{"update_id":448770429,"message":{"message_id":23147,"from":{"id":7153732838,"is_bot":false,"first_name":"qqpay全球支付 （客服5） 白郎- 辉夜","username":"qqpay003","language_code":"zh-hans","is_premium":true},"chat":{"id":-1002416189316,"title":"巴西-YunPay-10024-qqpay 0.4%","type":"supergroup"},"date":1756127717,"text":"\/df 2000_20007_800522896517774581","entities":[{"offset":0,"length":3,"type":"bot_command"}]}}

【2025-08-25 10:15:21】
回调信息：{"update_id":448770430,"message":{"message_id":797,"from":{"id":8226421864,"is_bot":false,"first_name":"阿瞳——啊南","username":"kevin_794"},"chat":{"id":-1002761100220,"title":"巴西-YunPay-10432-0697-04%","type":"supergroup"},"date":1756127720,"text":"\/df TX17561239539833431643","entities":[{"offset":0,"length":3,"type":"bot_command"}]}}

【2025-08-25 10:15:45】
回调信息：{"update_id":448770431,"message":{"message_id":856,"from":{"id":8226421864,"is_bot":false,"first_name":"阿瞳——啊南","username":"kevin_794"},"chat":{"id":-1002794581612,"title":"巴西-YunPay-10333-ajwin-0.4%","type":"supergroup"},"date":1756127745,"text":"\/df TX17561239539833431643","entities":[{"offset":0,"length":3,"type":"bot_command"}]}}

【2025-08-25 10:16:05】
回调信息：{"update_id":448770432,"message":{"message_id":858,"from":{"id":8226421864,"is_bot":false,"first_name":"阿瞳——啊南","username":"kevin_794"},"chat":{"id":-1002794581612,"title":"巴西-YunPay-10333-ajwin-0.4%","type":"supergroup"},"date":1756127764,"text":"\/df TX17561239539833431643","entities":[{"offset":0,"length":3,"type":"bot_command"}]}}

【2025-08-25 10:16:10】
回调信息：{"update_id":448770433,"message":{"message_id":23151,"from":{"id":7507285394,"is_bot":false,"first_name":"QQpay全球支付-客服 小李","username":"qqpay99007"},"chat":{"id":-1002416189316,"title":"巴西-YunPay-10024-qqpay 0.4%","type":"supergroup"},"date":1756127770,"text":"\/df 2000_20336_800533564629339980","entities":[{"offset":0,"length":3,"type":"bot_command"}]}}

【2025-08-25 10:16:20】
回调信息：{"update_id":448770434,"message":{"message_id":3369,"from":{"id":8158377729,"is_bot":false,"first_name":"YunPay","last_name":"发财","username":"yunpay007","is_premium":true},"chat":{"id":-1002550317918,"title":"巴西-YunPay-10460-GTV-（0.4%）","type":"supergroup"},"date":1756127779,"text":"\/df TX17561239659482486686","entities":[{"offset":0,"length":3,"type":"bot_command"}]}}

【2025-08-25 10:16:28】
回调信息：{"update_id":448770435,"message":{"message_id":860,"from":{"id":8226421864,"is_bot":false,"first_name":"阿瞳——啊南","username":"kevin_794"},"chat":{"id":-1002794581612,"title":"巴西-YunPay-10333-ajwin-0.4%","type":"supergroup"},"date":1756127787,"text":"磅差失败原因"}}

【2025-08-25 10:16:30】
回调信息：{"update_id":448770436,"message":{"message_id":861,"from":{"id":8226421864,"is_bot":false,"first_name":"阿瞳——啊南","username":"kevin_794"},"chat":{"id":-1002794581612,"title":"巴西-YunPay-10333-ajwin-0.4%","type":"supergroup"},"date":1756127789,"text":"TX17561239539833431643"}}

【2025-08-25 10:16:33】
回调信息：{"update_id":448770437,"message":{"message_id":23153,"from":{"id":7507285394,"is_bot":false,"first_name":"QQpay全球支付-客服 小李","username":"qqpay99007"},"chat":{"id":-1002416189316,"title":"巴西-YunPay-10024-qqpay 0.4%","type":"supergroup"},"date":1756127793,"text":"\/df 2000_20336_800533446610010221","entities":[{"offset":0,"length":3,"type":"bot_command"}]}}

【2025-08-25 10:16:43】
回调信息：{"update_id":448770438,"message":{"message_id":862,"from":{"id":8158377729,"is_bot":false,"first_name":"YunPay","last_name":"发财","username":"yunpay007","is_premium":true},"chat":{"id":-1002794581612,"title":"巴西-YunPay-10333-ajwin-0.4%","type":"supergroup"},"date":1756127802,"text":"\/df TX17561239539833431643","entities":[{"offset":0,"length":3,"type":"bot_command"}]}}

【2025-08-25 10:16:50】
回调信息：{"update_id":448770439,"message":{"message_id":864,"from":{"id":8158377729,"is_bot":false,"first_name":"YunPay","last_name":"发财","username":"yunpay007","is_premium":true},"chat":{"id":-1002794581612,"title":"巴西-YunPay-10333-ajwin-0.4%","type":"supergroup"},"date":1756127810,"message_thread_id":860,"reply_to_message":{"message_id":860,"from":{"id":8226421864,"is_bot":false,"first_name":"阿瞳——啊南","username":"kevin_794"},"chat":{"id":-1002794581612,"title":"巴西-YunPay-10333-ajwin-0.4%","type":"supergroup"},"date":1756127787,"text":"磅差失败原因"},"text":"订单没有提交到我们这里"}}

【2025-08-25 10:17:22】
回调信息：{"update_id":448770440,"message":{"message_id":3373,"from":{"id":7375451757,"is_bot":false,"first_name":"二狼 ~小新","username":"Riyubokie2","language_code":"en"},"chat":{"id":-1002550317918,"title":"巴西-YunPay-10460-GTV-（0.4%）","type":"supergroup"},"date":1756127841,"text":"\/df TX17561239659482486686","entities":[{"offset":0,"length":3,"type":"bot_command"}]}}

【2025-08-25 10:17:23】
回调信息：{"update_id":448770441,"message":{"message_id":23155,"from":{"id":8158377729,"is_bot":false,"first_name":"YunPay","last_name":"发财","username":"yunpay007","is_premium":true},"chat":{"id":-1002416189316,"title":"巴西-YunPay-10024-qqpay 0.4%","type":"supergroup"},"date":1756127843,"text":"\/ds P2025082508401922019915318","entities":[{"offset":0,"length":3,"type":"bot_command"}]}}

【2025-08-25 10:17:28】
回调信息：{"update_id":448770442,"message":{"message_id":23157,"from":{"id":8158377729,"is_bot":false,"first_name":"YunPay","last_name":"发财","username":"yunpay007","is_premium":true},"chat":{"id":-1002416189316,"title":"巴西-YunPay-10024-qqpay 0.4%","type":"supergroup"},"date":1756127848,"text":"\/df P2025082508401922019915318","entities":[{"offset":0,"length":3,"type":"bot_command"}]}}

【2025-08-25 10:17:35】
回调信息：{"update_id":448770443,"message":{"message_id":865,"from":{"id":8226421864,"is_bot":false,"first_name":"阿瞳——啊南","username":"kevin_794"},"chat":{"id":-1002794581612,"title":"巴西-YunPay-10333-ajwin-0.4%","type":"supergroup"},"date":1756127855,"message_thread_id":860,"reply_to_message":{"message_id":864,"from":{"id":8158377729,"is_bot":false,"first_name":"YunPay","last_name":"发财","username":"yunpay007","is_premium":true},"chat":{"id":-1002794581612,"title":"巴西-YunPay-10333-ajwin-0.4%","type":"supergroup"},"date":1756127810,"message_thread_id":860,"text":"订单没有提交到我们这里"},"quote":{"text":"订单没有提交到我们这里","position":0,"is_manual":true},"text":"能不能取消"}}

【2025-08-25 10:18:18】
回调信息：{"update_id":448770444,"callback_query":{"id":"8399470497802877088","from":{"id":8398105066,"is_bot":false,"first_name":"Gan","username":"lo1231230","language_code":"zh-hans"},"message":{"message_id":1131,"from":{"id":7762675448,"is_bot":true,"first_name":"YunPay","username":"YunPay3_bot"},"chat":{"id":-1002988535158,"title":"巴西-YunPay-10442 mariojogo- 0.4%","type":"supergroup"},"date":1756126829,"text":"代付风控提示\n\n系统订单号：P2025082510002826828056871\n外部订单号：267295625040714393\n订单金额：224.00\n开户名 ：Lucas Pereira Rocha\n账号 ：16651221612\n申请时间：2025-08-25 10:00:28","entities":[{"offset":14,"length":26,"type":"code"},{"offset":47,"length":18,"type":"code"}],"reply_markup":{"inline_keyboard":[[{"text":"驳回(reject)","callback_data":"reject P2025082510002826828056871"},{"text":"通过(pass)","callback_data":"pass P2025082510002826828056871"}]]}},"chat_instance":"3039285739919429818","data":"pass P2025082510002826828056871"}}

【2025-08-25 10:18:19】
回调信息：{"update_id":448770445,"message":{"message_id":866,"from":{"id":8158377729,"is_bot":false,"first_name":"YunPay","last_name":"发财","username":"yunpay007","is_premium":true},"chat":{"id":-1002794581612,"title":"巴西-YunPay-10333-ajwin-0.4%","type":"supergroup"},"date":1756127898,"message_thread_id":860,"reply_to_message":{"message_id":865,"from":{"id":8226421864,"is_bot":false,"first_name":"阿瞳——啊南","username":"kevin_794"},"chat":{"id":-1002794581612,"title":"巴西-YunPay-10333-ajwin-0.4%","type":"supergroup"},"date":1756127855,"message_thread_id":860,"quote":{"text":"订单没有提交到我们这里","position":0,"is_manual":true},"text":"能不能取消"},"text":"提交不到就失败，取消了"}}

【2025-08-25 10:18:19】
回调信息：{"update_id":448770446,"callback_query":{"id":"8399470496468103345","from":{"id":8398105066,"is_bot":false,"first_name":"Gan","username":"lo1231230","language_code":"zh-hans"},"message":{"message_id":1132,"from":{"id":7762675448,"is_bot":true,"first_name":"YunPay","username":"YunPay3_bot"},"chat":{"id":-1002988535158,"title":"巴西-YunPay-10442 mariojogo- 0.4%","type":"supergroup"},"date":1756127878,"text":"代付风控提示\n\n系统订单号：P2025082510175727877842982\n外部订单号：267323677510550753\n订单金额：165.00\n开户名 ：Rebeca Isis\n账号 ：14806389609\n申请时间：2025-08-25 10:17:57","entities":[{"offset":14,"length":26,"type":"code"},{"offset":47,"length":18,"type":"code"}],"reply_markup":{"inline_keyboard":[[{"text":"驳回(reject)","callback_data":"reject P2025082510175727877842982"},{"text":"通过(pass)","callback_data":"pass P2025082510175727877842982"}]]}},"chat_instance":"3039285739919429818","data":"pass P2025082510175727877842982"}}

【2025-08-25 10:18:20】
回调信息：{"update_id":448770447,"callback_query":{"id":"8399470497842998196","from":{"id":8398105066,"is_bot":false,"first_name":"Gan","username":"lo1231230","language_code":"zh-hans"},"message":{"message_id":1132,"from":{"id":7762675448,"is_bot":true,"first_name":"YunPay","username":"YunPay3_bot"},"chat":{"id":-1002988535158,"title":"巴西-YunPay-10442 mariojogo- 0.4%","type":"supergroup"},"date":1756127878,"text":"代付风控提示\n\n系统订单号：P2025082510175727877842982\n外部订单号：267323677510550753\n订单金额：165.00\n开户名 ：Rebeca Isis\n账号 ：14806389609\n申请时间：2025-08-25 10:17:57","entities":[{"offset":14,"length":26,"type":"code"},{"offset":47,"length":18,"type":"code"}],"reply_markup":{"inline_keyboard":[[{"text":"驳回(reject)","callback_data":"reject P2025082510175727877842982"},{"text":"通过(pass)","callback_data":"pass P2025082510175727877842982"}]]}},"chat_instance":"3039285739919429818","data":"pass P2025082510175727877842982"}}

【2025-08-25 10:18:43】
回调信息：{"update_id":448770448,"message":{"message_id":2398,"from":{"id":6635319357,"is_bot":false,"first_name":"CW 绵羊-雪碧❄️","username":"panda8827","language_code":"zh-hans"},"chat":{"id":-1002528940452,"title":"巴西-YunPay-10398-1010","type":"supergroup"},"date":1756127922,"text":"\/df tx_1008_20250825125449WXK18","entities":[{"offset":0,"length":3,"type":"bot_command"}]}}

【2025-08-25 10:18:53】
回调信息：{"update_id":448770449,"message":{"message_id":3383,"from":{"id":6487555975,"is_bot":false,"first_name":"yunpay_","last_name":"柠檬","username":"yuanpay_03","is_premium":true},"chat":{"id":-1002550317918,"title":"巴西-YunPay-10460-GTV-（0.4%）","type":"supergroup"},"date":1756127932,"text":"\/df TX17561239720115618565","entities":[{"offset":0,"length":3,"type":"bot_command"}]}}

【2025-08-25 10:18:56】
回调信息：{"update_id":448770450,"message":{"message_id":3385,"from":{"id":6487555975,"is_bot":false,"first_name":"yunpay_","last_name":"柠檬","username":"yuanpay_03","is_premium":true},"chat":{"id":-1002550317918,"title":"巴西-YunPay-10460-GTV-（0.4%）","type":"supergroup"},"date":1756127936,"text":"\/df TX17561239664405355555","entities":[{"offset":0,"length":3,"type":"bot_command"}]}}

【2025-08-25 10:19:02】
回调信息：{"update_id":448770451,"message":{"message_id":3387,"from":{"id":6487555975,"is_bot":false,"first_name":"yunpay_","last_name":"柠檬","username":"yuanpay_03","is_premium":true},"chat":{"id":-1002550317918,"title":"巴西-YunPay-10460-GTV-（0.4%）","type":"supergroup"},"date":1756127942,"text":"\/df TX17561239659482486686","entities":[{"offset":0,"length":3,"type":"bot_command"}]}}

【2025-08-25 10:19:34】
回调信息：{"update_id":448770452,"message":{"message_id":3391,"from":{"id":6741284041,"is_bot":false,"first_name":"小花❀","username":"Baihua_520"},"chat":{"id":-1002550317918,"title":"巴西-YunPay-10460-GTV-（0.4%）","type":"supergroup"},"date":1756127973,"text":"\/df TX17561259953873902187","entities":[{"offset":0,"length":3,"type":"bot_command"}]}}

【2025-08-25 10:20:02】
回调信息：{"update_id":448770453,"message":{"message_id":2402,"from":{"id":8158377729,"is_bot":false,"first_name":"YunPay","last_name":"发财","username":"yunpay007","is_premium":true},"chat":{"id":-1002528940452,"title":"巴西-YunPay-10398-1010","type":"supergroup"},"date":1756128001,"message_thread_id":2398,"reply_to_message":{"message_id":2399,"from":{"id":7762675448,"is_bot":true,"first_name":"YunPay","username":"YunPay3_bot"},"chat":{"id":-1002528940452,"title":"巴西-YunPay-10398-1010","type":"supergroup"},"date":1756127924,"message_thread_id":2398,"text":"最新代付订单详情\n---------------------------------------------\n系统订单号：P2025082509544926489315719\n外部订单号：tx_1008_20250825125449WXK18\n订单金额：244.0000\n申请时间：2025-08-25 09:54:49\n处理时间：2025-08-25 09:54:52\n订单状态：失败已回调\n备注 ：代付失败-Pagamento rejeitado pelo PSP do recebedor\n通知次数 ：1\n最后通知时间：2025-08-25 09:54:53\n\n=========银行信息=========\n银行名称：\n开户名 ：Aline aparecida da silva pagliarini\n账号 ：08138848960"},"text":"老板，该笔订单PIX账户有误，让会员更改正确的账户重新提交，谢谢"}}

【2025-08-25 10:22:34】
回调信息：{"update_id":448770454,"message":{"message_id":1135,"from":{"id":8173466354,"is_bot":false,"first_name":"Cxx","username":"yuzcf888","language_code":"ms"},"chat":{"id":-1002988535158,"title":"巴西-YunPay-10442 mariojogo- 0.4%","type":"supergroup"},"date":1756128153,"text":"\/balance@YunPay3_bot","entities":[{"offset":0,"length":20,"type":"bot_command"}]}}

【2025-08-25 10:24:10】
回调信息：{"update_id":448770455,"message":{"message_id":12967,"from":{"id":7544265570,"is_bot":false,"first_name":"DOLA - CSKHQT - 0184","username":"DOLA_FK3331","language_code":"vi","is_premium":true},"chat":{"id":-1002680635315,"title":"巴西-YunPay-10243-u888-0.4%","type":"supergroup"},"date":1756128249,"text":"\/balance@YunPay3_bot","entities":[{"offset":0,"length":20,"type":"bot_command"}]}}

【2025-08-25 10:27:32】
回调信息：{"update_id":448770456,"message":{"message_id":2824,"from":{"id":7123898699,"is_bot":false,"first_name":"小天&平胜","username":"xtps0205","language_code":"zh-hans","is_premium":true},"chat":{"id":-1002270911693,"title":"ferrarict 巴西-YunPay-10075-bahiaak","type":"supergroup"},"date":1756128451,"text":"\/balance@YunPay3_bot","entities":[{"offset":0,"length":20,"type":"bot_command"}]}}

【2025-08-25 10:32:38】
回调信息：{"update_id":448770457,"message":{"message_id":3549,"from":{"id":8227752330,"is_bot":false,"first_name":"CYPHER-XX8-CSKHQTONL","username":"trngthuzg265"},"chat":{"id":-1002803739845,"title":"巴西-YunPay-10313-cs8-0.4%","type":"supergroup"},"date":1756128757,"new_chat_participant":{"id":8227752330,"is_bot":false,"first_name":"CYPHER-XX8-CSKHQTONL","username":"trngthuzg265"},"new_chat_member":{"id":8227752330,"is_bot":false,"first_name":"CYPHER-XX8-CSKHQTONL","username":"trngthuzg265"},"new_chat_members":[{"id":8227752330,"is_bot":false,"first_name":"CYPHER-XX8-CSKHQTONL","username":"trngthuzg265"}]}}

【2025-08-25 10:44:44】
回调信息：{"update_id":448770458,"message":{"message_id":8117,"from":{"id":8088849401,"is_bot":false,"first_name":"89E+969B| XNK - VERE","username":"XNK09_969B"},"chat":{"id":-1002296621662,"title":"YunPay-10079- 969B【0.4%+0】巴西《本群不会申请资金下发》","type":"supergroup"},"date":1756129483,"text":"\/balance@YunPay3_bot","entities":[{"offset":0,"length":20,"type":"bot_command"}]}}

【2025-08-25 10:44:49】
回调信息：{"update_id":448770459,"message":{"message_id":3551,"from":{"id":7639967842,"is_bot":false,"first_name":"THICHCA-DPVQT-0165","username":"THCA0123","is_premium":true},"chat":{"id":-1002803739845,"title":"巴西-YunPay-10313-cs8-0.4%","type":"supergroup"},"date":1756129488,"text":"\/balance@YunPay3_bot","entities":[{"offset":0,"length":20,"type":"bot_command"}]}}

【2025-08-25 10:45:42】
回调信息：{"update_id":448770460,"message":{"message_id":11556,"from":{"id":7711239375,"is_bot":false,"first_name":"COI - CSKHQT - 0238","username":"coi_brazil_cs0238","language_code":"vi","is_premium":true},"chat":{"id":-1002319776228,"title":"巴西-YunPay-10168-777vip-0.4%","type":"supergroup"},"date":1756129542,"text":"\/balance@YunPay3_bot","entities":[{"offset":0,"length":20,"type":"bot_command"}]}}

【2025-08-25 10:45:49】
回调信息：{"update_id":448770461,"message":{"message_id":9343,"from":{"id":7711239375,"is_bot":false,"first_name":"COI - CSKHQT - 0238","username":"coi_brazil_cs0238","language_code":"vi","is_premium":true},"chat":{"id":-1002280031772,"title":"巴西-YunPay-10180-vip777-0.4%","type":"supergroup"},"date":1756129549,"text":"\/balance@YunPay3_bot","entities":[{"offset":0,"length":20,"type":"bot_command"}]}}

【2025-08-25 10:45:56】
回调信息：{"update_id":448770462,"message":{"message_id":9827,"from":{"id":7711239375,"is_bot":false,"first_name":"COI - CSKHQT - 0238","username":"coi_brazil_cs0238","language_code":"vi","is_premium":true},"chat":{"id":-1002392249869,"title":"巴西-YunPay-10181-ap777-0.4%","type":"supergroup"},"date":1756129555,"text":"\/balance@YunPay3_bot","entities":[{"offset":0,"length":20,"type":"bot_command"}]}}

【2025-08-25 10:45:59】
回调信息：{"update_id":448770463,"message":{"message_id":5380,"from":{"id":7465893840,"is_bot":false,"first_name":"258\/RS CS\/XNK LAKSHMI","username":"RSB_XNK_01"},"chat":{"id":-1002323450770,"title":"YunPay-10057-RS【0.4%+0】巴西《本群不会申请资金下发》","type":"supergroup"},"date":1756129559,"text":"\/balance@YunPay3_bot","entities":[{"offset":0,"length":20,"type":"bot_command"}]}}

【2025-08-25 10:46:05】
回调信息：{"update_id":448770464,"message":{"message_id":7867,"from":{"id":7711239375,"is_bot":false,"first_name":"COI - CSKHQT - 0238","username":"coi_brazil_cs0238","language_code":"vi","is_premium":true},"chat":{"id":-1002326852572,"title":"巴西-YunPay-10182-jun88-0.4%","type":"supergroup"},"date":1756129564,"text":"\/balance@YunPay3_bot","entities":[{"offset":0,"length":20,"type":"bot_command"}]}}

【2025-08-25 10:46:13】
回调信息：{"update_id":448770465,"message":{"message_id":8678,"from":{"id":7711239375,"is_bot":false,"first_name":"COI - CSKHQT - 0238","username":"coi_brazil_cs0238","language_code":"vi","is_premium":true},"chat":{"id":-1002253039276,"title":"巴西-YunPay-10183-ok9-0.4%","type":"supergroup"},"date":1756129572,"text":"\/balance@YunPay3_bot","entities":[{"offset":0,"length":20,"type":"bot_command"}]}}

【2025-08-25 10:46:18】
回调信息：{"update_id":448770466,"message":{"message_id":5604,"from":{"id":6678755868,"is_bot":false,"first_name":"VIB - CSKHQT - 0170","username":"VIBAP777","language_code":"vi","is_premium":true},"chat":{"id":-1002546140861,"title":"巴西-yunpay-10287-ABC8（0.4%）","type":"supergroup"},"date":1756129577,"text":"\/balance@YunPay3_bot","entities":[{"offset":0,"length":20,"type":"bot_command"}]}}

【2025-08-25 10:46:19】
回调信息：{"update_id":448770467,"message":{"message_id":10403,"from":{"id":7711239375,"is_bot":false,"first_name":"COI - CSKHQT - 0238","username":"coi_brazil_cs0238","language_code":"vi","is_premium":true},"chat":{"id":-1002342663191,"title":"巴西-YunPay-10186-ka777-0.4%","type":"supergroup"},"date":1756129578,"text":"\/balance@YunPay3_bot","entities":[{"offset":0,"length":20,"type":"bot_command"}]}}

【2025-08-25 10:46:32】
回调信息：{"update_id":448770468,"message":{"message_id":711,"from":{"id":6678755868,"is_bot":false,"first_name":"VIB - CSKHQT - 0170","username":"VIBAP777","language_code":"vi","is_premium":true},"chat":{"id":-1003013065972,"title":"巴西-YunPay—wp777-10297","type":"supergroup"},"date":1756129591,"text":"\/balance@YunPay3_bot","entities":[{"offset":0,"length":20,"type":"bot_command"}]}}

【2025-08-25 10:46:44】
回调信息：{"update_id":448770469,"message":{"message_id":5472,"from":{"id":6678755868,"is_bot":false,"first_name":"VIB - CSKHQT - 0170","username":"VIBAP777","language_code":"vi","is_premium":true},"chat":{"id":-1002343272209,"title":"巴西-yunpay-km88-10296-0.4%","type":"supergroup"},"date":1756129604,"text":"\/balance@YunPay3_bot","entities":[{"offset":0,"length":20,"type":"bot_command"}]}}

【2025-08-25 10:47:01】
回调信息：{"update_id":448770470,"message":{"message_id":3555,"from":{"id":6678755868,"is_bot":false,"first_name":"VIB - CSKHQT - 0170","username":"VIBAP777","language_code":"vi","is_premium":true},"chat":{"id":-1002803739845,"title":"巴西-YunPay-10313-cs8-0.4%","type":"supergroup"},"date":1756129621,"text":"\/balance@YunPay3_bot","entities":[{"offset":0,"length":20,"type":"bot_command"}]}}

【2025-08-25 10:47:16】
回调信息：{"update_id":448770471,"message":{"message_id":2657,"from":{"id":6678755868,"is_bot":false,"first_name":"VIB - CSKHQT - 0170","username":"VIBAP777","language_code":"vi","is_premium":true},"chat":{"id":-1002780614434,"title":"巴西-YunPay-10419-xx8-0.4%","type":"supergroup"},"date":1756129635,"text":"\/balance@YunPay3_bot","entities":[{"offset":0,"length":20,"type":"bot_command"}]}}

【2025-08-25 10:47:27】
回调信息：{"update_id":448770472,"message":{"message_id":6497,"from":{"id":7236850339,"is_bot":false,"first_name":"258RS-CSXNK-EJ~LIME","username":"XNK258RS"},"chat":{"id":-1002423328228,"title":"YunPay-10058-258【0.4%+0】巴西《本群不会申请资金下发》","type":"supergroup"},"date":1756129647,"text":"\/balance@YunPay3_bot","entities":[{"offset":0,"length":20,"type":"bot_command"}]}}

【2025-08-25 10:47:29】
回调信息：{"update_id":448770473,"message":{"message_id":12969,"from":{"id":6828612111,"is_bot":false,"first_name":"BEU-DPVQT-0214","username":"beuvip777","is_premium":true},"chat":{"id":-1002680635315,"title":"巴西-YunPay-10243-u888-0.4%","type":"supergroup"},"date":1756129649,"text":"\/balance@YunPay3_bot","entities":[{"offset":0,"length":20,"type":"bot_command"}]}}

【2025-08-25 10:48:18】
回调信息：{"update_id":448770474,"message":{"message_id":13741,"from":{"id":8158377729,"is_bot":false,"first_name":"YunPay","last_name":"发财","username":"yunpay007","is_premium":true},"chat":{"id":-1002499994426,"title":"YunPay-10048-SBET【0.4%+0】巴西《本群不会申请资金下发》","type":"supergroup"},"date":1756129698,"text":"\/ds 2025082510240553525310759","entities":[{"offset":0,"length":3,"type":"bot_command"}]}}

【2025-08-25 10:50:24】
回调信息：{"update_id":448770475,"message":{"message_id":197,"from":{"id":5337681883,"is_bot":false,"first_name":"HD 02","last_name":".","username":"nngoc0203","is_premium":true},"chat":{"id":-1002672589594,"title":"巴西-YunPay-10474-pk777-0.45%熊猫","type":"supergroup"},"date":1756129823,"text":"\/balance@YunPay3_bot","entities":[{"offset":0,"length":20,"type":"bot_command"}]}}

【2025-08-25 10:51:23】
回调信息：{"update_id":448770476,"message":{"message_id":12260,"from":{"id":7814844034,"is_bot":false,"first_name":"组长 Meryjoy","username":"Payment_mery"},"chat":{"id":-1002256433700,"title":"巴西-YunPay-10128-222hot-0.4%","type":"supergroup"},"date":1756129882,"text":"\/balance@YunPay3_bot","entities":[{"offset":0,"length":20,"type":"bot_command"}]}}

【2025-08-25 10:52:09】
回调信息：{"update_id":448770477,"message":{"message_id":16147,"from":{"id":6507100873,"is_bot":false,"first_name":"B55 XNK|小仙 XIAOXIAN","username":"B55_XNK02"},"chat":{"id":-1002457501685,"title":"YunPay-10049-B55【0.4%+0】巴西《本群不会申请资金下发》","type":"supergroup"},"date":1756129928,"text":"\/balance@YunPay3_bot","entities":[{"offset":0,"length":20,"type":"bot_command"}]}}

【2025-08-25 10:52:38】
回调信息：{"update_id":448770478,"message":{"message_id":13744,"from":{"id":6083327748,"is_bot":false,"first_name":"SBET~XNK~ALISA","username":"SBETXNK_006"},"chat":{"id":-1002499994426,"title":"YunPay-10048-SBET【0.4%+0】巴西《本群不会申请资金下发》","type":"supergroup"},"date":1756129958,"text":"\/balance@YunPay3_bot","entities":[{"offset":0,"length":20,"type":"bot_command"}]}}

【2025-08-25 10:53:30】
回调信息：{"update_id":448770479,"message":{"message_id":5263,"from":{"id":7418795836,"is_bot":false,"first_name":"28R|XNK\/CS ARIEN","username":"XNK28R_02"},"chat":{"id":-1002258163963,"title":"YunPay-10059-28R【0.4%+0】巴西《本群不会申请资金下发》","type":"supergroup"},"date":1756130009,"text":"\/balance@YunPay3_bot","entities":[{"offset":0,"length":20,"type":"bot_command"}]}}

