【2025-08-25 00:03:27】
P2025082500021090930888642----提交：{"custId":"24120300001308","appId":"8241201350","order":"P2025082500021090930888642","sign":"B265E3A715A8BCB8AFDEBC8CF4D4C7A8"}

【2025-08-25 00:03:27】
P2025082500021090930888642----返回：{"code":"000000","msg":"P2025082500021090930888642","data":{"date":"2025-08-25 00:03:04","eid":"E45756448202508250303MMF1iDhP30O","amount":"465","name":"STEFANI CARRION FERREIRA 03351618042","cpf":"30714024000173","bankname":"null","payBank":"","payCpf":"","pixkey":"+5551998109412","account":"86153178","status":"done","order":"A202508250003019755192hiW3bjrk"},"sign":"1A8C3B1DF48220D670CFE81F8A9C3E86"}

【2025-08-25 00:05:37】
P2025082423554790547086782----提交：{"custId":"24120300001308","appId":"8241201350","order":"P2025082423554790547086782","sign":"981270F9A9DA6B69737C2292E9150D0C"}

【2025-08-25 00:05:38】
P2025082423554790547086782----返回：{"code":"000000","msg":"P2025082423554790547086782","data":{"date":"2025-08-24 23:55:50","eid":"E45756448202508250255cQ9s7oKCzU2","amount":"30","name":"CARLOS RUAN SILVA MORAIS","cpf":"63372692330","bankname":"null","payBank":"","payCpf":"","pixkey":"63372692330","account":"1107504708","status":"done","order":"A20250824235547308145QdE9cxwGV"},"sign":"DBB16C16EA764D30C3EA9C1D1640C910"}

【2025-08-25 00:05:41】
P2025082423554790547086782----提交：{"custId":"24120300001308","appId":"8241201350","order":"P2025082423554790547086782","sign":"981270F9A9DA6B69737C2292E9150D0C"}

【2025-08-25 00:05:41】
P2025082423554790547086782----返回：{"code":"000000","msg":"P2025082423554790547086782","data":{"date":"2025-08-24 23:55:50","eid":"E45756448202508250255cQ9s7oKCzU2","amount":"30","name":"CARLOS RUAN SILVA MORAIS","cpf":"63372692330","bankname":"null","payBank":"","payCpf":"","pixkey":"63372692330","account":"1107504708","status":"done","order":"A20250824235547308145QdE9cxwGV"},"sign":"DBB16C16EA764D30C3EA9C1D1640C910"}

【2025-08-25 00:18:42】
P2025082500170691826465244----提交：{"custId":"24120300001308","appId":"8241201350","order":"P2025082500170691826465244","sign":"749A9C0DC01956B61192A4E27AF19C54"}

【2025-08-25 00:18:42】
P2025082500170691826465244----返回：{"code":"000000","msg":"P2025082500170691826465244","data":{"date":"2025-08-25 00:17:09","eid":"E45756448202508250317MJYB7mC87kK","amount":"700.5","name":"KAREN EDUARDA DA SILVA QUEIROS","cpf":"8765438590","bankname":"null","payBank":"","payCpf":"","pixkey":"fazirea@outlook.com","account":"81948620","status":"done","order":"A20250825001706341087eTlhDKRvY"},"sign":"7AA9A4C428B194CBAD4C851FBB4818E4"}

【2025-08-25 00:18:49】
P2025082500170691826465244----提交：{"custId":"24120300001308","appId":"8241201350","order":"P2025082500170691826465244","sign":"749A9C0DC01956B61192A4E27AF19C54"}

【2025-08-25 00:18:49】
P2025082500170691826465244----返回：{"code":"000000","msg":"P2025082500170691826465244","data":{"date":"2025-08-25 00:17:09","eid":"E45756448202508250317MJYB7mC87kK","amount":"700.5","name":"KAREN EDUARDA DA SILVA QUEIROS","cpf":"8765438590","bankname":"null","payBank":"","payCpf":"","pixkey":"fazirea@outlook.com","account":"81948620","status":"done","order":"A20250825001706341087eTlhDKRvY"},"sign":"7AA9A4C428B194CBAD4C851FBB4818E4"}

【2025-08-25 00:40:29】
P2025082420194677586417401----提交：{"custId":"24120300001308","appId":"8241201350","order":"P2025082420194677586417401","sign":"371F9063DA9E8CC374EA3C274725A7AB"}

【2025-08-25 00:40:29】
P2025082420194677586417401----返回：{"code":"000000","msg":"P2025082420194677586417401","data":{"date":"2025-08-24 20:19:49","eid":"E457564482025082423192zuP7M2XFk6","amount":"30","name":"Gabriel da Silva Seba Nascimento","cpf":"9559804103","bankname":"null","payBank":"","payCpf":"","pixkey":"09559804103","account":"421644395","status":"done","order":"A2025082420194664112482Yt276gl"},"sign":"0B63E7B71744763670CB160396ABFF5A"}

【2025-08-25 00:40:44】
P2025082420194677586417401----提交：{"custId":"24120300001308","appId":"8241201350","order":"P2025082420194677586417401","sign":"371F9063DA9E8CC374EA3C274725A7AB"}

【2025-08-25 00:40:44】
P2025082420194677586417401----返回：{"code":"000000","msg":"P2025082420194677586417401","data":{"date":"2025-08-24 20:19:49","eid":"E457564482025082423192zuP7M2XFk6","amount":"30","name":"Gabriel da Silva Seba Nascimento","cpf":"9559804103","bankname":"null","payBank":"","payCpf":"","pixkey":"09559804103","account":"421644395","status":"done","order":"A2025082420194664112482Yt276gl"},"sign":"0B63E7B71744763670CB160396ABFF5A"}

【2025-08-25 00:41:41】
P2025082500394993189222158----提交：{"custId":"24120300001308","appId":"8241201350","order":"P2025082500394993189222158","sign":"DA331E6691FD7D1AA21A7EB74AB6CBE9"}

【2025-08-25 00:41:41】
P2025082500394993189222158----返回：{"code":"000000","msg":"P2025082500394993189222158","data":{"date":"2025-08-25 00:39:52","eid":"E45756448202508250339xDh3LxYikkO","amount":"20","name":"Rejane Maria de Oliveira","cpf":"5953160933","bankname":"null","payBank":"","payCpf":"","pixkey":"48988716053","account":"773375639","status":"done","order":"A20250825003950082631wCXCBKajc"},"sign":"DC3A689D5D9CC0FE986E6FAF4C1E5B4F"}

【2025-08-25 00:41:44】
P2025082500394993189222158----提交：{"custId":"24120300001308","appId":"8241201350","order":"P2025082500394993189222158","sign":"DA331E6691FD7D1AA21A7EB74AB6CBE9"}

【2025-08-25 00:41:44】
P2025082500394993189222158----返回：{"code":"000000","msg":"P2025082500394993189222158","data":{"date":"2025-08-25 00:39:52","eid":"E45756448202508250339xDh3LxYikkO","amount":"20","name":"Rejane Maria de Oliveira","cpf":"5953160933","bankname":"null","payBank":"","payCpf":"","pixkey":"48988716053","account":"773375639","status":"done","order":"A20250825003950082631wCXCBKajc"},"sign":"DC3A689D5D9CC0FE986E6FAF4C1E5B4F"}

