【2025-08-25 06:24:29】
P2025082506182913509073772----提交：{"custId":"24120300001308","appId":"8241201350","order":"P2025082506182913509073772","sign":"0FE6AD1806781A14CCEE189EA81B987D"}

【2025-08-25 06:24:29】
P2025082506182913509073772----返回：{"code":"000000","msg":"P2025082506182913509073772","data":{"date":"2025-08-25 06:23:21","eid":"E3720544720250825091829412a0f6cf","amount":"30","name":"Bruna Cristina Oliveira Pinto","cpf":"11472709616","bankname":"ORBION GAMING LTDA","payBank":"","payCpf":"","pixkey":"35999926407","account":"18236120","status":"done","order":"A20250825061829609291HvEelibAm"},"sign":"6993462BF2C2FA3502E552159573F0F2"}

【2025-08-25 06:25:27】
P2025082506192413564522782----提交：{"custId":"24120300001308","appId":"8241201350","order":"P2025082506192413564522782","sign":"D5A8AACAC57175605F8FABF7B96EB192"}

【2025-08-25 06:25:27】
P2025082506192413564522782----返回：{"code":"000000","msg":"P2025082506192413564522782","data":{"date":"2025-08-25 06:21:37","eid":"E3720544720250825091925175fe5a53","amount":"20","name":"Luciano Rodrigues Neri","cpf":"86934433564","bankname":"ORBION GAMING LTDA","payBank":"","payCpf":"","pixkey":"86934433564","account":"18236120","status":"done","order":"A20250825061925475586461pMuusD"},"sign":"7F5D1DFBE9099F87BEC02DF45A6ECE4B"}

【2025-08-25 06:25:50】
P2025082506174213462505845----提交：{"custId":"24120300001308","appId":"8241201350","order":"P2025082506174213462505845","sign":"74AD2B02A18F99198A0A057C5A6F9272"}

【2025-08-25 06:25:50】
P2025082506174213462505845----返回：{"code":"000000","msg":"P2025082506174213462505845","data":{"date":"2025-08-25 06:21:37","eid":"E3720544720250825091742301ef16bc","amount":"10","name":"Jorge Marques da Silva","cpf":"13134596407","bankname":"ORBION GAMING LTDA","payBank":"","payCpf":"","pixkey":"13134596407","account":"18236120","status":"done","order":"A20250825061742837602kKJyNGxkU"},"sign":"62C6555BDF91DDD84D1FD16EF0457F90"}

【2025-08-25 06:36:34】
P2025082506353714537544161----提交：{"custId":"24120300001308","appId":"8241201350","order":"P2025082506353714537544161","sign":"EF6FCADC74505C878C1526CAD91A0614"}

【2025-08-25 06:36:34】
P2025082506353714537544161----返回：{"code":"000000","msg":"P2025082506353714537544161","data":{"date":"2025-08-25 06:35:40","eid":"E457564482025082509356pYN9ACP06C","amount":"40","name":"Denise Ferreira Santana","cpf":"10826275184","bankname":"null","payBank":"","payCpf":"","pixkey":"laura216alves@gmail.com","account":"404884892","status":"done","order":"A20250825063537226155zNPTfUIxs"},"sign":"3CAC01F3B57B683418418E85E6EBF3E6"}

【2025-08-25 06:37:49】
P2025082506353714537544161----提交：{"custId":"24120300001308","appId":"8241201350","order":"P2025082506353714537544161","sign":"EF6FCADC74505C878C1526CAD91A0614"}

【2025-08-25 06:37:49】
P2025082506353714537544161----返回：{"code":"000000","msg":"P2025082506353714537544161","data":{"date":"2025-08-25 06:35:40","eid":"E457564482025082509356pYN9ACP06C","amount":"40","name":"Denise Ferreira Santana","cpf":"10826275184","bankname":"null","payBank":"","payCpf":"","pixkey":"laura216alves@gmail.com","account":"404884892","status":"done","order":"A20250825063537226155zNPTfUIxs"},"sign":"3CAC01F3B57B683418418E85E6EBF3E6"}

