【2025-08-25 19:07:03】
P2025082517121652736335801----提交：{"custId":"24120300001308","appId":"8241201350","order":"P2025082517121652736335801","sign":"56B646A77F3D53CBF6643E3277208C89"}

【2025-08-25 19:07:04】
P2025082517121652736335801----返回：{"code":"000000","msg":"P2025082517121652736335801","data":{"date":"2025-08-25 17:12:19","eid":"E45756448202508252012VvyHCJS6UO5","amount":"20","name":"ELSON CAETANO DA SILVA","cpf":"6365169620","bankname":"null","payBank":"","payCpf":"","pixkey":"06365169620","account":"12880000007605238577","status":"done","order":"A20250825171217693313L5HVCb3FC"},"sign":"EC566E384D7CBE7C2B3F1863EB5D5E6D"}

【2025-08-25 19:07:04】
P2025082517121652736335801----提交：{"custId":"24120300001308","appId":"8241201350","order":"P2025082517121652736335801","sign":"56B646A77F3D53CBF6643E3277208C89"}

【2025-08-25 19:07:05】
P2025082517121652736335801----返回：{"code":"000000","msg":"P2025082517121652736335801","data":{"date":"2025-08-25 17:12:19","eid":"E45756448202508252012VvyHCJS6UO5","amount":"20","name":"ELSON CAETANO DA SILVA","cpf":"6365169620","bankname":"null","payBank":"","payCpf":"","pixkey":"06365169620","account":"12880000007605238577","status":"done","order":"A20250825171217693313L5HVCb3FC"},"sign":"EC566E384D7CBE7C2B3F1863EB5D5E6D"}

【2025-08-25 19:07:37】
P2025082517190453144195062----提交：{"custId":"24120300001308","appId":"8241201350","order":"P2025082517190453144195062","sign":"48C1828ABA90480E9FC65139CC656175"}

【2025-08-25 19:07:37】
P2025082517190453144195062----返回：{"code":"000000","msg":"P2025082517190453144195062","data":{"date":"2025-08-25 17:19:08","eid":"E45756448202508252019VYh4kpLiRka","amount":"20","name":"ELSON CAETANO DA SILVA","cpf":"6365169620","bankname":"null","payBank":"","payCpf":"","pixkey":"06365169620","account":"12880000007605238577","status":"done","order":"A20250825171904259554xPmEP656L"},"sign":"0DF5DC4CDA01A62DFFBE382DFCE99CED"}

【2025-08-25 19:07:38】
P2025082517190453144195062----提交：{"custId":"24120300001308","appId":"8241201350","order":"P2025082517190453144195062","sign":"48C1828ABA90480E9FC65139CC656175"}

【2025-08-25 19:07:38】
P2025082517190453144195062----返回：{"code":"000000","msg":"P2025082517190453144195062","data":{"date":"2025-08-25 17:19:08","eid":"E45756448202508252019VYh4kpLiRka","amount":"20","name":"ELSON CAETANO DA SILVA","cpf":"6365169620","bankname":"null","payBank":"","payCpf":"","pixkey":"06365169620","account":"12880000007605238577","status":"done","order":"A20250825171904259554xPmEP656L"},"sign":"0DF5DC4CDA01A62DFFBE382DFCE99CED"}

【2025-08-25 19:09:52】
P2025082518180456684948894----提交：{"custId":"24120300001308","appId":"8241201350","order":"P2025082518180456684948894","sign":"6EC972FC17195EEB098E6BF616C8CE9C"}

【2025-08-25 19:09:53】
P2025082518180456684948894----返回：{"code":"000000","msg":"P2025082518180456684948894","data":{"date":"2025-08-25 18:18:07","eid":"E457564482025082521182BnO9Mw8Ei4","amount":"20","name":"Kemyly Sabrina Ferreira Nassarden","cpf":"10982890133","bankname":"null","payBank":"","payCpf":"","pixkey":"10982890133","account":"21256903686","status":"done","order":"A202508251818044411326RYdZcYXF"},"sign":"71494E5FEFD8E072717109CDE19FF37D"}

【2025-08-25 19:13:41】
P2025082518180456684948894----提交：{"custId":"24120300001308","appId":"8241201350","order":"P2025082518180456684948894","sign":"6EC972FC17195EEB098E6BF616C8CE9C"}

【2025-08-25 19:13:42】
P2025082518180456684948894----返回：{"code":"000000","msg":"P2025082518180456684948894","data":{"date":"2025-08-25 18:18:07","eid":"E457564482025082521182BnO9Mw8Ei4","amount":"20","name":"Kemyly Sabrina Ferreira Nassarden","cpf":"10982890133","bankname":"null","payBank":"","payCpf":"","pixkey":"10982890133","account":"21256903686","status":"done","order":"A202508251818044411326RYdZcYXF"},"sign":"71494E5FEFD8E072717109CDE19FF37D"}

【2025-08-25 19:44:10】
P2025082515392147161138708----提交：{"custId":"24120300001308","appId":"8241201350","order":"P2025082515392147161138708","sign":"FFE10ECF274DC636817935C89866035B"}

【2025-08-25 19:44:11】
P2025082515392147161138708----返回：{"code":"000000","msg":"P2025082515392147161138708","data":{"date":"2025-08-25 15:39:28","eid":"E45756448202508251839msp6fANLUyp","amount":"30","name":"Fernanda Lopes da Silva","cpf":"5038743374","bankname":"null","payBank":"","payCpf":"","pixkey":"05038743374","account":"763856767","status":"done","order":"A20250825153922126938tLDCL2Qxf"},"sign":"771FB3319204DFF27C694859A12D032E"}

【2025-08-25 19:44:12】
P2025082515392147161138708----提交：{"custId":"24120300001308","appId":"8241201350","order":"P2025082515392147161138708","sign":"FFE10ECF274DC636817935C89866035B"}

【2025-08-25 19:44:13】
P2025082515392147161138708----返回：{"code":"000000","msg":"P2025082515392147161138708","data":{"date":"2025-08-25 15:39:28","eid":"E45756448202508251839msp6fANLUyp","amount":"30","name":"Fernanda Lopes da Silva","cpf":"5038743374","bankname":"null","payBank":"","payCpf":"","pixkey":"05038743374","account":"763856767","status":"done","order":"A20250825153922126938tLDCL2Qxf"},"sign":"771FB3319204DFF27C694859A12D032E"}

【2025-08-25 19:59:50】
P2025082519400461604312751----提交：{"custId":"24120300001308","appId":"8241201350","order":"P2025082519400461604312751","sign":"FD710FB9248AF454E1D9A7C8A769080F"}

【2025-08-25 19:59:51】
P2025082519400461604312751----返回：{"code":"000000","msg":"P2025082519400461604312751","data":{"date":"2025-08-25 19:40:10","eid":"E3720544720250825224005262be1a2c","amount":"70","name":"WILLIAM DA SILVA MENDES                 ","cpf":"01619778718","bankname":"ORBION GAMING LTDA","payBank":"","payCpf":"","pixkey":"01619778718","account":"60746948","status":"done","order":"A20250825194004724964654TBKscF"},"sign":"9989AE68B8AFB74DD8F87F1AC4859F99"}

【2025-08-25 19:59:52】
P2025082519400461604312751----提交：{"custId":"24120300001308","appId":"8241201350","order":"P2025082519400461604312751","sign":"FD710FB9248AF454E1D9A7C8A769080F"}

【2025-08-25 19:59:52】
P2025082519400461604312751----返回：{"code":"000000","msg":"P2025082519400461604312751","data":{"date":"2025-08-25 19:40:10","eid":"E3720544720250825224005262be1a2c","amount":"70","name":"WILLIAM DA SILVA MENDES                 ","cpf":"01619778718","bankname":"ORBION GAMING LTDA","payBank":"","payCpf":"","pixkey":"01619778718","account":"60746948","status":"done","order":"A20250825194004724964654TBKscF"},"sign":"9989AE68B8AFB74DD8F87F1AC4859F99"}

