【2025-08-25 18:09:46】
P2025082518061855978746127----提交：{"custId":"24120300001308","appId":"8241201350","order":"P2025082518061855978746127","sign":"9520D2BA7BDC2D5000ED5AB9056A834A"}

【2025-08-25 18:09:47】
P2025082518061855978746127----返回：{"code":"000000","msg":"P2025082518061855978746127","data":{"date":"2025-08-25 18:06:23","eid":"E45756448202508252106r7off9qZkqt","amount":"300","name":"Olga Caroline Moreira Campos","cpf":"14016731984","bankname":"null","payBank":"","payCpf":"","pixkey":"14016731984","account":"657881023","status":"done","order":"A20250825180619183776v1Euzpyuf"},"sign":"2719DEBB8FD16AD6CE9A31E52F607ABA"}

【2025-08-25 18:09:48】
P2025082518061855978746127----提交：{"custId":"24120300001308","appId":"8241201350","order":"P2025082518061855978746127","sign":"9520D2BA7BDC2D5000ED5AB9056A834A"}

【2025-08-25 18:09:49】
P2025082518061855978746127----返回：{"code":"000000","msg":"P2025082518061855978746127","data":{"date":"2025-08-25 18:06:23","eid":"E45756448202508252106r7off9qZkqt","amount":"300","name":"Olga Caroline Moreira Campos","cpf":"14016731984","bankname":"null","payBank":"","payCpf":"","pixkey":"14016731984","account":"657881023","status":"done","order":"A20250825180619183776v1Euzpyuf"},"sign":"2719DEBB8FD16AD6CE9A31E52F607ABA"}

【2025-08-25 18:11:50】
P2025082206185454334075509----提交：{"custId":"24120300001308","appId":"8241201350","order":"P2025082206185454334075509","sign":"65AECAC071110440C781FE437987B571"}

【2025-08-25 18:11:50】
P2025082206185454334075509----返回：{"code":"000000","msg":"P2025082206185454334075509","data":{"date":"2025-08-22 06:18:57","eid":"E457564482025082209187AHpHDW5fEy","amount":"250","name":"Jaqueline Marinho Ribeiro","cpf":"9938989985","bankname":"null","payBank":"","payCpf":"","pixkey":"41976079764","account":"303134747","status":"done","order":"A2025082206185454531485WHieWsN"},"sign":"9AC5699080F0147CD1457CBB13CEA0B1"}

【2025-08-25 18:12:13】
P2025082517291053750267612----提交：{"custId":"24120300001308","appId":"8241201350","order":"P2025082517291053750267612","sign":"8EEC19C237E9778C664C74951E2C5F6B"}

【2025-08-25 18:12:14】
P2025082517291053750267612----返回：{"code":"000000","msg":"P2025082517291053750267612","data":{"date":"2025-08-25 17:29:15","eid":"E45756448202508252029WrYr0q8sQke","amount":"100","name":"ALIANE DE JESUS SOUZA","cpf":"36197006804","bankname":"null","payBank":"","payCpf":"","pixkey":"36197006804","account":"464630576","status":"done","order":"A20250825172911860023uZJLl3D3a"},"sign":"9262EAC34CB0033810ED0A469FE38468"}

【2025-08-25 18:20:38】
P2025082518174956669896518----提交：{"custId":"24120300001308","appId":"8241201350","order":"P2025082518174956669896518","sign":"30117BC14318A79915E247F0B76A2155"}

【2025-08-25 18:20:39】
P2025082518174956669896518----返回：{"code":"000000","msg":"P2025082518174956669896518","data":{"date":"2025-08-25 18:17:53","eid":"E457564482025082521177F0kFFMTfUi","amount":"100","name":"IARA FERNANDES ROCHA","cpf":"2142709125","bankname":"null","payBank":"","payCpf":"","pixkey":"02142709125","account":"603324","status":"done","order":"A20250825181749102045JPBI1hPVN"},"sign":"D00A3B3D13CA4BBE09FDE0060D02CA9D"}

【2025-08-25 18:20:41】
P2025082518174956669896518----提交：{"custId":"24120300001308","appId":"8241201350","order":"P2025082518174956669896518","sign":"30117BC14318A79915E247F0B76A2155"}

【2025-08-25 18:20:42】
P2025082518174956669896518----返回：{"code":"000000","msg":"P2025082518174956669896518","data":{"date":"2025-08-25 18:17:53","eid":"E457564482025082521177F0kFFMTfUi","amount":"100","name":"IARA FERNANDES ROCHA","cpf":"2142709125","bankname":"null","payBank":"","payCpf":"","pixkey":"02142709125","account":"603324","status":"done","order":"A20250825181749102045JPBI1hPVN"},"sign":"D00A3B3D13CA4BBE09FDE0060D02CA9D"}

【2025-08-25 18:22:40】
P2025081121454859548129368----提交：{"custId":"24120300001308","appId":"8241201350","order":"P2025081121454859548129368","sign":"EF24C5F6AADA00E37F142349A3A57B93"}

【2025-08-25 18:22:41】
P2025081121454859548129368----返回：{"code":"000000","msg":"P2025081121454859548129368","data":{"date":"2025-08-11 21:45:54","eid":"E45756448202508120045WiqwdULrnky","amount":"300","name":"Joao Resplandes Da Silva Filho","cpf":"92761429249","bankname":"null","payBank":"","payCpf":"","pixkey":"92761429249","account":"335034381","status":"done","order":"A20250811214548462053erpZKcPsq"},"sign":"29FDE2BBAC954F627F92EE57C239A005"}

【2025-08-25 18:22:43】
P2025081121454859548129368----提交：{"custId":"24120300001308","appId":"8241201350","order":"P2025081121454859548129368","sign":"EF24C5F6AADA00E37F142349A3A57B93"}

【2025-08-25 18:22:44】
P2025081121454859548129368----返回：{"code":"000000","msg":"P2025081121454859548129368","data":{"date":"2025-08-11 21:45:54","eid":"E45756448202508120045WiqwdULrnky","amount":"300","name":"Joao Resplandes Da Silva Filho","cpf":"92761429249","bankname":"null","payBank":"","payCpf":"","pixkey":"92761429249","account":"335034381","status":"done","order":"A20250811214548462053erpZKcPsq"},"sign":"29FDE2BBAC954F627F92EE57C239A005"}

【2025-08-25 18:28:25】
P2025082518172856648158279----提交：{"custId":"24120300001308","appId":"8241201350","order":"P2025082518172856648158279","sign":"ABA44810991AE31D6060D26DFB4A712A"}

【2025-08-25 18:28:26】
P2025082518172856648158279----返回：{"code":"000000","msg":"P2025082518172856648158279","data":{"date":"2025-08-25 18:17:31","eid":"E45756448202508252117B1scGW9uEGN","amount":"40","name":"DAYANE PAULA DE SOUZA","cpf":"8149636684","bankname":"null","payBank":"","payCpf":"","pixkey":"08149636684","account":"12880000007712239755","status":"done","order":"A20250825181728045446rL3lZ3chv"},"sign":"C38AE9A92237EC0ABB5D58C00B830B96"}

【2025-08-25 18:28:26】
P2025082518172856648158279----提交：{"custId":"24120300001308","appId":"8241201350","order":"P2025082518172856648158279","sign":"ABA44810991AE31D6060D26DFB4A712A"}

【2025-08-25 18:28:26】
P2025082518172856648158279----返回：{"code":"000000","msg":"P2025082518172856648158279","data":{"date":"2025-08-25 18:17:31","eid":"E45756448202508252117B1scGW9uEGN","amount":"40","name":"DAYANE PAULA DE SOUZA","cpf":"8149636684","bankname":"null","payBank":"","payCpf":"","pixkey":"08149636684","account":"12880000007712239755","status":"done","order":"A20250825181728045446rL3lZ3chv"},"sign":"C38AE9A92237EC0ABB5D58C00B830B96"}

【2025-08-25 18:37:44】
P2025082518350057700144473----提交：{"custId":"24120300001308","appId":"8241201350","order":"P2025082518350057700144473","sign":"64FB255085D3C06A62C54B3C9F1A15A1"}

【2025-08-25 18:37:44】
P2025082518350057700144473----返回：{"code":"000000","msg":"P2025082518350057700144473","data":{"date":"2025-08-25 18:35:03","eid":"E45756448202508252135j8aSKGNqo0u","amount":"100","name":"JEANCARLA ARAUJO DE LIMA","cpf":"5118118450","bankname":"null","payBank":"","payCpf":"","pixkey":"05118118450","account":"345449","status":"done","order":"A2025082518350027213577mqDTjQU"},"sign":"0AE942FF977AECE1000AF6D7FAD64948"}

【2025-08-25 18:37:47】
P2025082518350057700144473----提交：{"custId":"24120300001308","appId":"8241201350","order":"P2025082518350057700144473","sign":"64FB255085D3C06A62C54B3C9F1A15A1"}

【2025-08-25 18:37:48】
P2025082518350057700144473----返回：{"code":"000000","msg":"P2025082518350057700144473","data":{"date":"2025-08-25 18:35:03","eid":"E45756448202508252135j8aSKGNqo0u","amount":"100","name":"JEANCARLA ARAUJO DE LIMA","cpf":"5118118450","bankname":"null","payBank":"","payCpf":"","pixkey":"05118118450","account":"345449","status":"done","order":"A2025082518350027213577mqDTjQU"},"sign":"0AE942FF977AECE1000AF6D7FAD64948"}

【2025-08-25 18:57:12】
P2025082517194853188144143----提交：{"custId":"24120300001308","appId":"8241201350","order":"P2025082517194853188144143","sign":"95143B5850F50E25592F040911D31B87"}

【2025-08-25 18:57:12】
P2025082517194853188144143----返回：{"code":"000000","msg":"P2025082517194853188144143","data":{"date":"2025-08-25 17:19:51","eid":"E45756448202508252019Yyvw2eakyuv","amount":"40","name":"Kellvin Aquino de Carvalho","cpf":"39345233822","bankname":"null","payBank":"","payCpf":"","pixkey":"39345233822","account":"51601263230","status":"done","order":"A20250825171948368023XNBeihfmP"},"sign":"40F20003F1CFF46EAC8CC5699CAEC456"}

【2025-08-25 18:57:14】
P2025082517194853188144143----提交：{"custId":"24120300001308","appId":"8241201350","order":"P2025082517194853188144143","sign":"95143B5850F50E25592F040911D31B87"}

【2025-08-25 18:57:15】
P2025082517194853188144143----返回：{"code":"000000","msg":"P2025082517194853188144143","data":{"date":"2025-08-25 17:19:51","eid":"E45756448202508252019Yyvw2eakyuv","amount":"40","name":"Kellvin Aquino de Carvalho","cpf":"39345233822","bankname":"null","payBank":"","payCpf":"","pixkey":"39345233822","account":"51601263230","status":"done","order":"A20250825171948368023XNBeihfmP"},"sign":"40F20003F1CFF46EAC8CC5699CAEC456"}

