【2025-08-25 16:21:07】
P2025082413582754707837850----提交：{"custId":"24120300001308","appId":"8241201350","order":"P2025082413582754707837850","sign":"8E4EA517485E43832DCFF7B82B62DA7B"}

【2025-08-25 16:21:07】
P2025082413582754707837850----返回：{"code":"000000","msg":"P2025082413582754707837850","data":{"date":"2025-08-24 13:58:29","eid":"E37205447202508241658279749a52b6","amount":"500","name":"GIRLAINE DA CUNHA DIAS","cpf":"03702569561","bankname":"ORBION GAMING LTDA","payBank":"","payCpf":"","pixkey":"03702569561","account":"08561701","status":"done","order":"A20250824135827213012SBj1tHgnA"},"sign":"C7B4E24C0E931ABC15B23E50FE6C0BAF"}

【2025-08-25 16:21:08】
P2025082413582754707837850----提交：{"custId":"24120300001308","appId":"8241201350","order":"P2025082413582754707837850","sign":"8E4EA517485E43832DCFF7B82B62DA7B"}

【2025-08-25 16:21:09】
P2025082413582754707837850----返回：{"code":"000000","msg":"P2025082413582754707837850","data":{"date":"2025-08-24 13:58:29","eid":"E37205447202508241658279749a52b6","amount":"500","name":"GIRLAINE DA CUNHA DIAS","cpf":"03702569561","bankname":"ORBION GAMING LTDA","payBank":"","payCpf":"","pixkey":"03702569561","account":"08561701","status":"done","order":"A20250824135827213012SBj1tHgnA"},"sign":"C7B4E24C0E931ABC15B23E50FE6C0BAF"}

【2025-08-25 16:21:11】
P2025082413582754707837850----提交：{"custId":"24120300001308","appId":"8241201350","order":"P2025082413582754707837850","sign":"8E4EA517485E43832DCFF7B82B62DA7B"}

【2025-08-25 16:21:12】
P2025082413582754707837850----返回：{"code":"000000","msg":"P2025082413582754707837850","data":{"date":"2025-08-24 13:58:29","eid":"E37205447202508241658279749a52b6","amount":"500","name":"GIRLAINE DA CUNHA DIAS","cpf":"03702569561","bankname":"ORBION GAMING LTDA","payBank":"","payCpf":"","pixkey":"03702569561","account":"08561701","status":"done","order":"A20250824135827213012SBj1tHgnA"},"sign":"C7B4E24C0E931ABC15B23E50FE6C0BAF"}

【2025-08-25 16:37:42】
P2025082516154249342156978----提交：{"custId":"24120300001308","appId":"8241201350","order":"P2025082516154249342156978","sign":"DB24DBAB2756ADF9C535FD322418C5E5"}

【2025-08-25 16:37:43】
P2025082516154249342156978----返回：{"code":"000000","msg":"P2025082516154249342156978","data":{"date":"2025-08-25 16:15:46","eid":"E45756448202508251915oenjXoIDxUW","amount":"45","name":"NAIARA MICAELE DA SILVA MARQUES","cpf":"10882554425","bankname":"null","payBank":"","payCpf":"","pixkey":"10882554425","account":"10027646","status":"done","order":"A20250825161543990097LLZTWvByf"},"sign":"9A14D17A0B30651C8579C65A8B6BB768"}

【2025-08-25 16:38:09】
P2025082516154249342156978----提交：{"custId":"24120300001308","appId":"8241201350","order":"P2025082516154249342156978","sign":"DB24DBAB2756ADF9C535FD322418C5E5"}

【2025-08-25 16:38:10】
P2025082516154249342156978----返回：{"code":"000000","msg":"P2025082516154249342156978","data":{"date":"2025-08-25 16:15:46","eid":"E45756448202508251915oenjXoIDxUW","amount":"45","name":"NAIARA MICAELE DA SILVA MARQUES","cpf":"10882554425","bankname":"null","payBank":"","payCpf":"","pixkey":"10882554425","account":"10027646","status":"done","order":"A20250825161543990097LLZTWvByf"},"sign":"9A14D17A0B30651C8579C65A8B6BB768"}

【2025-08-25 16:52:25】
P2025082515245446294801791----提交：{"custId":"24120300001308","appId":"8241201350","order":"P2025082515245446294801791","sign":"314DBF485C805578712C92D5EE6B5851"}

【2025-08-25 16:52:25】
P2025082515245446294801791----返回：{"code":"000000","msg":"P2025082515245446294801791","data":{"date":"2025-08-25 15:26:06","eid":"E45756448202508251826eJFWoj9NUmZ","amount":"7000","name":"JESSICA SILVA RAMOS DIAS","cpf":"10818175931","bankname":"null","payBank":"","payCpf":"","pixkey":"soparapix35@gmail.com","account":"1426522098660","status":"done","order":"A202508251526020975885iZBZmQIX"},"sign":"43934644E43F379E82A2900E026E2D34"}

【2025-08-25 16:53:02】
P2025082515245446294801791----提交：{"custId":"24120300001308","appId":"8241201350","order":"P2025082515245446294801791","sign":"314DBF485C805578712C92D5EE6B5851"}

【2025-08-25 16:53:03】
P2025082515245446294801791----返回：{"code":"000000","msg":"P2025082515245446294801791","data":{"date":"2025-08-25 15:26:06","eid":"E45756448202508251826eJFWoj9NUmZ","amount":"7000","name":"JESSICA SILVA RAMOS DIAS","cpf":"10818175931","bankname":"null","payBank":"","payCpf":"","pixkey":"soparapix35@gmail.com","account":"1426522098660","status":"done","order":"A202508251526020975885iZBZmQIX"},"sign":"43934644E43F379E82A2900E026E2D34"}

【2025-08-25 16:53:20】
P2025082515245446294801791----提交：{"custId":"24120300001308","appId":"8241201350","order":"P2025082515245446294801791","sign":"314DBF485C805578712C92D5EE6B5851"}

【2025-08-25 16:53:21】
P2025082515245446294801791----返回：{"code":"000000","msg":"P2025082515245446294801791","data":{"date":"2025-08-25 15:26:06","eid":"E45756448202508251826eJFWoj9NUmZ","amount":"7000","name":"JESSICA SILVA RAMOS DIAS","cpf":"10818175931","bankname":"null","payBank":"","payCpf":"","pixkey":"soparapix35@gmail.com","account":"1426522098660","status":"done","order":"A202508251526020975885iZBZmQIX"},"sign":"43934644E43F379E82A2900E026E2D34"}

