【2025-08-25 20:06:00】
P2025082519553962539537180----提交：{"custId":"24120300001308","appId":"8241201350","order":"P2025082519553962539537180","sign":"FBE211DF80FAEB4FA13C1E7F074AC77E"}

【2025-08-25 20:06:01】
P2025082519553962539537180----返回：{"code":"000000","msg":"P2025082519553962539537180","data":{"date":"2025-08-25 19:55:42","eid":"E3720544720250825225540192dcbf9e","amount":"130","name":"Letícia Gabriella Rodrigues Paiva","cpf":"05978177236","bankname":"ORBION GAMING LTDA","payBank":"","payCpf":"","pixkey":"05978177236","account":"18236120","status":"done","order":"A202508251955394120108KzI5LXW5"},"sign":"1488DAB8C9C298515D7B6E871EC4A7D6"}

【2025-08-25 20:06:02】
P2025082519553962539537180----提交：{"custId":"24120300001308","appId":"8241201350","order":"P2025082519553962539537180","sign":"FBE211DF80FAEB4FA13C1E7F074AC77E"}

【2025-08-25 20:06:03】
P2025082519553962539537180----返回：{"code":"000000","msg":"P2025082519553962539537180","data":{"date":"2025-08-25 19:55:42","eid":"E3720544720250825225540192dcbf9e","amount":"130","name":"Letícia Gabriella Rodrigues Paiva","cpf":"05978177236","bankname":"ORBION GAMING LTDA","payBank":"","payCpf":"","pixkey":"05978177236","account":"18236120","status":"done","order":"A202508251955394120108KzI5LXW5"},"sign":"1488DAB8C9C298515D7B6E871EC4A7D6"}

【2025-08-25 20:15:02】
P2025081721244276682188127----提交：{"custId":"24120300001308","appId":"8241201350","order":"P2025081721244276682188127","sign":"5C6D3F6A54A1A6494AD577C5A3B6C774"}

【2025-08-25 20:15:03】
P2025081721244276682188127----返回：{"code":"000000","msg":"P2025081721244276682188127","data":{"date":"2025-08-17 21:24:49","eid":"E457564482025081800243P1AVTo9eUS","amount":"20","name":"LUCAS FERREIRA DE LIRA","cpf":"8834904478","bankname":"null","payBank":"","payCpf":"","pixkey":"08834904478","account":"12880000008715382611","status":"done","order":"A20250817212443430427AzxqQRNxJ"},"sign":"C31101CE4B9530A63EFB5B9A684E2DE8"}

【2025-08-25 20:15:07】
P2025081721244276682188127----提交：{"custId":"24120300001308","appId":"8241201350","order":"P2025081721244276682188127","sign":"5C6D3F6A54A1A6494AD577C5A3B6C774"}

【2025-08-25 20:15:07】
P2025081721244276682188127----返回：{"code":"000000","msg":"P2025081721244276682188127","data":{"date":"2025-08-17 21:24:49","eid":"E457564482025081800243P1AVTo9eUS","amount":"20","name":"LUCAS FERREIRA DE LIRA","cpf":"8834904478","bankname":"null","payBank":"","payCpf":"","pixkey":"08834904478","account":"12880000008715382611","status":"done","order":"A20250817212443430427AzxqQRNxJ"},"sign":"C31101CE4B9530A63EFB5B9A684E2DE8"}

【2025-08-25 20:32:11】
P2025081117514845508857278----提交：{"custId":"24120300001308","appId":"8241201350","order":"P2025081117514845508857278","sign":"23B4AA823E27EF66A182472325E7C880"}

【2025-08-25 20:32:12】
P2025081117514845508857278----返回：{"code":"000000","msg":"P2025081117514845508857278","data":{"date":"2025-08-11 17:53:15","eid":"E37205447202508112053112214595a5","amount":"24000","name":"EDJA MARIA DE OLIVEIRA BARROS","cpf":"03434181423","bankname":"ORBION GAMING LTDA","payBank":"","payCpf":"","pixkey":"03434181423","account":"60701190","status":"done","order":"A20250811175301947700ZY6uGlz7P"},"sign":"BC126215390F53D410CA55C7EFE155D6"}

【2025-08-25 20:32:13】
P2025081117514845508857278----提交：{"custId":"24120300001308","appId":"8241201350","order":"P2025081117514845508857278","sign":"23B4AA823E27EF66A182472325E7C880"}

【2025-08-25 20:32:13】
P2025081117514845508857278----返回：{"code":"000000","msg":"P2025081117514845508857278","data":{"date":"2025-08-11 17:53:15","eid":"E37205447202508112053112214595a5","amount":"24000","name":"EDJA MARIA DE OLIVEIRA BARROS","cpf":"03434181423","bankname":"ORBION GAMING LTDA","payBank":"","payCpf":"","pixkey":"03434181423","account":"60701190","status":"done","order":"A20250811175301947700ZY6uGlz7P"},"sign":"BC126215390F53D410CA55C7EFE155D6"}

【2025-08-25 20:59:57】
P2025082520524665966239677----提交：{"custId":"24120300001308","appId":"8241201350","order":"P2025082520524665966239677","sign":"2AD46EF281C082CC8C297B2EDD1C84C8"}

【2025-08-25 20:59:58】
P2025082520524665966239677----返回：{"code":"000000","msg":"P2025082520524665966239677","data":{"date":"2025-08-25 20:59:48","eid":"E45756448202508252359LzHSshf6k2h","amount":"150","name":"Pedro Ricardo Rocha Do Nascimento Teixeira","cpf":"16770254760","bankname":"null","payBank":"","payCpf":"","pixkey":"21996334761","account":"225833271","status":"done","order":"A20250825205945878603QdevmWqgq"},"sign":"090E82224A0083C11945E47A18E2B20A"}

