【2025-08-25 22:22:53】
P2025082522143570875095532----提交：{"custId":"24120300001308","appId":"8241201350","order":"P2025082522143570875095532","sign":"D6EE53C8312E6C5B4A88EEA0137B0827"}

【2025-08-25 22:22:54】
P2025082522143570875095532----返回：{"code":"000000","msg":"P2025082522143570875095532","data":{"date":"2025-08-25 22:14:38","eid":"E457564482025082601145K6fc2JkOJa","amount":"500","name":"VALDIVINO IMPERATRIZ VIEIRA","cpf":"47914262153","bankname":"null","payBank":"","payCpf":"","pixkey":"47914262153","account":"621293","status":"done","order":"A202508252214369427478QyJVUcLK"},"sign":"F7794CC80AA9FF2CA0AD1A49E5CB1178"}

【2025-08-25 22:22:55】
P2025082522143570875095532----提交：{"custId":"24120300001308","appId":"8241201350","order":"P2025082522143570875095532","sign":"D6EE53C8312E6C5B4A88EEA0137B0827"}

【2025-08-25 22:22:55】
P2025082522143570875095532----返回：{"code":"000000","msg":"P2025082522143570875095532","data":{"date":"2025-08-25 22:14:38","eid":"E457564482025082601145K6fc2JkOJa","amount":"500","name":"VALDIVINO IMPERATRIZ VIEIRA","cpf":"47914262153","bankname":"null","payBank":"","payCpf":"","pixkey":"47914262153","account":"621293","status":"done","order":"A202508252214369427478QyJVUcLK"},"sign":"F7794CC80AA9FF2CA0AD1A49E5CB1178"}

【2025-08-25 22:38:59】
P2025082522255571555879086----提交：{"custId":"24120300001308","appId":"8241201350","order":"P2025082522255571555879086","sign":"89BC162062BB91E31E240DDE4DF9443D"}

【2025-08-25 22:39:00】
P2025082522255571555879086----返回：{"code":"000000","msg":"P2025082522255571555879086","data":{"date":"2025-08-25 22:25:59","eid":"E45756448202508260125itiiQBHbYEi","amount":"180","name":"SERGIO LUIZ LEAL","cpf":"72748095049","bankname":"null","payBank":"","payCpf":"","pixkey":"72748095049","account":"10307940","status":"done","order":"A20250825222556935791SNULHh6Wl"},"sign":"EEDF304A37C158869EC3D6C6A68776E5"}

【2025-08-25 22:39:03】
P2025082522255571555879086----提交：{"custId":"24120300001308","appId":"8241201350","order":"P2025082522255571555879086","sign":"89BC162062BB91E31E240DDE4DF9443D"}

【2025-08-25 22:39:04】
P2025082522255571555879086----返回：{"code":"000000","msg":"P2025082522255571555879086","data":{"date":"2025-08-25 22:25:59","eid":"E45756448202508260125itiiQBHbYEi","amount":"180","name":"SERGIO LUIZ LEAL","cpf":"72748095049","bankname":"null","payBank":"","payCpf":"","pixkey":"72748095049","account":"10307940","status":"done","order":"A20250825222556935791SNULHh6Wl"},"sign":"EEDF304A37C158869EC3D6C6A68776E5"}

【2025-08-25 22:39:06】
P2025082522255571555879086----提交：{"custId":"24120300001308","appId":"8241201350","order":"P2025082522255571555879086","sign":"89BC162062BB91E31E240DDE4DF9443D"}

【2025-08-25 22:39:06】
P2025082522255571555879086----返回：{"code":"000000","msg":"P2025082522255571555879086","data":{"date":"2025-08-25 22:25:59","eid":"E45756448202508260125itiiQBHbYEi","amount":"180","name":"SERGIO LUIZ LEAL","cpf":"72748095049","bankname":"null","payBank":"","payCpf":"","pixkey":"72748095049","account":"10307940","status":"done","order":"A20250825222556935791SNULHh6Wl"},"sign":"EEDF304A37C158869EC3D6C6A68776E5"}

【2025-08-25 22:39:07】
P2025082522255571555879086----提交：{"custId":"24120300001308","appId":"8241201350","order":"P2025082522255571555879086","sign":"89BC162062BB91E31E240DDE4DF9443D"}

【2025-08-25 22:39:08】
P2025082522255571555879086----返回：{"code":"000000","msg":"P2025082522255571555879086","data":{"date":"2025-08-25 22:25:59","eid":"E45756448202508260125itiiQBHbYEi","amount":"180","name":"SERGIO LUIZ LEAL","cpf":"72748095049","bankname":"null","payBank":"","payCpf":"","pixkey":"72748095049","account":"10307940","status":"done","order":"A20250825222556935791SNULHh6Wl"},"sign":"EEDF304A37C158869EC3D6C6A68776E5"}

【2025-08-25 22:39:22】
P2025082522255571555879086----提交：{"custId":"24120300001308","appId":"8241201350","order":"P2025082522255571555879086","sign":"89BC162062BB91E31E240DDE4DF9443D"}

【2025-08-25 22:39:22】
P2025082522255571555879086----返回：{"code":"000000","msg":"P2025082522255571555879086","data":{"date":"2025-08-25 22:25:59","eid":"E45756448202508260125itiiQBHbYEi","amount":"180","name":"SERGIO LUIZ LEAL","cpf":"72748095049","bankname":"null","payBank":"","payCpf":"","pixkey":"72748095049","account":"10307940","status":"done","order":"A20250825222556935791SNULHh6Wl"},"sign":"EEDF304A37C158869EC3D6C6A68776E5"}

【2025-08-25 22:39:40】
P2025082522255571555879086----提交：{"custId":"24120300001308","appId":"8241201350","order":"P2025082522255571555879086","sign":"89BC162062BB91E31E240DDE4DF9443D"}

【2025-08-25 22:39:40】
P2025082522255571555879086----返回：{"code":"000000","msg":"P2025082522255571555879086","data":{"date":"2025-08-25 22:25:59","eid":"E45756448202508260125itiiQBHbYEi","amount":"180","name":"SERGIO LUIZ LEAL","cpf":"72748095049","bankname":"null","payBank":"","payCpf":"","pixkey":"72748095049","account":"10307940","status":"done","order":"A20250825222556935791SNULHh6Wl"},"sign":"EEDF304A37C158869EC3D6C6A68776E5"}

【2025-08-25 22:41:29】
P2025082522342672066919451----提交：{"custId":"24120300001308","appId":"8241201350","order":"P2025082522342672066919451","sign":"C100563F6F97EC12D712A2E88A641A56"}

【2025-08-25 22:41:29】
P2025082522342672066919451----返回：{"code":"000000","msg":"P2025082522342672066919451","data":{"date":"2025-08-25 22:40:03","eid":"E45756448202508260140ViG5PNoug0y","amount":"200","name":"ANA PAULA RIBEIRO DINIZ","cpf":"62184726397","bankname":"null","payBank":"","payCpf":"","pixkey":"+5585991213907","account":"363779701","status":"done","order":"A20250825223959336390lzJENdjEg"},"sign":"B857E52665761E98FC2F9D2A9866E963"}

【2025-08-25 22:41:30】
P2025082522342772067133098----提交：{"custId":"24120300001308","appId":"8241201350","order":"P2025082522342772067133098","sign":"99FFD265C15F295F5E6C40522A703DF8"}

【2025-08-25 22:41:30】
P2025082522342772067133098----返回：{"code":"000000","msg":"P2025082522342772067133098","data":{"date":"2025-08-25 22:40:42","eid":"E45756448202508260140XFhSAcd4S0y","amount":"1500","name":"Daniela De Jesus Amaral","cpf":"3917822237","bankname":"null","payBank":"","payCpf":"","pixkey":"danieladejesusamaral58@gmail.com","account":"431248085","status":"done","order":"A20250825224039128605BJIXmjBSf"},"sign":"E0DDC05552BBD7A5A13EDF6AE5CFBF71"}

【2025-08-25 22:43:19】
P2025082522255571555879086----提交：{"custId":"24120300001308","appId":"8241201350","order":"P2025082522255571555879086","sign":"89BC162062BB91E31E240DDE4DF9443D"}

【2025-08-25 22:43:19】
P2025082522255571555879086----返回：{"code":"000000","msg":"P2025082522255571555879086","data":{"date":"2025-08-25 22:25:59","eid":"E45756448202508260125itiiQBHbYEi","amount":"180","name":"SERGIO LUIZ LEAL","cpf":"72748095049","bankname":"null","payBank":"","payCpf":"","pixkey":"72748095049","account":"10307940","status":"done","order":"A20250825222556935791SNULHh6Wl"},"sign":"EEDF304A37C158869EC3D6C6A68776E5"}

【2025-08-25 22:59:06】
P2025082007143184871977962----提交：{"custId":"24120300001308","appId":"8241201350","order":"P2025082007143184871977962","sign":"81EF5362DC461DE842B4179217DB7765"}

【2025-08-25 22:59:07】
P2025082007143184871977962----返回：{"code":"000000","msg":"P2025082007143184871977962","data":{"date":"2025-08-20 07:14:33","eid":"E45756448202508201014viasM9iOcEi","amount":"10","name":"maiane da Silva Costa Santos","cpf":"11630002720","bankname":"null","payBank":"","payCpf":"","pixkey":"11630002720","account":"380229567","status":"done","order":"A20250820071431527552xrnWDl3LS"},"sign":"7F67E4A0D2E8F6F9D36BADEADED17621"}

【2025-08-25 22:59:08】
P2025082007143184871977962----提交：{"custId":"24120300001308","appId":"8241201350","order":"P2025082007143184871977962","sign":"81EF5362DC461DE842B4179217DB7765"}

【2025-08-25 22:59:09】
P2025082007143184871977962----返回：{"code":"000000","msg":"P2025082007143184871977962","data":{"date":"2025-08-20 07:14:33","eid":"E45756448202508201014viasM9iOcEi","amount":"10","name":"maiane da Silva Costa Santos","cpf":"11630002720","bankname":"null","payBank":"","payCpf":"","pixkey":"11630002720","account":"380229567","status":"done","order":"A20250820071431527552xrnWDl3LS"},"sign":"7F67E4A0D2E8F6F9D36BADEADED17621"}

