【2025-08-25 07:07:43】
P2025082507064416404678070----提交：{"custId":"24120300001308","appId":"8241201350","order":"P2025082507064416404678070","sign":"FDA0A23C343CA26232B491FCFD95C25F"}

【2025-08-25 07:07:43】
P2025082507064416404678070----返回：{"code":"000000","msg":"P2025082507064416404678070","data":{"date":"2025-08-25 07:06:48","eid":"E37205447202508251006445345cc9a2","amount":"20","name":"FLAVIA DOS SANTOS BARROS","cpf":"37520386830","bankname":"ORBION GAMING LTDA","payBank":"","payCpf":"","pixkey":"11913746279","account":"24313102","status":"done","order":"A20250825070644612666UvUm8L62Y"},"sign":"41D6664AEBCB8B83C07AB71F397F1B39"}

【2025-08-25 07:07:46】
P2025082507064416404678070----提交：{"custId":"24120300001308","appId":"8241201350","order":"P2025082507064416404678070","sign":"FDA0A23C343CA26232B491FCFD95C25F"}

【2025-08-25 07:07:46】
P2025082507064416404678070----返回：{"code":"000000","msg":"P2025082507064416404678070","data":{"date":"2025-08-25 07:06:48","eid":"E37205447202508251006445345cc9a2","amount":"20","name":"FLAVIA DOS SANTOS BARROS","cpf":"37520386830","bankname":"ORBION GAMING LTDA","payBank":"","payCpf":"","pixkey":"11913746279","account":"24313102","status":"done","order":"A20250825070644612666UvUm8L62Y"},"sign":"41D6664AEBCB8B83C07AB71F397F1B39"}

【2025-08-25 07:46:04】
P2025082507370018220181349----提交：{"custId":"24120300001308","appId":"8241201350","order":"P2025082507370018220181349","sign":"BE60E50D892844F8152766CABBB2BC84"}

【2025-08-25 07:46:04】
P2025082507370018220181349----返回：{"code":"000000","msg":"P2025082507370018220181349","data":{"date":"2025-08-25 07:37:03","eid":"E45756448202508251037tN1o6AYPLky","amount":"80","name":"Francyele Alves Divino","cpf":"8930435165","bankname":"null","payBank":"","payCpf":"","pixkey":"08930435165","account":"848510658","status":"done","order":"A20250825073700061473hgpEDAghD"},"sign":"463D6A3E47C566DEFC8AF2B1201E3DC9"}

【2025-08-25 07:46:11】
P2025082507370018220181349----提交：{"custId":"24120300001308","appId":"8241201350","order":"P2025082507370018220181349","sign":"BE60E50D892844F8152766CABBB2BC84"}

【2025-08-25 07:46:11】
P2025082507370018220181349----返回：{"code":"000000","msg":"P2025082507370018220181349","data":{"date":"2025-08-25 07:37:03","eid":"E45756448202508251037tN1o6AYPLky","amount":"80","name":"Francyele Alves Divino","cpf":"8930435165","bankname":"null","payBank":"","payCpf":"","pixkey":"08930435165","account":"848510658","status":"done","order":"A20250825073700061473hgpEDAghD"},"sign":"463D6A3E47C566DEFC8AF2B1201E3DC9"}

【2025-08-25 07:46:19】
P2025082507370018220181349----提交：{"custId":"24120300001308","appId":"8241201350","order":"P2025082507370018220181349","sign":"BE60E50D892844F8152766CABBB2BC84"}

【2025-08-25 07:46:19】
P2025082507370018220181349----返回：{"code":"000000","msg":"P2025082507370018220181349","data":{"date":"2025-08-25 07:37:03","eid":"E45756448202508251037tN1o6AYPLky","amount":"80","name":"Francyele Alves Divino","cpf":"8930435165","bankname":"null","payBank":"","payCpf":"","pixkey":"08930435165","account":"848510658","status":"done","order":"A20250825073700061473hgpEDAghD"},"sign":"463D6A3E47C566DEFC8AF2B1201E3DC9"}

【2025-08-25 07:46:47】
P2025082507370018220181349----提交：{"custId":"24120300001308","appId":"8241201350","order":"P2025082507370018220181349","sign":"BE60E50D892844F8152766CABBB2BC84"}

【2025-08-25 07:46:47】
P2025082507370018220181349----返回：{"code":"000000","msg":"P2025082507370018220181349","data":{"date":"2025-08-25 07:37:03","eid":"E45756448202508251037tN1o6AYPLky","amount":"80","name":"Francyele Alves Divino","cpf":"8930435165","bankname":"null","payBank":"","payCpf":"","pixkey":"08930435165","account":"848510658","status":"done","order":"A20250825073700061473hgpEDAghD"},"sign":"463D6A3E47C566DEFC8AF2B1201E3DC9"}

