【2025-08-25 08:09:29】
P2025082507480818888866618----提交：{"custId":"24120300001308","appId":"8241201350","order":"P2025082507480818888866618","sign":"31CFC1F5FE739D13B4A2EF81B632DFDB"}

【2025-08-25 08:09:29】
P2025082507480818888866618----返回：{"code":"000000","msg":"P2025082507480818888866618","data":{"date":"2025-08-25 08:09:03","eid":"E45756448202508251109ufuQ2jECKEC","amount":"7000","name":"Hamilton Bomfim","cpf":"29299566828","bankname":"null","payBank":"","payCpf":"","pixkey":"11951332027","account":"966451843","status":"done","order":"A20250825080901920135IHqra3fjA"},"sign":"F18B9BF8A51207F3B29D89AB47BED80C"}

【2025-08-25 08:09:34】
P2025082507480818888866618----提交：{"custId":"24120300001308","appId":"8241201350","order":"P2025082507480818888866618","sign":"31CFC1F5FE739D13B4A2EF81B632DFDB"}

【2025-08-25 08:09:34】
P2025082507480818888866618----返回：{"code":"000000","msg":"P2025082507480818888866618","data":{"date":"2025-08-25 08:09:03","eid":"E45756448202508251109ufuQ2jECKEC","amount":"7000","name":"Hamilton Bomfim","cpf":"29299566828","bankname":"null","payBank":"","payCpf":"","pixkey":"11951332027","account":"966451843","status":"done","order":"A20250825080901920135IHqra3fjA"},"sign":"F18B9BF8A51207F3B29D89AB47BED80C"}

【2025-08-25 08:19:25】
P2025082508171420634473867----提交：{"custId":"24120300001308","appId":"8241201350","order":"P2025082508171420634473867","sign":"89B0E25CF4A7E88D240034A48F3F3F5D"}

【2025-08-25 08:19:25】
P2025082508171420634473867----返回：{"code":"000000","msg":"P2025082508171420634473867","data":{"date":"2025-08-25 08:17:17","eid":"E45756448202508251117E6yW3NLCmUW","amount":"20","name":"Beatriz Macário de Oliveira","cpf":"10239572564","bankname":"null","payBank":"","payCpf":"","pixkey":"+5573991131991","account":"8957384316","status":"done","order":"A20250825081714676682RGFxgitmB"},"sign":"7F45089893008FF3603C53A67F992CF0"}

【2025-08-25 08:19:33】
P2025082508171420634473867----提交：{"custId":"24120300001308","appId":"8241201350","order":"P2025082508171420634473867","sign":"89B0E25CF4A7E88D240034A48F3F3F5D"}

【2025-08-25 08:19:33】
P2025082508171420634473867----返回：{"code":"000000","msg":"P2025082508171420634473867","data":{"date":"2025-08-25 08:17:17","eid":"E45756448202508251117E6yW3NLCmUW","amount":"20","name":"Beatriz Macário de Oliveira","cpf":"10239572564","bankname":"null","payBank":"","payCpf":"","pixkey":"+5573991131991","account":"8957384316","status":"done","order":"A20250825081714676682RGFxgitmB"},"sign":"7F45089893008FF3603C53A67F992CF0"}

【2025-08-25 08:21:46】
P2025082508134420424676502----提交：{"custId":"24120300001308","appId":"8241201350","order":"P2025082508134420424676502","sign":"1FED0E73406EB0A84DFDA56A771FC61A"}

【2025-08-25 08:21:46】
P2025082508134420424676502----返回：{"code":"000000","msg":"P2025082508134420424676502","data":{"date":"2025-08-25 08:13:46","eid":"E45756448202508251113jXcZIDeyNk6","amount":"20","name":"Hermenegilda da Rocha Dos Santos","cpf":"7128167390","bankname":"null","payBank":"","payCpf":"","pixkey":"07128167390","account":"132726027","status":"done","order":"A20250825081344514417jQfijImFF"},"sign":"589320141C7588354977D9916DAC788A"}

【2025-08-25 08:21:54】
P2025082508134420424676502----提交：{"custId":"24120300001308","appId":"8241201350","order":"P2025082508134420424676502","sign":"1FED0E73406EB0A84DFDA56A771FC61A"}

【2025-08-25 08:21:54】
P2025082508134420424676502----返回：{"code":"000000","msg":"P2025082508134420424676502","data":{"date":"2025-08-25 08:13:46","eid":"E45756448202508251113jXcZIDeyNk6","amount":"20","name":"Hermenegilda da Rocha Dos Santos","cpf":"7128167390","bankname":"null","payBank":"","payCpf":"","pixkey":"07128167390","account":"132726027","status":"done","order":"A20250825081344514417jQfijImFF"},"sign":"589320141C7588354977D9916DAC788A"}

【2025-08-25 08:38:32】
P2025082408221934539094291----提交：{"custId":"24120300001308","appId":"8241201350","order":"P2025082408221934539094291","sign":"E13937F3903D7F289FAAEA9C92105BC9"}

【2025-08-25 08:38:32】
P2025082408221934539094291----返回：{"code":"000000","msg":"P2025082408221934539094291","data":{"date":"2025-08-24 08:22:22","eid":"E3720544720250824112219579f63645","amount":"20","name":"Tais Gabriela Neves Macedo","cpf":"87818388087","bankname":"ORBION GAMING LTDA","payBank":"","payCpf":"","pixkey":"87818388087","account":"22896431","status":"done","order":"A20250824082219085034BCEbiJana"},"sign":"2C26AE619AFDC960CCBB0137E6ABA8F5"}

【2025-08-25 08:38:36】
P2025082408221934539094291----提交：{"custId":"24120300001308","appId":"8241201350","order":"P2025082408221934539094291","sign":"E13937F3903D7F289FAAEA9C92105BC9"}

【2025-08-25 08:38:36】
P2025082408221934539094291----返回：{"code":"000000","msg":"P2025082408221934539094291","data":{"date":"2025-08-24 08:22:22","eid":"E3720544720250824112219579f63645","amount":"20","name":"Tais Gabriela Neves Macedo","cpf":"87818388087","bankname":"ORBION GAMING LTDA","payBank":"","payCpf":"","pixkey":"87818388087","account":"22896431","status":"done","order":"A20250824082219085034BCEbiJana"},"sign":"2C26AE619AFDC960CCBB0137E6ABA8F5"}

【2025-08-25 08:57:42】
P2025082508540422844648133----提交：{"custId":"24120300001308","appId":"8241201350","order":"P2025082508540422844648133","sign":"1D3E6E0A10E19FA61F07C806263FAD76"}

【2025-08-25 08:57:42】
P2025082508540422844648133----返回：{"code":"000000","msg":"P2025082508540422844648133","data":{"date":"2025-08-25 08:54:07","eid":"E45756448202508251154R2wAhmCjOk2","amount":"15","name":"Antônio Carlos de Sousa dos Santos","cpf":"6683529302","bankname":"null","payBank":"","payCpf":"","pixkey":"06683529302","account":"553208721","status":"done","order":"A20250825085405219231Hk9Q9PpkE"},"sign":"CEC488467E2F2BC3AE8D372786EE315D"}

【2025-08-25 08:57:45】
P2025082508540422844648133----提交：{"custId":"24120300001308","appId":"8241201350","order":"P2025082508540422844648133","sign":"1D3E6E0A10E19FA61F07C806263FAD76"}

【2025-08-25 08:57:45】
P2025082508540422844648133----返回：{"code":"000000","msg":"P2025082508540422844648133","data":{"date":"2025-08-25 08:54:07","eid":"E45756448202508251154R2wAhmCjOk2","amount":"15","name":"Antônio Carlos de Sousa dos Santos","cpf":"6683529302","bankname":"null","payBank":"","payCpf":"","pixkey":"06683529302","account":"553208721","status":"done","order":"A20250825085405219231Hk9Q9PpkE"},"sign":"CEC488467E2F2BC3AE8D372786EE315D"}

