【2025-08-25 21:31:52】
P2025081922583055110274981----提交：{"custId":"24120300001308","appId":"8241201350","order":"P2025081922583055110274981","sign":"D1167AE6DCE3A5858FB8237BDEA90BA4"}

【2025-08-25 21:31:53】
P2025081922583055110274981----返回：{"code":"000000","msg":"P2025081922583055110274981","data":{"date":"2025-08-19 22:58:32","eid":"E45756448202508200158emzYqFO0EUK","amount":"60","name":"UGUIARLY ROMUALDO LOPES","cpf":"16081873650","bankname":"null","payBank":"","payCpf":"","pixkey":"16081873650","account":"318540","status":"done","order":"A20250819225830959924YRCzjUlAW"},"sign":"ADE066B5D7A6E49CC51663C531FA443E"}

【2025-08-25 21:31:57】
P2025081922583055110274981----提交：{"custId":"24120300001308","appId":"8241201350","order":"P2025081922583055110274981","sign":"D1167AE6DCE3A5858FB8237BDEA90BA4"}

【2025-08-25 21:31:58】
P2025081922583055110274981----返回：{"code":"000000","msg":"P2025081922583055110274981","data":{"date":"2025-08-19 22:58:32","eid":"E45756448202508200158emzYqFO0EUK","amount":"60","name":"UGUIARLY ROMUALDO LOPES","cpf":"16081873650","bankname":"null","payBank":"","payCpf":"","pixkey":"16081873650","account":"318540","status":"done","order":"A20250819225830959924YRCzjUlAW"},"sign":"ADE066B5D7A6E49CC51663C531FA443E"}

【2025-08-25 21:42:44】
P2025082518400658006925897----提交：{"custId":"24120300001308","appId":"8241201350","order":"P2025082518400658006925897","sign":"2372F60F37CDD9024580CF2F64CE7A1D"}

【2025-08-25 21:42:45】
P2025082518400658006925897----返回：{"code":"000000","msg":"P2025082518400658006925897","data":{"date":"2025-08-25 18:40:10","eid":"E45756448202508252140QGgVoI8Q4Uu","amount":"130","name":"JIRLAN LESSA SILVA LEMOS","cpf":"3981879597","bankname":"null","payBank":"","payCpf":"","pixkey":"03981879597","account":"459770","status":"done","order":"A20250825184007493131c9LlAzQSJ"},"sign":"E20CF5F9207923BCD6CC1562DEAB7424"}

【2025-08-25 21:43:34】
P2025082518400658006925897----提交：{"custId":"24120300001308","appId":"8241201350","order":"P2025082518400658006925897","sign":"2372F60F37CDD9024580CF2F64CE7A1D"}

【2025-08-25 21:43:35】
P2025082518400658006925897----返回：{"code":"000000","msg":"P2025082518400658006925897","data":{"date":"2025-08-25 18:40:10","eid":"E45756448202508252140QGgVoI8Q4Uu","amount":"130","name":"JIRLAN LESSA SILVA LEMOS","cpf":"3981879597","bankname":"null","payBank":"","payCpf":"","pixkey":"03981879597","account":"459770","status":"done","order":"A20250825184007493131c9LlAzQSJ"},"sign":"E20CF5F9207923BCD6CC1562DEAB7424"}

【2025-08-25 21:43:39】
P2025082518400658006925897----提交：{"custId":"24120300001308","appId":"8241201350","order":"P2025082518400658006925897","sign":"2372F60F37CDD9024580CF2F64CE7A1D"}

【2025-08-25 21:43:40】
P2025082518400658006925897----返回：{"code":"000000","msg":"P2025082518400658006925897","data":{"date":"2025-08-25 18:40:10","eid":"E45756448202508252140QGgVoI8Q4Uu","amount":"130","name":"JIRLAN LESSA SILVA LEMOS","cpf":"3981879597","bankname":"null","payBank":"","payCpf":"","pixkey":"03981879597","account":"459770","status":"done","order":"A20250825184007493131c9LlAzQSJ"},"sign":"E20CF5F9207923BCD6CC1562DEAB7424"}

