【2025-08-25 14:19:36】
P2025082514074741667715921----提交：{"custId":"24120300001308","appId":"8241201350","order":"P2025082514074741667715921","sign":"15566865DADB08C75B70DD9E4CCC056D"}

【2025-08-25 14:19:37】
P2025082514074741667715921----返回：{"code":"000000","msg":"P2025082514074741667715921","data":{"date":"2025-08-25 14:07:51","eid":"E45756448202508251707rsRgrg82Uqf","amount":"50","name":"Maria Vitoria Silva Santos","cpf":"8620735535","bankname":"null","payBank":"","payCpf":"","pixkey":"13998064861","account":"878015250","status":"done","order":"A20250825140748220235QIarJacWD"},"sign":"AC3B7D06B16810704DBF48B1080BFFBF"}

【2025-08-25 14:19:39】
P2025082514074741667715921----提交：{"custId":"24120300001308","appId":"8241201350","order":"P2025082514074741667715921","sign":"15566865DADB08C75B70DD9E4CCC056D"}

【2025-08-25 14:19:39】
P2025082514074741667715921----返回：{"code":"000000","msg":"P2025082514074741667715921","data":{"date":"2025-08-25 14:07:51","eid":"E45756448202508251707rsRgrg82Uqf","amount":"50","name":"Maria Vitoria Silva Santos","cpf":"8620735535","bankname":"null","payBank":"","payCpf":"","pixkey":"13998064861","account":"878015250","status":"done","order":"A20250825140748220235QIarJacWD"},"sign":"AC3B7D06B16810704DBF48B1080BFFBF"}

【2025-08-25 14:26:54】
P2025082512182635106941650----提交：{"custId":"24120300001308","appId":"8241201350","order":"P2025082512182635106941650","sign":"40181CE6A1D757775C61E0382B6DC060"}

【2025-08-25 14:26:55】
P2025082512182635106941650----返回：{"code":"000000","msg":"P2025082512182635106941650","data":{"date":"2025-08-25 12:18:30","eid":"E45756448202508251518EmecsD2EGMl","amount":"40","name":"Bruna Batista dos Santos","cpf":"5603162597","bankname":"null","payBank":"","payCpf":"","pixkey":"79998987318","account":"884041480","status":"done","order":"A20250825121827550470MmwVCSWSK"},"sign":"43EC098B8AD027579BF8201305917460"}

【2025-08-25 14:26:57】
P2025082512182635106941650----提交：{"custId":"24120300001308","appId":"8241201350","order":"P2025082512182635106941650","sign":"40181CE6A1D757775C61E0382B6DC060"}

【2025-08-25 14:26:59】
P2025082512182635106941650----返回：{"code":"000000","msg":"P2025082512182635106941650","data":{"date":"2025-08-25 12:18:30","eid":"E45756448202508251518EmecsD2EGMl","amount":"40","name":"Bruna Batista dos Santos","cpf":"5603162597","bankname":"null","payBank":"","payCpf":"","pixkey":"79998987318","account":"884041480","status":"done","order":"A20250825121827550470MmwVCSWSK"},"sign":"43EC098B8AD027579BF8201305917460"}

【2025-08-25 14:29:29】
P2025082514125241972498562----提交：{"custId":"24120300001308","appId":"8241201350","order":"P2025082514125241972498562","sign":"212B2F5713F306D2794F2D2E00074104"}

【2025-08-25 14:29:30】
P2025082514125241972498562----返回：{"code":"000000","msg":"P2025082514125241972498562","data":{"date":"2025-08-25 14:12:56","eid":"E45756448202508251712Q04VgaimEkm","amount":"23","name":"MILENE HARRISON NUNES","cpf":"47597383800","bankname":"null","payBank":"","payCpf":"","pixkey":"77920021127","account":"978895940","status":"done","order":"A20250825141253907830v9FMPkIJQ"},"sign":"3E4B74E24669C6F8E6E59558B270AD11"}

【2025-08-25 14:29:30】
P2025082514125241972498562----提交：{"custId":"24120300001308","appId":"8241201350","order":"P2025082514125241972498562","sign":"212B2F5713F306D2794F2D2E00074104"}

【2025-08-25 14:29:31】
P2025082514125241972498562----返回：{"code":"000000","msg":"P2025082514125241972498562","data":{"date":"2025-08-25 14:12:56","eid":"E45756448202508251712Q04VgaimEkm","amount":"23","name":"MILENE HARRISON NUNES","cpf":"47597383800","bankname":"null","payBank":"","payCpf":"","pixkey":"77920021127","account":"978895940","status":"done","order":"A20250825141253907830v9FMPkIJQ"},"sign":"3E4B74E24669C6F8E6E59558B270AD11"}

【2025-08-25 14:54:11】
P2025082514074741667715921----提交：{"custId":"24120300001308","appId":"8241201350","order":"P2025082514074741667715921","sign":"15566865DADB08C75B70DD9E4CCC056D"}

【2025-08-25 14:54:12】
P2025082514073241652486315----提交：{"custId":"24120300001308","appId":"8241201350","order":"P2025082514073241652486315","sign":"27A71FE2537568ABE4700CCA6EA2E4A2"}

【2025-08-25 14:54:12】
P2025082514074741667715921----返回：{"code":"000000","msg":"P2025082514074741667715921","data":{"date":"2025-08-25 14:07:51","eid":"E45756448202508251707rsRgrg82Uqf","amount":"50","name":"Maria Vitoria Silva Santos","cpf":"8620735535","bankname":"null","payBank":"","payCpf":"","pixkey":"13998064861","account":"878015250","status":"done","order":"A20250825140748220235QIarJacWD"},"sign":"AC3B7D06B16810704DBF48B1080BFFBF"}

【2025-08-25 14:54:13】
P2025082514073241652486315----返回：{"code":"000000","msg":"P2025082514073241652486315","data":{"date":"2025-08-25 14:07:37","eid":"E45756448202508251707RGsjMcF72Eu","amount":"50","name":"LUIS CARLOS BATISTA BARBOSA","cpf":"1524535559","bankname":"null","payBank":"","payCpf":"","pixkey":"71981051168","account":"729642","status":"done","order":"A20250825140733502819ipFiSRsGT"},"sign":"72DB51EED5D58AAE5BDCC2144E5E6E1A"}

