【2025-08-25 17:01:39】
P2025082515233846218621311----提交：{"custId":"24120300001308","appId":"8241201350","order":"P2025082515233846218621311","sign":"50C7B379B3121C37D1A86821FEF3D791"}

【2025-08-25 17:01:40】
P2025082515233846218621311----返回：{"code":"000000","msg":"P2025082515233846218621311","data":{"date":"2025-08-25 15:23:46","eid":"E45756448202508251823VPQOUhokKZr","amount":"40","name":"SEBASTIAO TRABUCO DOS SANTOS","cpf":"5399125579","bankname":"null","payBank":"","payCpf":"","pixkey":"11977292077","account":"12880000007623687426","status":"done","order":"A20250825152339423167l2ei3cbda"},"sign":"D22D52CEB048E22468F91BF6A82EFD05"}

【2025-08-25 17:01:41】
P2025082515233846218621311----提交：{"custId":"24120300001308","appId":"8241201350","order":"P2025082515233846218621311","sign":"50C7B379B3121C37D1A86821FEF3D791"}

【2025-08-25 17:01:42】
P2025082515233846218621311----返回：{"code":"000000","msg":"P2025082515233846218621311","data":{"date":"2025-08-25 15:23:46","eid":"E45756448202508251823VPQOUhokKZr","amount":"40","name":"SEBASTIAO TRABUCO DOS SANTOS","cpf":"5399125579","bankname":"null","payBank":"","payCpf":"","pixkey":"11977292077","account":"12880000007623687426","status":"done","order":"A20250825152339423167l2ei3cbda"},"sign":"D22D52CEB048E22468F91BF6A82EFD05"}

【2025-08-25 17:05:19】
P2025082511301332213382896----提交：{"custId":"24120300001308","appId":"8241201350","order":"P2025082511301332213382896","sign":"58B45D87F3FF0A54D2FAD09721FD907A"}

【2025-08-25 17:05:21】
P2025082511301332213382896----返回：{"code":"000000","msg":"P2025082511301332213382896","data":{"date":"2025-08-25 11:30:16","eid":"E45756448202508251430wT05azXyaEm","amount":"20","name":"FILYPE RAMOS DA SILVA","cpf":"8814789118","bankname":"null","payBank":"","payCpf":"","pixkey":"08814789118","account":"12880000007907335915","status":"done","order":"A20250825113013143377CIp4v9AEP"},"sign":"9483C6DFB23DC11BF08AA80C9079D1C1"}

【2025-08-25 17:05:22】
P2025082511301332213382896----提交：{"custId":"24120300001308","appId":"8241201350","order":"P2025082511301332213382896","sign":"58B45D87F3FF0A54D2FAD09721FD907A"}

【2025-08-25 17:05:23】
P2025082511301332213382896----返回：{"code":"000000","msg":"P2025082511301332213382896","data":{"date":"2025-08-25 11:30:16","eid":"E45756448202508251430wT05azXyaEm","amount":"20","name":"FILYPE RAMOS DA SILVA","cpf":"8814789118","bankname":"null","payBank":"","payCpf":"","pixkey":"08814789118","account":"12880000007907335915","status":"done","order":"A20250825113013143377CIp4v9AEP"},"sign":"9483C6DFB23DC11BF08AA80C9079D1C1"}

【2025-08-25 17:09:27】
P2025082408373135451666147----提交：{"custId":"24120300001308","appId":"8241201350","order":"P2025082408373135451666147","sign":"1E577D0811F5E0DA08D51DA6F9128D0F"}

【2025-08-25 17:09:28】
P2025082408373135451666147----返回：{"code":"000000","msg":"P2025082408373135451666147","data":{"date":"2025-08-24 08:37:35","eid":"E37205447202508241137322146d1a68","amount":"80","name":"Joceane Aparecida Silva Furmaniak","cpf":"93590520949","bankname":"ORBION GAMING LTDA","payBank":"","payCpf":"","pixkey":"93590520949","account":"08561701","status":"done","order":"A20250824083732992260S55zln8mw"},"sign":"818EE6D696A1EAA96E7B5BCDB3956FCD"}

【2025-08-25 17:33:59】
P2025082517334054020738643----提交：{"custId":"24120300001308","appId":"8241201350","order":"P2025082517334054020738643","sign":"8EB61AC5A4802F14B10222AE8911F7D3"}

【2025-08-25 17:33:59】
P2025082517334054020738643----返回：{"code":"000000","msg":"P2025082517334054020738643","data":{"date":"2025-08-25 17:33:43","eid":"E45756448202508252033VEGuw5yxf0e","amount":"70","name":"JULIANA MARIA MARTINS","cpf":"10673829685","bankname":"null","payBank":"","payCpf":"","pixkey":"10673829685","account":"5100064494","status":"done","order":"A20250825173341621414iGxIEiVjK"},"sign":"E126BEAEA3BEEB2BB935D7E093C75DD5"}

【2025-08-25 17:51:13】
P2025082517291053750267612----提交：{"custId":"24120300001308","appId":"8241201350","order":"P2025082517291053750267612","sign":"8EEC19C237E9778C664C74951E2C5F6B"}

【2025-08-25 17:51:13】
P2025082517291053750267612----返回：{"code":"000000","msg":"P2025082517291053750267612","data":{"date":"2025-08-25 17:29:15","eid":"E45756448202508252029WrYr0q8sQke","amount":"100","name":"ALIANE DE JESUS SOUZA","cpf":"36197006804","bankname":"null","payBank":"","payCpf":"","pixkey":"36197006804","account":"464630576","status":"done","order":"A20250825172911860023uZJLl3D3a"},"sign":"9262EAC34CB0033810ED0A469FE38468"}

【2025-08-25 17:51:16】
P2025082517291053750267612----提交：{"custId":"24120300001308","appId":"8241201350","order":"P2025082517291053750267612","sign":"8EEC19C237E9778C664C74951E2C5F6B"}

【2025-08-25 17:51:16】
P2025082517291053750267612----返回：{"code":"000000","msg":"P2025082517291053750267612","data":{"date":"2025-08-25 17:29:15","eid":"E45756448202508252029WrYr0q8sQke","amount":"100","name":"ALIANE DE JESUS SOUZA","cpf":"36197006804","bankname":"null","payBank":"","payCpf":"","pixkey":"36197006804","account":"464630576","status":"done","order":"A20250825172911860023uZJLl3D3a"},"sign":"9262EAC34CB0033810ED0A469FE38468"}

【2025-08-25 17:59:23】
P2025082408373135451666147----提交：{"custId":"24120300001308","appId":"8241201350","order":"P2025082408373135451666147","sign":"1E577D0811F5E0DA08D51DA6F9128D0F"}

【2025-08-25 17:59:23】
P2025082408373135451666147----返回：{"code":"000000","msg":"P2025082408373135451666147","data":{"date":"2025-08-24 08:37:35","eid":"E37205447202508241137322146d1a68","amount":"80","name":"Joceane Aparecida Silva Furmaniak","cpf":"93590520949","bankname":"ORBION GAMING LTDA","payBank":"","payCpf":"","pixkey":"93590520949","account":"08561701","status":"done","order":"A20250824083732992260S55zln8mw"},"sign":"818EE6D696A1EAA96E7B5BCDB3956FCD"}

