【2025-08-25 11:01:59】
P2025082506353714537544161----提交：{"custId":"24120300001308","appId":"8241201350","order":"P2025082506353714537544161","sign":"EF6FCADC74505C878C1526CAD91A0614"}

【2025-08-25 11:01:59】
P2025082506353714537544161----返回：{"code":"000000","msg":"P2025082506353714537544161","data":{"date":"2025-08-25 06:35:40","eid":"E457564482025082509356pYN9ACP06C","amount":"40","name":"Denise Ferreira Santana","cpf":"10826275184","bankname":"null","payBank":"","payCpf":"","pixkey":"laura216alves@gmail.com","account":"404884892","status":"done","order":"A20250825063537226155zNPTfUIxs"},"sign":"3CAC01F3B57B683418418E85E6EBF3E6"}

【2025-08-25 11:09:37】
P2025082511065630816314318----提交：{"custId":"24120300001308","appId":"8241201350","order":"P2025082511065630816314318","sign":"12508AEC26DEB5644BE930210DBC922C"}

【2025-08-25 11:09:37】
P2025082511065630816314318----返回：{"code":"000000","msg":"P2025082511065630816314318","data":{"date":"2025-08-25 11:07:01","eid":"E45756448202508251406o3FiO4qzwEe","amount":"50","name":"FRANCIMARIA RIBEIRO DA SILVA","cpf":"39163799847","bankname":"null","payBank":"","payCpf":"","pixkey":"39163799847","account":"10239897","status":"done","order":"A20250825110657526289gdTqEsHsx"},"sign":"E4BD09B35112BB3987AD733D4D93525D"}

【2025-08-25 11:09:40】
P2025082511065630816314318----提交：{"custId":"24120300001308","appId":"8241201350","order":"P2025082511065630816314318","sign":"12508AEC26DEB5644BE930210DBC922C"}

【2025-08-25 11:09:41】
P2025082511065630816314318----返回：{"code":"000000","msg":"P2025082511065630816314318","data":{"date":"2025-08-25 11:07:01","eid":"E45756448202508251406o3FiO4qzwEe","amount":"50","name":"FRANCIMARIA RIBEIRO DA SILVA","cpf":"39163799847","bankname":"null","payBank":"","payCpf":"","pixkey":"39163799847","account":"10239897","status":"done","order":"A20250825110657526289gdTqEsHsx"},"sign":"E4BD09B35112BB3987AD733D4D93525D"}

【2025-08-25 11:43:23】
P2025082511383132711996788----提交：{"custId":"24120300001308","appId":"8241201350","order":"P2025082511383132711996788","sign":"AB6FC066C1CCB6E1EBE9EFB9D5D52467"}

【2025-08-25 11:43:24】
P2025082511383132711996788----返回：{"code":"000000","msg":"P2025082511383132711996788","data":{"date":"2025-08-25 11:38:53","eid":"E457564482025082514380YLAr9g0rU2","amount":"10","name":"Weliton Maciel Pereira Schmitz","cpf":"14236432919","bankname":"null","payBank":"","payCpf":"","pixkey":"14236432919","account":"762909978","status":"done","order":"A20250825113832053796LcQrXP628"},"sign":"7A64F603A3367D6A03F3B5F261FE0A6B"}

【2025-08-25 11:43:26】
P2025082511383132711996788----提交：{"custId":"24120300001308","appId":"8241201350","order":"P2025082511383132711996788","sign":"AB6FC066C1CCB6E1EBE9EFB9D5D52467"}

【2025-08-25 11:43:27】
P2025082511383132711996788----返回：{"code":"000000","msg":"P2025082511383132711996788","data":{"date":"2025-08-25 11:38:53","eid":"E457564482025082514380YLAr9g0rU2","amount":"10","name":"Weliton Maciel Pereira Schmitz","cpf":"14236432919","bankname":"null","payBank":"","payCpf":"","pixkey":"14236432919","account":"762909978","status":"done","order":"A20250825113832053796LcQrXP628"},"sign":"7A64F603A3367D6A03F3B5F261FE0A6B"}

