【2025-08-18 03:06:23】
P2025081801270391223531808----提交：{"custId":"24120300001308","appId":"8241201350","order":"P2025081801270391223531808","sign":"4F9C715C0FF8570023FD5809DE06C84C"}

【2025-08-18 03:06:23】
P2025081801270391223531808----返回：{"code":"000000","msg":"P2025081801270391223531808","data":{"date":"2025-08-18 01:27:09","eid":"E45756448202508180427MBcXCHJReki","amount":"400","name":"IVAN APARECIDO DE PAULA","cpf":"5298149197","bankname":"null","payBank":"","payCpf":"","pixkey":"05298149197","account":"12880000008975392811","status":"done","order":"A20250818012703891109JzpeADCYx"},"sign":"5AAF605017F12BC48725B7144B3C4767"}

【2025-08-18 03:06:49】
P2025081801270391223531808----提交：{"custId":"24120300001308","appId":"8241201350","order":"P2025081801270391223531808","sign":"4F9C715C0FF8570023FD5809DE06C84C"}

【2025-08-18 03:06:49】
P2025081801270391223531808----返回：{"code":"000000","msg":"P2025081801270391223531808","data":{"date":"2025-08-18 01:27:09","eid":"E45756448202508180427MBcXCHJReki","amount":"400","name":"IVAN APARECIDO DE PAULA","cpf":"5298149197","bankname":"null","payBank":"","payCpf":"","pixkey":"05298149197","account":"12880000008975392811","status":"done","order":"A20250818012703891109JzpeADCYx"},"sign":"5AAF605017F12BC48725B7144B3C4767"}

【2025-08-18 03:35:32】
P2025081802055993559473256----提交：{"custId":"24120300001308","appId":"8241201350","order":"P2025081802055993559473256","sign":"78EE924B964A6B62505D0C17B7CDB374"}

【2025-08-18 03:35:32】
P2025081802055993559473256----返回：{"code":"000000","msg":"P2025081802055993559473256","data":{"date":"2025-08-18 02:06:06","eid":"E45756448202508180506y9zUBHTyEOP","amount":"15","name":"Davilla Luiza Do Nascimento Mesquita","cpf":"7391987344","bankname":"null","payBank":"","payCpf":"","pixkey":"07391987344","account":"1195074964","status":"done","order":"A20250818020600733018ZYrNtbUUI"},"sign":"D22E095BDF8E082E422BD5F912FBB194"}

【2025-08-18 03:35:37】
P2025081802055993559473256----提交：{"custId":"24120300001308","appId":"8241201350","order":"P2025081802055993559473256","sign":"78EE924B964A6B62505D0C17B7CDB374"}

【2025-08-18 03:35:37】
P2025081802055993559473256----返回：{"code":"000000","msg":"P2025081802055993559473256","data":{"date":"2025-08-18 02:06:06","eid":"E45756448202508180506y9zUBHTyEOP","amount":"15","name":"Davilla Luiza Do Nascimento Mesquita","cpf":"7391987344","bankname":"null","payBank":"","payCpf":"","pixkey":"07391987344","account":"1195074964","status":"done","order":"A20250818020600733018ZYrNtbUUI"},"sign":"D22E095BDF8E082E422BD5F912FBB194"}

【2025-08-18 03:43:20】
P2025081802055993559473256----提交：{"custId":"24120300001308","appId":"8241201350","order":"P2025081802055993559473256","sign":"78EE924B964A6B62505D0C17B7CDB374"}

【2025-08-18 03:43:20】
P2025081802055993559473256----返回：{"code":"000000","msg":"P2025081802055993559473256","data":{"date":"2025-08-18 02:06:06","eid":"E45756448202508180506y9zUBHTyEOP","amount":"15","name":"Davilla Luiza Do Nascimento Mesquita","cpf":"7391987344","bankname":"null","payBank":"","payCpf":"","pixkey":"07391987344","account":"1195074964","status":"done","order":"A20250818020600733018ZYrNtbUUI"},"sign":"D22E095BDF8E082E422BD5F912FBB194"}

【2025-08-18 03:48:23】
P2025081802055993559473256----提交：{"custId":"24120300001308","appId":"8241201350","order":"P2025081802055993559473256","sign":"78EE924B964A6B62505D0C17B7CDB374"}

【2025-08-18 03:48:23】
P2025081802055993559473256----返回：{"code":"000000","msg":"P2025081802055993559473256","data":{"date":"2025-08-18 02:06:06","eid":"E45756448202508180506y9zUBHTyEOP","amount":"15","name":"Davilla Luiza Do Nascimento Mesquita","cpf":"7391987344","bankname":"null","payBank":"","payCpf":"","pixkey":"07391987344","account":"1195074964","status":"done","order":"A20250818020600733018ZYrNtbUUI"},"sign":"D22E095BDF8E082E422BD5F912FBB194"}

【2025-08-18 03:48:54】
P2025081802055993559473256----提交：{"custId":"24120300001308","appId":"8241201350","order":"P2025081802055993559473256","sign":"78EE924B964A6B62505D0C17B7CDB374"}

【2025-08-18 03:48:54】
P2025081802055993559473256----返回：{"code":"000000","msg":"P2025081802055993559473256","data":{"date":"2025-08-18 02:06:06","eid":"E45756448202508180506y9zUBHTyEOP","amount":"15","name":"Davilla Luiza Do Nascimento Mesquita","cpf":"7391987344","bankname":"null","payBank":"","payCpf":"","pixkey":"07391987344","account":"1195074964","status":"done","order":"A20250818020600733018ZYrNtbUUI"},"sign":"D22E095BDF8E082E422BD5F912FBB194"}

【2025-08-18 03:49:01】
P2025081802055993559473256----提交：{"custId":"24120300001308","appId":"8241201350","order":"P2025081802055993559473256","sign":"78EE924B964A6B62505D0C17B7CDB374"}

【2025-08-18 03:49:02】
P2025081802055993559473256----返回：{"code":"000000","msg":"P2025081802055993559473256","data":{"date":"2025-08-18 02:06:06","eid":"E45756448202508180506y9zUBHTyEOP","amount":"15","name":"Davilla Luiza Do Nascimento Mesquita","cpf":"7391987344","bankname":"null","payBank":"","payCpf":"","pixkey":"07391987344","account":"1195074964","status":"done","order":"A20250818020600733018ZYrNtbUUI"},"sign":"D22E095BDF8E082E422BD5F912FBB194"}

