【2025-08-18 19:04:18】
P2025081816134844428542722----提交：{"custId":"24120300001308","appId":"8241201350","order":"P2025081816134844428542722","sign":"75E9D3FD7073AC5C2A988EB1239FAB3F"}

【2025-08-18 19:04:19】
P2025081816134844428542722----返回：{"code":"000000","msg":"P2025081816134844428542722","data":{"date":"2025-08-18 16:13:51","eid":"E45756448202508181913qVOVwE9kV0y","amount":"100","name":"FABIO AUGUSTO DE OLIVEIRA","cpf":"4881031937","bankname":"null","payBank":"","payCpf":"","pixkey":"44997723464","account":"788550358","status":"done","order":"A20250818161349115248zHrRWSN8M"},"sign":"0EDA3FB28981DDBC185AE61B7E584D20"}

【2025-08-18 19:04:21】
P2025081816134844428542722----提交：{"custId":"24120300001308","appId":"8241201350","order":"P2025081816134844428542722","sign":"75E9D3FD7073AC5C2A988EB1239FAB3F"}

【2025-08-18 19:04:21】
P2025081816134844428542722----返回：{"code":"000000","msg":"P2025081816134844428542722","data":{"date":"2025-08-18 16:13:51","eid":"E45756448202508181913qVOVwE9kV0y","amount":"100","name":"FABIO AUGUSTO DE OLIVEIRA","cpf":"4881031937","bankname":"null","payBank":"","payCpf":"","pixkey":"44997723464","account":"788550358","status":"done","order":"A20250818161349115248zHrRWSN8M"},"sign":"0EDA3FB28981DDBC185AE61B7E584D20"}

【2025-08-18 19:04:53】
P2025081816081944099865602----提交：{"custId":"24120300001308","appId":"8241201350","order":"P2025081816081944099865602","sign":"4CCFC36E5DD73BAA0CE1DA0015B938B5"}

【2025-08-18 19:04:54】
P2025081816081944099865602----返回：{"code":"000000","msg":"P2025081816081944099865602","data":{"date":"2025-08-18 16:08:22","eid":"E45756448202508181908iHwagjvps0a","amount":"100","name":"FABIO AUGUSTO DE OLIVEIRA","cpf":"4881031937","bankname":"null","payBank":"","payCpf":"","pixkey":"44997723464","account":"788550358","status":"done","order":"A202508181608205490873NTXwbDRq"},"sign":"0A8E6FF2F57F26AAFAEE35FC48219C71"}

【2025-08-18 19:04:54】
P2025081816081944099865602----提交：{"custId":"24120300001308","appId":"8241201350","order":"P2025081816081944099865602","sign":"4CCFC36E5DD73BAA0CE1DA0015B938B5"}

【2025-08-18 19:04:55】
P2025081816081944099865602----返回：{"code":"000000","msg":"P2025081816081944099865602","data":{"date":"2025-08-18 16:08:22","eid":"E45756448202508181908iHwagjvps0a","amount":"100","name":"FABIO AUGUSTO DE OLIVEIRA","cpf":"4881031937","bankname":"null","payBank":"","payCpf":"","pixkey":"44997723464","account":"788550358","status":"done","order":"A202508181608205490873NTXwbDRq"},"sign":"0A8E6FF2F57F26AAFAEE35FC48219C71"}

【2025-08-18 19:14:20】
P2025081819132655206188679----提交：{"custId":"24120300001308","appId":"8241201350","order":"P2025081819132655206188679","sign":"1775262185C5C9BA309C64CA28A56644"}

【2025-08-18 19:14:21】
P2025081819132655206188679----返回：{"code":"000000","msg":"P2025081819132655206188679","data":{"date":"2025-08-18 19:14:13","eid":"E45756448202508182214O6wforgSQ0e","amount":"64","name":"Marília Cristina do Nascimento Arrais","cpf":"13569820777","bankname":"null","payBank":"","payCpf":"","pixkey":"13569820777","account":"6951781346","status":"done","order":"A20250818191326306975xZipyjhqY"},"sign":"E98FAB70BE99BA33B96B7588CDA759DC"}

【2025-08-18 19:45:32】
P2025081819282756107676188----提交：{"custId":"24120300001308","appId":"8241201350","order":"P2025081819282756107676188","sign":"3C141CFC79B6B6C49C33F0C2003E770F"}

【2025-08-18 19:45:33】
P2025081819282756107676188----返回：{"code":"000000","msg":"P2025081819282756107676188","data":{"date":"2025-08-18 19:28:30","eid":"E45756448202508182228ZPuBZlLx2ke","amount":"300","name":"Bruno Costa de souza","cpf":"9874507942","bankname":"null","payBank":"","payCpf":"","pixkey":"45998104083","account":"556864841","status":"done","order":"A20250818192827805760E8LHRuX7U"},"sign":"60790ADB678C3B412190978A58AAE30E"}

【2025-08-18 19:45:38】
P2025081819282756107676188----提交：{"custId":"24120300001308","appId":"8241201350","order":"P2025081819282756107676188","sign":"3C141CFC79B6B6C49C33F0C2003E770F"}

【2025-08-18 19:45:38】
P2025081819282756107676188----返回：{"code":"000000","msg":"P2025081819282756107676188","data":{"date":"2025-08-18 19:28:30","eid":"E45756448202508182228ZPuBZlLx2ke","amount":"300","name":"Bruno Costa de souza","cpf":"9874507942","bankname":"null","payBank":"","payCpf":"","pixkey":"45998104083","account":"556864841","status":"done","order":"A20250818192827805760E8LHRuX7U"},"sign":"60790ADB678C3B412190978A58AAE30E"}

