【2025-08-18 09:30:54】
P2025081809300720207495991----提交：{"custId":"24120300001308","appId":"8241201350","order":"P2025081809300720207495991","sign":"B8EDF8AACD4564A13EAB2EE1F6CE126D"}

【2025-08-18 09:30:54】
P2025081809300720207495991----返回：{"code":"000000","msg":"P2025081809300720207495991","data":{"date":"2025-08-18 09:30:14","eid":"E37205447202508181230078101dcfbe","amount":"10","name":"FABIANA SILVA SANTANA","cpf":"91239370172","bankname":"ORBION GAMING LTDA","payBank":"","payCpf":"","pixkey":"fabianasantana4712@gmail.com","account":"24313102","status":"done","order":"A20250818093007511954Lsm1uh33k"},"sign":"F22D800C8BEA07F68AE1F972D364D9B6"}

【2025-08-18 09:30:59】
P2025081809300720207495991----提交：{"custId":"24120300001308","appId":"8241201350","order":"P2025081809300720207495991","sign":"B8EDF8AACD4564A13EAB2EE1F6CE126D"}

【2025-08-18 09:30:59】
P2025081809300720207495991----返回：{"code":"000000","msg":"P2025081809300720207495991","data":{"date":"2025-08-18 09:30:14","eid":"E37205447202508181230078101dcfbe","amount":"10","name":"FABIANA SILVA SANTANA","cpf":"91239370172","bankname":"ORBION GAMING LTDA","payBank":"","payCpf":"","pixkey":"fabianasantana4712@gmail.com","account":"24313102","status":"done","order":"A20250818093007511954Lsm1uh33k"},"sign":"F22D800C8BEA07F68AE1F972D364D9B6"}

【2025-08-18 09:33:53】
P2025081809315120311305064----提交：{"custId":"24120300001308","appId":"8241201350","order":"P2025081809315120311305064","sign":"2F36E0184B398490DC1AA887CA7674C4"}

【2025-08-18 09:33:53】
P2025081809315120311305064----返回：{"code":"000000","msg":"P2025081809315120311305064","data":{"date":"2025-08-18 09:31:55","eid":"E3720544720250818123153248d28d5b","amount":"50","name":"CELSO ALEXANDRE JACOMONE","cpf":"85846171087","bankname":"ORBION GAMING LTDA","payBank":"","payCpf":"","pixkey":"sandradavid2807@gmail.com","account":"00360305","status":"done","order":"A20250818093151828672Y68t41AQY"},"sign":"F13B00CF2DD73F41F85BA3C6F2730708"}

【2025-08-18 09:33:59】
P2025081809315120311305064----提交：{"custId":"24120300001308","appId":"8241201350","order":"P2025081809315120311305064","sign":"2F36E0184B398490DC1AA887CA7674C4"}

【2025-08-18 09:33:59】
P2025081809315120311305064----返回：{"code":"000000","msg":"P2025081809315120311305064","data":{"date":"2025-08-18 09:31:55","eid":"E3720544720250818123153248d28d5b","amount":"50","name":"CELSO ALEXANDRE JACOMONE","cpf":"85846171087","bankname":"ORBION GAMING LTDA","payBank":"","payCpf":"","pixkey":"sandradavid2807@gmail.com","account":"00360305","status":"done","order":"A20250818093151828672Y68t41AQY"},"sign":"F13B00CF2DD73F41F85BA3C6F2730708"}

【2025-08-18 09:39:00】
P2025081809091218952284381----提交：{"custId":"24120300001308","appId":"8241201350","order":"P2025081809091218952284381","sign":"DA10A4F642744C134E6625102D478A8C"}

【2025-08-18 09:39:00】
P2025081809091218952284381----返回：{"code":"000000","msg":"P2025081809091218952284381","data":{"date":"2025-08-18 09:09:14","eid":"E37205447202508181209122953a4cdd","amount":"50","name":"MARIA LENILDA DOS SANTOS NASCIMENTO","cpf":"00225844206","bankname":"ORBION GAMING LTDA","payBank":"","payCpf":"","pixkey":"91992881542","account":"60701190","status":"done","order":"A20250818090912224047W7uH5nAC1"},"sign":"40D0F0928644168EB9B048F329CF00B1"}

【2025-08-18 09:40:22】
P2025081809091218952284381----提交：{"custId":"24120300001308","appId":"8241201350","order":"P2025081809091218952284381","sign":"DA10A4F642744C134E6625102D478A8C"}

【2025-08-18 09:40:22】
P2025081809091218952284381----返回：{"code":"000000","msg":"P2025081809091218952284381","data":{"date":"2025-08-18 09:09:14","eid":"E37205447202508181209122953a4cdd","amount":"50","name":"MARIA LENILDA DOS SANTOS NASCIMENTO","cpf":"00225844206","bankname":"ORBION GAMING LTDA","payBank":"","payCpf":"","pixkey":"91992881542","account":"60701190","status":"done","order":"A20250818090912224047W7uH5nAC1"},"sign":"40D0F0928644168EB9B048F329CF00B1"}

【2025-08-18 09:46:28】
P2025081809305020250745014----提交：{"custId":"24120300001308","appId":"8241201350","order":"P2025081809305020250745014","sign":"173521BDF627B429EB8E1BD5FDE8BA62"}

【2025-08-18 09:46:28】
P2025081809305020250745014----返回：{"code":"000000","msg":"P2025081809305020250745014","data":{"date":"2025-08-18 09:30:54","eid":"E37205447202508181230515730c2a34","amount":"30","name":"VANDERLEIA ANTONIA DOS PASSOS","cpf":"05274124305","bankname":"ORBION GAMING LTDA","payBank":"","payCpf":"","pixkey":"16981824213","account":"31872495","status":"done","order":"A20250818093050998557AngGKZUHp"},"sign":"237BDAB7761BC82D9121C15254863388"}

【2025-08-18 09:46:32】
P2025081809305020250745014----提交：{"custId":"24120300001308","appId":"8241201350","order":"P2025081809305020250745014","sign":"173521BDF627B429EB8E1BD5FDE8BA62"}

【2025-08-18 09:46:32】
P2025081809305020250745014----返回：{"code":"000000","msg":"P2025081809305020250745014","data":{"date":"2025-08-18 09:30:54","eid":"E37205447202508181230515730c2a34","amount":"30","name":"VANDERLEIA ANTONIA DOS PASSOS","cpf":"05274124305","bankname":"ORBION GAMING LTDA","payBank":"","payCpf":"","pixkey":"16981824213","account":"31872495","status":"done","order":"A20250818093050998557AngGKZUHp"},"sign":"237BDAB7761BC82D9121C15254863388"}

