【2025-08-18 12:09:19】
P2025081811141326453975516----提交：{"custId":"24120300001308","appId":"8241201350","order":"P2025081811141326453975516","sign":"070C92ADCFF65CF97BE1D0825AF86252"}

【2025-08-18 12:09:20】
P2025081811141326453975516----返回：{"code":"000000","msg":"P2025081811141326453975516","data":{"date":"2025-08-18 11:14:16","eid":"E45756448202508181414bvT9UfFYdkm","amount":"40","name":"Silvania Ferreira dos Reis","cpf":"3548930689","bankname":"null","payBank":"","payCpf":"","pixkey":"11964376581","account":"855237877","status":"done","order":"A202508181114137602116nw3QDExZ"},"sign":"36C0047E4F8C8FC5DCB9FC968C23FB22"}

【2025-08-18 12:10:45】
P2025081811141326453975516----提交：{"custId":"24120300001308","appId":"8241201350","order":"P2025081811141326453975516","sign":"070C92ADCFF65CF97BE1D0825AF86252"}

【2025-08-18 12:10:46】
P2025081811141326453975516----返回：{"code":"000000","msg":"P2025081811141326453975516","data":{"date":"2025-08-18 11:14:16","eid":"E45756448202508181414bvT9UfFYdkm","amount":"40","name":"Silvania Ferreira dos Reis","cpf":"3548930689","bankname":"null","payBank":"","payCpf":"","pixkey":"11964376581","account":"855237877","status":"done","order":"A202508181114137602116nw3QDExZ"},"sign":"36C0047E4F8C8FC5DCB9FC968C23FB22"}

【2025-08-18 12:34:23】
P2025081300533657216016393----提交：{"custId":"24120300001308","appId":"8241201350","order":"P2025081300533657216016393","sign":"0E7676113EBCAD3F5B05A01E6F5260CF"}

【2025-08-18 12:34:23】
P2025081300533657216016393----返回：{"code":"000000","msg":"P2025081300533657216016393","data":{"date":"2025-08-13 00:53:39","eid":"E37205447202508130353364243e7de2","amount":"148.19","name":"JUSCELIA VIEIRA MARQUES DE SOUZA","cpf":"07344863677","bankname":"ORBION GAMING LTDA","payBank":"","payCpf":"","pixkey":"07344863677","account":"00000000","status":"done","order":"A20250813005336980798kXGWCZTu4"},"sign":"0406D62331397F0E08C9EE9EDA150E0A"}

【2025-08-18 12:34:29】
P2025081300533657216016393----提交：{"custId":"24120300001308","appId":"8241201350","order":"P2025081300533657216016393","sign":"0E7676113EBCAD3F5B05A01E6F5260CF"}

【2025-08-18 12:34:29】
P2025081300533657216016393----返回：{"code":"000000","msg":"P2025081300533657216016393","data":{"date":"2025-08-13 00:53:39","eid":"E37205447202508130353364243e7de2","amount":"148.19","name":"JUSCELIA VIEIRA MARQUES DE SOUZA","cpf":"07344863677","bankname":"ORBION GAMING LTDA","payBank":"","payCpf":"","pixkey":"07344863677","account":"00000000","status":"done","order":"A20250813005336980798kXGWCZTu4"},"sign":"0406D62331397F0E08C9EE9EDA150E0A"}

【2025-08-18 12:40:21】
P2025081714523853158231584----提交：{"custId":"24120300001308","appId":"8241201350","order":"P2025081714523853158231584","sign":"EDBA7A4D706DC03A7CB67B22767F05F1"}

【2025-08-18 12:40:22】
P2025081714523853158231584----返回：{"code":"000000","msg":"P2025081714523853158231584","data":{"date":"2025-08-17 14:52:41","eid":"E3720544720250817175238775bc1c7e","amount":"20","name":"Rhayel Lukka Costa Ribeiro Taques","cpf":"07194493160","bankname":"ORBION GAMING LTDA","payBank":"","payCpf":"","pixkey":"65993604671","account":"23862762","status":"done","order":"A20250817145238599525PaG4lsYHE"},"sign":"8B653BCFCC09089C8464FF8EE3FAB1C9"}

【2025-08-18 12:48:51】
P2025081812474132061156754----提交：{"custId":"24120300001308","appId":"8241201350","order":"P2025081812474132061156754","sign":"BE55615C8995CFADBD382F4DACC22BC3"}

【2025-08-18 12:48:52】
P2025081812474132061156754----返回：{"code":"000000","msg":"P2025081812474132061156754","data":{"date":"2025-08-18 12:47:45","eid":"E45756448202508181547KoI22K5qvEi","amount":"340","name":"ANA GOMES DA SILVA FRANKLIN DOS SANTOS","cpf":"13574731841","bankname":"null","payBank":"","payCpf":"","pixkey":"13574731841","account":"12880000007558741891","status":"done","order":"A20250818124741567622qPJeqphyS"},"sign":"8AF340F3C8FE520BF8438D99C883871F"}

【2025-08-18 12:58:44】
P2025081812461531975927965----提交：{"custId":"24120300001308","appId":"8241201350","order":"P2025081812461531975927965","sign":"C703DC3B447583F8BFE038E209B4CDF0"}

【2025-08-18 12:58:45】
P2025081812461531975927965----返回：{"code":"000000","msg":"P2025081812461531975927965","data":{"date":"2025-08-18 12:58:13","eid":"E4575644820250818155854mX5Mx4DEe","amount":"10","name":"Rian Aguiar da Conceição","cpf":"15404623403","bankname":"null","payBank":"","payCpf":"","pixkey":"15404623403","account":"4071305805","status":"done","order":"A20250818124616299847l8nsWJwCr"},"sign":"195F4521AE86596C964E568A2F4BA5E1"}

