【2025-08-18 21:00:17】
P2025081820590161541612675----提交：{"custId":"24120300001308","appId":"8241201350","order":"P2025081820590161541612675","sign":"13E52154B00E0557A9276046B4EBDAFB"}

【2025-08-18 21:00:18】
P2025081820590161541612675----返回：{"code":"000000","msg":"P2025081820590161541612675","data":{"date":"2025-08-18 20:59:06","eid":"E45756448202508182359Jd1UzWo4H0q","amount":"30","name":"CESAR CEBASTIAN BASTARDO VILERA","cpf":"71125215216","bankname":"null","payBank":"","payCpf":"","pixkey":"71125215216","account":"556769","status":"done","order":"A20250818205901532230ScwfYIq7A"},"sign":"790AA0DFA372D8C7F73BB6B754FB672E"}

【2025-08-18 21:01:27】
P2025081820132758807282306----提交：{"custId":"24120300001308","appId":"8241201350","order":"P2025081820132758807282306","sign":"38BF41BDBDA0447E01B0A196F7617443"}

【2025-08-18 21:01:28】
P2025081820132758807282306----返回：{"code":"000000","msg":"P2025081820132758807282306","data":{"date":"2025-08-18 20:14:08","eid":"E45756448202508182314quNHULN9BES","amount":"60","name":"ANTONIO MARCOS AGAPIO","cpf":"2744624942","bankname":"null","payBank":"","payCpf":"","pixkey":"51996386429","account":"12880000009647788040","status":"done","order":"A20250818201327567690jGhfI6WHy"},"sign":"399C05571814017B999B4AFDDEAA505B"}

【2025-08-18 21:01:45】
P2025081820132758807282306----提交：{"custId":"24120300001308","appId":"8241201350","order":"P2025081820132758807282306","sign":"38BF41BDBDA0447E01B0A196F7617443"}

【2025-08-18 21:01:45】
P2025081820132758807282306----返回：{"code":"000000","msg":"P2025081820132758807282306","data":{"date":"2025-08-18 20:14:08","eid":"E45756448202508182314quNHULN9BES","amount":"60","name":"ANTONIO MARCOS AGAPIO","cpf":"2744624942","bankname":"null","payBank":"","payCpf":"","pixkey":"51996386429","account":"12880000009647788040","status":"done","order":"A20250818201327567690jGhfI6WHy"},"sign":"399C05571814017B999B4AFDDEAA505B"}

【2025-08-18 21:04:39】
P2025081819532557605407302----提交：{"custId":"24120300001308","appId":"8241201350","order":"P2025081819532557605407302","sign":"21B3B6D39191CBD97F71A30301D5D0E0"}

【2025-08-18 21:04:40】
P2025081819532557605407302----返回：{"code":"000000","msg":"P2025081819532557605407302","data":{"date":"2025-08-18 19:53:56","eid":"E457564482025081822534GEiUG0rV0q","amount":"30","name":"Angélica dos Santos Oliveira","cpf":"37428194881","bankname":"null","payBank":"","payCpf":"","pixkey":"37428194881","account":"292154390","status":"done","order":"A202508181953259032165jquKwVKl"},"sign":"B98A37623B8AF087DAE51B6E8ED32CCF"}

【2025-08-18 21:05:26】
P2025081820392760367432929----提交：{"custId":"24120300001308","appId":"8241201350","order":"P2025081820392760367432929","sign":"AF8D15F0813898D2B87098C75E77F736"}

【2025-08-18 21:05:27】
P2025081820392760367432929----返回：{"code":"000000","msg":"P2025081820392760367432929","data":{"date":"2025-08-18 20:39:31","eid":"E45756448202508182339EfEt6BQmEOA","amount":"200","name":"dayvid portela dos santos","cpf":"2492693333","bankname":"null","payBank":"","payCpf":"","pixkey":"02492693333","account":"136085156","status":"done","order":"A20250818203928239635gl9cDwJyc"},"sign":"B6099FA301E41006FD4F4273676C4D5A"}

【2025-08-18 21:05:34】
P2025081820392760367432929----提交：{"custId":"24120300001308","appId":"8241201350","order":"P2025081820392760367432929","sign":"AF8D15F0813898D2B87098C75E77F736"}

【2025-08-18 21:05:34】
P2025081820392760367432929----返回：{"code":"000000","msg":"P2025081820392760367432929","data":{"date":"2025-08-18 20:39:31","eid":"E45756448202508182339EfEt6BQmEOA","amount":"200","name":"dayvid portela dos santos","cpf":"2492693333","bankname":"null","payBank":"","payCpf":"","pixkey":"02492693333","account":"136085156","status":"done","order":"A20250818203928239635gl9cDwJyc"},"sign":"B6099FA301E41006FD4F4273676C4D5A"}

【2025-08-18 21:06:44】
P2025081820351560115952308----提交：{"custId":"24120300001308","appId":"8241201350","order":"P2025081820351560115952308","sign":"CD6E668796D8C3135CBE5D1C26D620E1"}

【2025-08-18 21:06:44】
P2025081820351560115952308----返回：{"code":"000000","msg":"P2025081820351560115952308","data":{"date":"2025-08-18 20:35:17","eid":"E45756448202508182335cDAg6xQxUmz","amount":"60","name":"Márcia aparecida dos santos","cpf":"2117537774","bankname":"null","payBank":"","payCpf":"","pixkey":"02117537774","account":"594950057","status":"done","order":"A20250818203515534306uWI8N8NRk"},"sign":"E665A5D8135D549FB414DD2FBC83AC2E"}

【2025-08-18 21:06:46】
P2025081820351560115952308----提交：{"custId":"24120300001308","appId":"8241201350","order":"P2025081820351560115952308","sign":"CD6E668796D8C3135CBE5D1C26D620E1"}

【2025-08-18 21:06:47】
P2025081820351560115952308----返回：{"code":"000000","msg":"P2025081820351560115952308","data":{"date":"2025-08-18 20:35:17","eid":"E45756448202508182335cDAg6xQxUmz","amount":"60","name":"Márcia aparecida dos santos","cpf":"2117537774","bankname":"null","payBank":"","payCpf":"","pixkey":"02117537774","account":"594950057","status":"done","order":"A20250818203515534306uWI8N8NRk"},"sign":"E665A5D8135D549FB414DD2FBC83AC2E"}

【2025-08-18 21:06:56】
P2025081820320259922421054----提交：{"custId":"24120300001308","appId":"8241201350","order":"P2025081820320259922421054","sign":"7F1874FD1277C37EDB8C5E822F30CFFA"}

【2025-08-18 21:06:57】
P2025081820320259922421054----返回：{"code":"000000","msg":"P2025081820320259922421054","data":{"date":"2025-08-18 20:34:17","eid":"E37205447202508182332035308c87a8","amount":"60","name":"Márcia aparecida dos santos","cpf":"02117537774","bankname":"ORBION GAMING LTDA","payBank":"","payCpf":"","pixkey":"02117537774","account":"08561701","status":"done","order":"A20250818203202276073IxeDplCSH"},"sign":"3CB99A112DD7A42EE877BD0F650653A3"}

【2025-08-18 21:06:57】
P2025081820320259922421054----提交：{"custId":"24120300001308","appId":"8241201350","order":"P2025081820320259922421054","sign":"7F1874FD1277C37EDB8C5E822F30CFFA"}

【2025-08-18 21:06:58】
P2025081820320259922421054----返回：{"code":"000000","msg":"P2025081820320259922421054","data":{"date":"2025-08-18 20:34:17","eid":"E37205447202508182332035308c87a8","amount":"60","name":"Márcia aparecida dos santos","cpf":"02117537774","bankname":"ORBION GAMING LTDA","payBank":"","payCpf":"","pixkey":"02117537774","account":"08561701","status":"done","order":"A20250818203202276073IxeDplCSH"},"sign":"3CB99A112DD7A42EE877BD0F650653A3"}

【2025-08-18 21:07:05】
P2025081820294159781208978----提交：{"custId":"24120300001308","appId":"8241201350","order":"P2025081820294159781208978","sign":"96E1BCDE462F566884E837C21C3865AE"}

【2025-08-18 21:07:06】
P2025081820294159781208978----返回：{"code":"000000","msg":"P2025081820294159781208978","data":{"date":"2025-08-18 20:29:44","eid":"E45756448202508182329vYpt65MIUKX","amount":"50","name":"Márcia aparecida dos santos","cpf":"2117537774","bankname":"null","payBank":"","payCpf":"","pixkey":"02117537774","account":"594950057","status":"done","order":"A20250818202942083613ThEpvLH6j"},"sign":"6AC53DC1A866FEA7213BFE6271CE2580"}

【2025-08-18 21:07:11】
P2025081820294159781208978----提交：{"custId":"24120300001308","appId":"8241201350","order":"P2025081820294159781208978","sign":"96E1BCDE462F566884E837C21C3865AE"}

【2025-08-18 21:07:11】
P2025081820294159781208978----返回：{"code":"000000","msg":"P2025081820294159781208978","data":{"date":"2025-08-18 20:29:44","eid":"E45756448202508182329vYpt65MIUKX","amount":"50","name":"Márcia aparecida dos santos","cpf":"2117537774","bankname":"null","payBank":"","payCpf":"","pixkey":"02117537774","account":"594950057","status":"done","order":"A20250818202942083613ThEpvLH6j"},"sign":"6AC53DC1A866FEA7213BFE6271CE2580"}

【2025-08-18 21:09:17】
P2025081820335760037568749----提交：{"custId":"24120300001308","appId":"8241201350","order":"P2025081820335760037568749","sign":"95D515CE8778E5E70DDC2C1416409A2E"}

【2025-08-18 21:09:17】
P2025081820335760037568749----返回：{"code":"000000","msg":"P2025081820335760037568749","data":{"date":"2025-08-18 20:35:18","eid":"E3720544720250818233358767619dc6","amount":"500","name":"William Ramiro Bonisse","cpf":"37200334812","bankname":"ORBION GAMING LTDA","payBank":"","payCpf":"","pixkey":"37200334812","account":"08561701","status":"done","order":"A20250818203358690533vwEkvs6Bk"},"sign":"6442C7A13FB1812FD67A4E0F527E46AE"}

【2025-08-18 21:09:18】
P2025081820335760037568749----提交：{"custId":"24120300001308","appId":"8241201350","order":"P2025081820335760037568749","sign":"95D515CE8778E5E70DDC2C1416409A2E"}

【2025-08-18 21:09:19】
P2025081820335760037568749----返回：{"code":"000000","msg":"P2025081820335760037568749","data":{"date":"2025-08-18 20:35:18","eid":"E3720544720250818233358767619dc6","amount":"500","name":"William Ramiro Bonisse","cpf":"37200334812","bankname":"ORBION GAMING LTDA","payBank":"","payCpf":"","pixkey":"37200334812","account":"08561701","status":"done","order":"A20250818203358690533vwEkvs6Bk"},"sign":"6442C7A13FB1812FD67A4E0F527E46AE"}

【2025-08-18 21:11:24】
P2025081819370656626104737----提交：{"custId":"24120300001308","appId":"8241201350","order":"P2025081819370656626104737","sign":"AC6EDD252D1ABE856C7057B78D062AB0"}

【2025-08-18 21:11:25】
P2025081819370656626104737----返回：{"code":"000000","msg":"P2025081819370656626104737","data":{"date":"2025-08-18 19:37:09","eid":"E457564482025081822373rRwZkCcU6Y","amount":"40","name":"JOSENILSON DOS SANTOS DA SILVA","cpf":"595538126","bankname":"null","payBank":"","payCpf":"","pixkey":"00595538126","account":"324155456","status":"done","order":"A20250818193706026881neeMs2m9b"},"sign":"3579210E2AE4F83095ACEAF66F192FBD"}

【2025-08-18 21:11:30】
P2025081819370656626104737----提交：{"custId":"24120300001308","appId":"8241201350","order":"P2025081819370656626104737","sign":"AC6EDD252D1ABE856C7057B78D062AB0"}

【2025-08-18 21:11:31】
P2025081819370656626104737----返回：{"code":"000000","msg":"P2025081819370656626104737","data":{"date":"2025-08-18 19:37:09","eid":"E457564482025081822373rRwZkCcU6Y","amount":"40","name":"JOSENILSON DOS SANTOS DA SILVA","cpf":"595538126","bankname":"null","payBank":"","payCpf":"","pixkey":"00595538126","account":"324155456","status":"done","order":"A20250818193706026881neeMs2m9b"},"sign":"3579210E2AE4F83095ACEAF66F192FBD"}

【2025-08-18 21:19:45】
P2025081818403053230866880----提交：{"custId":"24120300001308","appId":"8241201350","order":"P2025081818403053230866880","sign":"3A8B2A349C94030C61BDA69F253817EA"}

【2025-08-18 21:19:46】
P2025081818403053230866880----返回：{"code":"000000","msg":"P2025081818403053230866880","data":{"date":"2025-08-18 18:40:33","eid":"E457564482025081821407M8UY6tFUCT","amount":"50","name":"WELLINGTHON SILVA ARAUJO","cpf":"12550986431","bankname":"null","payBank":"","payCpf":"","pixkey":"91996292592","account":"10020399","status":"done","order":"A202508181840312269698JWtVpeKU"},"sign":"EC1431604C5F2E04D6396BBC3A055513"}

【2025-08-18 21:21:16】
P2025081818403053230866880----提交：{"custId":"24120300001308","appId":"8241201350","order":"P2025081818403053230866880","sign":"3A8B2A349C94030C61BDA69F253817EA"}

【2025-08-18 21:21:16】
P2025081818403053230866880----返回：{"code":"000000","msg":"P2025081818403053230866880","data":{"date":"2025-08-18 18:40:33","eid":"E457564482025081821407M8UY6tFUCT","amount":"50","name":"WELLINGTHON SILVA ARAUJO","cpf":"12550986431","bankname":"null","payBank":"","payCpf":"","pixkey":"91996292592","account":"10020399","status":"done","order":"A202508181840312269698JWtVpeKU"},"sign":"EC1431604C5F2E04D6396BBC3A055513"}

【2025-08-18 21:25:05】
P2025081820531861198138169----提交：{"custId":"24120300001308","appId":"8241201350","order":"P2025081820531861198138169","sign":"B0F7AA4CF8A50D024B48BDFEED8B5C33"}

【2025-08-18 21:25:06】
P2025081820531861198138169----返回：{"code":"000000","msg":"P2025081820531861198138169","data":{"date":"2025-08-18 20:53:22","eid":"E45756448202508182353ip2NK77zBku","amount":"100","name":"Sônia Regina Fernandes","cpf":"6914599750","bankname":"null","payBank":"","payCpf":"","pixkey":"06914599750","account":"191182379","status":"done","order":"A20250818205319080415p3BZTYhjC"},"sign":"A024FAEA42FCD7E75F9C91E235B6ED4A"}

【2025-08-18 21:25:09】
P2025081820462860788606370----提交：{"custId":"24120300001308","appId":"8241201350","order":"P2025081820462860788606370","sign":"C554FC1597AEDB1563C00DC121419007"}

【2025-08-18 21:25:09】
P2025081820462860788606370----返回：{"code":"000000","msg":"P2025081820462860788606370","data":{"date":"2025-08-18 20:46:33","eid":"E45756448202508182346OQSU93zRakY","amount":"150","name":"Sônia Regina Fernandes","cpf":"6914599750","bankname":"null","payBank":"","payCpf":"","pixkey":"06914599750","account":"191182379","status":"done","order":"A20250818204629603452jMGjnZwsM"},"sign":"D07FF29FC1090045517C8EE7EBBCD542"}

【2025-08-18 21:25:14】
P2025081820383960319429401----提交：{"custId":"24120300001308","appId":"8241201350","order":"P2025081820383960319429401","sign":"8122826C701E580D92FE3DF5168415B3"}

【2025-08-18 21:25:14】
P2025081820383960319429401----返回：{"code":"000000","msg":"P2025081820383960319429401","data":{"date":"2025-08-18 20:38:45","eid":"E45756448202508182338InVODi5Z8Ey","amount":"100","name":"Sônia Regina Fernandes","cpf":"6914599750","bankname":"null","payBank":"","payCpf":"","pixkey":"06914599750","account":"191182379","status":"done","order":"A20250818203841312020q76ajgHz7"},"sign":"E892F7721DA69F3E94419DC961CE4523"}

【2025-08-18 21:25:15】
P2025081820383960319429401----提交：{"custId":"24120300001308","appId":"8241201350","order":"P2025081820383960319429401","sign":"8122826C701E580D92FE3DF5168415B3"}

【2025-08-18 21:25:16】
P2025081820383960319429401----返回：{"code":"000000","msg":"P2025081820383960319429401","data":{"date":"2025-08-18 20:38:45","eid":"E45756448202508182338InVODi5Z8Ey","amount":"100","name":"Sônia Regina Fernandes","cpf":"6914599750","bankname":"null","payBank":"","payCpf":"","pixkey":"06914599750","account":"191182379","status":"done","order":"A20250818203841312020q76ajgHz7"},"sign":"E892F7721DA69F3E94419DC961CE4523"}

【2025-08-18 21:25:16】
P2025081820462860788606370----提交：{"custId":"24120300001308","appId":"8241201350","order":"P2025081820462860788606370","sign":"C554FC1597AEDB1563C00DC121419007"}

【2025-08-18 21:25:17】
P2025081820462860788606370----返回：{"code":"000000","msg":"P2025081820462860788606370","data":{"date":"2025-08-18 20:46:33","eid":"E45756448202508182346OQSU93zRakY","amount":"150","name":"Sônia Regina Fernandes","cpf":"6914599750","bankname":"null","payBank":"","payCpf":"","pixkey":"06914599750","account":"191182379","status":"done","order":"A20250818204629603452jMGjnZwsM"},"sign":"D07FF29FC1090045517C8EE7EBBCD542"}

【2025-08-18 21:25:18】
P2025081820531861198138169----提交：{"custId":"24120300001308","appId":"8241201350","order":"P2025081820531861198138169","sign":"B0F7AA4CF8A50D024B48BDFEED8B5C33"}

【2025-08-18 21:25:18】
P2025081820531861198138169----返回：{"code":"000000","msg":"P2025081820531861198138169","data":{"date":"2025-08-18 20:53:22","eid":"E45756448202508182353ip2NK77zBku","amount":"100","name":"Sônia Regina Fernandes","cpf":"6914599750","bankname":"null","payBank":"","payCpf":"","pixkey":"06914599750","account":"191182379","status":"done","order":"A20250818205319080415p3BZTYhjC"},"sign":"A024FAEA42FCD7E75F9C91E235B6ED4A"}

【2025-08-18 21:28:51】
P2025081821195062790346349----提交：{"custId":"24120300001308","appId":"8241201350","order":"P2025081821195062790346349","sign":"41E98614D9B396542E15DE06FDF2AF9E"}

【2025-08-18 21:28:52】
P2025081821195062790346349----返回：{"code":"000000","msg":"P2025081821195062790346349","data":{"date":"2025-08-18 21:22:23","eid":"E372054472025081900221908975237d","amount":"177","name":"José Wilson Aparecido de Andrade Vita","cpf":"13407133650","bankname":"ORBION GAMING LTDA","payBank":"","payCpf":"","pixkey":"13407133650","account":"18236120","status":"done","order":"A20250818211951235570q4UsSHfQA"},"sign":"E6E57412F076062E06DB6066CDD68D0E"}

【2025-08-18 21:28:53】
P2025081821195062790346349----提交：{"custId":"24120300001308","appId":"8241201350","order":"P2025081821195062790346349","sign":"41E98614D9B396542E15DE06FDF2AF9E"}

【2025-08-18 21:28:54】
P2025081821195062790346349----返回：{"code":"000000","msg":"P2025081821195062790346349","data":{"date":"2025-08-18 21:22:23","eid":"E372054472025081900221908975237d","amount":"177","name":"José Wilson Aparecido de Andrade Vita","cpf":"13407133650","bankname":"ORBION GAMING LTDA","payBank":"","payCpf":"","pixkey":"13407133650","account":"18236120","status":"done","order":"A20250818211951235570q4UsSHfQA"},"sign":"E6E57412F076062E06DB6066CDD68D0E"}

【2025-08-18 21:30:39】
P2025081819493257372431288----提交：{"custId":"24120300001308","appId":"8241201350","order":"P2025081819493257372431288","sign":"7939D78075843C06F9CF50EB1A6C9032"}

【2025-08-18 21:30:39】
P2025081819493257372431288----返回：{"code":"000000","msg":"P2025081819493257372431288","data":{"date":"2025-08-18 19:50:30","eid":"E45756448202508182250DJ2ieGlNuEm","amount":"750","name":"Alex Santos Martins","cpf":"38655680842","bankname":"null","payBank":"","payCpf":"","pixkey":"38655680842","account":"488232901","status":"done","order":"A20250818194932228813TeCffw42F"},"sign":"357C42186617ADF97908DE555E3FACC6"}

【2025-08-18 21:31:06】
P2025081806131008390933567----提交：{"custId":"24120300001308","appId":"8241201350","order":"P2025081806131008390933567","sign":"AACC291F5194BE21555FB174AAF96C88"}

【2025-08-18 21:31:06】
P2025081806131008390933567----返回：{"code":"000000","msg":"P2025081806131008390933567","data":{"date":"2025-08-18 06:13:14","eid":"E45756448202508180913rSfvl2BMS0W","amount":"60","name":"Aviner Mateus Coelho","cpf":"9687012994","bankname":"null","payBank":"","payCpf":"","pixkey":"48988587430","account":"1136156038","status":"done","order":"A202508180613100595851zs6JqHVA"},"sign":"6552C6D0A2104E1C11C0C48A2E338B2A"}

【2025-08-18 21:31:14】
P2025081806131008390933567----提交：{"custId":"24120300001308","appId":"8241201350","order":"P2025081806131008390933567","sign":"AACC291F5194BE21555FB174AAF96C88"}

【2025-08-18 21:31:14】
P2025081806131008390933567----返回：{"code":"000000","msg":"P2025081806131008390933567","data":{"date":"2025-08-18 06:13:14","eid":"E45756448202508180913rSfvl2BMS0W","amount":"60","name":"Aviner Mateus Coelho","cpf":"9687012994","bankname":"null","payBank":"","payCpf":"","pixkey":"48988587430","account":"1136156038","status":"done","order":"A202508180613100595851zs6JqHVA"},"sign":"6552C6D0A2104E1C11C0C48A2E338B2A"}

【2025-08-18 21:35:40】
P2025081819592757967257833----提交：{"custId":"24120300001308","appId":"8241201350","order":"P2025081819592757967257833","sign":"EDCCBE76507A47849F5176F510264B5A"}

【2025-08-18 21:35:40】
P2025081819592757967257833----返回：{"code":"000000","msg":"P2025081819592757967257833","data":{"date":"2025-08-18 20:00:07","eid":"E45756448202508182300MgSuvVZ0Ok3","amount":"30","name":"Rosania Barbara Santos Veloso","cpf":"60527997307","bankname":"null","payBank":"","payCpf":"","pixkey":"60527997307","account":"465271997","status":"done","order":"A20250818195928361994AldV1QAx8"},"sign":"0341E90D8199B7BF66AD9CF77ACA7ED2"}

【2025-08-18 21:35:50】
P2025081819592757967257833----提交：{"custId":"24120300001308","appId":"8241201350","order":"P2025081819592757967257833","sign":"EDCCBE76507A47849F5176F510264B5A"}

【2025-08-18 21:35:50】
P2025081819592757967257833----返回：{"code":"000000","msg":"P2025081819592757967257833","data":{"date":"2025-08-18 20:00:07","eid":"E45756448202508182300MgSuvVZ0Ok3","amount":"30","name":"Rosania Barbara Santos Veloso","cpf":"60527997307","bankname":"null","payBank":"","payCpf":"","pixkey":"60527997307","account":"465271997","status":"done","order":"A20250818195928361994AldV1QAx8"},"sign":"0341E90D8199B7BF66AD9CF77ACA7ED2"}

【2025-08-18 21:36:10】
P2025081809541621656786907----提交：{"custId":"24120300001308","appId":"8241201350","order":"P2025081809541621656786907","sign":"91B9BBE42BEEC34D8F53333E125EBCC2"}

【2025-08-18 21:36:10】
P2025081809541621656786907----返回：{"code":"000000","msg":"P2025081809541621656786907","data":{"date":"2025-08-18 09:54:20","eid":"E3720544720250818125416616c37d28","amount":"50","name":"ADJAIR MOURA DE MIRANDA","cpf":"03161202198","bankname":"ORBION GAMING LTDA","payBank":"","payCpf":"","pixkey":"63992666710","account":"00416968","status":"done","order":"A202508180954168651819eFnDXhKW"},"sign":"1E52CEF649514244A11A8334EFBDA7CD"}

【2025-08-18 21:36:12】
P2025081809541621656786907----提交：{"custId":"24120300001308","appId":"8241201350","order":"P2025081809541621656786907","sign":"91B9BBE42BEEC34D8F53333E125EBCC2"}

【2025-08-18 21:36:12】
P2025081809541621656786907----返回：{"code":"000000","msg":"P2025081809541621656786907","data":{"date":"2025-08-18 09:54:20","eid":"E3720544720250818125416616c37d28","amount":"50","name":"ADJAIR MOURA DE MIRANDA","cpf":"03161202198","bankname":"ORBION GAMING LTDA","payBank":"","payCpf":"","pixkey":"63992666710","account":"00416968","status":"done","order":"A202508180954168651819eFnDXhKW"},"sign":"1E52CEF649514244A11A8334EFBDA7CD"}

【2025-08-18 21:39:13】
P2025081820581761497853488----提交：{"custId":"24120300001308","appId":"8241201350","order":"P2025081820581761497853488","sign":"F5DA6BFD20D0D53F5FF58DDD62D018B3"}

【2025-08-18 21:39:13】
P2025081820581761497853488----返回：{"code":"000000","msg":"P2025081820581761497853488","data":{"date":"2025-08-18 20:58:21","eid":"E457564482025081823584828r0UAaEa","amount":"20","name":"RUAN CARLOS DE LIMA CAMILLO","cpf":"12281759776","bankname":"null","payBank":"","payCpf":"","pixkey":"12281759776","account":"243372795","status":"done","order":"A202508182058184798626ffH9PTgI"},"sign":"D63BB545227651EF899C20A7E83938A9"}

【2025-08-18 21:39:40】
P2025081820581761497853488----提交：{"custId":"24120300001308","appId":"8241201350","order":"P2025081820581761497853488","sign":"F5DA6BFD20D0D53F5FF58DDD62D018B3"}

【2025-08-18 21:39:40】
P2025081820581761497853488----返回：{"code":"000000","msg":"P2025081820581761497853488","data":{"date":"2025-08-18 20:58:21","eid":"E457564482025081823584828r0UAaEa","amount":"20","name":"RUAN CARLOS DE LIMA CAMILLO","cpf":"12281759776","bankname":"null","payBank":"","payCpf":"","pixkey":"12281759776","account":"243372795","status":"done","order":"A202508182058184798626ffH9PTgI"},"sign":"D63BB545227651EF899C20A7E83938A9"}

【2025-08-18 21:42:15】
P2025081821145262492779712----提交：{"custId":"24120300001308","appId":"8241201350","order":"P2025081821145262492779712","sign":"E7AA90CCCC1742D4D24304D1BC3D65A8"}

【2025-08-18 21:42:16】
P2025081821145262492779712----返回：{"msg":"no voucher","code":"900003","data":"","sign":"2856F04258F0DA99937D18ED87965490"}

【2025-08-18 21:42:17】
P2025081821145262492779712----提交：{"custId":"24120300001308","appId":"8241201350","order":"P2025081821145262492779712","sign":"E7AA90CCCC1742D4D24304D1BC3D65A8"}

【2025-08-18 21:42:17】
P2025081821145262492779712----返回：{"msg":"no voucher","code":"900003","data":"","sign":"2856F04258F0DA99937D18ED87965490"}

【2025-08-18 21:43:22】
P2025081821145262492779712----提交：{"custId":"24120300001308","appId":"8241201350","order":"P2025081821145262492779712","sign":"E7AA90CCCC1742D4D24304D1BC3D65A8"}

【2025-08-18 21:43:23】
P2025081821145262492779712----返回：{"msg":"no voucher","code":"900003","data":"","sign":"2856F04258F0DA99937D18ED87965490"}

【2025-08-18 21:45:33】
P2025081820051958319952988----提交：{"custId":"24120300001308","appId":"8241201350","order":"P2025081820051958319952988","sign":"7B7FF970C225CB94A0ABE43A747D954F"}

【2025-08-18 21:45:33】
P2025081820051958319952988----返回：{"code":"000000","msg":"P2025081820051958319952988","data":{"date":"2025-08-18 20:05:47","eid":"E45756448202508182305QPuIq6kt3kS","amount":"50","name":"Márcio Diogo Silva de Lima","cpf":"13096116458","bankname":"null","payBank":"","payCpf":"","pixkey":"13096116458","account":"541556809","status":"done","order":"A202508182005192882759ZmVhuZtR"},"sign":"DBFF182863C4A9361349E7DE727FD9BB"}

【2025-08-18 21:45:48】
P2025081819590657946694206----提交：{"custId":"24120300001308","appId":"8241201350","order":"P2025081819590657946694206","sign":"2FDA6AAF58056B2CD3987889AD221C04"}

【2025-08-18 21:45:48】
P2025081819590657946694206----返回：{"code":"000000","msg":"P2025081819590657946694206","data":{"date":"2025-08-18 19:59:44","eid":"E45756448202508182259TxFuFMbVFUm","amount":"61","name":"Márcio Diogo Silva de Lima","cpf":"13096116458","bankname":"null","payBank":"","payCpf":"","pixkey":"13096116458","account":"541556809","status":"done","order":"A20250818195907888497nRD8ZNDka"},"sign":"DF43D4FFBA71CC85F7EBDE3E5343D6B3"}

【2025-08-18 21:46:07】
P2025081820051958319952988----提交：{"custId":"24120300001308","appId":"8241201350","order":"P2025081820051958319952988","sign":"7B7FF970C225CB94A0ABE43A747D954F"}

【2025-08-18 21:46:08】
P2025081820051958319952988----返回：{"code":"000000","msg":"P2025081820051958319952988","data":{"date":"2025-08-18 20:05:47","eid":"E45756448202508182305QPuIq6kt3kS","amount":"50","name":"Márcio Diogo Silva de Lima","cpf":"13096116458","bankname":"null","payBank":"","payCpf":"","pixkey":"13096116458","account":"541556809","status":"done","order":"A202508182005192882759ZmVhuZtR"},"sign":"DBFF182863C4A9361349E7DE727FD9BB"}

【2025-08-18 21:46:25】
P2025081819590657946694206----提交：{"custId":"24120300001308","appId":"8241201350","order":"P2025081819590657946694206","sign":"2FDA6AAF58056B2CD3987889AD221C04"}

【2025-08-18 21:46:25】
P2025081819590657946694206----返回：{"code":"000000","msg":"P2025081819590657946694206","data":{"date":"2025-08-18 19:59:44","eid":"E45756448202508182259TxFuFMbVFUm","amount":"61","name":"Márcio Diogo Silva de Lima","cpf":"13096116458","bankname":"null","payBank":"","payCpf":"","pixkey":"13096116458","account":"541556809","status":"done","order":"A20250818195907888497nRD8ZNDka"},"sign":"DF43D4FFBA71CC85F7EBDE3E5343D6B3"}

【2025-08-18 21:48:11】
P2025081821362163781774910----提交：{"custId":"24120300001308","appId":"8241201350","order":"P2025081821362163781774910","sign":"626AC12F319EC2DBDC0D7A86275B7D3D"}

【2025-08-18 21:48:12】
P2025081821362163781774910----返回：{"code":"000000","msg":"P2025081821362163781774910","data":{"date":"2025-08-18 21:36:26","eid":"E3720544720250819003623101abf43a","amount":"100","name":"LIOSMAR OLIVEIRA SANTOS","cpf":"04248584522","bankname":"ORBION GAMING LTDA","payBank":"","payCpf":"","pixkey":"04248584522","account":"00360305","status":"done","order":"A202508182136223553512ziIWgijs"},"sign":"A9DFB31A4A3549BBA2D040201030C14D"}

【2025-08-18 21:48:13】
P2025081821362163781774910----提交：{"custId":"24120300001308","appId":"8241201350","order":"P2025081821362163781774910","sign":"626AC12F319EC2DBDC0D7A86275B7D3D"}

【2025-08-18 21:48:13】
P2025081821362163781774910----返回：{"code":"000000","msg":"P2025081821362163781774910","data":{"date":"2025-08-18 21:36:26","eid":"E3720544720250819003623101abf43a","amount":"100","name":"LIOSMAR OLIVEIRA SANTOS","cpf":"04248584522","bankname":"ORBION GAMING LTDA","payBank":"","payCpf":"","pixkey":"04248584522","account":"00360305","status":"done","order":"A202508182136223553512ziIWgijs"},"sign":"A9DFB31A4A3549BBA2D040201030C14D"}

【2025-08-18 21:57:31】
P2025081815115440714727375----提交：{"custId":"24120300001308","appId":"8241201350","order":"P2025081815115440714727375","sign":"2A899D29E689A87120B916C35C5B5DB1"}

【2025-08-18 21:57:31】
P2025081815115440714727375----返回：{"code":"000000","msg":"P2025081815115440714727375","data":{"date":"2025-08-18 15:12:00","eid":"E45756448202508181811vTLLY4nTkk6","amount":"70","name":"LARISSA DA SILVA AJALA","cpf":"7790014196","bankname":"null","payBank":"","payCpf":"","pixkey":"07790014196","account":"144174513","status":"done","order":"A20250818151155478410YvEjZBkJb"},"sign":"C05112FB98098A1EF9DE63DDB8B8F58D"}

【2025-08-18 21:57:55】
P2025081819555857758986379----提交：{"custId":"24120300001308","appId":"8241201350","order":"P2025081819555857758986379","sign":"C5F1D3F3C7B91E5AF0C43255078F2859"}

【2025-08-18 21:57:55】
P2025081819555857758986379----返回：{"code":"000000","msg":"P2025081819555857758986379","data":{"date":"2025-08-18 19:56:37","eid":"E457564482025081822568UAEuQAMMUa","amount":"70","name":"LARISSA DA SILVA AJALA","cpf":"7790014196","bankname":"null","payBank":"","payCpf":"","pixkey":"07790014196","account":"144174513","status":"done","order":"A20250818195559107613VaJWcDtAR"},"sign":"4F6303825C66FDA894CCBDFEF960608C"}

【2025-08-18 21:58:06】
P2025081815115440714727375----提交：{"custId":"24120300001308","appId":"8241201350","order":"P2025081815115440714727375","sign":"2A899D29E689A87120B916C35C5B5DB1"}

【2025-08-18 21:58:06】
P2025081815115440714727375----返回：{"code":"000000","msg":"P2025081815115440714727375","data":{"date":"2025-08-18 15:12:00","eid":"E45756448202508181811vTLLY4nTkk6","amount":"70","name":"LARISSA DA SILVA AJALA","cpf":"7790014196","bankname":"null","payBank":"","payCpf":"","pixkey":"07790014196","account":"144174513","status":"done","order":"A20250818151155478410YvEjZBkJb"},"sign":"C05112FB98098A1EF9DE63DDB8B8F58D"}

【2025-08-18 21:58:41】
P2025081815115440714727375----提交：{"custId":"24120300001308","appId":"8241201350","order":"P2025081815115440714727375","sign":"2A899D29E689A87120B916C35C5B5DB1"}

【2025-08-18 21:58:41】
P2025081815115440714727375----返回：{"code":"000000","msg":"P2025081815115440714727375","data":{"date":"2025-08-18 15:12:00","eid":"E45756448202508181811vTLLY4nTkk6","amount":"70","name":"LARISSA DA SILVA AJALA","cpf":"7790014196","bankname":"null","payBank":"","payCpf":"","pixkey":"07790014196","account":"144174513","status":"done","order":"A20250818151155478410YvEjZBkJb"},"sign":"C05112FB98098A1EF9DE63DDB8B8F58D"}

【2025-08-18 21:59:08】
P2025081815115440714727375----提交：{"custId":"24120300001308","appId":"8241201350","order":"P2025081815115440714727375","sign":"2A899D29E689A87120B916C35C5B5DB1"}

【2025-08-18 21:59:09】
P2025081815115440714727375----返回：{"code":"000000","msg":"P2025081815115440714727375","data":{"date":"2025-08-18 15:12:00","eid":"E45756448202508181811vTLLY4nTkk6","amount":"70","name":"LARISSA DA SILVA AJALA","cpf":"7790014196","bankname":"null","payBank":"","payCpf":"","pixkey":"07790014196","account":"144174513","status":"done","order":"A20250818151155478410YvEjZBkJb"},"sign":"C05112FB98098A1EF9DE63DDB8B8F58D"}

【2025-08-18 21:59:46】
P2025081809564221802358984----提交：{"custId":"24120300001308","appId":"8241201350","order":"P2025081809564221802358984","sign":"BEDBCE2782A125680013980E9A2914CD"}

【2025-08-18 21:59:46】
P2025081809564221802358984----返回：{"code":"000000","msg":"P2025081809564221802358984","data":{"date":"2025-08-18 09:56:45","eid":"E372054472025081812564280497a756","amount":"30","name":"Guilherme Roberto Lopes Gazana Menochelli","cpf":"42747652882","bankname":"ORBION GAMING LTDA","payBank":"","payCpf":"","pixkey":"19997475454","account":"18236120","status":"done","order":"A20250818095642628819D79svFS6K"},"sign":"3AAA8593C7382BD9E7E3AD25E2C8AEF5"}

【2025-08-18 21:59:48】
P2025081809564221802358984----提交：{"custId":"24120300001308","appId":"8241201350","order":"P2025081809564221802358984","sign":"BEDBCE2782A125680013980E9A2914CD"}

【2025-08-18 21:59:48】
P2025081809564221802358984----返回：{"code":"000000","msg":"P2025081809564221802358984","data":{"date":"2025-08-18 09:56:45","eid":"E372054472025081812564280497a756","amount":"30","name":"Guilherme Roberto Lopes Gazana Menochelli","cpf":"42747652882","bankname":"ORBION GAMING LTDA","payBank":"","payCpf":"","pixkey":"19997475454","account":"18236120","status":"done","order":"A20250818095642628819D79svFS6K"},"sign":"3AAA8593C7382BD9E7E3AD25E2C8AEF5"}

