【2025-08-18 15:09:08】
P2025081811514928709335392----提交：{"custId":"24120300001308","appId":"8241201350","order":"P2025081811514928709335392","sign":"F60476E1959C92387F88A5267360E214"}

【2025-08-18 15:09:09】
P2025081811514928709335392----返回：{"code":"000000","msg":"P2025081811514928709335392","data":{"date":"2025-08-18 11:51:53","eid":"E45756448202508181451yEodh8EEk0O","amount":"10","name":"MARIA FIAL DE OLIVEIRA","cpf":"90308484215","bankname":"null","payBank":"","payCpf":"","pixkey":"91993186624","account":"384405","status":"done","order":"A20250818115149945744tS3CMsrII"},"sign":"231D76E03E18E09E0CEA91F245667C60"}

【2025-08-18 15:09:10】
P2025081811514928709335392----提交：{"custId":"24120300001308","appId":"8241201350","order":"P2025081811514928709335392","sign":"F60476E1959C92387F88A5267360E214"}

【2025-08-18 15:09:11】
P2025081811514928709335392----返回：{"code":"000000","msg":"P2025081811514928709335392","data":{"date":"2025-08-18 11:51:53","eid":"E45756448202508181451yEodh8EEk0O","amount":"10","name":"MARIA FIAL DE OLIVEIRA","cpf":"90308484215","bankname":"null","payBank":"","payCpf":"","pixkey":"91993186624","account":"384405","status":"done","order":"A20250818115149945744tS3CMsrII"},"sign":"231D76E03E18E09E0CEA91F245667C60"}

【2025-08-18 15:27:43】
P2025081813435435434686986----提交：{"custId":"24120300001308","appId":"8241201350","order":"P2025081813435435434686986","sign":"47B0E98FE999C4763BD7CEE9A7CB840F"}

【2025-08-18 15:27:44】
P2025081813435435434686986----返回：{"code":"000000","msg":"P2025081813435435434686986","data":{"date":"2025-08-18 13:43:57","eid":"E45756448202508181643b87VSF6CTEu","amount":"20","name":"ALBERIS MARQUES XAVIER","cpf":"68090188249","bankname":"null","payBank":"","payCpf":"","pixkey":"91991262619","account":"322088801","status":"done","order":"A20250818134354242200XjY53x9E9"},"sign":"A96AC30407EDAB82904F55425AA4AEE2"}

【2025-08-18 15:27:54】
P2025081813435435434686986----提交：{"custId":"24120300001308","appId":"8241201350","order":"P2025081813435435434686986","sign":"47B0E98FE999C4763BD7CEE9A7CB840F"}

【2025-08-18 15:27:55】
P2025081813435435434686986----返回：{"code":"000000","msg":"P2025081813435435434686986","data":{"date":"2025-08-18 13:43:57","eid":"E45756448202508181643b87VSF6CTEu","amount":"20","name":"ALBERIS MARQUES XAVIER","cpf":"68090188249","bankname":"null","payBank":"","payCpf":"","pixkey":"91991262619","account":"322088801","status":"done","order":"A20250818134354242200XjY53x9E9"},"sign":"A96AC30407EDAB82904F55425AA4AEE2"}

【2025-08-18 15:41:09】
P2025081815395142391877622----提交：{"custId":"24120300001308","appId":"8241201350","order":"P2025081815395142391877622","sign":"DE22A496B570370E612CA97C77872989"}

【2025-08-18 15:41:10】
P2025081815395142391877622----返回：{"code":"000000","msg":"P2025081815395142391877622","data":{"date":"2025-08-18 15:39:59","eid":"E457564482025081818398lgO9Uk9p0O","amount":"50","name":"mykael das chagas de Farias barroso","cpf":"62694062342","bankname":"null","payBank":"","payCpf":"","pixkey":"62996975347","account":"595119868","status":"done","order":"A20250818153951125736rqSkw1dSf"},"sign":"D68593E590A800595A22677D039CF447"}

【2025-08-18 15:41:11】
P2025081815395142391877622----提交：{"custId":"24120300001308","appId":"8241201350","order":"P2025081815395142391877622","sign":"DE22A496B570370E612CA97C77872989"}

【2025-08-18 15:41:11】
P2025081815395142391877622----返回：{"code":"000000","msg":"P2025081815395142391877622","data":{"date":"2025-08-18 15:39:59","eid":"E457564482025081818398lgO9Uk9p0O","amount":"50","name":"mykael das chagas de Farias barroso","cpf":"62694062342","bankname":"null","payBank":"","payCpf":"","pixkey":"62996975347","account":"595119868","status":"done","order":"A20250818153951125736rqSkw1dSf"},"sign":"D68593E590A800595A22677D039CF447"}

【2025-08-18 15:49:36】
P2025081815112340683607519----提交：{"custId":"24120300001308","appId":"8241201350","order":"P2025081815112340683607519","sign":"1114C2BB40BDF3F4E3878FBE3AA663B4"}

【2025-08-18 15:49:36】
P2025081815112340683607519----返回：{"code":"000000","msg":"P2025081815112340683607519","data":{"date":"2025-08-18 15:11:27","eid":"E45756448202508181811MHxk1dpz9Ee","amount":"20","name":"SERGIO EDUARDO BAGDZINSKI WENGLAREK","cpf":"13402454939","bankname":"null","payBank":"","payCpf":"","pixkey":"42988580701","account":"12880000009005014410","status":"done","order":"A20250818151124056490MtzByzgt3"},"sign":"1B2B5EBA87E0E2520869C2EA6FB9CA06"}

【2025-08-18 15:49:38】
P2025081815112340683607519----提交：{"custId":"24120300001308","appId":"8241201350","order":"P2025081815112340683607519","sign":"1114C2BB40BDF3F4E3878FBE3AA663B4"}

【2025-08-18 15:49:38】
P2025081815112340683607519----返回：{"code":"000000","msg":"P2025081815112340683607519","data":{"date":"2025-08-18 15:11:27","eid":"E45756448202508181811MHxk1dpz9Ee","amount":"20","name":"SERGIO EDUARDO BAGDZINSKI WENGLAREK","cpf":"13402454939","bankname":"null","payBank":"","payCpf":"","pixkey":"42988580701","account":"12880000009005014410","status":"done","order":"A20250818151124056490MtzByzgt3"},"sign":"1B2B5EBA87E0E2520869C2EA6FB9CA06"}

【2025-08-18 15:55:03】
P2025081815313141891892043----提交：{"custId":"24120300001308","appId":"8241201350","order":"P2025081815313141891892043","sign":"FFEF35E0E936E61929388945796C08C6"}

【2025-08-18 15:55:04】
P2025081815313141891892043----返回：{"code":"000000","msg":"P2025081815313141891892043","data":{"date":"2025-08-18 15:31:36","eid":"E45756448202508181831igXIkvIQUqp","amount":"100","name":"Diarque Anderson Faria Da Silva","cpf":"9711995743","bankname":"null","payBank":"","payCpf":"","pixkey":"22981583220","account":"6165621","status":"done","order":"A20250818153131477566e87GQrT7A"},"sign":"CD29EE6542FB205F3507B5C8BDAECEF1"}

【2025-08-18 15:55:09】
P2025081815313141891892043----提交：{"custId":"24120300001308","appId":"8241201350","order":"P2025081815313141891892043","sign":"FFEF35E0E936E61929388945796C08C6"}

【2025-08-18 15:55:09】
P2025081815313141891892043----返回：{"code":"000000","msg":"P2025081815313141891892043","data":{"date":"2025-08-18 15:31:36","eid":"E45756448202508181831igXIkvIQUqp","amount":"100","name":"Diarque Anderson Faria Da Silva","cpf":"9711995743","bankname":"null","payBank":"","payCpf":"","pixkey":"22981583220","account":"6165621","status":"done","order":"A20250818153131477566e87GQrT7A"},"sign":"CD29EE6542FB205F3507B5C8BDAECEF1"}

【2025-08-18 15:59:38】
P2025081815412842488227419----提交：{"custId":"24120300001308","appId":"8241201350","order":"P2025081815412842488227419","sign":"C257E9E50E0CDC6E27DEE075A0C22501"}

【2025-08-18 15:59:39】
P2025081815412842488227419----返回：{"code":"000000","msg":"P2025081815412842488227419","data":{"date":"2025-08-18 15:41:36","eid":"E457564482025081818417d0GuYomnk6","amount":"50","name":"KARINE BATISTA DE OLIVEIRA","cpf":"8436359160","bankname":"null","payBank":"","payCpf":"","pixkey":"63992301575","account":"8117829","status":"done","order":"A20250818154128992369PAU8NFhh2"},"sign":"75452AB6688FC6A3625959253B301DFF"}

【2025-08-18 15:59:41】
P2025081815412842488227419----提交：{"custId":"24120300001308","appId":"8241201350","order":"P2025081815412842488227419","sign":"C257E9E50E0CDC6E27DEE075A0C22501"}

【2025-08-18 15:59:42】
P2025081815412842488227419----返回：{"code":"000000","msg":"P2025081815412842488227419","data":{"date":"2025-08-18 15:41:36","eid":"E457564482025081818417d0GuYomnk6","amount":"50","name":"KARINE BATISTA DE OLIVEIRA","cpf":"8436359160","bankname":"null","payBank":"","payCpf":"","pixkey":"63992301575","account":"8117829","status":"done","order":"A20250818154128992369PAU8NFhh2"},"sign":"75452AB6688FC6A3625959253B301DFF"}

