【2025-08-18 16:12:36】
P2025081815550343303413266----提交：{"custId":"24120300001308","appId":"8241201350","order":"P2025081815550343303413266","sign":"7B589E41C03F5FD3FB5E7A0545DB1B34"}

【2025-08-18 16:12:37】
P2025081815550343303413266----返回：{"code":"000000","msg":"P2025081815550343303413266","data":{"date":"2025-08-18 15:55:51","eid":"E45756448202508181855EC1l7ibcC0K","amount":"180.32","name":"Negila Silva Carlos","cpf":"50380071800","bankname":"null","payBank":"","payCpf":"","pixkey":"50380071800","account":"28266178125","status":"done","order":"A20250818155503278865JQprSwZb8"},"sign":"89A33AFEC2EA68E7B872150FA552D868"}

【2025-08-18 16:12:39】
P2025081815550343303413266----提交：{"custId":"24120300001308","appId":"8241201350","order":"P2025081815550343303413266","sign":"7B589E41C03F5FD3FB5E7A0545DB1B34"}

【2025-08-18 16:12:40】
P2025081815550343303413266----返回：{"code":"000000","msg":"P2025081815550343303413266","data":{"date":"2025-08-18 15:55:51","eid":"E45756448202508181855EC1l7ibcC0K","amount":"180.32","name":"Negila Silva Carlos","cpf":"50380071800","bankname":"null","payBank":"","payCpf":"","pixkey":"50380071800","account":"28266178125","status":"done","order":"A20250818155503278865JQprSwZb8"},"sign":"89A33AFEC2EA68E7B872150FA552D868"}

【2025-08-18 16:13:38】
P2025081816013643696953138----提交：{"custId":"24120300001308","appId":"8241201350","order":"P2025081816013643696953138","sign":"5E8712C58E54CB3DF6999DAA28C8FBB1"}

【2025-08-18 16:13:38】
P2025081816013643696953138----返回：{"code":"000000","msg":"P2025081816013643696953138","data":{"date":"2025-08-18 16:01:40","eid":"E457564482025081819013kLT8yQiOUe","amount":"10","name":"CLEIBES GOMES SILVA","cpf":"86136844168","bankname":"null","payBank":"","payCpf":"","pixkey":"62982872581","account":"10179704","status":"done","order":"A20250818160137360842EVQEiIAWX"},"sign":"C42B89C21F11C9BA289EEC1B4BD76213"}

【2025-08-18 16:13:48】
P2025081816013643696953138----提交：{"custId":"24120300001308","appId":"8241201350","order":"P2025081816013643696953138","sign":"5E8712C58E54CB3DF6999DAA28C8FBB1"}

【2025-08-18 16:13:49】
P2025081816013643696953138----返回：{"code":"000000","msg":"P2025081816013643696953138","data":{"date":"2025-08-18 16:01:40","eid":"E457564482025081819013kLT8yQiOUe","amount":"10","name":"CLEIBES GOMES SILVA","cpf":"86136844168","bankname":"null","payBank":"","payCpf":"","pixkey":"62982872581","account":"10179704","status":"done","order":"A20250818160137360842EVQEiIAWX"},"sign":"C42B89C21F11C9BA289EEC1B4BD76213"}

【2025-08-18 16:14:54】
P2025081815472342843267367----提交：{"custId":"24120300001308","appId":"8241201350","order":"P2025081815472342843267367","sign":"71EA0D32954553023BA551573B239465"}

【2025-08-18 16:14:55】
P2025081815472342843267367----返回：{"code":"000000","msg":"P2025081815472342843267367","data":{"date":"2025-08-18 15:47:26","eid":"E45756448202508181847aEjViGukyRr","amount":"40","name":"CLEIBES GOMES SILVA","cpf":"86136844168","bankname":"null","payBank":"","payCpf":"","pixkey":"62982872581","account":"10179704","status":"done","order":"A20250818154723376605vA5AsBGtf"},"sign":"BA6687C2AC8320B64349F3633677FAB4"}

【2025-08-18 16:15:00】
P2025081815472342843267367----提交：{"custId":"24120300001308","appId":"8241201350","order":"P2025081815472342843267367","sign":"71EA0D32954553023BA551573B239465"}

【2025-08-18 16:15:01】
P2025081815472342843267367----返回：{"code":"000000","msg":"P2025081815472342843267367","data":{"date":"2025-08-18 15:47:26","eid":"E45756448202508181847aEjViGukyRr","amount":"40","name":"CLEIBES GOMES SILVA","cpf":"86136844168","bankname":"null","payBank":"","payCpf":"","pixkey":"62982872581","account":"10179704","status":"done","order":"A20250818154723376605vA5AsBGtf"},"sign":"BA6687C2AC8320B64349F3633677FAB4"}

【2025-08-18 16:15:05】
P2025081815472342843267367----提交：{"custId":"24120300001308","appId":"8241201350","order":"P2025081815472342843267367","sign":"71EA0D32954553023BA551573B239465"}

【2025-08-18 16:15:06】
P2025081815472342843267367----返回：{"code":"000000","msg":"P2025081815472342843267367","data":{"date":"2025-08-18 15:47:26","eid":"E45756448202508181847aEjViGukyRr","amount":"40","name":"CLEIBES GOMES SILVA","cpf":"86136844168","bankname":"null","payBank":"","payCpf":"","pixkey":"62982872581","account":"10179704","status":"done","order":"A20250818154723376605vA5AsBGtf"},"sign":"BA6687C2AC8320B64349F3633677FAB4"}

【2025-08-18 16:16:27】
P2025081815351242112836706----提交：{"custId":"24120300001308","appId":"8241201350","order":"P2025081815351242112836706","sign":"AF708964C76EC30D24020D46A145986B"}

【2025-08-18 16:16:27】
P2025081815351242112836706----返回：{"code":"000000","msg":"P2025081815351242112836706","data":{"date":"2025-08-18 15:35:17","eid":"E45756448202508181835Wbl3n9mRoEK","amount":"600","name":"CARLOS HENRIQUE DE SOUZA FERREIRA","cpf":"63367394300","bankname":"null","payBank":"","payCpf":"","pixkey":"85985901931","account":"1097999238","status":"done","order":"A20250818153513781449Whj82GwmQ"},"sign":"AAA06357204942021B19C6C7C051A765"}

【2025-08-18 16:16:29】
P2025081815351242112836706----提交：{"custId":"24120300001308","appId":"8241201350","order":"P2025081815351242112836706","sign":"AF708964C76EC30D24020D46A145986B"}

【2025-08-18 16:16:29】
P2025081815351242112836706----返回：{"code":"000000","msg":"P2025081815351242112836706","data":{"date":"2025-08-18 15:35:17","eid":"E45756448202508181835Wbl3n9mRoEK","amount":"600","name":"CARLOS HENRIQUE DE SOUZA FERREIRA","cpf":"63367394300","bankname":"null","payBank":"","payCpf":"","pixkey":"85985901931","account":"1097999238","status":"done","order":"A20250818153513781449Whj82GwmQ"},"sign":"AAA06357204942021B19C6C7C051A765"}

【2025-08-18 16:19:37】
P2025081815471642836718565----提交：{"custId":"24120300001308","appId":"8241201350","order":"P2025081815471642836718565","sign":"B71BC0B1EDB9B35C67474D1C684A97ED"}

【2025-08-18 16:19:38】
P2025081815471642836718565----返回：{"code":"000000","msg":"P2025081815471642836718565","data":{"date":"2025-08-18 15:47:21","eid":"E45756448202508181847HMTALH4Vky9","amount":"250","name":"ELANE BORGES DA SILVA","cpf":"66788471304","bankname":"null","payBank":"","payCpf":"","pixkey":"66788471304","account":"59221070","status":"done","order":"A20250818154716447444Fi7pLdj9G"},"sign":"96C66949A4B21343533F917B5055DA2F"}

【2025-08-18 16:19:39】
P2025081815471642836718565----提交：{"custId":"24120300001308","appId":"8241201350","order":"P2025081815471642836718565","sign":"B71BC0B1EDB9B35C67474D1C684A97ED"}

【2025-08-18 16:19:39】
P2025081815471642836718565----返回：{"code":"000000","msg":"P2025081815471642836718565","data":{"date":"2025-08-18 15:47:21","eid":"E45756448202508181847HMTALH4Vky9","amount":"250","name":"ELANE BORGES DA SILVA","cpf":"66788471304","bankname":"null","payBank":"","payCpf":"","pixkey":"66788471304","account":"59221070","status":"done","order":"A20250818154716447444Fi7pLdj9G"},"sign":"96C66949A4B21343533F917B5055DA2F"}

【2025-08-18 16:26:44】
P2025081815550343303413266----提交：{"custId":"24120300001308","appId":"8241201350","order":"P2025081815550343303413266","sign":"7B589E41C03F5FD3FB5E7A0545DB1B34"}

【2025-08-18 16:26:45】
P2025081815550343303413266----返回：{"code":"000000","msg":"P2025081815550343303413266","data":{"date":"2025-08-18 15:55:51","eid":"E45756448202508181855EC1l7ibcC0K","amount":"180.32","name":"Negila Silva Carlos","cpf":"50380071800","bankname":"null","payBank":"","payCpf":"","pixkey":"50380071800","account":"28266178125","status":"done","order":"A20250818155503278865JQprSwZb8"},"sign":"89A33AFEC2EA68E7B872150FA552D868"}

【2025-08-18 16:33:58】
P2025081809305020250745014----提交：{"custId":"24120300001308","appId":"8241201350","order":"P2025081809305020250745014","sign":"173521BDF627B429EB8E1BD5FDE8BA62"}

【2025-08-18 16:33:58】
P2025081809305020250745014----返回：{"code":"000000","msg":"P2025081809305020250745014","data":{"date":"2025-08-18 09:30:54","eid":"E37205447202508181230515730c2a34","amount":"30","name":"VANDERLEIA ANTONIA DOS PASSOS","cpf":"05274124305","bankname":"ORBION GAMING LTDA","payBank":"","payCpf":"","pixkey":"16981824213","account":"31872495","status":"done","order":"A20250818093050998557AngGKZUHp"},"sign":"237BDAB7761BC82D9121C15254863388"}

【2025-08-18 16:38:46】
P2025081815514643106796739----提交：{"custId":"24120300001308","appId":"8241201350","order":"P2025081815514643106796739","sign":"8E57DDAE607A4FDF812881D6F6B61F0A"}

【2025-08-18 16:38:47】
P2025081815514643106796739----返回：{"code":"000000","msg":"P2025081815514643106796739","data":{"date":"2025-08-18 15:51:51","eid":"E45756448202508181851mk2HFUAnMkW","amount":"250","name":"Marcos Andre Pereira da Silva","cpf":"12104813328","bankname":"null","payBank":"","payCpf":"","pixkey":"86994630894","account":"85609510709","status":"done","order":"A2025081815514722348418AgJAnmX"},"sign":"156F38CC10392A2CAD8F9B3B301A67BF"}

【2025-08-18 16:39:15】
P2025081815514643106796739----提交：{"custId":"24120300001308","appId":"8241201350","order":"P2025081815514643106796739","sign":"8E57DDAE607A4FDF812881D6F6B61F0A"}

【2025-08-18 16:39:16】
P2025081815514643106796739----返回：{"code":"000000","msg":"P2025081815514643106796739","data":{"date":"2025-08-18 15:51:51","eid":"E45756448202508181851mk2HFUAnMkW","amount":"250","name":"Marcos Andre Pereira da Silva","cpf":"12104813328","bankname":"null","payBank":"","payCpf":"","pixkey":"86994630894","account":"85609510709","status":"done","order":"A2025081815514722348418AgJAnmX"},"sign":"156F38CC10392A2CAD8F9B3B301A67BF"}

【2025-08-18 16:57:03】
P2025081816464746407109884----提交：{"custId":"24120300001308","appId":"8241201350","order":"P2025081816464746407109884","sign":"3FE76B6D479C99CA214D338DFC5634FF"}

【2025-08-18 16:57:04】
P2025081816464746407109884----返回：{"code":"000000","msg":"P2025081816464746407109884","data":{"date":"2025-08-18 16:46:51","eid":"E45756448202508181946AD0Qvi06UKK","amount":"50","name":"Lorena Laurentino da Silva","cpf":"54194458249","bankname":"null","payBank":"","payCpf":"","pixkey":"silvalorela28@gmail.com","account":"48395228362","status":"done","order":"A202508181646470025394LW2EcBSm"},"sign":"BF8D3240C0B1062391E3638ACE1C4675"}

【2025-08-18 16:57:06】
P2025081816464746407109884----提交：{"custId":"24120300001308","appId":"8241201350","order":"P2025081816464746407109884","sign":"3FE76B6D479C99CA214D338DFC5634FF"}

【2025-08-18 16:57:07】
P2025081816464746407109884----返回：{"code":"000000","msg":"P2025081816464746407109884","data":{"date":"2025-08-18 16:46:51","eid":"E45756448202508181946AD0Qvi06UKK","amount":"50","name":"Lorena Laurentino da Silva","cpf":"54194458249","bankname":"null","payBank":"","payCpf":"","pixkey":"silvalorela28@gmail.com","account":"48395228362","status":"done","order":"A202508181646470025394LW2EcBSm"},"sign":"BF8D3240C0B1062391E3638ACE1C4675"}

