【2025-08-18 13:02:52】
P2025081812551332513752362----提交：{"custId":"24120300001308","appId":"8241201350","order":"P2025081812551332513752362","sign":"83B6382168B7EA3E37AC665A155EBE1A"}

【2025-08-18 13:02:52】
P2025081812551332513752362----返回：{"code":"000000","msg":"P2025081812551332513752362","data":{"date":"2025-08-18 12:55:16","eid":"E4575644820250818155520oZuSZU3UG","amount":"90.16","name":"Erinaldo Kauã da Silva Barreto","cpf":"70554147416","bankname":"null","payBank":"","payCpf":"","pixkey":"62920020394","account":"6470238663","status":"done","order":"A20250818125514960558kR3M3W9Cb"},"sign":"E70006A0D4865B94A9933A48D3750DF2"}

【2025-08-18 13:02:55】
P2025081812551332513752362----提交：{"custId":"24120300001308","appId":"8241201350","order":"P2025081812551332513752362","sign":"83B6382168B7EA3E37AC665A155EBE1A"}

【2025-08-18 13:02:55】
P2025081812551332513752362----返回：{"code":"000000","msg":"P2025081812551332513752362","data":{"date":"2025-08-18 12:55:16","eid":"E4575644820250818155520oZuSZU3UG","amount":"90.16","name":"Erinaldo Kauã da Silva Barreto","cpf":"70554147416","bankname":"null","payBank":"","payCpf":"","pixkey":"62920020394","account":"6470238663","status":"done","order":"A20250818125514960558kR3M3W9Cb"},"sign":"E70006A0D4865B94A9933A48D3750DF2"}

【2025-08-18 13:03:18】
P2025081812551332513752362----提交：{"custId":"24120300001308","appId":"8241201350","order":"P2025081812551332513752362","sign":"83B6382168B7EA3E37AC665A155EBE1A"}

【2025-08-18 13:03:19】
P2025081812551332513752362----返回：{"code":"000000","msg":"P2025081812551332513752362","data":{"date":"2025-08-18 12:55:16","eid":"E4575644820250818155520oZuSZU3UG","amount":"90.16","name":"Erinaldo Kauã da Silva Barreto","cpf":"70554147416","bankname":"null","payBank":"","payCpf":"","pixkey":"62920020394","account":"6470238663","status":"done","order":"A20250818125514960558kR3M3W9Cb"},"sign":"E70006A0D4865B94A9933A48D3750DF2"}

【2025-08-18 13:12:55】
P2025081813081933299055290----提交：{"custId":"24120300001308","appId":"8241201350","order":"P2025081813081933299055290","sign":"BBA3A44E64776056D6A6DAC6F2051660"}

【2025-08-18 13:12:56】
P2025081813081933299055290----返回：{"code":"000000","msg":"P2025081813081933299055290","data":{"date":"2025-08-18 13:08:22","eid":"E4575644820250818160899B0u6mQUWY","amount":"150","name":"Raiane Krisley Nascimento Felicio de Souza","cpf":"62514453356","bankname":"null","payBank":"","payCpf":"","pixkey":"62514453356","account":"9875128373","status":"done","order":"A202508181308195700853Si6IBqWK"},"sign":"23165CC6D10E3F6CBAF91BF2EDA014CF"}

【2025-08-18 13:12:57】
P2025081813081933299055290----提交：{"custId":"24120300001308","appId":"8241201350","order":"P2025081813081933299055290","sign":"BBA3A44E64776056D6A6DAC6F2051660"}

【2025-08-18 13:12:58】
P2025081813081933299055290----返回：{"code":"000000","msg":"P2025081813081933299055290","data":{"date":"2025-08-18 13:08:22","eid":"E4575644820250818160899B0u6mQUWY","amount":"150","name":"Raiane Krisley Nascimento Felicio de Souza","cpf":"62514453356","bankname":"null","payBank":"","payCpf":"","pixkey":"62514453356","account":"9875128373","status":"done","order":"A202508181308195700853Si6IBqWK"},"sign":"23165CC6D10E3F6CBAF91BF2EDA014CF"}

【2025-08-18 13:18:54】
P2025081813092533365281489----提交：{"custId":"24120300001308","appId":"8241201350","order":"P2025081813092533365281489","sign":"CF10CC71946FA096C8CDFA9886E47F21"}

【2025-08-18 13:18:54】
P2025081813092533365281489----返回：{"code":"000000","msg":"P2025081813092533365281489","data":{"date":"2025-08-18 13:09:28","eid":"E457564482025081816093Z5EngMi0Wg","amount":"20","name":"Antonia Pereira de Aquino","cpf":"64958507","bankname":"null","payBank":"","payCpf":"","pixkey":"00064958507","account":"608352462","status":"done","order":"A20250818130925365508Heu75SYTa"},"sign":"EB2A77A6AE164CE685B1628917797B5B"}

【2025-08-18 13:18:56】
P2025081813092533365281489----提交：{"custId":"24120300001308","appId":"8241201350","order":"P2025081813092533365281489","sign":"CF10CC71946FA096C8CDFA9886E47F21"}

【2025-08-18 13:18:57】
P2025081813092533365281489----返回：{"code":"000000","msg":"P2025081813092533365281489","data":{"date":"2025-08-18 13:09:28","eid":"E457564482025081816093Z5EngMi0Wg","amount":"20","name":"Antonia Pereira de Aquino","cpf":"64958507","bankname":"null","payBank":"","payCpf":"","pixkey":"00064958507","account":"608352462","status":"done","order":"A20250818130925365508Heu75SYTa"},"sign":"EB2A77A6AE164CE685B1628917797B5B"}

【2025-08-18 13:19:04】
P2025081812384331523123230----提交：{"custId":"24120300001308","appId":"8241201350","order":"P2025081812384331523123230","sign":"082D68FA1FF8BDF95138C08E67F080E5"}

【2025-08-18 13:19:04】
P2025081812384331523123230----返回：{"code":"000000","msg":"P2025081812384331523123230","data":{"date":"2025-08-18 12:38:48","eid":"E45756448202508181538ZGkf7m7pOEi","amount":"300","name":"EZEQUIEL VIANA DE SOUSA","cpf":"8227153259","bankname":"null","payBank":"","payCpf":"","pixkey":"08227153259","account":"787224111","status":"done","order":"A20250818123843691815HTlJTHWaG"},"sign":"4002803EBD52D9214182BCD1AAF1C4EC"}

【2025-08-18 13:19:06】
P2025081812384331523123230----提交：{"custId":"24120300001308","appId":"8241201350","order":"P2025081812384331523123230","sign":"082D68FA1FF8BDF95138C08E67F080E5"}

【2025-08-18 13:19:06】
P2025081812384331523123230----返回：{"code":"000000","msg":"P2025081812384331523123230","data":{"date":"2025-08-18 12:38:48","eid":"E45756448202508181538ZGkf7m7pOEi","amount":"300","name":"EZEQUIEL VIANA DE SOUSA","cpf":"8227153259","bankname":"null","payBank":"","payCpf":"","pixkey":"08227153259","account":"787224111","status":"done","order":"A20250818123843691815HTlJTHWaG"},"sign":"4002803EBD52D9214182BCD1AAF1C4EC"}

【2025-08-18 13:19:15】
P2025081812514232302207891----提交：{"custId":"24120300001308","appId":"8241201350","order":"P2025081812514232302207891","sign":"2CD072B97F1E69ED5D5D208FA2BD7347"}

【2025-08-18 13:19:15】
P2025081812514232302207891----返回：{"code":"000000","msg":"P2025081812514232302207891","data":{"date":"2025-08-18 12:51:45","eid":"E45756448202508181551Hf8TrLRwK06","amount":"20","name":"Antonia Pereira de Aquino","cpf":"64958507","bankname":"null","payBank":"","payCpf":"","pixkey":"00064958507","account":"608352462","status":"done","order":"A20250818125142702557wh3tjfSg5"},"sign":"D61E0C40AFFAD1D880A0E9D909B0DD71"}

【2025-08-18 13:19:16】
P2025081812514232302207891----提交：{"custId":"24120300001308","appId":"8241201350","order":"P2025081812514232302207891","sign":"2CD072B97F1E69ED5D5D208FA2BD7347"}

【2025-08-18 13:19:16】
P2025081812514232302207891----返回：{"code":"000000","msg":"P2025081812514232302207891","data":{"date":"2025-08-18 12:51:45","eid":"E45756448202508181551Hf8TrLRwK06","amount":"20","name":"Antonia Pereira de Aquino","cpf":"64958507","bankname":"null","payBank":"","payCpf":"","pixkey":"00064958507","account":"608352462","status":"done","order":"A20250818125142702557wh3tjfSg5"},"sign":"D61E0C40AFFAD1D880A0E9D909B0DD71"}

【2025-08-18 13:33:16】
P2025081811424628166834783----提交：{"custId":"24120300001308","appId":"8241201350","order":"P2025081811424628166834783","sign":"FB7BC3DB6B8B52444B81B3CC1E42919D"}

【2025-08-18 13:33:16】
P2025081811424628166834783----返回：{"code":"000000","msg":"P2025081811424628166834783","data":{"date":"2025-08-18 11:42:49","eid":"E45756448202508181442KsL7WA5tWUS","amount":"10","name":"Marcos Lopes Rocha","cpf":"6535109852","bankname":"null","payBank":"","payCpf":"","pixkey":"12997490762","account":"69662393071","status":"done","order":"A20250818114246467561FhiNDTY6U"},"sign":"5A82C6853C8BA5DE5924BB6B4E12B33A"}

【2025-08-18 13:33:18】
P2025081811424628166834783----提交：{"custId":"24120300001308","appId":"8241201350","order":"P2025081811424628166834783","sign":"FB7BC3DB6B8B52444B81B3CC1E42919D"}

【2025-08-18 13:33:19】
P2025081811424628166834783----返回：{"code":"000000","msg":"P2025081811424628166834783","data":{"date":"2025-08-18 11:42:49","eid":"E45756448202508181442KsL7WA5tWUS","amount":"10","name":"Marcos Lopes Rocha","cpf":"6535109852","bankname":"null","payBank":"","payCpf":"","pixkey":"12997490762","account":"69662393071","status":"done","order":"A20250818114246467561FhiNDTY6U"},"sign":"5A82C6853C8BA5DE5924BB6B4E12B33A"}

【2025-08-18 13:50:46】
P2025081813265134411576910----提交：{"custId":"24120300001308","appId":"8241201350","order":"P2025081813265134411576910","sign":"E4BDC9952E6379A269EA398FCE325F28"}

【2025-08-18 13:50:47】
P2025081813265134411576910----返回：{"code":"000000","msg":"P2025081813265134411576910","data":{"date":"2025-08-18 13:26:55","eid":"E45756448202508181626LeffCALxUqC","amount":"53","name":"JOSE ADAIR SIMOES","cpf":"49493833968","bankname":"null","payBank":"","payCpf":"","pixkey":"49493833968","account":"243604","status":"done","order":"A20250818132652044954MIzyT2stI"},"sign":"62C63EE225E6F0C8FC426808934060D8"}

【2025-08-18 13:53:16】
P2025081812120529925761613----提交：{"custId":"24120300001308","appId":"8241201350","order":"P2025081812120529925761613","sign":"F57F37C843A012E6E05D7595F7426D19"}

【2025-08-18 13:53:16】
P2025081812120529925761613----返回：{"code":"000000","msg":"P2025081812120529925761613","data":{"date":"2025-08-18 12:12:13","eid":"E45756448202508181512md0JkOLhmUO","amount":"90","name":"ADIRSON PEREIRA DO NASCIMENTO","cpf":"14413374827","bankname":"null","payBank":"","payCpf":"","pixkey":"14996892581","account":"1095093312","status":"done","order":"A20250818121206986357BsZ2gtTaZ"},"sign":"72611C0C2C4E34A91C2B519598BAE3A6"}

【2025-08-18 13:53:24】
P2025081812120529925761613----提交：{"custId":"24120300001308","appId":"8241201350","order":"P2025081812120529925761613","sign":"F57F37C843A012E6E05D7595F7426D19"}

【2025-08-18 13:53:24】
P2025081812120529925761613----返回：{"code":"000000","msg":"P2025081812120529925761613","data":{"date":"2025-08-18 12:12:13","eid":"E45756448202508181512md0JkOLhmUO","amount":"90","name":"ADIRSON PEREIRA DO NASCIMENTO","cpf":"14413374827","bankname":"null","payBank":"","payCpf":"","pixkey":"14996892581","account":"1095093312","status":"done","order":"A20250818121206986357BsZ2gtTaZ"},"sign":"72611C0C2C4E34A91C2B519598BAE3A6"}

【2025-08-18 13:58:01】
P2025081720161572575223872----提交：{"custId":"24120300001308","appId":"8241201350","order":"P2025081720161572575223872","sign":"AC240F37DF833B532848F7598F98644E"}

【2025-08-18 13:58:01】
P2025081720161572575223872----返回：{"code":"000000","msg":"P2025081720161572575223872","data":{"date":"2025-08-17 20:16:21","eid":"E45756448202508172316sBFfuXTVhEm","amount":"20","name":"SERGIO RODRIGUES DA SILVA","cpf":"28365961806","bankname":"null","payBank":"","payCpf":"","pixkey":"13992056018","account":"889038","status":"done","order":"A20250817201615729643FbmunUxmH"},"sign":"32DEB99019A76AB4BE3380885CA961D8"}

【2025-08-18 13:58:26】
P2025081720161572575223872----提交：{"custId":"24120300001308","appId":"8241201350","order":"P2025081720161572575223872","sign":"AC240F37DF833B532848F7598F98644E"}

【2025-08-18 13:58:26】
P2025081720161572575223872----返回：{"code":"000000","msg":"P2025081720161572575223872","data":{"date":"2025-08-17 20:16:21","eid":"E45756448202508172316sBFfuXTVhEm","amount":"20","name":"SERGIO RODRIGUES DA SILVA","cpf":"28365961806","bankname":"null","payBank":"","payCpf":"","pixkey":"13992056018","account":"889038","status":"done","order":"A20250817201615729643FbmunUxmH"},"sign":"32DEB99019A76AB4BE3380885CA961D8"}

