【2025-08-18 23:00:07】
P2025081821052261922472193----提交：{"custId":"24120300001308","appId":"8241201350","order":"P2025081821052261922472193","sign":"CED2699E2D614AD086BE393A044CB93F"}

【2025-08-18 23:00:07】
P2025081821052261922472193----返回：{"code":"000000","msg":"P2025081821052261922472193","data":{"date":"2025-08-18 21:05:42","eid":"E45756448202508190005adaqhh7itk6","amount":"30","name":"Janaina Roberta de Paula Souza","cpf":"70275263100","bankname":"null","payBank":"","payCpf":"","pixkey":"70275263100","account":"184720159","status":"done","order":"A20250818210523519080nv8yb2ptC"},"sign":"B89B3958F6272E10D35E05EC1673D114"}

【2025-08-18 23:00:16】
P2025081821042061860642440----提交：{"custId":"24120300001308","appId":"8241201350","order":"P2025081821042061860642440","sign":"DE6480743AF1E15760A1FEE548BCE1F5"}

【2025-08-18 23:00:16】
P2025081821042061860642440----返回：{"code":"000000","msg":"P2025081821042061860642440","data":{"date":"2025-08-18 21:04:28","eid":"E45756448202508190004fQWJcbfoikm","amount":"20","name":"Janaina Roberta de Paula Souza","cpf":"70275263100","bankname":"null","payBank":"","payCpf":"","pixkey":"70275263100","account":"184720159","status":"done","order":"A202508182104207452143FZ3Zxi3c"},"sign":"6DA37398E022108CC28A3E444F5EEE55"}

【2025-08-18 23:00:17】
P2025081821052261922472193----提交：{"custId":"24120300001308","appId":"8241201350","order":"P2025081821052261922472193","sign":"CED2699E2D614AD086BE393A044CB93F"}

【2025-08-18 23:00:17】
P2025081821052261922472193----返回：{"code":"000000","msg":"P2025081821052261922472193","data":{"date":"2025-08-18 21:05:42","eid":"E45756448202508190005adaqhh7itk6","amount":"30","name":"Janaina Roberta de Paula Souza","cpf":"70275263100","bankname":"null","payBank":"","payCpf":"","pixkey":"70275263100","account":"184720159","status":"done","order":"A20250818210523519080nv8yb2ptC"},"sign":"B89B3958F6272E10D35E05EC1673D114"}

【2025-08-18 23:00:25】
P2025081821042061860642440----提交：{"custId":"24120300001308","appId":"8241201350","order":"P2025081821042061860642440","sign":"DE6480743AF1E15760A1FEE548BCE1F5"}

【2025-08-18 23:00:25】
P2025081821042061860642440----返回：{"code":"000000","msg":"P2025081821042061860642440","data":{"date":"2025-08-18 21:04:28","eid":"E45756448202508190004fQWJcbfoikm","amount":"20","name":"Janaina Roberta de Paula Souza","cpf":"70275263100","bankname":"null","payBank":"","payCpf":"","pixkey":"70275263100","account":"184720159","status":"done","order":"A202508182104207452143FZ3Zxi3c"},"sign":"6DA37398E022108CC28A3E444F5EEE55"}

【2025-08-18 23:04:42】
P2025081820585861538902895----提交：{"custId":"24120300001308","appId":"8241201350","order":"P2025081820585861538902895","sign":"1D43AB540330538C1F91F12FDB498A52"}

【2025-08-18 23:04:42】
P2025081820585861538902895----返回：{"code":"000000","msg":"P2025081820585861538902895","data":{"date":"2025-08-18 20:59:03","eid":"E45756448202508182359H9eqSjEwcEq","amount":"40","name":"yara raniele carvalho pereira","cpf":"15351480638","bankname":"null","payBank":"","payCpf":"","pixkey":"15351480638","account":"397573007","status":"done","order":"A202508182058580250086369qBbEh"},"sign":"EBEE660CF9F5BD99D72CA2FEA34D5295"}

【2025-08-18 23:04:44】
P2025081820585861538902895----提交：{"custId":"24120300001308","appId":"8241201350","order":"P2025081820585861538902895","sign":"1D43AB540330538C1F91F12FDB498A52"}

【2025-08-18 23:04:44】
P2025081820585861538902895----返回：{"code":"000000","msg":"P2025081820585861538902895","data":{"date":"2025-08-18 20:59:03","eid":"E45756448202508182359H9eqSjEwcEq","amount":"40","name":"yara raniele carvalho pereira","cpf":"15351480638","bankname":"null","payBank":"","payCpf":"","pixkey":"15351480638","account":"397573007","status":"done","order":"A202508182058580250086369qBbEh"},"sign":"EBEE660CF9F5BD99D72CA2FEA34D5295"}

【2025-08-18 23:06:49】
P2025081820151158911979589----提交：{"custId":"24120300001308","appId":"8241201350","order":"P2025081820151158911979589","sign":"268A7977C8C6FDDC6F98E7E21DDDED16"}

【2025-08-18 23:06:49】
P2025081820151158911979589----返回：{"code":"000000","msg":"P2025081820151158911979589","data":{"date":"2025-08-18 20:15:22","eid":"E45756448202508182315z3md2dNaEOh","amount":"50","name":"Davi de Lima Barros Bernardino","cpf":"50476001811","bankname":"null","payBank":"","payCpf":"","pixkey":"50476001811","account":"101093599","status":"done","order":"A20250818201512030497ISpcEA9iS"},"sign":"E37D35F24DCF400D3615B33943D38791"}

【2025-08-18 23:08:42】
P2025081810401324413309054----提交：{"custId":"24120300001308","appId":"8241201350","order":"P2025081810401324413309054","sign":"291E89EC8826E4AA0B73F8626FE7E7DB"}

【2025-08-18 23:08:42】
P2025081810401324413309054----返回：{"code":"000000","msg":"P2025081810401324413309054","data":{"date":"2025-08-18 10:40:16","eid":"E45756448202508181340djhCWDl0OIR","amount":"30","name":"GLAUCIA REGINA PEIXOTO COSTA","cpf":"4479729798","bankname":"null","payBank":"","payCpf":"","pixkey":"04479729798","account":"409235","status":"done","order":"A20250818104014369788U6LGsPxCP"},"sign":"F1CF8EECFC7B401B42FA5E9E85AA7ECA"}

【2025-08-18 23:09:33】
P2025081810401324413309054----提交：{"custId":"24120300001308","appId":"8241201350","order":"P2025081810401324413309054","sign":"291E89EC8826E4AA0B73F8626FE7E7DB"}

【2025-08-18 23:09:33】
P2025081810401324413309054----返回：{"code":"000000","msg":"P2025081810401324413309054","data":{"date":"2025-08-18 10:40:16","eid":"E45756448202508181340djhCWDl0OIR","amount":"30","name":"GLAUCIA REGINA PEIXOTO COSTA","cpf":"4479729798","bankname":"null","payBank":"","payCpf":"","pixkey":"04479729798","account":"409235","status":"done","order":"A20250818104014369788U6LGsPxCP"},"sign":"F1CF8EECFC7B401B42FA5E9E85AA7ECA"}

【2025-08-18 23:13:49】
P2025081821042061860642440----提交：{"custId":"24120300001308","appId":"8241201350","order":"P2025081821042061860642440","sign":"DE6480743AF1E15760A1FEE548BCE1F5"}

【2025-08-18 23:13:49】
P2025081821042061860642440----返回：{"code":"000000","msg":"P2025081821042061860642440","data":{"date":"2025-08-18 21:04:28","eid":"E45756448202508190004fQWJcbfoikm","amount":"20","name":"Janaina Roberta de Paula Souza","cpf":"70275263100","bankname":"null","payBank":"","payCpf":"","pixkey":"70275263100","account":"184720159","status":"done","order":"A202508182104207452143FZ3Zxi3c"},"sign":"6DA37398E022108CC28A3E444F5EEE55"}

【2025-08-18 23:14:24】
P2025081710025135771462259----提交：{"custId":"24120300001308","appId":"8241201350","order":"P2025081710025135771462259","sign":"E57D662A5609FC9077642FBB642559B2"}

【2025-08-18 23:14:24】
P2025081710025135771462259----返回：{"code":"000000","msg":"P2025081710025135771462259","data":{"date":"2025-08-17 10:02:55","eid":"E372054472025081713025228744b996","amount":"50","name":"MARCOS PEREIRA FERNANDES","cpf":"70245016180","bankname":"ORBION GAMING LTDA","payBank":"","payCpf":"","pixkey":"70245016180","account":"00360305","status":"done","order":"A20250817100251138716AXqaVLAKf"},"sign":"5E6A09DC8294A46F96A28742062A519E"}

【2025-08-18 23:18:24】
P2025081819490857348469051----提交：{"custId":"24120300001308","appId":"8241201350","order":"P2025081819490857348469051","sign":"C5F4C3C81729348B396CF03E2898BF80"}

【2025-08-18 23:18:24】
P2025081819490857348469051----返回：{"code":"000000","msg":"P2025081819490857348469051","data":{"date":"2025-08-18 19:50:12","eid":"E45756448202508182250R8e3CBuTr0O","amount":"30","name":"ANDREIA CARLA CASTRO DA SILVA","cpf":"77298349287","bankname":"null","payBank":"","payCpf":"","pixkey":"92994475819","account":"73462897","status":"done","order":"A20250818194909564759ieETq2UQ9"},"sign":"CC51A3692C2D5DA42D0D7C1B5484413F"}

【2025-08-18 23:18:28】
P2025081819490857348469051----提交：{"custId":"24120300001308","appId":"8241201350","order":"P2025081819490857348469051","sign":"C5F4C3C81729348B396CF03E2898BF80"}

【2025-08-18 23:18:28】
P2025081819490857348469051----返回：{"code":"000000","msg":"P2025081819490857348469051","data":{"date":"2025-08-18 19:50:12","eid":"E45756448202508182250R8e3CBuTr0O","amount":"30","name":"ANDREIA CARLA CASTRO DA SILVA","cpf":"77298349287","bankname":"null","payBank":"","payCpf":"","pixkey":"92994475819","account":"73462897","status":"done","order":"A20250818194909564759ieETq2UQ9"},"sign":"CC51A3692C2D5DA42D0D7C1B5484413F"}

【2025-08-18 23:25:56】
P2025081819510857468201134----提交：{"custId":"24120300001308","appId":"8241201350","order":"P2025081819510857468201134","sign":"0529658DBCBF9C66B5167AB7B4135DDB"}

【2025-08-18 23:25:56】
P2025081819510857468201134----返回：{"code":"000000","msg":"P2025081819510857468201134","data":{"date":"2025-08-18 19:52:06","eid":"E45756448202508182252Lzy5ACXuB0W","amount":"60","name":"andreza da silva almeida","cpf":"43812054809","bankname":"null","payBank":"","payCpf":"","pixkey":"11977534772","account":"252619986","status":"done","order":"A20250818195109143380lsF6HLiyA"},"sign":"287A21AD3563EDCC376E18C15C929C62"}

【2025-08-18 23:26:28】
P2025081820522661146794787----提交：{"custId":"24120300001308","appId":"8241201350","order":"P2025081820522661146794787","sign":"19A6565B65B44ED6F6D1A267AE013DF4"}

【2025-08-18 23:26:28】
P2025081820522661146794787----返回：{"code":"000000","msg":"P2025081820522661146794787","data":{"date":"2025-08-18 20:52:29","eid":"E45756448202508182352BTl6MyodiEu","amount":"300","name":"AGNEY GASPAR DE SOUZA","cpf":"80070914168","bankname":"null","payBank":"","payCpf":"","pixkey":"80070914168","account":"432501495","status":"done","order":"A20250818205226885613ZBIsrIbyV"},"sign":"CB5A48CFA55B51CE6276C8F015310DB9"}

【2025-08-18 23:26:30】
P2025081820522661146794787----提交：{"custId":"24120300001308","appId":"8241201350","order":"P2025081820522661146794787","sign":"19A6565B65B44ED6F6D1A267AE013DF4"}

【2025-08-18 23:26:30】
P2025081820522661146794787----返回：{"code":"000000","msg":"P2025081820522661146794787","data":{"date":"2025-08-18 20:52:29","eid":"E45756448202508182352BTl6MyodiEu","amount":"300","name":"AGNEY GASPAR DE SOUZA","cpf":"80070914168","bankname":"null","payBank":"","payCpf":"","pixkey":"80070914168","account":"432501495","status":"done","order":"A20250818205226885613ZBIsrIbyV"},"sign":"CB5A48CFA55B51CE6276C8F015310DB9"}

【2025-08-18 23:31:53】
P2025081217454831548095444----提交：{"custId":"24120300001308","appId":"8241201350","order":"P2025081217454831548095444","sign":"BEA3A248FD81318A4C7339BF36F5209B"}

【2025-08-18 23:31:53】
P2025081217454831548095444----返回：{"code":"000000","msg":"P2025081217454831548095444","data":{"date":"2025-08-12 17:45:51","eid":"E37205447202508122045492155f7a04","amount":"1100","name":"Alino Dias Pinto Colares","cpf":"03791195522","bankname":"ORBION GAMING LTDA","payBank":"","payCpf":"","pixkey":"03791195522","account":"18236120","status":"done","order":"A20250812174549031770stznQrQ6E"},"sign":"D44A44EBA0FDA1F33FF4B236B01266FC"}

【2025-08-18 23:31:55】
P2025081217454831548095444----提交：{"custId":"24120300001308","appId":"8241201350","order":"P2025081217454831548095444","sign":"BEA3A248FD81318A4C7339BF36F5209B"}

【2025-08-18 23:31:55】
P2025081217454831548095444----返回：{"code":"000000","msg":"P2025081217454831548095444","data":{"date":"2025-08-12 17:45:51","eid":"E37205447202508122045492155f7a04","amount":"1100","name":"Alino Dias Pinto Colares","cpf":"03791195522","bankname":"ORBION GAMING LTDA","payBank":"","payCpf":"","pixkey":"03791195522","account":"18236120","status":"done","order":"A20250812174549031770stznQrQ6E"},"sign":"D44A44EBA0FDA1F33FF4B236B01266FC"}

【2025-08-18 23:38:18】
P2025081820141658856717590----提交：{"custId":"24120300001308","appId":"8241201350","order":"P2025081820141658856717590","sign":"C3F8FD8406D8ACF495E0F768ED7E25F9"}

【2025-08-18 23:38:18】
P2025081820141658856717590----返回：{"code":"000000","msg":"P2025081820141658856717590","data":{"date":"2025-08-18 20:14:47","eid":"E45756448202508182314ahcahDp0sEK","amount":"52.88","name":"Esmeralda cristalina Matias Dantas","cpf":"7195553701","bankname":"null","payBank":"","payCpf":"","pixkey":"21968338484","account":"448408021","status":"done","order":"A20250818201417221107AkmmBsjXW"},"sign":"CE32ACD4F89D6BD756A5EF728261C48D"}

【2025-08-18 23:38:21】
P2025081820141658856717590----提交：{"custId":"24120300001308","appId":"8241201350","order":"P2025081820141658856717590","sign":"C3F8FD8406D8ACF495E0F768ED7E25F9"}

【2025-08-18 23:38:21】
P2025081820141658856717590----返回：{"code":"000000","msg":"P2025081820141658856717590","data":{"date":"2025-08-18 20:14:47","eid":"E45756448202508182314ahcahDp0sEK","amount":"52.88","name":"Esmeralda cristalina Matias Dantas","cpf":"7195553701","bankname":"null","payBank":"","payCpf":"","pixkey":"21968338484","account":"448408021","status":"done","order":"A20250818201417221107AkmmBsjXW"},"sign":"CE32ACD4F89D6BD756A5EF728261C48D"}

【2025-08-18 23:40:09】
P2025081820212959289681534----提交：{"custId":"24120300001308","appId":"8241201350","order":"P2025081820212959289681534","sign":"F7F3E09C7875C92AABFFEC940A29B1B0"}

【2025-08-18 23:40:09】
P2025081820212959289681534----返回：{"code":"000000","msg":"P2025081820212959289681534","data":{"date":"2025-08-18 20:21:33","eid":"E45756448202508182321YJKfY6DuJUi","amount":"20","name":"Maria Alves Teles do nascimento","cpf":"69347581534","bankname":"null","payBank":"","payCpf":"","pixkey":"69347581534","account":"85153757","status":"done","order":"A20250818202130358053WNxfJM3iB"},"sign":"6BEF49302C80D4778A701910B54D2977"}

【2025-08-18 23:57:54】
P2025081809255719957607285----提交：{"custId":"24120300001308","appId":"8241201350","order":"P2025081809255719957607285","sign":"FBFDEE5128B295CE57CDD16BDB8B7709"}

【2025-08-18 23:57:54】
P2025081809255719957607285----返回：{"code":"000000","msg":"P2025081809255719957607285","data":{"date":"2025-08-18 09:26:04","eid":"E372054472025081812255829631d9e1","amount":"100","name":"Daiane Aparecida da Silva Goncalves","cpf":"35917964840","bankname":"ORBION GAMING LTDA","payBank":"","payCpf":"","pixkey":"12988735351","account":"10573521","status":"done","order":"A202508180925582079817kqpWkw24"},"sign":"F9057C74F8D551C4ACD0899E5064823B"}

【2025-08-18 23:57:59】
P2025081809255719957607285----提交：{"custId":"24120300001308","appId":"8241201350","order":"P2025081809255719957607285","sign":"FBFDEE5128B295CE57CDD16BDB8B7709"}

【2025-08-18 23:57:59】
P2025081809255719957607285----返回：{"code":"000000","msg":"P2025081809255719957607285","data":{"date":"2025-08-18 09:26:04","eid":"E372054472025081812255829631d9e1","amount":"100","name":"Daiane Aparecida da Silva Goncalves","cpf":"35917964840","bankname":"ORBION GAMING LTDA","payBank":"","payCpf":"","pixkey":"12988735351","account":"10573521","status":"done","order":"A202508180925582079817kqpWkw24"},"sign":"F9057C74F8D551C4ACD0899E5064823B"}

