【2025-08-18 10:15:58】
P2025081601021416934252753----提交：{"custId":"24120300001308","appId":"8241201350","order":"P2025081601021416934252753","sign":"550BB40E330CBD67B67AD6E830C07FCF"}

【2025-08-18 10:15:58】
P2025081601021416934252753----返回：{"code":"000000","msg":"P2025081601021416934252753","data":{"date":"2025-08-16 01:02:18","eid":"E3720544720250816040214708465f95","amount":"50","name":"EDILENE VIANA DE SOUSA","cpf":"00627686389","bankname":"ORBION GAMING LTDA","payBank":"","payCpf":"","pixkey":"86994004209","account":"90400888","status":"done","order":"A20250816010214917432vHmp9G47F"},"sign":"75D3276FE6424CDBCE6CFB1E07DAA2EF"}

【2025-08-18 10:16:01】
P2025081601021416934252753----提交：{"custId":"24120300001308","appId":"8241201350","order":"P2025081601021416934252753","sign":"550BB40E330CBD67B67AD6E830C07FCF"}

【2025-08-18 10:16:01】
P2025081601021416934252753----返回：{"code":"000000","msg":"P2025081601021416934252753","data":{"date":"2025-08-16 01:02:18","eid":"E3720544720250816040214708465f95","amount":"50","name":"EDILENE VIANA DE SOUSA","cpf":"00627686389","bankname":"ORBION GAMING LTDA","payBank":"","payCpf":"","pixkey":"86994004209","account":"90400888","status":"done","order":"A20250816010214917432vHmp9G47F"},"sign":"75D3276FE6424CDBCE6CFB1E07DAA2EF"}

【2025-08-18 10:16:02】
P2025081601021416934252753----提交：{"custId":"24120300001308","appId":"8241201350","order":"P2025081601021416934252753","sign":"550BB40E330CBD67B67AD6E830C07FCF"}

【2025-08-18 10:16:02】
P2025081601021416934252753----返回：{"code":"000000","msg":"P2025081601021416934252753","data":{"date":"2025-08-16 01:02:18","eid":"E3720544720250816040214708465f95","amount":"50","name":"EDILENE VIANA DE SOUSA","cpf":"00627686389","bankname":"ORBION GAMING LTDA","payBank":"","payCpf":"","pixkey":"86994004209","account":"90400888","status":"done","order":"A20250816010214917432vHmp9G47F"},"sign":"75D3276FE6424CDBCE6CFB1E07DAA2EF"}

【2025-08-18 10:16:56】
P2025081810082222502824076----提交：{"custId":"24120300001308","appId":"8241201350","order":"P2025081810082222502824076","sign":"87E88E168CA6CC33F5379D2A7C404ACE"}

【2025-08-18 10:16:56】
P2025081810082222502824076----返回：{"code":"000000","msg":"P2025081810082222502824076","data":{"date":"2025-08-18 10:16:20","eid":"E37205447202508181308238885a4f12","amount":"20","name":"CLEIDE MARIA ROSA","cpf":"82272573991","bankname":"ORBION GAMING LTDA","payBank":"","payCpf":"","pixkey":"82272573991","account":"78825270","status":"done","order":"A202508181008234836457yhk8d9JK"},"sign":"43D1E22C46689FF2B1A7494FB98A3F16"}

【2025-08-18 10:19:00】
P2025081809031918599355270----提交：{"custId":"24120300001308","appId":"8241201350","order":"P2025081809031918599355270","sign":"D4FAF2143FEE82FFDF2A8ABB1799F539"}

【2025-08-18 10:19:00】
P2025081809031918599355270----返回：{"code":"000000","msg":"P2025081809031918599355270","data":{"date":"2025-08-18 09:03:23","eid":"E372054472025081812031988894eb79","amount":"100","name":"Luis Fernando de Souza Trajano","cpf":"08729540720","bankname":"ORBION GAMING LTDA","payBank":"","payCpf":"","pixkey":"21986529374","account":"10573521","status":"done","order":"A20250818090319777541xjH2IbkC9"},"sign":"EDDF7D0C4ABEA35DCBB516FBEEDCF573"}

【2025-08-18 10:21:53】
P2025081810164523005048881----提交：{"custId":"24120300001308","appId":"8241201350","order":"P2025081810164523005048881","sign":"A4AAE211349D56EB00DC0FC68DF880FB"}

【2025-08-18 10:21:53】
P2025081810164523005048881----返回：{"code":"000000","msg":"P2025081810164523005048881","data":{"date":"2025-08-18 10:16:48","eid":"E45756448202508181316XSbQS1ERJ0e","amount":"20","name":"Nilton Mendonça Macedo","cpf":"70259651206","bankname":"null","payBank":"","payCpf":"","pixkey":"70259651206","account":"190651331","status":"done","order":"A20250818101645479332bencc4ev2"},"sign":"8A9EC87318F9A7F02706AEF835386A7A"}

【2025-08-18 10:21:57】
P2025081810164523005048881----提交：{"custId":"24120300001308","appId":"8241201350","order":"P2025081810164523005048881","sign":"A4AAE211349D56EB00DC0FC68DF880FB"}

【2025-08-18 10:21:57】
P2025081810164523005048881----返回：{"code":"000000","msg":"P2025081810164523005048881","data":{"date":"2025-08-18 10:16:48","eid":"E45756448202508181316XSbQS1ERJ0e","amount":"20","name":"Nilton Mendonça Macedo","cpf":"70259651206","bankname":"null","payBank":"","payCpf":"","pixkey":"70259651206","account":"190651331","status":"done","order":"A20250818101645479332bencc4ev2"},"sign":"8A9EC87318F9A7F02706AEF835386A7A"}

【2025-08-18 10:22:56】
P2025081809031918599355270----提交：{"custId":"24120300001308","appId":"8241201350","order":"P2025081809031918599355270","sign":"D4FAF2143FEE82FFDF2A8ABB1799F539"}

【2025-08-18 10:22:57】
P2025081809031918599355270----返回：{"code":"000000","msg":"P2025081809031918599355270","data":{"date":"2025-08-18 09:03:23","eid":"E372054472025081812031988894eb79","amount":"100","name":"Luis Fernando de Souza Trajano","cpf":"08729540720","bankname":"ORBION GAMING LTDA","payBank":"","payCpf":"","pixkey":"21986529374","account":"10573521","status":"done","order":"A20250818090319777541xjH2IbkC9"},"sign":"EDDF7D0C4ABEA35DCBB516FBEEDCF573"}

【2025-08-18 10:24:17】
P2025081809305020250745014----提交：{"custId":"24120300001308","appId":"8241201350","order":"P2025081809305020250745014","sign":"173521BDF627B429EB8E1BD5FDE8BA62"}

【2025-08-18 10:24:18】
P2025081809305020250745014----返回：{"code":"000000","msg":"P2025081809305020250745014","data":{"date":"2025-08-18 09:30:54","eid":"E37205447202508181230515730c2a34","amount":"30","name":"VANDERLEIA ANTONIA DOS PASSOS","cpf":"05274124305","bankname":"ORBION GAMING LTDA","payBank":"","payCpf":"","pixkey":"16981824213","account":"31872495","status":"done","order":"A20250818093050998557AngGKZUHp"},"sign":"237BDAB7761BC82D9121C15254863388"}

【2025-08-18 10:32:18】
P2025081810262423584652166----提交：{"custId":"24120300001308","appId":"8241201350","order":"P2025081810262423584652166","sign":"1E8EBF19277864292654D5656BABF37F"}

【2025-08-18 10:32:18】
P2025081810262423584652166----返回：{"code":"000000","msg":"P2025081810262423584652166","data":{"date":"2025-08-18 10:26:27","eid":"E45756448202508181326KgbAg7aZxES","amount":"100","name":"Silvia Alves de Mattos","cpf":"5725322610","bankname":"null","payBank":"","payCpf":"","pixkey":"31982062420","account":"7242439014","status":"done","order":"A20250818102624682383hXDQsdQ2j"},"sign":"DBACD760CF75D2DB2377EEADFFA245B4"}

【2025-08-18 10:32:21】
P2025081810262423584652166----提交：{"custId":"24120300001308","appId":"8241201350","order":"P2025081810262423584652166","sign":"1E8EBF19277864292654D5656BABF37F"}

【2025-08-18 10:32:21】
P2025081810262423584652166----返回：{"code":"000000","msg":"P2025081810262423584652166","data":{"date":"2025-08-18 10:26:27","eid":"E45756448202508181326KgbAg7aZxES","amount":"100","name":"Silvia Alves de Mattos","cpf":"5725322610","bankname":"null","payBank":"","payCpf":"","pixkey":"31982062420","account":"7242439014","status":"done","order":"A20250818102624682383hXDQsdQ2j"},"sign":"DBACD760CF75D2DB2377EEADFFA245B4"}

【2025-08-18 10:33:09】
P2025081718503967439023563----提交：{"custId":"24120300001308","appId":"8241201350","order":"P2025081718503967439023563","sign":"B3001278548E74A374EB7D5173C17898"}

【2025-08-18 10:33:09】
P2025081718503967439023563----返回：{"code":"000000","msg":"P2025081718503967439023563","data":{"date":"2025-08-17 18:50:53","eid":"E3720544720250817215039757dd1364","amount":"80","name":"JOSE SIDNEI RAMOS DA SILVA","cpf":"06884864796","bankname":"ORBION GAMING LTDA","payBank":"","payCpf":"","pixkey":"21964784022","account":"90400888","status":"done","order":"A20250817185039179073DXzQw6UDZ"},"sign":"9BEF0A7B7FEE1B2886117C2AD6DBC40B"}

【2025-08-18 10:38:17】
P2025081714000550005369406----提交：{"custId":"24120300001308","appId":"8241201350","order":"P2025081714000550005369406","sign":"1F440C2428E9D0C6409E226748EB2FB4"}

【2025-08-18 10:38:18】
P2025081714000550005369406----返回：{"code":"000000","msg":"P2025081714000550005369406","data":{"date":"2025-08-17 14:00:50","eid":"E37205447202508171700066925ac581","amount":"150","name":"Celia Regina Alves Machado","cpf":"13817241836","bankname":"ORBION GAMING LTDA","payBank":"","payCpf":"","pixkey":"18997892069","account":"10573521","status":"done","order":"A20250817140005200664f3s3f1YS8"},"sign":"0BB738B17DC929BF86964F6D905A9BE9"}

【2025-08-18 10:38:20】
P2025081714000550005369406----提交：{"custId":"24120300001308","appId":"8241201350","order":"P2025081714000550005369406","sign":"1F440C2428E9D0C6409E226748EB2FB4"}

【2025-08-18 10:38:20】
P2025081714000550005369406----返回：{"code":"000000","msg":"P2025081714000550005369406","data":{"date":"2025-08-17 14:00:50","eid":"E37205447202508171700066925ac581","amount":"150","name":"Celia Regina Alves Machado","cpf":"13817241836","bankname":"ORBION GAMING LTDA","payBank":"","payCpf":"","pixkey":"18997892069","account":"10573521","status":"done","order":"A20250817140005200664f3s3f1YS8"},"sign":"0BB738B17DC929BF86964F6D905A9BE9"}

【2025-08-18 10:41:15】
P2025081712140343643509492----提交：{"custId":"24120300001308","appId":"8241201350","order":"P2025081712140343643509492","sign":"82C0C936F7C2B85F5C8F19A1AF8AA32A"}

【2025-08-18 10:41:15】
P2025081712140343643509492----返回：{"code":"000000","msg":"P2025081712140343643509492","data":{"date":"2025-08-17 12:14:07","eid":"E372054472025081715140345023589e","amount":"200","name":"GLEISON FERREIRA NEVES","cpf":"04879443999","bankname":"ORBION GAMING LTDA","payBank":"","payCpf":"","pixkey":"04879443999","account":"00000000","status":"done","order":"A20250817121403383646h7RDylPQQ"},"sign":"BC04228476702EF77ECDB468EBEC86BF"}

【2025-08-18 10:41:17】
P2025081712140343643509492----提交：{"custId":"24120300001308","appId":"8241201350","order":"P2025081712140343643509492","sign":"82C0C936F7C2B85F5C8F19A1AF8AA32A"}

【2025-08-18 10:41:18】
P2025081712140343643509492----返回：{"code":"000000","msg":"P2025081712140343643509492","data":{"date":"2025-08-17 12:14:07","eid":"E372054472025081715140345023589e","amount":"200","name":"GLEISON FERREIRA NEVES","cpf":"04879443999","bankname":"ORBION GAMING LTDA","payBank":"","payCpf":"","pixkey":"04879443999","account":"00000000","status":"done","order":"A20250817121403383646h7RDylPQQ"},"sign":"BC04228476702EF77ECDB468EBEC86BF"}

【2025-08-18 10:41:20】
P2025081712140343643509492----提交：{"custId":"24120300001308","appId":"8241201350","order":"P2025081712140343643509492","sign":"82C0C936F7C2B85F5C8F19A1AF8AA32A"}

【2025-08-18 10:41:21】
P2025081712140343643509492----返回：{"code":"000000","msg":"P2025081712140343643509492","data":{"date":"2025-08-17 12:14:07","eid":"E372054472025081715140345023589e","amount":"200","name":"GLEISON FERREIRA NEVES","cpf":"04879443999","bankname":"ORBION GAMING LTDA","payBank":"","payCpf":"","pixkey":"04879443999","account":"00000000","status":"done","order":"A20250817121403383646h7RDylPQQ"},"sign":"BC04228476702EF77ECDB468EBEC86BF"}

【2025-08-18 10:56:00】
P2025081806205508855941136----提交：{"custId":"24120300001308","appId":"8241201350","order":"P2025081806205508855941136","sign":"18E6123955F8DC7FA46A475D45ECC5BB"}

【2025-08-18 10:56:01】
P2025081806205508855941136----返回：{"code":"000000","msg":"P2025081806205508855941136","data":{"date":"2025-08-18 06:20:58","eid":"E45756448202508180920mgHd7Ymm3EK","amount":"50","name":"MARIA ODERLANYA RODRIGUES NOBRE","cpf":"2727136358","bankname":"null","payBank":"","payCpf":"","pixkey":"85989309613","account":"172986338","status":"done","order":"A20250818062055476725ND5WvhBd3"},"sign":"E3C478AA8B8004A0C67F6275D37E0C53"}

【2025-08-18 10:56:04】
P2025081806205508855941136----提交：{"custId":"24120300001308","appId":"8241201350","order":"P2025081806205508855941136","sign":"18E6123955F8DC7FA46A475D45ECC5BB"}

【2025-08-18 10:56:04】
P2025081806205508855941136----返回：{"code":"000000","msg":"P2025081806205508855941136","data":{"date":"2025-08-18 06:20:58","eid":"E45756448202508180920mgHd7Ymm3EK","amount":"50","name":"MARIA ODERLANYA RODRIGUES NOBRE","cpf":"2727136358","bankname":"null","payBank":"","payCpf":"","pixkey":"85989309613","account":"172986338","status":"done","order":"A20250818062055476725ND5WvhBd3"},"sign":"E3C478AA8B8004A0C67F6275D37E0C53"}

