【2025-08-18 20:02:44】
P2025081819555857758986379----提交：{"custId":"24120300001308","appId":"8241201350","order":"P2025081819555857758986379","sign":"C5F1D3F3C7B91E5AF0C43255078F2859"}

【2025-08-18 20:02:45】
P2025081819555857758986379----返回：{"code":"000000","msg":"P2025081819555857758986379","data":{"date":"2025-08-18 19:56:37","eid":"E457564482025081822568UAEuQAMMUa","amount":"70","name":"LARISSA DA SILVA AJALA","cpf":"7790014196","bankname":"null","payBank":"","payCpf":"","pixkey":"07790014196","account":"144174513","status":"done","order":"A20250818195559107613VaJWcDtAR"},"sign":"4F6303825C66FDA894CCBDFEF960608C"}

【2025-08-18 20:02:46】
P2025081819555857758986379----提交：{"custId":"24120300001308","appId":"8241201350","order":"P2025081819555857758986379","sign":"C5F1D3F3C7B91E5AF0C43255078F2859"}

【2025-08-18 20:02:47】
P2025081819555857758986379----返回：{"code":"000000","msg":"P2025081819555857758986379","data":{"date":"2025-08-18 19:56:37","eid":"E457564482025081822568UAEuQAMMUa","amount":"70","name":"LARISSA DA SILVA AJALA","cpf":"7790014196","bankname":"null","payBank":"","payCpf":"","pixkey":"07790014196","account":"144174513","status":"done","order":"A20250818195559107613VaJWcDtAR"},"sign":"4F6303825C66FDA894CCBDFEF960608C"}

【2025-08-18 20:06:28】
P2025081820014258102528986----提交：{"custId":"24120300001308","appId":"8241201350","order":"P2025081820014258102528986","sign":"D6C6D3E6B05C8E3E4FA487416B10E7F9"}

【2025-08-18 20:06:29】
P2025081820014258102528986----返回：{"code":"000000","msg":"P2025081820014258102528986","data":{"date":"2025-08-18 20:02:26","eid":"E45756448202508182302m5BB7UnDp0y","amount":"400","name":"KELI CRISTINA DA SILVA MOREIRA","cpf":"235961124","bankname":"null","payBank":"","payCpf":"","pixkey":"00235961124","account":"308303155","status":"done","order":"A20250818200143670085GaPj8DTMq"},"sign":"D960B29A7E9821709F7F6EAAE7944327"}

【2025-08-18 20:06:30】
P2025081812563632596984794----提交：{"custId":"24120300001308","appId":"8241201350","order":"P2025081812563632596984794","sign":"81B5EBC5E4A19D3F9325741050CF19A4"}

【2025-08-18 20:06:31】
P2025081812563632596984794----返回：{"code":"000000","msg":"P2025081812563632596984794","data":{"date":"2025-08-18 12:56:40","eid":"E45756448202508181556IFYSp3H5qkC","amount":"31","name":"JOSE JAVIER TIRADO MOTA","cpf":"70655639284","bankname":"null","payBank":"","payCpf":"","pixkey":"70655639284","account":"12880000009190174238","status":"done","order":"A202508181256360160032kfpSERq2"},"sign":"A3F411A655C98E920ED74F4F0A7907B4"}

【2025-08-18 20:06:35】
P2025081812563632596984794----提交：{"custId":"24120300001308","appId":"8241201350","order":"P2025081812563632596984794","sign":"81B5EBC5E4A19D3F9325741050CF19A4"}

【2025-08-18 20:06:35】
P2025081812563632596984794----返回：{"code":"000000","msg":"P2025081812563632596984794","data":{"date":"2025-08-18 12:56:40","eid":"E45756448202508181556IFYSp3H5qkC","amount":"31","name":"JOSE JAVIER TIRADO MOTA","cpf":"70655639284","bankname":"null","payBank":"","payCpf":"","pixkey":"70655639284","account":"12880000009190174238","status":"done","order":"A202508181256360160032kfpSERq2"},"sign":"A3F411A655C98E920ED74F4F0A7907B4"}

【2025-08-18 20:06:45】
P2025081820014258102528986----提交：{"custId":"24120300001308","appId":"8241201350","order":"P2025081820014258102528986","sign":"D6C6D3E6B05C8E3E4FA487416B10E7F9"}

【2025-08-18 20:06:46】
P2025081820014258102528986----返回：{"code":"000000","msg":"P2025081820014258102528986","data":{"date":"2025-08-18 20:02:26","eid":"E45756448202508182302m5BB7UnDp0y","amount":"400","name":"KELI CRISTINA DA SILVA MOREIRA","cpf":"235961124","bankname":"null","payBank":"","payCpf":"","pixkey":"00235961124","account":"308303155","status":"done","order":"A20250818200143670085GaPj8DTMq"},"sign":"D960B29A7E9821709F7F6EAAE7944327"}

【2025-08-18 20:07:27】
P2025081819410656866583229----提交：{"custId":"24120300001308","appId":"8241201350","order":"P2025081819410656866583229","sign":"B247B76634DC2EA09EB566C2C57C64B4"}

【2025-08-18 20:07:27】
P2025081819410656866583229----返回：{"code":"000000","msg":"P2025081819410656866583229","data":{"date":"2025-08-18 19:41:10","eid":"E45756448202508182241UzOzRPshk0u","amount":"50","name":"Francinete dos Santos Cardoso","cpf":"70991367120","bankname":"null","payBank":"","payCpf":"","pixkey":"61998130368","account":"542815477","status":"done","order":"A20250818194106695295N7dBgVmi7"},"sign":"520634C89E197EAA99A89F9597601D14"}

【2025-08-18 20:07:29】
P2025081819410656866583229----提交：{"custId":"24120300001308","appId":"8241201350","order":"P2025081819410656866583229","sign":"B247B76634DC2EA09EB566C2C57C64B4"}

【2025-08-18 20:07:30】
P2025081819410656866583229----返回：{"code":"000000","msg":"P2025081819410656866583229","data":{"date":"2025-08-18 19:41:10","eid":"E45756448202508182241UzOzRPshk0u","amount":"50","name":"Francinete dos Santos Cardoso","cpf":"70991367120","bankname":"null","payBank":"","payCpf":"","pixkey":"61998130368","account":"542815477","status":"done","order":"A20250818194106695295N7dBgVmi7"},"sign":"520634C89E197EAA99A89F9597601D14"}

【2025-08-18 20:11:25】
P2025081820014258102528986----提交：{"custId":"24120300001308","appId":"8241201350","order":"P2025081820014258102528986","sign":"D6C6D3E6B05C8E3E4FA487416B10E7F9"}

【2025-08-18 20:11:26】
P2025081820014258102528986----返回：{"code":"000000","msg":"P2025081820014258102528986","data":{"date":"2025-08-18 20:02:26","eid":"E45756448202508182302m5BB7UnDp0y","amount":"400","name":"KELI CRISTINA DA SILVA MOREIRA","cpf":"235961124","bankname":"null","payBank":"","payCpf":"","pixkey":"00235961124","account":"308303155","status":"done","order":"A20250818200143670085GaPj8DTMq"},"sign":"D960B29A7E9821709F7F6EAAE7944327"}

【2025-08-18 20:14:03】
P2025081820023258152238045----提交：{"custId":"24120300001308","appId":"8241201350","order":"P2025081820023258152238045","sign":"147021BDC37211E5323DA8C6EBC39DEE"}

【2025-08-18 20:14:04】
P2025081820023258152238045----返回：{"code":"000000","msg":"P2025081820023258152238045","data":{"date":"2025-08-18 20:03:31","eid":"E45756448202508182303zs6k1Zm5ku5","amount":"50","name":"Brenda Oliveira Marques","cpf":"60295441011","bankname":"null","payBank":"","payCpf":"","pixkey":"60295441011","account":"462033978","status":"done","order":"A20250818200233536215pYz6xMv5b"},"sign":"3AD8D016A6EA9565A405ACFDC2525849"}

【2025-08-18 20:14:06】
P2025081820023258152238045----提交：{"custId":"24120300001308","appId":"8241201350","order":"P2025081820023258152238045","sign":"147021BDC37211E5323DA8C6EBC39DEE"}

【2025-08-18 20:14:07】
P2025081820023258152238045----返回：{"code":"000000","msg":"P2025081820023258152238045","data":{"date":"2025-08-18 20:03:31","eid":"E45756448202508182303zs6k1Zm5ku5","amount":"50","name":"Brenda Oliveira Marques","cpf":"60295441011","bankname":"null","payBank":"","payCpf":"","pixkey":"60295441011","account":"462033978","status":"done","order":"A20250818200233536215pYz6xMv5b"},"sign":"3AD8D016A6EA9565A405ACFDC2525849"}

【2025-08-18 20:17:47】
P2025081819512357483118154----提交：{"custId":"24120300001308","appId":"8241201350","order":"P2025081819512357483118154","sign":"A9ED334E15C3B91FDF768F3E4F11AF3C"}

【2025-08-18 20:17:48】
P2025081819512357483118154----返回：{"code":"000000","msg":"P2025081819512357483118154","data":{"date":"2025-08-18 19:52:13","eid":"E45756448202508182252jKfFagBaH0C","amount":"280","name":"DEBORA REGINA FIGUEIRO MACHADO","cpf":"2105770029","bankname":"null","payBank":"","payCpf":"","pixkey":"02105770029","account":"127716058","status":"done","order":"A20250818195123740151rh4X3XkdI"},"sign":"A7EE8DF23E31A43889FBD0E41EF72900"}

【2025-08-18 20:17:49】
P2025081819512357483118154----提交：{"custId":"24120300001308","appId":"8241201350","order":"P2025081819512357483118154","sign":"A9ED334E15C3B91FDF768F3E4F11AF3C"}

【2025-08-18 20:17:50】
P2025081819512357483118154----返回：{"code":"000000","msg":"P2025081819512357483118154","data":{"date":"2025-08-18 19:52:13","eid":"E45756448202508182252jKfFagBaH0C","amount":"280","name":"DEBORA REGINA FIGUEIRO MACHADO","cpf":"2105770029","bankname":"null","payBank":"","payCpf":"","pixkey":"02105770029","account":"127716058","status":"done","order":"A20250818195123740151rh4X3XkdI"},"sign":"A7EE8DF23E31A43889FBD0E41EF72900"}

【2025-08-18 20:20:05】
P2025081819592757967257833----提交：{"custId":"24120300001308","appId":"8241201350","order":"P2025081819592757967257833","sign":"EDCCBE76507A47849F5176F510264B5A"}

【2025-08-18 20:20:06】
P2025081819592757967257833----返回：{"code":"000000","msg":"P2025081819592757967257833","data":{"date":"2025-08-18 20:00:07","eid":"E45756448202508182300MgSuvVZ0Ok3","amount":"30","name":"Rosania Barbara Santos Veloso","cpf":"60527997307","bankname":"null","payBank":"","payCpf":"","pixkey":"60527997307","account":"465271997","status":"done","order":"A20250818195928361994AldV1QAx8"},"sign":"0341E90D8199B7BF66AD9CF77ACA7ED2"}

【2025-08-18 20:20:14】
P2025081819592757967257833----提交：{"custId":"24120300001308","appId":"8241201350","order":"P2025081819592757967257833","sign":"EDCCBE76507A47849F5176F510264B5A"}

【2025-08-18 20:20:15】
P2025081819592757967257833----返回：{"code":"000000","msg":"P2025081819592757967257833","data":{"date":"2025-08-18 20:00:07","eid":"E45756448202508182300MgSuvVZ0Ok3","amount":"30","name":"Rosania Barbara Santos Veloso","cpf":"60527997307","bankname":"null","payBank":"","payCpf":"","pixkey":"60527997307","account":"465271997","status":"done","order":"A20250818195928361994AldV1QAx8"},"sign":"0341E90D8199B7BF66AD9CF77ACA7ED2"}

【2025-08-18 20:21:24】
P2025081803031896998966457----提交：{"custId":"24120300001308","appId":"8241201350","order":"P2025081803031896998966457","sign":"4D5861AAF75FC534DD882FFE45940BB7"}

【2025-08-18 20:21:25】
P2025081803031896998966457----返回：{"code":"000000","msg":"P2025081803031896998966457","data":{"date":"2025-08-18 03:03:24","eid":"E457564482025081806031MOHYYW2i0e","amount":"70","name":"JACILENE DE SOUSA DUTRA","cpf":"249748207","bankname":"null","payBank":"","payCpf":"","pixkey":"91988738673","account":"9510990","status":"done","order":"A2025081803031820341915EsBPVVW"},"sign":"D7D7F4BDD4E7ED9FFEDF9091407AF05A"}

【2025-08-18 20:21:26】
P2025081803031896998966457----提交：{"custId":"24120300001308","appId":"8241201350","order":"P2025081803031896998966457","sign":"4D5861AAF75FC534DD882FFE45940BB7"}

【2025-08-18 20:21:27】
P2025081803031896998966457----返回：{"code":"000000","msg":"P2025081803031896998966457","data":{"date":"2025-08-18 03:03:24","eid":"E457564482025081806031MOHYYW2i0e","amount":"70","name":"JACILENE DE SOUSA DUTRA","cpf":"249748207","bankname":"null","payBank":"","payCpf":"","pixkey":"91988738673","account":"9510990","status":"done","order":"A2025081803031820341915EsBPVVW"},"sign":"D7D7F4BDD4E7ED9FFEDF9091407AF05A"}

【2025-08-18 20:22:17】
P2025081819532857608894639----提交：{"custId":"24120300001308","appId":"8241201350","order":"P2025081819532857608894639","sign":"CD9AEB3305809EE40345357DF0D87D86"}

【2025-08-18 20:22:18】
P2025081819532857608894639----返回：{"code":"000000","msg":"P2025081819532857608894639","data":{"date":"2025-08-18 19:53:58","eid":"E45756448202508182253dWuy1osIQEW","amount":"80","name":"gerry Adriano Silva Costa","cpf":"52135489204","bankname":"null","payBank":"","payCpf":"","pixkey":"gerryadrianosi.adriano@gmail.com","account":"458209814","status":"done","order":"A20250818195328180210TS4jbEPMc"},"sign":"9F1D80E62C9799F143F33DD25D6527FC"}

【2025-08-18 20:22:21】
P2025081819532857608894639----提交：{"custId":"24120300001308","appId":"8241201350","order":"P2025081819532857608894639","sign":"CD9AEB3305809EE40345357DF0D87D86"}

【2025-08-18 20:22:21】
P2025081819532857608894639----返回：{"code":"000000","msg":"P2025081819532857608894639","data":{"date":"2025-08-18 19:53:58","eid":"E45756448202508182253dWuy1osIQEW","amount":"80","name":"gerry Adriano Silva Costa","cpf":"52135489204","bankname":"null","payBank":"","payCpf":"","pixkey":"gerryadrianosi.adriano@gmail.com","account":"458209814","status":"done","order":"A20250818195328180210TS4jbEPMc"},"sign":"9F1D80E62C9799F143F33DD25D6527FC"}

【2025-08-18 20:28:49】
P2025081820121958739136371----提交：{"custId":"24120300001308","appId":"8241201350","order":"P2025081820121958739136371","sign":"4DB0A48743CD38A46CC3B962513A4F89"}

【2025-08-18 20:28:49】
P2025081820121958739136371----返回：{"code":"000000","msg":"P2025081820121958739136371","data":{"date":"2025-08-18 20:13:15","eid":"E45756448202508182313fqs6Q7T4kyX","amount":"171.28","name":"Vagner lopes dos Santos","cpf":"85511188115","bankname":"null","payBank":"","payCpf":"","pixkey":"85511188115","account":"207169145","status":"done","order":"A20250818201219470087XDWAhUm2H"},"sign":"87C78E25AE1A48EF7131CDE543F5BD3A"}

【2025-08-18 20:28:57】
P2025081820121958739136371----提交：{"custId":"24120300001308","appId":"8241201350","order":"P2025081820121958739136371","sign":"4DB0A48743CD38A46CC3B962513A4F89"}

【2025-08-18 20:28:57】
P2025081820121958739136371----返回：{"code":"000000","msg":"P2025081820121958739136371","data":{"date":"2025-08-18 20:13:15","eid":"E45756448202508182313fqs6Q7T4kyX","amount":"171.28","name":"Vagner lopes dos Santos","cpf":"85511188115","bankname":"null","payBank":"","payCpf":"","pixkey":"85511188115","account":"207169145","status":"done","order":"A20250818201219470087XDWAhUm2H"},"sign":"87C78E25AE1A48EF7131CDE543F5BD3A"}

【2025-08-18 20:30:14】
P2025081820235059430639664----提交：{"custId":"24120300001308","appId":"8241201350","order":"P2025081820235059430639664","sign":"087511B0949D3379EA79FDF24BB9087B"}

【2025-08-18 20:30:15】
P2025081820235059430639664----返回：{"code":"000000","msg":"P2025081820235059430639664","data":{"date":"2025-08-18 20:23:55","eid":"E45756448202508182323fVBiDUeoRUC","amount":"20","name":"JOELBERT FRANCA RIBEIRO","cpf":"60523856342","bankname":"null","payBank":"","payCpf":"","pixkey":"60523856342","account":"163789308","status":"done","order":"A20250818202351752247rAqPgmR5t"},"sign":"0C9A55DC46B3774C5F910B92845DFDBB"}

【2025-08-18 20:30:17】
P2025081820235059430639664----提交：{"custId":"24120300001308","appId":"8241201350","order":"P2025081820235059430639664","sign":"087511B0949D3379EA79FDF24BB9087B"}

【2025-08-18 20:30:18】
P2025081820235059430639664----返回：{"code":"000000","msg":"P2025081820235059430639664","data":{"date":"2025-08-18 20:23:55","eid":"E45756448202508182323fVBiDUeoRUC","amount":"20","name":"JOELBERT FRANCA RIBEIRO","cpf":"60523856342","bankname":"null","payBank":"","payCpf":"","pixkey":"60523856342","account":"163789308","status":"done","order":"A20250818202351752247rAqPgmR5t"},"sign":"0C9A55DC46B3774C5F910B92845DFDBB"}

【2025-08-18 20:33:48】
P2025081809193419574335678----提交：{"custId":"24120300001308","appId":"8241201350","order":"P2025081809193419574335678","sign":"BB3AC02C32B1AC59DD18E2DB5E5270D2"}

【2025-08-18 20:33:48】
P2025081809193419574335678----返回：{"code":"000000","msg":"P2025081809193419574335678","data":{"date":"2025-08-18 09:19:38","eid":"E3720544720250818121934616f1177e","amount":"500","name":"Raquel Xavier Moraes Lopes","cpf":"71192368495","bankname":"ORBION GAMING LTDA","payBank":"","payCpf":"","pixkey":"caiohenriquech807030@gmail.com","account":"10573521","status":"done","order":"A20250818091934833409yDu5mrtli"},"sign":"A43733C48EFAE767A58E015AA414CE32"}

【2025-08-18 20:33:51】
P2025081809193419574335678----提交：{"custId":"24120300001308","appId":"8241201350","order":"P2025081809193419574335678","sign":"BB3AC02C32B1AC59DD18E2DB5E5270D2"}

【2025-08-18 20:33:51】
P2025081809193419574335678----返回：{"code":"000000","msg":"P2025081809193419574335678","data":{"date":"2025-08-18 09:19:38","eid":"E3720544720250818121934616f1177e","amount":"500","name":"Raquel Xavier Moraes Lopes","cpf":"71192368495","bankname":"ORBION GAMING LTDA","payBank":"","payCpf":"","pixkey":"caiohenriquech807030@gmail.com","account":"10573521","status":"done","order":"A20250818091934833409yDu5mrtli"},"sign":"A43733C48EFAE767A58E015AA414CE32"}

【2025-08-18 20:34:51】
P2025081820272259642317679----提交：{"custId":"24120300001308","appId":"8241201350","order":"P2025081820272259642317679","sign":"A8988DE01F1A37BF75AF3EE220E2960A"}

【2025-08-18 20:34:52】
P2025081820272259642317679----返回：{"code":"000000","msg":"P2025081820272259642317679","data":{"date":"2025-08-18 20:27:25","eid":"E45756448202508182327U6NZfyQcREC","amount":"30","name":"Diana Lucchese Barbosa","cpf":"10820815667","bankname":"null","payBank":"","payCpf":"","pixkey":"10820815667","account":"65317257","status":"done","order":"A20250818202722508470d8CZFRleE"},"sign":"516006F7C8D6BD2ACE350A2B618F9B90"}

【2025-08-18 20:34:53】
P2025081820272259642317679----提交：{"custId":"24120300001308","appId":"8241201350","order":"P2025081820272259642317679","sign":"A8988DE01F1A37BF75AF3EE220E2960A"}

【2025-08-18 20:34:54】
P2025081820272259642317679----返回：{"code":"000000","msg":"P2025081820272259642317679","data":{"date":"2025-08-18 20:27:25","eid":"E45756448202508182327U6NZfyQcREC","amount":"30","name":"Diana Lucchese Barbosa","cpf":"10820815667","bankname":"null","payBank":"","payCpf":"","pixkey":"10820815667","account":"65317257","status":"done","order":"A20250818202722508470d8CZFRleE"},"sign":"516006F7C8D6BD2ACE350A2B618F9B90"}

【2025-08-18 20:36:15】
P2025081820210859268052263----提交：{"custId":"24120300001308","appId":"8241201350","order":"P2025081820210859268052263","sign":"C359B2AD3DAB7875488395FBFC0F9D9B"}

【2025-08-18 20:36:16】
P2025081820210859268052263----返回：{"code":"000000","msg":"P2025081820210859268052263","data":{"date":"2025-08-18 20:21:13","eid":"E45756448202508182321ruYuI9c7x0e","amount":"20","name":"Audicelia campos da silva","cpf":"7680343454","bankname":"null","payBank":"","payCpf":"","pixkey":"07680343454","account":"141765164","status":"done","order":"A20250818202108161847RktfsV5Hw"},"sign":"18AA0D121A8683D555C8302D11AD2792"}

【2025-08-18 20:36:18】
P2025081820210859268052263----提交：{"custId":"24120300001308","appId":"8241201350","order":"P2025081820210859268052263","sign":"C359B2AD3DAB7875488395FBFC0F9D9B"}

【2025-08-18 20:36:19】
P2025081820210859268052263----返回：{"code":"000000","msg":"P2025081820210859268052263","data":{"date":"2025-08-18 20:21:13","eid":"E45756448202508182321ruYuI9c7x0e","amount":"20","name":"Audicelia campos da silva","cpf":"7680343454","bankname":"null","payBank":"","payCpf":"","pixkey":"07680343454","account":"141765164","status":"done","order":"A20250818202108161847RktfsV5Hw"},"sign":"18AA0D121A8683D555C8302D11AD2792"}

【2025-08-18 20:36:49】
P2025081819493257372431288----提交：{"custId":"24120300001308","appId":"8241201350","order":"P2025081819493257372431288","sign":"7939D78075843C06F9CF50EB1A6C9032"}

【2025-08-18 20:36:50】
P2025081819493257372431288----返回：{"code":"000000","msg":"P2025081819493257372431288","data":{"date":"2025-08-18 19:50:30","eid":"E45756448202508182250DJ2ieGlNuEm","amount":"750","name":"Alex Santos Martins","cpf":"38655680842","bankname":"null","payBank":"","payCpf":"","pixkey":"38655680842","account":"488232901","status":"done","order":"A20250818194932228813TeCffw42F"},"sign":"357C42186617ADF97908DE555E3FACC6"}

【2025-08-18 20:37:13】
P2025081819493257372431288----提交：{"custId":"24120300001308","appId":"8241201350","order":"P2025081819493257372431288","sign":"7939D78075843C06F9CF50EB1A6C9032"}

【2025-08-18 20:37:14】
P2025081819493257372431288----返回：{"code":"000000","msg":"P2025081819493257372431288","data":{"date":"2025-08-18 19:50:30","eid":"E45756448202508182250DJ2ieGlNuEm","amount":"750","name":"Alex Santos Martins","cpf":"38655680842","bankname":"null","payBank":"","payCpf":"","pixkey":"38655680842","account":"488232901","status":"done","order":"A20250818194932228813TeCffw42F"},"sign":"357C42186617ADF97908DE555E3FACC6"}

【2025-08-18 20:37:20】
P2025081820151158911979589----提交：{"custId":"24120300001308","appId":"8241201350","order":"P2025081820151158911979589","sign":"268A7977C8C6FDDC6F98E7E21DDDED16"}

【2025-08-18 20:37:20】
P2025081820151158911979589----返回：{"code":"000000","msg":"P2025081820151158911979589","data":{"date":"2025-08-18 20:15:22","eid":"E45756448202508182315z3md2dNaEOh","amount":"50","name":"Davi de Lima Barros Bernardino","cpf":"50476001811","bankname":"null","payBank":"","payCpf":"","pixkey":"50476001811","account":"101093599","status":"done","order":"A20250818201512030497ISpcEA9iS"},"sign":"E37D35F24DCF400D3615B33943D38791"}

【2025-08-18 20:37:21】
P2025081820151158911979589----提交：{"custId":"24120300001308","appId":"8241201350","order":"P2025081820151158911979589","sign":"268A7977C8C6FDDC6F98E7E21DDDED16"}

【2025-08-18 20:37:21】
P2025081820151158911979589----返回：{"code":"000000","msg":"P2025081820151158911979589","data":{"date":"2025-08-18 20:15:22","eid":"E45756448202508182315z3md2dNaEOh","amount":"50","name":"Davi de Lima Barros Bernardino","cpf":"50476001811","bankname":"null","payBank":"","payCpf":"","pixkey":"50476001811","account":"101093599","status":"done","order":"A20250818201512030497ISpcEA9iS"},"sign":"E37D35F24DCF400D3615B33943D38791"}

【2025-08-18 20:44:28】
P2025081820331359993539684----提交：{"custId":"24120300001308","appId":"8241201350","order":"P2025081820331359993539684","sign":"EB3C7B01D86C96BA5E636E5D5F8192F7"}

【2025-08-18 20:44:28】
P2025081820331359993539684----返回：{"code":"000000","msg":"P2025081820331359993539684","data":{"date":"2025-08-18 20:42:21","eid":"E372054472025081823331757919887a","amount":"20","name":"Rozana Rodrigues dos Santos","cpf":"10380751909","bankname":"ORBION GAMING LTDA","payBank":"","payCpf":"","pixkey":"10380751909","account":"18236120","status":"done","order":"A202508182033157221501DJ4smpL5"},"sign":"8DC7B9C2C9CC419A12C922F9642EE1F0"}

【2025-08-18 20:44:31】
P2025081820331359993539684----提交：{"custId":"24120300001308","appId":"8241201350","order":"P2025081820331359993539684","sign":"EB3C7B01D86C96BA5E636E5D5F8192F7"}

【2025-08-18 20:44:31】
P2025081820331359993539684----返回：{"code":"000000","msg":"P2025081820331359993539684","data":{"date":"2025-08-18 20:42:21","eid":"E372054472025081823331757919887a","amount":"20","name":"Rozana Rodrigues dos Santos","cpf":"10380751909","bankname":"ORBION GAMING LTDA","payBank":"","payCpf":"","pixkey":"10380751909","account":"18236120","status":"done","order":"A202508182033157221501DJ4smpL5"},"sign":"8DC7B9C2C9CC419A12C922F9642EE1F0"}

【2025-08-18 20:44:40】
P2025081820354860148156985----提交：{"custId":"24120300001308","appId":"8241201350","order":"P2025081820354860148156985","sign":"A047C43C6B594FC4A2302EF7106DB7DA"}

【2025-08-18 20:44:41】
P2025081820354860148156985----返回：{"code":"000000","msg":"P2025081820354860148156985","data":{"date":"2025-08-18 20:35:55","eid":"E45756448202508182335lOuiZwt0RUa","amount":"500","name":"Edna de Jesus dos Santos","cpf":"7599063510","bankname":"null","payBank":"","payCpf":"","pixkey":"07599063510","account":"390184984","status":"done","order":"A20250818203549003794T5wyzVCTa"},"sign":"F48301FD3AB334E3D584F144DD4DD63D"}

【2025-08-18 20:44:44】
P2025081820354860148156985----提交：{"custId":"24120300001308","appId":"8241201350","order":"P2025081820354860148156985","sign":"A047C43C6B594FC4A2302EF7106DB7DA"}

【2025-08-18 20:44:44】
P2025081820354860148156985----返回：{"code":"000000","msg":"P2025081820354860148156985","data":{"date":"2025-08-18 20:35:55","eid":"E45756448202508182335lOuiZwt0RUa","amount":"500","name":"Edna de Jesus dos Santos","cpf":"7599063510","bankname":"null","payBank":"","payCpf":"","pixkey":"07599063510","account":"390184984","status":"done","order":"A20250818203549003794T5wyzVCTa"},"sign":"F48301FD3AB334E3D584F144DD4DD63D"}

【2025-08-18 20:50:21】
P2025081819425656976479632----提交：{"custId":"24120300001308","appId":"8241201350","order":"P2025081819425656976479632","sign":"D0CCAA1C7C438E73ED13B34179C16896"}

【2025-08-18 20:50:21】
P2025081819425656976479632----返回：{"code":"000000","msg":"P2025081819425656976479632","data":{"date":"2025-08-18 19:43:14","eid":"E45756448202508182243uJjyshnjIEG","amount":"70","name":"Adriana Silva de carvalho","cpf":"80427928591","bankname":"null","payBank":"","payCpf":"","pixkey":"80427928591","account":"246180434","status":"done","order":"A20250818194256367018LVAdFTHcQ"},"sign":"5BF91E32017EB354B66A01F5923DDE0E"}

【2025-08-18 20:50:24】
P2025081819425656976479632----提交：{"custId":"24120300001308","appId":"8241201350","order":"P2025081819425656976479632","sign":"D0CCAA1C7C438E73ED13B34179C16896"}

【2025-08-18 20:50:25】
P2025081819425656976479632----返回：{"code":"000000","msg":"P2025081819425656976479632","data":{"date":"2025-08-18 19:43:14","eid":"E45756448202508182243uJjyshnjIEG","amount":"70","name":"Adriana Silva de carvalho","cpf":"80427928591","bankname":"null","payBank":"","payCpf":"","pixkey":"80427928591","account":"246180434","status":"done","order":"A20250818194256367018LVAdFTHcQ"},"sign":"5BF91E32017EB354B66A01F5923DDE0E"}

【2025-08-18 20:57:14】
P2025081820175259072683051----提交：{"custId":"24120300001308","appId":"8241201350","order":"P2025081820175259072683051","sign":"48298C8A207F9A95D9BE7BF24A724F2E"}

【2025-08-18 20:57:14】
P2025081820175259072683051----返回：{"code":"000000","msg":"P2025081820175259072683051","data":{"date":"2025-08-18 20:17:58","eid":"E45756448202508182317Qg6VvRzFgE6","amount":"90","name":"JANDERSON CESAR SOUZA MAIA","cpf":"52093344220","bankname":"null","payBank":"","payCpf":"","pixkey":"92995214030","account":"297692154","status":"done","order":"A20250818201753989159FjFWV7YMk"},"sign":"C0FC9FECD9236D3436CCFC76E33F5C60"}

【2025-08-18 20:57:54】
P2025081820385960339206775----提交：{"custId":"24120300001308","appId":"8241201350","order":"P2025081820385960339206775","sign":"CD855D3828BBEED16E77DEB8A4C8F992"}

【2025-08-18 20:57:55】
P2025081820385960339206775----返回：{"code":"000000","msg":"P2025081820385960339206775","data":{"date":"2025-08-18 20:39:09","eid":"E45756448202508182339vLOTUrXlnUs","amount":"20.42","name":"Reginaldo Silva de Brito","cpf":"7999512770","bankname":"null","payBank":"","payCpf":"","pixkey":"07999512770","account":"99365165","status":"done","order":"A20250818203859478427rES75vPvP"},"sign":"EA23F99115BFA4B1CB18FA8152B710A8"}

【2025-08-18 20:57:56】
P2025081820385960339206775----提交：{"custId":"24120300001308","appId":"8241201350","order":"P2025081820385960339206775","sign":"CD855D3828BBEED16E77DEB8A4C8F992"}

【2025-08-18 20:57:57】
P2025081820385960339206775----返回：{"code":"000000","msg":"P2025081820385960339206775","data":{"date":"2025-08-18 20:39:09","eid":"E45756448202508182339vLOTUrXlnUs","amount":"20.42","name":"Reginaldo Silva de Brito","cpf":"7999512770","bankname":"null","payBank":"","payCpf":"","pixkey":"07999512770","account":"99365165","status":"done","order":"A20250818203859478427rES75vPvP"},"sign":"EA23F99115BFA4B1CB18FA8152B710A8"}

