【2025-08-18 04:01:13】
P2025081323273538455898006----提交：{"custId":"24120300001308","appId":"8241201350","order":"P2025081323273538455898006","sign":"B9ABC050B49770E6656478B6B4AB1702"}

【2025-08-18 04:01:13】
P2025081323273538455898006----返回：{"code":"000000","msg":"P2025081323273538455898006","data":{"date":"2025-08-13 23:27:41","eid":"E45756448202508140227fC0Nx55R9Eq","amount":"200","name":"REINALDO TEIXEIRA BRAGA","cpf":"59321890297","bankname":"null","payBank":"","payCpf":"","pixkey":"59321890297","account":"355286","status":"done","order":"A20250813232735914175YJn2RJUCV"},"sign":"35BE32C09B4D03565FC6E79D14900B47"}

【2025-08-18 04:01:15】
P2025081323273538455898006----提交：{"custId":"24120300001308","appId":"8241201350","order":"P2025081323273538455898006","sign":"B9ABC050B49770E6656478B6B4AB1702"}

【2025-08-18 04:01:15】
P2025081323273538455898006----返回：{"code":"000000","msg":"P2025081323273538455898006","data":{"date":"2025-08-13 23:27:41","eid":"E45756448202508140227fC0Nx55R9Eq","amount":"200","name":"REINALDO TEIXEIRA BRAGA","cpf":"59321890297","bankname":"null","payBank":"","payCpf":"","pixkey":"59321890297","account":"355286","status":"done","order":"A20250813232735914175YJn2RJUCV"},"sign":"35BE32C09B4D03565FC6E79D14900B47"}

【2025-08-18 04:01:23】
P2025081323273538455898006----提交：{"custId":"24120300001308","appId":"8241201350","order":"P2025081323273538455898006","sign":"B9ABC050B49770E6656478B6B4AB1702"}

【2025-08-18 04:01:23】
P2025081323273538455898006----返回：{"code":"000000","msg":"P2025081323273538455898006","data":{"date":"2025-08-13 23:27:41","eid":"E45756448202508140227fC0Nx55R9Eq","amount":"200","name":"REINALDO TEIXEIRA BRAGA","cpf":"59321890297","bankname":"null","payBank":"","payCpf":"","pixkey":"59321890297","account":"355286","status":"done","order":"A20250813232735914175YJn2RJUCV"},"sign":"35BE32C09B4D03565FC6E79D14900B47"}

【2025-08-18 04:40:57】
P2025081804282202102687813----提交：{"custId":"24120300001308","appId":"8241201350","order":"P2025081804282202102687813","sign":"517D96AC5DF52D79016B051F7AE86396"}

【2025-08-18 04:40:57】
P2025081804282202102687813----返回：{"code":"000000","msg":"P2025081804282202102687813","data":{"date":"2025-08-18 04:28:25","eid":"E37205447202508180728226880b901d","amount":"100","name":"Wander Geuvanei Dos Reis Machado","cpf":"85902624134","bankname":"ORBION GAMING LTDA","payBank":"","payCpf":"","pixkey":"61991706575","account":"10573521","status":"done","order":"A20250818042822351785N5TG71gJ1"},"sign":"AF9F472E16F645F99679379FCC6BFB7B"}

【2025-08-18 04:41:16】
P2025081804282202102687813----提交：{"custId":"24120300001308","appId":"8241201350","order":"P2025081804282202102687813","sign":"517D96AC5DF52D79016B051F7AE86396"}

【2025-08-18 04:41:16】
P2025081804282202102687813----返回：{"code":"000000","msg":"P2025081804282202102687813","data":{"date":"2025-08-18 04:28:25","eid":"E37205447202508180728226880b901d","amount":"100","name":"Wander Geuvanei Dos Reis Machado","cpf":"85902624134","bankname":"ORBION GAMING LTDA","payBank":"","payCpf":"","pixkey":"61991706575","account":"10573521","status":"done","order":"A20250818042822351785N5TG71gJ1"},"sign":"AF9F472E16F645F99679379FCC6BFB7B"}

