【2025-08-18 01:03:01】
P2025081800575889478518362----提交：{"custId":"24120300001308","appId":"8241201350","order":"P2025081800575889478518362","sign":"4D6D6601F0E706A98EB814D730346C61"}

【2025-08-18 01:03:01】
P2025081800575889478518362----返回：{"code":"000000","msg":"P2025081800575889478518362","data":{"date":"2025-08-18 00:58:04","eid":"E45756448202508180357Eahz8aERiku","amount":"50","name":"VALDELICE DA CRUZ EVANGELISTA","cpf":"2901605532","bankname":"null","payBank":"","payCpf":"","pixkey":"02901605532","account":"12880000007986031981","status":"done","order":"A202508180057584772588TULaMLtw"},"sign":"6324DAC184262086007EC356534C41C8"}

【2025-08-18 01:03:10】
P2025081800575889478518362----提交：{"custId":"24120300001308","appId":"8241201350","order":"P2025081800575889478518362","sign":"4D6D6601F0E706A98EB814D730346C61"}

【2025-08-18 01:03:10】
P2025081800575889478518362----返回：{"code":"000000","msg":"P2025081800575889478518362","data":{"date":"2025-08-18 00:58:04","eid":"E45756448202508180357Eahz8aERiku","amount":"50","name":"VALDELICE DA CRUZ EVANGELISTA","cpf":"2901605532","bankname":"null","payBank":"","payCpf":"","pixkey":"02901605532","account":"12880000007986031981","status":"done","order":"A202508180057584772588TULaMLtw"},"sign":"6324DAC184262086007EC356534C41C8"}

【2025-08-18 01:04:39】
P2025081723483885318092541----提交：{"custId":"24120300001308","appId":"8241201350","order":"P2025081723483885318092541","sign":"AF42E98D177DF386540A7B1F1DDAE3C8"}

【2025-08-18 01:04:39】
P2025081723483885318092541----返回：{"code":"000000","msg":"P2025081723483885318092541","data":{"date":"2025-08-17 23:48:44","eid":"E4575644820250818024802KgTdorsUw","amount":"80","name":"Santiago de Sousa Batista","cpf":"36017712845","bankname":"null","payBank":"","payCpf":"","pixkey":"36017712845","account":"495413852","status":"done","order":"A202508172348392541406CDdC3VhS"},"sign":"164A9A5CB47FDB4FD587316E4E12C669"}

【2025-08-18 01:44:28】
P2025081623283697716799313----提交：{"custId":"24120300001308","appId":"8241201350","order":"P2025081623283697716799313","sign":"D539FB3C47ED4B819C37DC2EE1779543"}

【2025-08-18 01:44:28】
P2025081623283697716799313----返回：{"code":"000000","msg":"P2025081623283697716799313","data":{"date":"2025-08-16 23:28:39","eid":"E372054472025081702283669002b978","amount":"80","name":"Alesandra Braga de Almeida","cpf":"03850812278","bankname":"ORBION GAMING LTDA","payBank":"","payCpf":"","pixkey":"41998831526","account":"08561701","status":"done","order":"A20250816232836987445xYPj73ln8"},"sign":"DEDDEFB6A0C900213B9D51CC485AFC83"}

【2025-08-18 01:44:31】
P2025081623283697716799313----提交：{"custId":"24120300001308","appId":"8241201350","order":"P2025081623283697716799313","sign":"D539FB3C47ED4B819C37DC2EE1779543"}

【2025-08-18 01:44:31】
P2025081623283697716799313----返回：{"code":"000000","msg":"P2025081623283697716799313","data":{"date":"2025-08-16 23:28:39","eid":"E372054472025081702283669002b978","amount":"80","name":"Alesandra Braga de Almeida","cpf":"03850812278","bankname":"ORBION GAMING LTDA","payBank":"","payCpf":"","pixkey":"41998831526","account":"08561701","status":"done","order":"A20250816232836987445xYPj73ln8"},"sign":"DEDDEFB6A0C900213B9D51CC485AFC83"}

【2025-08-18 01:54:34】
P2025081801305791457083251----提交：{"custId":"24120300001308","appId":"8241201350","order":"P2025081801305791457083251","sign":"95F569545345120F0E6951A1F82E87DA"}

【2025-08-18 01:54:34】
P2025081801305791457083251----返回：{"code":"000000","msg":"P2025081801305791457083251","data":{"date":"2025-08-18 01:35:07","eid":"E45756448202508180435PM6J7mZ8y0q","amount":"100","name":"JECIANE PEREIRA SILVA","cpf":"62991414332","bankname":"null","payBank":"","payCpf":"","pixkey":"+5562981818400","account":"270012877","status":"done","order":"A20250818013501677503mBilRQCFe"},"sign":"1ED85AE460F1142E6E520EBAB1845828"}

【2025-08-18 01:56:33】
P2025081801305791457083251----提交：{"custId":"24120300001308","appId":"8241201350","order":"P2025081801305791457083251","sign":"95F569545345120F0E6951A1F82E87DA"}

【2025-08-18 01:56:33】
P2025081801305791457083251----返回：{"code":"000000","msg":"P2025081801305791457083251","data":{"date":"2025-08-18 01:35:07","eid":"E45756448202508180435PM6J7mZ8y0q","amount":"100","name":"JECIANE PEREIRA SILVA","cpf":"62991414332","bankname":"null","payBank":"","payCpf":"","pixkey":"+5562981818400","account":"270012877","status":"done","order":"A20250818013501677503mBilRQCFe"},"sign":"1ED85AE460F1142E6E520EBAB1845828"}

【2025-08-18 01:58:16】
P2025081801263391193272224----提交：{"custId":"24120300001308","appId":"8241201350","order":"P2025081801263391193272224","sign":"2860738DC5E44F7944F1CD5475CE1D23"}

【2025-08-18 01:58:16】
P2025081801263391193272224----返回：{"code":"000000","msg":"P2025081801263391193272224","data":{"date":"2025-08-18 01:57:41","eid":"E45756448202508180457bill1cU0fUC","amount":"2000","name":"Ingrid Laís Pereira Vicente Ramos","cpf":"47627929857","bankname":"null","payBank":"","payCpf":"","pixkey":"ingridlais_lucas12@hotmail.com","account":"748953397","status":"done","order":"A2025081801573620360858z5UvrIu"},"sign":"79B4046A88D7A774CFE727FF9ECC1133"}

