【2025-08-18 18:00:22】
P2025081814080936889162525----提交：{"custId":"24120300001308","appId":"8241201350","order":"P2025081814080936889162525","sign":"B5FD6E49AB0B0239A3C45FC87FFF6672"}

【2025-08-18 18:00:22】
P2025081814080936889162525----返回：{"code":"000000","msg":"P2025081814080936889162525","data":{"date":"2025-08-18 14:08:13","eid":"E45756448202508181708PpiJaipOs06","amount":"100","name":"Maria Aparecida dos Santos","cpf":"70619905115","bankname":"null","payBank":"","payCpf":"","pixkey":"70619905115","account":"797318663","status":"done","order":"A20250818140809504881GkVpZaEhI"},"sign":"B11ABC1AEF3533DBE2D48F9DB929B94F"}

【2025-08-18 18:00:25】
P2025081814080936889162525----提交：{"custId":"24120300001308","appId":"8241201350","order":"P2025081814080936889162525","sign":"B5FD6E49AB0B0239A3C45FC87FFF6672"}

【2025-08-18 18:00:25】
P2025081814080936889162525----返回：{"code":"000000","msg":"P2025081814080936889162525","data":{"date":"2025-08-18 14:08:13","eid":"E45756448202508181708PpiJaipOs06","amount":"100","name":"Maria Aparecida dos Santos","cpf":"70619905115","bankname":"null","payBank":"","payCpf":"","pixkey":"70619905115","account":"797318663","status":"done","order":"A20250818140809504881GkVpZaEhI"},"sign":"B11ABC1AEF3533DBE2D48F9DB929B94F"}

【2025-08-18 18:03:17】
P2025081812152030120933500----提交：{"custId":"24120300001308","appId":"8241201350","order":"P2025081812152030120933500","sign":"1C86096B1F5C2C5D1E02C5A5A3C27044"}

【2025-08-18 18:03:18】
P2025081812152030120933500----返回：{"code":"000000","msg":"P2025081812152030120933500","data":{"date":"2025-08-18 12:15:24","eid":"E45756448202508181515rdc4kDCDUiU","amount":"300","name":"VANIR LAZARO PATRICIO","cpf":"53003454153","bankname":"null","payBank":"","payCpf":"","pixkey":"64992888078","account":"618546367","status":"done","order":"A20250818121521191367BYVMA1jUK"},"sign":"C3F93C79B103D8EEFC0FE36D95B23276"}

【2025-08-18 18:33:21】
P2025081814080936889162525----提交：{"custId":"24120300001308","appId":"8241201350","order":"P2025081814080936889162525","sign":"B5FD6E49AB0B0239A3C45FC87FFF6672"}

【2025-08-18 18:33:21】
P2025081814080936889162525----返回：{"code":"000000","msg":"P2025081814080936889162525","data":{"date":"2025-08-18 14:08:13","eid":"E45756448202508181708PpiJaipOs06","amount":"100","name":"Maria Aparecida dos Santos","cpf":"70619905115","bankname":"null","payBank":"","payCpf":"","pixkey":"70619905115","account":"797318663","status":"done","order":"A20250818140809504881GkVpZaEhI"},"sign":"B11ABC1AEF3533DBE2D48F9DB929B94F"}

【2025-08-18 18:39:48】
P2025081710025135771462259----提交：{"custId":"24120300001308","appId":"8241201350","order":"P2025081710025135771462259","sign":"E57D662A5609FC9077642FBB642559B2"}

【2025-08-18 18:39:48】
P2025081710025135771462259----返回：{"code":"000000","msg":"P2025081710025135771462259","data":{"date":"2025-08-17 10:02:55","eid":"E372054472025081713025228744b996","amount":"50","name":"MARCOS PEREIRA FERNANDES","cpf":"70245016180","bankname":"ORBION GAMING LTDA","payBank":"","payCpf":"","pixkey":"70245016180","account":"00360305","status":"done","order":"A20250817100251138716AXqaVLAKf"},"sign":"5E6A09DC8294A46F96A28742062A519E"}

【2025-08-18 18:39:51】
P2025081710025135771462259----提交：{"custId":"24120300001308","appId":"8241201350","order":"P2025081710025135771462259","sign":"E57D662A5609FC9077642FBB642559B2"}

【2025-08-18 18:39:51】
P2025081710025135771462259----返回：{"code":"000000","msg":"P2025081710025135771462259","data":{"date":"2025-08-17 10:02:55","eid":"E372054472025081713025228744b996","amount":"50","name":"MARCOS PEREIRA FERNANDES","cpf":"70245016180","bankname":"ORBION GAMING LTDA","payBank":"","payCpf":"","pixkey":"70245016180","account":"00360305","status":"done","order":"A20250817100251138716AXqaVLAKf"},"sign":"5E6A09DC8294A46F96A28742062A519E"}

【2025-08-18 18:45:00】
P2025081817365749417187327----提交：{"custId":"24120300001308","appId":"8241201350","order":"P2025081817365749417187327","sign":"025801311DCB1E9BE2DD8F46411CE0CB"}

【2025-08-18 18:45:00】
P2025081817365749417187327----返回：{"code":"000000","msg":"P2025081817365749417187327","data":{"date":"2025-08-18 17:37:01","eid":"E4575644820250818203622M8fl8JBkK","amount":"40","name":"Jabson Murilo Ferreira Galindo","cpf":"7175102470","bankname":"null","payBank":"","payCpf":"","pixkey":"81999628675","account":"534253303","status":"done","order":"A20250818173658882909f7bKdNWdz"},"sign":"3538B343547295C955C225A781E18419"}

【2025-08-18 18:45:40】
P2025081817365749417187327----提交：{"custId":"24120300001308","appId":"8241201350","order":"P2025081817365749417187327","sign":"025801311DCB1E9BE2DD8F46411CE0CB"}

【2025-08-18 18:45:40】
P2025081817365749417187327----返回：{"code":"000000","msg":"P2025081817365749417187327","data":{"date":"2025-08-18 17:37:01","eid":"E4575644820250818203622M8fl8JBkK","amount":"40","name":"Jabson Murilo Ferreira Galindo","cpf":"7175102470","bankname":"null","payBank":"","payCpf":"","pixkey":"81999628675","account":"534253303","status":"done","order":"A20250818173658882909f7bKdNWdz"},"sign":"3538B343547295C955C225A781E18419"}

【2025-08-18 18:46:00】
P2025081817365749417187327----提交：{"custId":"24120300001308","appId":"8241201350","order":"P2025081817365749417187327","sign":"025801311DCB1E9BE2DD8F46411CE0CB"}

【2025-08-18 18:46:00】
P2025081817365749417187327----返回：{"code":"000000","msg":"P2025081817365749417187327","data":{"date":"2025-08-18 17:37:01","eid":"E4575644820250818203622M8fl8JBkK","amount":"40","name":"Jabson Murilo Ferreira Galindo","cpf":"7175102470","bankname":"null","payBank":"","payCpf":"","pixkey":"81999628675","account":"534253303","status":"done","order":"A20250818173658882909f7bKdNWdz"},"sign":"3538B343547295C955C225A781E18419"}

【2025-08-18 18:46:01】
P2025081817365749417187327----提交：{"custId":"24120300001308","appId":"8241201350","order":"P2025081817365749417187327","sign":"025801311DCB1E9BE2DD8F46411CE0CB"}

【2025-08-18 18:46:01】
P2025081817365749417187327----返回：{"code":"000000","msg":"P2025081817365749417187327","data":{"date":"2025-08-18 17:37:01","eid":"E4575644820250818203622M8fl8JBkK","amount":"40","name":"Jabson Murilo Ferreira Galindo","cpf":"7175102470","bankname":"null","payBank":"","payCpf":"","pixkey":"81999628675","account":"534253303","status":"done","order":"A20250818173658882909f7bKdNWdz"},"sign":"3538B343547295C955C225A781E18419"}

【2025-08-18 18:50:31】
P2025081421153816938478032----提交：{"custId":"24120300001308","appId":"8241201350","order":"P2025081421153816938478032","sign":"F11F73229845BDAF986C629D1E6B5BB5"}

【2025-08-18 18:50:31】
P2025081421153816938478032----返回：{"code":"000000","msg":"P2025081421153816938478032","data":{"date":"2025-08-14 21:17:49","eid":"E37205447202508150015392189902e5","amount":"20","name":"MAURICIO S G D NASCIMENTO","cpf":"36312058808","bankname":"ORBION GAMING LTDA","payBank":"","payCpf":"","pixkey":"14997058031","account":"00416968","status":"done","order":"A20250814211538237063SnT5uTAZT"},"sign":"1B218373EE58EB645DBA6A4A2EC280E5"}

【2025-08-18 18:50:33】
P2025081421153816938478032----提交：{"custId":"24120300001308","appId":"8241201350","order":"P2025081421153816938478032","sign":"F11F73229845BDAF986C629D1E6B5BB5"}

【2025-08-18 18:50:34】
P2025081421153816938478032----返回：{"code":"000000","msg":"P2025081421153816938478032","data":{"date":"2025-08-14 21:17:49","eid":"E37205447202508150015392189902e5","amount":"20","name":"MAURICIO S G D NASCIMENTO","cpf":"36312058808","bankname":"ORBION GAMING LTDA","payBank":"","payCpf":"","pixkey":"14997058031","account":"00416968","status":"done","order":"A20250814211538237063SnT5uTAZT"},"sign":"1B218373EE58EB645DBA6A4A2EC280E5"}

