【2025-08-18 17:16:15】
P2025081803020696926695197----提交：{"custId":"24120300001308","appId":"8241201350","order":"P2025081803020696926695197","sign":"C7C6608E803266128CD131AADD7E0D04"}

【2025-08-18 17:16:16】
P2025081803020696926695197----返回：{"code":"000000","msg":"P2025081803020696926695197","data":{"date":"2025-08-18 17:15:04","eid":"E45756448202508182015JELHu0VVb0G","amount":"5000","name":"Francisco Robson Maciel","cpf":"51815761334","bankname":"null","payBank":"","payCpf":"","pixkey":"51815761334","account":"90058607000","status":"done","order":"A2025081817150104791079rm2nnVR"},"sign":"A575FA7D58D38B0630041764A718C049"}

【2025-08-18 17:24:03】
P2025081803020696926695197----提交：{"custId":"24120300001308","appId":"8241201350","order":"P2025081803020696926695197","sign":"C7C6608E803266128CD131AADD7E0D04"}

【2025-08-18 17:24:03】
P2025081803020696926695197----返回：{"code":"000000","msg":"P2025081803020696926695197","data":{"date":"2025-08-18 17:15:04","eid":"E45756448202508182015JELHu0VVb0G","amount":"5000","name":"Francisco Robson Maciel","cpf":"51815761334","bankname":"null","payBank":"","payCpf":"","pixkey":"51815761334","account":"90058607000","status":"done","order":"A2025081817150104791079rm2nnVR"},"sign":"A575FA7D58D38B0630041764A718C049"}

【2025-08-18 17:56:16】
P2025081817403549635662814----提交：{"custId":"24120300001308","appId":"8241201350","order":"P2025081817403549635662814","sign":"6414A8AA3550448F361CE72B7655CCC6"}

【2025-08-18 17:56:16】
P2025081817403549635662814----返回：{"code":"000000","msg":"P2025081817403549635662814","data":{"date":"2025-08-18 17:40:38","eid":"E45756448202508182040u07h52zmSES","amount":"15","name":"Natanael da Silva Brito","cpf":"65560981249","bankname":"null","payBank":"","payCpf":"","pixkey":"91992833163","account":"17803367758","status":"done","order":"A202508181740351856766vF9fNlPe"},"sign":"45575DB1833A728EC17F020ED1C5E026"}

【2025-08-18 17:56:19】
P2025081817403549635662814----提交：{"custId":"24120300001308","appId":"8241201350","order":"P2025081817403549635662814","sign":"6414A8AA3550448F361CE72B7655CCC6"}

【2025-08-18 17:56:19】
P2025081817403549635662814----返回：{"code":"000000","msg":"P2025081817403549635662814","data":{"date":"2025-08-18 17:40:38","eid":"E45756448202508182040u07h52zmSES","amount":"15","name":"Natanael da Silva Brito","cpf":"65560981249","bankname":"null","payBank":"","payCpf":"","pixkey":"91992833163","account":"17803367758","status":"done","order":"A202508181740351856766vF9fNlPe"},"sign":"45575DB1833A728EC17F020ED1C5E026"}

【2025-08-18 17:57:39】
P2025081815550343303413266----提交：{"custId":"24120300001308","appId":"8241201350","order":"P2025081815550343303413266","sign":"7B589E41C03F5FD3FB5E7A0545DB1B34"}

【2025-08-18 17:57:39】
P2025081815550343303413266----返回：{"code":"000000","msg":"P2025081815550343303413266","data":{"date":"2025-08-18 15:55:51","eid":"E45756448202508181855EC1l7ibcC0K","amount":"180.32","name":"Negila Silva Carlos","cpf":"50380071800","bankname":"null","payBank":"","payCpf":"","pixkey":"50380071800","account":"28266178125","status":"done","order":"A20250818155503278865JQprSwZb8"},"sign":"89A33AFEC2EA68E7B872150FA552D868"}

