【2025-08-18 08:04:24】
P2025081808023314953564561----提交：{"custId":"24120300001308","appId":"8241201350","order":"P2025081808023314953564561","sign":"AB87E84631CE477FDBF0FF4FF98186FE"}

【2025-08-18 08:04:24】
P2025081808023314953564561----返回：{"code":"000000","msg":"P2025081808023314953564561","data":{"date":"2025-08-18 08:04:05","eid":"E37205447202508181104025314ea3f3","amount":"5000","name":"Murilo Henrique Castro Barbosa","cpf":"42878510801","bankname":"ORBION GAMING LTDA","payBank":"","payCpf":"","pixkey":"16993978214","account":"20855875","status":"done","order":"A20250818080401400342BNqMbyhsA"},"sign":"96CCA0BA0A3C0AABFB42A925154109F8"}

【2025-08-18 08:09:36】
P2025081808015714917285240----提交：{"custId":"24120300001308","appId":"8241201350","order":"P2025081808015714917285240","sign":"9AD66B98E244847DF53BA3FDA7447C7B"}

【2025-08-18 08:09:37】
P2025081808015714917285240----返回：{"code":"000000","msg":"P2025081808015714917285240","data":{"date":"2025-08-18 08:02:01","eid":"E3720544720250818110157969386486","amount":"20","name":"Ana Carolina Dos Santos Dantas","cpf":"09381849544","bankname":"ORBION GAMING LTDA","payBank":"","payCpf":"","pixkey":"09381849544","account":"22896431","status":"done","order":"A20250818080157712350l1puSgfyd"},"sign":"9950B482AAA5F5DFA02A1EFBADCCEE4B"}

【2025-08-18 08:09:39】
P2025081808015714917285240----提交：{"custId":"24120300001308","appId":"8241201350","order":"P2025081808015714917285240","sign":"9AD66B98E244847DF53BA3FDA7447C7B"}

【2025-08-18 08:09:39】
P2025081808015714917285240----返回：{"code":"000000","msg":"P2025081808015714917285240","data":{"date":"2025-08-18 08:02:01","eid":"E3720544720250818110157969386486","amount":"20","name":"Ana Carolina Dos Santos Dantas","cpf":"09381849544","bankname":"ORBION GAMING LTDA","payBank":"","payCpf":"","pixkey":"09381849544","account":"22896431","status":"done","order":"A20250818080157712350l1puSgfyd"},"sign":"9950B482AAA5F5DFA02A1EFBADCCEE4B"}

【2025-08-18 08:42:25】
P2025081808142015660042382----提交：{"custId":"24120300001308","appId":"8241201350","order":"P2025081808142015660042382","sign":"2D6D1A1EE74618B156D1BB999923BAAA"}

【2025-08-18 08:42:25】
P2025081808142015660042382----返回：{"code":"000000","msg":"P2025081808142015660042382","data":{"date":"2025-08-18 08:14:23","eid":"E3720544720250818111421176605a43","amount":"60","name":"Maria Luciana Da Silva Sousa","cpf":"06303063381","bankname":"ORBION GAMING LTDA","payBank":"","payCpf":"","pixkey":"89994703659","account":"20855875","status":"done","order":"A20250818081421064159i5JPl9Pl8"},"sign":"15BA525444D1CB02042C5F37664CDE91"}

【2025-08-18 08:42:28】
P2025081808142015660042382----提交：{"custId":"24120300001308","appId":"8241201350","order":"P2025081808142015660042382","sign":"2D6D1A1EE74618B156D1BB999923BAAA"}

【2025-08-18 08:42:28】
P2025081808142015660042382----返回：{"code":"000000","msg":"P2025081808142015660042382","data":{"date":"2025-08-18 08:14:23","eid":"E3720544720250818111421176605a43","amount":"60","name":"Maria Luciana Da Silva Sousa","cpf":"06303063381","bankname":"ORBION GAMING LTDA","payBank":"","payCpf":"","pixkey":"89994703659","account":"20855875","status":"done","order":"A20250818081421064159i5JPl9Pl8"},"sign":"15BA525444D1CB02042C5F37664CDE91"}

【2025-08-18 08:42:28】
P2025081808142015660042382----提交：{"custId":"24120300001308","appId":"8241201350","order":"P2025081808142015660042382","sign":"2D6D1A1EE74618B156D1BB999923BAAA"}

【2025-08-18 08:42:29】
P2025081808142015660042382----返回：{"code":"000000","msg":"P2025081808142015660042382","data":{"date":"2025-08-18 08:14:23","eid":"E3720544720250818111421176605a43","amount":"60","name":"Maria Luciana Da Silva Sousa","cpf":"06303063381","bankname":"ORBION GAMING LTDA","payBank":"","payCpf":"","pixkey":"89994703659","account":"20855875","status":"done","order":"A20250818081421064159i5JPl9Pl8"},"sign":"15BA525444D1CB02042C5F37664CDE91"}

