【2025-08-18 22:07:22】
P2025071917031155391219035----提交：{"custId":"24120300001308","appId":"8241201350","order":"P2025071917031155391219035","sign":"6A3183C9EF0A827E0471A0D9DAACD13C"}

【2025-08-18 22:07:23】
P2025071917031155391219035----返回：{"code":"000000","msg":"P2025071917031155391219035","data":{"date":"2025-07-19 17:03:19","eid":"E3305358020250719200314129212da0","amount":"20","name":"Taiana Lopes Scheer","cpf":"03311835018","bankname":"22896431","payBank":"","payCpf":"","pixkey":"51981768564","account":"0000","status":"done","order":"A202507191703110244548dV8UMPx6"},"sign":"1AA2797BDE8673B8B58EFA6C55183B20"}

【2025-08-18 22:07:26】
P2025071917031155391219035----提交：{"custId":"24120300001308","appId":"8241201350","order":"P2025071917031155391219035","sign":"6A3183C9EF0A827E0471A0D9DAACD13C"}

【2025-08-18 22:07:27】
P2025071917031155391219035----返回：{"code":"000000","msg":"P2025071917031155391219035","data":{"date":"2025-07-19 17:03:19","eid":"E3305358020250719200314129212da0","amount":"20","name":"Taiana Lopes Scheer","cpf":"03311835018","bankname":"22896431","payBank":"","payCpf":"","pixkey":"51981768564","account":"0000","status":"done","order":"A202507191703110244548dV8UMPx6"},"sign":"1AA2797BDE8673B8B58EFA6C55183B20"}

【2025-08-18 22:10:44】
P2025081822073065650051063----提交：{"custId":"24120300001308","appId":"8241201350","order":"P2025081822073065650051063","sign":"6310FABB470364EF84495CD7BC5E06F7"}

【2025-08-18 22:10:45】
P2025081822073065650051063----返回：{"code":"000000","msg":"P2025081822073065650051063","data":{"date":"2025-08-18 22:10:23","eid":"E372054472025081901073165757303c","amount":"40","name":"Edinei Souza Cerqueira","cpf":"02376311560","bankname":"ORBION GAMING LTDA","payBank":"","payCpf":"","pixkey":"02376311560","account":"18236120","status":"done","order":"A20250818220731425906vjS3rBsTu"},"sign":"9DA67000B2CCEC49A6414FAA9C014210"}

【2025-08-18 22:10:45】
P2025081822073065650051063----提交：{"custId":"24120300001308","appId":"8241201350","order":"P2025081822073065650051063","sign":"6310FABB470364EF84495CD7BC5E06F7"}

【2025-08-18 22:10:46】
P2025081822073065650051063----返回：{"code":"000000","msg":"P2025081822073065650051063","data":{"date":"2025-08-18 22:10:23","eid":"E372054472025081901073165757303c","amount":"40","name":"Edinei Souza Cerqueira","cpf":"02376311560","bankname":"ORBION GAMING LTDA","payBank":"","payCpf":"","pixkey":"02376311560","account":"18236120","status":"done","order":"A20250818220731425906vjS3rBsTu"},"sign":"9DA67000B2CCEC49A6414FAA9C014210"}

【2025-08-18 22:11:07】
P2025081820385960339206775----提交：{"custId":"24120300001308","appId":"8241201350","order":"P2025081820385960339206775","sign":"CD855D3828BBEED16E77DEB8A4C8F992"}

【2025-08-18 22:11:08】
P2025081820385960339206775----返回：{"code":"000000","msg":"P2025081820385960339206775","data":{"date":"2025-08-18 20:39:09","eid":"E45756448202508182339vLOTUrXlnUs","amount":"20.42","name":"Reginaldo Silva de Brito","cpf":"7999512770","bankname":"null","payBank":"","payCpf":"","pixkey":"07999512770","account":"99365165","status":"done","order":"A20250818203859478427rES75vPvP"},"sign":"EA23F99115BFA4B1CB18FA8152B710A8"}

【2025-08-18 22:11:28】
P2025081820254859548529321----提交：{"custId":"24120300001308","appId":"8241201350","order":"P2025081820254859548529321","sign":"E61507751FC343AFB4315640C12CA0B5"}

【2025-08-18 22:11:28】
P2025081820254859548529321----返回：{"code":"000000","msg":"P2025081820254859548529321","data":{"date":"2025-08-18 20:25:51","eid":"E457564482025081823254tKiZetnYUu","amount":"10","name":"Maria Alves Teles do nascimento","cpf":"69347581534","bankname":"null","payBank":"","payCpf":"","pixkey":"69347581534","account":"85153757","status":"done","order":"A20250818202548887321Dz9cyG5x7"},"sign":"94A5AA16469BEFEF83F1DD40B1493527"}

【2025-08-18 22:11:36】
P2025081820254859548529321----提交：{"custId":"24120300001308","appId":"8241201350","order":"P2025081820254859548529321","sign":"E61507751FC343AFB4315640C12CA0B5"}

【2025-08-18 22:11:36】
P2025081820254859548529321----返回：{"code":"000000","msg":"P2025081820254859548529321","data":{"date":"2025-08-18 20:25:51","eid":"E457564482025081823254tKiZetnYUu","amount":"10","name":"Maria Alves Teles do nascimento","cpf":"69347581534","bankname":"null","payBank":"","payCpf":"","pixkey":"69347581534","account":"85153757","status":"done","order":"A20250818202548887321Dz9cyG5x7"},"sign":"94A5AA16469BEFEF83F1DD40B1493527"}

【2025-08-18 22:17:50】
P2025081822081465694102928----提交：{"custId":"24120300001308","appId":"8241201350","order":"P2025081822081465694102928","sign":"ACA01E758604C2882826F94B934ADE1D"}

【2025-08-18 22:17:50】
P2025081822081465694102928----返回：{"code":"000000","msg":"P2025081822081465694102928","data":{"date":"2025-08-18 22:17:20","eid":"E37205447202508190108151671cda39","amount":"900","name":"Thaylane Lima Da Cruz","cpf":"09167000541","bankname":"ORBION GAMING LTDA","payBank":"","payCpf":"","pixkey":"09167000541","account":"23862762","status":"done","order":"A20250818220814044064DhGIQCyHY"},"sign":"2A843E03BAD5B23D078E4E45E23DDAEB"}

【2025-08-18 22:17:51】
P2025081822081465694102928----提交：{"custId":"24120300001308","appId":"8241201350","order":"P2025081822081465694102928","sign":"ACA01E758604C2882826F94B934ADE1D"}

【2025-08-18 22:17:51】
P2025081822081465694102928----返回：{"code":"000000","msg":"P2025081822081465694102928","data":{"date":"2025-08-18 22:17:20","eid":"E37205447202508190108151671cda39","amount":"900","name":"Thaylane Lima Da Cruz","cpf":"09167000541","bankname":"ORBION GAMING LTDA","payBank":"","payCpf":"","pixkey":"09167000541","account":"23862762","status":"done","order":"A20250818220814044064DhGIQCyHY"},"sign":"2A843E03BAD5B23D078E4E45E23DDAEB"}

【2025-08-18 22:23:42】
P2025081720593975179948581----提交：{"custId":"24120300001308","appId":"8241201350","order":"P2025081720593975179948581","sign":"E8B367B95FDD87D3E158DD15187A75D2"}

【2025-08-18 22:23:42】
P2025081720593975179948581----返回：{"code":"000000","msg":"P2025081720593975179948581","data":{"date":"2025-08-17 20:59:42","eid":"E372054472025081723593996923ca55","amount":"270","name":"LUAN ALMEIDA LOBATO                     ","cpf":"02056162245","bankname":"ORBION GAMING LTDA","payBank":"","payCpf":"","pixkey":"02056162245","account":"60746948","status":"done","order":"A20250817205939028147CBDDpY9ic"},"sign":"173ACA97D8F6A230AB3816A7B8DC5567"}

【2025-08-18 22:35:54】
P2025081820014258102528986----提交：{"custId":"24120300001308","appId":"8241201350","order":"P2025081820014258102528986","sign":"D6C6D3E6B05C8E3E4FA487416B10E7F9"}

【2025-08-18 22:35:54】
P2025081820014258102528986----返回：{"code":"000000","msg":"P2025081820014258102528986","data":{"date":"2025-08-18 20:02:26","eid":"E45756448202508182302m5BB7UnDp0y","amount":"400","name":"KELI CRISTINA DA SILVA MOREIRA","cpf":"235961124","bankname":"null","payBank":"","payCpf":"","pixkey":"00235961124","account":"308303155","status":"done","order":"A20250818200143670085GaPj8DTMq"},"sign":"D960B29A7E9821709F7F6EAAE7944327"}

【2025-08-18 22:37:19】
P2025081820390960349879578----提交：{"custId":"24120300001308","appId":"8241201350","order":"P2025081820390960349879578","sign":"7E4F7B7ADEE2C28D6CD94B375FD35B2A"}

【2025-08-18 22:37:20】
P2025081820390960349879578----返回：{"code":"000000","msg":"P2025081820390960349879578","data":{"date":"2025-08-18 20:39:15","eid":"E457564482025081823393QGbt4OTmkD","amount":"50","name":"vera Lucia Alves","cpf":"86531166649","bankname":"null","payBank":"","payCpf":"","pixkey":"86531166649","account":"404798472","status":"done","order":"A20250818203909591483cmPiywqsI"},"sign":"BD736C93E6110E34CE5FCF53FC2F1581"}

【2025-08-18 22:37:21】
P2025081820390960349879578----提交：{"custId":"24120300001308","appId":"8241201350","order":"P2025081820390960349879578","sign":"7E4F7B7ADEE2C28D6CD94B375FD35B2A"}

【2025-08-18 22:37:21】
P2025081820390960349879578----返回：{"code":"000000","msg":"P2025081820390960349879578","data":{"date":"2025-08-18 20:39:15","eid":"E457564482025081823393QGbt4OTmkD","amount":"50","name":"vera Lucia Alves","cpf":"86531166649","bankname":"null","payBank":"","payCpf":"","pixkey":"86531166649","account":"404798472","status":"done","order":"A20250818203909591483cmPiywqsI"},"sign":"BD736C93E6110E34CE5FCF53FC2F1581"}

【2025-08-18 22:43:24】
P2025081822050165501192075----提交：{"custId":"24120300001308","appId":"8241201350","order":"P2025081822050165501192075","sign":"5F2D34133C68856FD5AD73D69A6B90DA"}

【2025-08-18 22:43:24】
P2025081822050165501192075----返回：{"code":"000000","msg":"P2025081822050165501192075","data":{"date":"2025-08-18 22:07:53","eid":"E37205447202508190105075731a3008","amount":"400","name":"JOEL PEREIRA GONCALVES","cpf":"60045174377","bankname":"ORBION GAMING LTDA","payBank":"","payCpf":"","pixkey":"60045174377","account":"00416968","status":"done","order":"A20250818220502006743DcjGjNHep"},"sign":"BC50FA7560161531BB7187C25A52C4FE"}

【2025-08-18 22:43:25】
P2025081822050165501192075----提交：{"custId":"24120300001308","appId":"8241201350","order":"P2025081822050165501192075","sign":"5F2D34133C68856FD5AD73D69A6B90DA"}

【2025-08-18 22:43:25】
P2025081822050165501192075----返回：{"code":"000000","msg":"P2025081822050165501192075","data":{"date":"2025-08-18 22:07:53","eid":"E37205447202508190105075731a3008","amount":"400","name":"JOEL PEREIRA GONCALVES","cpf":"60045174377","bankname":"ORBION GAMING LTDA","payBank":"","payCpf":"","pixkey":"60045174377","account":"00416968","status":"done","order":"A20250818220502006743DcjGjNHep"},"sign":"BC50FA7560161531BB7187C25A52C4FE"}

【2025-08-18 22:46:14】
P2025081821124662366349380----提交：{"custId":"24120300001308","appId":"8241201350","order":"P2025081821124662366349380","sign":"2F4305827E465D70F5146B8C6E7108E1"}

【2025-08-18 22:46:15】
P2025081821124662366349380----返回：{"code":"000000","msg":"P2025081821124662366349380","data":{"date":"2025-08-18 21:13:10","eid":"E3720544720250819001304542c202f6","amount":"50","name":"Rosimar Havriluk","cpf":"07144424963","bankname":"ORBION GAMING LTDA","payBank":"","payCpf":"","pixkey":"07144424963","account":"22896431","status":"done","order":"A20250818211248826454BI5e7cjLf"},"sign":"468B7AAFEB0BE1F8D032FE8B99376C58"}

【2025-08-18 22:46:16】
P2025081821124662366349380----提交：{"custId":"24120300001308","appId":"8241201350","order":"P2025081821124662366349380","sign":"2F4305827E465D70F5146B8C6E7108E1"}

【2025-08-18 22:46:16】
P2025081821124662366349380----返回：{"code":"000000","msg":"P2025081821124662366349380","data":{"date":"2025-08-18 21:13:10","eid":"E3720544720250819001304542c202f6","amount":"50","name":"Rosimar Havriluk","cpf":"07144424963","bankname":"ORBION GAMING LTDA","payBank":"","payCpf":"","pixkey":"07144424963","account":"22896431","status":"done","order":"A20250818211248826454BI5e7cjLf"},"sign":"468B7AAFEB0BE1F8D032FE8B99376C58"}

【2025-08-18 22:55:17】
P2025081820354860148156985----提交：{"custId":"24120300001308","appId":"8241201350","order":"P2025081820354860148156985","sign":"A047C43C6B594FC4A2302EF7106DB7DA"}

【2025-08-18 22:55:17】
P2025081820354860148156985----返回：{"code":"000000","msg":"P2025081820354860148156985","data":{"date":"2025-08-18 20:35:55","eid":"E45756448202508182335lOuiZwt0RUa","amount":"500","name":"Edna de Jesus dos Santos","cpf":"7599063510","bankname":"null","payBank":"","payCpf":"","pixkey":"07599063510","account":"390184984","status":"done","order":"A20250818203549003794T5wyzVCTa"},"sign":"F48301FD3AB334E3D584F144DD4DD63D"}

【2025-08-18 22:57:02】
P2025081819485357333127446----提交：{"custId":"24120300001308","appId":"8241201350","order":"P2025081819485357333127446","sign":"CB6ADCB244461BC0BF86D219888E2C3C"}

【2025-08-18 22:57:02】
P2025081819485357333127446----返回：{"code":"000000","msg":"P2025081819485357333127446","data":{"date":"2025-08-18 19:49:57","eid":"E45756448202508182249Z9fg3v2lUCH","amount":"50","name":"LAERCIO CARVALHO DE ARAUJO","cpf":"32155084862","bankname":"null","payBank":"","payCpf":"","pixkey":"32155084862","account":"166134254","status":"done","order":"A20250818194853477919P1r85ntmP"},"sign":"8C25D606D859B732F5F4B563653D3401"}

【2025-08-18 22:57:05】
P2025081819485357333127446----提交：{"custId":"24120300001308","appId":"8241201350","order":"P2025081819485357333127446","sign":"CB6ADCB244461BC0BF86D219888E2C3C"}

【2025-08-18 22:57:05】
P2025081819485357333127446----返回：{"code":"000000","msg":"P2025081819485357333127446","data":{"date":"2025-08-18 19:49:57","eid":"E45756448202508182249Z9fg3v2lUCH","amount":"50","name":"LAERCIO CARVALHO DE ARAUJO","cpf":"32155084862","bankname":"null","payBank":"","payCpf":"","pixkey":"32155084862","account":"166134254","status":"done","order":"A20250818194853477919P1r85ntmP"},"sign":"8C25D606D859B732F5F4B563653D3401"}

【2025-08-18 22:59:12】
P2025081710025135771462259----提交：{"custId":"24120300001308","appId":"8241201350","order":"P2025081710025135771462259","sign":"E57D662A5609FC9077642FBB642559B2"}

【2025-08-18 22:59:12】
P2025081710025135771462259----返回：{"code":"000000","msg":"P2025081710025135771462259","data":{"date":"2025-08-17 10:02:55","eid":"E372054472025081713025228744b996","amount":"50","name":"MARCOS PEREIRA FERNANDES","cpf":"70245016180","bankname":"ORBION GAMING LTDA","payBank":"","payCpf":"","pixkey":"70245016180","account":"00360305","status":"done","order":"A20250817100251138716AXqaVLAKf"},"sign":"5E6A09DC8294A46F96A28742062A519E"}

