【2025-08-18 11:16:57】
P2025081800505689056139715----提交：{"custId":"24120300001308","appId":"8241201350","order":"P2025081800505689056139715","sign":"1DCF9027FB00F540EE397FC01B89E150"}

【2025-08-18 11:16:58】
P2025081800505689056139715----返回：{"code":"000000","msg":"P2025081800505689056139715","data":{"date":"2025-08-18 00:51:02","eid":"E45756448202508180350I6b3wYZ1mUS","amount":"25","name":"ROSILDA RIBEIRO DOS SANTOS","cpf":"35736135272","bankname":"null","payBank":"","payCpf":"","pixkey":"35736135272","account":"12880000007865560533","status":"done","order":"A202508180050568142719qe52P3I4"},"sign":"C16587FE3A4633D55BDEEDFD265F2396"}

【2025-08-18 11:16:59】
P2025081800505689056139715----提交：{"custId":"24120300001308","appId":"8241201350","order":"P2025081800505689056139715","sign":"1DCF9027FB00F540EE397FC01B89E150"}

【2025-08-18 11:17:00】
P2025081800505689056139715----返回：{"code":"000000","msg":"P2025081800505689056139715","data":{"date":"2025-08-18 00:51:02","eid":"E45756448202508180350I6b3wYZ1mUS","amount":"25","name":"ROSILDA RIBEIRO DOS SANTOS","cpf":"35736135272","bankname":"null","payBank":"","payCpf":"","pixkey":"35736135272","account":"12880000007865560533","status":"done","order":"A202508180050568142719qe52P3I4"},"sign":"C16587FE3A4633D55BDEEDFD265F2396"}

【2025-08-18 11:19:40】
P2025081811032225802688554----提交：{"custId":"24120300001308","appId":"8241201350","order":"P2025081811032225802688554","sign":"573C4E8555208DDAA9C5F811FB3913AE"}

【2025-08-18 11:19:41】
P2025081811032225802688554----返回：{"code":"000000","msg":"P2025081811032225802688554","data":{"date":"2025-08-18 11:18:41","eid":"E45756448202508181418k5rJMkwalEK","amount":"20","name":"MARIA ELIANE RODRIGUES VIANA","cpf":"73427403300","bankname":"null","payBank":"","payCpf":"","pixkey":"73427403300","account":"14101033","status":"done","order":"A20250818111838421750u9EFySItR"},"sign":"9201C56E42DB5A49C4DF3EAEBF76E6A2"}

【2025-08-18 11:42:13】
P2025081715351155711601057----提交：{"custId":"24120300001308","appId":"8241201350","order":"P2025081715351155711601057","sign":"0CB5482DD046680D4C831F6CC07B8AC7"}

【2025-08-18 11:42:13】
P2025081715351155711601057----返回：{"code":"000000","msg":"P2025081715351155711601057","data":{"date":"2025-08-17 15:35:15","eid":"E3720544720250817183511810d6d544","amount":"50","name":"Pedro Henrique da Silva Pinheiro","cpf":"14723173609","bankname":"ORBION GAMING LTDA","payBank":"","payCpf":"","pixkey":"33999183635","account":"18236120","status":"done","order":"A20250817153511226801IdAfT8BvQ"},"sign":"8DA1CE9CD1051D9B3C2709037BE3ED7B"}

【2025-08-18 11:43:10】
P2025081811173726657025235----提交：{"custId":"24120300001308","appId":"8241201350","order":"P2025081811173726657025235","sign":"1DB23927FA8015B37727A2A36DC2ED85"}

【2025-08-18 11:43:10】
P2025081811173726657025235----返回：{"code":"000000","msg":"P2025081811173726657025235","data":{"date":"2025-08-18 11:17:40","eid":"E457564482025081814171O5IqdWHDUy","amount":"100","name":"João França Souza","cpf":"19155557287","bankname":"null","payBank":"","payCpf":"","pixkey":"69992635607","account":"827939698","status":"done","order":"A20250818111738132916MPz8k1mhC"},"sign":"DC58BCD962C71E0C929A514D4CEA5BE3"}

【2025-08-18 11:43:21】
P2025081811173726657025235----提交：{"custId":"24120300001308","appId":"8241201350","order":"P2025081811173726657025235","sign":"1DB23927FA8015B37727A2A36DC2ED85"}

【2025-08-18 11:43:21】
P2025081811173726657025235----返回：{"code":"000000","msg":"P2025081811173726657025235","data":{"date":"2025-08-18 11:17:40","eid":"E457564482025081814171O5IqdWHDUy","amount":"100","name":"João França Souza","cpf":"19155557287","bankname":"null","payBank":"","payCpf":"","pixkey":"69992635607","account":"827939698","status":"done","order":"A20250818111738132916MPz8k1mhC"},"sign":"DC58BCD962C71E0C929A514D4CEA5BE3"}

【2025-08-18 11:44:27】
P2025081715351155711601057----提交：{"custId":"24120300001308","appId":"8241201350","order":"P2025081715351155711601057","sign":"0CB5482DD046680D4C831F6CC07B8AC7"}

【2025-08-18 11:44:27】
P2025081715351155711601057----返回：{"code":"000000","msg":"P2025081715351155711601057","data":{"date":"2025-08-17 15:35:15","eid":"E3720544720250817183511810d6d544","amount":"50","name":"Pedro Henrique da Silva Pinheiro","cpf":"14723173609","bankname":"ORBION GAMING LTDA","payBank":"","payCpf":"","pixkey":"33999183635","account":"18236120","status":"done","order":"A20250817153511226801IdAfT8BvQ"},"sign":"8DA1CE9CD1051D9B3C2709037BE3ED7B"}

【2025-08-18 11:44:54】
P2025081811173726657025235----提交：{"custId":"24120300001308","appId":"8241201350","order":"P2025081811173726657025235","sign":"1DB23927FA8015B37727A2A36DC2ED85"}

【2025-08-18 11:44:54】
P2025081811173726657025235----返回：{"code":"000000","msg":"P2025081811173726657025235","data":{"date":"2025-08-18 11:17:40","eid":"E457564482025081814171O5IqdWHDUy","amount":"100","name":"João França Souza","cpf":"19155557287","bankname":"null","payBank":"","payCpf":"","pixkey":"69992635607","account":"827939698","status":"done","order":"A20250818111738132916MPz8k1mhC"},"sign":"DC58BCD962C71E0C929A514D4CEA5BE3"}

【2025-08-18 11:57:05】
P2025081811521428734807167----提交：{"custId":"24120300001308","appId":"8241201350","order":"P2025081811521428734807167","sign":"96F06358A969A91B84095A5899C13C68"}

【2025-08-18 11:57:06】
P2025081811521428734807167----返回：{"code":"000000","msg":"P2025081811521428734807167","data":{"date":"2025-08-18 11:52:16","eid":"E45756448202508181452ohgUnijgUGh","amount":"100","name":"MARCIO ROGERIO NANCLAREZ","cpf":"25362320858","bankname":"null","payBank":"","payCpf":"","pixkey":"25362320858","account":"12880000007739966798","status":"done","order":"A202508181152149551771Y9Pbsecb"},"sign":"F8B689CB1A340B874EB6B1CD79020D38"}

【2025-08-18 11:57:10】
P2025081811521428734807167----提交：{"custId":"24120300001308","appId":"8241201350","order":"P2025081811521428734807167","sign":"96F06358A969A91B84095A5899C13C68"}

【2025-08-18 11:57:11】
P2025081811521428734807167----返回：{"code":"000000","msg":"P2025081811521428734807167","data":{"date":"2025-08-18 11:52:16","eid":"E45756448202508181452ohgUnijgUGh","amount":"100","name":"MARCIO ROGERIO NANCLAREZ","cpf":"25362320858","bankname":"null","payBank":"","payCpf":"","pixkey":"25362320858","account":"12880000007739966798","status":"done","order":"A202508181152149551771Y9Pbsecb"},"sign":"F8B689CB1A340B874EB6B1CD79020D38"}

