【2025-08-16 21:13:19】
P2025081619474384463651216----提交：{"custId":"24120300001308","appId":"8241201350","order":"P2025081619474384463651216","sign":"5D3CB57B34E7C41634451DE09F5387B5"}

【2025-08-16 21:13:19】
P2025081619474384463651216----返回：{"code":"000000","msg":"P2025081619474384463651216","data":{"date":"2025-08-16 19:47:49","eid":"E45756448202508162247V1wc3PYjd0S","amount":"20","name":"Jeremias Aparecido de Lima","cpf":"41215387814","bankname":"null","payBank":"","payCpf":"","pixkey":"19989147810","account":"1885785331","status":"done","order":"A20250816194743643572vuspyMhrg"},"sign":"906FB1549CE5FD8C5A2BB100578FB95A"}

【2025-08-16 21:13:28】
P2025081619474384463651216----提交：{"custId":"24120300001308","appId":"8241201350","order":"P2025081619474384463651216","sign":"5D3CB57B34E7C41634451DE09F5387B5"}

【2025-08-16 21:13:29】
P2025081619474384463651216----返回：{"code":"000000","msg":"P2025081619474384463651216","data":{"date":"2025-08-16 19:47:49","eid":"E45756448202508162247V1wc3PYjd0S","amount":"20","name":"Jeremias Aparecido de Lima","cpf":"41215387814","bankname":"null","payBank":"","payCpf":"","pixkey":"19989147810","account":"1885785331","status":"done","order":"A20250816194743643572vuspyMhrg"},"sign":"906FB1549CE5FD8C5A2BB100578FB95A"}

【2025-08-16 21:35:42】
P2025081608265743617932940----提交：{"custId":"24120300001308","appId":"8241201350","order":"P2025081608265743617932940","sign":"03027E1E14AF37381D945B2F034518BF"}

【2025-08-16 21:35:43】
P2025081608265743617932940----返回：{"code":"000000","msg":"P2025081608265743617932940","data":{"date":"2025-08-16 08:27:00","eid":"E372054472025081611265756824883d","amount":"20","name":"Willian Vicente Costa","cpf":"11519977735","bankname":"ORBION GAMING LTDA","payBank":"","payCpf":"","pixkey":"11519977735","account":"22896431","status":"done","order":"A20250816082657595276e8hm5tELW"},"sign":"6489173B6C5B179FD2F6B02835FFD39D"}

【2025-08-16 21:36:06】
P2025081608265743617932940----提交：{"custId":"24120300001308","appId":"8241201350","order":"P2025081608265743617932940","sign":"03027E1E14AF37381D945B2F034518BF"}

【2025-08-16 21:36:07】
P2025081608265743617932940----返回：{"code":"000000","msg":"P2025081608265743617932940","data":{"date":"2025-08-16 08:27:00","eid":"E372054472025081611265756824883d","amount":"20","name":"Willian Vicente Costa","cpf":"11519977735","bankname":"ORBION GAMING LTDA","payBank":"","payCpf":"","pixkey":"11519977735","account":"22896431","status":"done","order":"A20250816082657595276e8hm5tELW"},"sign":"6489173B6C5B179FD2F6B02835FFD39D"}

【2025-08-16 21:38:36】
P2025081117514845508857278----提交：{"custId":"24120300001308","appId":"8241201350","order":"P2025081117514845508857278","sign":"23B4AA823E27EF66A182472325E7C880"}

【2025-08-16 21:38:36】
P2025081117514845508857278----返回：{"code":"000000","msg":"P2025081117514845508857278","data":{"date":"2025-08-11 17:53:15","eid":"E37205447202508112053112214595a5","amount":"24000","name":"EDJA MARIA DE OLIVEIRA BARROS","cpf":"03434181423","bankname":"ORBION GAMING LTDA","payBank":"","payCpf":"","pixkey":"03434181423","account":"60701190","status":"done","order":"A20250811175301947700ZY6uGlz7P"},"sign":"BC126215390F53D410CA55C7EFE155D6"}

