【2025-08-16 13:07:08】
P2025081301003557635716984----提交：{"custId":"24120300001308","appId":"8241201350","order":"P2025081301003557635716984","sign":"B5C09A69B439A15974B02A7448965AFE"}

【2025-08-16 13:07:09】
P2025081301003557635716984----返回：{"code":"000000","msg":"P2025081301003557635716984","data":{"date":"2025-08-13 01:00:37","eid":"E3720544720250813040035636b30379","amount":"10","name":"Yngrid Giovanna Souza da Silva","cpf":"61625269331","bankname":"ORBION GAMING LTDA","payBank":"","payCpf":"","pixkey":"62983437082","account":"18236120","status":"done","order":"A20250813010035745736QAbEk8jBq"},"sign":"52CA772673E412FFCB723673367D38CB"}

【2025-08-16 13:07:16】
P2025081301003557635716984----提交：{"custId":"24120300001308","appId":"8241201350","order":"P2025081301003557635716984","sign":"B5C09A69B439A15974B02A7448965AFE"}

【2025-08-16 13:07:16】
P2025081301003557635716984----返回：{"code":"000000","msg":"P2025081301003557635716984","data":{"date":"2025-08-13 01:00:37","eid":"E3720544720250813040035636b30379","amount":"10","name":"Yngrid Giovanna Souza da Silva","cpf":"61625269331","bankname":"ORBION GAMING LTDA","payBank":"","payCpf":"","pixkey":"62983437082","account":"18236120","status":"done","order":"A20250813010035745736QAbEk8jBq"},"sign":"52CA772673E412FFCB723673367D38CB"}

【2025-08-16 13:08:48】
P2025081613082460504277972----提交：{"custId":"24120300001308","appId":"8241201350","order":"P2025081613082460504277972","sign":"60E5672FA5E90F5551C7181EE77AD14A"}

【2025-08-16 13:08:49】
P2025081613082460504277972----返回：{"code":"000000","msg":"P2025081613082460504277972","data":{"date":"2025-08-16 13:08:30","eid":"E45756448202508161608NXKDgm7HUYm","amount":"200","name":"Paulo Henrique de Lima Maceno","cpf":"2636340351","bankname":"null","payBank":"","payCpf":"","pixkey":"02636340351","account":"90286542191","status":"done","order":"A20250816130824291369lQaahHa1r"},"sign":"D44F3C8DFB38583D1E131D1B24B76D4C"}

【2025-08-16 13:42:26】
P2025081612280358083563395----提交：{"custId":"24120300001308","appId":"8241201350","order":"P2025081612280358083563395","sign":"C0799B1BB86755BB63EDC0ACEA7FE389"}

【2025-08-16 13:42:26】
P2025081612280358083563395----返回：{"code":"000000","msg":"P2025081612280358083563395","data":{"date":"2025-08-16 12:28:08","eid":"E45756448202508161528xMVfmbkFEGU","amount":"30","name":"ROBINSON FLAUSINO","cpf":"4729157621","bankname":"null","payBank":"","payCpf":"","pixkey":"35999611989","account":"4728335","status":"done","order":"A20250816122803871585tfFvqgRKK"},"sign":"BDAA7537DDF68FA8E820BF4F81DF6CCB"}

【2025-08-16 13:43:43】
P2025081612280358083563395----提交：{"custId":"24120300001308","appId":"8241201350","order":"P2025081612280358083563395","sign":"C0799B1BB86755BB63EDC0ACEA7FE389"}

【2025-08-16 13:43:43】
P2025081612280358083563395----返回：{"code":"000000","msg":"P2025081612280358083563395","data":{"date":"2025-08-16 12:28:08","eid":"E45756448202508161528xMVfmbkFEGU","amount":"30","name":"ROBINSON FLAUSINO","cpf":"4729157621","bankname":"null","payBank":"","payCpf":"","pixkey":"35999611989","account":"4728335","status":"done","order":"A20250816122803871585tfFvqgRKK"},"sign":"BDAA7537DDF68FA8E820BF4F81DF6CCB"}

