【2025-08-16 23:02:13】
P2025081614104864248604859----提交：{"custId":"24120300001308","appId":"8241201350","order":"P2025081614104864248604859","sign":"892A176D7704B0A0F608272C2ACB9A33"}

【2025-08-16 23:02:13】
P2025081614104864248604859----返回：{"code":"000000","msg":"P2025081614104864248604859","data":{"date":"2025-08-16 14:10:53","eid":"E45756448202508161710WhJHgC5cQE2","amount":"50","name":"doralice pereira peixe","cpf":"12852856115","bankname":"null","payBank":"","payCpf":"","pixkey":"73999754866","account":"762250033","status":"done","order":"A20250816141048823231SWM143cGV"},"sign":"3CEC605C1CF0642C29AF51EFA610F3CD"}

【2025-08-16 23:02:19】
P2025081614104864248604859----提交：{"custId":"24120300001308","appId":"8241201350","order":"P2025081614104864248604859","sign":"892A176D7704B0A0F608272C2ACB9A33"}

【2025-08-16 23:02:19】
P2025081614104864248604859----返回：{"code":"000000","msg":"P2025081614104864248604859","data":{"date":"2025-08-16 14:10:53","eid":"E45756448202508161710WhJHgC5cQE2","amount":"50","name":"doralice pereira peixe","cpf":"12852856115","bankname":"null","payBank":"","payCpf":"","pixkey":"73999754866","account":"762250033","status":"done","order":"A20250816141048823231SWM143cGV"},"sign":"3CEC605C1CF0642C29AF51EFA610F3CD"}

【2025-08-16 23:11:45】
P2025081623065096410543105----提交：{"custId":"24120300001308","appId":"8241201350","order":"P2025081623065096410543105","sign":"939273FE9FCA90AC123423A84DD17F51"}

【2025-08-16 23:11:45】
P2025081623065096410543105----返回：{"code":"000000","msg":"P2025081623065096410543105","data":{"date":"2025-08-16 23:10:21","eid":"E3720544720250817020802866b3dd9f","amount":"250","name":"Dayvison Henrique Guedes Rodrigues","cpf":"00451719123","bankname":"ORBION GAMING LTDA","payBank":"","payCpf":"","pixkey":"+5562983408499","account":"27098060","status":"done","order":"A20250816230801044154rStpGuMh7"},"sign":"9CD3061CA675520E17AFE9CD59E9A6E6"}

【2025-08-16 23:12:18】
P2025081623065096410543105----提交：{"custId":"24120300001308","appId":"8241201350","order":"P2025081623065096410543105","sign":"939273FE9FCA90AC123423A84DD17F51"}

【2025-08-16 23:12:18】
P2025081623065096410543105----返回：{"code":"000000","msg":"P2025081623065096410543105","data":{"date":"2025-08-16 23:10:21","eid":"E3720544720250817020802866b3dd9f","amount":"250","name":"Dayvison Henrique Guedes Rodrigues","cpf":"00451719123","bankname":"ORBION GAMING LTDA","payBank":"","payCpf":"","pixkey":"+5562983408499","account":"27098060","status":"done","order":"A20250816230801044154rStpGuMh7"},"sign":"9CD3061CA675520E17AFE9CD59E9A6E6"}

【2025-08-16 23:18:28】
P2025062813530329583845289----提交：{"custId":"24120300001308","appId":"8241201350","order":"P2025062813530329583845289","sign":"20E59DEFC0483D500DC0B26EBF306631"}

【2025-08-16 23:18:28】
P2025062813530329583845289----返回：{"code":"000000","msg":"P2025062813530329583845289","data":{"date":"2025-06-28 13:54:11","eid":"E14483955202506281654JCPHO50ZG83","amount":"20","name":"EMERSON FERREIRA COSTA","cpf":"***.647.432-**","bankname":"60746948","payBank":"","payCpf":"","pixkey":"ec7739695@gmail.com","account":"ec7739695@gmail.com","status":"done","order":"A20250628135401574153B1icKnTTz"},"sign":"C9F502F76B8F51388360CACC2AD0C248"}

【2025-08-16 23:18:43】
P2025062813530329583845289----提交：{"custId":"24120300001308","appId":"8241201350","order":"P2025062813530329583845289","sign":"20E59DEFC0483D500DC0B26EBF306631"}

【2025-08-16 23:18:43】
P2025062813530329583845289----返回：{"code":"000000","msg":"P2025062813530329583845289","data":{"date":"2025-06-28 13:54:11","eid":"E14483955202506281654JCPHO50ZG83","amount":"20","name":"EMERSON FERREIRA COSTA","cpf":"***.647.432-**","bankname":"60746948","payBank":"","payCpf":"","pixkey":"ec7739695@gmail.com","account":"ec7739695@gmail.com","status":"done","order":"A20250628135401574153B1icKnTTz"},"sign":"C9F502F76B8F51388360CACC2AD0C248"}

【2025-08-16 23:18:52】
P2025081623162096980479938----提交：{"custId":"24120300001308","appId":"8241201350","order":"P2025081623162096980479938","sign":"84C22BC4BE2F4D6ABDA3FB6672FA437E"}

【2025-08-16 23:18:52】
P2025081623162096980479938----返回：{"code":"000000","msg":"P2025081623162096980479938","data":{"date":"2025-08-16 23:18:39","eid":"E3720544720250817021620692c28ec6","amount":"2000","name":"Kalyne Rannyelli Alves de Oliveira","cpf":"05674749175","bankname":"ORBION GAMING LTDA","payBank":"","payCpf":"","pixkey":"05674749175","account":"18236120","status":"done","order":"A20250816231620832396j8SQ488Lk"},"sign":"7DA1123BFE3EC7214162B6D5946A1BA0"}

【2025-08-16 23:18:56】
P2025081623162096980479938----提交：{"custId":"24120300001308","appId":"8241201350","order":"P2025081623162096980479938","sign":"84C22BC4BE2F4D6ABDA3FB6672FA437E"}

【2025-08-16 23:18:56】
P2025081623162096980479938----返回：{"code":"000000","msg":"P2025081623162096980479938","data":{"date":"2025-08-16 23:18:39","eid":"E3720544720250817021620692c28ec6","amount":"2000","name":"Kalyne Rannyelli Alves de Oliveira","cpf":"05674749175","bankname":"ORBION GAMING LTDA","payBank":"","payCpf":"","pixkey":"05674749175","account":"18236120","status":"done","order":"A20250816231620832396j8SQ488Lk"},"sign":"7DA1123BFE3EC7214162B6D5946A1BA0"}

【2025-08-16 23:22:47】
P2025081623163496994521771----提交：{"custId":"24120300001308","appId":"8241201350","order":"P2025081623163496994521771","sign":"91D2A03A0AC6E095F5F5C5A465E54B3C"}

【2025-08-16 23:22:48】
P2025081623163496994521771----返回：{"code":"000000","msg":"P2025081623163496994521771","data":{"date":"2025-08-16 23:16:37","eid":"E372054472025081702163485666b2ab","amount":"40","name":"Marilene do Nascimento Ribeiro","cpf":"08252541917","bankname":"ORBION GAMING LTDA","payBank":"","payCpf":"","pixkey":"mariribeiro577@gmail.com","account":"18236120","status":"done","order":"A20250816231634871122jgFXUJyq3"},"sign":"3075FFBED33528FF4FCF54EBCA942152"}

【2025-08-16 23:22:54】
P2025081623163496994521771----提交：{"custId":"24120300001308","appId":"8241201350","order":"P2025081623163496994521771","sign":"91D2A03A0AC6E095F5F5C5A465E54B3C"}

【2025-08-16 23:22:54】
P2025081623163496994521771----返回：{"code":"000000","msg":"P2025081623163496994521771","data":{"date":"2025-08-16 23:16:37","eid":"E372054472025081702163485666b2ab","amount":"40","name":"Marilene do Nascimento Ribeiro","cpf":"08252541917","bankname":"ORBION GAMING LTDA","payBank":"","payCpf":"","pixkey":"mariribeiro577@gmail.com","account":"18236120","status":"done","order":"A20250816231634871122jgFXUJyq3"},"sign":"3075FFBED33528FF4FCF54EBCA942152"}

【2025-08-16 23:32:25】
P2025081511490769347579472----提交：{"custId":"24120300001308","appId":"8241201350","order":"P2025081511490769347579472","sign":"D9302A237B0E6588D119C1E458EEE5BF"}

【2025-08-16 23:32:25】
P2025081511490769347579472----返回：{"code":"000000","msg":"P2025081511490769347579472","data":{"date":"2025-08-15 11:49:10","eid":"E372054472025081514490818396d3d4","amount":"30","name":"ROSEMERE CATARINO","cpf":"65022130149","bankname":"ORBION GAMING LTDA","payBank":"","payCpf":"","pixkey":"66999693720","account":"00360305","status":"done","order":"A20250815114907453837QdZKUjF2f"},"sign":"CE0FFE95634C0B9B29D3CD9F08FDE64D"}

【2025-08-16 23:32:29】
P2025081511490769347579472----提交：{"custId":"24120300001308","appId":"8241201350","order":"P2025081511490769347579472","sign":"D9302A237B0E6588D119C1E458EEE5BF"}

【2025-08-16 23:32:29】
P2025081511490769347579472----返回：{"code":"000000","msg":"P2025081511490769347579472","data":{"date":"2025-08-15 11:49:10","eid":"E372054472025081514490818396d3d4","amount":"30","name":"ROSEMERE CATARINO","cpf":"65022130149","bankname":"ORBION GAMING LTDA","payBank":"","payCpf":"","pixkey":"66999693720","account":"00360305","status":"done","order":"A20250815114907453837QdZKUjF2f"},"sign":"CE0FFE95634C0B9B29D3CD9F08FDE64D"}

【2025-08-16 23:36:29】
P2025081623282997709929827----提交：{"custId":"24120300001308","appId":"8241201350","order":"P2025081623282997709929827","sign":"CD451B80F78C4B2C36C1FA00A64F498F"}

【2025-08-16 23:36:29】
P2025081623282997709929827----返回：{"code":"000000","msg":"P2025081623282997709929827","data":{"date":"2025-08-16 23:28:32","eid":"E37205447202508170228298124ae7a1","amount":"56","name":"WAGNER JOSE ANACLETO","cpf":"15826168846","bankname":"ORBION GAMING LTDA","payBank":"","payCpf":"","pixkey":"15826168846","account":"00360305","status":"done","order":"A20250816232829617990KuT28JHbU"},"sign":"3795D9E923D4BC451DC833BFB1D33EEA"}

【2025-08-16 23:36:31】
P2025081623282997709929827----提交：{"custId":"24120300001308","appId":"8241201350","order":"P2025081623282997709929827","sign":"CD451B80F78C4B2C36C1FA00A64F498F"}

【2025-08-16 23:36:31】
P2025081623282997709929827----返回：{"code":"000000","msg":"P2025081623282997709929827","data":{"date":"2025-08-16 23:28:32","eid":"E37205447202508170228298124ae7a1","amount":"56","name":"WAGNER JOSE ANACLETO","cpf":"15826168846","bankname":"ORBION GAMING LTDA","payBank":"","payCpf":"","pixkey":"15826168846","account":"00360305","status":"done","order":"A20250816232829617990KuT28JHbU"},"sign":"3795D9E923D4BC451DC833BFB1D33EEA"}

【2025-08-16 23:51:24】
P2025081623505299052677209----提交：{"custId":"24120300001308","appId":"8241201350","order":"P2025081623505299052677209","sign":"A769DD42AE21B52D55DC21D64D045A13"}

【2025-08-16 23:51:24】
P2025081623505299052677209----返回：{"code":"000000","msg":"P2025081623505299052677209","data":{"date":"2025-08-16 23:50:57","eid":"E37205447202508170250527768247bf","amount":"200","name":"EMERSON DO AMARAL","cpf":"01510303081","bankname":"ORBION GAMING LTDA","payBank":"","payCpf":"","pixkey":"01510303081","account":"01858774","status":"done","order":"A20250816235052993025gFWnnsEwn"},"sign":"B837D9D0FB6D8B5F7A551A364872C2FB"}

【2025-08-16 23:51:26】
P2025081623505299052677209----提交：{"custId":"24120300001308","appId":"8241201350","order":"P2025081623505299052677209","sign":"A769DD42AE21B52D55DC21D64D045A13"}

【2025-08-16 23:51:26】
P2025081623505299052677209----返回：{"code":"000000","msg":"P2025081623505299052677209","data":{"date":"2025-08-16 23:50:57","eid":"E37205447202508170250527768247bf","amount":"200","name":"EMERSON DO AMARAL","cpf":"01510303081","bankname":"ORBION GAMING LTDA","payBank":"","payCpf":"","pixkey":"01510303081","account":"01858774","status":"done","order":"A20250816235052993025gFWnnsEwn"},"sign":"B837D9D0FB6D8B5F7A551A364872C2FB"}

【2025-08-16 23:54:24】
P2025081623503199031869224----提交：{"custId":"24120300001308","appId":"8241201350","order":"P2025081623503199031869224","sign":"B2D8D380831BD83694C6C4813A1CE9F3"}

【2025-08-16 23:54:24】
P2025081623503199031869224----返回：{"code":"000000","msg":"P2025081623503199031869224","data":{"date":"2025-08-16 23:50:35","eid":"E372054472025081702503213883463d","amount":"300","name":"MICAEL JACKSON LOPES TEIXEIRA","cpf":"40985338806","bankname":"ORBION GAMING LTDA","payBank":"","payCpf":"","pixkey":"11913540791","account":"60746948","status":"done","order":"A202508162350321251922RIPKbk53"},"sign":"C5AC9D7C0648D2CC425E35D3DAE431C3"}

【2025-08-16 23:54:27】
P2025081623503199031869224----提交：{"custId":"24120300001308","appId":"8241201350","order":"P2025081623503199031869224","sign":"B2D8D380831BD83694C6C4813A1CE9F3"}

【2025-08-16 23:54:27】
P2025081623503199031869224----返回：{"code":"000000","msg":"P2025081623503199031869224","data":{"date":"2025-08-16 23:50:35","eid":"E372054472025081702503213883463d","amount":"300","name":"MICAEL JACKSON LOPES TEIXEIRA","cpf":"40985338806","bankname":"ORBION GAMING LTDA","payBank":"","payCpf":"","pixkey":"11913540791","account":"60746948","status":"done","order":"A202508162350321251922RIPKbk53"},"sign":"C5AC9D7C0648D2CC425E35D3DAE431C3"}

