【2025-08-16 04:07:10】
P2025081521543705677967408----提交：{"custId":"24120300001308","appId":"8241201350","order":"P2025081521543705677967408","sign":"026AD5B0D744AAD5EC5D4D880AEFEDE9"}

【2025-08-16 04:07:11】
P2025081521543705677967408----返回：{"code":"000000","msg":"P2025081521543705677967408","data":{"date":"2025-08-15 21:54:44","eid":"E457564482025081600543M12zjERkij","amount":"50","name":"NEIDE FERREIRA","cpf":"34210421871","bankname":"null","payBank":"","payCpf":"","pixkey":"11937664758","account":"10613862","status":"done","order":"A202508152154378312993vJKiznbj"},"sign":"150C91F0F29DDB7B4C7F448979C73F91"}

【2025-08-16 04:07:13】
P2025081521543705677967408----提交：{"custId":"24120300001308","appId":"8241201350","order":"P2025081521543705677967408","sign":"026AD5B0D744AAD5EC5D4D880AEFEDE9"}

【2025-08-16 04:07:13】
P2025081521543705677967408----返回：{"code":"000000","msg":"P2025081521543705677967408","data":{"date":"2025-08-15 21:54:44","eid":"E457564482025081600543M12zjERkij","amount":"50","name":"NEIDE FERREIRA","cpf":"34210421871","bankname":"null","payBank":"","payCpf":"","pixkey":"11937664758","account":"10613862","status":"done","order":"A202508152154378312993vJKiznbj"},"sign":"150C91F0F29DDB7B4C7F448979C73F91"}

【2025-08-16 04:18:06】
P2025081604101628216689053----提交：{"custId":"24120300001308","appId":"8241201350","order":"P2025081604101628216689053","sign":"0E1380DD1FF37C29132814554E6A7CCF"}

【2025-08-16 04:18:06】
P2025081604101628216689053----返回：{"code":"000000","msg":"P2025081604101628216689053","data":{"date":"2025-08-16 04:10:19","eid":"E37205447202508160710169288c9110","amount":"174","name":"Allan Patrick Dos Santos","cpf":"09094018454","bankname":"ORBION GAMING LTDA","payBank":"","payCpf":"","pixkey":"31933033725","account":"10573521","status":"done","order":"A202508160410165319024IwX1BaKT"},"sign":"AAFECD3581ED2DC238C22C9CCD9224A7"}

【2025-08-16 04:18:09】
P2025081604101628216689053----提交：{"custId":"24120300001308","appId":"8241201350","order":"P2025081604101628216689053","sign":"0E1380DD1FF37C29132814554E6A7CCF"}

【2025-08-16 04:18:09】
P2025081604101628216689053----返回：{"code":"000000","msg":"P2025081604101628216689053","data":{"date":"2025-08-16 04:10:19","eid":"E37205447202508160710169288c9110","amount":"174","name":"Allan Patrick Dos Santos","cpf":"09094018454","bankname":"ORBION GAMING LTDA","payBank":"","payCpf":"","pixkey":"31933033725","account":"10573521","status":"done","order":"A202508160410165319024IwX1BaKT"},"sign":"AAFECD3581ED2DC238C22C9CCD9224A7"}

【2025-08-16 04:23:11】
P2025081603530727187748514----提交：{"custId":"24120300001308","appId":"8241201350","order":"P2025081603530727187748514","sign":"C5F7D047DC59268B421D99EEBD08876A"}

【2025-08-16 04:23:11】
P2025081603530727187748514----返回：{"code":"000000","msg":"P2025081603530727187748514","data":{"date":"2025-08-16 03:53:09","eid":"E3720544720250816065307653209565","amount":"30","name":"João Batista dos Santos Ribeiro","cpf":"15199182838","bankname":"ORBION GAMING LTDA","payBank":"","payCpf":"","pixkey":"11966020544","account":"18236120","status":"done","order":"A20250816035307848778t3HBhqJlC"},"sign":"7D6C0A59F48DFECBF5263D4F53F3068B"}

【2025-08-16 04:23:16】
P2025081603530727187748514----提交：{"custId":"24120300001308","appId":"8241201350","order":"P2025081603530727187748514","sign":"C5F7D047DC59268B421D99EEBD08876A"}

【2025-08-16 04:23:17】
P2025081603530727187748514----返回：{"code":"000000","msg":"P2025081603530727187748514","data":{"date":"2025-08-16 03:53:09","eid":"E3720544720250816065307653209565","amount":"30","name":"João Batista dos Santos Ribeiro","cpf":"15199182838","bankname":"ORBION GAMING LTDA","payBank":"","payCpf":"","pixkey":"11966020544","account":"18236120","status":"done","order":"A20250816035307848778t3HBhqJlC"},"sign":"7D6C0A59F48DFECBF5263D4F53F3068B"}

【2025-08-16 04:23:20】
P2025081603530727187748514----提交：{"custId":"24120300001308","appId":"8241201350","order":"P2025081603530727187748514","sign":"C5F7D047DC59268B421D99EEBD08876A"}

【2025-08-16 04:23:20】
P2025081603530727187748514----返回：{"code":"000000","msg":"P2025081603530727187748514","data":{"date":"2025-08-16 03:53:09","eid":"E3720544720250816065307653209565","amount":"30","name":"João Batista dos Santos Ribeiro","cpf":"15199182838","bankname":"ORBION GAMING LTDA","payBank":"","payCpf":"","pixkey":"11966020544","account":"18236120","status":"done","order":"A20250816035307848778t3HBhqJlC"},"sign":"7D6C0A59F48DFECBF5263D4F53F3068B"}

【2025-08-16 04:39:23】
P2025081515281982499718162----提交：{"custId":"24120300001308","appId":"8241201350","order":"P2025081515281982499718162","sign":"40FE95B1429D5D98A104643AAFBBB78F"}

【2025-08-16 04:39:23】
P2025081515281982499718162----返回：{"code":"000000","msg":"P2025081515281982499718162","data":{"date":"2025-08-15 15:28:23","eid":"E3720544720250815182820496bd57a4","amount":"30","name":"Samily Kaiene de França Correia","cpf":"14766062930","bankname":"ORBION GAMING LTDA","payBank":"","payCpf":"","pixkey":"14766062930","account":"18236120","status":"done","order":"A20250815152820904470g2HLtQYvJ"},"sign":"B7DBB3CC85EA7D9FF1B66083EABF318E"}

【2025-08-16 04:39:49】
P2025081515281982499752041----提交：{"custId":"24120300001308","appId":"8241201350","order":"P2025081515281982499752041","sign":"6DFE1A621F5587BA61FBD804B87BDAC9"}

【2025-08-16 04:39:49】
P2025081515281982499752041----返回：{"code":"000000","msg":"P2025081515281982499752041","data":{"date":"2025-08-15 15:28:24","eid":"E3720544720250815182820576c0f51b","amount":"40","name":"JOAO CARLOS DE PAULO BARBOSA","cpf":"00921224265","bankname":"ORBION GAMING LTDA","payBank":"","payCpf":"","pixkey":"91981037421","account":"22896431","status":"done","order":"A20250815152820993209KRYQLXuI3"},"sign":"0B35FB672837E71330282557337291C5"}

【2025-08-16 04:47:36】
P2025081515281982499752041----提交：{"custId":"24120300001308","appId":"8241201350","order":"P2025081515281982499752041","sign":"6DFE1A621F5587BA61FBD804B87BDAC9"}

【2025-08-16 04:47:36】
P2025081515281982499752041----返回：{"code":"000000","msg":"P2025081515281982499752041","data":{"date":"2025-08-15 15:28:24","eid":"E3720544720250815182820576c0f51b","amount":"40","name":"JOAO CARLOS DE PAULO BARBOSA","cpf":"00921224265","bankname":"ORBION GAMING LTDA","payBank":"","payCpf":"","pixkey":"91981037421","account":"22896431","status":"done","order":"A20250815152820993209KRYQLXuI3"},"sign":"0B35FB672837E71330282557337291C5"}

