【2025-08-16 14:03:40】
P2025081607021338533837445----提交：{"custId":"24120300001308","appId":"8241201350","order":"P2025081607021338533837445","sign":"AF0FAB0359AA1BA2E6A7800448155582"}

【2025-08-16 14:03:40】
P2025081607021338533837445----返回：{"code":"000000","msg":"P2025081607021338533837445","data":{"date":"2025-08-16 07:02:15","eid":"E37205447202508161002139801b6420","amount":"100","name":"Pedro Henrique Dias da Silva","cpf":"15596619418","bankname":"ORBION GAMING LTDA","payBank":"","payCpf":"","pixkey":"15596619418","account":"18236120","status":"done","order":"A20250816070213401394aLHS9u2TT"},"sign":"0026ECDCA6C4BC759D8683E1FBFED033"}

【2025-08-16 14:03:43】
P2025081607021338533837445----提交：{"custId":"24120300001308","appId":"8241201350","order":"P2025081607021338533837445","sign":"AF0FAB0359AA1BA2E6A7800448155582"}

【2025-08-16 14:03:43】
P2025081607021338533837445----返回：{"code":"000000","msg":"P2025081607021338533837445","data":{"date":"2025-08-16 07:02:15","eid":"E37205447202508161002139801b6420","amount":"100","name":"Pedro Henrique Dias da Silva","cpf":"15596619418","bankname":"ORBION GAMING LTDA","payBank":"","payCpf":"","pixkey":"15596619418","account":"18236120","status":"done","order":"A20250816070213401394aLHS9u2TT"},"sign":"0026ECDCA6C4BC759D8683E1FBFED033"}

【2025-08-16 14:05:32】
P2025081614045363893394199----提交：{"custId":"24120300001308","appId":"8241201350","order":"P2025081614045363893394199","sign":"CC45A0836575573C6C698F87BA397CAA"}

【2025-08-16 14:05:32】
P2025081614045363893394199----返回：{"code":"000000","msg":"P2025081614045363893394199","data":{"date":"2025-08-16 14:04:58","eid":"E45756448202508161704YZCXrI5qRky","amount":"75","name":"Sandra Dos Santos Kuyavsky","cpf":"80033853932","bankname":"null","payBank":"","payCpf":"","pixkey":"80033853932","account":"291837184","status":"done","order":"A20250816140453761439kpBQjcdY8"},"sign":"16227FA162E56F296555B59E5906B2E4"}

【2025-08-16 14:17:22】
P2025081602305122251714295----提交：{"custId":"24120300001308","appId":"8241201350","order":"P2025081602305122251714295","sign":"2A3ECACF88D43CFE70CE6C97780EAD70"}

【2025-08-16 14:17:22】
P2025081602305122251714295----返回：{"code":"000000","msg":"P2025081602305122251714295","data":{"date":"2025-08-16 02:30:54","eid":"E37205447202508160530521320716aa","amount":"20","name":"Robson da Silva Cunha","cpf":"03195061260","bankname":"ORBION GAMING LTDA","payBank":"","payCpf":"","pixkey":"91981776609","account":"18236120","status":"done","order":"A20250816023051848199lu9eV8jVi"},"sign":"8EF1E74CAC21AD1FAFCC8C739A5A8F7C"}

【2025-08-16 14:17:50】
P2025081602305122251714295----提交：{"custId":"24120300001308","appId":"8241201350","order":"P2025081602305122251714295","sign":"2A3ECACF88D43CFE70CE6C97780EAD70"}

【2025-08-16 14:17:50】
P2025081602305122251714295----返回：{"code":"000000","msg":"P2025081602305122251714295","data":{"date":"2025-08-16 02:30:54","eid":"E37205447202508160530521320716aa","amount":"20","name":"Robson da Silva Cunha","cpf":"03195061260","bankname":"ORBION GAMING LTDA","payBank":"","payCpf":"","pixkey":"91981776609","account":"18236120","status":"done","order":"A20250816023051848199lu9eV8jVi"},"sign":"8EF1E74CAC21AD1FAFCC8C739A5A8F7C"}

【2025-08-16 14:54:20】
P2025081614104864248875894----提交：{"custId":"24120300001308","appId":"8241201350","order":"P2025081614104864248875894","sign":"E0F3D49EDD460EDE503254DA3FFA4BAD"}

【2025-08-16 14:54:20】
P2025081614104864248875894----返回：{"code":"000000","msg":"P2025081614104864248875894","data":{"date":"2025-08-16 14:10:53","eid":"E45756448202508161710jWHhjPkiwIb","amount":"130","name":"MARIANE BARRETO DOS SANTOS","cpf":"4947175567","bankname":"null","payBank":"","payCpf":"","pixkey":"37998556559","account":"965231810","status":"done","order":"A20250816141048281414qgEdwpJxF"},"sign":"3F34D7EAE24108056C758DF1087A4D25"}

【2025-08-16 14:54:22】
P2025081614104864248875894----提交：{"custId":"24120300001308","appId":"8241201350","order":"P2025081614104864248875894","sign":"E0F3D49EDD460EDE503254DA3FFA4BAD"}

【2025-08-16 14:54:22】
P2025081614104864248875894----返回：{"code":"000000","msg":"P2025081614104864248875894","data":{"date":"2025-08-16 14:10:53","eid":"E45756448202508161710jWHhjPkiwIb","amount":"130","name":"MARIANE BARRETO DOS SANTOS","cpf":"4947175567","bankname":"null","payBank":"","payCpf":"","pixkey":"37998556559","account":"965231810","status":"done","order":"A20250816141048281414qgEdwpJxF"},"sign":"3F34D7EAE24108056C758DF1087A4D25"}

