【2025-08-16 08:02:32】
P2025081517003188031955497----提交：{"custId":"24120300001308","appId":"8241201350","order":"P2025081517003188031955497","sign":"50EAA721ABCFA78AB863FFB496BACFF3"}

【2025-08-16 08:02:32】
P2025081517003188031955497----返回：{"code":"000000","msg":"P2025081517003188031955497","data":{"date":"2025-08-15 17:00:34","eid":"E37205447202508152000320203922a9","amount":"70","name":"ADRIEL DE JESUS CIRINO GALVAO","cpf":"37914063886","bankname":"ORBION GAMING LTDA","payBank":"","payCpf":"","pixkey":"37914063886","account":"00360305","status":"done","order":"A20250815170031323753VJwcmYHBP"},"sign":"026026AE3B88FC235624F72E968D243D"}

【2025-08-16 08:02:35】
P2025081517003188031955497----提交：{"custId":"24120300001308","appId":"8241201350","order":"P2025081517003188031955497","sign":"50EAA721ABCFA78AB863FFB496BACFF3"}

【2025-08-16 08:02:35】
P2025081517003188031955497----返回：{"code":"000000","msg":"P2025081517003188031955497","data":{"date":"2025-08-15 17:00:34","eid":"E37205447202508152000320203922a9","amount":"70","name":"ADRIEL DE JESUS CIRINO GALVAO","cpf":"37914063886","bankname":"ORBION GAMING LTDA","payBank":"","payCpf":"","pixkey":"37914063886","account":"00360305","status":"done","order":"A20250815170031323753VJwcmYHBP"},"sign":"026026AE3B88FC235624F72E968D243D"}

【2025-08-16 08:04:03】
P2025081521475705277688403----提交：{"custId":"24120300001308","appId":"8241201350","order":"P2025081521475705277688403","sign":"0E8EEF74727210D485797ACD7F6A025B"}

【2025-08-16 08:04:03】
P2025081521475705277688403----返回：{"code":"000000","msg":"P2025081521475705277688403","data":{"date":"2025-08-15 21:48:03","eid":"E45756448202508160047uYjsmOSrUkG","amount":"150","name":"Francismeire Silva Chaves Jordão","cpf":"47990212811","bankname":"null","payBank":"","payCpf":"","pixkey":"47990212811","account":"75710169","status":"done","order":"A202508152147579134781Bjt7eBn3"},"sign":"4EB12413324C8A1EE4C420D341838B41"}

【2025-08-16 08:04:13】
P2025081521475705277688403----提交：{"custId":"24120300001308","appId":"8241201350","order":"P2025081521475705277688403","sign":"0E8EEF74727210D485797ACD7F6A025B"}

【2025-08-16 08:04:14】
P2025081521475705277688403----返回：{"code":"000000","msg":"P2025081521475705277688403","data":{"date":"2025-08-15 21:48:03","eid":"E45756448202508160047uYjsmOSrUkG","amount":"150","name":"Francismeire Silva Chaves Jordão","cpf":"47990212811","bankname":"null","payBank":"","payCpf":"","pixkey":"47990212811","account":"75710169","status":"done","order":"A202508152147579134781Bjt7eBn3"},"sign":"4EB12413324C8A1EE4C420D341838B41"}

【2025-08-16 08:04:15】
P2025081521475705277688403----提交：{"custId":"24120300001308","appId":"8241201350","order":"P2025081521475705277688403","sign":"0E8EEF74727210D485797ACD7F6A025B"}

【2025-08-16 08:04:15】
P2025081521475705277688403----返回：{"code":"000000","msg":"P2025081521475705277688403","data":{"date":"2025-08-15 21:48:03","eid":"E45756448202508160047uYjsmOSrUkG","amount":"150","name":"Francismeire Silva Chaves Jordão","cpf":"47990212811","bankname":"null","payBank":"","payCpf":"","pixkey":"47990212811","account":"75710169","status":"done","order":"A202508152147579134781Bjt7eBn3"},"sign":"4EB12413324C8A1EE4C420D341838B41"}

【2025-08-16 08:04:16】
P2025081521475705277688403----提交：{"custId":"24120300001308","appId":"8241201350","order":"P2025081521475705277688403","sign":"0E8EEF74727210D485797ACD7F6A025B"}

【2025-08-16 08:04:16】
P2025081521475705277688403----返回：{"code":"000000","msg":"P2025081521475705277688403","data":{"date":"2025-08-15 21:48:03","eid":"E45756448202508160047uYjsmOSrUkG","amount":"150","name":"Francismeire Silva Chaves Jordão","cpf":"47990212811","bankname":"null","payBank":"","payCpf":"","pixkey":"47990212811","account":"75710169","status":"done","order":"A202508152147579134781Bjt7eBn3"},"sign":"4EB12413324C8A1EE4C420D341838B41"}

【2025-08-16 08:41:08】
P2025081602024920569025529----提交：{"custId":"24120300001308","appId":"8241201350","order":"P2025081602024920569025529","sign":"505D1EC69271785004A588DA0D617FAA"}

【2025-08-16 08:41:08】
P2025081602024920569025529----返回：{"code":"000000","msg":"P2025081602024920569025529","data":{"date":"2025-08-16 02:02:52","eid":"E3720544720250816050250218528290","amount":"30","name":"Antonio Coelho Soares Filho","cpf":"03682163220","bankname":"ORBION GAMING LTDA","payBank":"","payCpf":"","pixkey":"92985321304","account":"22896431","status":"done","order":"A20250816020250011933TmljHSTL6"},"sign":"B10A777ECF04B3E1A4A1D757F91606EF"}

【2025-08-16 08:41:10】
P2025081602024920569025529----提交：{"custId":"24120300001308","appId":"8241201350","order":"P2025081602024920569025529","sign":"505D1EC69271785004A588DA0D617FAA"}

【2025-08-16 08:41:10】
P2025081602024920569025529----返回：{"code":"000000","msg":"P2025081602024920569025529","data":{"date":"2025-08-16 02:02:52","eid":"E3720544720250816050250218528290","amount":"30","name":"Antonio Coelho Soares Filho","cpf":"03682163220","bankname":"ORBION GAMING LTDA","payBank":"","payCpf":"","pixkey":"92985321304","account":"22896431","status":"done","order":"A20250816020250011933TmljHSTL6"},"sign":"B10A777ECF04B3E1A4A1D757F91606EF"}

