【2025-08-16 17:29:09】
P2025081615554470544461951----提交：{"custId":"24120300001308","appId":"8241201350","order":"P2025081615554470544461951","sign":"71096F0D2C83A59C9C979265381AC76F"}

【2025-08-16 17:29:10】
P2025081615554470544461951----返回：{"code":"000000","msg":"P2025081615554470544461951","data":{"date":"2025-08-16 15:55:50","eid":"E45756448202508161855QMk8koy0E6l","amount":"10","name":"ADILENE MARQUES DOS SANTOS","cpf":"13245768478","bankname":"null","payBank":"","payCpf":"","pixkey":"83986020590","account":"12880000007957854258","status":"done","order":"A20250816155544664664xMr82TwXF"},"sign":"EB0D037C8375E93ECFE2450848464223"}

【2025-08-16 17:29:13】
P2025081615554470544461951----提交：{"custId":"24120300001308","appId":"8241201350","order":"P2025081615554470544461951","sign":"71096F0D2C83A59C9C979265381AC76F"}

【2025-08-16 17:29:13】
P2025081615554470544461951----返回：{"code":"000000","msg":"P2025081615554470544461951","data":{"date":"2025-08-16 15:55:50","eid":"E45756448202508161855QMk8koy0E6l","amount":"10","name":"ADILENE MARQUES DOS SANTOS","cpf":"13245768478","bankname":"null","payBank":"","payCpf":"","pixkey":"83986020590","account":"12880000007957854258","status":"done","order":"A20250816155544664664xMr82TwXF"},"sign":"EB0D037C8375E93ECFE2450848464223"}

【2025-08-16 17:31:06】
P2025081611561656176887258----提交：{"custId":"24120300001308","appId":"8241201350","order":"P2025081611561656176887258","sign":"214C539CF5DB00B1EA02C0D2685CDBEC"}

【2025-08-16 17:31:06】
P2025081611561656176887258----返回：{"code":"000000","msg":"P2025081611561656176887258","data":{"date":"2025-08-16 11:56:22","eid":"E45756448202508161456bg69vrKlFkS","amount":"20","name":"Sérgio de Jesus Faria","cpf":"5787120833","bankname":"null","payBank":"","payCpf":"","pixkey":"05787120833","account":"818599897","status":"done","order":"A20250816115616284709guI4qcx99"},"sign":"38B0EC400B2EAE00BE868523E4930805"}

【2025-08-16 17:49:18】
P2025081614510666666638921----提交：{"custId":"24120300001308","appId":"8241201350","order":"P2025081614510666666638921","sign":"31A754FE4099DD54053C8C1F43261D15"}

【2025-08-16 17:49:18】
P2025081614510666666638921----返回：{"code":"000000","msg":"P2025081614510666666638921","data":{"date":"2025-08-16 14:51:12","eid":"E45756448202508161751zsUwo6ODkiv","amount":"129","name":"GELIANE FRANCIELI CARVALHO WISCH","cpf":"2401993169","bankname":"null","payBank":"","payCpf":"","pixkey":"02401993169","account":"12880000009667375221","status":"done","order":"A20250816145106847355MAK7h5Vzp"},"sign":"EE81B9D2D13DC7BF320226E6D718CACE"}

【2025-08-16 17:49:22】
P2025081614510666666638921----提交：{"custId":"24120300001308","appId":"8241201350","order":"P2025081614510666666638921","sign":"31A754FE4099DD54053C8C1F43261D15"}

【2025-08-16 17:49:22】
P2025081614510666666638921----返回：{"code":"000000","msg":"P2025081614510666666638921","data":{"date":"2025-08-16 14:51:12","eid":"E45756448202508161751zsUwo6ODkiv","amount":"129","name":"GELIANE FRANCIELI CARVALHO WISCH","cpf":"2401993169","bankname":"null","payBank":"","payCpf":"","pixkey":"02401993169","account":"12880000009667375221","status":"done","order":"A20250816145106847355MAK7h5Vzp"},"sign":"EE81B9D2D13DC7BF320226E6D718CACE"}

