【2025-08-16 10:23:40】
P2025081220235041030213852----提交：{"custId":"24120300001308","appId":"8241201350","order":"P2025081220235041030213852","sign":"5E108518FCEA1FBC5BAF4D732E8BE065"}

【2025-08-16 10:23:40】
P2025081220235041030213852----返回：{"code":"000000","msg":"P2025081220235041030213852","data":{"date":"2025-08-12 20:23:57","eid":"E45756448202508122323xx3fllSafEa","amount":"66","name":"ANDERSON GONELIS LOPES","cpf":"40724088830","bankname":"null","payBank":"","payCpf":"","pixkey":"11940469822","account":"42564","status":"done","order":"A20250812202351045282PB4RrPxPg"},"sign":"96E73C72F55F6D3006F0730DC552B234"}

【2025-08-16 10:23:42】
P2025081220235041030213852----提交：{"custId":"24120300001308","appId":"8241201350","order":"P2025081220235041030213852","sign":"5E108518FCEA1FBC5BAF4D732E8BE065"}

【2025-08-16 10:23:42】
P2025081220235041030213852----返回：{"code":"000000","msg":"P2025081220235041030213852","data":{"date":"2025-08-12 20:23:57","eid":"E45756448202508122323xx3fllSafEa","amount":"66","name":"ANDERSON GONELIS LOPES","cpf":"40724088830","bankname":"null","payBank":"","payCpf":"","pixkey":"11940469822","account":"42564","status":"done","order":"A20250812202351045282PB4RrPxPg"},"sign":"96E73C72F55F6D3006F0730DC552B234"}

【2025-08-16 10:24:17】
P2025081610190850348664026----提交：{"custId":"24120300001308","appId":"8241201350","order":"P2025081610190850348664026","sign":"85283CAD654584B2BE2ED3542915EC15"}

【2025-08-16 10:24:17】
P2025081610190850348664026----返回：{"code":"000000","msg":"P2025081610190850348664026","data":{"date":"2025-08-16 10:19:13","eid":"E45756448202508161319gPJh3l9cakC","amount":"20","name":"Maria Candida Lourenco","cpf":"4810442802","bankname":"null","payBank":"","payCpf":"","pixkey":"04810442802","account":"9602836","status":"done","order":"A202508161019081248702WAnFSCni"},"sign":"397E229CCBF32B80866D5E0AFB885D14"}

【2025-08-16 10:24:20】
P2025081610190850348664026----提交：{"custId":"24120300001308","appId":"8241201350","order":"P2025081610190850348664026","sign":"85283CAD654584B2BE2ED3542915EC15"}

【2025-08-16 10:24:20】
P2025081610190850348664026----返回：{"code":"000000","msg":"P2025081610190850348664026","data":{"date":"2025-08-16 10:19:13","eid":"E45756448202508161319gPJh3l9cakC","amount":"20","name":"Maria Candida Lourenco","cpf":"4810442802","bankname":"null","payBank":"","payCpf":"","pixkey":"04810442802","account":"9602836","status":"done","order":"A202508161019081248702WAnFSCni"},"sign":"397E229CCBF32B80866D5E0AFB885D14"}

【2025-08-16 10:27:26】
P2025081610263850798651191----提交：{"custId":"24120300001308","appId":"8241201350","order":"P2025081610263850798651191","sign":"E4418640CEFB9644912FF6D824BC35E7"}

【2025-08-16 10:27:27】
P2025081610263850798651191----返回：{"code":"000000","msg":"P2025081610263850798651191","data":{"date":"2025-08-16 10:26:45","eid":"E45756448202508161326FnvhFLfaENL","amount":"80","name":"LAURA VITORIA SOARES DE ARAUJO","cpf":"12239155493","bankname":"null","payBank":"","payCpf":"","pixkey":"12239155493","account":"363960635","status":"done","order":"A20250816102638531918Ru6wetfsA"},"sign":"103A3FB31DC9D8A7517069CC7AB8D883"}

【2025-08-16 10:27:28】
P2025081610263850798651191----提交：{"custId":"24120300001308","appId":"8241201350","order":"P2025081610263850798651191","sign":"E4418640CEFB9644912FF6D824BC35E7"}

【2025-08-16 10:27:28】
P2025081610263850798651191----返回：{"code":"000000","msg":"P2025081610263850798651191","data":{"date":"2025-08-16 10:26:45","eid":"E45756448202508161326FnvhFLfaENL","amount":"80","name":"LAURA VITORIA SOARES DE ARAUJO","cpf":"12239155493","bankname":"null","payBank":"","payCpf":"","pixkey":"12239155493","account":"363960635","status":"done","order":"A20250816102638531918Ru6wetfsA"},"sign":"103A3FB31DC9D8A7517069CC7AB8D883"}

【2025-08-16 10:30:29】
P2025081608265743617811468----提交：{"custId":"24120300001308","appId":"8241201350","order":"P2025081608265743617811468","sign":"CA5AA97F964FE6FBE369EC3DFCA06CC3"}

【2025-08-16 10:30:29】
P2025081608265743617811468----返回：{"code":"000000","msg":"P2025081608265743617811468","data":{"date":"2025-08-16 08:26:59","eid":"E3720544720250816112657590c4c4fd","amount":"50","name":"FRANCISCO GOMES DA COSTA","cpf":"56629168291","bankname":"ORBION GAMING LTDA","payBank":"","payCpf":"","pixkey":"95991257771","account":"00360305","status":"done","order":"A202508160826570442751t5jcY1xE"},"sign":"032E8F9C10F4D03B71AEC7BD5B2F59B8"}

【2025-08-16 10:30:32】
P2025081608265743617811468----提交：{"custId":"24120300001308","appId":"8241201350","order":"P2025081608265743617811468","sign":"CA5AA97F964FE6FBE369EC3DFCA06CC3"}

【2025-08-16 10:30:32】
P2025081608265743617811468----返回：{"code":"000000","msg":"P2025081608265743617811468","data":{"date":"2025-08-16 08:26:59","eid":"E3720544720250816112657590c4c4fd","amount":"50","name":"FRANCISCO GOMES DA COSTA","cpf":"56629168291","bankname":"ORBION GAMING LTDA","payBank":"","payCpf":"","pixkey":"95991257771","account":"00360305","status":"done","order":"A202508160826570442751t5jcY1xE"},"sign":"032E8F9C10F4D03B71AEC7BD5B2F59B8"}

【2025-08-16 10:30:32】
P2025081608265743617811468----提交：{"custId":"24120300001308","appId":"8241201350","order":"P2025081608265743617811468","sign":"CA5AA97F964FE6FBE369EC3DFCA06CC3"}

【2025-08-16 10:30:32】
P2025081608265743617811468----返回：{"code":"000000","msg":"P2025081608265743617811468","data":{"date":"2025-08-16 08:26:59","eid":"E3720544720250816112657590c4c4fd","amount":"50","name":"FRANCISCO GOMES DA COSTA","cpf":"56629168291","bankname":"ORBION GAMING LTDA","payBank":"","payCpf":"","pixkey":"95991257771","account":"00360305","status":"done","order":"A202508160826570442751t5jcY1xE"},"sign":"032E8F9C10F4D03B71AEC7BD5B2F59B8"}

【2025-08-16 10:53:59】
P2025081609351847718835717----提交：{"custId":"24120300001308","appId":"8241201350","order":"P2025081609351847718835717","sign":"9A5EEF58EACE0ECBE6F28E16838239BE"}

【2025-08-16 10:53:59】
P2025081609351847718835717----返回：{"code":"000000","msg":"P2025081609351847718835717","data":{"date":"2025-08-16 09:35:23","eid":"E372054472025081612351854959a47f","amount":"30","name":"ALERANDRO WALEXSON SILVA ANDRADE","cpf":"63266819365","bankname":"ORBION GAMING LTDA","payBank":"","payCpf":"","pixkey":"99991729324","account":"22896431","status":"done","order":"A20250816093518272612usv7vhkeg"},"sign":"AC01872E27B050A56016199BC2A635FF"}

【2025-08-16 10:54:03】
P2025081609351847718835717----提交：{"custId":"24120300001308","appId":"8241201350","order":"P2025081609351847718835717","sign":"9A5EEF58EACE0ECBE6F28E16838239BE"}

【2025-08-16 10:54:03】
P2025081609351847718835717----返回：{"code":"000000","msg":"P2025081609351847718835717","data":{"date":"2025-08-16 09:35:23","eid":"E372054472025081612351854959a47f","amount":"30","name":"ALERANDRO WALEXSON SILVA ANDRADE","cpf":"63266819365","bankname":"ORBION GAMING LTDA","payBank":"","payCpf":"","pixkey":"99991729324","account":"22896431","status":"done","order":"A20250816093518272612usv7vhkeg"},"sign":"AC01872E27B050A56016199BC2A635FF"}

【2025-08-16 10:54:04】
P2025081609351847718835717----提交：{"custId":"24120300001308","appId":"8241201350","order":"P2025081609351847718835717","sign":"9A5EEF58EACE0ECBE6F28E16838239BE"}

【2025-08-16 10:54:04】
P2025081609351847718835717----返回：{"code":"000000","msg":"P2025081609351847718835717","data":{"date":"2025-08-16 09:35:23","eid":"E372054472025081612351854959a47f","amount":"30","name":"ALERANDRO WALEXSON SILVA ANDRADE","cpf":"63266819365","bankname":"ORBION GAMING LTDA","payBank":"","payCpf":"","pixkey":"99991729324","account":"22896431","status":"done","order":"A20250816093518272612usv7vhkeg"},"sign":"AC01872E27B050A56016199BC2A635FF"}

