【2025-08-16 15:16:14】
P2025081615134768027436361----提交：{"custId":"24120300001308","appId":"8241201350","order":"P2025081615134768027436361","sign":"04D86C15FEB288D4DF9145765FE740D0"}

【2025-08-16 15:16:14】
P2025081615134768027436361----返回：{"code":"000000","msg":"P2025081615134768027436361","data":{"date":"2025-08-16 15:16:09","eid":"E37205447202508161813473302cff15","amount":"41","name":"POLLIANA PEREIRA LEANDRO DO NASCIMENTO","cpf":"73644021104","bankname":"ORBION GAMING LTDA","payBank":"","payCpf":"","pixkey":"63992456709","account":"00360305","status":"done","order":"A20250816151347217031Yr1mjbqUr"},"sign":"92EFFD5736F07BE581B8CA8A06E3D413"}

【2025-08-16 15:22:17】
P2025081518273493254743760----提交：{"custId":"24120300001308","appId":"8241201350","order":"P2025081518273493254743760","sign":"91E6CC7DFDA8E04629209F6A5D646FC5"}

【2025-08-16 15:22:17】
P2025081518273493254743760----返回：{"code":"000000","msg":"P2025081518273493254743760","data":{"date":"2025-08-15 18:27:41","eid":"E45756448202508152127itYtIU6xyEh","amount":"100","name":"Gabriella Pereira da Silva","cpf":"48567821851","bankname":"null","payBank":"","payCpf":"","pixkey":"15996906633","account":"5719608916","status":"done","order":"A20250815182735185110uWelkcG36"},"sign":"8CF2160ED4B90ACDCDF60493CED9CD3E"}

【2025-08-16 15:24:11】
P2025081518273493254743760----提交：{"custId":"24120300001308","appId":"8241201350","order":"P2025081518273493254743760","sign":"91E6CC7DFDA8E04629209F6A5D646FC5"}

【2025-08-16 15:24:11】
P2025081518273493254743760----返回：{"code":"000000","msg":"P2025081518273493254743760","data":{"date":"2025-08-15 18:27:41","eid":"E45756448202508152127itYtIU6xyEh","amount":"100","name":"Gabriella Pereira da Silva","cpf":"48567821851","bankname":"null","payBank":"","payCpf":"","pixkey":"15996906633","account":"5719608916","status":"done","order":"A20250815182735185110uWelkcG36"},"sign":"8CF2160ED4B90ACDCDF60493CED9CD3E"}

【2025-08-16 15:36:58】
P2025081518273493254743760----提交：{"custId":"24120300001308","appId":"8241201350","order":"P2025081518273493254743760","sign":"91E6CC7DFDA8E04629209F6A5D646FC5"}

【2025-08-16 15:36:58】
P2025081518273493254743760----返回：{"code":"000000","msg":"P2025081518273493254743760","data":{"date":"2025-08-15 18:27:41","eid":"E45756448202508152127itYtIU6xyEh","amount":"100","name":"Gabriella Pereira da Silva","cpf":"48567821851","bankname":"null","payBank":"","payCpf":"","pixkey":"15996906633","account":"5719608916","status":"done","order":"A20250815182735185110uWelkcG36"},"sign":"8CF2160ED4B90ACDCDF60493CED9CD3E"}

【2025-08-16 15:53:45】
P2025081615401069610325559----提交：{"custId":"24120300001308","appId":"8241201350","order":"P2025081615401069610325559","sign":"14C66970425306A18B984F2A745089C8"}

【2025-08-16 15:53:45】
P2025081615401069610325559----返回：{"code":"000000","msg":"P2025081615401069610325559","data":{"date":"2025-08-16 15:50:28","eid":"E372054472025081618401199514ea3f","amount":"800","name":"EMERSON PEREIRA COLMENERO","cpf":"43389194851","bankname":"ORBION GAMING LTDA","payBank":"","payCpf":"","pixkey":"43389194851","account":"60701190","status":"done","order":"A20250816154010962727ZcqwWhwqu"},"sign":"3BB6A61F32E63FA73A4EB39FC7220642"}

【2025-08-16 15:54:19】
P2025081611500555805452495----提交：{"custId":"24120300001308","appId":"8241201350","order":"P2025081611500555805452495","sign":"073B7D73C0704E460CE45140B329AEF3"}

【2025-08-16 15:54:19】
P2025081611500555805452495----返回：{"code":"000000","msg":"P2025081611500555805452495","data":{"date":"2025-08-16 11:50:10","eid":"E45756448202508161450j4brQ3iRk6w","amount":"100","name":"Givanildo Cosmo dos Santos","cpf":"8968773459","bankname":"null","payBank":"","payCpf":"","pixkey":"81996639607","account":"70752376","status":"done","order":"A20250816115005168493SKNrfhVhR"},"sign":"CAE7C46937139038B40AABD1EE032D98"}

【2025-08-16 15:54:22】
P2025081611500555805452495----提交：{"custId":"24120300001308","appId":"8241201350","order":"P2025081611500555805452495","sign":"073B7D73C0704E460CE45140B329AEF3"}

【2025-08-16 15:54:22】
P2025081611500555805452495----返回：{"code":"000000","msg":"P2025081611500555805452495","data":{"date":"2025-08-16 11:50:10","eid":"E45756448202508161450j4brQ3iRk6w","amount":"100","name":"Givanildo Cosmo dos Santos","cpf":"8968773459","bankname":"null","payBank":"","payCpf":"","pixkey":"81996639607","account":"70752376","status":"done","order":"A20250816115005168493SKNrfhVhR"},"sign":"CAE7C46937139038B40AABD1EE032D98"}

