【2025-08-16 20:01:56】
P2025081420035812638552023----提交：{"custId":"24120300001308","appId":"8241201350","order":"P2025081420035812638552023","sign":"F844B02C5907CA9503E51935F8F887B4"}

【2025-08-16 20:01:56】
P2025081420035812638552023----返回：{"code":"000000","msg":"P2025081420035812638552023","data":{"date":"2025-08-14 20:04:11","eid":"E3720544720250814230407942efb037","amount":"3600","name":"Jonas Santos de Lima","cpf":"37276650847","bankname":"ORBION GAMING LTDA","payBank":"","payCpf":"","pixkey":"11979602615","account":"18236120","status":"done","order":"A202508142003595334552EMrsPFr9"},"sign":"8B3158DA4642B341218566A1690D3E10"}

【2025-08-16 20:02:13】
P2025081420035812638552023----提交：{"custId":"24120300001308","appId":"8241201350","order":"P2025081420035812638552023","sign":"F844B02C5907CA9503E51935F8F887B4"}

【2025-08-16 20:02:14】
P2025081420035812638552023----返回：{"code":"000000","msg":"P2025081420035812638552023","data":{"date":"2025-08-14 20:04:11","eid":"E3720544720250814230407942efb037","amount":"3600","name":"Jonas Santos de Lima","cpf":"37276650847","bankname":"ORBION GAMING LTDA","payBank":"","payCpf":"","pixkey":"11979602615","account":"18236120","status":"done","order":"A202508142003595334552EMrsPFr9"},"sign":"8B3158DA4642B341218566A1690D3E10"}

【2025-08-16 20:02:35】
P2025081420035812638552023----提交：{"custId":"24120300001308","appId":"8241201350","order":"P2025081420035812638552023","sign":"F844B02C5907CA9503E51935F8F887B4"}

【2025-08-16 20:02:36】
P2025081420035812638552023----返回：{"code":"000000","msg":"P2025081420035812638552023","data":{"date":"2025-08-14 20:04:11","eid":"E3720544720250814230407942efb037","amount":"3600","name":"Jonas Santos de Lima","cpf":"37276650847","bankname":"ORBION GAMING LTDA","payBank":"","payCpf":"","pixkey":"11979602615","account":"18236120","status":"done","order":"A202508142003595334552EMrsPFr9"},"sign":"8B3158DA4642B341218566A1690D3E10"}

【2025-08-16 20:03:16】
P2025081420035812638552023----提交：{"custId":"24120300001308","appId":"8241201350","order":"P2025081420035812638552023","sign":"F844B02C5907CA9503E51935F8F887B4"}

【2025-08-16 20:03:17】
P2025081420035812638552023----返回：{"code":"000000","msg":"P2025081420035812638552023","data":{"date":"2025-08-14 20:04:11","eid":"E3720544720250814230407942efb037","amount":"3600","name":"Jonas Santos de Lima","cpf":"37276650847","bankname":"ORBION GAMING LTDA","payBank":"","payCpf":"","pixkey":"11979602615","account":"18236120","status":"done","order":"A202508142003595334552EMrsPFr9"},"sign":"8B3158DA4642B341218566A1690D3E10"}

【2025-08-16 20:03:56】
P2025081420035812638552023----提交：{"custId":"24120300001308","appId":"8241201350","order":"P2025081420035812638552023","sign":"F844B02C5907CA9503E51935F8F887B4"}

【2025-08-16 20:03:57】
P2025081420035812638552023----返回：{"code":"000000","msg":"P2025081420035812638552023","data":{"date":"2025-08-14 20:04:11","eid":"E3720544720250814230407942efb037","amount":"3600","name":"Jonas Santos de Lima","cpf":"37276650847","bankname":"ORBION GAMING LTDA","payBank":"","payCpf":"","pixkey":"11979602615","account":"18236120","status":"done","order":"A202508142003595334552EMrsPFr9"},"sign":"8B3158DA4642B341218566A1690D3E10"}

【2025-08-16 20:11:36】
P2025081617472377243225596----提交：{"custId":"24120300001308","appId":"8241201350","order":"P2025081617472377243225596","sign":"A385C80A871DC47A74A9E65CC714FFA4"}

【2025-08-16 20:11:36】
P2025081617472377243225596----返回：{"code":"000000","msg":"P2025081617472377243225596","data":{"date":"2025-08-16 17:47:29","eid":"E45756448202508162047LZWgaS6zIkK","amount":"100","name":"RONALDO ASSIS DE OLIVEIRA","cpf":"497257262","bankname":"null","payBank":"","payCpf":"","pixkey":"94991530015","account":"7456239","status":"done","order":"A20250816174723212690NIA2zfbqv"},"sign":"758598BCD070E4D87B777030419341CF"}

【2025-08-16 20:19:15】
P2025081619362983789848061----提交：{"custId":"24120300001308","appId":"8241201350","order":"P2025081619362983789848061","sign":"1E0F5F73B8A3F992C78C47A95D09E82F"}

【2025-08-16 20:19:16】
P2025081619362983789848061----返回：{"code":"000000","msg":"P2025081619362983789848061","data":{"date":"2025-08-16 19:36:35","eid":"E45756448202508162236pmaBgn0rQ0K","amount":"20","name":"MATEUS SILVA REIS","cpf":"7619741135","bankname":"null","payBank":"","payCpf":"","pixkey":"66992067300","account":"366392","status":"done","order":"A20250816193629039432pll7kamd1"},"sign":"267680EEC26290D632CE296A9A8E62BE"}

【2025-08-16 20:19:20】
P2025081619362983789848061----提交：{"custId":"24120300001308","appId":"8241201350","order":"P2025081619362983789848061","sign":"1E0F5F73B8A3F992C78C47A95D09E82F"}

【2025-08-16 20:19:20】
P2025081619362983789848061----返回：{"code":"000000","msg":"P2025081619362983789848061","data":{"date":"2025-08-16 19:36:35","eid":"E45756448202508162236pmaBgn0rQ0K","amount":"20","name":"MATEUS SILVA REIS","cpf":"7619741135","bankname":"null","payBank":"","payCpf":"","pixkey":"66992067300","account":"366392","status":"done","order":"A20250816193629039432pll7kamd1"},"sign":"267680EEC26290D632CE296A9A8E62BE"}

