【2025-08-16 19:01:40】
P2025081618390080340607402----提交：{"custId":"24120300001308","appId":"8241201350","order":"P2025081618390080340607402","sign":"E40E565AAFCAF462FCD4D9843496035F"}

【2025-08-16 19:01:40】
P2025081618390080340607402----返回：{"code":"000000","msg":"P2025081618390080340607402","data":{"date":"2025-08-16 18:39:06","eid":"E4575644820250816213906kBMzbcw0K","amount":"20","name":"VANESSA DE SOUZA SANTOS DOS REIS","cpf":"13639580702","bankname":"null","payBank":"","payCpf":"","pixkey":"13639580702","account":"12880000007642060271","status":"done","order":"A20250816183901474364PrEHm4k7i"},"sign":"B878625E2EEE92296D5BD14550BA46E0"}

【2025-08-16 19:01:44】
P2025081618390080340607402----提交：{"custId":"24120300001308","appId":"8241201350","order":"P2025081618390080340607402","sign":"E40E565AAFCAF462FCD4D9843496035F"}

【2025-08-16 19:01:44】
P2025081618390080340607402----返回：{"code":"000000","msg":"P2025081618390080340607402","data":{"date":"2025-08-16 18:39:06","eid":"E4575644820250816213906kBMzbcw0K","amount":"20","name":"VANESSA DE SOUZA SANTOS DOS REIS","cpf":"13639580702","bankname":"null","payBank":"","payCpf":"","pixkey":"13639580702","account":"12880000007642060271","status":"done","order":"A20250816183901474364PrEHm4k7i"},"sign":"B878625E2EEE92296D5BD14550BA46E0"}

【2025-08-16 19:15:43】
P2025081618360180161053942----提交：{"custId":"24120300001308","appId":"8241201350","order":"P2025081618360180161053942","sign":"B8F5F42D8D74F886BE118654AA1D0CA8"}

【2025-08-16 19:15:43】
P2025081618360180161053942----返回：{"code":"000000","msg":"P2025081618360180161053942","data":{"date":"2025-08-16 18:36:07","eid":"E45756448202508162136RRdjWd58kqd","amount":"60","name":"Geovana Francisca de Souza Camelo","cpf":"10020164289","bankname":"null","payBank":"","payCpf":"","pixkey":"10020164289","account":"958529272","status":"done","order":"A20250816183601906838VWhnqln8c"},"sign":"D508D061CB3538A4F09737DB1A9E4F09"}

【2025-08-16 19:15:45】
P2025081618360180161053942----提交：{"custId":"24120300001308","appId":"8241201350","order":"P2025081618360180161053942","sign":"B8F5F42D8D74F886BE118654AA1D0CA8"}

【2025-08-16 19:15:45】
P2025081618360180161053942----返回：{"code":"000000","msg":"P2025081618360180161053942","data":{"date":"2025-08-16 18:36:07","eid":"E45756448202508162136RRdjWd58kqd","amount":"60","name":"Geovana Francisca de Souza Camelo","cpf":"10020164289","bankname":"null","payBank":"","payCpf":"","pixkey":"10020164289","account":"958529272","status":"done","order":"A20250816183601906838VWhnqln8c"},"sign":"D508D061CB3538A4F09737DB1A9E4F09"}

【2025-08-16 19:15:52】
P2025081618190479144526355----提交：{"custId":"24120300001308","appId":"8241201350","order":"P2025081618190479144526355","sign":"60443466F47194013F5CA40EA30F84DF"}

【2025-08-16 19:15:52】
P2025081618190479144526355----返回：{"code":"000000","msg":"P2025081618190479144526355","data":{"date":"2025-08-16 18:19:10","eid":"E4575644820250816211953cXqNfhh06","amount":"15","name":"Erika Bento dos Anjos Silverio","cpf":"11307656951","bankname":"null","payBank":"","payCpf":"","pixkey":"48991131298","account":"427028978","status":"done","order":"A20250816181904456759Yeeyzr8ch"},"sign":"3C0AC16CB68AE220D523D03DB6974F8A"}

【2025-08-16 19:22:12】
P2025081614104764247496462----提交：{"custId":"24120300001308","appId":"8241201350","order":"P2025081614104764247496462","sign":"821E43349F09D38741631ACCEE39BB62"}

【2025-08-16 19:22:12】
P2025081614104764247496462----返回：{"code":"000000","msg":"P2025081614104764247496462","data":{"date":"2025-08-16 14:10:53","eid":"E45756448202508161710gNZMq1yrtUu","amount":"400","name":"SIDINEI FRANCISCO DE JESUS","cpf":"11863577629","bankname":"null","payBank":"","payCpf":"","pixkey":"73998358471","account":"120457326","status":"done","order":"A2025081614104784309363bbNEucW"},"sign":"7F3EC94E9DFDAE92FADB96E922E558B6"}

【2025-08-16 19:41:57】
P2025081617505877458682959----提交：{"custId":"24120300001308","appId":"8241201350","order":"P2025081617505877458682959","sign":"32088214946BCC28A35F808D960EF1F3"}

【2025-08-16 19:41:57】
P2025081617505877458682959----返回：{"code":"000000","msg":"P2025081617505877458682959","data":{"date":"2025-08-16 17:51:03","eid":"E45756448202508162050fEy2gL2L2Ea","amount":"55","name":"ROBSON KAUE DA CONCEICAO","cpf":"11106377990","bankname":"null","payBank":"","payCpf":"","pixkey":"45991421256","account":"1245686","status":"done","order":"A20250816175058703235h9gQFPcIy"},"sign":"FA024479BE52F9FB88B53DA92A4A74BB"}

【2025-08-16 19:42:03】
P2025081617505877458682959----提交：{"custId":"24120300001308","appId":"8241201350","order":"P2025081617505877458682959","sign":"32088214946BCC28A35F808D960EF1F3"}

【2025-08-16 19:42:03】
P2025081617505877458682959----返回：{"code":"000000","msg":"P2025081617505877458682959","data":{"date":"2025-08-16 17:51:03","eid":"E45756448202508162050fEy2gL2L2Ea","amount":"55","name":"ROBSON KAUE DA CONCEICAO","cpf":"11106377990","bankname":"null","payBank":"","payCpf":"","pixkey":"45991421256","account":"1245686","status":"done","order":"A20250816175058703235h9gQFPcIy"},"sign":"FA024479BE52F9FB88B53DA92A4A74BB"}

【2025-08-16 19:57:11】
P2025081619083182111018898----提交：{"custId":"24120300001308","appId":"8241201350","order":"P2025081619083182111018898","sign":"B3130C0CEB30C78BA38C80189A3683A6"}

【2025-08-16 19:57:11】
P2025081619083182111018898----返回：{"code":"000000","msg":"P2025081619083182111018898","data":{"date":"2025-08-16 19:08:37","eid":"E3720544720250816220832210f77549","amount":"50","name":"ODENICIA GOMES DA SILVA","cpf":"08167905403","bankname":"ORBION GAMING LTDA","payBank":"","payCpf":"","pixkey":"08167905403","account":"00360305","status":"done","order":"A202508161908327187304ngnE6Rhq"},"sign":"B49C9E4404722AE7EC00F1D597E7457D"}

【2025-08-16 19:57:13】
P2025081619083182111018898----提交：{"custId":"24120300001308","appId":"8241201350","order":"P2025081619083182111018898","sign":"B3130C0CEB30C78BA38C80189A3683A6"}

【2025-08-16 19:57:13】
P2025081619083182111018898----返回：{"code":"000000","msg":"P2025081619083182111018898","data":{"date":"2025-08-16 19:08:37","eid":"E3720544720250816220832210f77549","amount":"50","name":"ODENICIA GOMES DA SILVA","cpf":"08167905403","bankname":"ORBION GAMING LTDA","payBank":"","payCpf":"","pixkey":"08167905403","account":"00360305","status":"done","order":"A202508161908327187304ngnE6Rhq"},"sign":"B49C9E4404722AE7EC00F1D597E7457D"}

【2025-08-16 19:58:08】
P2025081619564185001232133----提交：{"custId":"24120300001308","appId":"8241201350","order":"P2025081619564185001232133","sign":"503867578232F1DE57A844F47942E295"}

【2025-08-16 19:58:08】
P2025081619564185001232133----返回：{"code":"000000","msg":"P2025081619564185001232133","data":{"date":"2025-08-16 19:56:47","eid":"E457564482025081622564rFzOulHbkP","amount":"4936","name":"LOURIVAL GOMES DE MOURA","cpf":"2920109154","bankname":"null","payBank":"","payCpf":"","pixkey":"02920109154","account":"37010000005852266449","status":"done","order":"A20250816195641480980iTnztKsNQ"},"sign":"28AEF1F82FAAE1215F54AC90F790EE27"}

【2025-08-16 19:58:10】
P2025081619564185001232133----提交：{"custId":"24120300001308","appId":"8241201350","order":"P2025081619564185001232133","sign":"503867578232F1DE57A844F47942E295"}

【2025-08-16 19:58:10】
P2025081619564185001232133----返回：{"code":"000000","msg":"P2025081619564185001232133","data":{"date":"2025-08-16 19:56:47","eid":"E457564482025081622564rFzOulHbkP","amount":"4936","name":"LOURIVAL GOMES DE MOURA","cpf":"2920109154","bankname":"null","payBank":"","payCpf":"","pixkey":"02920109154","account":"37010000005852266449","status":"done","order":"A20250816195641480980iTnztKsNQ"},"sign":"28AEF1F82FAAE1215F54AC90F790EE27"}

