【2025-08-16 16:09:01】
P2025081613591463554499301----提交：{"custId":"24120300001308","appId":"8241201350","order":"P2025081613591463554499301","sign":"9F0E3A333E5069F80B566C828F54900B"}

【2025-08-16 16:09:01】
P2025081613591463554499301----返回：{"code":"000000","msg":"P2025081613591463554499301","data":{"date":"2025-08-16 13:59:20","eid":"E45756448202508161659O2STqvapkUi","amount":"20","name":"Michelle Barboza da Silva","cpf":"15093559792","bankname":"null","payBank":"","payCpf":"","pixkey":"21980156856","account":"799349410","status":"done","order":"A20250816135914340598pVsQPwi98"},"sign":"680F8D8B70DEB18BBDEFA33FACC282A2"}

【2025-08-16 16:09:03】
P2025081613591463554499301----提交：{"custId":"24120300001308","appId":"8241201350","order":"P2025081613591463554499301","sign":"9F0E3A333E5069F80B566C828F54900B"}

【2025-08-16 16:09:03】
P2025081613591463554499301----返回：{"code":"000000","msg":"P2025081613591463554499301","data":{"date":"2025-08-16 13:59:20","eid":"E45756448202508161659O2STqvapkUi","amount":"20","name":"Michelle Barboza da Silva","cpf":"15093559792","bankname":"null","payBank":"","payCpf":"","pixkey":"21980156856","account":"799349410","status":"done","order":"A20250816135914340598pVsQPwi98"},"sign":"680F8D8B70DEB18BBDEFA33FACC282A2"}

【2025-08-16 16:14:35】
P2025081614383865918864417----提交：{"custId":"24120300001308","appId":"8241201350","order":"P2025081614383865918864417","sign":"DDE0E602EF2E193578D09B681E34708D"}

【2025-08-16 16:14:35】
P2025081614383865918864417----返回：{"code":"000000","msg":"P2025081614383865918864417","data":{"date":"2025-08-16 14:38:44","eid":"E45756448202508161738YvFAshWWLk2","amount":"10","name":"Wanderson Rodrigues Silva","cpf":"70397071108","bankname":"null","payBank":"","payCpf":"","pixkey":"jolpazsq0125@gmail.com","account":"6548757861","status":"done","order":"A202508161438388334846M2ZxVlb4"},"sign":"B2C19FA225852BEA07732F091BD9C56D"}

【2025-08-16 16:14:41】
P2025081614383865918864417----提交：{"custId":"24120300001308","appId":"8241201350","order":"P2025081614383865918864417","sign":"DDE0E602EF2E193578D09B681E34708D"}

【2025-08-16 16:14:42】
P2025081614383865918864417----返回：{"code":"000000","msg":"P2025081614383865918864417","data":{"date":"2025-08-16 14:38:44","eid":"E45756448202508161738YvFAshWWLk2","amount":"10","name":"Wanderson Rodrigues Silva","cpf":"70397071108","bankname":"null","payBank":"","payCpf":"","pixkey":"jolpazsq0125@gmail.com","account":"6548757861","status":"done","order":"A202508161438388334846M2ZxVlb4"},"sign":"B2C19FA225852BEA07732F091BD9C56D"}

【2025-08-16 16:27:50】
P2025081614104764247496462----提交：{"custId":"24120300001308","appId":"8241201350","order":"P2025081614104764247496462","sign":"821E43349F09D38741631ACCEE39BB62"}

【2025-08-16 16:27:50】
P2025081614104764247496462----返回：{"code":"000000","msg":"P2025081614104764247496462","data":{"date":"2025-08-16 14:10:53","eid":"E45756448202508161710gNZMq1yrtUu","amount":"400","name":"SIDINEI FRANCISCO DE JESUS","cpf":"11863577629","bankname":"null","payBank":"","payCpf":"","pixkey":"73998358471","account":"120457326","status":"done","order":"A2025081614104784309363bbNEucW"},"sign":"7F3EC94E9DFDAE92FADB96E922E558B6"}

【2025-08-16 16:27:52】
P2025081614104764247496462----提交：{"custId":"24120300001308","appId":"8241201350","order":"P2025081614104764247496462","sign":"821E43349F09D38741631ACCEE39BB62"}

【2025-08-16 16:27:52】
P2025081614104764247496462----返回：{"code":"000000","msg":"P2025081614104764247496462","data":{"date":"2025-08-16 14:10:53","eid":"E45756448202508161710gNZMq1yrtUu","amount":"400","name":"SIDINEI FRANCISCO DE JESUS","cpf":"11863577629","bankname":"null","payBank":"","payCpf":"","pixkey":"73998358471","account":"120457326","status":"done","order":"A2025081614104784309363bbNEucW"},"sign":"7F3EC94E9DFDAE92FADB96E922E558B6"}

【2025-08-16 16:44:43】
P2025081523103910239362254----提交：{"custId":"24120300001308","appId":"8241201350","order":"P2025081523103910239362254","sign":"5547E353346D9A47741623476E6B1BC1"}

【2025-08-16 16:44:43】
P2025081523103910239362254----返回：{"code":"000000","msg":"P2025081523103910239362254","data":{"date":"2025-08-15 23:10:42","eid":"E3720544720250816021039649bb1a5e","amount":"100","name":"SANDRA RODRIGUES DOS SANTOS","cpf":"03280262984","bankname":"ORBION GAMING LTDA","payBank":"","payCpf":"","pixkey":"44999210295","account":"60701190","status":"done","order":"A20250815231039706389ad6Cg5upJ"},"sign":"B91B8C79A651A6776092CD97A7470985"}

【2025-08-16 16:44:54】
P2025081523103910239362254----提交：{"custId":"24120300001308","appId":"8241201350","order":"P2025081523103910239362254","sign":"5547E353346D9A47741623476E6B1BC1"}

【2025-08-16 16:44:54】
P2025081523103910239362254----返回：{"code":"000000","msg":"P2025081523103910239362254","data":{"date":"2025-08-15 23:10:42","eid":"E3720544720250816021039649bb1a5e","amount":"100","name":"SANDRA RODRIGUES DOS SANTOS","cpf":"03280262984","bankname":"ORBION GAMING LTDA","payBank":"","payCpf":"","pixkey":"44999210295","account":"60701190","status":"done","order":"A20250815231039706389ad6Cg5upJ"},"sign":"B91B8C79A651A6776092CD97A7470985"}

【2025-08-16 16:53:56】
P2025081615400669606295031----提交：{"custId":"24120300001308","appId":"8241201350","order":"P2025081615400669606295031","sign":"A8078BD9539A4F2FAEDC3E68AF487344"}

【2025-08-16 16:53:56】
P2025081615400669606295031----返回：{"code":"000000","msg":"P2025081615400669606295031","data":{"date":"2025-08-16 15:40:14","eid":"E37205447202508161840077492d92c6","amount":"45","name":"Crislene Alves de Lima","cpf":"10865680442","bankname":"ORBION GAMING LTDA","payBank":"","payCpf":"","pixkey":"87981370465","account":"18236120","status":"done","order":"A20250816154006397295LQwf1Tz8j"},"sign":"4FC1DDBEBA45DE0F2A32B3771954C75D"}

【2025-08-16 16:54:29】
P2025081615400669606295031----提交：{"custId":"24120300001308","appId":"8241201350","order":"P2025081615400669606295031","sign":"A8078BD9539A4F2FAEDC3E68AF487344"}

【2025-08-16 16:54:29】
P2025081615400669606295031----返回：{"code":"000000","msg":"P2025081615400669606295031","data":{"date":"2025-08-16 15:40:14","eid":"E37205447202508161840077492d92c6","amount":"45","name":"Crislene Alves de Lima","cpf":"10865680442","bankname":"ORBION GAMING LTDA","payBank":"","payCpf":"","pixkey":"87981370465","account":"18236120","status":"done","order":"A20250816154006397295LQwf1Tz8j"},"sign":"4FC1DDBEBA45DE0F2A32B3771954C75D"}

