【2025-08-16 00:17:08】
P2025081600143414074898100----提交：{"custId":"24120300001308","appId":"8241201350","order":"P2025081600143414074898100","sign":"4848E12750FCA05DB4846B9B5CF9E2D4"}

【2025-08-16 00:17:08】
P2025081600143414074898100----返回：{"code":"000000","msg":"P2025081600143414074898100","data":{"date":"2025-08-16 00:16:54","eid":"E37205447202508160314352669422a7","amount":"90","name":"JOSE RICARDO PAJAU FERREIRA","cpf":"11822603730","bankname":"ORBION GAMING LTDA","payBank":"","payCpf":"","pixkey":"11822603730","account":"00360305","status":"done","order":"A20250816001434868358dLIQ6P9m4"},"sign":"BE31E68A872D5C7B2687D8D4FA0C7553"}

【2025-08-16 00:24:48】
P2025081523483112511568471----提交：{"custId":"24120300001308","appId":"8241201350","order":"P2025081523483112511568471","sign":"9C1BC12D1409C382BA39988A27A5B968"}

【2025-08-16 00:24:48】
P2025081523483112511568471----返回：{"code":"000000","msg":"P2025081523483112511568471","data":{"date":"2025-08-15 23:48:33","eid":"E3720544720250816024831887574d0a","amount":"350","name":"FABIO NOLETO BOTELHO","cpf":"02846422150","bankname":"ORBION GAMING LTDA","payBank":"","payCpf":"","pixkey":"02846422150","account":"24654881","status":"done","order":"A20250815234831193083BYtNQRqfK"},"sign":"2EA261AF78DA71FFF4BDAD928BADF9A6"}

【2025-08-16 00:24:51】
P2025081523483112511568471----提交：{"custId":"24120300001308","appId":"8241201350","order":"P2025081523483112511568471","sign":"9C1BC12D1409C382BA39988A27A5B968"}

【2025-08-16 00:24:51】
P2025081523483112511568471----返回：{"code":"000000","msg":"P2025081523483112511568471","data":{"date":"2025-08-15 23:48:33","eid":"E3720544720250816024831887574d0a","amount":"350","name":"FABIO NOLETO BOTELHO","cpf":"02846422150","bankname":"ORBION GAMING LTDA","payBank":"","payCpf":"","pixkey":"02846422150","account":"24654881","status":"done","order":"A20250815234831193083BYtNQRqfK"},"sign":"2EA261AF78DA71FFF4BDAD928BADF9A6"}

【2025-08-16 00:31:25】
P2025081522404708447157971----提交：{"custId":"24120300001308","appId":"8241201350","order":"P2025081522404708447157971","sign":"75286D141C5E1ADF2E56D9056FD1D0D0"}

【2025-08-16 00:31:25】
P2025081522404708447157971----返回：{"code":"000000","msg":"P2025081522404708447157971","data":{"date":"2025-08-15 22:40:50","eid":"E3720544720250816014047969257c55","amount":"170","name":"Vivaldo Rodrigues de Brito","cpf":"06026563466","bankname":"ORBION GAMING LTDA","payBank":"","payCpf":"","pixkey":"11973324442","account":"10573521","status":"done","order":"A20250815224047365786WdAFTsuVb"},"sign":"160E1ED0D9B0BD365967A46A1002003B"}

【2025-08-16 00:31:27】
P2025081522404708447157971----提交：{"custId":"24120300001308","appId":"8241201350","order":"P2025081522404708447157971","sign":"75286D141C5E1ADF2E56D9056FD1D0D0"}

【2025-08-16 00:31:27】
P2025081522404708447157971----返回：{"code":"000000","msg":"P2025081522404708447157971","data":{"date":"2025-08-15 22:40:50","eid":"E3720544720250816014047969257c55","amount":"170","name":"Vivaldo Rodrigues de Brito","cpf":"06026563466","bankname":"ORBION GAMING LTDA","payBank":"","payCpf":"","pixkey":"11973324442","account":"10573521","status":"done","order":"A20250815224047365786WdAFTsuVb"},"sign":"160E1ED0D9B0BD365967A46A1002003B"}

【2025-08-16 00:33:16】
P2025081600310015060238832----提交：{"custId":"24120300001308","appId":"8241201350","order":"P2025081600310015060238832","sign":"1D5EFAFD0C2FD2800785B0ED7EA6DEB7"}

【2025-08-16 00:33:16】
P2025081600310015060238832----返回：{"code":"000000","msg":"P2025081600310015060238832","data":{"date":"2025-08-16 00:33:05","eid":"E3720544720250816033302946fa1805","amount":"8000","name":"Dizieli Mara Pinheiro Cenci","cpf":"08517137930","bankname":"ORBION GAMING LTDA","payBank":"","payCpf":"","pixkey":"43988262624","account":"18236120","status":"done","order":"A20250816003302088704JeQinUftW"},"sign":"51EA3A9A79C3623724F1597C3BC240A6"}

【2025-08-16 00:43:02】
P2025081600403315633993973----提交：{"custId":"24120300001308","appId":"8241201350","order":"P2025081600403315633993973","sign":"EF58CFC8E64EA918743A21B4CD1F9EDA"}

【2025-08-16 00:43:02】
P2025081600403315633993973----返回：{"code":"000000","msg":"P2025081600403315633993973","data":{"date":"2025-08-16 00:42:37","eid":"E372054472025081603403357565beee","amount":"1199","name":"Haydee Maria Santos de Araujo","cpf":"45731420530","bankname":"ORBION GAMING LTDA","payBank":"","payCpf":"","pixkey":"71988245511","account":"18236120","status":"done","order":"A202508160040332913863PI52vIkd"},"sign":"B2A5BFAAC250DABA63E819CB0C9302E5"}

