【2025-08-16 18:01:20】
P2025081611142853668929352----提交：{"custId":"24120300001308","appId":"8241201350","order":"P2025081611142853668929352","sign":"B5BC5FB813AD12088AD4355A791AEE43"}

【2025-08-16 18:01:20】
P2025081611142853668929352----返回：{"code":"000000","msg":"P2025081611142853668929352","data":{"date":"2025-08-16 11:14:34","eid":"E45756448202508161414rjorJkyBk0u","amount":"70","name":"Maria da Penha Silva","cpf":"979419727","bankname":"null","payBank":"","payCpf":"","pixkey":"27992565661","account":"74437488417","status":"done","order":"A20250816111429901455yEdRw5KvI"},"sign":"28587A98A47AFE01B1262905A3D6A699"}

【2025-08-16 18:02:46】
P2025081611142853668929352----提交：{"custId":"24120300001308","appId":"8241201350","order":"P2025081611142853668929352","sign":"B5BC5FB813AD12088AD4355A791AEE43"}

【2025-08-16 18:02:46】
P2025081611142853668929352----返回：{"code":"000000","msg":"P2025081611142853668929352","data":{"date":"2025-08-16 11:14:34","eid":"E45756448202508161414rjorJkyBk0u","amount":"70","name":"Maria da Penha Silva","cpf":"979419727","bankname":"null","payBank":"","payCpf":"","pixkey":"27992565661","account":"74437488417","status":"done","order":"A20250816111429901455yEdRw5KvI"},"sign":"28587A98A47AFE01B1262905A3D6A699"}

【2025-08-16 18:24:19】
P2025081618231979399388933----提交：{"custId":"24120300001308","appId":"8241201350","order":"P2025081618231979399388933","sign":"702F59EB40AD8F95C51F938C63093CEA"}

【2025-08-16 18:24:20】
P2025081618231979399388933----返回：{"code":"000000","msg":"P2025081618231979399388933","data":{"date":"2025-08-16 18:23:24","eid":"E45756448202508162123Q3I4wn21XkS","amount":"50","name":"Silvana Bezerra Marinho","cpf":"12240632364","bankname":"null","payBank":"","payCpf":"","pixkey":"99984815657","account":"7827479839","status":"done","order":"A2025081618231908572555NXpS5Yb"},"sign":"0D31D69C18C1BE0586E52C2B6D4AB582"}

【2025-08-16 18:24:21】
P2025081618231979399388933----提交：{"custId":"24120300001308","appId":"8241201350","order":"P2025081618231979399388933","sign":"702F59EB40AD8F95C51F938C63093CEA"}

【2025-08-16 18:24:21】
P2025081618231979399388933----返回：{"code":"000000","msg":"P2025081618231979399388933","data":{"date":"2025-08-16 18:23:24","eid":"E45756448202508162123Q3I4wn21XkS","amount":"50","name":"Silvana Bezerra Marinho","cpf":"12240632364","bankname":"null","payBank":"","payCpf":"","pixkey":"99984815657","account":"7827479839","status":"done","order":"A2025081618231908572555NXpS5Yb"},"sign":"0D31D69C18C1BE0586E52C2B6D4AB582"}

【2025-08-16 18:42:38】
P2025081618352380123697206----提交：{"custId":"24120300001308","appId":"8241201350","order":"P2025081618352380123697206","sign":"19943FBAED479A52470B47D8454891F3"}

【2025-08-16 18:42:39】
P2025081618352380123697206----返回：{"code":"000000","msg":"P2025081618352380123697206","data":{"date":"2025-08-16 18:35:30","eid":"E45756448202508162135kwosbUMTCk5","amount":"80.25","name":"TAYARA VITORIA DOS REIS CAMARGO","cpf":"7448358286","bankname":"null","payBank":"","payCpf":"","pixkey":"07448358286","account":"260604240","status":"done","order":"A20250816183523976301fKaZH3bSx"},"sign":"B4F51895CE01892A2E1B16CCB4E4A714"}

【2025-08-16 18:42:44】
P2025081618352380123697206----提交：{"custId":"24120300001308","appId":"8241201350","order":"P2025081618352380123697206","sign":"19943FBAED479A52470B47D8454891F3"}

【2025-08-16 18:42:44】
P2025081618352380123697206----返回：{"code":"000000","msg":"P2025081618352380123697206","data":{"date":"2025-08-16 18:35:30","eid":"E45756448202508162135kwosbUMTCk5","amount":"80.25","name":"TAYARA VITORIA DOS REIS CAMARGO","cpf":"7448358286","bankname":"null","payBank":"","payCpf":"","pixkey":"07448358286","account":"260604240","status":"done","order":"A20250816183523976301fKaZH3bSx"},"sign":"B4F51895CE01892A2E1B16CCB4E4A714"}

【2025-08-16 18:45:20】
P2025081615554470544461951----提交：{"custId":"24120300001308","appId":"8241201350","order":"P2025081615554470544461951","sign":"71096F0D2C83A59C9C979265381AC76F"}

【2025-08-16 18:45:20】
P2025081615554470544461951----返回：{"code":"000000","msg":"P2025081615554470544461951","data":{"date":"2025-08-16 15:55:50","eid":"E45756448202508161855QMk8koy0E6l","amount":"10","name":"ADILENE MARQUES DOS SANTOS","cpf":"13245768478","bankname":"null","payBank":"","payCpf":"","pixkey":"83986020590","account":"12880000007957854258","status":"done","order":"A20250816155544664664xMr82TwXF"},"sign":"EB0D037C8375E93ECFE2450848464223"}

【2025-08-16 18:51:38】
P2025081618190479144526355----提交：{"custId":"24120300001308","appId":"8241201350","order":"P2025081618190479144526355","sign":"60443466F47194013F5CA40EA30F84DF"}

【2025-08-16 18:51:38】
P2025081618190479144526355----返回：{"code":"000000","msg":"P2025081618190479144526355","data":{"date":"2025-08-16 18:19:10","eid":"E4575644820250816211953cXqNfhh06","amount":"15","name":"Erika Bento dos Anjos Silverio","cpf":"11307656951","bankname":"null","payBank":"","payCpf":"","pixkey":"48991131298","account":"427028978","status":"done","order":"A20250816181904456759Yeeyzr8ch"},"sign":"3C0AC16CB68AE220D523D03DB6974F8A"}

【2025-08-16 18:51:40】
P2025081618190479144526355----提交：{"custId":"24120300001308","appId":"8241201350","order":"P2025081618190479144526355","sign":"60443466F47194013F5CA40EA30F84DF"}

【2025-08-16 18:51:40】
P2025081618190479144526355----返回：{"code":"000000","msg":"P2025081618190479144526355","data":{"date":"2025-08-16 18:19:10","eid":"E4575644820250816211953cXqNfhh06","amount":"15","name":"Erika Bento dos Anjos Silverio","cpf":"11307656951","bankname":"null","payBank":"","payCpf":"","pixkey":"48991131298","account":"427028978","status":"done","order":"A20250816181904456759Yeeyzr8ch"},"sign":"3C0AC16CB68AE220D523D03DB6974F8A"}

【2025-08-16 18:52:07】
P2025081617472377243225596----提交：{"custId":"24120300001308","appId":"8241201350","order":"P2025081617472377243225596","sign":"A385C80A871DC47A74A9E65CC714FFA4"}

【2025-08-16 18:52:07】
P2025081617472377243225596----返回：{"code":"000000","msg":"P2025081617472377243225596","data":{"date":"2025-08-16 17:47:29","eid":"E45756448202508162047LZWgaS6zIkK","amount":"100","name":"RONALDO ASSIS DE OLIVEIRA","cpf":"497257262","bankname":"null","payBank":"","payCpf":"","pixkey":"94991530015","account":"7456239","status":"done","order":"A20250816174723212690NIA2zfbqv"},"sign":"758598BCD070E4D87B777030419341CF"}

【2025-08-16 18:52:14】
P2025081617472377243225596----提交：{"custId":"24120300001308","appId":"8241201350","order":"P2025081617472377243225596","sign":"A385C80A871DC47A74A9E65CC714FFA4"}

【2025-08-16 18:52:14】
P2025081617472377243225596----返回：{"code":"000000","msg":"P2025081617472377243225596","data":{"date":"2025-08-16 17:47:29","eid":"E45756448202508162047LZWgaS6zIkK","amount":"100","name":"RONALDO ASSIS DE OLIVEIRA","cpf":"497257262","bankname":"null","payBank":"","payCpf":"","pixkey":"94991530015","account":"7456239","status":"done","order":"A20250816174723212690NIA2zfbqv"},"sign":"758598BCD070E4D87B777030419341CF"}

