【2025-08-16 02:01:10】
P2025081602001920419913489----提交：{"custId":"24120300001308","appId":"8241201350","order":"P2025081602001920419913489","sign":"3CB0A1F20F917D1D283FDDD2B44853D8"}

【2025-08-16 02:01:10】
P2025081602001920419913489----返回：{"code":"000000","msg":"P2025081602001920419913489","data":{"date":"2025-08-16 02:00:50","eid":"E3720544720250816050047254c28a1f","amount":"700","name":"Gisele Araújo da Silva Moura","cpf":"09738815509","bankname":"ORBION GAMING LTDA","payBank":"","payCpf":"","pixkey":"09738815509","account":"18236120","status":"done","order":"A20250816020019626189v2hDVK4V9"},"sign":"FF6735F2E7534208A6FFF5855A14E324"}

【2025-08-16 02:01:14】
P2025081602001920419913489----提交：{"custId":"24120300001308","appId":"8241201350","order":"P2025081602001920419913489","sign":"3CB0A1F20F917D1D283FDDD2B44853D8"}

【2025-08-16 02:01:14】
P2025081602001920419913489----返回：{"code":"000000","msg":"P2025081602001920419913489","data":{"date":"2025-08-16 02:00:50","eid":"E3720544720250816050047254c28a1f","amount":"700","name":"Gisele Araújo da Silva Moura","cpf":"09738815509","bankname":"ORBION GAMING LTDA","payBank":"","payCpf":"","pixkey":"09738815509","account":"18236120","status":"done","order":"A20250816020019626189v2hDVK4V9"},"sign":"FF6735F2E7534208A6FFF5855A14E324"}

【2025-08-16 02:25:37】
P2025081602240521845826796----提交：{"custId":"24120300001308","appId":"8241201350","order":"P2025081602240521845826796","sign":"8463CE7CD930E3E3A9E2F37BE7D2FEC6"}

【2025-08-16 02:25:37】
P2025081602240521845826796----返回：{"code":"000000","msg":"P2025081602240521845826796","data":{"date":"2025-08-16 02:24:08","eid":"E37205447202508160524058105fa6a8","amount":"10","name":"RODRIGO GOMES CORREA","cpf":"09225524285","bankname":"ORBION GAMING LTDA","payBank":"","payCpf":"","pixkey":"09225524285","account":"60701190","status":"done","order":"A20250816022405959898h6sswKfQY"},"sign":"087BE04C271B65859DD8A4DDFE8C0DFC"}

【2025-08-16 02:25:40】
P2025081602240521845826796----提交：{"custId":"24120300001308","appId":"8241201350","order":"P2025081602240521845826796","sign":"8463CE7CD930E3E3A9E2F37BE7D2FEC6"}

【2025-08-16 02:25:40】
P2025081602240521845826796----返回：{"code":"000000","msg":"P2025081602240521845826796","data":{"date":"2025-08-16 02:24:08","eid":"E37205447202508160524058105fa6a8","amount":"10","name":"RODRIGO GOMES CORREA","cpf":"09225524285","bankname":"ORBION GAMING LTDA","payBank":"","payCpf":"","pixkey":"09225524285","account":"60701190","status":"done","order":"A20250816022405959898h6sswKfQY"},"sign":"087BE04C271B65859DD8A4DDFE8C0DFC"}

【2025-08-16 02:27:24】
P2025081602265722017934607----提交：{"custId":"24120300001308","appId":"8241201350","order":"P2025081602265722017934607","sign":"A2B192659A0F1C50A39FEDABD41DACC9"}

【2025-08-16 02:27:25】
P2025081602265722017934607----返回：{"code":"000000","msg":"P2025081602265722017934607","data":{"date":"2025-08-16 02:27:00","eid":"E37205447202508160526579779e2814","amount":"40","name":"Leandro Dias Silva","cpf":"10081059612","bankname":"ORBION GAMING LTDA","payBank":"","payCpf":"","pixkey":"10081059612","account":"18236120","status":"done","order":"A20250816022657755664Ug9kKD5tK"},"sign":"BF9F7A68A81FBC71A1D11DEB1CB0658D"}

【2025-08-16 02:27:27】
P2025081602265722017934607----提交：{"custId":"24120300001308","appId":"8241201350","order":"P2025081602265722017934607","sign":"A2B192659A0F1C50A39FEDABD41DACC9"}

【2025-08-16 02:27:27】
P2025081602265722017934607----返回：{"code":"000000","msg":"P2025081602265722017934607","data":{"date":"2025-08-16 02:27:00","eid":"E37205447202508160526579779e2814","amount":"40","name":"Leandro Dias Silva","cpf":"10081059612","bankname":"ORBION GAMING LTDA","payBank":"","payCpf":"","pixkey":"10081059612","account":"18236120","status":"done","order":"A20250816022657755664Ug9kKD5tK"},"sign":"BF9F7A68A81FBC71A1D11DEB1CB0658D"}

