【2025-08-16 11:09:29】
P2025081507295553795699065----提交：{"custId":"24120300001308","appId":"8241201350","order":"P2025081507295553795699065","sign":"A1460AE1044090F37BEACCB6FDF59A38"}

【2025-08-16 11:09:29】
P2025081507295553795699065----返回：{"code":"000000","msg":"P2025081507295553795699065","data":{"date":"2025-08-15 07:30:01","eid":"E45756448202508151029uDR9938kuUi","amount":"70","name":"Janaina Santos Lima","cpf":"60730117332","bankname":"null","payBank":"","payCpf":"","pixkey":"19998543800","account":"529468244","status":"done","order":"A20250815072955338115f8e5QWbya"},"sign":"EA0E50E24AE9AD9E4AA82442FF31C2EC"}

【2025-08-16 11:12:54】
P2025081507295553795699065----提交：{"custId":"24120300001308","appId":"8241201350","order":"P2025081507295553795699065","sign":"A1460AE1044090F37BEACCB6FDF59A38"}

【2025-08-16 11:12:54】
P2025081507295553795699065----返回：{"code":"000000","msg":"P2025081507295553795699065","data":{"date":"2025-08-15 07:30:01","eid":"E45756448202508151029uDR9938kuUi","amount":"70","name":"Janaina Santos Lima","cpf":"60730117332","bankname":"null","payBank":"","payCpf":"","pixkey":"19998543800","account":"529468244","status":"done","order":"A20250815072955338115f8e5QWbya"},"sign":"EA0E50E24AE9AD9E4AA82442FF31C2EC"}

【2025-08-16 11:15:35】
P2025081507295553795699065----提交：{"custId":"24120300001308","appId":"8241201350","order":"P2025081507295553795699065","sign":"A1460AE1044090F37BEACCB6FDF59A38"}

【2025-08-16 11:15:35】
P2025081507295553795699065----返回：{"code":"000000","msg":"P2025081507295553795699065","data":{"date":"2025-08-15 07:30:01","eid":"E45756448202508151029uDR9938kuUi","amount":"70","name":"Janaina Santos Lima","cpf":"60730117332","bankname":"null","payBank":"","payCpf":"","pixkey":"19998543800","account":"529468244","status":"done","order":"A20250815072955338115f8e5QWbya"},"sign":"EA0E50E24AE9AD9E4AA82442FF31C2EC"}

【2025-08-16 11:31:34】
P2025081511310568265591065----提交：{"custId":"24120300001308","appId":"8241201350","order":"P2025081511310568265591065","sign":"090A8EF6762CF30DE39907AD2805AF16"}

【2025-08-16 11:31:34】
P2025081511310568265591065----返回：{"code":"000000","msg":"P2025081511310568265591065","data":{"date":"2025-08-15 11:31:09","eid":"E37205447202508151431065103dc742","amount":"50","name":"DAYANE AYLA AMARO DA SILVA","cpf":"42015333878","bankname":"ORBION GAMING LTDA","payBank":"","payCpf":"","pixkey":"18997863092","account":"90400888","status":"done","order":"A20250815113106880983YSYzJrTzP"},"sign":"97956039BAE1302BF132E35D718FA7A6"}

【2025-08-16 11:31:37】
P2025081511310568265591065----提交：{"custId":"24120300001308","appId":"8241201350","order":"P2025081511310568265591065","sign":"090A8EF6762CF30DE39907AD2805AF16"}

【2025-08-16 11:31:37】
P2025081511310568265591065----返回：{"code":"000000","msg":"P2025081511310568265591065","data":{"date":"2025-08-15 11:31:09","eid":"E37205447202508151431065103dc742","amount":"50","name":"DAYANE AYLA AMARO DA SILVA","cpf":"42015333878","bankname":"ORBION GAMING LTDA","payBank":"","payCpf":"","pixkey":"18997863092","account":"90400888","status":"done","order":"A20250815113106880983YSYzJrTzP"},"sign":"97956039BAE1302BF132E35D718FA7A6"}

【2025-08-16 11:35:59】
P2025081511310568265591065----提交：{"custId":"24120300001308","appId":"8241201350","order":"P2025081511310568265591065","sign":"090A8EF6762CF30DE39907AD2805AF16"}

【2025-08-16 11:35:59】
P2025081511310568265591065----返回：{"code":"000000","msg":"P2025081511310568265591065","data":{"date":"2025-08-15 11:31:09","eid":"E37205447202508151431065103dc742","amount":"50","name":"DAYANE AYLA AMARO DA SILVA","cpf":"42015333878","bankname":"ORBION GAMING LTDA","payBank":"","payCpf":"","pixkey":"18997863092","account":"90400888","status":"done","order":"A20250815113106880983YSYzJrTzP"},"sign":"97956039BAE1302BF132E35D718FA7A6"}

【2025-08-16 11:44:22】
P2025081611374255062961767----提交：{"custId":"24120300001308","appId":"8241201350","order":"P2025081611374255062961767","sign":"29B08C7E765D1FCBEC1D1664CB34F9FD"}

【2025-08-16 11:44:22】
P2025081611374255062961767----返回：{"code":"000000","msg":"P2025081611374255062961767","data":{"date":"2025-08-16 11:37:48","eid":"E45756448202508161437aaopJv2Fnk6","amount":"90","name":"Cleberson da Silva Santos","cpf":"6073672454","bankname":"null","payBank":"","payCpf":"","pixkey":"06073672454","account":"1545496","status":"done","order":"A20250816113742848575APgclb948"},"sign":"D0DCC2797A8FF85AB2BFF92765D7C48A"}

【2025-08-16 11:44:24】
P2025081611374255062961767----提交：{"custId":"24120300001308","appId":"8241201350","order":"P2025081611374255062961767","sign":"29B08C7E765D1FCBEC1D1664CB34F9FD"}

【2025-08-16 11:44:24】
P2025081611374255062961767----返回：{"code":"000000","msg":"P2025081611374255062961767","data":{"date":"2025-08-16 11:37:48","eid":"E45756448202508161437aaopJv2Fnk6","amount":"90","name":"Cleberson da Silva Santos","cpf":"6073672454","bankname":"null","payBank":"","payCpf":"","pixkey":"06073672454","account":"1545496","status":"done","order":"A20250816113742848575APgclb948"},"sign":"D0DCC2797A8FF85AB2BFF92765D7C48A"}

