【2025-09-02 19:06:31】
P2025090218351748917156291----提交：{"reference":"P2025090218351748917156291"}

【2025-09-02 19:06:31】
P2025090218351748917156291----返回：{"msg":"P2025090218351748917156291","code":"000000","data":{"date":"2025-09-02 18:35:18","eid":"E33053580202509022135186787ace93","amount":120,"name":"Andressa Miranda de Araújo","cpf":"***.020.322-**","bankname":"18236120","payBank":"P H R OLIVEIRA DR INVESTIMENTO LTDA","payCpf":"58.321.455\/0001-99","pixkey":"07802032245","account":"***.020.322-**","status":"done","order":"cb45350e-d571-4e9d-9504-af141e900326"}}

【2025-09-02 19:07:12】
P2025090218351748917156291----提交：{"reference":"P2025090218351748917156291"}

【2025-09-02 19:07:12】
P2025090218351748917156291----返回：{"msg":"P2025090218351748917156291","code":"000000","data":{"date":"2025-09-02 18:35:18","eid":"E33053580202509022135186787ace93","amount":120,"name":"Andressa Miranda de Araújo","cpf":"***.020.322-**","bankname":"18236120","payBank":"P H R OLIVEIRA DR INVESTIMENTO LTDA","payCpf":"58.321.455\/0001-99","pixkey":"07802032245","account":"***.020.322-**","status":"done","order":"cb45350e-d571-4e9d-9504-af141e900326"}}

【2025-09-02 19:28:14】
P2025090218163947799353752----提交：{"reference":"P2025090218163947799353752"}

【2025-09-02 19:28:14】
P2025090218163947799353752----返回：{"msg":"P2025090218163947799353752","code":"000000","data":{"date":"2025-09-02 18:16:40","eid":"E3305358020250902211640100b8bdbb","amount":20,"name":"Ligia Cristina Sarmento","cpf":"***.143.743-**","bankname":"18236120","payBank":"P H R OLIVEIRA DR INVESTIMENTO LTDA","payCpf":"58.321.455\/0001-99","pixkey":"00114374309","account":"***.143.743-**","status":"done","order":"c25aebf5-849b-4b9f-8738-631815a8911f"}}

【2025-09-02 19:28:17】
P2025090218112747487943989----提交：{"reference":"P2025090218112747487943989"}

【2025-09-02 19:28:17】
P2025090218112747487943989----返回：{"msg":"P2025090218112747487943989","code":"000000","data":{"date":"2025-09-02 18:11:28","eid":"E33053580202509022111285631faa08","amount":20,"name":"Ligia Cristina Sarmento","cpf":"***.143.743-**","bankname":"18236120","payBank":"P H R OLIVEIRA DR INVESTIMENTO LTDA","payCpf":"58.321.455\/0001-99","pixkey":"00114374309","account":"***.143.743-**","status":"done","order":"4198966f-de8d-4e8b-b839-fad641b28174"}}

【2025-09-02 19:28:19】
P2025090218163947799353752----提交：{"reference":"P2025090218163947799353752"}

【2025-09-02 19:28:19】
P2025090218163947799353752----返回：{"msg":"P2025090218163947799353752","code":"000000","data":{"date":"2025-09-02 18:16:40","eid":"E3305358020250902211640100b8bdbb","amount":20,"name":"Ligia Cristina Sarmento","cpf":"***.143.743-**","bankname":"18236120","payBank":"P H R OLIVEIRA DR INVESTIMENTO LTDA","payCpf":"58.321.455\/0001-99","pixkey":"00114374309","account":"***.143.743-**","status":"done","order":"c25aebf5-849b-4b9f-8738-631815a8911f"}}

【2025-09-02 19:28:20】
P2025090218112747487943989----提交：{"reference":"P2025090218112747487943989"}

【2025-09-02 19:28:21】
P2025090218112747487943989----返回：{"msg":"P2025090218112747487943989","code":"000000","data":{"date":"2025-09-02 18:11:28","eid":"E33053580202509022111285631faa08","amount":20,"name":"Ligia Cristina Sarmento","cpf":"***.143.743-**","bankname":"18236120","payBank":"P H R OLIVEIRA DR INVESTIMENTO LTDA","payCpf":"58.321.455\/0001-99","pixkey":"00114374309","account":"***.143.743-**","status":"done","order":"4198966f-de8d-4e8b-b839-fad641b28174"}}

【2025-09-02 19:38:59】
P2025090219360752567176419----提交：{"reference":"P2025090219360752567176419"}

【2025-09-02 19:39:00】
P2025090219360752567176419----返回：{"msg":"P2025090219360752567176419","code":"000000","data":{"date":"2025-09-02 19:36:08","eid":"E33053580202509022236081640f8055","amount":90,"name":"EDUARDA SILVA DINIZ","cpf":"***.330.863-**","bankname":"60701190","payBank":"P H R OLIVEIRA DR INVESTIMENTO LTDA","payCpf":"58.321.455\/0001-99","pixkey":"10133086380","account":"***.330.863-**","status":"done","order":"0a0ea4d1-232e-41d8-9dd7-c669d4229688"}}

【2025-09-02 19:39:06】
P2025090219360752567176419----提交：{"reference":"P2025090219360752567176419"}

【2025-09-02 19:39:07】
P2025090219360752567176419----返回：{"msg":"P2025090219360752567176419","code":"000000","data":{"date":"2025-09-02 19:36:08","eid":"E33053580202509022236081640f8055","amount":90,"name":"EDUARDA SILVA DINIZ","cpf":"***.330.863-**","bankname":"60701190","payBank":"P H R OLIVEIRA DR INVESTIMENTO LTDA","payCpf":"58.321.455\/0001-99","pixkey":"10133086380","account":"***.330.863-**","status":"done","order":"0a0ea4d1-232e-41d8-9dd7-c669d4229688"}}

【2025-09-02 19:47:23】
P2025090219445453094482237----提交：{"reference":"P2025090219445453094482237"}

【2025-09-02 19:47:23】
P2025090219445453094482237----返回：{"msg":"P2025090219445453094482237","code":"000000","data":{"date":"2025-09-02 19:46:02","eid":"E33053580202509022246023006abe56","amount":4500,"name":"DANIELE LOPES DE SOUZA","cpf":"***.708.144-**","bankname":"90400888","payBank":"P H R OLIVEIRA DR INVESTIMENTO LTDA","payCpf":"58.321.455\/0001-99","pixkey":"03070814433","account":"***.708.144-**","status":"done","order":"305b8994-21ff-425c-b8e7-dbb8466e4822"}}

