【2025-09-02 22:02:02】
P2025090221340159641954172----提交：{"reference":"P2025090221340159641954172"}

【2025-09-02 22:02:02】
P2025090221340159641954172----返回：{"msg":"P2025090221340159641954172","code":"000000","data":{"date":"2025-09-02 21:34:02","eid":"E3305358020250903003402596ebeb89","amount":700,"name":"EVANDRO LUIZ LEMES","cpf":"***.688.059-**","bankname":"00000000","payBank":"P H R OLIVEIRA DR INVESTIMENTO LTDA","payCpf":"58.321.455\/0001-99","pixkey":"49998307625","account":"***.688.059-**","status":"done","order":"047850ec-a858-46fa-bcee-913339a3eb8c"}}

【2025-09-02 22:02:04】
P2025090221340159641954172----提交：{"reference":"P2025090221340159641954172"}

【2025-09-02 22:02:05】
P2025090221340159641954172----返回：{"msg":"P2025090221340159641954172","code":"000000","data":{"date":"2025-09-02 21:34:02","eid":"E3305358020250903003402596ebeb89","amount":700,"name":"EVANDRO LUIZ LEMES","cpf":"***.688.059-**","bankname":"00000000","payBank":"P H R OLIVEIRA DR INVESTIMENTO LTDA","payCpf":"58.321.455\/0001-99","pixkey":"49998307625","account":"***.688.059-**","status":"done","order":"047850ec-a858-46fa-bcee-913339a3eb8c"}}

【2025-09-02 22:08:27】
P2025090222014961309925381----提交：{"reference":"P2025090222014961309925381"}

【2025-09-02 22:08:28】
P2025090222014961309925381----返回：{"msg":"P2025090222014961309925381","code":"000000","data":{"date":"2025-09-02 22:01:50","eid":"E3305358020250903010150474b51811","amount":20,"name":"Marcia Da Luz","cpf":"***.206.218-**","bankname":"22896431","payBank":"P H R OLIVEIRA DR INVESTIMENTO LTDA","payCpf":"58.321.455\/0001-99","pixkey":"29220621800","account":"***.206.218-**","status":"done","order":"3820e25e-8e22-4eb4-8f99-538c5f9007a5"}}

【2025-09-02 22:08:56】
P2025090222014961309925381----提交：{"reference":"P2025090222014961309925381"}

【2025-09-02 22:08:56】
P2025090222014961309925381----返回：{"msg":"P2025090222014961309925381","code":"000000","data":{"date":"2025-09-02 22:01:50","eid":"E3305358020250903010150474b51811","amount":20,"name":"Marcia Da Luz","cpf":"***.206.218-**","bankname":"22896431","payBank":"P H R OLIVEIRA DR INVESTIMENTO LTDA","payCpf":"58.321.455\/0001-99","pixkey":"29220621800","account":"***.206.218-**","status":"done","order":"3820e25e-8e22-4eb4-8f99-538c5f9007a5"}}

【2025-09-02 22:15:48】
P2025090221062657986407560----提交：{"reference":"P2025090221062657986407560"}

【2025-09-02 22:15:48】
P2025090221062657986407560----返回：{"msg":"P2025090221062657986407560","code":"000000","data":{"date":"2025-09-02 21:06:27","eid":"E330535802025090300062738140bb50","amount":303,"name":"JUCIMARA GUTIERRES DUARTE","cpf":"***.565.951-**","bankname":"00000000","payBank":"P H R OLIVEIRA DR INVESTIMENTO LTDA","payCpf":"58.321.455\/0001-99","pixkey":"67998371327","account":"***.565.951-**","status":"done","order":"be194c92-85a2-48a7-b30d-c4aef2939cad"}}

【2025-09-02 22:15:50】
P2025090221062657986407560----提交：{"reference":"P2025090221062657986407560"}

【2025-09-02 22:15:51】
P2025090221062657986407560----返回：{"msg":"P2025090221062657986407560","code":"000000","data":{"date":"2025-09-02 21:06:27","eid":"E330535802025090300062738140bb50","amount":303,"name":"JUCIMARA GUTIERRES DUARTE","cpf":"***.565.951-**","bankname":"00000000","payBank":"P H R OLIVEIRA DR INVESTIMENTO LTDA","payCpf":"58.321.455\/0001-99","pixkey":"67998371327","account":"***.565.951-**","status":"done","order":"be194c92-85a2-48a7-b30d-c4aef2939cad"}}

【2025-09-02 22:53:24】
P2025090222525764377905876----提交：{"reference":"P2025090222525764377905876"}

【2025-09-02 22:53:24】
P2025090222525764377905876----返回：{"msg":"P2025090222525764377905876","code":"000000","data":{"date":"2025-09-02 22:52:58","eid":"E33053580202509030152583785252e2","amount":200,"name":"PRISCILLA DE OLIVEIRA ALVES","cpf":"***.889.678-**","bankname":"08561701","payBank":"P H R OLIVEIRA DR INVESTIMENTO LTDA","payCpf":"58.321.455\/0001-99","pixkey":"37988967800","account":"***.889.678-**","status":"done","order":"29080ab2-b924-409c-9142-112b86e70a84"}}

【2025-09-02 22:53:26】
P2025090222525764377905876----提交：{"reference":"P2025090222525764377905876"}

【2025-09-02 22:53:27】
P2025090222525764377905876----返回：{"msg":"P2025090222525764377905876","code":"000000","data":{"date":"2025-09-02 22:52:58","eid":"E33053580202509030152583785252e2","amount":200,"name":"PRISCILLA DE OLIVEIRA ALVES","cpf":"***.889.678-**","bankname":"08561701","payBank":"P H R OLIVEIRA DR INVESTIMENTO LTDA","payCpf":"58.321.455\/0001-99","pixkey":"37988967800","account":"***.889.678-**","status":"done","order":"29080ab2-b924-409c-9142-112b86e70a84"}}

