【2025-09-02 21:06:42】
P2025090220000054000431702----提交：{"reference":"P2025090220000054000431702"}

【2025-09-02 21:06:43】
P2025090220000054000431702----返回：{"msg":"P2025090220000054000431702","code":"000000","data":{"date":"2025-09-02 20:00:01","eid":"E330535802025090223000125166726c","amount":20,"name":"KAUE RODRIGUES DA SILVA","cpf":"***.876.163-**","bankname":"60701190","payBank":"P H R OLIVEIRA DR INVESTIMENTO LTDA","payCpf":"58.321.455\/0001-99","pixkey":"08587616374","account":"***.876.163-**","status":"done","order":"2ff0452b-648d-4873-accd-fc6285183719"}}

【2025-09-02 21:06:48】
P2025090220000054000431702----提交：{"reference":"P2025090220000054000431702"}

【2025-09-02 21:06:49】
P2025090220000054000431702----返回：{"msg":"P2025090220000054000431702","code":"000000","data":{"date":"2025-09-02 20:00:01","eid":"E330535802025090223000125166726c","amount":20,"name":"KAUE RODRIGUES DA SILVA","cpf":"***.876.163-**","bankname":"60701190","payBank":"P H R OLIVEIRA DR INVESTIMENTO LTDA","payCpf":"58.321.455\/0001-99","pixkey":"08587616374","account":"***.876.163-**","status":"done","order":"2ff0452b-648d-4873-accd-fc6285183719"}}

【2025-09-02 21:16:07】
P2025090220412556485483727----提交：{"reference":"P2025090220412556485483727"}

【2025-09-02 21:16:07】
P2025090220412556485483727----返回：{"msg":"P2025090220412556485483727","code":"000000","data":{"date":"2025-09-02 20:41:26","eid":"E3305358020250902234126508d768f0","amount":500,"name":"JULIANA JAQUELINE GONCALVES DE SOUZA","cpf":"***.343.629-**","bankname":"31872495","payBank":"P H R OLIVEIRA DR INVESTIMENTO LTDA","payCpf":"58.321.455\/0001-99","pixkey":"06834362959","account":"***.343.629-**","status":"done","order":"c8fa7f0f-3f44-456e-9378-199c2b6435f4"}}

【2025-09-02 21:16:10】
P2025090220412556485483727----提交：{"reference":"P2025090220412556485483727"}

【2025-09-02 21:16:10】
P2025090220412556485483727----返回：{"msg":"P2025090220412556485483727","code":"000000","data":{"date":"2025-09-02 20:41:26","eid":"E3305358020250902234126508d768f0","amount":500,"name":"JULIANA JAQUELINE GONCALVES DE SOUZA","cpf":"***.343.629-**","bankname":"31872495","payBank":"P H R OLIVEIRA DR INVESTIMENTO LTDA","payCpf":"58.321.455\/0001-99","pixkey":"06834362959","account":"***.343.629-**","status":"done","order":"c8fa7f0f-3f44-456e-9378-199c2b6435f4"}}

【2025-09-02 21:37:38】
P2025090221352159721716229----提交：{"reference":"P2025090221352159721716229"}

【2025-09-02 21:37:38】
P2025090221352159721716229----返回：{"msg":"P2025090221352159721716229","code":"000000","data":{"date":"2025-09-02 21:35:22","eid":"E330535802025090300352254352910c","amount":400,"name":"Pedro Augusto Pardini","cpf":"***.421.249-**","bankname":"18236120","payBank":"P H R OLIVEIRA DR INVESTIMENTO LTDA","payCpf":"58.321.455\/0001-99","pixkey":"11642124940","account":"***.421.249-**","status":"done","order":"dde6c7ac-9d3b-4185-89a8-208fa45d6d2c"}}

【2025-09-02 21:37:43】
P2025090221352159721716229----提交：{"reference":"P2025090221352159721716229"}

【2025-09-02 21:37:44】
P2025090221352159721716229----返回：{"msg":"P2025090221352159721716229","code":"000000","data":{"date":"2025-09-02 21:35:22","eid":"E330535802025090300352254352910c","amount":400,"name":"Pedro Augusto Pardini","cpf":"***.421.249-**","bankname":"18236120","payBank":"P H R OLIVEIRA DR INVESTIMENTO LTDA","payCpf":"58.321.455\/0001-99","pixkey":"11642124940","account":"***.421.249-**","status":"done","order":"dde6c7ac-9d3b-4185-89a8-208fa45d6d2c"}}

【2025-09-02 21:45:23】
P2025090219585653936253673----提交：{"reference":"P2025090219585653936253673"}

【2025-09-02 21:45:23】
P2025090219585653936253673----返回：{"msg":"P2025090219585653936253673","code":"000000","data":{"date":"2025-09-02 19:58:57","eid":"E330535802025090222585710948d48d","amount":50,"name":"ANA ROSA CARASCHI","cpf":"***.383.778-**","bankname":"00360305","payBank":"P H R OLIVEIRA DR INVESTIMENTO LTDA","payCpf":"58.321.455\/0001-99","pixkey":"36638377850","account":"***.383.778-**","status":"done","order":"30c00d48-8ec3-407b-bdaf-59f0242c6c5e"}}

【2025-09-02 21:46:43】
P2025090219585653936253673----提交：{"reference":"P2025090219585653936253673"}

【2025-09-02 21:46:44】
P2025090219585653936253673----返回：{"msg":"P2025090219585653936253673","code":"000000","data":{"date":"2025-09-02 19:58:57","eid":"E330535802025090222585710948d48d","amount":50,"name":"ANA ROSA CARASCHI","cpf":"***.383.778-**","bankname":"00360305","payBank":"P H R OLIVEIRA DR INVESTIMENTO LTDA","payCpf":"58.321.455\/0001-99","pixkey":"36638377850","account":"***.383.778-**","status":"done","order":"30c00d48-8ec3-407b-bdaf-59f0242c6c5e"}}

【2025-09-02 21:57:11】
P2025090221564561005782122----提交：{"reference":"P2025090221564561005782122"}

【2025-09-02 21:57:11】
P2025090221564561005782122----返回：{"msg":"P2025090221564561005782122","code":"000000","data":{"date":"2025-09-02 21:56:46","eid":"E330535802025090300564645899a800","amount":50,"name":"WESLEY NOGUEIRA GONCALVES","cpf":"***.622.075-**","bankname":"00360305","payBank":"P H R OLIVEIRA DR INVESTIMENTO LTDA","payCpf":"58.321.455\/0001-99","pixkey":"10062207555","account":"***.622.075-**","status":"done","order":"0a931452-b0c4-4b16-a71a-4372a2b81ed3"}}

