【2025-09-02 12:39:31】
P2025090212365227412917546----提交：{"reference":"P2025090212365227412917546"}

【2025-09-02 12:39:32】
P2025090212365227412917546----返回：{"msg":"P2025090212365227412917546","code":"000000","data":{"date":"2025-09-02 12:36:53","eid":"E330535802025090215365315015d7c7","amount":50,"name":"JOSE FELIPE DE MELO NAZARIO","cpf":"***.976.504-**","bankname":"60701190","payBank":"P H R OLIVEIRA DR INVESTIMENTO LTDA","payCpf":"58.321.455\/0001-99","pixkey":"71697650473","account":"***.976.504-**","status":"done","order":"4c8d09e7-bbbd-4e4d-8716-f4f996a756ea"}}

【2025-09-02 12:39:36】
P2025090212365227412917546----提交：{"reference":"P2025090212365227412917546"}

【2025-09-02 12:39:36】
P2025090212365227412917546----返回：{"msg":"P2025090212365227412917546","code":"000000","data":{"date":"2025-09-02 12:36:53","eid":"E330535802025090215365315015d7c7","amount":50,"name":"JOSE FELIPE DE MELO NAZARIO","cpf":"***.976.504-**","bankname":"60701190","payBank":"P H R OLIVEIRA DR INVESTIMENTO LTDA","payCpf":"58.321.455\/0001-99","pixkey":"71697650473","account":"***.976.504-**","status":"done","order":"4c8d09e7-bbbd-4e4d-8716-f4f996a756ea"}}

【2025-09-02 12:46:46】
P2025090200173783057236302----提交：{"reference":"P2025090200173783057236302"}

【2025-09-02 12:46:47】
P2025090200173783057236302----返回：{"msg":"P2025090200173783057236302","code":"000000","data":{"date":"2025-09-02 00:17:38","eid":"E3305358020250902031738745ad6af6","amount":200,"name":"Ana Gabriela Oliveira Holles Ribeiro","cpf":"***.246.289-**","bankname":"10573521","payBank":"P H R OLIVEIRA DR INVESTIMENTO LTDA","payCpf":"58.321.455\/0001-99","pixkey":"16324628930","account":"***.246.289-**","status":"done","order":"b98d42d4-30e6-4d6c-85dd-ba23fde5c8df"}}

【2025-09-02 12:46:57】
P2025090200173783057236302----提交：{"reference":"P2025090200173783057236302"}

【2025-09-02 12:46:57】
P2025090200173783057236302----返回：{"msg":"P2025090200173783057236302","code":"000000","data":{"date":"2025-09-02 00:17:38","eid":"E3305358020250902031738745ad6af6","amount":200,"name":"Ana Gabriela Oliveira Holles Ribeiro","cpf":"***.246.289-**","bankname":"10573521","payBank":"P H R OLIVEIRA DR INVESTIMENTO LTDA","payCpf":"58.321.455\/0001-99","pixkey":"16324628930","account":"***.246.289-**","status":"done","order":"b98d42d4-30e6-4d6c-85dd-ba23fde5c8df"}}

【2025-09-02 12:46:58】
P2025090212212426484588922----提交：{"reference":"P2025090212212426484588922"}

【2025-09-02 12:46:59】
P2025090212212426484588922----提交：{"reference":"P2025090212212426484588922"}

【2025-09-02 12:46:59】
P2025090212212426484588922----返回：{"msg":"P2025090212212426484588922","code":"000000","data":{"date":"2025-09-02 12:21:25","eid":"E3305358020250902152125487956d2f","amount":40,"name":"EVERSON OLIMPIO MORAES DE JESUS","cpf":"***.521.422-**","bankname":"00416968","payBank":"P H R OLIVEIRA DR INVESTIMENTO LTDA","payCpf":"58.321.455\/0001-99","pixkey":"91982293039","account":"***.521.422-**","status":"done","order":"5b8b271b-04c2-402b-ab2d-129ea2603d15"}}

【2025-09-02 12:46:59】
P2025090212212426484588922----返回：{"msg":"P2025090212212426484588922","code":"000000","data":{"date":"2025-09-02 12:21:25","eid":"E3305358020250902152125487956d2f","amount":40,"name":"EVERSON OLIMPIO MORAES DE JESUS","cpf":"***.521.422-**","bankname":"00416968","payBank":"P H R OLIVEIRA DR INVESTIMENTO LTDA","payCpf":"58.321.455\/0001-99","pixkey":"91982293039","account":"***.521.422-**","status":"done","order":"5b8b271b-04c2-402b-ab2d-129ea2603d15"}}

【2025-09-02 12:47:14】
P2025090212223626556171294----提交：{"reference":"P2025090212223626556171294"}

【2025-09-02 12:47:14】
P2025090212223626556171294----返回：{"msg":"P2025090212223626556171294","code":"000000","data":{"date":"2025-09-02 12:22:37","eid":"E33053580202509021522374408daaaa","amount":50,"name":"EVERSON OLIMPIO MORAES DE JESUS","cpf":"***.521.422-**","bankname":"00416968","payBank":"P H R OLIVEIRA DR INVESTIMENTO LTDA","payCpf":"58.321.455\/0001-99","pixkey":"91982293039","account":"***.521.422-**","status":"done","order":"de04bcbb-15f7-4017-bb1f-f6494fc97c41"}}

【2025-09-02 12:47:15】
P2025090212223626556171294----提交：{"reference":"P2025090212223626556171294"}

【2025-09-02 12:47:15】
P2025090212223626556171294----返回：{"msg":"P2025090212223626556171294","code":"000000","data":{"date":"2025-09-02 12:22:37","eid":"E33053580202509021522374408daaaa","amount":50,"name":"EVERSON OLIMPIO MORAES DE JESUS","cpf":"***.521.422-**","bankname":"00416968","payBank":"P H R OLIVEIRA DR INVESTIMENTO LTDA","payCpf":"58.321.455\/0001-99","pixkey":"91982293039","account":"***.521.422-**","status":"done","order":"de04bcbb-15f7-4017-bb1f-f6494fc97c41"}}

【2025-09-02 12:49:56】
P2025090209420916929675265----提交：{"reference":"P2025090209420916929675265"}

【2025-09-02 12:49:57】
P2025090209420916929675265----返回：{"msg":"P2025090209420916929675265","code":"000000","data":{"date":"2025-09-02 09:43:02","eid":"E33053580202509021243024767bb6dd","amount":6255,"name":"KAMILLY MATOS TEIXEIRA","cpf":"***.015.907-**","bankname":"60701190","payBank":"P H R OLIVEIRA DR INVESTIMENTO LTDA","payCpf":"58.321.455\/0001-99","pixkey":"20801590701","account":"***.015.907-**","status":"done","order":"8e039e25-19d6-4092-9e5a-b6f83c75b780"}}

【2025-09-02 12:57:12】
P2025090212291426954264160----提交：{"reference":"P2025090212291426954264160"}

【2025-09-02 12:57:12】
P2025090212291426954264160----返回：{"msg":"P2025090212291426954264160","code":"000000","data":{"date":"2025-09-02 12:29:15","eid":"E33053580202509021529152250b2a53","amount":20,"name":"CAROLAYNE VITORIA MAIA DOS SANTOS","cpf":"***.186.294-**","bankname":"90400888","payBank":"P H R OLIVEIRA DR INVESTIMENTO LTDA","payCpf":"58.321.455\/0001-99","pixkey":"12618629450","account":"***.186.294-**","status":"done","order":"3bc70ab9-643f-44d4-ad00-61904a4b35fb"}}

【2025-09-02 12:57:17】
P2025090212263626796909196----提交：{"reference":"P2025090212263626796909196"}

【2025-09-02 12:57:17】
P2025090212263626796909196----返回：{"msg":"P2025090212263626796909196","code":"000000","data":{"date":"2025-09-02 12:26:37","eid":"E3305358020250902152637566614e8f","amount":40,"name":"CAROLAYNE VITORIA MAIA DOS SANTOS","cpf":"***.186.294-**","bankname":"90400888","payBank":"P H R OLIVEIRA DR INVESTIMENTO LTDA","payCpf":"58.321.455\/0001-99","pixkey":"12618629450","account":"***.186.294-**","status":"done","order":"d99889c1-496f-4f21-8e3f-f151bd6c17ea"}}

【2025-09-02 12:57:23】
P2025090212263626796909196----提交：{"reference":"P2025090212263626796909196"}

【2025-09-02 12:57:24】
P2025090212263626796909196----返回：{"msg":"P2025090212263626796909196","code":"000000","data":{"date":"2025-09-02 12:26:37","eid":"E3305358020250902152637566614e8f","amount":40,"name":"CAROLAYNE VITORIA MAIA DOS SANTOS","cpf":"***.186.294-**","bankname":"90400888","payBank":"P H R OLIVEIRA DR INVESTIMENTO LTDA","payCpf":"58.321.455\/0001-99","pixkey":"12618629450","account":"***.186.294-**","status":"done","order":"d99889c1-496f-4f21-8e3f-f151bd6c17ea"}}

【2025-09-02 12:57:25】
P2025090212291426954264160----提交：{"reference":"P2025090212291426954264160"}

【2025-09-02 12:57:26】
P2025090212291426954264160----返回：{"msg":"P2025090212291426954264160","code":"000000","data":{"date":"2025-09-02 12:29:15","eid":"E33053580202509021529152250b2a53","amount":20,"name":"CAROLAYNE VITORIA MAIA DOS SANTOS","cpf":"***.186.294-**","bankname":"90400888","payBank":"P H R OLIVEIRA DR INVESTIMENTO LTDA","payCpf":"58.321.455\/0001-99","pixkey":"12618629450","account":"***.186.294-**","status":"done","order":"3bc70ab9-643f-44d4-ad00-61904a4b35fb"}}

