【2025-09-02 14:09:55】
P2025090210090618546212162----提交：{"reference":"P2025090210090618546212162"}

【2025-09-02 14:09:55】
P2025090210090618546212162----返回：{"msg":"P2025090210090618546212162","code":"000000","data":{"date":"2025-09-02 10:09:07","eid":"E3305358020250902130907657b3ecf2","amount":20,"name":"Karen Cristina Amaral dos Santos","cpf":"***.501.737-**","bankname":"18236120","payBank":"P H R OLIVEIRA DR INVESTIMENTO LTDA","payCpf":"58.321.455\/0001-99","pixkey":"09150173774","account":"***.501.737-**","status":"done","order":"61456c5f-4274-45cf-b19f-9657c3cd341c"}}

【2025-09-02 14:09:58】
P2025090210090618546212162----提交：{"reference":"P2025090210090618546212162"}

【2025-09-02 14:09:58】
P2025090210090618546212162----返回：{"msg":"P2025090210090618546212162","code":"000000","data":{"date":"2025-09-02 10:09:07","eid":"E3305358020250902130907657b3ecf2","amount":20,"name":"Karen Cristina Amaral dos Santos","cpf":"***.501.737-**","bankname":"18236120","payBank":"P H R OLIVEIRA DR INVESTIMENTO LTDA","payCpf":"58.321.455\/0001-99","pixkey":"09150173774","account":"***.501.737-**","status":"done","order":"61456c5f-4274-45cf-b19f-9657c3cd341c"}}

【2025-09-02 14:10:26】
P2025090214084832928507385----提交：{"reference":"P2025090214084832928507385"}

【2025-09-02 14:10:27】
P2025090214084832928507385----返回：{"msg":"P2025090214084832928507385","code":"000000","data":{"date":"2025-09-02 14:08:49","eid":"E3305358020250902170849053d3a7ca","amount":1300,"name":"Cleonice Rodrigues Do Nascimento","cpf":"***.927.978-**","bankname":"27098060","payBank":"P H R OLIVEIRA DR INVESTIMENTO LTDA","payCpf":"58.321.455\/0001-99","pixkey":"09192797830","account":"***.927.978-**","status":"done","order":"398f9d4d-833f-4d42-8268-5929491d17ce"}}

【2025-09-02 14:10:30】
P2025090214084832928507385----提交：{"reference":"P2025090214084832928507385"}

【2025-09-02 14:10:30】
P2025090214084832928507385----返回：{"msg":"P2025090214084832928507385","code":"000000","data":{"date":"2025-09-02 14:08:49","eid":"E3305358020250902170849053d3a7ca","amount":1300,"name":"Cleonice Rodrigues Do Nascimento","cpf":"***.927.978-**","bankname":"27098060","payBank":"P H R OLIVEIRA DR INVESTIMENTO LTDA","payCpf":"58.321.455\/0001-99","pixkey":"09192797830","account":"***.927.978-**","status":"done","order":"398f9d4d-833f-4d42-8268-5929491d17ce"}}

【2025-09-02 14:12:12】
P2025090214100433004531988----提交：{"reference":"P2025090214100433004531988"}

【2025-09-02 14:12:13】
P2025090214100433004531988----返回：{"msg":"P2025090214100433004531988","code":"000000","data":{"date":"2025-09-02 14:11:02","eid":"E3305358020250902171102875d9fb59","amount":1100,"name":"ERICK MARLON DE JESUS VIRGILIO","cpf":"***.433.167-**","bankname":"90400888","payBank":"P H R OLIVEIRA DR INVESTIMENTO LTDA","payCpf":"58.321.455\/0001-99","pixkey":"21843316781","account":"***.433.167-**","status":"done","order":"a29d3243-4100-469a-8efb-e21f4042e40b"}}

【2025-09-02 14:12:14】
P2025090214100433004531988----提交：{"reference":"P2025090214100433004531988"}

【2025-09-02 14:12:15】
P2025090214100433004531988----返回：{"msg":"P2025090214100433004531988","code":"000000","data":{"date":"2025-09-02 14:11:02","eid":"E3305358020250902171102875d9fb59","amount":1100,"name":"ERICK MARLON DE JESUS VIRGILIO","cpf":"***.433.167-**","bankname":"90400888","payBank":"P H R OLIVEIRA DR INVESTIMENTO LTDA","payCpf":"58.321.455\/0001-99","pixkey":"21843316781","account":"***.433.167-**","status":"done","order":"a29d3243-4100-469a-8efb-e21f4042e40b"}}

【2025-09-02 14:19:26】
P2025090214171433434202964----提交：{"reference":"P2025090214171433434202964"}

【2025-09-02 14:19:27】
P2025090214171433434202964----返回：{"msg":"P2025090214171433434202964","code":"000000","data":{"date":"2025-09-02 14:17:15","eid":"E330535802025090217171526879b471","amount":47.95,"name":"JOSE DOMIRES MATOS GOMES","cpf":"***.089.315-**","bankname":"31872495","payBank":"P H R OLIVEIRA DR INVESTIMENTO LTDA","payCpf":"58.321.455\/0001-99","pixkey":"67408931520","account":"***.089.315-**","status":"done","order":"fa905949-f1d6-4775-8fd3-ec0739c8269f"}}

【2025-09-02 14:19:28】
P2025090214171433434202964----提交：{"reference":"P2025090214171433434202964"}

【2025-09-02 14:19:29】
P2025090214171433434202964----返回：{"msg":"P2025090214171433434202964","code":"000000","data":{"date":"2025-09-02 14:17:15","eid":"E330535802025090217171526879b471","amount":47.95,"name":"JOSE DOMIRES MATOS GOMES","cpf":"***.089.315-**","bankname":"31872495","payBank":"P H R OLIVEIRA DR INVESTIMENTO LTDA","payCpf":"58.321.455\/0001-99","pixkey":"67408931520","account":"***.089.315-**","status":"done","order":"fa905949-f1d6-4775-8fd3-ec0739c8269f"}}

【2025-09-02 14:21:19】
P2025090214195333593559116----提交：{"reference":"P2025090214195333593559116"}

【2025-09-02 14:21:20】
P2025090214195333593559116----返回：{"msg":"P2025090214195333593559116","code":"000000","data":{"date":"2025-09-02 14:21:09","eid":"E33053580202509021721090767e1ad6","amount":10,"name":"Arlindo Cardoso Miranda","cpf":"***.622.212-**","bankname":"22896431","payBank":"P H R OLIVEIRA DR INVESTIMENTO LTDA","payCpf":"58.321.455\/0001-99","pixkey":"+5591986388458","account":"***.622.212-**","status":"done","order":"d7e5fbfc-0ed2-4da2-9212-ff6eb65c7446"}}

