【2025-09-02 10:11:09】
P2025090208303512635076258----提交：{"reference":"P2025090208303512635076258"}

【2025-09-02 10:11:10】
P2025090208303512635076258----返回：{"msg":"P2025090208303512635076258","code":"000000","data":{"date":"2025-09-02 08:30:36","eid":"E330535802025090211303602603f19e","amount":30,"name":"Wendy Victoria Moreira de Carvalho","cpf":"***.660.998-**","bankname":"18236120","payBank":"P H R OLIVEIRA DR INVESTIMENTO LTDA","payCpf":"58.321.455\/0001-99","pixkey":"17992745880","account":"***.660.998-**","status":"done","order":"cdf932c9-11d9-4fe2-a196-af084119b45a"}}

【2025-09-02 10:36:43】
P2025082912343481674395341----提交：{"reference":"P2025082912343481674395341"}

【2025-09-02 10:36:43】
P2025082912343481674395341----返回：{"msg":"P2025082912343481674395341","code":"000000","data":{"date":"2025-08-29 12:34:35","eid":"E3305358020250829153435512769bcc","amount":60,"name":"CLAYTON FERREIRA CARPANEZ","cpf":"***.260.918-**","bankname":"90400888","payBank":"P H R OLIVEIRA DR INVESTIMENTO LTDA","payCpf":"58.321.455\/0001-99","pixkey":"38426091830","account":"***.260.918-**","status":"done","order":"425ba7bc-7d43-4c8b-b852-b681c33a6905"}}

【2025-09-02 10:36:49】
P2025082912343481674395341----提交：{"reference":"P2025082912343481674395341"}

【2025-09-02 10:36:50】
P2025082912343481674395341----返回：{"msg":"P2025082912343481674395341","code":"000000","data":{"date":"2025-08-29 12:34:35","eid":"E3305358020250829153435512769bcc","amount":60,"name":"CLAYTON FERREIRA CARPANEZ","cpf":"***.260.918-**","bankname":"90400888","payBank":"P H R OLIVEIRA DR INVESTIMENTO LTDA","payCpf":"58.321.455\/0001-99","pixkey":"38426091830","account":"***.260.918-**","status":"done","order":"425ba7bc-7d43-4c8b-b852-b681c33a6905"}}

【2025-09-02 10:38:48】
P2025090210312219882465176----提交：{"reference":"P2025090210312219882465176"}

【2025-09-02 10:38:48】
P2025090210312219882465176----返回：{"msg":"P2025090210312219882465176","code":"000000","data":{"date":"2025-09-02 10:31:23","eid":"E3305358020250902133123897f997cb","amount":30,"name":"Gardenia Soares Lopes","cpf":"***.862.893-**","bankname":"23862762","payBank":"P H R OLIVEIRA DR INVESTIMENTO LTDA","payCpf":"58.321.455\/0001-99","pixkey":"62786289378","account":"***.862.893-**","status":"done","order":"d1dc628b-8c9c-4989-9223-c88bbe8bf94b"}}

【2025-09-02 10:38:51】
P2025090210312219882465176----提交：{"reference":"P2025090210312219882465176"}

【2025-09-02 10:38:51】
P2025090210312219882465176----返回：{"msg":"P2025090210312219882465176","code":"000000","data":{"date":"2025-09-02 10:31:23","eid":"E3305358020250902133123897f997cb","amount":30,"name":"Gardenia Soares Lopes","cpf":"***.862.893-**","bankname":"23862762","payBank":"P H R OLIVEIRA DR INVESTIMENTO LTDA","payCpf":"58.321.455\/0001-99","pixkey":"62786289378","account":"***.862.893-**","status":"done","order":"d1dc628b-8c9c-4989-9223-c88bbe8bf94b"}}

