【2025-09-02 09:33:40】
P2025090206230704987371459----提交：{"reference":"P2025090206230704987371459"}

【2025-09-02 09:33:41】
P2025090206230704987371459----返回：{"msg":"P2025090206230704987371459","code":"000000","data":{"date":"2025-09-02 06:23:08","eid":"E3305358020250902092308466e9b7c0","amount":20,"name":"FERNANDA NICOLAU DE ARAUJO","cpf":"***.721.281-**","bankname":"60701190","payBank":"P H R OLIVEIRA DR INVESTIMENTO LTDA","payCpf":"58.321.455\/0001-99","pixkey":"06572128148","account":"***.721.281-**","status":"done","order":"183e0c30-670c-49fb-b166-0f0623aec82f"}}

【2025-09-02 09:33:41】
P2025090206230704987371459----提交：{"reference":"P2025090206230704987371459"}

【2025-09-02 09:33:42】
P2025090206230704987371459----返回：{"msg":"P2025090206230704987371459","code":"000000","data":{"date":"2025-09-02 06:23:08","eid":"E3305358020250902092308466e9b7c0","amount":20,"name":"FERNANDA NICOLAU DE ARAUJO","cpf":"***.721.281-**","bankname":"60701190","payBank":"P H R OLIVEIRA DR INVESTIMENTO LTDA","payCpf":"58.321.455\/0001-99","pixkey":"06572128148","account":"***.721.281-**","status":"done","order":"183e0c30-670c-49fb-b166-0f0623aec82f"}}

【2025-09-02 09:37:32】
P2025090209305016250842255----提交：{"reference":"P2025090209305016250842255"}

【2025-09-02 09:37:33】
P2025090209305016250842255----返回：{"msg":"P2025090209305016250842255","code":"000000","data":{"date":"2025-09-02 09:30:51","eid":"E330535802025090212305135275fbeb","amount":30,"name":"Cícera Emanoelle Cirino Pinheiro","cpf":"***.095.443-**","bankname":"18236120","payBank":"P H R OLIVEIRA DR INVESTIMENTO LTDA","payCpf":"58.321.455\/0001-99","pixkey":"07109544338","account":"***.095.443-**","status":"done","order":"2aa75f2f-943c-43f8-9393-f3cf73763354"}}

【2025-09-02 09:37:42】
P2025090209305016250842255----提交：{"reference":"P2025090209305016250842255"}

【2025-09-02 09:37:43】
P2025090209305016250842255----返回：{"msg":"P2025090209305016250842255","code":"000000","data":{"date":"2025-09-02 09:30:51","eid":"E330535802025090212305135275fbeb","amount":30,"name":"Cícera Emanoelle Cirino Pinheiro","cpf":"***.095.443-**","bankname":"18236120","payBank":"P H R OLIVEIRA DR INVESTIMENTO LTDA","payCpf":"58.321.455\/0001-99","pixkey":"07109544338","account":"***.095.443-**","status":"done","order":"2aa75f2f-943c-43f8-9393-f3cf73763354"}}

【2025-09-02 09:50:00】
P2025090209292716167595321----提交：{"reference":"P2025090209292716167595321"}

【2025-09-02 09:50:00】
P2025090209292716167595321----返回：{"msg":"P2025090209292716167595321","code":"000000","data":{"date":"2025-09-02 09:29:28","eid":"E3305358020250902122928344b6259d","amount":30,"name":"TIAGO MURAROTO DOS SANTOS","cpf":"***.208.528-**","bankname":"00360305","payBank":"P H R OLIVEIRA DR INVESTIMENTO LTDA","payCpf":"58.321.455\/0001-99","pixkey":"32120852820","account":"***.208.528-**","status":"done","order":"6ef8fa85-a9cd-42c3-af3a-995f9442833d"}}

【2025-09-02 09:52:43】
P2025090209292716167595321----提交：{"reference":"P2025090209292716167595321"}

【2025-09-02 09:52:43】
P2025090209292716167595321----返回：{"msg":"P2025090209292716167595321","code":"000000","data":{"date":"2025-09-02 09:29:28","eid":"E3305358020250902122928344b6259d","amount":30,"name":"TIAGO MURAROTO DOS SANTOS","cpf":"***.208.528-**","bankname":"00360305","payBank":"P H R OLIVEIRA DR INVESTIMENTO LTDA","payCpf":"58.321.455\/0001-99","pixkey":"32120852820","account":"***.208.528-**","status":"done","order":"6ef8fa85-a9cd-42c3-af3a-995f9442833d"}}

【2025-09-02 09:54:53】
P2025090208303512635076258----提交：{"reference":"P2025090208303512635076258"}

【2025-09-02 09:54:54】
P2025090208303512635076258----返回：{"msg":"P2025090208303512635076258","code":"000000","data":{"date":"2025-09-02 08:30:36","eid":"E330535802025090211303602603f19e","amount":30,"name":"Wendy Victoria Moreira de Carvalho","cpf":"***.660.998-**","bankname":"18236120","payBank":"P H R OLIVEIRA DR INVESTIMENTO LTDA","payCpf":"58.321.455\/0001-99","pixkey":"17992745880","account":"***.660.998-**","status":"done","order":"cdf932c9-11d9-4fe2-a196-af084119b45a"}}

【2025-09-02 09:54:56】
P2025090208303512635076258----提交：{"reference":"P2025090208303512635076258"}

【2025-09-02 09:54:56】
P2025090208303512635076258----返回：{"msg":"P2025090208303512635076258","code":"000000","data":{"date":"2025-09-02 08:30:36","eid":"E330535802025090211303602603f19e","amount":30,"name":"Wendy Victoria Moreira de Carvalho","cpf":"***.660.998-**","bankname":"18236120","payBank":"P H R OLIVEIRA DR INVESTIMENTO LTDA","payCpf":"58.321.455\/0001-99","pixkey":"17992745880","account":"***.660.998-**","status":"done","order":"cdf932c9-11d9-4fe2-a196-af084119b45a"}}

【2025-09-02 09:55:29】
P2025090206230704987371459----提交：{"reference":"P2025090206230704987371459"}

【2025-09-02 09:55:29】
P2025090206230704987371459----返回：{"msg":"P2025090206230704987371459","code":"000000","data":{"date":"2025-09-02 06:23:08","eid":"E3305358020250902092308466e9b7c0","amount":20,"name":"FERNANDA NICOLAU DE ARAUJO","cpf":"***.721.281-**","bankname":"60701190","payBank":"P H R OLIVEIRA DR INVESTIMENTO LTDA","payCpf":"58.321.455\/0001-99","pixkey":"06572128148","account":"***.721.281-**","status":"done","order":"183e0c30-670c-49fb-b166-0f0623aec82f"}}

【2025-09-02 09:55:30】
P2025090206230704987371459----提交：{"reference":"P2025090206230704987371459"}

【2025-09-02 09:55:30】
P2025090206230704987371459----返回：{"msg":"P2025090206230704987371459","code":"000000","data":{"date":"2025-09-02 06:23:08","eid":"E3305358020250902092308466e9b7c0","amount":20,"name":"FERNANDA NICOLAU DE ARAUJO","cpf":"***.721.281-**","bankname":"60701190","payBank":"P H R OLIVEIRA DR INVESTIMENTO LTDA","payCpf":"58.321.455\/0001-99","pixkey":"06572128148","account":"***.721.281-**","status":"done","order":"183e0c30-670c-49fb-b166-0f0623aec82f"}}

【2025-09-02 09:58:04】
P2025090209292716167595321----提交：{"reference":"P2025090209292716167595321"}

【2025-09-02 09:58:04】
P2025090209292716167595321----返回：{"msg":"P2025090209292716167595321","code":"000000","data":{"date":"2025-09-02 09:29:28","eid":"E3305358020250902122928344b6259d","amount":30,"name":"TIAGO MURAROTO DOS SANTOS","cpf":"***.208.528-**","bankname":"00360305","payBank":"P H R OLIVEIRA DR INVESTIMENTO LTDA","payCpf":"58.321.455\/0001-99","pixkey":"32120852820","account":"***.208.528-**","status":"done","order":"6ef8fa85-a9cd-42c3-af3a-995f9442833d"}}

