【2025-09-02 13:01:51】
P2025090207441709857418876----提交：{"reference":"P2025090207441709857418876"}

【2025-09-02 13:01:52】
P2025090207441709857418876----返回：{"msg":"P2025090207441709857418876","code":"000000","data":{"date":"2025-09-02 07:44:18","eid":"E3305358020250902104418276294673","amount":150,"name":"CLEDIMAR SILVEIRA","cpf":"***.526.919-**","bankname":"00360305","payBank":"P H R OLIVEIRA DR INVESTIMENTO LTDA","payCpf":"58.321.455\/0001-99","pixkey":"04552691902","account":"***.526.919-**","status":"done","order":"fe272b1d-2796-41d6-aa34-64da1e0c9d2c"}}

【2025-09-02 13:01:55】
P2025090207441709857418876----提交：{"reference":"P2025090207441709857418876"}

【2025-09-02 13:01:55】
P2025090207441709857418876----返回：{"msg":"P2025090207441709857418876","code":"000000","data":{"date":"2025-09-02 07:44:18","eid":"E3305358020250902104418276294673","amount":150,"name":"CLEDIMAR SILVEIRA","cpf":"***.526.919-**","bankname":"00360305","payBank":"P H R OLIVEIRA DR INVESTIMENTO LTDA","payCpf":"58.321.455\/0001-99","pixkey":"04552691902","account":"***.526.919-**","status":"done","order":"fe272b1d-2796-41d6-aa34-64da1e0c9d2c"}}

【2025-09-02 13:03:49】
P2025090212532528405818454----提交：{"reference":"P2025090212532528405818454"}

【2025-09-02 13:03:50】
P2025090212532528405818454----返回：{"msg":"P2025090212532528405818454","code":"000000","data":{"date":"2025-09-02 12:54:02","eid":"E3305358020250902155402710e3103b","amount":7500,"name":"Júlia Mendes Lima Diniz Sampaio","cpf":"***.973.177-**","bankname":"18236120","payBank":"P H R OLIVEIRA DR INVESTIMENTO LTDA","payCpf":"58.321.455\/0001-99","pixkey":"16897317705","account":"***.973.177-**","status":"done","order":"2168d1c0-4a64-4ad1-9e29-3c6894d9d5ff"}}

【2025-09-02 13:03:54】
P2025090212532528405818454----提交：{"reference":"P2025090212532528405818454"}

【2025-09-02 13:03:55】
P2025090212532528405818454----返回：{"msg":"P2025090212532528405818454","code":"000000","data":{"date":"2025-09-02 12:54:02","eid":"E3305358020250902155402710e3103b","amount":7500,"name":"Júlia Mendes Lima Diniz Sampaio","cpf":"***.973.177-**","bankname":"18236120","payBank":"P H R OLIVEIRA DR INVESTIMENTO LTDA","payCpf":"58.321.455\/0001-99","pixkey":"16897317705","account":"***.973.177-**","status":"done","order":"2168d1c0-4a64-4ad1-9e29-3c6894d9d5ff"}}

【2025-09-02 13:53:47】
P2025090210553621336257693----提交：{"reference":"P2025090210553621336257693"}

【2025-09-02 13:53:48】
P2025090210553621336257693----返回：{"msg":"P2025090210553621336257693","code":"000000","data":{"date":"2025-09-02 10:55:37","eid":"E3305358020250902135537396ca1ec4","amount":20.09,"name":"JAINE RODRIGUES RABELO","cpf":"***.516.582-**","bankname":"00360305","payBank":"P H R OLIVEIRA DR INVESTIMENTO LTDA","payCpf":"58.321.455\/0001-99","pixkey":"04351658282","account":"***.516.582-**","status":"done","order":"57459f36-2370-44d6-bd82-d78adfc98e4a"}}

【2025-09-02 13:53:52】
P2025090210553621336257693----提交：{"reference":"P2025090210553621336257693"}

【2025-09-02 13:53:52】
P2025090210553621336257693----返回：{"msg":"P2025090210553621336257693","code":"000000","data":{"date":"2025-09-02 10:55:37","eid":"E3305358020250902135537396ca1ec4","amount":20.09,"name":"JAINE RODRIGUES RABELO","cpf":"***.516.582-**","bankname":"00360305","payBank":"P H R OLIVEIRA DR INVESTIMENTO LTDA","payCpf":"58.321.455\/0001-99","pixkey":"04351658282","account":"***.516.582-**","status":"done","order":"57459f36-2370-44d6-bd82-d78adfc98e4a"}}

