【2025-09-02 11:08:34】
P2025090211064722007055142----提交：{"reference":"P2025090211064722007055142"}

【2025-09-02 11:08:34】
P2025090211064722007055142----返回：{"msg":"P2025090211064722007055142","code":"000000","data":{"date":"2025-09-02 11:06:48","eid":"E33053580202509021406487208d9aac","amount":80,"name":"KENNEDY WYSTER ALVES DE OLIVEIRA","cpf":"***.893.906-**","bankname":"22896431","payBank":"P H R OLIVEIRA DR INVESTIMENTO LTDA","payCpf":"58.321.455\/0001-99","pixkey":"27996693745","account":"***.893.906-**","status":"done","order":"48237449-57d6-4729-8018-86429de45ad3"}}

【2025-09-02 11:08:36】
P2025090211064722007055142----提交：{"reference":"P2025090211064722007055142"}

【2025-09-02 11:08:37】
P2025090211064722007055142----返回：{"msg":"P2025090211064722007055142","code":"000000","data":{"date":"2025-09-02 11:06:48","eid":"E33053580202509021406487208d9aac","amount":80,"name":"KENNEDY WYSTER ALVES DE OLIVEIRA","cpf":"***.893.906-**","bankname":"22896431","payBank":"P H R OLIVEIRA DR INVESTIMENTO LTDA","payCpf":"58.321.455\/0001-99","pixkey":"27996693745","account":"***.893.906-**","status":"done","order":"48237449-57d6-4729-8018-86429de45ad3"}}

【2025-09-02 11:15:30】
P2025090211134722427133790----提交：{"reference":"P2025090211134722427133790"}

【2025-09-02 11:15:31】
P2025090211134722427133790----返回：{"msg":"P2025090211134722427133790","code":"000000","data":{"date":"2025-09-02 11:13:48","eid":"E330535802025090214134857387d8d6","amount":50,"name":"SEBASTIAO TAVARES DE ARAUJO","cpf":"***.870.055-**","bankname":"00000000","payBank":"P H R OLIVEIRA DR INVESTIMENTO LTDA","payCpf":"58.321.455\/0001-99","pixkey":"04287005511","account":"***.870.055-**","status":"done","order":"1b27bb57-aa70-4b3a-94a6-6314eee94ef9"}}

【2025-09-02 11:46:11】
P2025090211454524345304941----提交：{"reference":"P2025090211454524345304941"}

【2025-09-02 11:46:12】
P2025090211454524345304941----返回：{"msg":"P2025090211454524345304941","code":"000000","data":{"date":"2025-09-02 11:46:02","eid":"E3305358020250902144602188ce5c60","amount":5800,"name":"ANA MONICA DOS SANTOS","cpf":"***.371.837-**","bankname":"00360305","payBank":"P H R OLIVEIRA DR INVESTIMENTO LTDA","payCpf":"58.321.455\/0001-99","pixkey":"09937183707","account":"***.371.837-**","status":"done","order":"c7d4d3e6-e60d-4bc7-8a19-7a81e0493568"}}

【2025-09-02 11:49:54】
P2025090211454524345304941----提交：{"reference":"P2025090211454524345304941"}

【2025-09-02 11:49:55】
P2025090211454524345304941----返回：{"msg":"P2025090211454524345304941","code":"000000","data":{"date":"2025-09-02 11:46:02","eid":"E3305358020250902144602188ce5c60","amount":5800,"name":"ANA MONICA DOS SANTOS","cpf":"***.371.837-**","bankname":"00360305","payBank":"P H R OLIVEIRA DR INVESTIMENTO LTDA","payCpf":"58.321.455\/0001-99","pixkey":"09937183707","account":"***.371.837-**","status":"done","order":"c7d4d3e6-e60d-4bc7-8a19-7a81e0493568"}}

