【2025-09-02 20:08:23】
P2025090206150904509872865----提交：{"reference":"P2025090206150904509872865"}

【2025-09-02 20:08:23】
P2025090206150904509872865----返回：{"msg":"P2025090206150904509872865","code":"000000","data":{"date":"2025-09-02 06:15:09","eid":"E33053580202509020915099244fefa6","amount":20,"name":"KAROLAINE CARDOSO DA SILVA","cpf":"***.385.247-**","bankname":"60701190","payBank":"P H R OLIVEIRA DR INVESTIMENTO LTDA","payCpf":"58.321.455\/0001-99","pixkey":"Karolainec609@gmail.com","account":"***.385.247-**","status":"done","order":"fcd7a178-b914-457b-9b99-b69938c9be1b"}}

【2025-09-02 20:13:22】
P2025090218112747487943989----提交：{"reference":"P2025090218112747487943989"}

【2025-09-02 20:13:23】
P2025090218112747487943989----返回：{"msg":"P2025090218112747487943989","code":"000000","data":{"date":"2025-09-02 18:11:28","eid":"E33053580202509022111285631faa08","amount":20,"name":"Ligia Cristina Sarmento","cpf":"***.143.743-**","bankname":"18236120","payBank":"P H R OLIVEIRA DR INVESTIMENTO LTDA","payCpf":"58.321.455\/0001-99","pixkey":"00114374309","account":"***.143.743-**","status":"done","order":"4198966f-de8d-4e8b-b839-fad641b28174"}}

【2025-09-02 20:13:33】
P2025090218163947799353752----提交：{"reference":"P2025090218163947799353752"}

【2025-09-02 20:13:33】
P2025090218163947799353752----返回：{"msg":"P2025090218163947799353752","code":"000000","data":{"date":"2025-09-02 18:16:40","eid":"E3305358020250902211640100b8bdbb","amount":20,"name":"Ligia Cristina Sarmento","cpf":"***.143.743-**","bankname":"18236120","payBank":"P H R OLIVEIRA DR INVESTIMENTO LTDA","payCpf":"58.321.455\/0001-99","pixkey":"00114374309","account":"***.143.743-**","status":"done","order":"c25aebf5-849b-4b9f-8738-631815a8911f"}}

【2025-09-02 20:14:40】
P2025090219585653936253673----提交：{"reference":"P2025090219585653936253673"}

【2025-09-02 20:14:41】
P2025090219585653936253673----返回：{"msg":"P2025090219585653936253673","code":"000000","data":{"date":"2025-09-02 19:58:57","eid":"E330535802025090222585710948d48d","amount":50,"name":"ANA ROSA CARASCHI","cpf":"***.383.778-**","bankname":"00360305","payBank":"P H R OLIVEIRA DR INVESTIMENTO LTDA","payCpf":"58.321.455\/0001-99","pixkey":"36638377850","account":"***.383.778-**","status":"done","order":"30c00d48-8ec3-407b-bdaf-59f0242c6c5e"}}

【2025-09-02 20:14:48】
P2025090219585653936253673----提交：{"reference":"P2025090219585653936253673"}

【2025-09-02 20:14:48】
P2025090219585653936253673----返回：{"msg":"P2025090219585653936253673","code":"000000","data":{"date":"2025-09-02 19:58:57","eid":"E330535802025090222585710948d48d","amount":50,"name":"ANA ROSA CARASCHI","cpf":"***.383.778-**","bankname":"00360305","payBank":"P H R OLIVEIRA DR INVESTIMENTO LTDA","payCpf":"58.321.455\/0001-99","pixkey":"36638377850","account":"***.383.778-**","status":"done","order":"30c00d48-8ec3-407b-bdaf-59f0242c6c5e"}}

【2025-09-02 20:18:10】
P2025090218163947799353752----提交：{"reference":"P2025090218163947799353752"}

【2025-09-02 20:18:11】
P2025090218163947799353752----返回：{"msg":"P2025090218163947799353752","code":"000000","data":{"date":"2025-09-02 18:16:40","eid":"E3305358020250902211640100b8bdbb","amount":20,"name":"Ligia Cristina Sarmento","cpf":"***.143.743-**","bankname":"18236120","payBank":"P H R OLIVEIRA DR INVESTIMENTO LTDA","payCpf":"58.321.455\/0001-99","pixkey":"00114374309","account":"***.143.743-**","status":"done","order":"c25aebf5-849b-4b9f-8738-631815a8911f"}}

【2025-09-02 20:18:47】
P2025090220081654496627892----提交：{"reference":"P2025090220081654496627892"}

【2025-09-02 20:18:48】
P2025090220081654496627892----返回：{"msg":"P2025090220081654496627892","code":"000000","data":{"date":"2025-09-02 20:08:17","eid":"E3305358020250902230817250019e05","amount":40.43,"name":"Maria Antonia Da Conceicao","cpf":"***.676.003-**","bankname":"22896431","payBank":"P H R OLIVEIRA DR INVESTIMENTO LTDA","payCpf":"58.321.455\/0001-99","pixkey":"00167600346","account":"***.676.003-**","status":"done","order":"c3d49ecb-26b3-4407-83b8-3df9ece42960"}}

【2025-09-02 20:18:55】
P2025090220081654496627892----提交：{"reference":"P2025090220081654496627892"}

【2025-09-02 20:18:55】
P2025090220081654496627892----返回：{"msg":"P2025090220081654496627892","code":"000000","data":{"date":"2025-09-02 20:08:17","eid":"E3305358020250902230817250019e05","amount":40.43,"name":"Maria Antonia Da Conceicao","cpf":"***.676.003-**","bankname":"22896431","payBank":"P H R OLIVEIRA DR INVESTIMENTO LTDA","payCpf":"58.321.455\/0001-99","pixkey":"00167600346","account":"***.676.003-**","status":"done","order":"c3d49ecb-26b3-4407-83b8-3df9ece42960"}}

【2025-09-02 20:39:21】
P2025083114564863008363214----提交：{"reference":"P2025083114564863008363214"}

【2025-09-02 20:39:22】
P2025083114564863008363214----返回：{"msg":"P2025083114564863008363214","code":"000000","data":{"date":"2025-08-31 14:56:49","eid":"E33053580202508311756493189a2d6a","amount":130,"name":"REINALDO BAPTISTEL","cpf":"***.032.219-**","bankname":"00360305","payBank":"P H R OLIVEIRA DR INVESTIMENTO LTDA","payCpf":"58.321.455\/0001-99","pixkey":"41988205984","account":"***.032.219-**","status":"done","order":"00517430-0167-4b06-844e-3496c9ded169"}}

【2025-09-02 20:54:02】
P2025090220521357133638832----提交：{"reference":"P2025090220521357133638832"}

【2025-09-02 20:54:02】
P2025090220521357133638832----返回：{"msg":"P2025090220521357133638832","code":"000000","data":{"date":"2025-09-02 20:52:14","eid":"E3305358020250902235214630ca6340","amount":10,"name":"SILVANA FERREIRA HERRERO","cpf":"***.540.749-**","bankname":"00000000","payBank":"P H R OLIVEIRA DR INVESTIMENTO LTDA","payCpf":"58.321.455\/0001-99","pixkey":"44988255407","account":"***.540.749-**","status":"done","order":"80c74190-04d6-4fe9-bb18-ccb4c96b976a"}}

【2025-09-02 20:54:05】
P2025090220521357133638832----提交：{"reference":"P2025090220521357133638832"}

【2025-09-02 20:54:05】
P2025090220521357133638832----返回：{"msg":"P2025090220521357133638832","code":"000000","data":{"date":"2025-09-02 20:52:14","eid":"E3305358020250902235214630ca6340","amount":10,"name":"SILVANA FERREIRA HERRERO","cpf":"***.540.749-**","bankname":"00000000","payBank":"P H R OLIVEIRA DR INVESTIMENTO LTDA","payCpf":"58.321.455\/0001-99","pixkey":"44988255407","account":"***.540.749-**","status":"done","order":"80c74190-04d6-4fe9-bb18-ccb4c96b976a"}}

