【2025-09-02 18:10:24】
P2025090212592428764489924----提交：{"reference":"P2025090212592428764489924"}

【2025-09-02 18:10:25】
P2025090212592428764489924----返回：{"msg":"P2025090212592428764489924","code":"000000","data":{"date":"2025-09-02 12:59:25","eid":"E3305358020250902155925007be06ac","amount":100,"name":"Luandre Henrique Costa de Vasconcelos","cpf":"***.406.542-**","bankname":"18236120","payBank":"P H R OLIVEIRA DR INVESTIMENTO LTDA","payCpf":"58.321.455\/0001-99","pixkey":"03640654277","account":"***.406.542-**","status":"done","order":"93fdb490-2c6a-46d3-8b52-507cd3750680"}}

【2025-09-02 18:10:41】
P2025090212592428764489924----提交：{"reference":"P2025090212592428764489924"}

【2025-09-02 18:10:41】
P2025090212592428764489924----返回：{"msg":"P2025090212592428764489924","code":"000000","data":{"date":"2025-09-02 12:59:25","eid":"E3305358020250902155925007be06ac","amount":100,"name":"Luandre Henrique Costa de Vasconcelos","cpf":"***.406.542-**","bankname":"18236120","payBank":"P H R OLIVEIRA DR INVESTIMENTO LTDA","payCpf":"58.321.455\/0001-99","pixkey":"03640654277","account":"***.406.542-**","status":"done","order":"93fdb490-2c6a-46d3-8b52-507cd3750680"}}

【2025-09-02 18:13:17】
P2025090218100447404685425----提交：{"reference":"P2025090218100447404685425"}

【2025-09-02 18:13:18】
P2025090218100447404685425----返回：{"msg":"P2025090218100447404685425","code":"000000","data":{"date":"2025-09-02 18:13:02","eid":"E33053580202509022113020993a9055","amount":5000,"name":"CR OLIVEIRA MARKETING DIGITAL LTDA","cpf":"***.658.080-**","bankname":"18236120","payBank":"P H R OLIVEIRA DR INVESTIMENTO LTDA","payCpf":"58.321.455\/0001-99","pixkey":"22997618355","account":"***.658.080-**","status":"done","order":"a0bd2d3d-e172-4459-8fdb-3acfbbcd57f4"}}

【2025-09-02 18:13:56】
P2025090218100447404685425----提交：{"reference":"P2025090218100447404685425"}

【2025-09-02 18:13:56】
P2025090218100447404685425----返回：{"msg":"P2025090218100447404685425","code":"000000","data":{"date":"2025-09-02 18:13:02","eid":"E33053580202509022113020993a9055","amount":5000,"name":"CR OLIVEIRA MARKETING DIGITAL LTDA","cpf":"***.658.080-**","bankname":"18236120","payBank":"P H R OLIVEIRA DR INVESTIMENTO LTDA","payCpf":"58.321.455\/0001-99","pixkey":"22997618355","account":"***.658.080-**","status":"done","order":"a0bd2d3d-e172-4459-8fdb-3acfbbcd57f4"}}

【2025-09-02 18:33:45】
P2025090218322648746241217----提交：{"reference":"P2025090218322648746241217"}

【2025-09-02 18:33:45】
P2025090218322648746241217----返回：{"msg":"P2025090218322648746241217","code":"000000","data":{"date":"2025-09-02 18:32:27","eid":"E3305358020250902213227442b5be4c","amount":20,"name":"KARINE CRISTINE MARQUES","cpf":"***.024.339-**","bankname":"00360305","payBank":"P H R OLIVEIRA DR INVESTIMENTO LTDA","payCpf":"58.321.455\/0001-99","pixkey":"05602433910","account":"***.024.339-**","status":"done","order":"0003da68-f786-4f69-8c53-206cac19b37f"}}

【2025-09-02 18:33:47】
P2025090218322648746241217----提交：{"reference":"P2025090218322648746241217"}

【2025-09-02 18:33:48】
P2025090218322648746241217----返回：{"msg":"P2025090218322648746241217","code":"000000","data":{"date":"2025-09-02 18:32:27","eid":"E3305358020250902213227442b5be4c","amount":20,"name":"KARINE CRISTINE MARQUES","cpf":"***.024.339-**","bankname":"00360305","payBank":"P H R OLIVEIRA DR INVESTIMENTO LTDA","payCpf":"58.321.455\/0001-99","pixkey":"05602433910","account":"***.024.339-**","status":"done","order":"0003da68-f786-4f69-8c53-206cac19b37f"}}

【2025-09-02 18:58:52】
P2025090218581050290023629----提交：{"reference":"P2025090218581050290023629"}

【2025-09-02 18:58:53】
P2025090218581050290023629----返回：{"msg":"P2025090218581050290023629","code":"000000","data":{"date":"2025-09-02 18:58:11","eid":"E330535802025090221581159995fd62","amount":900,"name":"Ericka Do O Nascimento Gomes","cpf":"***.501.594-**","bankname":"10573521","payBank":"P H R OLIVEIRA DR INVESTIMENTO LTDA","payCpf":"58.321.455\/0001-99","pixkey":"01350159441","account":"***.501.594-**","status":"done","order":"7fa101a6-533f-448e-8c62-87ce6c950507"}}

【2025-09-02 18:58:54】
P2025090218581050290023629----提交：{"reference":"P2025090218581050290023629"}

【2025-09-02 18:58:54】
P2025090218581050290023629----返回：{"msg":"P2025090218581050290023629","code":"000000","data":{"date":"2025-09-02 18:58:11","eid":"E330535802025090221581159995fd62","amount":900,"name":"Ericka Do O Nascimento Gomes","cpf":"***.501.594-**","bankname":"10573521","payBank":"P H R OLIVEIRA DR INVESTIMENTO LTDA","payCpf":"58.321.455\/0001-99","pixkey":"01350159441","account":"***.501.594-**","status":"done","order":"7fa101a6-533f-448e-8c62-87ce6c950507"}}

