【2025-09-02 08:04:26】
P2025090208011610876818727----提交：{"reference":"P2025090208011610876818727"}

【2025-09-02 08:04:27】
P2025090208011610876818727----返回：{"msg":"P2025090208011610876818727","code":"000000","data":{"date":"2025-09-02 08:01:17","eid":"E3305358020250902110117065308e48","amount":30,"name":"Arthur Jager dos Santos","cpf":"***.394.478-**","bankname":"18236120","payBank":"P H R OLIVEIRA DR INVESTIMENTO LTDA","payCpf":"58.321.455\/0001-99","pixkey":"11954257538","account":"***.394.478-**","status":"done","order":"f3eb163c-9a03-47c0-a35c-444e731a525e"}}

【2025-09-02 08:04:44】
P2025090208011610876818727----提交：{"reference":"P2025090208011610876818727"}

【2025-09-02 08:04:44】
P2025090208011610876818727----返回：{"msg":"P2025090208011610876818727","code":"000000","data":{"date":"2025-09-02 08:01:17","eid":"E3305358020250902110117065308e48","amount":30,"name":"Arthur Jager dos Santos","cpf":"***.394.478-**","bankname":"18236120","payBank":"P H R OLIVEIRA DR INVESTIMENTO LTDA","payCpf":"58.321.455\/0001-99","pixkey":"11954257538","account":"***.394.478-**","status":"done","order":"f3eb163c-9a03-47c0-a35c-444e731a525e"}}

【2025-09-02 08:04:55】
P2025090208014910909379109----提交：{"reference":"P2025090208014910909379109"}

【2025-09-02 08:04:55】
P2025090208014910909379109----返回：{"msg":"P2025090208014910909379109","code":"000000","data":{"date":"2025-09-02 08:01:50","eid":"E3305358020250902110150325093b84","amount":1100,"name":"JURANDIR SENA DA SILVA","cpf":"***.642.701-**","bankname":"00360305","payBank":"P H R OLIVEIRA DR INVESTIMENTO LTDA","payCpf":"58.321.455\/0001-99","pixkey":"59564270197","account":"***.642.701-**","status":"done","order":"6583d754-64c8-4b98-9610-a503610c6a52"}}

【2025-09-02 08:04:58】
P2025090208014910909379109----提交：{"reference":"P2025090208014910909379109"}

【2025-09-02 08:04:58】
P2025090208014910909379109----返回：{"msg":"P2025090208014910909379109","code":"000000","data":{"date":"2025-09-02 08:01:50","eid":"E3305358020250902110150325093b84","amount":1100,"name":"JURANDIR SENA DA SILVA","cpf":"***.642.701-**","bankname":"00360305","payBank":"P H R OLIVEIRA DR INVESTIMENTO LTDA","payCpf":"58.321.455\/0001-99","pixkey":"59564270197","account":"***.642.701-**","status":"done","order":"6583d754-64c8-4b98-9610-a503610c6a52"}}

【2025-09-02 08:13:36】
P2025090207542910469467041----提交：{"reference":"P2025090207542910469467041"}

【2025-09-02 08:13:36】
P2025090207542910469467041----返回：{"msg":"P2025090207542910469467041","code":"000000","data":{"date":"2025-09-02 07:54:30","eid":"E3305358020250902105429957acea15","amount":150,"name":"UALAS LUSTOSA PEREIRA","cpf":"***.547.523-**","bankname":"07237373","payBank":"P H R OLIVEIRA DR INVESTIMENTO LTDA","payCpf":"58.321.455\/0001-99","pixkey":"04254752393","account":"***.547.523-**","status":"done","order":"96f87022-18a7-436e-9cc9-d3462b48a7ee"}}

【2025-09-02 08:13:41】
P2025090207542910469467041----提交：{"reference":"P2025090207542910469467041"}

【2025-09-02 08:13:42】
P2025090207542910469467041----返回：{"msg":"P2025090207542910469467041","code":"000000","data":{"date":"2025-09-02 07:54:30","eid":"E3305358020250902105429957acea15","amount":150,"name":"UALAS LUSTOSA PEREIRA","cpf":"***.547.523-**","bankname":"07237373","payBank":"P H R OLIVEIRA DR INVESTIMENTO LTDA","payCpf":"58.321.455\/0001-99","pixkey":"04254752393","account":"***.547.523-**","status":"done","order":"96f87022-18a7-436e-9cc9-d3462b48a7ee"}}

【2025-09-02 08:20:56】
P2025090208195711997636547----提交：{"reference":"P2025090208195711997636547"}

【2025-09-02 08:20:57】
P2025090208195711997636547----返回：{"msg":"P2025090208195711997636547","code":"000000","data":{"date":"2025-09-02 08:19:58","eid":"E33053580202509021119588215959c7","amount":37.5,"name":"Levi Rodrigues Pereira","cpf":"***.009.402-**","bankname":"18236120","payBank":"P H R OLIVEIRA DR INVESTIMENTO LTDA","payCpf":"58.321.455\/0001-99","pixkey":"levirodriguespereira20@gmail.com","account":"***.009.402-**","status":"done","order":"c2381234-6dcc-4268-a7e1-aa4737f58c73"}}

【2025-09-02 08:21:00】
P2025090208195711997636547----提交：{"reference":"P2025090208195711997636547"}

【2025-09-02 08:21:00】
P2025090208195711997636547----返回：{"msg":"P2025090208195711997636547","code":"000000","data":{"date":"2025-09-02 08:19:58","eid":"E33053580202509021119588215959c7","amount":37.5,"name":"Levi Rodrigues Pereira","cpf":"***.009.402-**","bankname":"18236120","payBank":"P H R OLIVEIRA DR INVESTIMENTO LTDA","payCpf":"58.321.455\/0001-99","pixkey":"levirodriguespereira20@gmail.com","account":"***.009.402-**","status":"done","order":"c2381234-6dcc-4268-a7e1-aa4737f58c73"}}

【2025-09-02 08:39:24】
P2025090208015110911718041----提交：{"reference":"P2025090208015110911718041"}

【2025-09-02 08:39:25】
P2025090208015110911718041----返回：{"msg":"P2025090208015110911718041","code":"000000","data":{"date":"2025-09-02 08:37:03","eid":"E330535802025090211370977884b637","amount":20000,"name":"MARCOS ANTONIO CASTRO CHIQUITE          ","cpf":"***.194.319-**","bankname":"60746948","payBank":"P H R OLIVEIRA DR INVESTIMENTO LTDA","payCpf":"58.321.455\/0001-99","pixkey":"06119431900","account":"***.194.319-**","status":"done","order":"36193678-0e3b-4415-88f7-03820bce245b"}}

