【2025-09-02 03:19:23】
P2025090203172193841845348----提交：{"reference":"P2025090203172193841845348"}

【2025-09-02 03:19:23】
P2025090203172193841845348----返回：{"msg":"P2025090203172193841845348","code":"000000","data":{"date":"2025-09-02 03:19:02","eid":"E3305358020250902061902456b5cf16","amount":5019,"name":"WILSON JUSTINO DE SOUZA","cpf":"***.190.998-**","bankname":"00360305","payBank":"P H R OLIVEIRA DR INVESTIMENTO LTDA","payCpf":"58.321.455\/0001-99","pixkey":"13819099816","account":"***.190.998-**","status":"done","order":"6401221a-a681-4f5f-8820-b5bf1be5046b"}}

【2025-09-02 03:30:35】
P2025090203040393043972678----提交：{"reference":"P2025090203040393043972678"}

【2025-09-02 03:30:36】
P2025090203040393043972678----返回：{"msg":"P2025090203040393043972678","code":"000000","data":{"date":"2025-09-02 03:05:02","eid":"E3305358020250902060502189e38462","amount":6047,"name":"TAIS DE OLIVEIRA","cpf":"***.214.571-**","bankname":"70431630","payBank":"P H R OLIVEIRA DR INVESTIMENTO LTDA","payCpf":"58.321.455\/0001-99","pixkey":"66984349707","account":"***.214.571-**","status":"done","order":"b967ee6d-cc29-4fce-8861-b8940f461a69"}}

【2025-09-02 03:30:48】
P2025090203040393043972678----提交：{"reference":"P2025090203040393043972678"}

【2025-09-02 03:30:48】
P2025090203040393043972678----返回：{"msg":"P2025090203040393043972678","code":"000000","data":{"date":"2025-09-02 03:05:02","eid":"E3305358020250902060502189e38462","amount":6047,"name":"TAIS DE OLIVEIRA","cpf":"***.214.571-**","bankname":"70431630","payBank":"P H R OLIVEIRA DR INVESTIMENTO LTDA","payCpf":"58.321.455\/0001-99","pixkey":"66984349707","account":"***.214.571-**","status":"done","order":"b967ee6d-cc29-4fce-8861-b8940f461a69"}}

【2025-09-02 03:31:44】
P2025090203041293052196878----提交：{"reference":"P2025090203041293052196878"}

【2025-09-02 03:31:44】
P2025090203041293052196878----返回：{"msg":"P2025090203041293052196878","code":"000000","data":{"date":"2025-09-02 03:04:13","eid":"E33053580202509020604136627fe227","amount":2600,"name":"Vitória da Silva Gomes","cpf":"***.675.544-**","bankname":"18236120","payBank":"P H R OLIVEIRA DR INVESTIMENTO LTDA","payCpf":"58.321.455\/0001-99","pixkey":"34999167519","account":"***.675.544-**","status":"done","order":"11656ec5-cc82-4c8a-9f5e-b3c97d3eb7a0"}}

【2025-09-02 03:31:45】
P2025090203041293052196878----提交：{"reference":"P2025090203041293052196878"}

【2025-09-02 03:31:45】
P2025090203041293052196878----返回：{"msg":"P2025090203041293052196878","code":"000000","data":{"date":"2025-09-02 03:04:13","eid":"E33053580202509020604136627fe227","amount":2600,"name":"Vitória da Silva Gomes","cpf":"***.675.544-**","bankname":"18236120","payBank":"P H R OLIVEIRA DR INVESTIMENTO LTDA","payCpf":"58.321.455\/0001-99","pixkey":"34999167519","account":"***.675.544-**","status":"done","order":"11656ec5-cc82-4c8a-9f5e-b3c97d3eb7a0"}}

