【2025-09-02 15:24:46】
P2025090215233437414573738----提交：{"custId":"24120300001308","appId":"8241201350","order":"P2025090215233437414573738","sign":"4506FAE8AAFA32CF2F180A790C870F7C"}

【2025-09-02 15:24:46】
P2025090215233437414573738----返回：{"code":"000000","msg":"P2025090215233437414573738","data":{"date":"2025-09-02 15:23:37","eid":"E3571349120250902182335079062547","amount":"100","name":"Elma Rocha da Silva","cpf":"03278937104","bankname":"NOVABET OFICIAL","payBank":"","payCpf":"","pixkey":"03278937104","account":"18236120","status":"done","order":"A20250902152334771326tK3Dfwvyb"},"sign":"98218365285EE045BF9EB04F432C7206"}

【2025-09-02 15:24:50】
P2025090215233437414573738----提交：{"custId":"24120300001308","appId":"8241201350","order":"P2025090215233437414573738","sign":"4506FAE8AAFA32CF2F180A790C870F7C"}

【2025-09-02 15:24:50】
P2025090215233437414573738----返回：{"code":"000000","msg":"P2025090215233437414573738","data":{"date":"2025-09-02 15:23:37","eid":"E3571349120250902182335079062547","amount":"100","name":"Elma Rocha da Silva","cpf":"03278937104","bankname":"NOVABET OFICIAL","payBank":"","payCpf":"","pixkey":"03278937104","account":"18236120","status":"done","order":"A20250902152334771326tK3Dfwvyb"},"sign":"98218365285EE045BF9EB04F432C7206"}

【2025-09-02 15:26:22】
P2025090215231737397407107----提交：{"custId":"24120300001308","appId":"8241201350","order":"P2025090215231737397407107","sign":"B442C7205110DE75EFA7A26454953D4B"}

【2025-09-02 15:26:22】
P2025090215231737397407107----返回：{"code":"000000","msg":"P2025090215231737397407107","data":{"date":"2025-09-02 15:23:20","eid":"E357134912025090218231879334da7f","amount":"150","name":"Guilherme Henrique Domingos","cpf":"42360229826","bankname":"NOVABET OFICIAL","payBank":"","payCpf":"","pixkey":"42360229826","account":"22896431","status":"done","order":"A20250902152318843086pFwu6kByu"},"sign":"C63C7CDF1D147E352A3A47306224AC6D"}

【2025-09-02 15:26:24】
P2025090215231737397407107----提交：{"custId":"24120300001308","appId":"8241201350","order":"P2025090215231737397407107","sign":"B442C7205110DE75EFA7A26454953D4B"}

【2025-09-02 15:26:24】
P2025090215231737397407107----返回：{"code":"000000","msg":"P2025090215231737397407107","data":{"date":"2025-09-02 15:23:20","eid":"E357134912025090218231879334da7f","amount":"150","name":"Guilherme Henrique Domingos","cpf":"42360229826","bankname":"NOVABET OFICIAL","payBank":"","payCpf":"","pixkey":"42360229826","account":"22896431","status":"done","order":"A20250902152318843086pFwu6kByu"},"sign":"C63C7CDF1D147E352A3A47306224AC6D"}

【2025-09-02 15:43:34】
P2025090215343638076017073----提交：{"custId":"24120300001308","appId":"8241201350","order":"P2025090215343638076017073","sign":"2005B110D89A9E6788BC7DBDD1FABF4A"}

【2025-09-02 15:43:34】
P2025090215343638076017073----返回：{"code":"000000","msg":"P2025090215343638076017073","data":{"date":"2025-09-02 15:34:38","eid":"E3571349120250902183436381c86f63","amount":"50","name":"Artur Fernandes Moraes","cpf":"71414130490","bankname":"NOVABET OFICIAL","payBank":"","payCpf":"","pixkey":"71414130490","account":"18236120","status":"done","order":"A20250902153436904386SitvBhWD9"},"sign":"A1319E7436B423F684D6779F86A188FC"}

【2025-09-02 15:43:37】
P2025090215343638076017073----提交：{"custId":"24120300001308","appId":"8241201350","order":"P2025090215343638076017073","sign":"2005B110D89A9E6788BC7DBDD1FABF4A"}

【2025-09-02 15:43:37】
P2025090215343638076017073----返回：{"code":"000000","msg":"P2025090215343638076017073","data":{"date":"2025-09-02 15:34:38","eid":"E3571349120250902183436381c86f63","amount":"50","name":"Artur Fernandes Moraes","cpf":"71414130490","bankname":"NOVABET OFICIAL","payBank":"","payCpf":"","pixkey":"71414130490","account":"18236120","status":"done","order":"A20250902153436904386SitvBhWD9"},"sign":"A1319E7436B423F684D6779F86A188FC"}

【2025-09-02 15:49:55】
P2025090200421484534026806----提交：{"custId":"24120300001308","appId":"8241201350","order":"P2025090200421484534026806","sign":"2C113DDF48CDED32FA7B1E4BDA66CD1D"}

【2025-09-02 15:49:55】
P2025090200421484534026806----返回：{"code":"000000","msg":"P2025090200421484534026806","data":{"date":"2025-09-02 00:42:16","eid":"E45756448202509020342sv3LTa6jmka","amount":"20","name":"MARIA LUCIA ROCHA DE OLIVEIRA","cpf":"52646283865","bankname":"null","payBank":"","payCpf":"","pixkey":"52646283865","account":"558567","status":"done","order":"A202509020042143948191y97cGnLv"},"sign":"26AA00EF820A80227EB2EBB7D91227F0"}

【2025-09-02 15:50:00】
P2025090200421484534026806----提交：{"custId":"24120300001308","appId":"8241201350","order":"P2025090200421484534026806","sign":"2C113DDF48CDED32FA7B1E4BDA66CD1D"}

【2025-09-02 15:50:00】
P2025090200421484534026806----返回：{"code":"000000","msg":"P2025090200421484534026806","data":{"date":"2025-09-02 00:42:16","eid":"E45756448202509020342sv3LTa6jmka","amount":"20","name":"MARIA LUCIA ROCHA DE OLIVEIRA","cpf":"52646283865","bankname":"null","payBank":"","payCpf":"","pixkey":"52646283865","account":"558567","status":"done","order":"A202509020042143948191y97cGnLv"},"sign":"26AA00EF820A80227EB2EBB7D91227F0"}

【2025-09-02 15:54:56】
P2025090215540839248932541----提交：{"custId":"24120300001308","appId":"8241201350","order":"P2025090215540839248932541","sign":"30A72514819EEECBC1877DA9C87009A7"}

【2025-09-02 15:54:57】
P2025090215540839248932541----返回：{"code":"000000","msg":"P2025090215540839248932541","data":{"date":"2025-09-02 15:54:10","eid":"E35713491202509021854088913e9b74","amount":"10","name":"Thiago Henrique da Silva Peruca","cpf":"09600013950","bankname":"NOVABET OFICIAL","payBank":"","payCpf":"","pixkey":"thiperuca2@gmail.com","account":"18236120","status":"done","order":"A20250902155408482630WZT4eFI13"},"sign":"89178453DFF53CFF237CF5B7E49F68F9"}

【2025-09-02 15:54:59】
P2025090215540839248932541----提交：{"custId":"24120300001308","appId":"8241201350","order":"P2025090215540839248932541","sign":"30A72514819EEECBC1877DA9C87009A7"}

【2025-09-02 15:54:59】
P2025090215540839248932541----返回：{"code":"000000","msg":"P2025090215540839248932541","data":{"date":"2025-09-02 15:54:10","eid":"E35713491202509021854088913e9b74","amount":"10","name":"Thiago Henrique da Silva Peruca","cpf":"09600013950","bankname":"NOVABET OFICIAL","payBank":"","payCpf":"","pixkey":"thiperuca2@gmail.com","account":"18236120","status":"done","order":"A20250902155408482630WZT4eFI13"},"sign":"89178453DFF53CFF237CF5B7E49F68F9"}

