【2025-09-02 02:40:36】
P2025090202295790997025842----提交：{"custId":"24120300001308","appId":"8241201350","order":"P2025090202295790997025842","sign":"CCA491E86046A5BA4719596C0333E535"}

【2025-09-02 02:40:36】
P2025090202295790997025842----返回：{"code":"000000","msg":"P2025090202295790997025842","data":{"date":"2025-09-02 02:30:00","eid":"E45756448202509020529CU5IXxQjb0S","amount":"1100.74","name":"CAIQUE PAULO DE ALMEIDA MARQUES","cpf":"38861872840","bankname":"null","payBank":"","payCpf":"","pixkey":"11966670198","account":"252978544","status":"done","order":"A20250902022957098784En8gKYilY"},"sign":"061CC419DEAE098099E28F04C3E5A7B3"}

【2025-09-02 02:40:48】
P2025090202295790997025842----提交：{"custId":"24120300001308","appId":"8241201350","order":"P2025090202295790997025842","sign":"CCA491E86046A5BA4719596C0333E535"}

【2025-09-02 02:40:48】
P2025090202295790997025842----返回：{"code":"000000","msg":"P2025090202295790997025842","data":{"date":"2025-09-02 02:30:00","eid":"E45756448202509020529CU5IXxQjb0S","amount":"1100.74","name":"CAIQUE PAULO DE ALMEIDA MARQUES","cpf":"38861872840","bankname":"null","payBank":"","payCpf":"","pixkey":"11966670198","account":"252978544","status":"done","order":"A20250902022957098784En8gKYilY"},"sign":"061CC419DEAE098099E28F04C3E5A7B3"}

【2025-09-02 02:46:34】
P2025090202412691686882087----提交：{"custId":"24120300001308","appId":"8241201350","order":"P2025090202412691686882087","sign":"696641693EDECA75B5197BEC0B721CAD"}

【2025-09-02 02:46:34】
P2025090202412691686882087----返回：{"code":"000000","msg":"P2025090202412691686882087","data":{"date":"2025-09-02 02:41:29","eid":"E45756448202509020541BMVsqUEQPUq","amount":"202","name":"Antonio Francisco Borges Junior","cpf":"10046146911","bankname":"null","payBank":"","payCpf":"","pixkey":"10046146911","account":"32386932051","status":"done","order":"A20250902024126063047dIGwlcDKk"},"sign":"084E87E36FEDB3C19145500C59A57AD9"}

【2025-09-02 02:46:37】
P2025090202412691686882087----提交：{"custId":"24120300001308","appId":"8241201350","order":"P2025090202412691686882087","sign":"696641693EDECA75B5197BEC0B721CAD"}

【2025-09-02 02:46:37】
P2025090202412691686882087----返回：{"code":"000000","msg":"P2025090202412691686882087","data":{"date":"2025-09-02 02:41:29","eid":"E45756448202509020541BMVsqUEQPUq","amount":"202","name":"Antonio Francisco Borges Junior","cpf":"10046146911","bankname":"null","payBank":"","payCpf":"","pixkey":"10046146911","account":"32386932051","status":"done","order":"A20250902024126063047dIGwlcDKk"},"sign":"084E87E36FEDB3C19145500C59A57AD9"}

【2025-09-02 02:54:26】
P2025090202274990869179315----提交：{"custId":"24120300001308","appId":"8241201350","order":"P2025090202274990869179315","sign":"1259F8E02B55D96A4A8D814E86B65CA5"}

【2025-09-02 02:54:26】
P2025090202274990869179315----返回：{"code":"000000","msg":"P2025090202274990869179315","data":{"date":"2025-09-02 02:27:51","eid":"E45756448202509020527RfKczAgc20C","amount":"20","name":"Everton Cauã da Silva","cpf":"17015663465","bankname":"null","payBank":"","payCpf":"","pixkey":"17015663465","account":"1739060078","status":"done","order":"A202509020227494158691fXBAqX3D"},"sign":"A144A36C582A2F387387FF9D1C3B7C1A"}

【2025-09-02 02:54:29】
P2025090202274990869179315----提交：{"custId":"24120300001308","appId":"8241201350","order":"P2025090202274990869179315","sign":"1259F8E02B55D96A4A8D814E86B65CA5"}

【2025-09-02 02:54:29】
P2025090202274990869179315----返回：{"code":"000000","msg":"P2025090202274990869179315","data":{"date":"2025-09-02 02:27:51","eid":"E45756448202509020527RfKczAgc20C","amount":"20","name":"Everton Cauã da Silva","cpf":"17015663465","bankname":"null","payBank":"","payCpf":"","pixkey":"17015663465","account":"1739060078","status":"done","order":"A202509020227494158691fXBAqX3D"},"sign":"A144A36C582A2F387387FF9D1C3B7C1A"}

【2025-09-02 02:54:30】
P2025090202274990869179315----提交：{"custId":"24120300001308","appId":"8241201350","order":"P2025090202274990869179315","sign":"1259F8E02B55D96A4A8D814E86B65CA5"}

【2025-09-02 02:54:30】
P2025090202274990869179315----返回：{"code":"000000","msg":"P2025090202274990869179315","data":{"date":"2025-09-02 02:27:51","eid":"E45756448202509020527RfKczAgc20C","amount":"20","name":"Everton Cauã da Silva","cpf":"17015663465","bankname":"null","payBank":"","payCpf":"","pixkey":"17015663465","account":"1739060078","status":"done","order":"A202509020227494158691fXBAqX3D"},"sign":"A144A36C582A2F387387FF9D1C3B7C1A"}

