【2025-09-02 14:36:48】
P2025081612384758727582452----提交：{"custId":"24120300001308","appId":"8241201350","order":"P2025081612384758727582452","sign":"6EEBDE5FB01BBA2CA679BB707597B8E3"}

【2025-09-02 14:36:48】
P2025081612384758727582452----返回：{"code":"000000","msg":"P2025081612384758727582452","data":{"date":"2025-08-16 12:38:53","eid":"E45756448202508161538Zz8O6s6HyEW","amount":"20","name":"ALESSANDRO ADRIAN SOUZA TRAJANO DE ARAUJO","cpf":"7158614174","bankname":"null","payBank":"","payCpf":"","pixkey":"07158614174","account":"74002666","status":"done","order":"A20250816123847290083GYnieKFIK"},"sign":"8D7162CCAAFFE7A574669CA8B2C5718D"}

【2025-09-02 14:36:50】
P2025081612384758727582452----提交：{"custId":"24120300001308","appId":"8241201350","order":"P2025081612384758727582452","sign":"6EEBDE5FB01BBA2CA679BB707597B8E3"}

【2025-09-02 14:36:50】
P2025081612384758727582452----返回：{"code":"000000","msg":"P2025081612384758727582452","data":{"date":"2025-08-16 12:38:53","eid":"E45756448202508161538Zz8O6s6HyEW","amount":"20","name":"ALESSANDRO ADRIAN SOUZA TRAJANO DE ARAUJO","cpf":"7158614174","bankname":"null","payBank":"","payCpf":"","pixkey":"07158614174","account":"74002666","status":"done","order":"A20250816123847290083GYnieKFIK"},"sign":"8D7162CCAAFFE7A574669CA8B2C5718D"}

【2025-09-02 14:37:43】
P2025082616034035020086432----提交：{"custId":"24120300001308","appId":"8241201350","order":"P2025082616034035020086432","sign":"0DDE938872772E8C9DCD66A750C35320"}

【2025-09-02 14:37:43】
P2025082616034035020086432----返回：{"code":"000000","msg":"P2025082616034035020086432","data":{"date":"2025-08-26 16:04:08","eid":"E3720544720250826190403229161d3b","amount":"1000","name":"ALANA ADRIELY DO NASCIMENTO PINTO","cpf":"12519951524","bankname":"ORBION GAMING LTDA","payBank":"","payCpf":"","pixkey":"12519951524","account":"22896431","status":"done","order":"A20250826160402871308CPJnpS86D"},"sign":"119F4095058AE32D9727416DA349F7B6"}

【2025-09-02 14:37:45】
P2025082616034035020086432----提交：{"custId":"24120300001308","appId":"8241201350","order":"P2025082616034035020086432","sign":"0DDE938872772E8C9DCD66A750C35320"}

【2025-09-02 14:37:45】
P2025082616034035020086432----返回：{"code":"000000","msg":"P2025082616034035020086432","data":{"date":"2025-08-26 16:04:08","eid":"E3720544720250826190403229161d3b","amount":"1000","name":"ALANA ADRIELY DO NASCIMENTO PINTO","cpf":"12519951524","bankname":"ORBION GAMING LTDA","payBank":"","payCpf":"","pixkey":"12519951524","account":"22896431","status":"done","order":"A20250826160402871308CPJnpS86D"},"sign":"119F4095058AE32D9727416DA349F7B6"}

【2025-09-02 14:51:52】
P2025082715083218112316747----提交：{"custId":"24120300001308","appId":"8241201350","order":"P2025082715083218112316747","sign":"49413211F1F5CA2ABC7CA810BA336400"}

【2025-09-02 14:51:52】
P2025082715083218112316747----返回：{"code":"000000","msg":"P2025082715083218112316747","data":{"date":"2025-08-27 15:08:35","eid":"E357134912025082718083352634ca58","amount":"800","name":"ALESSANDRA AUGUSTA DA SILVA FERREIRA","cpf":"71115978187","bankname":"NOVABET OFICIAL","payBank":"","payCpf":"","pixkey":"71115978187","account":"00360305","status":"done","order":"A20250827150832287739ABy29yW6K"},"sign":"79A7E6D0388838C5D48D469915AC09BC"}

【2025-09-02 14:51:56】
P2025082715083218112316747----提交：{"custId":"24120300001308","appId":"8241201350","order":"P2025082715083218112316747","sign":"49413211F1F5CA2ABC7CA810BA336400"}

【2025-09-02 14:51:56】
P2025082715083218112316747----返回：{"code":"000000","msg":"P2025082715083218112316747","data":{"date":"2025-08-27 15:08:35","eid":"E357134912025082718083352634ca58","amount":"800","name":"ALESSANDRA AUGUSTA DA SILVA FERREIRA","cpf":"71115978187","bankname":"NOVABET OFICIAL","payBank":"","payCpf":"","pixkey":"71115978187","account":"00360305","status":"done","order":"A20250827150832287739ABy29yW6K"},"sign":"79A7E6D0388838C5D48D469915AC09BC"}

