【2025-09-02 21:37:47】
P2025090119175065070112445----提交：{"custId":"24120300001308","appId":"8241201350","order":"P2025090119175065070112445","sign":"E131E09CE8A42270C1583092CEFDDFD6"}

【2025-09-02 21:37:47】
P2025090119175065070112445----返回：{"code":"000000","msg":"P2025090119175065070112445","data":{"date":"2025-09-01 19:17:52","eid":"E45756448202509012217KunC0PNZk0O","amount":"170","name":"Alini Kostek Poleze","cpf":"11614440921","bankname":"null","payBank":"","payCpf":"","pixkey":"11614440921","account":"304114644","status":"done","order":"A202509011917500481742FjicSBWq"},"sign":"D8DB2B768EC89135BFCB44E10A647387"}

【2025-09-02 21:42:29】
P2025090119175065070112445----提交：{"custId":"24120300001308","appId":"8241201350","order":"P2025090119175065070112445","sign":"E131E09CE8A42270C1583092CEFDDFD6"}

【2025-09-02 21:42:29】
P2025090119175065070112445----返回：{"code":"000000","msg":"P2025090119175065070112445","data":{"date":"2025-09-01 19:17:52","eid":"E45756448202509012217KunC0PNZk0O","amount":"170","name":"Alini Kostek Poleze","cpf":"11614440921","bankname":"null","payBank":"","payCpf":"","pixkey":"11614440921","account":"304114644","status":"done","order":"A202509011917500481742FjicSBWq"},"sign":"D8DB2B768EC89135BFCB44E10A647387"}

【2025-09-02 21:43:14】
P2025090119175065070112445----提交：{"custId":"24120300001308","appId":"8241201350","order":"P2025090119175065070112445","sign":"E131E09CE8A42270C1583092CEFDDFD6"}

【2025-09-02 21:43:14】
P2025090119175065070112445----返回：{"code":"000000","msg":"P2025090119175065070112445","data":{"date":"2025-09-01 19:17:52","eid":"E45756448202509012217KunC0PNZk0O","amount":"170","name":"Alini Kostek Poleze","cpf":"11614440921","bankname":"null","payBank":"","payCpf":"","pixkey":"11614440921","account":"304114644","status":"done","order":"A202509011917500481742FjicSBWq"},"sign":"D8DB2B768EC89135BFCB44E10A647387"}

【2025-09-02 21:44:18】
P2025090119175065070112445----提交：{"custId":"24120300001308","appId":"8241201350","order":"P2025090119175065070112445","sign":"E131E09CE8A42270C1583092CEFDDFD6"}

【2025-09-02 21:44:18】
P2025090119175065070112445----返回：{"code":"000000","msg":"P2025090119175065070112445","data":{"date":"2025-09-01 19:17:52","eid":"E45756448202509012217KunC0PNZk0O","amount":"170","name":"Alini Kostek Poleze","cpf":"11614440921","bankname":"null","payBank":"","payCpf":"","pixkey":"11614440921","account":"304114644","status":"done","order":"A202509011917500481742FjicSBWq"},"sign":"D8DB2B768EC89135BFCB44E10A647387"}

【2025-09-02 21:44:37】
P2025090119175065070112445----提交：{"custId":"24120300001308","appId":"8241201350","order":"P2025090119175065070112445","sign":"E131E09CE8A42270C1583092CEFDDFD6"}

【2025-09-02 21:44:37】
P2025090119175065070112445----返回：{"code":"000000","msg":"P2025090119175065070112445","data":{"date":"2025-09-01 19:17:52","eid":"E45756448202509012217KunC0PNZk0O","amount":"170","name":"Alini Kostek Poleze","cpf":"11614440921","bankname":"null","payBank":"","payCpf":"","pixkey":"11614440921","account":"304114644","status":"done","order":"A202509011917500481742FjicSBWq"},"sign":"D8DB2B768EC89135BFCB44E10A647387"}

【2025-09-02 21:44:57】
P2025090119175065070112445----提交：{"custId":"24120300001308","appId":"8241201350","order":"P2025090119175065070112445","sign":"E131E09CE8A42270C1583092CEFDDFD6"}

【2025-09-02 21:44:57】
P2025090119175065070112445----返回：{"code":"000000","msg":"P2025090119175065070112445","data":{"date":"2025-09-01 19:17:52","eid":"E45756448202509012217KunC0PNZk0O","amount":"170","name":"Alini Kostek Poleze","cpf":"11614440921","bankname":"null","payBank":"","payCpf":"","pixkey":"11614440921","account":"304114644","status":"done","order":"A202509011917500481742FjicSBWq"},"sign":"D8DB2B768EC89135BFCB44E10A647387"}

【2025-09-02 21:47:49】
P2025090119175065070112445----提交：{"custId":"24120300001308","appId":"8241201350","order":"P2025090119175065070112445","sign":"E131E09CE8A42270C1583092CEFDDFD6"}

【2025-09-02 21:47:49】
P2025090119175065070112445----返回：{"code":"000000","msg":"P2025090119175065070112445","data":{"date":"2025-09-01 19:17:52","eid":"E45756448202509012217KunC0PNZk0O","amount":"170","name":"Alini Kostek Poleze","cpf":"11614440921","bankname":"null","payBank":"","payCpf":"","pixkey":"11614440921","account":"304114644","status":"done","order":"A202509011917500481742FjicSBWq"},"sign":"D8DB2B768EC89135BFCB44E10A647387"}

【2025-09-02 21:53:13】
P2025082614154928549993286----提交：{"custId":"24120300001308","appId":"8241201350","order":"P2025082614154928549993286","sign":"1818B49E2023D40E8BA73F6E010FFAD7"}

【2025-09-02 21:53:13】
P2025082614154928549993286----返回：{"code":"000000","msg":"P2025082614154928549993286","data":{"date":"2025-08-26 14:15:53","eid":"E45756448202508261715MuMK2f0KAE2","amount":"600","name":"MILENA SERBELO DE ASSIS","cpf":"10780578937","bankname":"null","payBank":"","payCpf":"","pixkey":"10780578937","account":"41899735","status":"done","order":"A20250826141549096961dmWQgE7Cz"},"sign":"ECDC13C4E13E0E1FFA72F274B2841368"}

【2025-09-02 21:53:15】
P2025082614154928549993286----提交：{"custId":"24120300001308","appId":"8241201350","order":"P2025082614154928549993286","sign":"1818B49E2023D40E8BA73F6E010FFAD7"}

【2025-09-02 21:53:15】
P2025082614154928549993286----返回：{"code":"000000","msg":"P2025082614154928549993286","data":{"date":"2025-08-26 14:15:53","eid":"E45756448202508261715MuMK2f0KAE2","amount":"600","name":"MILENA SERBELO DE ASSIS","cpf":"10780578937","bankname":"null","payBank":"","payCpf":"","pixkey":"10780578937","account":"41899735","status":"done","order":"A20250826141549096961dmWQgE7Cz"},"sign":"ECDC13C4E13E0E1FFA72F274B2841368"}

