【2025-09-03 21:11:09】
P2025090217534746427442102----提交：{"reference":"P2025090217534746427442102"}

【2025-09-03 21:11:10】
P2025090217534746427442102----返回：{"msg":"P2025090217534746427442102","code":"000000","data":{"date":"2025-09-02 17:53:48","eid":"E3305358020250902205348581c47754","amount":25,"name":"MARIA DO CARMO DAS CHAGAS SILVA","cpf":"***.487.473-**","bankname":"00360305","payBank":"P H R OLIVEIRA DR INVESTIMENTO LTDA","payCpf":"58.321.455\/0001-99","pixkey":"03748747357","account":"***.487.473-**","status":"done","order":"472ad1be-419a-4b6f-9921-bdd64080a98e"}}

【2025-09-03 21:11:10】
P2025090217534746427442102----提交：{"reference":"P2025090217534746427442102"}

【2025-09-03 21:11:11】
P2025090217534746427442102----返回：{"msg":"P2025090217534746427442102","code":"000000","data":{"date":"2025-09-02 17:53:48","eid":"E3305358020250902205348581c47754","amount":25,"name":"MARIA DO CARMO DAS CHAGAS SILVA","cpf":"***.487.473-**","bankname":"00360305","payBank":"P H R OLIVEIRA DR INVESTIMENTO LTDA","payCpf":"58.321.455\/0001-99","pixkey":"03748747357","account":"***.487.473-**","status":"done","order":"472ad1be-419a-4b6f-9921-bdd64080a98e"}}

【2025-09-03 21:23:39】
P2025090321211045270168698----提交：{"reference":"P2025090321211045270168698"}

【2025-09-03 21:23:40】
P2025090321211045270168698----返回：{"msg":"P2025090321211045270168698","code":"000000","data":{"date":"2025-09-03 21:21:11","eid":"E3305358020250904002111801386449","amount":100,"name":"ANA CLAUDIA SANTOS SOUZA","cpf":"***.176.695-**","bankname":"59285411","payBank":"P H R OLIVEIRA DR INVESTIMENTO LTDA","payCpf":"58.321.455\/0001-99","pixkey":"06917669598","account":"***.176.695-**","status":"done","order":"f236c8e6-2fd4-44e2-8921-1b16e830aa06"}}

【2025-09-03 21:23:42】
P2025090321211045270168698----提交：{"reference":"P2025090321211045270168698"}

【2025-09-03 21:23:43】
P2025090321211045270168698----返回：{"msg":"P2025090321211045270168698","code":"000000","data":{"date":"2025-09-03 21:21:11","eid":"E3305358020250904002111801386449","amount":100,"name":"ANA CLAUDIA SANTOS SOUZA","cpf":"***.176.695-**","bankname":"59285411","payBank":"P H R OLIVEIRA DR INVESTIMENTO LTDA","payCpf":"58.321.455\/0001-99","pixkey":"06917669598","account":"***.176.695-**","status":"done","order":"f236c8e6-2fd4-44e2-8921-1b16e830aa06"}}

【2025-09-03 21:57:22】
P2025090321554947349242451----提交：{"reference":"P2025090321554947349242451"}

【2025-09-03 21:57:23】
P2025090321554947349242451----返回：{"msg":"P2025090321554947349242451","code":"000000","data":{"date":"2025-09-03 21:57:02","eid":"E3305358020250904005702249aa84f7","amount":3000,"name":"DJ LATINA GOLD","cpf":"***.796.770-**","bankname":"60701190","payBank":"P H R OLIVEIRA DR INVESTIMENTO LTDA","payCpf":"58.321.455\/0001-99","pixkey":"59879677000194","account":"***.796.770-**","status":"done","order":"3b466f25-f4a1-4eb4-96c1-988ca4c6d693"}}

