【2025-09-03 22:32:35】
P2025090322064148001704935----提交：{"reference":"P2025090322064148001704935"}

【2025-09-03 22:32:36】
P2025090322064148001704935----返回：{"msg":"P2025090322064148001704935","code":"000000","data":{"date":"2025-09-03 22:06:42","eid":"E3305358020250904010642419de02c2","amount":50,"name":"André Luiz de Brito","cpf":"***.015.401-**","bankname":"18236120","payBank":"P H R OLIVEIRA DR INVESTIMENTO LTDA","payCpf":"58.321.455\/0001-99","pixkey":"99601540172","account":"***.015.401-**","status":"done","order":"4756cd8b-5f54-4b09-b3ba-e67937734c15"}}

【2025-09-03 22:32:36】
P2025090322064148001704935----提交：{"reference":"P2025090322064148001704935"}

【2025-09-03 22:32:37】
P2025090322064148001704935----返回：{"msg":"P2025090322064148001704935","code":"000000","data":{"date":"2025-09-03 22:06:42","eid":"E3305358020250904010642419de02c2","amount":50,"name":"André Luiz de Brito","cpf":"***.015.401-**","bankname":"18236120","payBank":"P H R OLIVEIRA DR INVESTIMENTO LTDA","payCpf":"58.321.455\/0001-99","pixkey":"99601540172","account":"***.015.401-**","status":"done","order":"4756cd8b-5f54-4b09-b3ba-e67937734c15"}}

【2025-09-03 22:45:33】
P2025090322312049480738711----提交：{"reference":"P2025090322312049480738711"}

【2025-09-03 22:45:34】
P2025090322312049480738711----返回：{"msg":"P2025090322312049480738711","code":"000000","data":{"date":"2025-09-03 22:31:21","eid":"E3305358020250904013121325cbce3a","amount":30,"name":"Vander Aparecido Borges","cpf":"***.815.698-**","bankname":"18236120","payBank":"P H R OLIVEIRA DR INVESTIMENTO LTDA","payCpf":"58.321.455\/0001-99","pixkey":"vander02borges@gmail.com","account":"***.815.698-**","status":"done","order":"7e9fb2ea-5145-4d39-b3df-4ea28e83bf28"}}

【2025-09-03 22:45:35】
P2025090322312049480738711----提交：{"reference":"P2025090322312049480738711"}

【2025-09-03 22:45:35】
P2025090322312049480738711----返回：{"msg":"P2025090322312049480738711","code":"000000","data":{"date":"2025-09-03 22:31:21","eid":"E3305358020250904013121325cbce3a","amount":30,"name":"Vander Aparecido Borges","cpf":"***.815.698-**","bankname":"18236120","payBank":"P H R OLIVEIRA DR INVESTIMENTO LTDA","payCpf":"58.321.455\/0001-99","pixkey":"vander02borges@gmail.com","account":"***.815.698-**","status":"done","order":"7e9fb2ea-5145-4d39-b3df-4ea28e83bf28"}}

【2025-09-03 22:52:13】
P2025090322430150181199579----提交：{"reference":"P2025090322430150181199579"}

【2025-09-03 22:52:14】
P2025090322430150181199579----返回：{"msg":"P2025090322430150181199579","code":"000000","data":{"date":"2025-09-03 22:43:02","eid":"E3305358020250904014302229de2901","amount":20,"name":"Regina Miranda Da Cunha","cpf":"***.791.194-**","bankname":"22896431","payBank":"P H R OLIVEIRA DR INVESTIMENTO LTDA","payCpf":"58.321.455\/0001-99","pixkey":"84991630216","account":"***.791.194-**","status":"done","order":"b6b262f3-06b0-4ddd-af9b-3a056293c6a2"}}

