【2025-09-03 19:05:38】
P2025090318534336423851721----提交：{"reference":"P2025090318534336423851721"}

【2025-09-03 19:05:39】
P2025090318534336423851721----返回：{"msg":"P2025090318534336423851721","code":"000000","data":{"date":"2025-09-03 19:04:48","eid":"E33053580202509032204486999b71be","amount":300,"name":"INOVA MARKETING DIGITAL LTDA","cpf":"***.649.750-**","bankname":"00416968","payBank":"P H R OLIVEIRA DR INVESTIMENTO LTDA","payCpf":"58.321.455\/0001-99","pixkey":"andressa_5p100@hotmail.com","account":"***.649.750-**","status":"done","order":"f74e5098-9aec-4d13-9cef-b41f3368d47f"}}

【2025-09-03 19:06:59】
P2025090318534336423851721----提交：{"reference":"P2025090318534336423851721"}

【2025-09-03 19:07:00】
P2025090318534336423851721----返回：{"msg":"P2025090318534336423851721","code":"000000","data":{"date":"2025-09-03 19:04:48","eid":"E33053580202509032204486999b71be","amount":300,"name":"INOVA MARKETING DIGITAL LTDA","cpf":"***.649.750-**","bankname":"00416968","payBank":"P H R OLIVEIRA DR INVESTIMENTO LTDA","payCpf":"58.321.455\/0001-99","pixkey":"andressa_5p100@hotmail.com","account":"***.649.750-**","status":"done","order":"f74e5098-9aec-4d13-9cef-b41f3368d47f"}}

【2025-09-03 19:33:24】
P2025090319215638116593012----提交：{"reference":"P2025090319215638116593012"}

【2025-09-03 19:33:24】
P2025090319215638116593012----返回：{"msg":"P2025090319215638116593012","code":"000000","data":{"date":"2025-09-03 19:22:03","eid":"E330535802025090322220360280f76a","amount":1941,"name":"Nayara Sousa da Silva","cpf":"***.059.822-**","bankname":"18236120","payBank":"P H R OLIVEIRA DR INVESTIMENTO LTDA","payCpf":"58.321.455\/0001-99","pixkey":"94984298974","account":"***.059.822-**","status":"done","order":"4ebf49eb-49d5-4edd-ab80-9ae587244a59"}}

【2025-09-03 19:37:37】
P2025090319370639026691758----提交：{"reference":"P2025090319370639026691758"}

【2025-09-03 19:37:38】
P2025090319370639026691758----返回：{"msg":"P2025090319370639026691758","code":"000000","data":{"date":"2025-09-03 19:37:07","eid":"E3305358020250903223707835929492","amount":190,"name":"MARCOS TRIBUTINO DOS SANTOS","cpf":"***.726.864-**","bankname":"00416968","payBank":"P H R OLIVEIRA DR INVESTIMENTO LTDA","payCpf":"58.321.455\/0001-99","pixkey":"00772686440","account":"***.726.864-**","status":"done","order":"94b24073-0823-40d3-bffc-c5f78356ab1f"}}

【2025-09-03 19:37:39】
P2025090319370639026691758----提交：{"reference":"P2025090319370639026691758"}

【2025-09-03 19:37:39】
P2025090319370639026691758----返回：{"msg":"P2025090319370639026691758","code":"000000","data":{"date":"2025-09-03 19:37:07","eid":"E3305358020250903223707835929492","amount":190,"name":"MARCOS TRIBUTINO DOS SANTOS","cpf":"***.726.864-**","bankname":"00416968","payBank":"P H R OLIVEIRA DR INVESTIMENTO LTDA","payCpf":"58.321.455\/0001-99","pixkey":"00772686440","account":"***.726.864-**","status":"done","order":"94b24073-0823-40d3-bffc-c5f78356ab1f"}}

【2025-09-03 19:37:40】
P2025090319370639026691758----提交：{"reference":"P2025090319370639026691758"}

【2025-09-03 19:37:40】
P2025090319370639026691758----返回：{"msg":"P2025090319370639026691758","code":"000000","data":{"date":"2025-09-03 19:37:07","eid":"E3305358020250903223707835929492","amount":190,"name":"MARCOS TRIBUTINO DOS SANTOS","cpf":"***.726.864-**","bankname":"00416968","payBank":"P H R OLIVEIRA DR INVESTIMENTO LTDA","payCpf":"58.321.455\/0001-99","pixkey":"00772686440","account":"***.726.864-**","status":"done","order":"94b24073-0823-40d3-bffc-c5f78356ab1f"}}

