【2025-09-03 01:25:20】
P2025090208014910909379109----提交：{"reference":"P2025090208014910909379109"}

【2025-09-03 01:25:21】
P2025090208014910909379109----返回：{"msg":"P2025090208014910909379109","code":"000000","data":{"date":"2025-09-02 08:01:50","eid":"E3305358020250902110150325093b84","amount":1100,"name":"JURANDIR SENA DA SILVA","cpf":"***.642.701-**","bankname":"00360305","payBank":"P H R OLIVEIRA DR INVESTIMENTO LTDA","payCpf":"58.321.455\/0001-99","pixkey":"59564270197","account":"***.642.701-**","status":"done","order":"6583d754-64c8-4b98-9610-a503610c6a52"}}

【2025-09-03 01:42:55】
P2025090300561671776758866----提交：{"reference":"P2025090300561671776758866"}

【2025-09-03 01:42:56】
P2025090300561671776758866----返回：{"msg":"P2025090300561671776758866","code":"000000","data":{"date":"2025-09-03 00:56:17","eid":"E3305358020250903035617416dbb8f2","amount":90,"name":"Mariane Carneiro da Silva","cpf":"***.652.974-**","bankname":"18236120","payBank":"P H R OLIVEIRA DR INVESTIMENTO LTDA","payCpf":"58.321.455\/0001-99","pixkey":"10265297435","account":"***.652.974-**","status":"done","order":"2ee1f469-3bed-45ce-afad-4c36e0aa91e7"}}

【2025-09-03 01:42:59】
P2025090300561671776758866----提交：{"reference":"P2025090300561671776758866"}

【2025-09-03 01:42:59】
P2025090300561671776758866----返回：{"msg":"P2025090300561671776758866","code":"000000","data":{"date":"2025-09-03 00:56:17","eid":"E3305358020250903035617416dbb8f2","amount":90,"name":"Mariane Carneiro da Silva","cpf":"***.652.974-**","bankname":"18236120","payBank":"P H R OLIVEIRA DR INVESTIMENTO LTDA","payCpf":"58.321.455\/0001-99","pixkey":"10265297435","account":"***.652.974-**","status":"done","order":"2ee1f469-3bed-45ce-afad-4c36e0aa91e7"}}

【2025-09-03 01:58:53】
P2025090301571375433425807----提交：{"reference":"P2025090301571375433425807"}

【2025-09-03 01:58:54】
P2025090301571375433425807----返回：{"msg":"P2025090301571375433425807","code":"000000","data":{"date":"2025-09-03 01:58:03","eid":"E33053580202509030458149430fb6b8","amount":10800,"name":"JOSEMIR PEREIRA DE CARVALHO","cpf":"***.140.551-**","bankname":"08561701","payBank":"P H R OLIVEIRA DR INVESTIMENTO LTDA","payCpf":"58.321.455\/0001-99","pixkey":"00014055198","account":"***.140.551-**","status":"done","order":"9a46328b-6a6e-4931-abb8-f6806d04ad98"}}

【2025-09-03 01:58:56】
P2025090301571375433425807----提交：{"reference":"P2025090301571375433425807"}

【2025-09-03 01:58:56】
P2025090301571375433425807----返回：{"msg":"P2025090301571375433425807","code":"000000","data":{"date":"2025-09-03 01:58:03","eid":"E33053580202509030458149430fb6b8","amount":10800,"name":"JOSEMIR PEREIRA DE CARVALHO","cpf":"***.140.551-**","bankname":"08561701","payBank":"P H R OLIVEIRA DR INVESTIMENTO LTDA","payCpf":"58.321.455\/0001-99","pixkey":"00014055198","account":"***.140.551-**","status":"done","order":"9a46328b-6a6e-4931-abb8-f6806d04ad98"}}

