【2025-09-03 20:26:04】
P2025090210230719387321840----提交：{"reference":"P2025090210230719387321840"}

【2025-09-03 20:26:05】
P2025090210230719387321840----返回：{"msg":"P2025090210230719387321840","code":"000000","data":{"date":"2025-09-02 10:23:08","eid":"E3305358020250902132308149f51432","amount":230,"name":"Cleberson Francisco Alves","cpf":"***.018.425-**","bankname":"18236120","payBank":"P H R OLIVEIRA DR INVESTIMENTO LTDA","payCpf":"58.321.455\/0001-99","pixkey":"06101842533","account":"***.018.425-**","status":"done","order":"9e792eae-ddd1-4523-a850-53c6a2c88129"}}

【2025-09-03 20:26:22】
P2025090210230719387321840----提交：{"reference":"P2025090210230719387321840"}

【2025-09-03 20:26:22】
P2025090210230719387321840----返回：{"msg":"P2025090210230719387321840","code":"000000","data":{"date":"2025-09-02 10:23:08","eid":"E3305358020250902132308149f51432","amount":230,"name":"Cleberson Francisco Alves","cpf":"***.018.425-**","bankname":"18236120","payBank":"P H R OLIVEIRA DR INVESTIMENTO LTDA","payCpf":"58.321.455\/0001-99","pixkey":"06101842533","account":"***.018.425-**","status":"done","order":"9e792eae-ddd1-4523-a850-53c6a2c88129"}}

【2025-09-03 20:29:18】
P2025090320284842128899033----提交：{"reference":"P2025090320284842128899033"}

【2025-09-03 20:29:18】
P2025090320284842128899033----返回：{"msg":"P2025090320284842128899033","code":"000000","data":{"date":"2025-09-03 20:29:02","eid":"E33053580202509032329021540362eb","amount":10000,"name":"ZERO 1 LOUNG BAR","cpf":"***.576.850-**","bankname":"16501555","payBank":"P H R OLIVEIRA DR INVESTIMENTO LTDA","payCpf":"58.321.455\/0001-99","pixkey":"+5567992399785","account":"***.576.850-**","status":"done","order":"431d4f80-3d63-4ecf-a020-54e044e426e7"}}

【2025-09-03 20:29:28】
P2025090320284842128899033----提交：{"reference":"P2025090320284842128899033"}

【2025-09-03 20:29:29】
P2025090320284842128899033----返回：{"msg":"P2025090320284842128899033","code":"000000","data":{"date":"2025-09-03 20:29:02","eid":"E33053580202509032329021540362eb","amount":10000,"name":"ZERO 1 LOUNG BAR","cpf":"***.576.850-**","bankname":"16501555","payBank":"P H R OLIVEIRA DR INVESTIMENTO LTDA","payCpf":"58.321.455\/0001-99","pixkey":"+5567992399785","account":"***.576.850-**","status":"done","order":"431d4f80-3d63-4ecf-a020-54e044e426e7"}}

【2025-09-03 20:29:29】
P2025090320284842128899033----提交：{"reference":"P2025090320284842128899033"}

【2025-09-03 20:29:30】
P2025090320284842128899033----返回：{"msg":"P2025090320284842128899033","code":"000000","data":{"date":"2025-09-03 20:29:02","eid":"E33053580202509032329021540362eb","amount":10000,"name":"ZERO 1 LOUNG BAR","cpf":"***.576.850-**","bankname":"16501555","payBank":"P H R OLIVEIRA DR INVESTIMENTO LTDA","payCpf":"58.321.455\/0001-99","pixkey":"+5567992399785","account":"***.576.850-**","status":"done","order":"431d4f80-3d63-4ecf-a020-54e044e426e7"}}

【2025-09-03 20:29:30】
P2025090320284842128899033----提交：{"reference":"P2025090320284842128899033"}

【2025-09-03 20:29:31】
P2025090320284842128899033----返回：{"msg":"P2025090320284842128899033","code":"000000","data":{"date":"2025-09-03 20:29:02","eid":"E33053580202509032329021540362eb","amount":10000,"name":"ZERO 1 LOUNG BAR","cpf":"***.576.850-**","bankname":"16501555","payBank":"P H R OLIVEIRA DR INVESTIMENTO LTDA","payCpf":"58.321.455\/0001-99","pixkey":"+5567992399785","account":"***.576.850-**","status":"done","order":"431d4f80-3d63-4ecf-a020-54e044e426e7"}}

【2025-09-03 20:54:53】
P2025090320530243582118682----提交：{"reference":"P2025090320530243582118682"}

【2025-09-03 20:54:54】
P2025090320530243582118682----返回：{"msg":"P2025090320530243582118682","code":"000000","data":{"date":"2025-09-03 20:54:03","eid":"E3305358020250903235402998cb0466","amount":200,"name":"Willyam Gama Nunes","cpf":"***.463.876-**","bankname":"18236120","payBank":"P H R OLIVEIRA DR INVESTIMENTO LTDA","payCpf":"58.321.455\/0001-99","pixkey":"02346387614","account":"***.463.876-**","status":"done","order":"c18973c0-dfbd-4af4-ab46-5ff6fa05f7da"}}

【2025-09-03 20:54:58】
P2025090320530243582118682----提交：{"reference":"P2025090320530243582118682"}

【2025-09-03 20:54:59】
P2025090320530243582118682----返回：{"msg":"P2025090320530243582118682","code":"000000","data":{"date":"2025-09-03 20:54:03","eid":"E3305358020250903235402998cb0466","amount":200,"name":"Willyam Gama Nunes","cpf":"***.463.876-**","bankname":"18236120","payBank":"P H R OLIVEIRA DR INVESTIMENTO LTDA","payCpf":"58.321.455\/0001-99","pixkey":"02346387614","account":"***.463.876-**","status":"done","order":"c18973c0-dfbd-4af4-ab46-5ff6fa05f7da"}}

【2025-09-03 20:55:11】
P2025090320370542625435366----提交：{"reference":"P2025090320370542625435366"}

【2025-09-03 20:55:11】
P2025090320370542625435366----返回：{"msg":"P2025090320370542625435366","code":"000000","data":{"date":"2025-09-03 20:37:05","eid":"E3305358020250903233705933664c14","amount":100,"name":"GEORGE ALISSON VIEIRA CALHEIROS","cpf":"***.929.774-**","bankname":"90400888","payBank":"P H R OLIVEIRA DR INVESTIMENTO LTDA","payCpf":"58.321.455\/0001-99","pixkey":"82996144596","account":"***.929.774-**","status":"done","order":"88ca58eb-067e-41fc-bafa-c6defa9d453b"}}

【2025-09-03 20:55:14】
P2025090320370542625435366----提交：{"reference":"P2025090320370542625435366"}

【2025-09-03 20:55:15】
P2025090320370542625435366----返回：{"msg":"P2025090320370542625435366","code":"000000","data":{"date":"2025-09-03 20:37:05","eid":"E3305358020250903233705933664c14","amount":100,"name":"GEORGE ALISSON VIEIRA CALHEIROS","cpf":"***.929.774-**","bankname":"90400888","payBank":"P H R OLIVEIRA DR INVESTIMENTO LTDA","payCpf":"58.321.455\/0001-99","pixkey":"82996144596","account":"***.929.774-**","status":"done","order":"88ca58eb-067e-41fc-bafa-c6defa9d453b"}}

