【2025-09-03 17:02:17】
P2025090317014129701083045----提交：{"reference":"P2025090317014129701083045"}

【2025-09-03 17:02:17】
P2025090317014129701083045----返回：{"msg":"P2025090317014129701083045","code":"000000","data":{"date":"2025-09-03 17:01:42","eid":"E33053580202509032001422418f25b1","amount":60,"name":"Ivanilda da Silva Gomes de Oliveira","cpf":"***.893.947-**","bankname":"10573521","payBank":"P H R OLIVEIRA DR INVESTIMENTO LTDA","payCpf":"58.321.455\/0001-99","pixkey":"15589394740","account":"***.893.947-**","status":"done","order":"fcbc63f5-c9be-4da6-811a-c78d658ff335"}}

【2025-09-03 17:02:20】
P2025090317014129701083045----提交：{"reference":"P2025090317014129701083045"}

【2025-09-03 17:02:21】
P2025090317014129701083045----返回：{"msg":"P2025090317014129701083045","code":"000000","data":{"date":"2025-09-03 17:01:42","eid":"E33053580202509032001422418f25b1","amount":60,"name":"Ivanilda da Silva Gomes de Oliveira","cpf":"***.893.947-**","bankname":"10573521","payBank":"P H R OLIVEIRA DR INVESTIMENTO LTDA","payCpf":"58.321.455\/0001-99","pixkey":"15589394740","account":"***.893.947-**","status":"done","order":"fcbc63f5-c9be-4da6-811a-c78d658ff335"}}

【2025-09-03 17:09:56】
P2025090317062029980109322----提交：{"reference":"P2025090317062029980109322"}

【2025-09-03 17:09:57】
P2025090317062029980109322----返回：{"msg":"P2025090317062029980109322","code":"000000","data":{"date":"2025-09-03 17:06:21","eid":"E3305358020250903200621433c8f9cf","amount":155,"name":"UEMERSON LUCAS DE OLIVEIRA","cpf":"***.715.947-**","bankname":"00360305","payBank":"P H R OLIVEIRA DR INVESTIMENTO LTDA","payCpf":"58.321.455\/0001-99","pixkey":"10971594775","account":"***.715.947-**","status":"done","order":"9c49a299-609b-4cee-9bc7-cf7bef38688c"}}

【2025-09-03 17:09:58】
P2025090317062029980109322----提交：{"reference":"P2025090317062029980109322"}

【2025-09-03 17:09:58】
P2025090317062029980109322----返回：{"msg":"P2025090317062029980109322","code":"000000","data":{"date":"2025-09-03 17:06:21","eid":"E3305358020250903200621433c8f9cf","amount":155,"name":"UEMERSON LUCAS DE OLIVEIRA","cpf":"***.715.947-**","bankname":"00360305","payBank":"P H R OLIVEIRA DR INVESTIMENTO LTDA","payCpf":"58.321.455\/0001-99","pixkey":"10971594775","account":"***.715.947-**","status":"done","order":"9c49a299-609b-4cee-9bc7-cf7bef38688c"}}

【2025-09-03 17:10:30】
P2025090317073230052147159----提交：{"reference":"P2025090317073230052147159"}

【2025-09-03 17:10:31】
P2025090317073230052147159----返回：{"msg":"P2025090317073230052147159","code":"000000","data":{"date":"2025-09-03 17:07:33","eid":"E3305358020250903200733363602956","amount":100,"name":"Jaciara Cunha Fonsêca","cpf":"***.105.043-**","bankname":"08561701","payBank":"P H R OLIVEIRA DR INVESTIMENTO LTDA","payCpf":"58.321.455\/0001-99","pixkey":"03610504374","account":"***.105.043-**","status":"done","order":"d9c04b7a-2704-46f2-a473-b59d71bd2c82"}}

【2025-09-03 17:12:10】
P2025090317073230052147159----提交：{"reference":"P2025090317073230052147159"}

【2025-09-03 17:12:10】
P2025090317073230052147159----返回：{"msg":"P2025090317073230052147159","code":"000000","data":{"date":"2025-09-03 17:07:33","eid":"E3305358020250903200733363602956","amount":100,"name":"Jaciara Cunha Fonsêca","cpf":"***.105.043-**","bankname":"08561701","payBank":"P H R OLIVEIRA DR INVESTIMENTO LTDA","payCpf":"58.321.455\/0001-99","pixkey":"03610504374","account":"***.105.043-**","status":"done","order":"d9c04b7a-2704-46f2-a473-b59d71bd2c82"}}

【2025-09-03 17:16:05】
P2025083021061498774092833----提交：{"reference":"P2025083021061498774092833"}

【2025-09-03 17:16:05】
P2025083021061498774092833----返回：{"msg":"P2025083021061498774092833","code":"000000","data":{"date":"2025-08-30 21:06:15","eid":"E330535802025083100061550268654b","amount":80,"name":"MATEUS HENRIQUE SILVESTRE DE LIRA","cpf":"***.325.504-**","bankname":"00416968","payBank":"P H R OLIVEIRA DR INVESTIMENTO LTDA","payCpf":"58.321.455\/0001-99","pixkey":"12032550474","account":"***.325.504-**","status":"done","order":"8ea8c130-2d41-451c-b658-3651f4123237"}}

【2025-09-03 17:16:15】
P2025083021061498774092833----提交：{"reference":"P2025083021061498774092833"}

【2025-09-03 17:16:15】
P2025083021061498774092833----返回：{"msg":"P2025083021061498774092833","code":"000000","data":{"date":"2025-08-30 21:06:15","eid":"E330535802025083100061550268654b","amount":80,"name":"MATEUS HENRIQUE SILVESTRE DE LIRA","cpf":"***.325.504-**","bankname":"00416968","payBank":"P H R OLIVEIRA DR INVESTIMENTO LTDA","payCpf":"58.321.455\/0001-99","pixkey":"12032550474","account":"***.325.504-**","status":"done","order":"8ea8c130-2d41-451c-b658-3651f4123237"}}

【2025-09-03 17:20:50】
P2025090317185630736457991----提交：{"reference":"P2025090317185630736457991"}

【2025-09-03 17:20:50】
P2025090317185630736457991----返回：{"msg":"P2025090317185630736457991","code":"000000","data":{"date":"2025-09-03 17:19:02","eid":"E33053580202509032019026277dd8a9","amount":800,"name":"Ariadne Tomaz Salvador","cpf":"***.249.637-**","bankname":"18236120","payBank":"P H R OLIVEIRA DR INVESTIMENTO LTDA","payCpf":"58.321.455\/0001-99","pixkey":"+5527997077506","account":"***.249.637-**","status":"done","order":"30583096-8c68-48ae-819e-b3fd9115c7c5"}}

【2025-09-03 17:20:51】
P2025090317185630736457991----提交：{"reference":"P2025090317185630736457991"}

【2025-09-03 17:20:52】
P2025090317185630736457991----返回：{"msg":"P2025090317185630736457991","code":"000000","data":{"date":"2025-09-03 17:19:02","eid":"E33053580202509032019026277dd8a9","amount":800,"name":"Ariadne Tomaz Salvador","cpf":"***.249.637-**","bankname":"18236120","payBank":"P H R OLIVEIRA DR INVESTIMENTO LTDA","payCpf":"58.321.455\/0001-99","pixkey":"+5527997077506","account":"***.249.637-**","status":"done","order":"30583096-8c68-48ae-819e-b3fd9115c7c5"}}

【2025-09-03 17:43:13】
P2025083014302475024158490----提交：{"reference":"P2025083014302475024158490"}

【2025-09-03 17:43:14】
P2025083014302475024158490----返回：{"msg":"P2025083014302475024158490","code":"000000","data":{"date":"2025-08-30 14:30:25","eid":"E3305358020250830173025560a75577","amount":50,"name":"RAFAELA DA SILVA FERREIRA","cpf":"***.960.888-**","bankname":"60701190","payBank":"P H R OLIVEIRA DR INVESTIMENTO LTDA","payCpf":"58.321.455\/0001-99","pixkey":"57196088859","account":"***.960.888-**","status":"done","order":"8afda621-6a4b-4f8f-b1b8-bc81e0fdf368"}}

【2025-09-03 17:43:19】
P2025083014302475024158490----提交：{"reference":"P2025083014302475024158490"}

【2025-09-03 17:43:19】
P2025083014302475024158490----返回：{"msg":"P2025083014302475024158490","code":"000000","data":{"date":"2025-08-30 14:30:25","eid":"E3305358020250830173025560a75577","amount":50,"name":"RAFAELA DA SILVA FERREIRA","cpf":"***.960.888-**","bankname":"60701190","payBank":"P H R OLIVEIRA DR INVESTIMENTO LTDA","payCpf":"58.321.455\/0001-99","pixkey":"57196088859","account":"***.960.888-**","status":"done","order":"8afda621-6a4b-4f8f-b1b8-bc81e0fdf368"}}

【2025-09-03 17:44:16】
P2025090317062029980109322----提交：{"reference":"P2025090317062029980109322"}

【2025-09-03 17:44:16】
P2025090317062029980109322----返回：{"msg":"P2025090317062029980109322","code":"000000","data":{"date":"2025-09-03 17:06:21","eid":"E3305358020250903200621433c8f9cf","amount":155,"name":"UEMERSON LUCAS DE OLIVEIRA","cpf":"***.715.947-**","bankname":"00360305","payBank":"P H R OLIVEIRA DR INVESTIMENTO LTDA","payCpf":"58.321.455\/0001-99","pixkey":"10971594775","account":"***.715.947-**","status":"done","order":"9c49a299-609b-4cee-9bc7-cf7bef38688c"}}

