【2025-09-03 03:28:09】
P2025090303264080800868344----提交：{"reference":"P2025090303264080800868344"}

【2025-09-03 03:28:10】
P2025090303264080800868344----返回：{"msg":"P2025090303264080800868344","code":"000000","data":{"date":"2025-09-03 03:26:41","eid":"E3305358020250903062640991f30aef","amount":540,"name":"LUCAS ROCHA GRACIANO","cpf":"***.522.036-**","bankname":"20855875","payBank":"P H R OLIVEIRA DR INVESTIMENTO LTDA","payCpf":"58.321.455\/0001-99","pixkey":"17552203676","account":"***.522.036-**","status":"done","order":"b93cf6a4-e526-464b-b8ea-485bf554fff3"}}

【2025-09-03 03:28:12】
P2025090303264080800868344----提交：{"reference":"P2025090303264080800868344"}

【2025-09-03 03:28:12】
P2025090303264080800868344----返回：{"msg":"P2025090303264080800868344","code":"000000","data":{"date":"2025-09-03 03:26:41","eid":"E3305358020250903062640991f30aef","amount":540,"name":"LUCAS ROCHA GRACIANO","cpf":"***.522.036-**","bankname":"20855875","payBank":"P H R OLIVEIRA DR INVESTIMENTO LTDA","payCpf":"58.321.455\/0001-99","pixkey":"17552203676","account":"***.522.036-**","status":"done","order":"b93cf6a4-e526-464b-b8ea-485bf554fff3"}}

【2025-09-03 03:35:52】
P2025090303264780807976419----提交：{"reference":"P2025090303264780807976419"}

【2025-09-03 03:35:52】
P2025090303264780807976419----返回：{"msg":"P2025090303264780807976419","code":"000000","data":{"date":"2025-09-03 03:28:05","eid":"E330535802025090306284736276d90a","amount":12000,"name":"GEANNY CARVALHO DE CASTRO","cpf":"***.058.161-**","bankname":"00416968","payBank":"P H R OLIVEIRA DR INVESTIMENTO LTDA","payCpf":"58.321.455\/0001-99","pixkey":"04405816131","account":"***.058.161-**","status":"done","order":"68e8dfed-acf1-426c-8bc1-d1ac22600432"}}

【2025-09-03 03:36:01】
P2025090303264780807976419----提交：{"reference":"P2025090303264780807976419"}

【2025-09-03 03:36:01】
P2025090303264780807976419----返回：{"msg":"P2025090303264780807976419","code":"000000","data":{"date":"2025-09-03 03:28:05","eid":"E330535802025090306284736276d90a","amount":12000,"name":"GEANNY CARVALHO DE CASTRO","cpf":"***.058.161-**","bankname":"00416968","payBank":"P H R OLIVEIRA DR INVESTIMENTO LTDA","payCpf":"58.321.455\/0001-99","pixkey":"04405816131","account":"***.058.161-**","status":"done","order":"68e8dfed-acf1-426c-8bc1-d1ac22600432"}}

【2025-09-03 03:43:18】
P2025090211234023020814223----提交：{"reference":"P2025090211234023020814223"}

【2025-09-03 03:43:18】
P2025090211234023020814223----返回：{"msg":"P2025090211234023020814223","code":"000000","data":{"date":"2025-09-02 11:23:41","eid":"E3305358020250902142341788aaf9ab","amount":3100,"name":"KATHLEN FERREIRA SILVA","cpf":"***.579.218-**","bankname":"61186680","payBank":"P H R OLIVEIRA DR INVESTIMENTO LTDA","payCpf":"58.321.455\/0001-99","pixkey":"50957921845","account":"***.579.218-**","status":"done","order":"390db239-64c4-4250-ac38-6b5a1a987f23"}}

【2025-09-03 03:43:21】
P2025090211234023020814223----提交：{"reference":"P2025090211234023020814223"}

【2025-09-03 03:43:21】
P2025090211234023020814223----返回：{"msg":"P2025090211234023020814223","code":"000000","data":{"date":"2025-09-02 11:23:41","eid":"E3305358020250902142341788aaf9ab","amount":3100,"name":"KATHLEN FERREIRA SILVA","cpf":"***.579.218-**","bankname":"61186680","payBank":"P H R OLIVEIRA DR INVESTIMENTO LTDA","payCpf":"58.321.455\/0001-99","pixkey":"50957921845","account":"***.579.218-**","status":"done","order":"390db239-64c4-4250-ac38-6b5a1a987f23"}}

【2025-09-03 03:49:34】
P2025090211234023020814223----提交：{"reference":"P2025090211234023020814223"}

【2025-09-03 03:49:35】
P2025090211234023020814223----返回：{"msg":"P2025090211234023020814223","code":"000000","data":{"date":"2025-09-02 11:23:41","eid":"E3305358020250902142341788aaf9ab","amount":3100,"name":"KATHLEN FERREIRA SILVA","cpf":"***.579.218-**","bankname":"61186680","payBank":"P H R OLIVEIRA DR INVESTIMENTO LTDA","payCpf":"58.321.455\/0001-99","pixkey":"50957921845","account":"***.579.218-**","status":"done","order":"390db239-64c4-4250-ac38-6b5a1a987f23"}}

