【2025-09-03 18:03:02】
P2025090318013233292522406----提交：{"reference":"P2025090318013233292522406"}

【2025-09-03 18:03:03】
P2025090318013233292522406----返回：{"msg":"P2025090318013233292522406","code":"000000","data":{"date":"2025-09-03 18:02:03","eid":"E3305358020250903210203135c02da1","amount":2000,"name":"NATHANY CRISTINY JESUS LIMA","cpf":"***.850.541-**","bankname":"20855875","payBank":"P H R OLIVEIRA DR INVESTIMENTO LTDA","payCpf":"58.321.455\/0001-99","pixkey":"08285054110","account":"***.850.541-**","status":"done","order":"d2a9a30e-7dc3-497e-bafb-0340afbc8e59"}}

【2025-09-03 18:03:04】
P2025090318013233292522406----提交：{"reference":"P2025090318013233292522406"}

【2025-09-03 18:03:04】
P2025090318013233292522406----返回：{"msg":"P2025090318013233292522406","code":"000000","data":{"date":"2025-09-03 18:02:03","eid":"E3305358020250903210203135c02da1","amount":2000,"name":"NATHANY CRISTINY JESUS LIMA","cpf":"***.850.541-**","bankname":"20855875","payBank":"P H R OLIVEIRA DR INVESTIMENTO LTDA","payCpf":"58.321.455\/0001-99","pixkey":"08285054110","account":"***.850.541-**","status":"done","order":"d2a9a30e-7dc3-497e-bafb-0340afbc8e59"}}

【2025-09-03 18:28:00】
P2025090318254634746941609----提交：{"reference":"P2025090318254634746941609"}

【2025-09-03 18:28:01】
P2025090318254634746941609----返回：{"msg":"P2025090318254634746941609","code":"000000","data":{"date":"2025-09-03 18:27:02","eid":"E330535802025090321270237781357d","amount":711,"name":"Luna Scarlett Carvalho de Freitas","cpf":"***.583.663-**","bankname":"20855875","payBank":"P H R OLIVEIRA DR INVESTIMENTO LTDA","payCpf":"58.321.455\/0001-99","pixkey":"62258366321","account":"***.583.663-**","status":"done","order":"6ed7a773-bda4-4a33-a35b-c1baaa6eb990"}}

【2025-09-03 18:28:02】
P2025090318254634746941609----提交：{"reference":"P2025090318254634746941609"}

【2025-09-03 18:28:02】
P2025090318254634746941609----返回：{"msg":"P2025090318254634746941609","code":"000000","data":{"date":"2025-09-03 18:27:02","eid":"E330535802025090321270237781357d","amount":711,"name":"Luna Scarlett Carvalho de Freitas","cpf":"***.583.663-**","bankname":"20855875","payBank":"P H R OLIVEIRA DR INVESTIMENTO LTDA","payCpf":"58.321.455\/0001-99","pixkey":"62258366321","account":"***.583.663-**","status":"done","order":"6ed7a773-bda4-4a33-a35b-c1baaa6eb990"}}

【2025-09-03 18:31:23】
P2025090318301935019568676----提交：{"reference":"P2025090318301935019568676"}

【2025-09-03 18:31:24】
P2025090318301935019568676----返回：{"msg":"P2025090318301935019568676","code":"000000","data":{"date":"2025-09-03 18:30:20","eid":"E3305358020250903213020859accbca","amount":50,"name":"JAQUELINE APARECIDA TEIXEIRA EUFRASIO","cpf":"***.500.197-**","bankname":"00416968","payBank":"P H R OLIVEIRA DR INVESTIMENTO LTDA","payCpf":"58.321.455\/0001-99","pixkey":"06250019740","account":"***.500.197-**","status":"done","order":"36b671f5-25d1-4725-94ff-c5888c22fa9c"}}

【2025-09-03 18:31:28】
P2025090318301935019568676----提交：{"reference":"P2025090318301935019568676"}

【2025-09-03 18:31:29】
P2025090318301935019568676----返回：{"msg":"P2025090318301935019568676","code":"000000","data":{"date":"2025-09-03 18:30:20","eid":"E3305358020250903213020859accbca","amount":50,"name":"JAQUELINE APARECIDA TEIXEIRA EUFRASIO","cpf":"***.500.197-**","bankname":"00416968","payBank":"P H R OLIVEIRA DR INVESTIMENTO LTDA","payCpf":"58.321.455\/0001-99","pixkey":"06250019740","account":"***.500.197-**","status":"done","order":"36b671f5-25d1-4725-94ff-c5888c22fa9c"}}

