【2025-09-03 14:17:13】
P2025082913100983809917664----提交：{"reference":"P2025082913100983809917664"}

【2025-09-03 14:17:14】
P2025082913100983809917664----返回：{"msg":"P2025082913100983809917664","code":"000000","data":{"date":"2025-08-29 13:10:10","eid":"E330535802025082916101052059045a","amount":50,"name":"Ana Lúcia de Oliveira","cpf":"***.206.374-**","bankname":"18236120","payBank":"P H R OLIVEIRA DR INVESTIMENTO LTDA","payCpf":"58.321.455\/0001-99","pixkey":"81983062007","account":"***.206.374-**","status":"done","order":"1fc455a3-eeb9-4a45-a056-137df9f5627e"}}

【2025-09-03 14:17:16】
P2025082913100983809917664----提交：{"reference":"P2025082913100983809917664"}

【2025-09-03 14:17:16】
P2025082913100983809917664----返回：{"msg":"P2025082913100983809917664","code":"000000","data":{"date":"2025-08-29 13:10:10","eid":"E330535802025082916101052059045a","amount":50,"name":"Ana Lúcia de Oliveira","cpf":"***.206.374-**","bankname":"18236120","payBank":"P H R OLIVEIRA DR INVESTIMENTO LTDA","payCpf":"58.321.455\/0001-99","pixkey":"81983062007","account":"***.206.374-**","status":"done","order":"1fc455a3-eeb9-4a45-a056-137df9f5627e"}}

【2025-09-03 14:24:11】
P2025090314134919629145570----提交：{"reference":"P2025090314134919629145570"}

【2025-09-03 14:24:12】
P2025090314134919629145570----返回：{"msg":"P2025090314134919629145570","code":"000000","data":{"date":"2025-09-03 14:13:50","eid":"E3305358020250903171350953ec6f11","amount":50,"name":"LEANDRA SANTOS DA SILVA","cpf":"***.646.145-**","bankname":"00360305","payBank":"P H R OLIVEIRA DR INVESTIMENTO LTDA","payCpf":"58.321.455\/0001-99","pixkey":"01764614500","account":"***.646.145-**","status":"done","order":"3eef04cf-4e3d-4298-b4a2-a3e42cd9bb1e"}}

【2025-09-03 14:24:17】
P2025090314134919629145570----提交：{"reference":"P2025090314134919629145570"}

【2025-09-03 14:24:17】
P2025090314134919629145570----返回：{"msg":"P2025090314134919629145570","code":"000000","data":{"date":"2025-09-03 14:13:50","eid":"E3305358020250903171350953ec6f11","amount":50,"name":"LEANDRA SANTOS DA SILVA","cpf":"***.646.145-**","bankname":"00360305","payBank":"P H R OLIVEIRA DR INVESTIMENTO LTDA","payCpf":"58.321.455\/0001-99","pixkey":"01764614500","account":"***.646.145-**","status":"done","order":"3eef04cf-4e3d-4298-b4a2-a3e42cd9bb1e"}}

【2025-09-03 14:37:16】
P2025090307095594195182903----提交：{"reference":"P2025090307095594195182903"}

【2025-09-03 14:37:16】
P2025090307095594195182903----返回：{"msg":"P2025090307095594195182903","code":"000000","data":{"date":"2025-09-03 07:09:56","eid":"E3305358020250903100955990ade1d6","amount":32,"name":"GESIANE SILVA DOURADO","cpf":"***.743.163-**","bankname":"22896431","payBank":"P H R OLIVEIRA DR INVESTIMENTO LTDA","payCpf":"58.321.455\/0001-99","pixkey":"63674316323","account":"***.743.163-**","status":"done","order":"456b403f-c655-4e50-b94a-e447f0aae5c1"}}

【2025-09-03 14:37:23】
P2025090307095594195182903----提交：{"reference":"P2025090307095594195182903"}

【2025-09-03 14:37:24】
P2025090307095594195182903----返回：{"msg":"P2025090307095594195182903","code":"000000","data":{"date":"2025-09-03 07:09:56","eid":"E3305358020250903100955990ade1d6","amount":32,"name":"GESIANE SILVA DOURADO","cpf":"***.743.163-**","bankname":"22896431","payBank":"P H R OLIVEIRA DR INVESTIMENTO LTDA","payCpf":"58.321.455\/0001-99","pixkey":"63674316323","account":"***.743.163-**","status":"done","order":"456b403f-c655-4e50-b94a-e447f0aae5c1"}}

【2025-09-03 14:37:47】
P2025090314292520565714198----提交：{"reference":"P2025090314292520565714198"}

【2025-09-03 14:37:48】
P2025090314292520565714198----返回：{"msg":"P2025090314292520565714198","code":"000000","data":{"date":"2025-09-03 14:29:26","eid":"E3305358020250903172926016a4ab9c","amount":40,"name":"CAROLINE ALVES NUNES DE SOUSA","cpf":"***.725.903-**","bankname":"00360305","payBank":"P H R OLIVEIRA DR INVESTIMENTO LTDA","payCpf":"58.321.455\/0001-99","pixkey":"05472590345","account":"***.725.903-**","status":"done","order":"d30159c3-7415-4c34-ae1f-6a44896c9fc7"}}

【2025-09-03 14:37:55】
P2025090314292520565714198----提交：{"reference":"P2025090314292520565714198"}

【2025-09-03 14:37:56】
P2025090314292520565714198----返回：{"msg":"P2025090314292520565714198","code":"000000","data":{"date":"2025-09-03 14:29:26","eid":"E3305358020250903172926016a4ab9c","amount":40,"name":"CAROLINE ALVES NUNES DE SOUSA","cpf":"***.725.903-**","bankname":"00360305","payBank":"P H R OLIVEIRA DR INVESTIMENTO LTDA","payCpf":"58.321.455\/0001-99","pixkey":"05472590345","account":"***.725.903-**","status":"done","order":"d30159c3-7415-4c34-ae1f-6a44896c9fc7"}}

【2025-09-03 14:57:51】
P2025090314533322013613105----提交：{"reference":"P2025090314533322013613105"}

【2025-09-03 14:57:51】
P2025090314533322013613105----返回：{"msg":"P2025090314533322013613105","code":"000000","data":{"date":"2025-09-03 14:53:34","eid":"E33053580202509031753344437daa9f","amount":1500,"name":"ANDRESSA GREGORI","cpf":"***.715.310-**","bankname":"00416968","payBank":"P H R OLIVEIRA DR INVESTIMENTO LTDA","payCpf":"58.321.455\/0001-99","pixkey":"02071531086","account":"***.715.310-**","status":"done","order":"d3cac6a1-6b80-4ddb-bf74-efaecdc31588"}}

【2025-09-03 14:57:53】
P2025090314533322013613105----提交：{"reference":"P2025090314533322013613105"}

【2025-09-03 14:57:53】
P2025090314533322013613105----返回：{"msg":"P2025090314533322013613105","code":"000000","data":{"date":"2025-09-03 14:53:34","eid":"E33053580202509031753344437daa9f","amount":1500,"name":"ANDRESSA GREGORI","cpf":"***.715.310-**","bankname":"00416968","payBank":"P H R OLIVEIRA DR INVESTIMENTO LTDA","payCpf":"58.321.455\/0001-99","pixkey":"02071531086","account":"***.715.310-**","status":"done","order":"d3cac6a1-6b80-4ddb-bf74-efaecdc31588"}}

