【2025-09-03 08:07:29】
P2025082519355961359502242----提交：{"custId":"24120300001308","appId":"8241201350","order":"P2025082519355961359502242","sign":"0F9D2257051DFB67AAA4D1D76DB95D52"}

【2025-09-03 08:07:29】
P2025082519355961359502242----返回：{"code":"000000","msg":"P2025082519355961359502242","data":{"date":"2025-08-25 19:36:02","eid":"E45756448202508252236svFiXrM9z0S","amount":"500","name":"Rafael Rodrigues Martiliano dos Santos","cpf":"50328854875","bankname":"null","payBank":"","payCpf":"","pixkey":"50328854875","account":"20227558","status":"done","order":"A202508251936001650376DkPue1LF"},"sign":"D74E84BBC68126D10A1D9463C8167438"}

【2025-09-03 08:07:31】
P2025082519355961359502242----提交：{"custId":"24120300001308","appId":"8241201350","order":"P2025082519355961359502242","sign":"0F9D2257051DFB67AAA4D1D76DB95D52"}

【2025-09-03 08:07:31】
P2025082519355961359502242----返回：{"code":"000000","msg":"P2025082519355961359502242","data":{"date":"2025-08-25 19:36:02","eid":"E45756448202508252236svFiXrM9z0S","amount":"500","name":"Rafael Rodrigues Martiliano dos Santos","cpf":"50328854875","bankname":"null","payBank":"","payCpf":"","pixkey":"50328854875","account":"20227558","status":"done","order":"A202508251936001650376DkPue1LF"},"sign":"D74E84BBC68126D10A1D9463C8167438"}

【2025-09-03 08:09:56】
P2025082519121059930359372----提交：{"custId":"24120300001308","appId":"8241201350","order":"P2025082519121059930359372","sign":"28E03CBC8EA911F6D9101B120322121E"}

【2025-09-03 08:09:56】
P2025082519121059930359372----返回：{"code":"000000","msg":"P2025082519121059930359372","data":{"date":"2025-08-25 19:12:13","eid":"E45756448202508252212CtGE0n2F0qK","amount":"2000","name":"Rafael Rodrigues Martiliano dos Santos","cpf":"50328854875","bankname":"null","payBank":"","payCpf":"","pixkey":"50328854875","account":"20227558","status":"done","order":"A20250825191211325095hHKmk9Ulu"},"sign":"BAAD3A5297E8A31F60C4798A2CBA22EC"}

【2025-09-03 08:09:57】
P2025082519121059930359372----提交：{"custId":"24120300001308","appId":"8241201350","order":"P2025082519121059930359372","sign":"28E03CBC8EA911F6D9101B120322121E"}

【2025-09-03 08:09:57】
P2025082519121059930359372----返回：{"code":"000000","msg":"P2025082519121059930359372","data":{"date":"2025-08-25 19:12:13","eid":"E45756448202508252212CtGE0n2F0qK","amount":"2000","name":"Rafael Rodrigues Martiliano dos Santos","cpf":"50328854875","bankname":"null","payBank":"","payCpf":"","pixkey":"50328854875","account":"20227558","status":"done","order":"A20250825191211325095hHKmk9Ulu"},"sign":"BAAD3A5297E8A31F60C4798A2CBA22EC"}

【2025-09-03 08:57:28】
P2025090200564585405337761----提交：{"custId":"24120300001308","appId":"8241201350","order":"P2025090200564585405337761","sign":"46593A07B69C98F69C0F7469E32A521D"}

【2025-09-03 08:57:28】
P2025090200564585405337761----返回：{"code":"000000","msg":"P2025090200564585405337761","data":{"date":"2025-09-02 00:56:48","eid":"E45756448202509020356dxukAhDZlEi","amount":"100","name":"Jeferson Araújo De Melo ","cpf":"10158517202","bankname":"null","payBank":"","payCpf":"","pixkey":"10158517202","account":"233352112","status":"done","order":"A20250902005645352234dweG9m7bv"},"sign":"0F4607B772AC6DC166FDF1EA607EE311"}

【2025-09-03 08:57:31】
P2025090200564585405337761----提交：{"custId":"24120300001308","appId":"8241201350","order":"P2025090200564585405337761","sign":"46593A07B69C98F69C0F7469E32A521D"}

【2025-09-03 08:57:31】
P2025090200564585405337761----返回：{"code":"000000","msg":"P2025090200564585405337761","data":{"date":"2025-09-02 00:56:48","eid":"E45756448202509020356dxukAhDZlEi","amount":"100","name":"Jeferson Araújo De Melo ","cpf":"10158517202","bankname":"null","payBank":"","payCpf":"","pixkey":"10158517202","account":"233352112","status":"done","order":"A20250902005645352234dweG9m7bv"},"sign":"0F4607B772AC6DC166FDF1EA607EE311"}

