【2025-09-03 22:44:30】
P2025083120272182841721954----提交：{"custId":"24120300001308","appId":"8241201350","order":"P2025083120272182841721954","sign":"660E8E9BC7FAA4083A2656202B87144F"}

【2025-09-03 22:44:31】
P2025083120272182841721954----返回：{"code":"000000","msg":"P2025083120272182841721954","data":{"date":"2025-08-31 20:27:24","eid":"E45756448202508312327fT0bZTaUKsr","amount":"12","name":"MARCELO JOSE DOS SANTOS COSTA","cpf":"3727311479","bankname":"null","payBank":"","payCpf":"","pixkey":"81985079620","account":"12880000008019997030","status":"done","order":"A20250831202722936856TPsEqx7Xl"},"sign":"E7A145A1F314681C2C0D3D2BA93409F8"}

【2025-09-03 22:44:33】
P2025083120272182841721954----提交：{"custId":"24120300001308","appId":"8241201350","order":"P2025083120272182841721954","sign":"660E8E9BC7FAA4083A2656202B87144F"}

【2025-09-03 22:44:33】
P2025083120272182841721954----返回：{"code":"000000","msg":"P2025083120272182841721954","data":{"date":"2025-08-31 20:27:24","eid":"E45756448202508312327fT0bZTaUKsr","amount":"12","name":"MARCELO JOSE DOS SANTOS COSTA","cpf":"3727311479","bankname":"null","payBank":"","payCpf":"","pixkey":"81985079620","account":"12880000008019997030","status":"done","order":"A20250831202722936856TPsEqx7Xl"},"sign":"E7A145A1F314681C2C0D3D2BA93409F8"}

【2025-09-03 22:45:19】
P2025082519121059930359372----提交：{"custId":"24120300001308","appId":"8241201350","order":"P2025082519121059930359372","sign":"28E03CBC8EA911F6D9101B120322121E"}

【2025-09-03 22:45:19】
P2025082519121059930359372----返回：{"code":"000000","msg":"P2025082519121059930359372","data":{"date":"2025-08-25 19:12:13","eid":"E45756448202508252212CtGE0n2F0qK","amount":"2000","name":"Rafael Rodrigues Martiliano dos Santos","cpf":"50328854875","bankname":"null","payBank":"","payCpf":"","pixkey":"50328854875","account":"20227558","status":"done","order":"A20250825191211325095hHKmk9Ulu"},"sign":"BAAD3A5297E8A31F60C4798A2CBA22EC"}

【2025-09-03 22:45:19】
P2025082519121059930359372----提交：{"custId":"24120300001308","appId":"8241201350","order":"P2025082519121059930359372","sign":"28E03CBC8EA911F6D9101B120322121E"}

【2025-09-03 22:45:19】
P2025082519121059930359372----返回：{"code":"000000","msg":"P2025082519121059930359372","data":{"date":"2025-08-25 19:12:13","eid":"E45756448202508252212CtGE0n2F0qK","amount":"2000","name":"Rafael Rodrigues Martiliano dos Santos","cpf":"50328854875","bankname":"null","payBank":"","payCpf":"","pixkey":"50328854875","account":"20227558","status":"done","order":"A20250825191211325095hHKmk9Ulu"},"sign":"BAAD3A5297E8A31F60C4798A2CBA22EC"}

【2025-09-03 22:45:24】
P2025082519121059930359372----提交：{"custId":"24120300001308","appId":"8241201350","order":"P2025082519121059930359372","sign":"28E03CBC8EA911F6D9101B120322121E"}

【2025-09-03 22:45:24】
P2025082519121059930359372----返回：{"code":"000000","msg":"P2025082519121059930359372","data":{"date":"2025-08-25 19:12:13","eid":"E45756448202508252212CtGE0n2F0qK","amount":"2000","name":"Rafael Rodrigues Martiliano dos Santos","cpf":"50328854875","bankname":"null","payBank":"","payCpf":"","pixkey":"50328854875","account":"20227558","status":"done","order":"A20250825191211325095hHKmk9Ulu"},"sign":"BAAD3A5297E8A31F60C4798A2CBA22EC"}

