【2025-08-28 06:00:15】
回调信息：{"update_id":448776172,"message":{"message_id":16347,"from":{"id":6507100873,"is_bot":false,"first_name":"B55 XNK|小仙 XIAOXIAN","username":"B55_XNK02"},"chat":{"id":-1002457501685,"title":"YunPay-10049-B55【0.4%+0】巴西《本群不会申请资金下发》","type":"supergroup"},"date":1756371614,"text":"\/balance@YunPay3_bot","entities":[{"offset":0,"length":20,"type":"bot_command"}]}}

【2025-08-28 06:08:21】
回调信息：{"update_id":448776173,"message":{"message_id":8041,"from":{"id":7711239375,"is_bot":false,"first_name":"COI - CSKHQT - 0238","username":"coi_brazil_cs0238","language_code":"vi","is_premium":true},"chat":{"id":-1002326852572,"title":"巴西-YunPay-10182-jun88-0.4%","type":"supergroup"},"date":1756372100,"forward_origin":{"type":"user","sender_user":{"id":7711239375,"is_bot":false,"first_name":"COI - CSKHQT - 0238","username":"coi_brazil_cs0238","language_code":"vi","is_premium":true},"date":1756365999},"forward_from":{"id":7711239375,"is_bot":false,"first_name":"COI - CSKHQT - 0238","username":"coi_brazil_cs0238","language_code":"vi","is_premium":true},"forward_date":1756365999,"text":"\/balance@YunPay3_bot","entities":[{"offset":0,"length":20,"type":"bot_command"}]}}

【2025-08-28 06:08:22】
回调信息：{"update_id":448776174,"message":{"message_id":11902,"from":{"id":7711239375,"is_bot":false,"first_name":"COI - CSKHQT - 0238","username":"coi_brazil_cs0238","language_code":"vi","is_premium":true},"chat":{"id":-1002319776228,"title":"巴西-YunPay-10168-777vip-0.4%","type":"supergroup"},"date":1756372100,"forward_origin":{"type":"user","sender_user":{"id":7711239375,"is_bot":false,"first_name":"COI - CSKHQT - 0238","username":"coi_brazil_cs0238","language_code":"vi","is_premium":true},"date":1756365999},"forward_from":{"id":7711239375,"is_bot":false,"first_name":"COI - CSKHQT - 0238","username":"coi_brazil_cs0238","language_code":"vi","is_premium":true},"forward_date":1756365999,"text":"\/balance@YunPay3_bot","entities":[{"offset":0,"length":20,"type":"bot_command"}]}}

【2025-08-28 06:08:23】
回调信息：{"update_id":448776178,"message":{"message_id":8881,"from":{"id":7711239375,"is_bot":false,"first_name":"COI - CSKHQT - 0238","username":"coi_brazil_cs0238","language_code":"vi","is_premium":true},"chat":{"id":-1002253039276,"title":"巴西-YunPay-10183-ok9-0.4%","type":"supergroup"},"date":1756372100,"forward_origin":{"type":"user","sender_user":{"id":7711239375,"is_bot":false,"first_name":"COI - CSKHQT - 0238","username":"coi_brazil_cs0238","language_code":"vi","is_premium":true},"date":1756365999},"forward_from":{"id":7711239375,"is_bot":false,"first_name":"COI - CSKHQT - 0238","username":"coi_brazil_cs0238","language_code":"vi","is_premium":true},"forward_date":1756365999,"text":"\/balance@YunPay3_bot","entities":[{"offset":0,"length":20,"type":"bot_command"}]}}

【2025-08-28 06:08:23】
回调信息：{"update_id":448776176,"message":{"message_id":10023,"from":{"id":7711239375,"is_bot":false,"first_name":"COI - CSKHQT - 0238","username":"coi_brazil_cs0238","language_code":"vi","is_premium":true},"chat":{"id":-1002392249869,"title":"巴西-YunPay-10181-ap777-0.4%","type":"supergroup"},"date":1756372100,"forward_origin":{"type":"user","sender_user":{"id":7711239375,"is_bot":false,"first_name":"COI - CSKHQT - 0238","username":"coi_brazil_cs0238","language_code":"vi","is_premium":true},"date":1756365999},"forward_from":{"id":7711239375,"is_bot":false,"first_name":"COI - CSKHQT - 0238","username":"coi_brazil_cs0238","language_code":"vi","is_premium":true},"forward_date":1756365999,"text":"\/balance@YunPay3_bot","entities":[{"offset":0,"length":20,"type":"bot_command"}]}}

【2025-08-28 06:08:23】
回调信息：{"update_id":448776177,"message":{"message_id":10573,"from":{"id":7711239375,"is_bot":false,"first_name":"COI - CSKHQT - 0238","username":"coi_brazil_cs0238","language_code":"vi","is_premium":true},"chat":{"id":-1002342663191,"title":"巴西-YunPay-10186-ka777-0.4%","type":"supergroup"},"date":1756372100,"forward_origin":{"type":"user","sender_user":{"id":7711239375,"is_bot":false,"first_name":"COI - CSKHQT - 0238","username":"coi_brazil_cs0238","language_code":"vi","is_premium":true},"date":1756365999},"forward_from":{"id":7711239375,"is_bot":false,"first_name":"COI - CSKHQT - 0238","username":"coi_brazil_cs0238","language_code":"vi","is_premium":true},"forward_date":1756365999,"text":"\/balance@YunPay3_bot","entities":[{"offset":0,"length":20,"type":"bot_command"}]}}

【2025-08-28 06:08:23】
回调信息：{"update_id":448776175,"message":{"message_id":9623,"from":{"id":7711239375,"is_bot":false,"first_name":"COI - CSKHQT - 0238","username":"coi_brazil_cs0238","language_code":"vi","is_premium":true},"chat":{"id":-1002280031772,"title":"巴西-YunPay-10180-vip777-0.4%","type":"supergroup"},"date":1756372100,"forward_origin":{"type":"user","sender_user":{"id":7711239375,"is_bot":false,"first_name":"COI - CSKHQT - 0238","username":"coi_brazil_cs0238","language_code":"vi","is_premium":true},"date":1756365999},"forward_from":{"id":7711239375,"is_bot":false,"first_name":"COI - CSKHQT - 0238","username":"coi_brazil_cs0238","language_code":"vi","is_premium":true},"forward_date":1756365999,"text":"\/balance@YunPay3_bot","entities":[{"offset":0,"length":20,"type":"bot_command"}]}}

【2025-08-28 06:08:46】
回调信息：{"update_id":448776179,"message":{"message_id":1060,"from":{"id":7894960464,"is_bot":false,"first_name":"TOCH - A668BLR-CS0952","username":"tochtoch112233"},"chat":{"id":-1002880197106,"title":"巴西-YunPay-10374-A668（0.4）","type":"supergroup"},"date":1756372125,"text":"\/balance@YunPay3_bot","entities":[{"offset":0,"length":20,"type":"bot_command"}]}}

【2025-08-28 06:13:55】
回调信息：{"update_id":448776180,"message":{"message_id":2719,"from":{"id":6635319357,"is_bot":false,"first_name":"CW 绵羊-雪碧❄️","username":"panda8827","language_code":"zh-hans"},"chat":{"id":-1002528940452,"title":"巴西-YunPay-10398-1010","type":"supergroup"},"date":1756372434,"text":"\/balance@YunPay3_bot","entities":[{"offset":0,"length":20,"type":"bot_command"}]}}

【2025-08-28 06:17:22】
回调信息：{"update_id":448776181,"message":{"message_id":16349,"from":{"id":7077468713,"is_bot":false,"first_name":"SBET_XNK SUMMER","username":"SBET_XNK03"},"chat":{"id":-1002457501685,"title":"YunPay-10049-B55【0.4%+0】巴西《本群不会申请资金下发》","type":"supergroup"},"date":1756372641,"text":"\/balance@YunPay3_bot","entities":[{"offset":0,"length":20,"type":"bot_command"}]}}

【2025-08-28 06:17:41】
回调信息：{"update_id":448776182,"message":{"message_id":5645,"from":{"id":7537935174,"is_bot":false,"first_name":"ZENLIN- CSKHQT - 0175","username":"ZENLIN_ABCVIP","language_code":"vi","is_premium":true},"chat":{"id":-1002343272209,"title":"巴西-yunpay-km88-10296-0.4%","type":"supergroup"},"date":1756372660,"text":"\/balance@YunPay3_bot","entities":[{"offset":0,"length":20,"type":"bot_command"}]}}

【2025-08-28 06:17:46】
回调信息：{"update_id":448776183,"message":{"message_id":5791,"from":{"id":7537935174,"is_bot":false,"first_name":"ZENLIN- CSKHQT - 0175","username":"ZENLIN_ABCVIP","language_code":"vi","is_premium":true},"chat":{"id":-1002546140861,"title":"巴西-yunpay-10287-ABC8（0.4%）","type":"supergroup"},"date":1756372665,"text":"\/balance@YunPay3_bot","entities":[{"offset":0,"length":20,"type":"bot_command"}]}}

【2025-08-28 06:17:51】
回调信息：{"update_id":448776184,"message":{"message_id":3822,"from":{"id":7537935174,"is_bot":false,"first_name":"ZENLIN- CSKHQT - 0175","username":"ZENLIN_ABCVIP","language_code":"vi","is_premium":true},"chat":{"id":-1002803739845,"title":"巴西-YunPay-10313-cs8-0.4%","type":"supergroup"},"date":1756372670,"text":"\/balance@YunPay3_bot","entities":[{"offset":0,"length":20,"type":"bot_command"}]}}

【2025-08-28 06:17:55】
回调信息：{"update_id":448776185,"message":{"message_id":1063,"from":{"id":5876996298,"is_bot":false,"first_name":"AHTU-0964-777SH","username":"ahtusmos619"},"chat":{"id":-1002880197106,"title":"巴西-YunPay-10374-A668（0.4）","type":"supergroup"},"date":1756372675,"message_thread_id":1062,"reply_to_message":{"message_id":1062,"from":{"id":7762675448,"is_bot":true,"first_name":"YunPay","username":"YunPay3_bot"},"chat":{"id":-1002880197106,"title":"巴西-YunPay-10374-A668（0.4）","type":"supergroup"},"date":1756372650,"text":"代付风控提示\n\n系统订单号：P2025082806172972649984049\n外部订单号：tx_30078_2025082809140998mrN\n订单金额：9118.00\n开户名 ：Ninivi Alvarenga Ferreira\n账号 ：14713488739\n申请时间：2025-08-28 06:17:29","entities":[{"offset":14,"length":26,"type":"code"},{"offset":47,"length":28,"type":"code"}],"reply_markup":{"inline_keyboard":[[{"text":"驳回(reject)","callback_data":"reject P2025082806172972649984049"},{"text":"通过(pass)","callback_data":"pass P2025082806172972649984049"}]]}},"text":"@dazhuan99","entities":[{"offset":0,"length":10,"type":"mention"}]}}

【2025-08-28 06:18:00】
回调信息：{"update_id":448776186,"message":{"message_id":884,"from":{"id":7537935174,"is_bot":false,"first_name":"ZENLIN- CSKHQT - 0175","username":"ZENLIN_ABCVIP","language_code":"vi","is_premium":true},"chat":{"id":-1003013065972,"title":"巴西-YunPay—wp777-10297","type":"supergroup"},"date":1756372679,"text":"\/balance@YunPay3_bot","entities":[{"offset":0,"length":20,"type":"bot_command"}]}}

【2025-08-28 06:18:05】
回调信息：{"update_id":448776187,"callback_query":{"id":"7675254666962713803","from":{"id":1787034484,"is_bot":false,"first_name":"（蟒蛇）","username":"dazhuan99","language_code":"zh-hans","is_premium":true},"message":{"message_id":1062,"from":{"id":7762675448,"is_bot":true,"first_name":"YunPay","username":"YunPay3_bot"},"chat":{"id":-1002880197106,"title":"巴西-YunPay-10374-A668（0.4）","type":"supergroup"},"date":1756372650,"text":"代付风控提示\n\n系统订单号：P2025082806172972649984049\n外部订单号：tx_30078_2025082809140998mrN\n订单金额：9118.00\n开户名 ：Ninivi Alvarenga Ferreira\n账号 ：14713488739\n申请时间：2025-08-28 06:17:29","entities":[{"offset":14,"length":26,"type":"code"},{"offset":47,"length":28,"type":"code"}],"reply_markup":{"inline_keyboard":[[{"text":"驳回(reject)","callback_data":"reject P2025082806172972649984049"},{"text":"通过(pass)","callback_data":"pass P2025082806172972649984049"}]]}},"chat_instance":"1539446701697261619","data":"pass P2025082806172972649984049"}}

【2025-08-28 06:18:09】
回调信息：{"update_id":448776188,"message":{"message_id":2931,"from":{"id":7537935174,"is_bot":false,"first_name":"ZENLIN- CSKHQT - 0175","username":"ZENLIN_ABCVIP","language_code":"vi","is_premium":true},"chat":{"id":-1002780614434,"title":"巴西-YunPay-10419-xx8-0.4%","type":"supergroup"},"date":1756372689,"text":"\/balance@YunPay3_bot","entities":[{"offset":0,"length":20,"type":"bot_command"}]}}

【2025-08-28 06:21:00】
回调信息：{"update_id":448776189,"callback_query":{"id":"7675254666641858909","from":{"id":1787034484,"is_bot":false,"first_name":"（蟒蛇）","username":"dazhuan99","language_code":"zh-hans","is_premium":true},"message":{"message_id":1062,"from":{"id":7762675448,"is_bot":true,"first_name":"YunPay","username":"YunPay3_bot"},"chat":{"id":-1002880197106,"title":"巴西-YunPay-10374-A668（0.4）","type":"supergroup"},"date":1756372650,"text":"代付风控提示\n\n系统订单号：P2025082806172972649984049\n外部订单号：tx_30078_2025082809140998mrN\n订单金额：9118.00\n开户名 ：Ninivi Alvarenga Ferreira\n账号 ：14713488739\n申请时间：2025-08-28 06:17:29","entities":[{"offset":14,"length":26,"type":"code"},{"offset":47,"length":28,"type":"code"}],"reply_markup":{"inline_keyboard":[[{"text":"驳回(reject)","callback_data":"reject P2025082806172972649984049"},{"text":"通过(pass)","callback_data":"pass P2025082806172972649984049"}]]}},"chat_instance":"1539446701697261619","data":"pass P2025082806172972649984049"}}

【2025-08-28 06:21:22】
回调信息：{"update_id":448776190,"message":{"message_id":4317,"from":{"id":7847581080,"is_bot":false,"first_name":"石斑\/海苔","username":"FlyTop8","language_code":"zh-hans"},"chat":{"id":-1002726204447,"title":"巴西-YUNPAY-10385-top88-0.4%+0","type":"supergroup"},"date":1756372882,"text":"\/balance@YunPay3_bot","entities":[{"offset":0,"length":20,"type":"bot_command"}]}}

【2025-08-28 06:22:35】
回调信息：{"update_id":448776191,"message":{"message_id":1079,"from":{"id":8084668544,"is_bot":false,"first_name":"PUBANK-A668BLR-CS1019","username":"Banker317"},"chat":{"id":-1002880197106,"title":"巴西-YunPay-10374-A668（0.4）","type":"supergroup"},"date":1756372953,"text":"\/balance@YunPay3_bot","entities":[{"offset":0,"length":20,"type":"bot_command"}]}}

【2025-08-28 06:28:29】
回调信息：{"update_id":448776192,"message":{"message_id":7359,"from":{"id":8155598350,"is_bot":false,"first_name":"PHIA - CSKHQT - 0203","username":"phiafk","language_code":"vi","is_premium":true},"chat":{"id":-1002450464780,"title":"巴西-YunPay-10191-sh777-0.4%","type":"supergroup"},"date":1756373308,"text":"\/balance@YunPay3_bot","entities":[{"offset":0,"length":20,"type":"bot_command"}]}}

【2025-08-28 06:28:38】
回调信息：{"update_id":448776193,"message":{"message_id":6017,"from":{"id":8155598350,"is_bot":false,"first_name":"PHIA - CSKHQT - 0203","username":"phiafk","language_code":"vi","is_premium":true},"chat":{"id":-1002604611165,"title":"巴西-YunPay-10213-aq777-0.4%","type":"supergroup"},"date":1756373317,"text":"\/balance@YunPay3_bot","entities":[{"offset":0,"length":20,"type":"bot_command"}]}}

【2025-08-28 06:28:47】
回调信息：{"update_id":448776194,"message":{"message_id":13131,"from":{"id":8155598350,"is_bot":false,"first_name":"PHIA - CSKHQT - 0203","username":"phiafk","language_code":"vi","is_premium":true},"chat":{"id":-1002680635315,"title":"巴西-YunPay-10243-u888-0.4%","type":"supergroup"},"date":1756373327,"text":"\/balance@YunPay3_bot","entities":[{"offset":0,"length":20,"type":"bot_command"}]}}

【2025-08-28 06:28:56】
回调信息：{"update_id":448776195,"message":{"message_id":6584,"from":{"id":8155598350,"is_bot":false,"first_name":"PHIA - CSKHQT - 0203","username":"phiafk","language_code":"vi","is_premium":true},"chat":{"id":-1002316642937,"title":"巴西-YunPay-10260-j88-0.4%","type":"supergroup"},"date":1756373336,"text":"\/balance@YunPay3_bot","entities":[{"offset":0,"length":20,"type":"bot_command"}]}}

【2025-08-28 06:29:05】
回调信息：{"update_id":448776196,"message":{"message_id":5842,"from":{"id":8155598350,"is_bot":false,"first_name":"PHIA - CSKHQT - 0203","username":"phiafk","language_code":"vi","is_premium":true},"chat":{"id":-1002473165186,"title":"巴西-yunpay-10220-fm777-0.4%","type":"supergroup"},"date":1756373345,"text":"\/balance@YunPay3_bot","entities":[{"offset":0,"length":20,"type":"bot_command"}]}}

【2025-08-28 06:29:15】
回调信息：{"update_id":448776197,"message":{"message_id":5313,"from":{"id":8155598350,"is_bot":false,"first_name":"PHIA - CSKHQT - 0203","username":"phiafk","language_code":"vi","is_premium":true},"chat":{"id":-1002453262081,"title":"巴西-yunpay-10288-QR777（0.4%）","type":"supergroup"},"date":1756373355,"text":"\/balance@YunPay3_bot","entities":[{"offset":0,"length":20,"type":"bot_command"}]}}

【2025-08-28 06:48:16】
回调信息：{"update_id":448776198,"message":{"message_id":13133,"from":{"id":8155598350,"is_bot":false,"first_name":"PHIA - CSKHQT - 0203","username":"phiafk","language_code":"vi","is_premium":true},"chat":{"id":-1002680635315,"title":"巴西-YunPay-10243-u888-0.4%","type":"supergroup"},"date":1756374495,"text":"\/df tx_40021_20250828093103L2qb8","entities":[{"offset":0,"length":3,"type":"bot_command"}]}}

【2025-08-28 06:53:04】
回调信息：{"update_id":448776199,"message":{"message_id":12400,"from":{"id":8058119746,"is_bot":false,"first_name":"组长 出款_Rhovie","username":"Payment_Rhovie","language_code":"en"},"chat":{"id":-1002256433700,"title":"巴西-YunPay-10128-222hot-0.4%","type":"supergroup"},"date":1756374783,"text":"\/balance@YunPay3_bot","entities":[{"offset":0,"length":20,"type":"bot_command"}]}}

【2025-08-28 06:55:30】
回调信息：{"update_id":448776200,"message":{"message_id":116,"from":{"id":7697720627,"is_bot":false,"first_name":"小术","username":"xiaoshu7768","is_premium":true},"chat":{"id":-1003066756356,"title":"巴西-YunPay-10472-7pwin","type":"supergroup"},"date":1756374929,"text":"\/balance@YunPay3_bot","entities":[{"offset":0,"length":20,"type":"bot_command"}]}}

【2025-08-28 06:55:59】
回调信息：{"update_id":448776201,"message":{"message_id":2933,"from":{"id":7526325781,"is_bot":false,"first_name":"COKI- CSKHQT-CS0204","username":"COKI3254AQ777","is_premium":true},"chat":{"id":-1002780614434,"title":"巴西-YunPay-10419-xx8-0.4%","type":"supergroup"},"date":1756374959,"text":"\/balance@YunPay3_bot","entities":[{"offset":0,"length":20,"type":"bot_command"}]}}

