【2025-08-28 08:02:12】
回调信息：{"update_id":448776245,"message":{"message_id":16357,"from":{"id":6507100873,"is_bot":false,"first_name":"B55 XNK|小仙 XIAOXIAN","username":"B55_XNK02"},"chat":{"id":-1002457501685,"title":"YunPay-10049-B55【0.4%+0】巴西《本群不会申请资金下发》","type":"supergroup"},"date":1756378931,"text":"\/balance@YunPay3_bot","entities":[{"offset":0,"length":20,"type":"bot_command"}]}}

【2025-08-28 08:03:17】
回调信息：{"update_id":448776246,"message":{"message_id":8885,"from":{"id":7639967842,"is_bot":false,"first_name":"THICHCA-DPVQT-0165","username":"THCA0123","is_premium":true},"chat":{"id":-1002253039276,"title":"巴西-YunPay-10183-ok9-0.4%","type":"supergroup"},"date":1756378996,"text":"\/balance@YunPay3_bot","entities":[{"offset":0,"length":20,"type":"bot_command"}]}}

【2025-08-28 08:03:21】
回调信息：{"update_id":448776247,"message":{"message_id":3830,"from":{"id":7526325781,"is_bot":false,"first_name":"COKI- CSKHQT-CS0204","username":"COKI3254AQ777","is_premium":true},"chat":{"id":-1002803739845,"title":"巴西-YunPay-10313-cs8-0.4%","type":"supergroup"},"date":1756379001,"text":"\/balance@YunPay3_bot","entities":[{"offset":0,"length":20,"type":"bot_command"}]}}

【2025-08-28 08:03:36】
回调信息：{"update_id":448776248,"message":{"message_id":2943,"from":{"id":7526325781,"is_bot":false,"first_name":"COKI- CSKHQT-CS0204","username":"COKI3254AQ777","is_premium":true},"chat":{"id":-1002780614434,"title":"巴西-YunPay-10419-xx8-0.4%","type":"supergroup"},"date":1756379015,"text":"\/balance@YunPay3_bot","entities":[{"offset":0,"length":20,"type":"bot_command"}]}}

【2025-08-28 08:03:51】
回调信息：{"update_id":448776249,"message":{"message_id":896,"from":{"id":7526325781,"is_bot":false,"first_name":"COKI- CSKHQT-CS0204","username":"COKI3254AQ777","is_premium":true},"chat":{"id":-1003013065972,"title":"巴西-YunPay—wp777-10297","type":"supergroup"},"date":1756379031,"text":"\/balance@YunPay3_bot","entities":[{"offset":0,"length":20,"type":"bot_command"}]}}

【2025-08-28 08:03:58】
回调信息：{"update_id":448776250,"message":{"message_id":5653,"from":{"id":7526325781,"is_bot":false,"first_name":"COKI- CSKHQT-CS0204","username":"COKI3254AQ777","is_premium":true},"chat":{"id":-1002343272209,"title":"巴西-yunpay-km88-10296-0.4%","type":"supergroup"},"date":1756379038,"text":"\/balance@YunPay3_bot","entities":[{"offset":0,"length":20,"type":"bot_command"}]}}

【2025-08-28 08:04:04】
回调信息：{"update_id":448776251,"message":{"message_id":5797,"from":{"id":7526325781,"is_bot":false,"first_name":"COKI- CSKHQT-CS0204","username":"COKI3254AQ777","is_premium":true},"chat":{"id":-1002546140861,"title":"巴西-yunpay-10287-ABC8（0.4%）","type":"supergroup"},"date":1756379043,"text":"\/balance@YunPay3_bot","entities":[{"offset":0,"length":20,"type":"bot_command"}]}}

【2025-08-28 08:06:18】
回调信息：{"update_id":448776252,"message":{"message_id":1408,"from":{"id":5876996298,"is_bot":false,"first_name":"AHTU-0964-777SH","username":"ahtusmos619"},"chat":{"id":-1002759044780,"title":"巴西-YunPay-10414-777SH-0.4%","type":"supergroup"},"date":1756379177,"text":"\/balance@YunPay3_bot","entities":[{"offset":0,"length":20,"type":"bot_command"}]}}

【2025-08-28 08:06:36】
回调信息：{"update_id":448776253,"message":{"message_id":1354,"from":{"id":5876996298,"is_bot":false,"first_name":"AHTU-0964-777SH","username":"ahtusmos619"},"chat":{"id":-1002833866053,"title":"巴西-YunPay-10375-A299 ̣̣̣̣（0.4）","type":"supergroup"},"date":1756379195,"text":"\/balance@YunPay3_bot","entities":[{"offset":0,"length":20,"type":"bot_command"}]}}

【2025-08-28 08:08:12】
回调信息：{"update_id":448776254,"message":{"message_id":2856,"from":{"id":6051626244,"is_bot":false,"first_name":"天涯","username":"CBSW888","is_premium":true},"chat":{"id":-1002381252756,"title":"巴西-YunPay-10061-c5game","type":"supergroup"},"date":1756379291,"text":"\/show@YunPay3_bot","entities":[{"offset":0,"length":17,"type":"bot_command"}]}}

【2025-08-28 08:08:16】
回调信息：{"update_id":448776255,"message":{"message_id":2858,"from":{"id":6051626244,"is_bot":false,"first_name":"天涯","username":"CBSW888","is_premium":true},"chat":{"id":-1002381252756,"title":"巴西-YunPay-10061-c5game","type":"supergroup"},"date":1756379296,"text":"\/balance@YunPay3_bot","entities":[{"offset":0,"length":20,"type":"bot_command"}]}}

【2025-08-28 08:15:24】
回调信息：{"update_id":448776256,"message":{"message_id":795,"from":{"id":6781242545,"is_bot":false,"first_name":"༺๑ 老亨 \/功秀 ๑༻","username":"laoheng2025","is_premium":true},"chat":{"id":-1002301419675,"title":"C81 巴西-YunPay-10152-feijoadabr","type":"supergroup"},"date":1756379723,"text":"\/df TX17563727032665072182","entities":[{"offset":0,"length":3,"type":"bot_command"}]}}

【2025-08-28 08:17:39】
回调信息：{"update_id":448776257,"message":{"message_id":1563,"from":{"id":8163532417,"is_bot":false,"first_name":"Ron","username":"RON_7777777","language_code":"zh-hans","is_premium":true},"chat":{"id":-1002859914962,"title":"巴西-YunPay-10462-AS888","type":"supergroup"},"date":1756379857,"text":"\/balance@YunPay3_bot","entities":[{"offset":0,"length":20,"type":"bot_command"}]}}

【2025-08-28 08:18:16】
回调信息：{"update_id":448776258,"callback_query":{"id":"6939244667498970987","from":{"id":8058119746,"is_bot":false,"first_name":"组长 出款_Rhovie","username":"Payment_Rhovie","language_code":"en"},"message":{"message_id":12404,"from":{"id":7762675448,"is_bot":true,"first_name":"YunPay","username":"YunPay3_bot"},"chat":{"id":-1002256433700,"title":"巴西-YunPay-10128-222hot-0.4%","type":"supergroup"},"date":1756379890,"text":"代付风控提示\n\n系统订单号：P2025082808180979889288500\n外部订单号：01310575620660000164643\n订单金额：1384.00\n开户名 ：Thays carolyne santos chaves\n账号 ：tanetinho@gmail.com\n申请时间：2025-08-28 08:18:09","entities":[{"offset":14,"length":26,"type":"code"},{"offset":47,"length":23,"type":"code"},{"offset":121,"length":20,"type":"url"}],"reply_markup":{"inline_keyboard":[[{"text":"驳回(reject)","callback_data":"reject P2025082808180979889288500"},{"text":"通过(pass)","callback_data":"pass P2025082808180979889288500"}]]}},"chat_instance":"6669417669812371835","data":"pass P2025082808180979889288500"}}

【2025-08-28 08:22:28】
回调信息：{"update_id":448776259,"message":{"message_id":1083,"from":{"id":8084668544,"is_bot":false,"first_name":"PUBANK-A668BLR-CS1019","username":"Banker317"},"chat":{"id":-1002880197106,"title":"巴西-YunPay-10374-A668（0.4）","type":"supergroup"},"date":1756380147,"text":"\/df tx_30078_20250828105846Bd9Nz","entities":[{"offset":0,"length":3,"type":"bot_command"}]}}

【2025-08-28 08:29:33】
回调信息：{"update_id":448776260,"message":{"message_id":5655,"from":{"id":7537935174,"is_bot":false,"first_name":"ZENLIN- CSKHQT - 0175","username":"ZENLIN_ABCVIP","language_code":"vi","is_premium":true},"chat":{"id":-1002343272209,"title":"巴西-yunpay-km88-10296-0.4%","type":"supergroup"},"date":1756380572,"text":"\/balance@YunPay3_bot","entities":[{"offset":0,"length":20,"type":"bot_command"}]}}

【2025-08-28 08:29:38】
回调信息：{"update_id":448776261,"message":{"message_id":5799,"from":{"id":7537935174,"is_bot":false,"first_name":"ZENLIN- CSKHQT - 0175","username":"ZENLIN_ABCVIP","language_code":"vi","is_premium":true},"chat":{"id":-1002546140861,"title":"巴西-yunpay-10287-ABC8（0.4%）","type":"supergroup"},"date":1756380577,"text":"\/balance@YunPay3_bot","entities":[{"offset":0,"length":20,"type":"bot_command"}]}}

【2025-08-28 08:29:46】
回调信息：{"update_id":448776262,"message":{"message_id":4997,"from":{"id":6568500303,"is_bot":false,"first_name":"BRA88 - XNK\/CS - MOSES","username":"BRA88_CS03"},"chat":{"id":-1002379589614,"title":"YunPay-10050-B88【0.4+0】巴西《本群不会申请资金下发》","type":"supergroup"},"date":1756380586,"text":"\/df TX17563599052927725200","entities":[{"offset":0,"length":3,"type":"bot_command"}]}}

【2025-08-28 08:29:48】
回调信息：{"update_id":448776263,"message":{"message_id":3832,"from":{"id":7537935174,"is_bot":false,"first_name":"ZENLIN- CSKHQT - 0175","username":"ZENLIN_ABCVIP","language_code":"vi","is_premium":true},"chat":{"id":-1002803739845,"title":"巴西-YunPay-10313-cs8-0.4%","type":"supergroup"},"date":1756380588,"text":"\/balance@YunPay3_bot","entities":[{"offset":0,"length":20,"type":"bot_command"}]}}

【2025-08-28 08:29:53】
回调信息：{"update_id":448776264,"message":{"message_id":898,"from":{"id":7537935174,"is_bot":false,"first_name":"ZENLIN- CSKHQT - 0175","username":"ZENLIN_ABCVIP","language_code":"vi","is_premium":true},"chat":{"id":-1003013065972,"title":"巴西-YunPay—wp777-10297","type":"supergroup"},"date":1756380593,"text":"\/balance@YunPay3_bot","entities":[{"offset":0,"length":20,"type":"bot_command"}]}}

【2025-08-28 08:29:59】
回调信息：{"update_id":448776265,"message":{"message_id":2945,"from":{"id":7537935174,"is_bot":false,"first_name":"ZENLIN- CSKHQT - 0175","username":"ZENLIN_ABCVIP","language_code":"vi","is_premium":true},"chat":{"id":-1002780614434,"title":"巴西-YunPay-10419-xx8-0.4%","type":"supergroup"},"date":1756380599,"text":"\/balance@YunPay3_bot","entities":[{"offset":0,"length":20,"type":"bot_command"}]}}

【2025-08-28 08:31:35】
回调信息：{"update_id":448776266,"message":{"message_id":13959,"from":{"id":7077468713,"is_bot":false,"first_name":"SBET_XNK SUMMER","username":"SBET_XNK03"},"chat":{"id":-1002499994426,"title":"YunPay-10048-SBET【0.4%+0】巴西《本群不会申请资金下发》","type":"supergroup"},"date":1756380695,"text":"\/balance@YunPay3_bot","entities":[{"offset":0,"length":20,"type":"bot_command"}]}}

【2025-08-28 08:37:06】
回调信息：{"update_id":448776267,"message":{"message_id":2627,"from":{"id":7580898381,"is_bot":false,"first_name":"艾伦 -","last_name":"阿斤","username":"ANA067899"},"chat":{"id":-1002636037233,"title":"巴西-YunPay-10246-PG30 0.4","type":"supergroup"},"date":1756381025,"text":"\/balance@YunPay3_bot","entities":[{"offset":0,"length":20,"type":"bot_command"}]}}

【2025-08-28 08:44:26】
回调信息：{"update_id":448776268,"message":{"message_id":12406,"from":{"id":6995864125,"is_bot":false,"first_name":"组长 出款_Grant","username":"Payment_Grant"},"chat":{"id":-1002256433700,"title":"巴西-YunPay-10128-222hot-0.4%","type":"supergroup"},"date":1756381465,"text":"\/balance@YunPay3_bot","entities":[{"offset":0,"length":20,"type":"bot_command"}]}}

【2025-08-28 08:46:19】
回调信息：{"update_id":448776269,"message":{"message_id":25117,"from":{"id":8447805715,"is_bot":false,"first_name":"QQpay全球支付（杰特）","username":"jiete012"},"chat":{"id":-1002416189316,"title":"巴西-YunPay-10024-qqpay 0.45 %","type":"supergroup"},"date":1756381578,"new_chat_participant":{"id":8447805715,"is_bot":false,"first_name":"QQpay全球支付（杰特）","username":"jiete012"},"new_chat_member":{"id":8447805715,"is_bot":false,"first_name":"QQpay全球支付（杰特）","username":"jiete012"},"new_chat_members":[{"id":8447805715,"is_bot":false,"first_name":"QQpay全球支付（杰特）","username":"jiete012"}]}}

【2025-08-28 08:49:16】
回调信息：{"update_id":448776270,"message":{"message_id":2629,"from":{"id":7015637342,"is_bot":false,"first_name":"小安- 小娜","username":"Yanan99998"},"chat":{"id":-1002636037233,"title":"巴西-YunPay-10246-PG30 0.4","type":"supergroup"},"date":1756381755,"text":"\/balance@YunPay3_bot","entities":[{"offset":0,"length":20,"type":"bot_command"}]}}

【2025-08-28 08:53:00】
回调信息：{"update_id":448776271,"message":{"message_id":13864,"from":{"id":7948000672,"is_bot":false,"first_name":"OK8 XNK - JEM","username":"ok8cs14"},"chat":{"id":-1002361427375,"title":"YunPay-10051-OK8【0.4%+0】巴西《本群不会申请资金下发》","type":"supergroup"},"date":1756381980,"text":"\/df TX17563819491937072072","entities":[{"offset":0,"length":3,"type":"bot_command"}]}}

【2025-08-28 08:56:26】
回调信息：{"update_id":448776272,"message":{"message_id":1085,"from":{"id":6339598185,"is_bot":false,"first_name":"LIMEI - A668BLR-CS0929","username":"limeihuang78"},"chat":{"id":-1002880197106,"title":"巴西-YunPay-10374-A668（0.4）","type":"supergroup"},"date":1756382185,"text":"\/balance@YunPay3_bot","entities":[{"offset":0,"length":20,"type":"bot_command"}]}}

