【2025-08-28 16:08:40】
P2025082815484806928087046----提交：{"custId":"24120300001308","appId":"8241201350","order":"P2025082815484806928087046","sign":"C121D08794208017E006861F75BF72DD"}

【2025-08-28 16:08:40】
P2025082815484806928087046----返回：{"code":"000000","msg":"P2025082815484806928087046","data":{"date":"2025-08-28 16:08:12","eid":"E45756448202508281908b0yi41XQ6E6","amount":"30","name":"ROSELI ANTUNES DA SILVA","cpf":"9363153690","bankname":"null","payBank":"","payCpf":"","pixkey":"09363153690","account":"12880000008606052386","status":"done","order":"A20250828160809580841TtNeH4Rug"},"sign":"B7413B973414E73D9807826FA4F8C2AE"}

【2025-08-28 16:13:03】
P2025082815210505265725311----提交：{"custId":"24120300001308","appId":"8241201350","order":"P2025082815210505265725311","sign":"6BD62CE4FB46EAAB37212729757223F0"}

【2025-08-28 16:13:03】
P2025082815210505265725311----返回：{"code":"000000","msg":"P2025082815210505265725311","data":{"date":"2025-08-28 15:22:03","eid":"E357134912025082818220204356110a","amount":"241","name":"REGIAN MARIA DOS SANTOS","cpf":"12676460633","bankname":"NOVABET OFICIAL","payBank":"","payCpf":"","pixkey":"+5531997061937","account":"00360305","status":"done","order":"A202508281522010079964wDuMwclA"},"sign":"546BD107125A5B5EFDD02C74E7EFF4F8"}

【2025-08-28 16:13:05】
P2025082815210505265725311----提交：{"custId":"24120300001308","appId":"8241201350","order":"P2025082815210505265725311","sign":"6BD62CE4FB46EAAB37212729757223F0"}

【2025-08-28 16:13:05】
P2025082815210505265725311----返回：{"code":"000000","msg":"P2025082815210505265725311","data":{"date":"2025-08-28 15:22:03","eid":"E357134912025082818220204356110a","amount":"241","name":"REGIAN MARIA DOS SANTOS","cpf":"12676460633","bankname":"NOVABET OFICIAL","payBank":"","payCpf":"","pixkey":"+5531997061937","account":"00360305","status":"done","order":"A202508281522010079964wDuMwclA"},"sign":"546BD107125A5B5EFDD02C74E7EFF4F8"}

【2025-08-28 16:17:51】
P2025082615505034250755492----提交：{"custId":"24120300001308","appId":"8241201350","order":"P2025082615505034250755492","sign":"0893933BD27501CFB8E98C4A429DE9A0"}

【2025-08-28 16:17:51】
P2025082615505034250755492----返回：{"code":"000000","msg":"P2025082615505034250755492","data":{"date":"2025-08-26 15:50:54","eid":"E35713491202508261850523290cb346","amount":"15","name":"REGIAN MARIA DOS SANTOS","cpf":"12676460633","bankname":"NOVABET OFICIAL","payBank":"","payCpf":"","pixkey":"+5531997061937","account":"00360305","status":"done","order":"A20250826155051001875FBi6YmEsW"},"sign":"2AF2313E15953AB16636D4824F1EBAD0"}

【2025-08-28 16:17:55】
P2025082615505034250755492----提交：{"custId":"24120300001308","appId":"8241201350","order":"P2025082615505034250755492","sign":"0893933BD27501CFB8E98C4A429DE9A0"}

【2025-08-28 16:17:55】
P2025082615505034250755492----返回：{"code":"000000","msg":"P2025082615505034250755492","data":{"date":"2025-08-26 15:50:54","eid":"E35713491202508261850523290cb346","amount":"15","name":"REGIAN MARIA DOS SANTOS","cpf":"12676460633","bankname":"NOVABET OFICIAL","payBank":"","payCpf":"","pixkey":"+5531997061937","account":"00360305","status":"done","order":"A20250826155051001875FBi6YmEsW"},"sign":"2AF2313E15953AB16636D4824F1EBAD0"}

【2025-08-28 16:19:11】
P2025082613150524905033535----提交：{"custId":"24120300001308","appId":"8241201350","order":"P2025082613150524905033535","sign":"5A163746B57F6F52776DC06915D0555C"}

【2025-08-28 16:19:11】
P2025082613150524905033535----返回：{"code":"000000","msg":"P2025082613150524905033535","data":{"date":"2025-08-26 13:25:04","eid":"E45756448202508261625KBqcA21tTkS","amount":"150","name":"REGIAN MARIA DOS SANTOS","cpf":"12676460633","bankname":"null","payBank":"","payCpf":"","pixkey":"+5531997061937","account":"12880000007382904742","status":"done","order":"A20250826132501561706RyzCJspEe"},"sign":"3EC49C6AE923973262CBBD63E885847F"}

【2025-08-28 16:19:11】
P2025082613150524905033535----提交：{"custId":"24120300001308","appId":"8241201350","order":"P2025082613150524905033535","sign":"5A163746B57F6F52776DC06915D0555C"}

【2025-08-28 16:19:11】
P2025082613150524905033535----返回：{"code":"000000","msg":"P2025082613150524905033535","data":{"date":"2025-08-26 13:25:04","eid":"E45756448202508261625KBqcA21tTkS","amount":"150","name":"REGIAN MARIA DOS SANTOS","cpf":"12676460633","bankname":"null","payBank":"","payCpf":"","pixkey":"+5531997061937","account":"12880000007382904742","status":"done","order":"A20250826132501561706RyzCJspEe"},"sign":"3EC49C6AE923973262CBBD63E885847F"}

【2025-08-28 16:20:40】
P2025082815172605046372803----提交：{"custId":"24120300001308","appId":"8241201350","order":"P2025082815172605046372803","sign":"30C2F7F68A614B947F481ECF5635A423"}

【2025-08-28 16:20:40】
P2025082815172605046372803----返回：{"code":"000000","msg":"P2025082815172605046372803","data":{"date":"2025-08-28 15:17:30","eid":"E357134912025082818172814345be8f","amount":"50","name":"LEILA DUARTE DE SOUSA RAMOS","cpf":"00897409477","bankname":"NOVABET OFICIAL","payBank":"","payCpf":"","pixkey":"00897409477","account":"00360305","status":"done","order":"A20250828151727410406kFQei4zsP"},"sign":"092E92C169CA2B5E4562F36A5BFF7266"}

【2025-08-28 16:20:42】
P2025082815172605046372803----提交：{"custId":"24120300001308","appId":"8241201350","order":"P2025082815172605046372803","sign":"30C2F7F68A614B947F481ECF5635A423"}

【2025-08-28 16:20:42】
P2025082815172605046372803----返回：{"code":"000000","msg":"P2025082815172605046372803","data":{"date":"2025-08-28 15:17:30","eid":"E357134912025082818172814345be8f","amount":"50","name":"LEILA DUARTE DE SOUSA RAMOS","cpf":"00897409477","bankname":"NOVABET OFICIAL","payBank":"","payCpf":"","pixkey":"00897409477","account":"00360305","status":"done","order":"A20250828151727410406kFQei4zsP"},"sign":"092E92C169CA2B5E4562F36A5BFF7266"}

【2025-08-28 16:58:06】
P2025082815431606596179144----提交：{"custId":"24120300001308","appId":"8241201350","order":"P2025082815431606596179144","sign":"7CEBDDB1D31A5C5976BCC56A1808D747"}

【2025-08-28 16:58:06】
P2025082815431606596179144----返回：{"code":"000000","msg":"P2025082815431606596179144","data":{"date":"2025-08-28 15:43:18","eid":"E45756448202508281843HWfyVSs78UG","amount":"40","name":"Yago Andrade do Nascimento","cpf":"22643801792","bankname":"null","payBank":"","payCpf":"","pixkey":"22643801792","account":"934615797","status":"done","order":"A20250828154316090238VHzwTMdJC"},"sign":"DDBFC4B9887A3530D95865AB79CADAE7"}

【2025-08-28 16:58:19】
P2025082815431606596179144----提交：{"custId":"24120300001308","appId":"8241201350","order":"P2025082815431606596179144","sign":"7CEBDDB1D31A5C5976BCC56A1808D747"}

【2025-08-28 16:58:19】
P2025082815431606596179144----返回：{"code":"000000","msg":"P2025082815431606596179144","data":{"date":"2025-08-28 15:43:18","eid":"E45756448202508281843HWfyVSs78UG","amount":"40","name":"Yago Andrade do Nascimento","cpf":"22643801792","bankname":"null","payBank":"","payCpf":"","pixkey":"22643801792","account":"934615797","status":"done","order":"A20250828154316090238VHzwTMdJC"},"sign":"DDBFC4B9887A3530D95865AB79CADAE7"}

