【2025-08-28 17:04:16】
P2025082816454310343227465----提交：{"custId":"24120300001308","appId":"8241201350","order":"P2025082816454310343227465","sign":"9756B32E20E5FF95B7C17DE3C1F8945D"}

【2025-08-28 17:04:16】
P2025082816454310343227465----返回：{"code":"000000","msg":"P2025082816454310343227465","data":{"date":"2025-08-28 16:45:45","eid":"E45756448202508281945UzuRxQnN0O9","amount":"41.09","name":"Angela Maria dos Santos Vieira","cpf":"14793128866","bankname":"null","payBank":"","payCpf":"","pixkey":"14793128866","account":"382534865","status":"done","order":"A20250828164543159698e5vxieq18"},"sign":"1DE1E68A78E2635F95B1BA82EFAF261A"}

【2025-08-28 17:04:19】
P2025082816454310343227465----提交：{"custId":"24120300001308","appId":"8241201350","order":"P2025082816454310343227465","sign":"9756B32E20E5FF95B7C17DE3C1F8945D"}

【2025-08-28 17:04:19】
P2025082816454310343227465----返回：{"code":"000000","msg":"P2025082816454310343227465","data":{"date":"2025-08-28 16:45:45","eid":"E45756448202508281945UzuRxQnN0O9","amount":"41.09","name":"Angela Maria dos Santos Vieira","cpf":"14793128866","bankname":"null","payBank":"","payCpf":"","pixkey":"14793128866","account":"382534865","status":"done","order":"A20250828164543159698e5vxieq18"},"sign":"1DE1E68A78E2635F95B1BA82EFAF261A"}

【2025-08-28 17:09:24】
P2025082816064708007267186----提交：{"custId":"24120300001308","appId":"8241201350","order":"P2025082816064708007267186","sign":"8ED25F5F80C246B4982F41DBB18042E8"}

【2025-08-28 17:09:25】
P2025082816064708007267186----返回：{"code":"000000","msg":"P2025082816064708007267186","data":{"date":"2025-08-28 16:06:50","eid":"E457564482025082819069FORot1nW0S","amount":"400","name":"THAYNA GABRIELE DA SILVA SANTOS","cpf":"11727657900","bankname":"null","payBank":"","payCpf":"","pixkey":"11727657900","account":"10047052","status":"done","order":"A20250828160647745524bBInxTkd9"},"sign":"90806549DF206ECDD0BA75B16954E01D"}

【2025-08-28 17:09:32】
P2025082816064708007267186----提交：{"custId":"24120300001308","appId":"8241201350","order":"P2025082816064708007267186","sign":"8ED25F5F80C246B4982F41DBB18042E8"}

【2025-08-28 17:09:32】
P2025082816064708007267186----返回：{"code":"000000","msg":"P2025082816064708007267186","data":{"date":"2025-08-28 16:06:50","eid":"E457564482025082819069FORot1nW0S","amount":"400","name":"THAYNA GABRIELE DA SILVA SANTOS","cpf":"11727657900","bankname":"null","payBank":"","payCpf":"","pixkey":"11727657900","account":"10047052","status":"done","order":"A20250828160647745524bBInxTkd9"},"sign":"90806549DF206ECDD0BA75B16954E01D"}

【2025-08-28 17:21:05】
P2025082813383999119722059----提交：{"custId":"24120300001308","appId":"8241201350","order":"P2025082813383999119722059","sign":"0B16BC3F2AF1DAA71414BF35A092419D"}

【2025-08-28 17:21:05】
P2025082813383999119722059----返回：{"code":"000000","msg":"P2025082813383999119722059","data":{"date":"2025-08-28 13:38:44","eid":"E35713491202508281638410421dca7f","amount":"100","name":"ANTONIA ALANA RUFINO DA SILVA","cpf":"07800413306","bankname":"NOVABET OFICIAL","payBank":"","payCpf":"","pixkey":"07800413306","account":"00416968","status":"done","order":"A202508281338405426449Dla4e7KK"},"sign":"7495041C1ED95BAA26434A6B041554A8"}

【2025-08-28 17:39:41】
P2025082816242109061151686----提交：{"custId":"24120300001308","appId":"8241201350","order":"P2025082816242109061151686","sign":"23CA71745F5CAB157F456A5AF105A442"}

【2025-08-28 17:39:41】
P2025082816242109061151686----返回：{"code":"000000","msg":"P2025082816242109061151686","data":{"date":"2025-08-28 16:24:23","eid":"E3571349120250828192421669f17341","amount":"40","name":"Maria Luana de Oliveira","cpf":"70337825432","bankname":"NOVABET OFICIAL","payBank":"","payCpf":"","pixkey":"70337825432","account":"18236120","status":"done","order":"A20250828162421314919qr8SIaxiC"},"sign":"E42ADDD50AF77D267C6161FA358E3AC8"}

【2025-08-28 17:39:44】
P2025082816242109061151686----提交：{"custId":"24120300001308","appId":"8241201350","order":"P2025082816242109061151686","sign":"23CA71745F5CAB157F456A5AF105A442"}

【2025-08-28 17:39:44】
P2025082816242109061151686----返回：{"code":"000000","msg":"P2025082816242109061151686","data":{"date":"2025-08-28 16:24:23","eid":"E3571349120250828192421669f17341","amount":"40","name":"Maria Luana de Oliveira","cpf":"70337825432","bankname":"NOVABET OFICIAL","payBank":"","payCpf":"","pixkey":"70337825432","account":"18236120","status":"done","order":"A20250828162421314919qr8SIaxiC"},"sign":"E42ADDD50AF77D267C6161FA358E3AC8"}

