【2025-08-28 13:07:10】
P2025082813005196851771946----提交：{"custId":"24120300001308","appId":"8241201350","order":"P2025082813005196851771946","sign":"7C193AE645E7941FD00B0144D0752524"}

【2025-08-28 13:07:10】
P2025082813005196851771946----返回：{"code":"000000","msg":"P2025082813005196851771946","data":{"date":"2025-08-28 13:02:05","eid":"E45756448202508281602icwqmoM5yUe","amount":"7100","name":"CINTIA DE AVILA","cpf":"7277387988","bankname":"null","payBank":"","payCpf":"","pixkey":"07277387988","account":"326597","status":"done","order":"A20250828130201917208VtNQQqGTQ"},"sign":"9503BD7F977270DEF2078029C9F50842"}

【2025-08-28 13:14:32】
P2025082813134297622149252----提交：{"custId":"24120300001308","appId":"8241201350","order":"P2025082813134297622149252","sign":"4AF45297E88B2673B9FE0D36C9EF3261"}

【2025-08-28 13:14:33】
P2025082813134297622149252----返回：{"code":"000000","msg":"P2025082813134297622149252","data":{"date":"2025-08-28 13:14:05","eid":"E45756448202508281614E5Ul0chvkES","amount":"2000","name":"CLAUDIO MARCOS DE OLIVEIRA","cpf":"14611602869","bankname":"null","payBank":"","payCpf":"","pixkey":"+5511962883142","account":"384294839","status":"done","order":"A20250828131402781493qRhXCe3E8"},"sign":"F8F827C4CE04A978CCDFC1B432A8D843"}

【2025-08-28 13:14:34】
P2025082813134297622149252----提交：{"custId":"24120300001308","appId":"8241201350","order":"P2025082813134297622149252","sign":"4AF45297E88B2673B9FE0D36C9EF3261"}

【2025-08-28 13:14:35】
P2025082813134297622149252----返回：{"code":"000000","msg":"P2025082813134297622149252","data":{"date":"2025-08-28 13:14:05","eid":"E45756448202508281614E5Ul0chvkES","amount":"2000","name":"CLAUDIO MARCOS DE OLIVEIRA","cpf":"14611602869","bankname":"null","payBank":"","payCpf":"","pixkey":"+5511962883142","account":"384294839","status":"done","order":"A20250828131402781493qRhXCe3E8"},"sign":"F8F827C4CE04A978CCDFC1B432A8D843"}

【2025-08-28 13:23:00】
P2025082813184597925054499----提交：{"custId":"24120300001308","appId":"8241201350","order":"P2025082813184597925054499","sign":"A9A283497CCC5E225A5EC0E585947943"}

【2025-08-28 13:23:00】
P2025082813184597925054499----返回：{"code":"000000","msg":"P2025082813184597925054499","data":{"date":"2025-08-28 13:18:47","eid":"E45756448202508281618eYhBnCPzU2f","amount":"70","name":"Regina Cristiane Rodrigues","cpf":"1452065055","bankname":"null","payBank":"","payCpf":"","pixkey":"01452065055","account":"845518427","status":"done","order":"A20250828131845529846AWTcFCSci"},"sign":"10BD7A017C1230517862727F59CF02A0"}

【2025-08-28 13:23:02】
P2025082813184597925054499----提交：{"custId":"24120300001308","appId":"8241201350","order":"P2025082813184597925054499","sign":"A9A283497CCC5E225A5EC0E585947943"}

【2025-08-28 13:23:02】
P2025082813184597925054499----返回：{"code":"000000","msg":"P2025082813184597925054499","data":{"date":"2025-08-28 13:18:47","eid":"E45756448202508281618eYhBnCPzU2f","amount":"70","name":"Regina Cristiane Rodrigues","cpf":"1452065055","bankname":"null","payBank":"","payCpf":"","pixkey":"01452065055","account":"845518427","status":"done","order":"A20250828131845529846AWTcFCSci"},"sign":"10BD7A017C1230517862727F59CF02A0"}

【2025-08-28 13:41:28】
P2025082813383999119722059----提交：{"custId":"24120300001308","appId":"8241201350","order":"P2025082813383999119722059","sign":"0B16BC3F2AF1DAA71414BF35A092419D"}

【2025-08-28 13:41:28】
P2025082813383999119722059----返回：{"code":"000000","msg":"P2025082813383999119722059","data":{"date":"2025-08-28 13:38:44","eid":"E35713491202508281638410421dca7f","amount":"100","name":"ANTONIA ALANA RUFINO DA SILVA","cpf":"07800413306","bankname":"NOVABET OFICIAL","payBank":"","payCpf":"","pixkey":"07800413306","account":"00416968","status":"done","order":"A202508281338405426449Dla4e7KK"},"sign":"7495041C1ED95BAA26434A6B041554A8"}

【2025-08-28 13:41:33】
P2025082813383999119722059----提交：{"custId":"24120300001308","appId":"8241201350","order":"P2025082813383999119722059","sign":"0B16BC3F2AF1DAA71414BF35A092419D"}

【2025-08-28 13:41:33】
P2025082813383999119722059----返回：{"code":"000000","msg":"P2025082813383999119722059","data":{"date":"2025-08-28 13:38:44","eid":"E35713491202508281638410421dca7f","amount":"100","name":"ANTONIA ALANA RUFINO DA SILVA","cpf":"07800413306","bankname":"NOVABET OFICIAL","payBank":"","payCpf":"","pixkey":"07800413306","account":"00416968","status":"done","order":"A202508281338405426449Dla4e7KK"},"sign":"7495041C1ED95BAA26434A6B041554A8"}

【2025-08-28 13:41:36】
P2025082813383999119722059----提交：{"custId":"24120300001308","appId":"8241201350","order":"P2025082813383999119722059","sign":"0B16BC3F2AF1DAA71414BF35A092419D"}

【2025-08-28 13:41:37】
P2025082813383999119722059----返回：{"code":"000000","msg":"P2025082813383999119722059","data":{"date":"2025-08-28 13:38:44","eid":"E35713491202508281638410421dca7f","amount":"100","name":"ANTONIA ALANA RUFINO DA SILVA","cpf":"07800413306","bankname":"NOVABET OFICIAL","payBank":"","payCpf":"","pixkey":"07800413306","account":"00416968","status":"done","order":"A202508281338405426449Dla4e7KK"},"sign":"7495041C1ED95BAA26434A6B041554A8"}

【2025-08-28 13:41:37】
P2025082813383999119722059----提交：{"custId":"24120300001308","appId":"8241201350","order":"P2025082813383999119722059","sign":"0B16BC3F2AF1DAA71414BF35A092419D"}

【2025-08-28 13:41:38】
P2025082813383999119722059----返回：{"code":"000000","msg":"P2025082813383999119722059","data":{"date":"2025-08-28 13:38:44","eid":"E35713491202508281638410421dca7f","amount":"100","name":"ANTONIA ALANA RUFINO DA SILVA","cpf":"07800413306","bankname":"NOVABET OFICIAL","payBank":"","payCpf":"","pixkey":"07800413306","account":"00416968","status":"done","order":"A202508281338405426449Dla4e7KK"},"sign":"7495041C1ED95BAA26434A6B041554A8"}

