【2025-08-28 15:17:51】
P2025082815110704667081855----提交：{"custId":"24120300001308","appId":"8241201350","order":"P2025082815110704667081855","sign":"0659C67210DA472E800DA34CBAE0E8B0"}

【2025-08-28 15:17:51】
P2025082815110704667081855----返回：{"code":"000000","msg":"P2025082815110704667081855","data":{"date":"2025-08-28 15:17:00","eid":"E357134912025082818165756608a2c6","amount":"100","name":"JOAO PEDRO AQUINO MONTEIRO","cpf":"10981255175","bankname":"NOVABET OFICIAL","payBank":"","payCpf":"","pixkey":"10981255175","account":"60701190","status":"done","order":"A20250828151107446887WI5rMa4cf"},"sign":"A7DE2C58ED522B35AC04FDC8C1C07423"}

【2025-08-28 15:30:07】
P2025082814432703007852425----提交：{"custId":"24120300001308","appId":"8241201350","order":"P2025082814432703007852425","sign":"CE6A70AD45E846A46E73CED058728162"}

【2025-08-28 15:30:07】
P2025082814432703007852425----返回：{"code":"000000","msg":"P2025082814432703007852425","data":{"date":"2025-08-28 14:43:29","eid":"E35713491202508281743279474eb052","amount":"100","name":"MAIKON VITOR SAMPAIO","cpf":"10237766345","bankname":"NOVABET OFICIAL","payBank":"","payCpf":"","pixkey":"10237766345","account":"60746948","status":"done","order":"A20250828144327145321sFLXEpBnB"},"sign":"2B2B99498FE8B0032C367FFA92A0A74D"}

【2025-08-28 15:30:10】
P2025082814432703007852425----提交：{"custId":"24120300001308","appId":"8241201350","order":"P2025082814432703007852425","sign":"CE6A70AD45E846A46E73CED058728162"}

【2025-08-28 15:30:11】
P2025082814432703007852425----返回：{"code":"000000","msg":"P2025082814432703007852425","data":{"date":"2025-08-28 14:43:29","eid":"E35713491202508281743279474eb052","amount":"100","name":"MAIKON VITOR SAMPAIO","cpf":"10237766345","bankname":"NOVABET OFICIAL","payBank":"","payCpf":"","pixkey":"10237766345","account":"60746948","status":"done","order":"A20250828144327145321sFLXEpBnB"},"sign":"2B2B99498FE8B0032C367FFA92A0A74D"}

【2025-08-28 15:34:15】
P2025082815213305293114401----提交：{"custId":"24120300001308","appId":"8241201350","order":"P2025082815213305293114401","sign":"A07A9DDAAE83C7F5741B7E38EC9FC849"}

【2025-08-28 15:34:15】
P2025082815213305293114401----返回：{"code":"000000","msg":"P2025082815213305293114401","data":{"date":"2025-08-28 15:21:36","eid":"E3571349120250828182133655f47552","amount":"40","name":"MATHEUS NASCIMENTO PRATES","cpf":"46710962857","bankname":"NOVABET OFICIAL","payBank":"","payCpf":"","pixkey":"11958882547","account":"90400888","status":"done","order":"A202508281521337000228YJsLVHsr"},"sign":"48472197D227E7D0A7542A9447C9F18E"}

【2025-08-28 15:34:16】
P2025082815213305293114401----提交：{"custId":"24120300001308","appId":"8241201350","order":"P2025082815213305293114401","sign":"A07A9DDAAE83C7F5741B7E38EC9FC849"}

【2025-08-28 15:34:16】
P2025082815213305293114401----返回：{"code":"000000","msg":"P2025082815213305293114401","data":{"date":"2025-08-28 15:21:36","eid":"E3571349120250828182133655f47552","amount":"40","name":"MATHEUS NASCIMENTO PRATES","cpf":"46710962857","bankname":"NOVABET OFICIAL","payBank":"","payCpf":"","pixkey":"11958882547","account":"90400888","status":"done","order":"A202508281521337000228YJsLVHsr"},"sign":"48472197D227E7D0A7542A9447C9F18E"}

