【2025-08-28 22:03:53】
P2025082819532221602877128----提交：{"custId":"24120300001308","appId":"8241201350","order":"P2025082819532221602877128","sign":"0694B4951F6BEBDBD539A2AF29E5955F"}

【2025-08-28 22:03:53】
P2025082819532221602877128----返回：{"code":"000000","msg":"P2025082819532221602877128","data":{"date":"2025-08-28 19:53:25","eid":"E3571349120250828225323629c0f5e9","amount":"300","name":"Luciana Bento Duarte","cpf":"04924623997","bankname":"NOVABET OFICIAL","payBank":"","payCpf":"","pixkey":"43999534189","account":"18236120","status":"done","order":"A20250828195323930708liV3vt6gi"},"sign":"C593075C08B07A29E6866E52FE36FE29"}

【2025-08-28 22:06:14】
P2025082820472324843873136----提交：{"custId":"24120300001308","appId":"8241201350","order":"P2025082820472324843873136","sign":"EAE23AB057329202CC2A8994473DE780"}

【2025-08-28 22:06:14】
P2025082820472324843873136----返回：{"code":"000000","msg":"P2025082820472324843873136","data":{"date":"2025-08-28 20:47:27","eid":"E3571349120250828234724208304423","amount":"20","name":"MARCO ANTONIO BRASIL EMILIANO","cpf":"22390842780","bankname":"NOVABET OFICIAL","payBank":"","payCpf":"","pixkey":"22390842780","account":"90400888","status":"done","order":"A20250828204723750293CRR32bJpS"},"sign":"F9C1F48B8C147FEAAF62CFC0E4C3097D"}

【2025-08-28 22:22:21】
P2025082821413728097454703----提交：{"custId":"24120300001308","appId":"8241201350","order":"P2025082821413728097454703","sign":"C4829F291622F6CBD4116542C67CF6B1"}

【2025-08-28 22:22:21】
P2025082821413728097454703----返回：{"code":"000000","msg":"P2025082821413728097454703","data":{"date":"2025-08-28 21:41:41","eid":"E45756448202508290041tLD3XP6HUkS","amount":"60","name":"Helio Epifanio De Oliveira","cpf":"13234899835","bankname":"null","payBank":"","payCpf":"","pixkey":"15996712626","account":"818375027","status":"done","order":"A20250828214137829640gU9yyyees"},"sign":"9392C9C1B88DEFC94EB2A1A2AD19E817"}

【2025-08-28 22:22:28】
P2025082821413728097454703----提交：{"custId":"24120300001308","appId":"8241201350","order":"P2025082821413728097454703","sign":"C4829F291622F6CBD4116542C67CF6B1"}

【2025-08-28 22:22:29】
P2025082821413728097454703----返回：{"code":"000000","msg":"P2025082821413728097454703","data":{"date":"2025-08-28 21:41:41","eid":"E45756448202508290041tLD3XP6HUkS","amount":"60","name":"Helio Epifanio De Oliveira","cpf":"13234899835","bankname":"null","payBank":"","payCpf":"","pixkey":"15996712626","account":"818375027","status":"done","order":"A20250828214137829640gU9yyyees"},"sign":"9392C9C1B88DEFC94EB2A1A2AD19E817"}

【2025-08-28 22:31:19】
P2025082822253430734054685----提交：{"custId":"24120300001308","appId":"8241201350","order":"P2025082822253430734054685","sign":"102E69793892A2CB2AEF3A94459B8119"}

【2025-08-28 22:31:19】
P2025082822253430734054685----返回：{"code":"000000","msg":"P2025082822253430734054685","data":{"date":"2025-08-28 22:25:37","eid":"E45756448202508290125GlLGYryFQUQ","amount":"200","name":"Rosileide Ferreira Lima Santos","cpf":"1118616596","bankname":"null","payBank":"","payCpf":"","pixkey":"01118616596","account":"742256405","status":"done","order":"A20250828222534382482UzmDSRtub"},"sign":"6D70181F22E745AA6EE81455640FD6C9"}

【2025-08-28 22:31:23】
P2025082822253430734054685----提交：{"custId":"24120300001308","appId":"8241201350","order":"P2025082822253430734054685","sign":"102E69793892A2CB2AEF3A94459B8119"}

【2025-08-28 22:31:23】
P2025082822253430734054685----返回：{"code":"000000","msg":"P2025082822253430734054685","data":{"date":"2025-08-28 22:25:37","eid":"E45756448202508290125GlLGYryFQUQ","amount":"200","name":"Rosileide Ferreira Lima Santos","cpf":"1118616596","bankname":"null","payBank":"","payCpf":"","pixkey":"01118616596","account":"742256405","status":"done","order":"A20250828222534382482UzmDSRtub"},"sign":"6D70181F22E745AA6EE81455640FD6C9"}

【2025-08-28 22:40:51】
P2025082822400531605235099----提交：{"custId":"24120300001308","appId":"8241201350","order":"P2025082822400531605235099","sign":"7C76AF310334F601C3FE24045243A45A"}

【2025-08-28 22:40:51】
P2025082822400531605235099----返回：{"code":"000000","msg":"P2025082822400531605235099","data":{"date":"2025-08-28 22:40:08","eid":"E45756448202508290140XA5gc5MljkC","amount":"50","name":"Jefferson Ferreira Fernandes Pereira","cpf":"11425834906","bankname":"null","payBank":"","payCpf":"","pixkey":"11425834906","account":"588610436","status":"done","order":"A202508282240065686527V2Auaxf3"},"sign":"47E65833D10BC39011DEBAA4184F2E65"}

【2025-08-28 22:40:55】
P2025082822400531605235099----提交：{"custId":"24120300001308","appId":"8241201350","order":"P2025082822400531605235099","sign":"7C76AF310334F601C3FE24045243A45A"}

【2025-08-28 22:40:56】
P2025082822400531605235099----返回：{"code":"000000","msg":"P2025082822400531605235099","data":{"date":"2025-08-28 22:40:08","eid":"E45756448202508290140XA5gc5MljkC","amount":"50","name":"Jefferson Ferreira Fernandes Pereira","cpf":"11425834906","bankname":"null","payBank":"","payCpf":"","pixkey":"11425834906","account":"588610436","status":"done","order":"A202508282240065686527V2Auaxf3"},"sign":"47E65833D10BC39011DEBAA4184F2E65"}

【2025-08-28 22:57:30】
P2025082822261730777594389----提交：{"custId":"24120300001308","appId":"8241201350","order":"P2025082822261730777594389","sign":"2733C5D4188A5E44CC49545706FC4011"}

【2025-08-28 22:57:30】
P2025082822261730777594389----返回：{"code":"000000","msg":"P2025082822261730777594389","data":{"date":"2025-08-28 22:26:20","eid":"E45756448202508290126NIYsiHzwJEG","amount":"44","name":"RHUAN ALBERTO ELIAS DA SILVA","cpf":"13988686719","bankname":"null","payBank":"","payCpf":"","pixkey":"21981580381","account":"12880000009122207142","status":"done","order":"A20250828222617696674q5ChtLkhh"},"sign":"1ABD7C85F81020522994704F82D96E43"}

【2025-08-28 22:57:32】
P2025082822261730777594389----提交：{"custId":"24120300001308","appId":"8241201350","order":"P2025082822261730777594389","sign":"2733C5D4188A5E44CC49545706FC4011"}

【2025-08-28 22:57:33】
P2025082822261730777594389----返回：{"code":"000000","msg":"P2025082822261730777594389","data":{"date":"2025-08-28 22:26:20","eid":"E45756448202508290126NIYsiHzwJEG","amount":"44","name":"RHUAN ALBERTO ELIAS DA SILVA","cpf":"13988686719","bankname":"null","payBank":"","payCpf":"","pixkey":"21981580381","account":"12880000009122207142","status":"done","order":"A20250828222617696674q5ChtLkhh"},"sign":"1ABD7C85F81020522994704F82D96E43"}

