【2025-08-28 20:30:05】
P2025082820013022090768761----提交：{"custId":"24120300001308","appId":"8241201350","order":"P2025082820013022090768761","sign":"446D51FE00B61007EF75E3FB2CECD436"}

【2025-08-28 20:30:05】
P2025082820013022090768761----返回：{"code":"000000","msg":"P2025082820013022090768761","data":{"date":"2025-08-28 20:01:35","eid":"E3571349120250828230131399a29b6b","amount":"70","name":"LIVIA VITORIA XAVIER DA SILVA","cpf":"15415188452","bankname":"NOVABET OFICIAL","payBank":"","payCpf":"","pixkey":"82981562531","account":"90400888","status":"done","order":"A20250828200130902445Tn9IY6qiC"},"sign":"52C899CA55E76091639160C1C679E1B5"}

【2025-08-28 20:30:07】
P2025082820013022090768761----提交：{"custId":"24120300001308","appId":"8241201350","order":"P2025082820013022090768761","sign":"446D51FE00B61007EF75E3FB2CECD436"}

【2025-08-28 20:30:08】
P2025082820013022090768761----返回：{"code":"000000","msg":"P2025082820013022090768761","data":{"date":"2025-08-28 20:01:35","eid":"E3571349120250828230131399a29b6b","amount":"70","name":"LIVIA VITORIA XAVIER DA SILVA","cpf":"15415188452","bankname":"NOVABET OFICIAL","payBank":"","payCpf":"","pixkey":"82981562531","account":"90400888","status":"done","order":"A20250828200130902445Tn9IY6qiC"},"sign":"52C899CA55E76091639160C1C679E1B5"}

【2025-08-28 20:37:54】
P2025082820074122461305683----提交：{"custId":"24120300001308","appId":"8241201350","order":"P2025082820074122461305683","sign":"8AE09005DF62244DA5898A2D138307A8"}

【2025-08-28 20:37:54】
P2025082820074122461305683----返回：{"code":"000000","msg":"P2025082820074122461305683","data":{"date":"2025-08-28 20:07:44","eid":"E357134912025082823074266064e2d5","amount":"40","name":"Luciana dos Reis Cardoso","cpf":"00165830271","bankname":"NOVABET OFICIAL","payBank":"","payCpf":"","pixkey":"91984809300","account":"20855875","status":"done","order":"A202508282007427192453SNwjHkzz"},"sign":"0FA8EF4FD53DA3EC0DFD276023D35E78"}

【2025-08-28 20:38:01】
P2025082820074122461305683----提交：{"custId":"24120300001308","appId":"8241201350","order":"P2025082820074122461305683","sign":"8AE09005DF62244DA5898A2D138307A8"}

【2025-08-28 20:38:02】
P2025082820074122461305683----返回：{"code":"000000","msg":"P2025082820074122461305683","data":{"date":"2025-08-28 20:07:44","eid":"E357134912025082823074266064e2d5","amount":"40","name":"Luciana dos Reis Cardoso","cpf":"00165830271","bankname":"NOVABET OFICIAL","payBank":"","payCpf":"","pixkey":"91984809300","account":"20855875","status":"done","order":"A202508282007427192453SNwjHkzz"},"sign":"0FA8EF4FD53DA3EC0DFD276023D35E78"}

【2025-08-28 20:46:05】
P2025082820395324393301902----提交：{"custId":"24120300001308","appId":"8241201350","order":"P2025082820395324393301902","sign":"5A3F348C72DF009BA184F56A7E98ADFA"}

【2025-08-28 20:46:06】
P2025082820395324393301902----返回：{"code":"000000","msg":"P2025082820395324393301902","data":{"date":"2025-08-28 20:39:56","eid":"E3571349120250828233954503ebfb33","amount":"50","name":"LUIZ ADRIANO TEIXEIRA FEITOSA","cpf":"02817524438","bankname":"NOVABET OFICIAL","payBank":"","payCpf":"","pixkey":"82993347260","account":"60701190","status":"done","order":"A20250828203954009660xApFAb4Aj"},"sign":"AF8927C51C58176DD51A45E7DEA616AA"}

【2025-08-28 20:46:07】
P2025082820395324393301902----提交：{"custId":"24120300001308","appId":"8241201350","order":"P2025082820395324393301902","sign":"5A3F348C72DF009BA184F56A7E98ADFA"}

【2025-08-28 20:46:07】
P2025082820395324393301902----返回：{"code":"000000","msg":"P2025082820395324393301902","data":{"date":"2025-08-28 20:39:56","eid":"E3571349120250828233954503ebfb33","amount":"50","name":"LUIZ ADRIANO TEIXEIRA FEITOSA","cpf":"02817524438","bankname":"NOVABET OFICIAL","payBank":"","payCpf":"","pixkey":"82993347260","account":"60701190","status":"done","order":"A20250828203954009660xApFAb4Aj"},"sign":"AF8927C51C58176DD51A45E7DEA616AA"}

【2025-08-28 20:46:10】
P2025082820395324393301902----提交：{"custId":"24120300001308","appId":"8241201350","order":"P2025082820395324393301902","sign":"5A3F348C72DF009BA184F56A7E98ADFA"}

【2025-08-28 20:46:10】
P2025082820395324393301902----返回：{"code":"000000","msg":"P2025082820395324393301902","data":{"date":"2025-08-28 20:39:56","eid":"E3571349120250828233954503ebfb33","amount":"50","name":"LUIZ ADRIANO TEIXEIRA FEITOSA","cpf":"02817524438","bankname":"NOVABET OFICIAL","payBank":"","payCpf":"","pixkey":"82993347260","account":"60701190","status":"done","order":"A20250828203954009660xApFAb4Aj"},"sign":"AF8927C51C58176DD51A45E7DEA616AA"}

【2025-08-28 20:47:47】
P2025082819481221292359806----提交：{"custId":"24120300001308","appId":"8241201350","order":"P2025082819481221292359806","sign":"54333F781457B2ED0A1174B4A107B480"}

【2025-08-28 20:47:47】
P2025082819481221292359806----返回：{"code":"000000","msg":"P2025082819481221292359806","data":{"date":"2025-08-28 19:48:14","eid":"E3571349120250828224812769d6b2fc","amount":"30","name":"Mariana Rocha Barros","cpf":"62448657319","bankname":"NOVABET OFICIAL","payBank":"","payCpf":"","pixkey":"62448657319","account":"18236120","status":"done","order":"A20250828194812446569rfpiD6DIT"},"sign":"F9851E1B86E235DADB0F1B6BB82521C1"}

【2025-08-28 20:47:49】
P2025082819481221292359806----提交：{"custId":"24120300001308","appId":"8241201350","order":"P2025082819481221292359806","sign":"54333F781457B2ED0A1174B4A107B480"}

【2025-08-28 20:47:50】
P2025082819481221292359806----返回：{"code":"000000","msg":"P2025082819481221292359806","data":{"date":"2025-08-28 19:48:14","eid":"E3571349120250828224812769d6b2fc","amount":"30","name":"Mariana Rocha Barros","cpf":"62448657319","bankname":"NOVABET OFICIAL","payBank":"","payCpf":"","pixkey":"62448657319","account":"18236120","status":"done","order":"A20250828194812446569rfpiD6DIT"},"sign":"F9851E1B86E235DADB0F1B6BB82521C1"}

【2025-08-28 20:49:47】
P2025082820262223582554630----提交：{"custId":"24120300001308","appId":"8241201350","order":"P2025082820262223582554630","sign":"EF4B8778746B2CA32835E6CA87017FC8"}

【2025-08-28 20:49:47】
P2025082820262223582554630----返回：{"code":"000000","msg":"P2025082820262223582554630","data":{"date":"2025-08-28 20:26:26","eid":"E357134912025082823262287021d636","amount":"50","name":"Sheila de Almeida Cabral","cpf":"00607427124","bankname":"NOVABET OFICIAL","payBank":"","payCpf":"","pixkey":"61986357058","account":"10573521","status":"done","order":"A20250828202622377159gBXgFQBTg"},"sign":"6087AB373590CA293207F9D72803D684"}

【2025-08-28 20:49:50】
P2025082820262223582554630----提交：{"custId":"24120300001308","appId":"8241201350","order":"P2025082820262223582554630","sign":"EF4B8778746B2CA32835E6CA87017FC8"}

【2025-08-28 20:49:51】
P2025082820262223582554630----返回：{"code":"000000","msg":"P2025082820262223582554630","data":{"date":"2025-08-28 20:26:26","eid":"E357134912025082823262287021d636","amount":"50","name":"Sheila de Almeida Cabral","cpf":"00607427124","bankname":"NOVABET OFICIAL","payBank":"","payCpf":"","pixkey":"61986357058","account":"10573521","status":"done","order":"A20250828202622377159gBXgFQBTg"},"sign":"6087AB373590CA293207F9D72803D684"}

