【2025-08-28 11:08:40】
P2025081507262253582959650----提交：{"custId":"24120300001308","appId":"8241201350","order":"P2025081507262253582959650","sign":"028A4A153674441546C3AF541F687C9F"}

【2025-08-28 11:08:40】
P2025081507262253582959650----返回：{"code":"000000","msg":"P2025081507262253582959650","data":{"date":"2025-08-15 07:26:28","eid":"E45756448202508151026IYYGbBdtEmT","amount":"24","name":"ILDA BERNARDES NEVES","cpf":"49147714620","bankname":"null","payBank":"","payCpf":"","pixkey":"ildabernardes14@gmail.com","account":"10367604","status":"done","order":"A20250815072622673690Tux3vZlxz"},"sign":"E7917D5A94FFD8F835F5536C23A07868"}

【2025-08-28 11:08:44】
P2025081507262253582959650----提交：{"custId":"24120300001308","appId":"8241201350","order":"P2025081507262253582959650","sign":"028A4A153674441546C3AF541F687C9F"}

【2025-08-28 11:08:44】
P2025081507262253582959650----返回：{"code":"000000","msg":"P2025081507262253582959650","data":{"date":"2025-08-15 07:26:28","eid":"E45756448202508151026IYYGbBdtEmT","amount":"24","name":"ILDA BERNARDES NEVES","cpf":"49147714620","bankname":"null","payBank":"","payCpf":"","pixkey":"ildabernardes14@gmail.com","account":"10367604","status":"done","order":"A20250815072622673690Tux3vZlxz"},"sign":"E7917D5A94FFD8F835F5536C23A07868"}

【2025-08-28 11:15:29】
P2025082811143590475041787----提交：{"custId":"24120300001308","appId":"8241201350","order":"P2025082811143590475041787","sign":"17179D3BA7690B1D7BAF2D2B4E336B8D"}

【2025-08-28 11:15:29】
P2025082811143590475041787----返回：{"code":"000000","msg":"P2025082811143590475041787","data":{"date":"2025-08-28 11:14:37","eid":"E3571349120250828141435651ee79e5","amount":"20","name":"Angela Rodrigues Lima","cpf":"34058806885","bankname":"NOVABET OFICIAL","payBank":"","payCpf":"","pixkey":"34058806885","account":"22896431","status":"done","order":"A20250828111435681437nftMDNytE"},"sign":"07A960917431A4DDA10BD2D46C5A9510"}

【2025-08-28 11:15:32】
P2025082811143590475041787----提交：{"custId":"24120300001308","appId":"8241201350","order":"P2025082811143590475041787","sign":"17179D3BA7690B1D7BAF2D2B4E336B8D"}

【2025-08-28 11:15:32】
P2025082811143590475041787----返回：{"code":"000000","msg":"P2025082811143590475041787","data":{"date":"2025-08-28 11:14:37","eid":"E3571349120250828141435651ee79e5","amount":"20","name":"Angela Rodrigues Lima","cpf":"34058806885","bankname":"NOVABET OFICIAL","payBank":"","payCpf":"","pixkey":"34058806885","account":"22896431","status":"done","order":"A20250828111435681437nftMDNytE"},"sign":"07A960917431A4DDA10BD2D46C5A9510"}

【2025-08-28 11:54:02】
P2025082811530592785527470----提交：{"custId":"24120300001308","appId":"8241201350","order":"P2025082811530592785527470","sign":"4E54B1287F995313AEC6133169A9236D"}

【2025-08-28 11:54:02】
P2025082811530592785527470----返回：{"code":"000000","msg":"P2025082811530592785527470","data":{"date":"2025-08-28 11:53:08","eid":"E3571349120250828145306066f372dd","amount":"70","name":"MATEUS BELIZARIO PAZ","cpf":"06246925235","bankname":"NOVABET OFICIAL","payBank":"","payCpf":"","pixkey":"06246925235","account":"60746948","status":"done","order":"A20250828115305653211PeIJ75AJZ"},"sign":"6FF92FFE47E1D58ED1BBAF16550305EA"}

【2025-08-28 11:54:09】
P2025082811530592785527470----提交：{"custId":"24120300001308","appId":"8241201350","order":"P2025082811530592785527470","sign":"4E54B1287F995313AEC6133169A9236D"}

【2025-08-28 11:54:09】
P2025082811530592785527470----返回：{"code":"000000","msg":"P2025082811530592785527470","data":{"date":"2025-08-28 11:53:08","eid":"E3571349120250828145306066f372dd","amount":"70","name":"MATEUS BELIZARIO PAZ","cpf":"06246925235","bankname":"NOVABET OFICIAL","payBank":"","payCpf":"","pixkey":"06246925235","account":"60746948","status":"done","order":"A20250828115305653211PeIJ75AJZ"},"sign":"6FF92FFE47E1D58ED1BBAF16550305EA"}

