【2025-08-28 12:09:37】
P2025082812080493684884832----提交：{"custId":"24120300001308","appId":"8241201350","order":"P2025082812080493684884832","sign":"3B217A4A4D41015C0ED86E51A83551B3"}

【2025-08-28 12:09:37】
P2025082812080493684884832----返回：{"code":"000000","msg":"P2025082812080493684884832","data":{"date":"2025-08-28 12:09:05","eid":"E4575644820250828150968KgUX4VLkO","amount":"5000","name":"CARINE ALVES DOS SANTOS","cpf":"8042975503","bankname":"null","payBank":"","payCpf":"","pixkey":"08042975503","account":"2639025","status":"done","order":"A20250828120902125966dqCp8IS1W"},"sign":"CEDA962EE0AEDF1E8E52A76582B8FC39"}

【2025-08-28 12:09:41】
P2025082812080493684884832----提交：{"custId":"24120300001308","appId":"8241201350","order":"P2025082812080493684884832","sign":"3B217A4A4D41015C0ED86E51A83551B3"}

【2025-08-28 12:09:41】
P2025082812080493684884832----返回：{"code":"000000","msg":"P2025082812080493684884832","data":{"date":"2025-08-28 12:09:05","eid":"E4575644820250828150968KgUX4VLkO","amount":"5000","name":"CARINE ALVES DOS SANTOS","cpf":"8042975503","bankname":"null","payBank":"","payCpf":"","pixkey":"08042975503","account":"2639025","status":"done","order":"A20250828120902125966dqCp8IS1W"},"sign":"CEDA962EE0AEDF1E8E52A76582B8FC39"}

【2025-08-28 12:23:55】
P2025082812164494204044109----提交：{"custId":"24120300001308","appId":"8241201350","order":"P2025082812164494204044109","sign":"5F34C051570AEE1CED35BB69781F945E"}

【2025-08-28 12:23:55】
P2025082812164494204044109----返回：{"code":"000000","msg":"P2025082812164494204044109","data":{"date":"2025-08-28 12:16:48","eid":"E357134912025082815164426134c0dd","amount":"60","name":"SILVANA CARVALHO DE OLIVEIRA","cpf":"21696596769","bankname":"NOVABET OFICIAL","payBank":"","payCpf":"","pixkey":"21696596769","account":"90400888","status":"done","order":"A20250828121644807777HJiHU1FkX"},"sign":"5D2F9D2B48C9680C4EAAC056817D8F96"}

【2025-08-28 12:24:38】
P2025082812161594175233984----提交：{"custId":"24120300001308","appId":"8241201350","order":"P2025082812161594175233984","sign":"AF37FAAD8767BA7E7B8FC4A43B7A1B9D"}

【2025-08-28 12:24:38】
P2025082812161594175233984----返回：{"code":"000000","msg":"P2025082812161594175233984","data":{"date":"2025-08-28 12:16:17","eid":"E3571349120250828151615356d87b4a","amount":"25","name":"WESLEY PATRICK SOARES PADILHA","cpf":"11141213982","bankname":"NOVABET OFICIAL","payBank":"","payCpf":"","pixkey":"11141213982","account":"31872495","status":"done","order":"A20250828121615924034rCC8FA47Q"},"sign":"053A89EA2C47AE7AE0E2355E51E7D3D2"}

【2025-08-28 12:24:51】
P2025082812164494204044109----提交：{"custId":"24120300001308","appId":"8241201350","order":"P2025082812164494204044109","sign":"5F34C051570AEE1CED35BB69781F945E"}

【2025-08-28 12:24:51】
P2025082812164494204044109----返回：{"code":"000000","msg":"P2025082812164494204044109","data":{"date":"2025-08-28 12:16:48","eid":"E357134912025082815164426134c0dd","amount":"60","name":"SILVANA CARVALHO DE OLIVEIRA","cpf":"21696596769","bankname":"NOVABET OFICIAL","payBank":"","payCpf":"","pixkey":"21696596769","account":"90400888","status":"done","order":"A20250828121644807777HJiHU1FkX"},"sign":"5D2F9D2B48C9680C4EAAC056817D8F96"}

【2025-08-28 12:24:52】
P2025082812161594175233984----提交：{"custId":"24120300001308","appId":"8241201350","order":"P2025082812161594175233984","sign":"AF37FAAD8767BA7E7B8FC4A43B7A1B9D"}

【2025-08-28 12:24:52】
P2025082812161594175233984----返回：{"code":"000000","msg":"P2025082812161594175233984","data":{"date":"2025-08-28 12:16:17","eid":"E3571349120250828151615356d87b4a","amount":"25","name":"WESLEY PATRICK SOARES PADILHA","cpf":"11141213982","bankname":"NOVABET OFICIAL","payBank":"","payCpf":"","pixkey":"11141213982","account":"31872495","status":"done","order":"A20250828121615924034rCC8FA47Q"},"sign":"053A89EA2C47AE7AE0E2355E51E7D3D2"}

【2025-08-28 12:28:48】
P2025082812164494204044109----提交：{"custId":"24120300001308","appId":"8241201350","order":"P2025082812164494204044109","sign":"5F34C051570AEE1CED35BB69781F945E"}

【2025-08-28 12:28:48】
P2025082812164494204044109----返回：{"code":"000000","msg":"P2025082812164494204044109","data":{"date":"2025-08-28 12:16:48","eid":"E357134912025082815164426134c0dd","amount":"60","name":"SILVANA CARVALHO DE OLIVEIRA","cpf":"21696596769","bankname":"NOVABET OFICIAL","payBank":"","payCpf":"","pixkey":"21696596769","account":"90400888","status":"done","order":"A20250828121644807777HJiHU1FkX"},"sign":"5D2F9D2B48C9680C4EAAC056817D8F96"}

【2025-08-28 12:29:44】
P2025082812045193491084632----提交：{"custId":"24120300001308","appId":"8241201350","order":"P2025082812045193491084632","sign":"8C086F91FDF1ECAE395487E8C991D08D"}

【2025-08-28 12:29:44】
P2025082812045193491084632----返回：{"code":"000000","msg":"P2025082812045193491084632","data":{"date":"2025-08-28 12:04:54","eid":"E35713491202508281504524141b2230","amount":"43","name":"ROGERIO LIMEIRA DA SILVA","cpf":"33226388800","bankname":"NOVABET OFICIAL","payBank":"","payCpf":"","pixkey":"33226388800","account":"60701190","status":"done","order":"A20250828120451717690Dp7ibISET"},"sign":"534DF6B408EFA8D5DF7ED06CF9959F07"}

【2025-08-28 12:30:00】
P2025082812045193491084632----提交：{"custId":"24120300001308","appId":"8241201350","order":"P2025082812045193491084632","sign":"8C086F91FDF1ECAE395487E8C991D08D"}

【2025-08-28 12:30:00】
P2025082812045193491084632----返回：{"code":"000000","msg":"P2025082812045193491084632","data":{"date":"2025-08-28 12:04:54","eid":"E35713491202508281504524141b2230","amount":"43","name":"ROGERIO LIMEIRA DA SILVA","cpf":"33226388800","bankname":"NOVABET OFICIAL","payBank":"","payCpf":"","pixkey":"33226388800","account":"60701190","status":"done","order":"A20250828120451717690Dp7ibISET"},"sign":"534DF6B408EFA8D5DF7ED06CF9959F07"}

