【2025-08-28 08:15:26】
P2025082806182572705957521----提交：{"custId":"24120300001308","appId":"8241201350","order":"P2025082806182572705957521","sign":"FF1745ACED8AEA2C74750A0446E17AA4"}

【2025-08-28 08:15:26】
P2025082806182572705957521----返回：{"code":"000000","msg":"P2025082806182572705957521","data":{"date":"2025-08-28 06:18:28","eid":"E45756448202508280918NmDYm0Ni06H","amount":"240","name":"Luis Carlos Lopes","cpf":"5730419899","bankname":"null","payBank":"","payCpf":"","pixkey":"61981009540","account":"570184457","status":"done","order":"A20250828061825146099pyW7zBTk9"},"sign":"1C11DC10CB50B1C543AFAEE1F635E4C3"}

【2025-08-28 08:15:28】
P2025082806182572705957521----提交：{"custId":"24120300001308","appId":"8241201350","order":"P2025082806182572705957521","sign":"FF1745ACED8AEA2C74750A0446E17AA4"}

【2025-08-28 08:15:28】
P2025082806182572705957521----返回：{"code":"000000","msg":"P2025082806182572705957521","data":{"date":"2025-08-28 06:18:28","eid":"E45756448202508280918NmDYm0Ni06H","amount":"240","name":"Luis Carlos Lopes","cpf":"5730419899","bankname":"null","payBank":"","payCpf":"","pixkey":"61981009540","account":"570184457","status":"done","order":"A20250828061825146099pyW7zBTk9"},"sign":"1C11DC10CB50B1C543AFAEE1F635E4C3"}

【2025-08-28 08:22:29】
P2025082807585978739607756----提交：{"custId":"24120300001308","appId":"8241201350","order":"P2025082807585978739607756","sign":"6B3C738AC14FDB1037F3CDE04A088F8F"}

【2025-08-28 08:22:30】
P2025082807585978739607756----返回：{"code":"000000","msg":"P2025082807585978739607756","data":{"date":"2025-08-28 07:59:02","eid":"E45756448202508281058ltiSTiN8kyj","amount":"100","name":"Clarice Alves da Cunha Senes","cpf":"1974352200","bankname":"null","payBank":"","payCpf":"","pixkey":"22992879812","account":"69486179738","status":"done","order":"A20250828075859066683z1n3BGqkM"},"sign":"3AD251F613E53502D14842EEF6AE040D"}

【2025-08-28 08:22:33】
P2025082807585978739607756----提交：{"custId":"24120300001308","appId":"8241201350","order":"P2025082807585978739607756","sign":"6B3C738AC14FDB1037F3CDE04A088F8F"}

【2025-08-28 08:22:33】
P2025082807585978739607756----返回：{"code":"000000","msg":"P2025082807585978739607756","data":{"date":"2025-08-28 07:59:02","eid":"E45756448202508281058ltiSTiN8kyj","amount":"100","name":"Clarice Alves da Cunha Senes","cpf":"1974352200","bankname":"null","payBank":"","payCpf":"","pixkey":"22992879812","account":"69486179738","status":"done","order":"A20250828075859066683z1n3BGqkM"},"sign":"3AD251F613E53502D14842EEF6AE040D"}

【2025-08-28 08:29:48】
P2025082802450759907203477----提交：{"custId":"24120300001308","appId":"8241201350","order":"P2025082802450759907203477","sign":"BA7AD0F2D94460244F566271CD6F6EF5"}

【2025-08-28 08:29:48】
P2025082802450759907203477----返回：{"code":"000000","msg":"P2025082802450759907203477","data":{"date":"2025-08-28 02:45:10","eid":"E45756448202508280545CmJhytz1UUm","amount":"40","name":"MARIA MONICA DA SILVA","cpf":"11046776444","bankname":"null","payBank":"","payCpf":"","pixkey":"11046776444","account":"12880000008369233587","status":"done","order":"A202508280245070282022AFXHhknZ"},"sign":"37260BC2AC1DE55A48696DC82DA97E9C"}

【2025-08-28 08:29:50】
P2025082802450759907203477----提交：{"custId":"24120300001308","appId":"8241201350","order":"P2025082802450759907203477","sign":"BA7AD0F2D94460244F566271CD6F6EF5"}

【2025-08-28 08:29:50】
P2025082802450759907203477----返回：{"code":"000000","msg":"P2025082802450759907203477","data":{"date":"2025-08-28 02:45:10","eid":"E45756448202508280545CmJhytz1UUm","amount":"40","name":"MARIA MONICA DA SILVA","cpf":"11046776444","bankname":"null","payBank":"","payCpf":"","pixkey":"11046776444","account":"12880000008369233587","status":"done","order":"A202508280245070282022AFXHhknZ"},"sign":"37260BC2AC1DE55A48696DC82DA97E9C"}

