【2025-08-28 19:08:41】
P2025082812322095140687030----提交：{"custId":"24120300001308","appId":"8241201350","order":"P2025082812322095140687030","sign":"08B347FB942FE3DD097E9C678F2B23D2"}

【2025-08-28 19:08:42】
P2025082812322095140687030----返回：{"code":"000000","msg":"P2025082812322095140687030","data":{"date":"2025-08-28 12:32:22","eid":"E3571349120250828153220883a6976c","amount":"30","name":"ALYSSON LUZ DE OLIVEIRA","cpf":"05883022014","bankname":"NOVABET OFICIAL","payBank":"","payCpf":"","pixkey":"05883022014","account":"18189547","status":"done","order":"A20250828123220623911tJBTNxXrj"},"sign":"FD906CE8737BD62122758667722FB254"}

【2025-08-28 19:08:49】
P2025082812322095140687030----提交：{"custId":"24120300001308","appId":"8241201350","order":"P2025082812322095140687030","sign":"08B347FB942FE3DD097E9C678F2B23D2"}

【2025-08-28 19:08:49】
P2025082812322095140687030----返回：{"code":"000000","msg":"P2025082812322095140687030","data":{"date":"2025-08-28 12:32:22","eid":"E3571349120250828153220883a6976c","amount":"30","name":"ALYSSON LUZ DE OLIVEIRA","cpf":"05883022014","bankname":"NOVABET OFICIAL","payBank":"","payCpf":"","pixkey":"05883022014","account":"18189547","status":"done","order":"A20250828123220623911tJBTNxXrj"},"sign":"FD906CE8737BD62122758667722FB254"}

【2025-08-28 19:34:24】
P2025082819201619616526449----提交：{"custId":"24120300001308","appId":"8241201350","order":"P2025082819201619616526449","sign":"EADA00820D2392F2827CC04AE02E7149"}

【2025-08-28 19:34:24】
P2025082819201619616526449----返回：{"code":"000000","msg":"P2025082819201619616526449","data":{"date":"2025-08-28 19:20:18","eid":"E35713491202508282220167301d97b9","amount":"100","name":"FRANCISCO VALDENIR ALVES","cpf":"61683337387","bankname":"NOVABET OFICIAL","payBank":"","payCpf":"","pixkey":"47996029089","account":"82639451","status":"done","order":"A20250828192016661892uP6uvxGPy"},"sign":"359DF8395527572DBB81996755B54CA8"}

【2025-08-28 19:34:28】
P2025082819201619616526449----提交：{"custId":"24120300001308","appId":"8241201350","order":"P2025082819201619616526449","sign":"EADA00820D2392F2827CC04AE02E7149"}

【2025-08-28 19:34:29】
P2025082819201619616526449----返回：{"code":"000000","msg":"P2025082819201619616526449","data":{"date":"2025-08-28 19:20:18","eid":"E35713491202508282220167301d97b9","amount":"100","name":"FRANCISCO VALDENIR ALVES","cpf":"61683337387","bankname":"NOVABET OFICIAL","payBank":"","payCpf":"","pixkey":"47996029089","account":"82639451","status":"done","order":"A20250828192016661892uP6uvxGPy"},"sign":"359DF8395527572DBB81996755B54CA8"}

【2025-08-28 19:36:32】
P2025082819265420014455255----提交：{"custId":"24120300001308","appId":"8241201350","order":"P2025082819265420014455255","sign":"D6A3B74B3E6E05ECD928EDC76DA3882E"}

【2025-08-28 19:36:33】
P2025082819265420014455255----返回：{"code":"000000","msg":"P2025082819265420014455255","data":{"date":"2025-08-28 19:26:56","eid":"E35713491202508282226549931b8cfa","amount":"400","name":"WESLEY DIAS DA SILVA","cpf":"17927429671","bankname":"NOVABET OFICIAL","payBank":"","payCpf":"","pixkey":"17927429671","account":"60701190","status":"done","order":"A20250828192654025864h8J8sj9nV"},"sign":"0EDC70BB9D456825F8ED3002EA5E4CA9"}

【2025-08-28 19:36:34】
P2025082819265420014455255----提交：{"custId":"24120300001308","appId":"8241201350","order":"P2025082819265420014455255","sign":"D6A3B74B3E6E05ECD928EDC76DA3882E"}

【2025-08-28 19:36:35】
P2025082819265420014455255----返回：{"code":"000000","msg":"P2025082819265420014455255","data":{"date":"2025-08-28 19:26:56","eid":"E35713491202508282226549931b8cfa","amount":"400","name":"WESLEY DIAS DA SILVA","cpf":"17927429671","bankname":"NOVABET OFICIAL","payBank":"","payCpf":"","pixkey":"17927429671","account":"60701190","status":"done","order":"A20250828192654025864h8J8sj9nV"},"sign":"0EDC70BB9D456825F8ED3002EA5E4CA9"}

【2025-08-28 19:37:06】
P2025082819331120391016281----提交：{"custId":"24120300001308","appId":"8241201350","order":"P2025082819331120391016281","sign":"4B930CD1873F175FFBD960A54008F56C"}

【2025-08-28 19:37:06】
P2025082819331120391016281----返回：{"code":"000000","msg":"P2025082819331120391016281","data":{"date":"2025-08-28 19:33:14","eid":"E357134912025082822331194685dd41","amount":"80","name":"Gibevaldo Moreira Da Silva","cpf":"02389374530","bankname":"NOVABET OFICIAL","payBank":"","payCpf":"","pixkey":"43999146991","account":"22896431","status":"done","order":"A20250828193311083557icxGZ6g7T"},"sign":"BCFC0283DA0E15936B867909B33EE82C"}

【2025-08-28 19:37:15】
P2025082819331120391016281----提交：{"custId":"24120300001308","appId":"8241201350","order":"P2025082819331120391016281","sign":"4B930CD1873F175FFBD960A54008F56C"}

【2025-08-28 19:37:15】
P2025082819331120391016281----返回：{"code":"000000","msg":"P2025082819331120391016281","data":{"date":"2025-08-28 19:33:14","eid":"E357134912025082822331194685dd41","amount":"80","name":"Gibevaldo Moreira Da Silva","cpf":"02389374530","bankname":"NOVABET OFICIAL","payBank":"","payCpf":"","pixkey":"43999146991","account":"22896431","status":"done","order":"A20250828193311083557icxGZ6g7T"},"sign":"BCFC0283DA0E15936B867909B33EE82C"}

【2025-08-28 19:39:32】
P2025082819325620376148577----提交：{"custId":"24120300001308","appId":"8241201350","order":"P2025082819325620376148577","sign":"59268C1E0E36F91345B288DD78E54BF0"}

【2025-08-28 19:39:32】
P2025082819325620376148577----返回：{"code":"000000","msg":"P2025082819325620376148577","data":{"date":"2025-08-28 19:33:00","eid":"E3571349120250828223257080c8367b","amount":"130","name":"GUILHERME GOUDINHO","cpf":"10040081982","bankname":"NOVABET OFICIAL","payBank":"","payCpf":"","pixkey":"10040081982","account":"60701190","status":"done","order":"A20250828193256349104Xc1UfzjgC"},"sign":"A503E5798035B6D76B0502C1F1F216ED"}

【2025-08-28 19:39:33】
P2025082819325620376148577----提交：{"custId":"24120300001308","appId":"8241201350","order":"P2025082819325620376148577","sign":"59268C1E0E36F91345B288DD78E54BF0"}

【2025-08-28 19:39:34】
P2025082819325620376148577----返回：{"code":"000000","msg":"P2025082819325620376148577","data":{"date":"2025-08-28 19:33:00","eid":"E3571349120250828223257080c8367b","amount":"130","name":"GUILHERME GOUDINHO","cpf":"10040081982","bankname":"NOVABET OFICIAL","payBank":"","payCpf":"","pixkey":"10040081982","account":"60701190","status":"done","order":"A20250828193256349104Xc1UfzjgC"},"sign":"A503E5798035B6D76B0502C1F1F216ED"}

【2025-08-28 19:46:07】
P2025082818394217182096132----提交：{"custId":"24120300001308","appId":"8241201350","order":"P2025082818394217182096132","sign":"921BD558CE45C96F5A9F3CA89C9B0BC4"}

【2025-08-28 19:46:07】
P2025082818394217182096132----返回：{"code":"000000","msg":"P2025082818394217182096132","data":{"date":"2025-08-28 18:39:45","eid":"E45756448202508282139bPCIpXcj0yX","amount":"198","name":"MARCELO DA SILVA MENESES","cpf":"16628427838","bankname":"null","payBank":"","payCpf":"","pixkey":"16628427838","account":"421703992","status":"done","order":"A20250828183942561695MgTu4QGIx"},"sign":"4F6235F95CAD68BF6C8134B1A497666E"}

【2025-08-28 19:46:12】
P2025082818394217182096132----提交：{"custId":"24120300001308","appId":"8241201350","order":"P2025082818394217182096132","sign":"921BD558CE45C96F5A9F3CA89C9B0BC4"}

【2025-08-28 19:46:13】
P2025082818394217182096132----返回：{"code":"000000","msg":"P2025082818394217182096132","data":{"date":"2025-08-28 18:39:45","eid":"E45756448202508282139bPCIpXcj0yX","amount":"198","name":"MARCELO DA SILVA MENESES","cpf":"16628427838","bankname":"null","payBank":"","payCpf":"","pixkey":"16628427838","account":"421703992","status":"done","order":"A20250828183942561695MgTu4QGIx"},"sign":"4F6235F95CAD68BF6C8134B1A497666E"}

【2025-08-28 19:59:06】
P2025082819482921309354848----提交：{"custId":"24120300001308","appId":"8241201350","order":"P2025082819482921309354848","sign":"DA366759854CD0CF19B8D524AEB9ABB2"}

【2025-08-28 19:59:06】
P2025082819482921309354848----返回：{"code":"000000","msg":"P2025082819482921309354848","data":{"date":"2025-08-28 19:48:32","eid":"E35713491202508282248306550b4901","amount":"40","name":"Tiago Da Silva Bezerra","cpf":"42971957802","bankname":"NOVABET OFICIAL","payBank":"","payCpf":"","pixkey":"42971957802","account":"18236120","status":"done","order":"A202508281948303658093kx1FflFE"},"sign":"1FED30D3DC115EC79DFFC79476CD24CF"}

【2025-08-28 19:59:18】
P2025082819482921309354848----提交：{"custId":"24120300001308","appId":"8241201350","order":"P2025082819482921309354848","sign":"DA366759854CD0CF19B8D524AEB9ABB2"}

【2025-08-28 19:59:18】
P2025082819482921309354848----返回：{"code":"000000","msg":"P2025082819482921309354848","data":{"date":"2025-08-28 19:48:32","eid":"E35713491202508282248306550b4901","amount":"40","name":"Tiago Da Silva Bezerra","cpf":"42971957802","bankname":"NOVABET OFICIAL","payBank":"","payCpf":"","pixkey":"42971957802","account":"18236120","status":"done","order":"A202508281948303658093kx1FflFE"},"sign":"1FED30D3DC115EC79DFFC79476CD24CF"}

