【2025-08-28 21:01:04】
P2025082820594225582377110----提交：{"custId":"24120300001308","appId":"8241201350","order":"P2025082820594225582377110","sign":"CABA435E603E276A69C17A677F308A93"}

【2025-08-28 21:01:04】
P2025082820594225582377110----返回：{"code":"000000","msg":"P2025082820594225582377110","data":{"date":"2025-08-28 20:59:46","eid":"E45756448202508282359VvEDVCmLLUa","amount":"10","name":"Rodrigo Sousa Da Silva","cpf":"60782299318","bankname":"null","payBank":"","payCpf":"","pixkey":"60782299318","account":"889126895","status":"done","order":"A20250828205942099396bcTHIkH4J"},"sign":"2E42DB36B627AB62DBA98C6A9A9A6C19"}

【2025-08-28 21:01:09】
P2025082820594225582377110----提交：{"custId":"24120300001308","appId":"8241201350","order":"P2025082820594225582377110","sign":"CABA435E603E276A69C17A677F308A93"}

【2025-08-28 21:01:10】
P2025082820594225582377110----返回：{"code":"000000","msg":"P2025082820594225582377110","data":{"date":"2025-08-28 20:59:46","eid":"E45756448202508282359VvEDVCmLLUa","amount":"10","name":"Rodrigo Sousa Da Silva","cpf":"60782299318","bankname":"null","payBank":"","payCpf":"","pixkey":"60782299318","account":"889126895","status":"done","order":"A20250828205942099396bcTHIkH4J"},"sign":"2E42DB36B627AB62DBA98C6A9A9A6C19"}

【2025-08-28 21:14:50】
P2025082821121126331508493----提交：{"custId":"24120300001308","appId":"8241201350","order":"P2025082821121126331508493","sign":"58BCAE2F317865E23CF540EFF23F9D50"}

【2025-08-28 21:14:51】
P2025082821121126331508493----返回：{"code":"000000","msg":"P2025082821121126331508493","data":{"date":"2025-08-28 21:12:15","eid":"E45756448202508290012Ot47GslcyUq","amount":"20","name":"Ester Farias de Lima","cpf":"39234197836","bankname":"null","payBank":"","payCpf":"","pixkey":"Limaester699@gmail.com","account":"327284137","status":"done","order":"A202508282112124310131aYgtNgAQ"},"sign":"09D9B83B9AAA83B3F2B9CEA40A1E361D"}

【2025-08-28 21:14:53】
P2025082821121126331508493----提交：{"custId":"24120300001308","appId":"8241201350","order":"P2025082821121126331508493","sign":"58BCAE2F317865E23CF540EFF23F9D50"}

【2025-08-28 21:14:54】
P2025082821121126331508493----返回：{"code":"000000","msg":"P2025082821121126331508493","data":{"date":"2025-08-28 21:12:15","eid":"E45756448202508290012Ot47GslcyUq","amount":"20","name":"Ester Farias de Lima","cpf":"39234197836","bankname":"null","payBank":"","payCpf":"","pixkey":"Limaester699@gmail.com","account":"327284137","status":"done","order":"A202508282112124310131aYgtNgAQ"},"sign":"09D9B83B9AAA83B3F2B9CEA40A1E361D"}

【2025-08-28 21:59:50】
P2025082819532221602877128----提交：{"custId":"24120300001308","appId":"8241201350","order":"P2025082819532221602877128","sign":"0694B4951F6BEBDBD539A2AF29E5955F"}

【2025-08-28 21:59:50】
P2025082819532221602877128----返回：{"code":"000000","msg":"P2025082819532221602877128","data":{"date":"2025-08-28 19:53:25","eid":"E3571349120250828225323629c0f5e9","amount":"300","name":"Luciana Bento Duarte","cpf":"04924623997","bankname":"NOVABET OFICIAL","payBank":"","payCpf":"","pixkey":"43999534189","account":"18236120","status":"done","order":"A20250828195323930708liV3vt6gi"},"sign":"C593075C08B07A29E6866E52FE36FE29"}

【2025-08-28 21:59:51】
P2025082820472324843873136----提交：{"custId":"24120300001308","appId":"8241201350","order":"P2025082820472324843873136","sign":"EAE23AB057329202CC2A8994473DE780"}

【2025-08-28 21:59:52】
P2025082820472324843873136----返回：{"code":"000000","msg":"P2025082820472324843873136","data":{"date":"2025-08-28 20:47:27","eid":"E3571349120250828234724208304423","amount":"20","name":"MARCO ANTONIO BRASIL EMILIANO","cpf":"22390842780","bankname":"NOVABET OFICIAL","payBank":"","payCpf":"","pixkey":"22390842780","account":"90400888","status":"done","order":"A20250828204723750293CRR32bJpS"},"sign":"F9C1F48B8C147FEAAF62CFC0E4C3097D"}

【2025-08-28 21:59:53】
P2025082820472324843873136----提交：{"custId":"24120300001308","appId":"8241201350","order":"P2025082820472324843873136","sign":"EAE23AB057329202CC2A8994473DE780"}

【2025-08-28 21:59:53】
P2025082820472324843873136----返回：{"code":"000000","msg":"P2025082820472324843873136","data":{"date":"2025-08-28 20:47:27","eid":"E3571349120250828234724208304423","amount":"20","name":"MARCO ANTONIO BRASIL EMILIANO","cpf":"22390842780","bankname":"NOVABET OFICIAL","payBank":"","payCpf":"","pixkey":"22390842780","account":"90400888","status":"done","order":"A20250828204723750293CRR32bJpS"},"sign":"F9C1F48B8C147FEAAF62CFC0E4C3097D"}

