【2025-08-28 18:10:03】
P2025082813383999119722059----提交：{"custId":"24120300001308","appId":"8241201350","order":"P2025082813383999119722059","sign":"0B16BC3F2AF1DAA71414BF35A092419D"}

【2025-08-28 18:10:03】
P2025082813383999119722059----返回：{"code":"000000","msg":"P2025082813383999119722059","data":{"date":"2025-08-28 13:38:44","eid":"E35713491202508281638410421dca7f","amount":"100","name":"ANTONIA ALANA RUFINO DA SILVA","cpf":"07800413306","bankname":"NOVABET OFICIAL","payBank":"","payCpf":"","pixkey":"07800413306","account":"00416968","status":"done","order":"A202508281338405426449Dla4e7KK"},"sign":"7495041C1ED95BAA26434A6B041554A8"}

【2025-08-28 18:16:41】
P2025082818120215522799751----提交：{"custId":"24120300001308","appId":"8241201350","order":"P2025082818120215522799751","sign":"DF1FE3340BC4906D8AA4CD814743E9E9"}

【2025-08-28 18:16:41】
P2025082818120215522799751----返回：{"code":"000000","msg":"P2025082818120215522799751","data":{"date":"2025-08-28 18:12:05","eid":"E357134912025082821120325245a8ad","amount":"160.29","name":"Marcelo Jaraceski","cpf":"85103217953","bankname":"NOVABET OFICIAL","payBank":"","payCpf":"","pixkey":"85103217953","account":"10573521","status":"done","order":"A20250828181203096625ZiwtMSNBr"},"sign":"6FE30E1F2E419E2667309B7DFB2ABF74"}

【2025-08-28 18:16:44】
P2025082818120215522799751----提交：{"custId":"24120300001308","appId":"8241201350","order":"P2025082818120215522799751","sign":"DF1FE3340BC4906D8AA4CD814743E9E9"}

【2025-08-28 18:16:45】
P2025082818120215522799751----返回：{"code":"000000","msg":"P2025082818120215522799751","data":{"date":"2025-08-28 18:12:05","eid":"E357134912025082821120325245a8ad","amount":"160.29","name":"Marcelo Jaraceski","cpf":"85103217953","bankname":"NOVABET OFICIAL","payBank":"","payCpf":"","pixkey":"85103217953","account":"10573521","status":"done","order":"A20250828181203096625ZiwtMSNBr"},"sign":"6FE30E1F2E419E2667309B7DFB2ABF74"}

【2025-08-28 18:22:57】
P2025082818022814948426250----提交：{"custId":"24120300001308","appId":"8241201350","order":"P2025082818022814948426250","sign":"FC1471B3A2516560265C8AAE4FC5CCF6"}

【2025-08-28 18:22:57】
P2025082818022814948426250----返回：{"code":"000000","msg":"P2025082818022814948426250","data":{"date":"2025-08-28 18:02:33","eid":"E35713491202508282102293599ae6a1","amount":"300","name":"THAYNA GABRIELE DA SILVA SANTOS","cpf":"11727657900","bankname":"NOVABET OFICIAL","payBank":"","payCpf":"","pixkey":"11727657900","account":"90400888","status":"done","order":"A20250828180228587371dnGa4rTS7"},"sign":"AB56D99A976128C21F94AF881BF22A9D"}

【2025-08-28 18:23:22】
P2025082818022814948426250----提交：{"custId":"24120300001308","appId":"8241201350","order":"P2025082818022814948426250","sign":"FC1471B3A2516560265C8AAE4FC5CCF6"}

【2025-08-28 18:23:22】
P2025082818022814948426250----返回：{"code":"000000","msg":"P2025082818022814948426250","data":{"date":"2025-08-28 18:02:33","eid":"E35713491202508282102293599ae6a1","amount":"300","name":"THAYNA GABRIELE DA SILVA SANTOS","cpf":"11727657900","bankname":"NOVABET OFICIAL","payBank":"","payCpf":"","pixkey":"11727657900","account":"90400888","status":"done","order":"A20250828180228587371dnGa4rTS7"},"sign":"AB56D99A976128C21F94AF881BF22A9D"}

【2025-08-28 18:28:57】
P2025082815425606576808803----提交：{"custId":"24120300001308","appId":"8241201350","order":"P2025082815425606576808803","sign":"B81987E93D5E9186CE9CEFC0D84DC18A"}

【2025-08-28 18:28:57】
P2025082815425606576808803----返回：{"code":"000000","msg":"P2025082815425606576808803","data":{"date":"2025-08-28 15:42:59","eid":"E45756448202508281842d2M2SdKBUO8","amount":"250","name":"HELENA CAROLAYNE RIBEIRO DOS SANTOS","cpf":"18024155486","bankname":"null","payBank":"","payCpf":"","pixkey":"18024155486","account":"5397839","status":"done","order":"A20250828154256696708VQNeiuKw6"},"sign":"D335A7A7F344A37F52E8B77DC7A84BC4"}

【2025-08-28 18:29:06】
P2025082815425606576808803----提交：{"custId":"24120300001308","appId":"8241201350","order":"P2025082815425606576808803","sign":"B81987E93D5E9186CE9CEFC0D84DC18A"}

【2025-08-28 18:29:06】
P2025082815425606576808803----返回：{"code":"000000","msg":"P2025082815425606576808803","data":{"date":"2025-08-28 15:42:59","eid":"E45756448202508281842d2M2SdKBUO8","amount":"250","name":"HELENA CAROLAYNE RIBEIRO DOS SANTOS","cpf":"18024155486","bankname":"null","payBank":"","payCpf":"","pixkey":"18024155486","account":"5397839","status":"done","order":"A20250828154256696708VQNeiuKw6"},"sign":"D335A7A7F344A37F52E8B77DC7A84BC4"}

【2025-08-28 18:48:12】
P2025082818395617196453205----提交：{"custId":"24120300001308","appId":"8241201350","order":"P2025082818395617196453205","sign":"81A9A2C1DEDE8CF1B73F328BD290C673"}

【2025-08-28 18:48:12】
P2025082818395617196453205----返回：{"code":"000000","msg":"P2025082818395617196453205","data":{"date":"2025-08-28 18:39:58","eid":"E45756448202508282139nTboNvNj0yr","amount":"80","name":"Rodrigo Ribeiro Alves","cpf":"8806629565","bankname":"null","payBank":"","payCpf":"","pixkey":"08806629565","account":"690900696","status":"done","order":"A20250828183957711371x8wtfpWF3"},"sign":"DACF9CFB9C72AA83236588009302A8A5"}

【2025-08-28 18:48:15】
P2025082818395617196453205----提交：{"custId":"24120300001308","appId":"8241201350","order":"P2025082818395617196453205","sign":"81A9A2C1DEDE8CF1B73F328BD290C673"}

【2025-08-28 18:48:15】
P2025082818395617196453205----返回：{"code":"000000","msg":"P2025082818395617196453205","data":{"date":"2025-08-28 18:39:58","eid":"E45756448202508282139nTboNvNj0yr","amount":"80","name":"Rodrigo Ribeiro Alves","cpf":"8806629565","bankname":"null","payBank":"","payCpf":"","pixkey":"08806629565","account":"690900696","status":"done","order":"A20250828183957711371x8wtfpWF3"},"sign":"DACF9CFB9C72AA83236588009302A8A5"}

【2025-08-28 18:53:23】
P2025082818401717217021388----提交：{"custId":"24120300001308","appId":"8241201350","order":"P2025082818401717217021388","sign":"2A5B42B57FAE9E8262210BE5663DB5F6"}

【2025-08-28 18:53:23】
P2025082818401717217021388----返回：{"code":"000000","msg":"P2025082818401717217021388","data":{"date":"2025-08-28 18:40:19","eid":"E45756448202508282140twqpro0bKEb","amount":"20","name":"LUCIANO GIZONI","cpf":"31497360803","bankname":"null","payBank":"","payCpf":"","pixkey":"31497360803","account":"12880000009639585063","status":"done","order":"A20250828184017306867khVvgUQIk"},"sign":"139470C75ABBDAE0A26C7A605C78A700"}

【2025-08-28 18:53:26】
P2025082818401717217021388----提交：{"custId":"24120300001308","appId":"8241201350","order":"P2025082818401717217021388","sign":"2A5B42B57FAE9E8262210BE5663DB5F6"}

【2025-08-28 18:53:26】
P2025082818401717217021388----返回：{"code":"000000","msg":"P2025082818401717217021388","data":{"date":"2025-08-28 18:40:19","eid":"E45756448202508282140twqpro0bKEb","amount":"20","name":"LUCIANO GIZONI","cpf":"31497360803","bankname":"null","payBank":"","payCpf":"","pixkey":"31497360803","account":"12880000009639585063","status":"done","order":"A20250828184017306867khVvgUQIk"},"sign":"139470C75ABBDAE0A26C7A605C78A700"}

