【2025-08-31 12:08:03】
P2025083112062552785305527----提交：{"reference":"P2025083112062552785305527"}

【2025-08-31 12:08:03】
P2025083112062552785305527----返回：{"msg":"P2025083112062552785305527","code":"000000","data":{"date":"2025-08-31 12:06:26","eid":"E3305358020250831150626288e8f26c","amount":32,"name":"Lorena Rocha Fuentes","cpf":"***.550.377-**","bankname":"20855875","payBank":"P H R OLIVEIRA DR INVESTIMENTO LTDA","payCpf":"58.321.455\/0001-99","pixkey":"31976075537","account":"***.550.377-**","status":"done","order":"1a9fa9fd-9f13-447b-8365-ca00ae0a1a3b"}}

【2025-08-31 12:08:05】
P2025083112062552785305527----提交：{"reference":"P2025083112062552785305527"}

【2025-08-31 12:08:06】
P2025083112062552785305527----返回：{"msg":"P2025083112062552785305527","code":"000000","data":{"date":"2025-08-31 12:06:26","eid":"E3305358020250831150626288e8f26c","amount":32,"name":"Lorena Rocha Fuentes","cpf":"***.550.377-**","bankname":"20855875","payBank":"P H R OLIVEIRA DR INVESTIMENTO LTDA","payCpf":"58.321.455\/0001-99","pixkey":"31976075537","account":"***.550.377-**","status":"done","order":"1a9fa9fd-9f13-447b-8365-ca00ae0a1a3b"}}

【2025-08-31 12:28:43】
P2025083111331950799485249----提交：{"reference":"P2025083111331950799485249"}

【2025-08-31 12:28:44】
P2025083111331950799485249----返回：{"msg":"P2025083111331950799485249","code":"000000","data":{"date":"2025-08-31 11:33:20","eid":"E3305358020250831143320338cb448f","amount":20,"name":"JALDICENIR BARROSO DA COSTA","cpf":"***.497.571-**","bankname":"00360305","payBank":"P H R OLIVEIRA DR INVESTIMENTO LTDA","payCpf":"58.321.455\/0001-99","pixkey":"03249757160","account":"***.497.571-**","status":"done","order":"0a6eb0ac-99e6-450b-8cac-aff0bfcccb07"}}

【2025-08-31 12:28:52】
P2025083111331950799485249----提交：{"reference":"P2025083111331950799485249"}

【2025-08-31 12:28:53】
P2025083111331950799485249----返回：{"msg":"P2025083111331950799485249","code":"000000","data":{"date":"2025-08-31 11:33:20","eid":"E3305358020250831143320338cb448f","amount":20,"name":"JALDICENIR BARROSO DA COSTA","cpf":"***.497.571-**","bankname":"00360305","payBank":"P H R OLIVEIRA DR INVESTIMENTO LTDA","payCpf":"58.321.455\/0001-99","pixkey":"03249757160","account":"***.497.571-**","status":"done","order":"0a6eb0ac-99e6-450b-8cac-aff0bfcccb07"}}

【2025-08-31 12:31:46】
P2025083112263253992978769----提交：{"reference":"P2025083112263253992978769"}

【2025-08-31 12:31:46】
P2025083112263253992978769----返回：{"msg":"P2025083112263253992978769","code":"000000","data":{"date":"2025-08-31 12:30:02","eid":"E330535802025083115300215853d72a","amount":5000,"name":"CINTIA DE AVILA","cpf":"***.773.879-**","bankname":"78907607","payBank":"P H R OLIVEIRA DR INVESTIMENTO LTDA","payCpf":"58.321.455\/0001-99","pixkey":"07277387988","account":"***.773.879-**","status":"done","order":"587b2c5d-1c6d-4f14-b8fb-14cc2eda6b6a"}}

【2025-08-31 12:31:54】
P2025083112263253992978769----提交：{"reference":"P2025083112263253992978769"}

【2025-08-31 12:31:54】
P2025083112263253992978769----返回：{"msg":"P2025083112263253992978769","code":"000000","data":{"date":"2025-08-31 12:30:02","eid":"E330535802025083115300215853d72a","amount":5000,"name":"CINTIA DE AVILA","cpf":"***.773.879-**","bankname":"78907607","payBank":"P H R OLIVEIRA DR INVESTIMENTO LTDA","payCpf":"58.321.455\/0001-99","pixkey":"07277387988","account":"***.773.879-**","status":"done","order":"587b2c5d-1c6d-4f14-b8fb-14cc2eda6b6a"}}

【2025-08-31 12:42:38】
P2025083111584052320059417----提交：{"reference":"P2025083111584052320059417"}

【2025-08-31 12:42:39】
P2025083111584052320059417----返回：{"msg":"P2025083111584052320059417","code":"000000","data":{"date":"2025-08-31 11:58:41","eid":"E33053580202508311458413365e7c31","amount":23,"name":"Lorena Rocha Fuentes","cpf":"***.550.377-**","bankname":"10573521","payBank":"P H R OLIVEIRA DR INVESTIMENTO LTDA","payCpf":"58.321.455\/0001-99","pixkey":"17910013556","account":"***.550.377-**","status":"done","order":"a44182df-2403-435c-bf12-a9798eb818e4"}}

【2025-08-31 12:42:40】
P2025083111584052320059417----提交：{"reference":"P2025083111584052320059417"}

【2025-08-31 12:42:41】
P2025083111584052320059417----返回：{"msg":"P2025083111584052320059417","code":"000000","data":{"date":"2025-08-31 11:58:41","eid":"E33053580202508311458413365e7c31","amount":23,"name":"Lorena Rocha Fuentes","cpf":"***.550.377-**","bankname":"10573521","payBank":"P H R OLIVEIRA DR INVESTIMENTO LTDA","payCpf":"58.321.455\/0001-99","pixkey":"17910013556","account":"***.550.377-**","status":"done","order":"a44182df-2403-435c-bf12-a9798eb818e4"}}

