【2025-08-31 16:13:21】
P2025083017332686006992754----提交：{"reference":"P2025083017332686006992754"}

【2025-08-31 16:13:21】
P2025083017332686006992754----返回：{"msg":"P2025083017332686006992754","code":"000000","data":{"date":"2025-08-30 17:33:27","eid":"E3305358020250830203327035e80a3c","amount":215,"name":"MILCA VALERIA MORAIS COSTA FARIAS","cpf":"***.590.421-**","bankname":"00360305","payBank":"P H R OLIVEIRA DR INVESTIMENTO LTDA","payCpf":"58.321.455\/0001-99","pixkey":"95759042149","account":"***.590.421-**","status":"done","order":"6a6e2c1b-1cae-4349-9061-8128ab0e6b20"}}

【2025-08-31 16:22:07】
P2025083110382947509043887----提交：{"reference":"P2025083110382947509043887"}

【2025-08-31 16:22:07】
P2025083110382947509043887----返回：{"msg":"P2025083110382947509043887","code":"000000","data":{"date":"2025-08-31 10:38:30","eid":"E33053580202508311338310242984ce","amount":50,"name":"PEDRO FABIANO DAS CHAGAS","cpf":"***.030.993-**","bankname":"00360305","payBank":"P H R OLIVEIRA DR INVESTIMENTO LTDA","payCpf":"58.321.455\/0001-99","pixkey":"03303099359","account":"***.030.993-**","status":"done","order":"51acd419-0d9f-4e9c-97fe-c3215f8d2296"}}

【2025-08-31 16:22:18】
P2025083110382947509043887----提交：{"reference":"P2025083110382947509043887"}

【2025-08-31 16:22:19】
P2025083110382947509043887----返回：{"msg":"P2025083110382947509043887","code":"000000","data":{"date":"2025-08-31 10:38:30","eid":"E33053580202508311338310242984ce","amount":50,"name":"PEDRO FABIANO DAS CHAGAS","cpf":"***.030.993-**","bankname":"00360305","payBank":"P H R OLIVEIRA DR INVESTIMENTO LTDA","payCpf":"58.321.455\/0001-99","pixkey":"03303099359","account":"***.030.993-**","status":"done","order":"51acd419-0d9f-4e9c-97fe-c3215f8d2296"}}

【2025-08-31 16:30:44】
P2025083019305193051992454----提交：{"reference":"P2025083019305193051992454"}

【2025-08-31 16:30:45】
P2025083019305193051992454----返回：{"msg":"P2025083019305193051992454","code":"000000","data":{"date":"2025-08-30 19:30:52","eid":"E3305358020250830223052514bc4ea3","amount":200,"name":"Jacilene Gomes Da Silva","cpf":"***.162.164-**","bankname":"22896431","payBank":"P H R OLIVEIRA DR INVESTIMENTO LTDA","payCpf":"58.321.455\/0001-99","pixkey":"81988258131","account":"***.162.164-**","status":"done","order":"85babdbe-f0d3-4bab-bac6-5e74c6ac10c6"}}

【2025-08-31 16:30:51】
P2025083019275192871677553----提交：{"reference":"P2025083019275192871677553"}

【2025-08-31 16:30:52】
P2025083019275192871677553----返回：{"msg":"P2025083019275192871677553","code":"000000","data":{"date":"2025-08-30 19:27:52","eid":"E3305358020250830222752330acbbb5","amount":100,"name":"Jacilene Gomes Da Silva","cpf":"***.162.164-**","bankname":"22896431","payBank":"P H R OLIVEIRA DR INVESTIMENTO LTDA","payCpf":"58.321.455\/0001-99","pixkey":"81988258131","account":"***.162.164-**","status":"done","order":"95153b6d-4941-4dc2-a569-68bcac5d5f2a"}}

【2025-08-31 16:48:49】
P2025083116215468114294573----提交：{"reference":"P2025083116215468114294573"}

【2025-08-31 16:48:50】
P2025083116215468114294573----返回：{"msg":"P2025083116215468114294573","code":"000000","data":{"date":"2025-08-31 16:21:55","eid":"E3305358020250831192155685b95ee5","amount":40,"name":"Daniele Rodrigues da silva","cpf":"***.934.341-**","bankname":"08561701","payBank":"P H R OLIVEIRA DR INVESTIMENTO LTDA","payCpf":"58.321.455\/0001-99","pixkey":"79093434187","account":"***.934.341-**","status":"done","order":"3d1f2718-7237-4871-9f44-6ff01754cf1d"}}

【2025-08-31 16:49:36】
P2025083116215468114294573----提交：{"reference":"P2025083116215468114294573"}

【2025-08-31 16:49:37】
P2025083116215468114294573----返回：{"msg":"P2025083116215468114294573","code":"000000","data":{"date":"2025-08-31 16:21:55","eid":"E3305358020250831192155685b95ee5","amount":40,"name":"Daniele Rodrigues da silva","cpf":"***.934.341-**","bankname":"08561701","payBank":"P H R OLIVEIRA DR INVESTIMENTO LTDA","payCpf":"58.321.455\/0001-99","pixkey":"79093434187","account":"***.934.341-**","status":"done","order":"3d1f2718-7237-4871-9f44-6ff01754cf1d"}}

