【2025-08-31 15:01:02】
P2025083114564863008363214----提交：{"reference":"P2025083114564863008363214"}

【2025-08-31 15:01:03】
P2025083114564863008363214----返回：{"msg":"P2025083114564863008363214","code":"000000","data":{"date":"2025-08-31 14:56:49","eid":"E33053580202508311756493189a2d6a","amount":130,"name":"REINALDO BAPTISTEL","cpf":"***.032.219-**","bankname":"00360305","payBank":"P H R OLIVEIRA DR INVESTIMENTO LTDA","payCpf":"58.321.455\/0001-99","pixkey":"41988205984","account":"***.032.219-**","status":"done","order":"00517430-0167-4b06-844e-3496c9ded169"}}

【2025-08-31 15:01:06】
P2025083114564863008363214----提交：{"reference":"P2025083114564863008363214"}

【2025-08-31 15:01:07】
P2025083114564863008363214----返回：{"msg":"P2025083114564863008363214","code":"000000","data":{"date":"2025-08-31 14:56:49","eid":"E33053580202508311756493189a2d6a","amount":130,"name":"REINALDO BAPTISTEL","cpf":"***.032.219-**","bankname":"00360305","payBank":"P H R OLIVEIRA DR INVESTIMENTO LTDA","payCpf":"58.321.455\/0001-99","pixkey":"41988205984","account":"***.032.219-**","status":"done","order":"00517430-0167-4b06-844e-3496c9ded169"}}

【2025-08-31 15:06:26】
P2025083115041363453527030----提交：{"reference":"P2025083115041363453527030"}

【2025-08-31 15:06:27】
P2025083115041363453527030----返回：{"msg":"P2025083115041363453527030","code":"000000","data":{"date":"2025-08-31 15:04:14","eid":"E33053580202508311804143741a0391","amount":60.25,"name":"VANUZA RODRIGUES DA SILVA","cpf":"***.809.303-**","bankname":"60701190","payBank":"P H R OLIVEIRA DR INVESTIMENTO LTDA","payCpf":"58.321.455\/0001-99","pixkey":"45680930315","account":"***.809.303-**","status":"done","order":"25ba5f44-5db3-4c97-a7f1-333e4002ce07"}}

【2025-08-31 15:06:29】
P2025083115041363453527030----提交：{"reference":"P2025083115041363453527030"}

【2025-08-31 15:06:30】
P2025083115041363453527030----返回：{"msg":"P2025083115041363453527030","code":"000000","data":{"date":"2025-08-31 15:04:14","eid":"E33053580202508311804143741a0391","amount":60.25,"name":"VANUZA RODRIGUES DA SILVA","cpf":"***.809.303-**","bankname":"60701190","payBank":"P H R OLIVEIRA DR INVESTIMENTO LTDA","payCpf":"58.321.455\/0001-99","pixkey":"45680930315","account":"***.809.303-**","status":"done","order":"25ba5f44-5db3-4c97-a7f1-333e4002ce07"}}

【2025-08-31 15:11:30】
P2025083115093463774971072----提交：{"reference":"P2025083115093463774971072"}

【2025-08-31 15:11:31】
P2025083115093463774971072----返回：{"msg":"P2025083115093463774971072","code":"000000","data":{"date":"2025-08-31 15:11:02","eid":"E3305358020250831181102828d76976","amount":1830,"name":"Geremias Castro dos Santos Junior","cpf":"***.694.275-**","bankname":"18236120","payBank":"P H R OLIVEIRA DR INVESTIMENTO LTDA","payCpf":"58.321.455\/0001-99","pixkey":"+5571982298062","account":"***.694.275-**","status":"done","order":"58501b8e-9ea3-4a99-9dae-8b655e6ad001"}}

【2025-08-31 15:11:33】
P2025083115093463774971072----提交：{"reference":"P2025083115093463774971072"}

【2025-08-31 15:11:33】
P2025083115093463774971072----返回：{"msg":"P2025083115093463774971072","code":"000000","data":{"date":"2025-08-31 15:11:02","eid":"E3305358020250831181102828d76976","amount":1830,"name":"Geremias Castro dos Santos Junior","cpf":"***.694.275-**","bankname":"18236120","payBank":"P H R OLIVEIRA DR INVESTIMENTO LTDA","payCpf":"58.321.455\/0001-99","pixkey":"+5571982298062","account":"***.694.275-**","status":"done","order":"58501b8e-9ea3-4a99-9dae-8b655e6ad001"}}

