【2025-08-31 13:04:40】
P2025083108042838268132550----提交：{"reference":"P2025083108042838268132550"}

【2025-08-31 13:04:41】
P2025083108042838268132550----返回：{"msg":"P2025083108042838268132550","code":"000000","data":{"date":"2025-08-31 08:04:29","eid":"E33053580202508311104291134e6231","amount":85,"name":"PEDRO CARDOSO DA SILVA","cpf":"***.002.091-**","bankname":"90400888","payBank":"P H R OLIVEIRA DR INVESTIMENTO LTDA","payCpf":"58.321.455\/0001-99","pixkey":"01900209110","account":"***.002.091-**","status":"done","order":"93b6cc32-e06e-4c4e-9794-b8ec8689f121"}}

【2025-08-31 13:04:43】
P2025083108042838268132550----提交：{"reference":"P2025083108042838268132550"}

【2025-08-31 13:04:43】
P2025083108042838268132550----返回：{"msg":"P2025083108042838268132550","code":"000000","data":{"date":"2025-08-31 08:04:29","eid":"E33053580202508311104291134e6231","amount":85,"name":"PEDRO CARDOSO DA SILVA","cpf":"***.002.091-**","bankname":"90400888","payBank":"P H R OLIVEIRA DR INVESTIMENTO LTDA","payCpf":"58.321.455\/0001-99","pixkey":"01900209110","account":"***.002.091-**","status":"done","order":"93b6cc32-e06e-4c4e-9794-b8ec8689f121"}}

【2025-08-31 13:25:35】
P2025082921581415494175727----提交：{"reference":"P2025082921581415494175727"}

【2025-08-31 13:25:36】
P2025082921581415494175727----返回：{"msg":"P2025082921581415494175727","code":"000000","data":{"date":"2025-08-29 21:58:15","eid":"E33053580202508300058151307478a0","amount":1337,"name":"Marcus Vinicius Citrolli","cpf":"***.395.416-**","bankname":"18236120","payBank":"P H R OLIVEIRA DR INVESTIMENTO LTDA","payCpf":"58.321.455\/0001-99","pixkey":"32991350140","account":"***.395.416-**","status":"done","order":"cab237a5-1f9c-41d4-b1f5-bb92d25db0e5"}}

【2025-08-31 13:46:31】
P2025083113455358753527199----提交：{"reference":"P2025083113455358753527199"}

【2025-08-31 13:46:31】
P2025083113455358753527199----提交：{"reference":"P2025083113455358753527199"}

【2025-08-31 13:46:31】
P2025083113455358753527199----返回：{"msg":"P2025083113455358753527199","code":"000000","data":{"date":"2025-08-31 13:45:54","eid":"E33053580202508311645544784c6450","amount":450,"name":"LORAINE APARECIDA PEREIRA DA SILVA","cpf":"***.419.646-**","bankname":"00360305","payBank":"P H R OLIVEIRA DR INVESTIMENTO LTDA","payCpf":"58.321.455\/0001-99","pixkey":"14141964662","account":"***.419.646-**","status":"done","order":"74031a69-97b1-45cf-853d-a6af06347407"}}

【2025-08-31 13:46:32】
P2025083113455358753527199----返回：{"msg":"P2025083113455358753527199","code":"000000","data":{"date":"2025-08-31 13:45:54","eid":"E33053580202508311645544784c6450","amount":450,"name":"LORAINE APARECIDA PEREIRA DA SILVA","cpf":"***.419.646-**","bankname":"00360305","payBank":"P H R OLIVEIRA DR INVESTIMENTO LTDA","payCpf":"58.321.455\/0001-99","pixkey":"14141964662","account":"***.419.646-**","status":"done","order":"74031a69-97b1-45cf-853d-a6af06347407"}}

【2025-08-31 13:49:08】
P2025083113471558835437912----提交：{"reference":"P2025083113471558835437912"}

【2025-08-31 13:49:09】
P2025083113471558835437912----返回：{"msg":"P2025083113471558835437912","code":"000000","data":{"date":"2025-08-31 13:47:16","eid":"E3305358020250831164716718b7ca39","amount":10.96,"name":"Wanderly Soares de Andrade","cpf":"***.757.486-**","bankname":"18236120","payBank":"P H R OLIVEIRA DR INVESTIMENTO LTDA","payCpf":"58.321.455\/0001-99","pixkey":"15475748608","account":"***.757.486-**","status":"done","order":"2a3b55e5-64f9-48e6-a227-5c87c3c1c4e4"}}

【2025-08-31 13:49:11】
P2025083113471558835437912----提交：{"reference":"P2025083113471558835437912"}

【2025-08-31 13:49:12】
P2025083113471558835437912----返回：{"msg":"P2025083113471558835437912","code":"000000","data":{"date":"2025-08-31 13:47:16","eid":"E3305358020250831164716718b7ca39","amount":10.96,"name":"Wanderly Soares de Andrade","cpf":"***.757.486-**","bankname":"18236120","payBank":"P H R OLIVEIRA DR INVESTIMENTO LTDA","payCpf":"58.321.455\/0001-99","pixkey":"15475748608","account":"***.757.486-**","status":"done","order":"2a3b55e5-64f9-48e6-a227-5c87c3c1c4e4"}}

