【2025-08-31 21:00:01】
回调信息：{"update_id":448782322,"message":{"message_id":3030,"from":{"id":6635319357,"is_bot":false,"first_name":"CW 绵羊-雪碧❄️","username":"panda8827","language_code":"zh-hans"},"chat":{"id":-1002528940452,"title":"巴西-YunPay-10398-1010","type":"supergroup"},"date":1756684801,"text":"\/balance@YunPay3_bot","entities":[{"offset":0,"length":20,"type":"bot_command"}]}}

【2025-08-31 21:05:47】
回调信息：{"update_id":448782323,"message":{"message_id":3653,"from":{"id":7764131466,"is_bot":false,"first_name":"老挝-巴西出款 王\/赛","username":"laowobxck05","is_premium":true},"chat":{"id":-1002609953078,"title":"WG 巴西-YunPay-10328-pgslots6868-0.4%","type":"supergroup"},"date":1756685146,"text":"\/df 01310889520690001564928","entities":[{"offset":0,"length":3,"type":"bot_command"}]}}

【2025-08-31 21:06:24】
回调信息：{"update_id":448782324,"callback_query":{"id":"6143118673047988645","from":{"id":7872757218,"is_bot":false,"first_name":"梅香","username":"meixiang1101","language_code":"zh-hans"},"message":{"message_id":2032,"from":{"id":7762675448,"is_bot":true,"first_name":"YunPay","username":"YunPay3_bot"},"chat":{"id":-1002782140985,"title":"巴西-yunpay-10473-btb777 （0.4%）","type":"supergroup"},"date":1756685181,"text":"代付风控提示\n\n系统订单号：P2025083121062085180418879\n外部订单号：282090645352174883\n订单金额：170.00\n开户名 ：maria\n账号 ：+5585988078554\n申请时间：2025-08-31 21:06:20","entities":[{"offset":14,"length":26,"type":"code"},{"offset":47,"length":18,"type":"code"},{"offset":93,"length":14,"type":"phone_number"}],"reply_markup":{"inline_keyboard":[[{"text":"驳回(reject)","callback_data":"reject P2025083121062085180418879"},{"text":"通过(pass)","callback_data":"pass P2025083121062085180418879"}]]}},"chat_instance":"-4041285927349464447","data":"pass P2025083121062085180418879"}}

【2025-08-31 21:06:29】
回调信息：{"update_id":448782325,"message":{"message_id":3655,"from":{"id":7764131466,"is_bot":false,"first_name":"老挝-巴西出款 王\/赛","username":"laowobxck05","is_premium":true},"chat":{"id":-1002609953078,"title":"WG 巴西-YunPay-10328-pgslots6868-0.4%","type":"supergroup"},"date":1756685188,"text":"\/df 01310882720690001142575","entities":[{"offset":0,"length":3,"type":"bot_command"}]}}

【2025-08-31 21:08:34】
回调信息：{"update_id":448782326,"message":{"message_id":12209,"from":{"id":8015682537,"is_bot":false,"first_name":"TIEULONG - CSKHQT - CS0189","username":"TIEULONG9999999","is_premium":true},"chat":{"id":-1002319776228,"title":"巴西-YunPay-10168-777vip-0.4%","type":"supergroup"},"date":1756685313,"text":"\/balance@YunPay3_bot","entities":[{"offset":0,"length":20,"type":"bot_command"}]}}

【2025-08-31 21:08:48】
回调信息：{"update_id":448782327,"message":{"message_id":9838,"from":{"id":8015682537,"is_bot":false,"first_name":"TIEULONG - CSKHQT - CS0189","username":"TIEULONG9999999","is_premium":true},"chat":{"id":-1002280031772,"title":"巴西-YunPay-10180-vip777-0.4%","type":"supergroup"},"date":1756685328,"text":"\/balance@YunPay3_bot","entities":[{"offset":0,"length":20,"type":"bot_command"}]}}

【2025-08-31 21:09:15】
回调信息：{"update_id":448782328,"message":{"message_id":3657,"from":{"id":7764131466,"is_bot":false,"first_name":"老挝-巴西出款 王\/赛","username":"laowobxck05","is_premium":true},"chat":{"id":-1002609953078,"title":"WG 巴西-YunPay-10328-pgslots6868-0.4%","type":"supergroup"},"date":1756685355,"text":"\/df 01310887620690001310829","entities":[{"offset":0,"length":3,"type":"bot_command"}]}}

【2025-08-31 21:09:49】
回调信息：{"update_id":448782329,"message":{"message_id":3659,"from":{"id":7764131466,"is_bot":false,"first_name":"老挝-巴西出款 王\/赛","username":"laowobxck05","is_premium":true},"chat":{"id":-1002609953078,"title":"WG 巴西-YunPay-10328-pgslots6868-0.4%","type":"supergroup"},"date":1756685388,"text":"\/df 01310889720690001322848","entities":[{"offset":0,"length":3,"type":"bot_command"}]}}

【2025-08-31 21:26:58】
回调信息：{"update_id":448782330,"callback_query":{"id":"6143118670408167933","from":{"id":7872757218,"is_bot":false,"first_name":"梅香","username":"meixiang1101","language_code":"zh-hans"},"message":{"message_id":2034,"from":{"id":7762675448,"is_bot":true,"first_name":"YunPay","username":"YunPay3_bot"},"chat":{"id":-1002782140985,"title":"巴西-yunpay-10473-btb777 （0.4%）","type":"supergroup"},"date":1756686414,"text":"代付风控提示\n\n系统订单号：P2025083121265386413226064\n外部订单号：282123514307771978\n订单金额：155.00\n开户名 ：Jhonnattan\n账号 ：47240936848\n申请时间：2025-08-31 21:26:53","entities":[{"offset":14,"length":26,"type":"code"},{"offset":47,"length":18,"type":"code"}],"reply_markup":{"inline_keyboard":[[{"text":"驳回(reject)","callback_data":"reject P2025083121265386413226064"},{"text":"通过(pass)","callback_data":"pass P2025083121265386413226064"}]]}},"chat_instance":"-4041285927349464447","data":"pass P2025083121265386413226064"}}

【2025-08-31 21:28:36】
回调信息：{"update_id":448782331,"message":{"message_id":10269,"from":{"id":8158377729,"is_bot":false,"first_name":"YunPay","last_name":"发财","username":"yunpay007","is_premium":true},"chat":{"id":-1002392249869,"title":"巴西-YunPay-10181-ap777-0.4%","type":"supergroup"},"date":1756686515,"text":"\/balance@YunPay3_bot","entities":[{"offset":0,"length":20,"type":"bot_command"}]}}

【2025-08-31 21:32:20】
回调信息：{"update_id":448782332,"message":{"message_id":14255,"from":{"id":7175416985,"is_bot":false,"first_name":"SBET|XNK' XIAOLAN","username":"SBET_XNK022"},"chat":{"id":-1002499994426,"title":"YunPay-10048-SBET【0.4%+0】巴西《本群不会申请资金下发》","type":"supergroup"},"date":1756686739,"text":"\/balance@YunPay3_bot","entities":[{"offset":0,"length":20,"type":"bot_command"}]}}

【2025-08-31 21:37:14】
回调信息：{"update_id":448782333,"callback_query":{"id":"6143118671364169647","from":{"id":7872757218,"is_bot":false,"first_name":"梅香","username":"meixiang1101","language_code":"zh-hans"},"message":{"message_id":2036,"from":{"id":7762675448,"is_bot":true,"first_name":"YunPay","username":"YunPay3_bot"},"chat":{"id":-1002782140985,"title":"巴西-yunpay-10473-btb777 （0.4%）","type":"supergroup"},"date":1756687031,"text":"代付风控提示\n\n系统订单号：P2025083121371087030175591\n外部订单号：282141214606374548\n订单金额：150.00\n开户名 ：Jakeline\n账号 ：13045340490\n申请时间：2025-08-31 21:37:10","entities":[{"offset":14,"length":26,"type":"code"},{"offset":47,"length":18,"type":"code"}],"reply_markup":{"inline_keyboard":[[{"text":"驳回(reject)","callback_data":"reject P2025083121371087030175591"},{"text":"通过(pass)","callback_data":"pass P2025083121371087030175591"}]]}},"chat_instance":"-4041285927349464447","data":"pass P2025083121371087030175591"}}

【2025-08-31 21:38:45】
回调信息：{"update_id":448782334,"message":{"message_id":3366,"from":{"id":6678755868,"is_bot":false,"first_name":"VIB - CSKHQT - 0170","username":"VIBAP777","is_premium":true},"chat":{"id":-1002780614434,"title":"巴西-YunPay-10419-xx8-0.4%","type":"supergroup"},"date":1756687124,"text":"\/balance@YunPay3_bot","entities":[{"offset":0,"length":20,"type":"bot_command"}]}}

【2025-08-31 21:38:59】
回调信息：{"update_id":448782335,"message":{"message_id":6083,"from":{"id":6678755868,"is_bot":false,"first_name":"VIB - CSKHQT - 0170","username":"VIBAP777","is_premium":true},"chat":{"id":-1002546140861,"title":"巴西-yunpay-10287-ABC8（0.4%）","type":"supergroup"},"date":1756687138,"text":"\/balance@YunPay3_bot","entities":[{"offset":0,"length":20,"type":"bot_command"}]}}

【2025-08-31 21:39:14】
回调信息：{"update_id":448782336,"message":{"message_id":4159,"from":{"id":6678755868,"is_bot":false,"first_name":"VIB - CSKHQT - 0170","username":"VIBAP777","is_premium":true},"chat":{"id":-1002803739845,"title":"巴西-YunPay-10313-cs8-0.4%","type":"supergroup"},"date":1756687154,"text":"\/balance@YunPay3_bot","entities":[{"offset":0,"length":20,"type":"bot_command"}]}}

【2025-08-31 21:39:31】
回调信息：{"update_id":448782337,"message":{"message_id":5938,"from":{"id":6678755868,"is_bot":false,"first_name":"VIB - CSKHQT - 0170","username":"VIBAP777","is_premium":true},"chat":{"id":-1002343272209,"title":"巴西-yunpay-km88-10296-0.4%","type":"supergroup"},"date":1756687170,"text":"\/balance@YunPay3_bot","entities":[{"offset":0,"length":20,"type":"bot_command"}]}}

【2025-08-31 21:39:46】
回调信息：{"update_id":448782338,"message":{"message_id":1189,"from":{"id":6678755868,"is_bot":false,"first_name":"VIB - CSKHQT - 0170","username":"VIBAP777","is_premium":true},"chat":{"id":-1003013065972,"title":"巴西-YunPay—wp777-10297","type":"supergroup"},"date":1756687186,"text":"\/balance@YunPay3_bot","entities":[{"offset":0,"length":20,"type":"bot_command"}]}}

【2025-08-31 21:44:08】
回调信息：{"update_id":448782339,"message":{"message_id":2049,"from":{"id":7337320324,"is_bot":false,"first_name":"玲玲 Az","username":"lizhou686868","language_code":"zh-hans","is_premium":true},"chat":{"id":-1002372970969,"title":"so777 巴西-YunPay-10017-natalbr","type":"supergroup"},"date":1756687447,"text":"\/df TX17566869010578506807","entities":[{"offset":0,"length":3,"type":"bot_command"}]}}

【2025-08-31 21:44:31】
回调信息：{"update_id":448782340,"callback_query":{"id":"6143118670130605018","from":{"id":7872757218,"is_bot":false,"first_name":"梅香","username":"meixiang1101","language_code":"zh-hans"},"message":{"message_id":2038,"from":{"id":7762675448,"is_bot":true,"first_name":"YunPay","username":"YunPay3_bot"},"chat":{"id":-1002782140985,"title":"巴西-yunpay-10473-btb777 （0.4%）","type":"supergroup"},"date":1756687466,"text":"代付风控提示\n\n系统订单号：P2025083121442587465946347\n外部订单号：282151751116822476\n订单金额：250.00\n开户名 ：Duda\n账号 ：+5571997167271\n申请时间：2025-08-31 21:44:25","entities":[{"offset":14,"length":26,"type":"code"},{"offset":47,"length":18,"type":"code"},{"offset":92,"length":14,"type":"phone_number"}],"reply_markup":{"inline_keyboard":[[{"text":"驳回(reject)","callback_data":"reject P2025083121442587465946347"},{"text":"通过(pass)","callback_data":"pass P2025083121442587465946347"}]]}},"chat_instance":"-4041285927349464447","data":"pass P2025083121442587465946347"}}

【2025-08-31 21:45:50】
回调信息：{"update_id":448782341,"message":{"message_id":16605,"from":{"id":7978710531,"is_bot":false,"first_name":"SBETB55-CS- SOUER","username":"B55_CS5510"},"chat":{"id":-1002457501685,"title":"YunPay-10049-B55【0.4%+0】巴西《本群不会申请资金下发》","type":"supergroup"},"date":1756687549,"text":"\/balance@YunPay3_bot","entities":[{"offset":0,"length":20,"type":"bot_command"}]}}

【2025-08-31 21:51:13】
回调信息：{"update_id":448782342,"message":{"message_id":3661,"from":{"id":7764131466,"is_bot":false,"first_name":"老挝-巴西出款 王\/赛","username":"laowobxck05","is_premium":true},"chat":{"id":-1002609953078,"title":"WG 巴西-YunPay-10328-pgslots6868-0.4%","type":"supergroup"},"date":1756687872,"text":"\/df 01310882720690001217441","entities":[{"offset":0,"length":3,"type":"bot_command"}]}}

【2025-08-31 21:52:33】
回调信息：{"update_id":448782343,"callback_query":{"id":"6143118672861518789","from":{"id":7872757218,"is_bot":false,"first_name":"梅香","username":"meixiang1101","language_code":"zh-hans"},"message":{"message_id":2040,"from":{"id":7762675448,"is_bot":true,"first_name":"YunPay","username":"YunPay3_bot"},"chat":{"id":-1002782140985,"title":"巴西-yunpay-10473-btb777 （0.4%）","type":"supergroup"},"date":1756687948,"text":"代付风控提示\n\n系统订单号：P2025083121522787947102701\n外部订单号：282165717358111301\n订单金额：119.00\n开户名 ：Bárbara\n账号 ：navalbarbara@gmail.com\n申请时间：2025-08-31 21:52:27","entities":[{"offset":14,"length":26,"type":"code"},{"offset":47,"length":18,"type":"code"},{"offset":94,"length":23,"type":"url"}],"reply_markup":{"inline_keyboard":[[{"text":"驳回(reject)","callback_data":"reject P2025083121522787947102701"},{"text":"通过(pass)","callback_data":"pass P2025083121522787947102701"}]]}},"chat_instance":"-4041285927349464447","data":"pass P2025083121522787947102701"}}

【2025-08-31 21:53:31】
回调信息：{"update_id":448782344,"message":{"message_id":3663,"from":{"id":8049996425,"is_bot":false,"first_name":"老挝-巴西出款 花~欣","username":"Laowobxck04","is_premium":true},"chat":{"id":-1002609953078,"title":"WG 巴西-YunPay-10328-pgslots6868-0.4%","type":"supergroup"},"date":1756688010,"text":"\/balance@YunPay3_bot","entities":[{"offset":0,"length":20,"type":"bot_command"}]}}

【2025-08-31 21:53:43】
回调信息：{"update_id":448782345,"callback_query":{"id":"6143118672228574102","from":{"id":7872757218,"is_bot":false,"first_name":"梅香","username":"meixiang1101","language_code":"zh-hans"},"message":{"message_id":2042,"from":{"id":7762675448,"is_bot":true,"first_name":"YunPay","username":"YunPay3_bot"},"chat":{"id":-1002782140985,"title":"巴西-yunpay-10473-btb777 （0.4%）","type":"supergroup"},"date":1756688019,"text":"代付风控提示\n\n系统订单号：P2025083121533888018891435\n外部订单号：282166898879159361\n订单金额：100.00\n开户名 ：Debora\n账号 ：+5599988521633\n申请时间：2025-08-31 21:53:38","entities":[{"offset":14,"length":26,"type":"code"},{"offset":47,"length":18,"type":"code"},{"offset":94,"length":14,"type":"phone_number"}],"reply_markup":{"inline_keyboard":[[{"text":"驳回(reject)","callback_data":"reject P2025083121533888018891435"},{"text":"通过(pass)","callback_data":"pass P2025083121533888018891435"}]]}},"chat_instance":"-4041285927349464447","data":"pass P2025083121533888018891435"}}

【2025-08-31 21:54:06】
回调信息：{"update_id":448782346,"message":{"message_id":4953,"from":{"id":8049996425,"is_bot":false,"first_name":"老挝-巴西出款 花~欣","username":"Laowobxck04","is_premium":true},"chat":{"id":-1002708592805,"title":"EG 巴西-YunPay-10329-CBF777-0.4%","type":"supergroup"},"date":1756688046,"text":"\/balance@YunPay3_bot","entities":[{"offset":0,"length":20,"type":"bot_command"}]}}

【2025-08-31 21:54:15】
回调信息：{"update_id":448782347,"message":{"message_id":12581,"from":{"id":7814844034,"is_bot":false,"first_name":"组长 Meryjoy","username":"Payment_mery"},"chat":{"id":-1002256433700,"title":"巴西-YunPay-10128-222hot-0.4%","type":"supergroup"},"date":1756688055,"text":"\/balance@YunPay3_bot","entities":[{"offset":0,"length":20,"type":"bot_command"}]}}

【2025-08-31 21:56:25】
回调信息：{"update_id":448782348,"message":{"message_id":1501,"from":{"id":7117204259,"is_bot":false,"first_name":"RIMA - A668BLR-CS0944","username":"rimary48","is_premium":true},"chat":{"id":-1002759044780,"title":"巴西-YunPay-10414-777SH-0.4%","type":"supergroup"},"date":1756688184,"text":"\/df tx_30105_20250901004947FYpY1","entities":[{"offset":0,"length":3,"type":"bot_command"}]}}

【2025-08-31 21:57:48】
回调信息：{"update_id":448782349,"message":{"message_id":601,"from":{"id":7694783255,"is_bot":false,"first_name":"小凯","username":"BR_ZZxKai","is_premium":true},"chat":{"id":-1002709369410,"title":"巴西-YUNPAY-10423-a188","type":"supergroup"},"date":1756688267,"text":"\/balance@YunPay3_bot","entities":[{"offset":0,"length":20,"type":"bot_command"}]}}

【2025-08-31 21:58:14】
回调信息：{"update_id":448782350,"message":{"message_id":642,"from":{"id":7141760816,"is_bot":false,"first_name":"小玉 xiao yu","username":"br_zzxiaoyu","is_premium":true},"chat":{"id":-1002632035882,"title":"巴西-YUNPAY-10422-aa888","type":"supergroup"},"date":1756688294,"text":"\/balance@YunPay3_bot","entities":[{"offset":0,"length":20,"type":"bot_command"}]}}

【2025-08-31 21:58:15】
回调信息：{"update_id":448782351,"callback_query":{"id":"7175871191216052357","from":{"id":8113213652,"is_bot":false,"first_name":"老挝-PHP出款 幸\/婷","username":"laowock02","language_code":"zh-hans"},"message":{"message_id":3665,"from":{"id":7762675448,"is_bot":true,"first_name":"YunPay","username":"YunPay3_bot"},"chat":{"id":-1002609953078,"title":"WG 巴西-YunPay-10328-pgslots6868-0.4%","type":"supergroup"},"date":1756688228,"text":"代付风控提示\n\n系统订单号：P2025083121570788227795363\n外部订单号：01310888220690000891014\n订单金额：19821.00\n开户名 ：ana carina carvalho\n账号 ：52905608234\n申请时间：2025-08-31 21:57:07","entities":[{"offset":14,"length":26,"type":"code"},{"offset":47,"length":23,"type":"code"}],"reply_markup":{"inline_keyboard":[[{"text":"驳回(reject)","callback_data":"reject P2025083121570788227795363"},{"text":"通过(pass)","callback_data":"pass P2025083121570788227795363"}]]}},"chat_instance":"8660457388955463702","data":"pass P2025083121570788227795363"}}

【2025-08-31 21:58:22】
回调信息：{"update_id":448782352,"callback_query":{"id":"6046289333035462631","from":{"id":7850212381,"is_bot":false,"first_name":"老挝-巴西出款 小龙~鬼鬼","username":"laowobxck01","language_code":"zh-hans","is_premium":true},"message":{"message_id":3665,"from":{"id":7762675448,"is_bot":true,"first_name":"YunPay","username":"YunPay3_bot"},"chat":{"id":-1002609953078,"title":"WG 巴西-YunPay-10328-pgslots6868-0.4%","type":"supergroup"},"date":1756688228,"text":"代付风控提示\n\n系统订单号：P2025083121570788227795363\n外部订单号：01310888220690000891014\n订单金额：19821.00\n开户名 ：ana carina carvalho\n账号 ：52905608234\n申请时间：2025-08-31 21:57:07","entities":[{"offset":14,"length":26,"type":"code"},{"offset":47,"length":23,"type":"code"}],"reply_markup":{"inline_keyboard":[[{"text":"驳回(reject)","callback_data":"reject P2025083121570788227795363"},{"text":"通过(pass)","callback_data":"pass P2025083121570788227795363"}]]}},"chat_instance":"8660457388955463702","data":"pass P2025083121570788227795363"}}

【2025-08-31 21:59:11】
回调信息：{"update_id":448782353,"message":{"message_id":14257,"from":{"id":7175416985,"is_bot":false,"first_name":"SBET|XNK' XIAOLAN","username":"SBET_XNK022"},"chat":{"id":-1002499994426,"title":"YunPay-10048-SBET【0.4%+0】巴西《本群不会申请资金下发》","type":"supergroup"},"date":1756688351,"text":"\/balance@YunPay3_bot","entities":[{"offset":0,"length":20,"type":"bot_command"}]}}

【2025-08-31 21:59:33】
回调信息：{"update_id":448782354,"message":{"message_id":191,"from":{"id":7687121082,"is_bot":false,"first_name":"小贵","username":"xiaogui7IWIN","is_premium":true},"chat":{"id":-1003066756356,"title":"巴西-YunPay-10472-7pwin","type":"supergroup"},"date":1756688372,"text":"\/balance@YunPay3_bot","entities":[{"offset":0,"length":20,"type":"bot_command"}]}}

