【2025-08-31 17:01:52】
回调信息：{"update_id":448782044,"callback_query":{"id":"6143118674377607846","from":{"id":7872757218,"is_bot":false,"first_name":"梅香","username":"meixiang1101","language_code":"zh-hans"},"message":{"message_id":1921,"from":{"id":7762675448,"is_bot":true,"first_name":"YunPay","username":"YunPay3_bot"},"chat":{"id":-1002782140985,"title":"巴西-yunpay-10473-btb777 （0.4%）","type":"supergroup"},"date":1756670510,"text":"代付风控提示\n\n系统订单号：P2025083117014970509965112\n外部订单号：281703798132917683\n订单金额：200.00\n开户名 ：Ana Rayane Félix chaves\n账号 ：08839750339\n申请时间：2025-08-31 17:01:49","entities":[{"offset":14,"length":26,"type":"code"},{"offset":47,"length":18,"type":"code"}],"reply_markup":{"inline_keyboard":[[{"text":"驳回(reject)","callback_data":"reject P2025083117014970509965112"},{"text":"通过(pass)","callback_data":"pass P2025083117014970509965112"}]]}},"chat_instance":"-4041285927349464447","data":"pass P2025083117014970509965112"}}

【2025-08-31 17:07:30】
回调信息：{"update_id":448782045,"message":{"message_id":3337,"from":{"id":6678755868,"is_bot":false,"first_name":"VIB - CSKHQT - 0170","username":"VIBAP777","is_premium":true},"chat":{"id":-1002780614434,"title":"巴西-YunPay-10419-xx8-0.4%","type":"supergroup"},"date":1756670849,"text":"\/balance@YunPay3_bot","entities":[{"offset":0,"length":20,"type":"bot_command"}]}}

【2025-08-31 17:07:47】
回调信息：{"update_id":448782046,"message":{"message_id":6057,"from":{"id":6678755868,"is_bot":false,"first_name":"VIB - CSKHQT - 0170","username":"VIBAP777","is_premium":true},"chat":{"id":-1002546140861,"title":"巴西-yunpay-10287-ABC8（0.4%）","type":"supergroup"},"date":1756670867,"text":"\/balance@YunPay3_bot","entities":[{"offset":0,"length":20,"type":"bot_command"}]}}

【2025-08-31 17:11:58】
回调信息：{"update_id":448782047,"message":{"message_id":1923,"from":{"id":7872757218,"is_bot":false,"first_name":"梅香","username":"meixiang1101","language_code":"zh-hans"},"chat":{"id":-1002782140985,"title":"巴西-yunpay-10473-btb777 （0.4%）","type":"supergroup"},"date":1756671117,"text":"\/df 281719266798681224","entities":[{"offset":0,"length":3,"type":"bot_command"}]}}

【2025-08-31 17:13:21】
回调信息：{"update_id":448782048,"callback_query":{"id":"6143118673400841951","from":{"id":7872757218,"is_bot":false,"first_name":"梅香","username":"meixiang1101","language_code":"zh-hans"},"message":{"message_id":1925,"from":{"id":7762675448,"is_bot":true,"first_name":"YunPay","username":"YunPay3_bot"},"chat":{"id":-1002782140985,"title":"巴西-yunpay-10473-btb777 （0.4%）","type":"supergroup"},"date":1756671197,"text":"代付风控提示\n\n系统订单号：P2025083117131671196253392\n外部订单号：281719918502516472\n订单金额：285.00\n开户名 ：Aline santos\n账号 ：41001330811\n申请时间：2025-08-31 17:13:16","entities":[{"offset":14,"length":26,"type":"code"},{"offset":47,"length":18,"type":"code"}],"reply_markup":{"inline_keyboard":[[{"text":"驳回(reject)","callback_data":"reject P2025083117131671196253392"},{"text":"通过(pass)","callback_data":"pass P2025083117131671196253392"}]]}},"chat_instance":"-4041285927349464447","data":"pass P2025083117131671196253392"}}

【2025-08-31 17:13:22】
回调信息：{"update_id":448782049,"callback_query":{"id":"6143118673006514704","from":{"id":7872757218,"is_bot":false,"first_name":"梅香","username":"meixiang1101","language_code":"zh-hans"},"message":{"message_id":1926,"from":{"id":7762675448,"is_bot":true,"first_name":"YunPay","username":"YunPay3_bot"},"chat":{"id":-1002782140985,"title":"巴西-yunpay-10473-btb777 （0.4%）","type":"supergroup"},"date":1756671199,"text":"代付风控提示\n\n系统订单号：P2025083117131871198654298\n外部订单号：281720916197534633\n订单金额：250.00\n开户名 ：Igo\n账号 ：08715835340\n申请时间：2025-08-31 17:13:18","entities":[{"offset":14,"length":26,"type":"code"},{"offset":47,"length":18,"type":"code"}],"reply_markup":{"inline_keyboard":[[{"text":"驳回(reject)","callback_data":"reject P2025083117131871198654298"},{"text":"通过(pass)","callback_data":"pass P2025083117131871198654298"}]]}},"chat_instance":"-4041285927349464447","data":"pass P2025083117131871198654298"}}

【2025-08-31 17:16:09】
回调信息：{"update_id":448782050,"callback_query":{"id":"3137794833388103007","from":{"id":7173025734,"is_bot":false,"first_name":"莫名","last_name":"莫名","username":"lo25364","language_code":"zh-hans"},"message":{"message_id":3073,"from":{"id":7762675448,"is_bot":true,"first_name":"YunPay","username":"YunPay3_bot"},"chat":{"id":-1002988535158,"title":"巴西-YunPay-10442 mariojogo- 0.4%","type":"supergroup"},"date":1756670405,"text":"代付风控提示\n\n系统订单号：P2025083117000470404501272\n外部订单号：281712628572231445\n订单金额：225.00\n开户名 ：Victor kayan Alves de Almeida\n账号 ：48476616805\n申请时间：2025-08-31 17:00:04","entities":[{"offset":14,"length":26,"type":"code"},{"offset":47,"length":18,"type":"code"},{"offset":117,"length":11,"type":"phone_number"}],"reply_markup":{"inline_keyboard":[[{"text":"驳回(reject)","callback_data":"reject P2025083117000470404501272"},{"text":"通过(pass)","callback_data":"pass P2025083117000470404501272"}]]}},"chat_instance":"3039285739919429818","data":"pass P2025083117000470404501272"}}

【2025-08-31 17:18:00】
回调信息：{"update_id":448782051,"callback_query":{"id":"6143118671648396840","from":{"id":7872757218,"is_bot":false,"first_name":"梅香","username":"meixiang1101","language_code":"zh-hans"},"message":{"message_id":1929,"from":{"id":7762675448,"is_bot":true,"first_name":"YunPay","username":"YunPay3_bot"},"chat":{"id":-1002782140985,"title":"巴西-yunpay-10473-btb777 （0.4%）","type":"supergroup"},"date":1756671468,"text":"代付风控提示\n\n系统订单号：P2025083117174771467311948\n外部订单号：281729117443402703\n订单金额：137.00\n开户名 ：Cleidimar\n账号 ：+5533999956080\n申请时间：2025-08-31 17:17:47","entities":[{"offset":14,"length":26,"type":"code"},{"offset":47,"length":18,"type":"code"},{"offset":97,"length":14,"type":"phone_number"}],"reply_markup":{"inline_keyboard":[[{"text":"驳回(reject)","callback_data":"reject P2025083117174771467311948"},{"text":"通过(pass)","callback_data":"pass P2025083117174771467311948"}]]}},"chat_instance":"-4041285927349464447","data":"pass P2025083117174771467311948"}}

【2025-08-31 17:18:01】
回调信息：{"update_id":448782052,"callback_query":{"id":"6143118671500701343","from":{"id":7872757218,"is_bot":false,"first_name":"梅香","username":"meixiang1101","language_code":"zh-hans"},"message":{"message_id":1930,"from":{"id":7762675448,"is_bot":true,"first_name":"YunPay","username":"YunPay3_bot"},"chat":{"id":-1002782140985,"title":"巴西-yunpay-10473-btb777 （0.4%）","type":"supergroup"},"date":1756671469,"text":"代付风控提示\n\n系统订单号：P2025083117174971469936147\n外部订单号：281729299883730720\n订单金额：280.00\n开户名 ：Educado\n账号 ：16061033427\n申请时间：2025-08-31 17:17:49","entities":[{"offset":14,"length":26,"type":"code"},{"offset":47,"length":18,"type":"code"}],"reply_markup":{"inline_keyboard":[[{"text":"驳回(reject)","callback_data":"reject P2025083117174971469936147"},{"text":"通过(pass)","callback_data":"pass P2025083117174971469936147"}]]}},"chat_instance":"-4041285927349464447","data":"pass P2025083117174971469936147"}}

【2025-08-31 17:21:45】
回调信息：{"update_id":448782053,"callback_query":{"id":"7262142714248372909","from":{"id":8133300306,"is_bot":false,"first_name":"瑶瑶 ɣɑ❍ɣɑ❍","username":"yaoyao4441","language_code":"vi","is_premium":true},"message":{"message_id":1933,"from":{"id":7762675448,"is_bot":true,"first_name":"YunPay","username":"YunPay3_bot"},"chat":{"id":-1002782140985,"title":"巴西-yunpay-10473-btb777 （0.4%）","type":"supergroup"},"date":1756671702,"text":"代付风控提示\n\n系统订单号：P2025083117214171701135547\n外部订单号：281672689668129132\n订单金额：100.00\n开户名 ：Sabrina kessia moreira Monteiro\n账号 ：61234797330\n申请时间：2025-08-31 17:21:41","entities":[{"offset":14,"length":26,"type":"code"},{"offset":47,"length":18,"type":"code"}],"reply_markup":{"inline_keyboard":[[{"text":"驳回(reject)","callback_data":"reject P2025083117214171701135547"},{"text":"通过(pass)","callback_data":"pass P2025083117214171701135547"}]]}},"chat_instance":"-4041285927349464447","data":"pass P2025083117214171701135547"}}

【2025-08-31 17:22:13】
回调信息：{"update_id":448782054,"callback_query":{"id":"3822279729474128763","from":{"id":889943849,"is_bot":false,"first_name":"xiaowang","username":"mng899","language_code":"zh-hans","is_premium":true},"message":{"message_id":3322,"from":{"id":7762675448,"is_bot":true,"first_name":"YunPay","username":"YunPay3_bot"},"chat":{"id":-1002182276364,"title":"SSSBET-巴西-yunpay-10042","type":"supergroup"},"date":1756671726,"text":"代付风控提示\n\n系统订单号：P2025083117220571725378349\n外部订单号：fhz3NoDlwmsroBmd\n订单金额：8000.00\n开户名 ：Letícia Cristina da Silva\n账号 ：01059617951\n申请时间：2025-08-31 17:22:05","entities":[{"offset":14,"length":26,"type":"code"},{"offset":47,"length":16,"type":"code"}],"reply_markup":{"inline_keyboard":[[{"text":"驳回(reject)","callback_data":"reject P2025083117220571725378349"},{"text":"通过(pass)","callback_data":"pass P2025083117220571725378349"}]]}},"chat_instance":"2020746856957777719","data":"pass P2025083117220571725378349"}}

【2025-08-31 17:22:21】
回调信息：{"update_id":448782055,"message":{"message_id":9832,"from":{"id":8015682537,"is_bot":false,"first_name":"TIEULONG - CSKHQT - CS0189","username":"TIEULONG9999999","is_premium":true},"chat":{"id":-1002280031772,"title":"巴西-YunPay-10180-vip777-0.4%","type":"supergroup"},"date":1756671741,"text":"\/balance@YunPay3_bot","entities":[{"offset":0,"length":20,"type":"bot_command"}]}}

【2025-08-31 17:22:35】
回调信息：{"update_id":448782056,"message":{"message_id":12201,"from":{"id":8015682537,"is_bot":false,"first_name":"TIEULONG - CSKHQT - CS0189","username":"TIEULONG9999999","is_premium":true},"chat":{"id":-1002319776228,"title":"巴西-YunPay-10168-777vip-0.4%","type":"supergroup"},"date":1756671755,"text":"\/balance@YunPay3_bot","entities":[{"offset":0,"length":20,"type":"bot_command"}]}}

【2025-08-31 17:22:44】
回调信息：{"update_id":448782057,"message":{"message_id":8202,"from":{"id":8015682537,"is_bot":false,"first_name":"TIEULONG - CSKHQT - CS0189","username":"TIEULONG9999999","is_premium":true},"chat":{"id":-1002326852572,"title":"巴西-YunPay-10182-jun88-0.4%","type":"supergroup"},"date":1756671764,"text":"\/balance@YunPay3_bot","entities":[{"offset":0,"length":20,"type":"bot_command"}]}}

【2025-08-31 17:22:51】
回调信息：{"update_id":448782058,"callback_query":{"id":"6143118673419815384","from":{"id":7872757218,"is_bot":false,"first_name":"梅香","username":"meixiang1101","language_code":"zh-hans"},"message":{"message_id":1935,"from":{"id":7762675448,"is_bot":true,"first_name":"YunPay","username":"YunPay3_bot"},"chat":{"id":-1002782140985,"title":"巴西-yunpay-10473-btb777 （0.4%）","type":"supergroup"},"date":1756671765,"text":"代付风控提示\n\n系统订单号：P2025083117224571765134829\n外部订单号：281737134744810601\n订单金额：120.00\n开户名 ：Maria Eduarda Jerônimo\n账号 ：71352186128\n申请时间：2025-08-31 17:22:45","entities":[{"offset":14,"length":26,"type":"code"},{"offset":47,"length":18,"type":"code"}],"reply_markup":{"inline_keyboard":[[{"text":"驳回(reject)","callback_data":"reject P2025083117224571765134829"},{"text":"通过(pass)","callback_data":"pass P2025083117224571765134829"}]]}},"chat_instance":"-4041285927349464447","data":"pass P2025083117224571765134829"}}

【2025-08-31 17:22:56】
回调信息：{"update_id":448782059,"message":{"message_id":9048,"from":{"id":8015682537,"is_bot":false,"first_name":"TIEULONG - CSKHQT - CS0189","username":"TIEULONG9999999","is_premium":true},"chat":{"id":-1002253039276,"title":"巴西-YunPay-10183-ok9-0.4%","type":"supergroup"},"date":1756671776,"text":"\/balance@YunPay3_bot","entities":[{"offset":0,"length":20,"type":"bot_command"}]}}

【2025-08-31 17:23:34】
回调信息：{"update_id":448782060,"message":{"message_id":10258,"from":{"id":8015682537,"is_bot":false,"first_name":"TIEULONG - CSKHQT - CS0189","username":"TIEULONG9999999","is_premium":true},"chat":{"id":-1002392249869,"title":"巴西-YunPay-10181-ap777-0.4%","type":"supergroup"},"date":1756671813,"text":"\/balance@YunPay3_bot","entities":[{"offset":0,"length":20,"type":"bot_command"}]}}

【2025-08-31 17:25:12】
回调信息：{"update_id":448782061,"message":{"message_id":10744,"from":{"id":8015682537,"is_bot":false,"first_name":"TIEULONG - CSKHQT - CS0189","username":"TIEULONG9999999","is_premium":true},"chat":{"id":-1002342663191,"title":"巴西-YunPay-10186-ka777-0.4%","type":"supergroup"},"date":1756671911,"text":"\/balance@YunPay3_bot","entities":[{"offset":0,"length":20,"type":"bot_command"}]}}

【2025-08-31 17:25:50】
回调信息：{"update_id":448782062,"callback_query":{"id":"6143118671767450389","from":{"id":7872757218,"is_bot":false,"first_name":"梅香","username":"meixiang1101","language_code":"zh-hans"},"message":{"message_id":1937,"from":{"id":7762675448,"is_bot":true,"first_name":"YunPay","username":"YunPay3_bot"},"chat":{"id":-1002782140985,"title":"巴西-yunpay-10473-btb777 （0.4%）","type":"supergroup"},"date":1756671947,"text":"代付风控提示\n\n系统订单号：P2025083117254771947185135\n外部订单号：281742206369067238\n订单金额：382.00\n开户名 ：Carol\n账号 ：Vcarolaine068@gmail.com\n申请时间：2025-08-31 17:25:47","entities":[{"offset":14,"length":26,"type":"code"},{"offset":47,"length":18,"type":"code"},{"offset":92,"length":24,"type":"url"}],"reply_markup":{"inline_keyboard":[[{"text":"驳回(reject)","callback_data":"reject P2025083117254771947185135"},{"text":"通过(pass)","callback_data":"pass P2025083117254771947185135"}]]}},"chat_instance":"-4041285927349464447","data":"pass P2025083117254771947185135"}}

【2025-08-31 17:25:58】
回调信息：{"update_id":448782063,"message":{"message_id":4863,"from":{"id":8158377729,"is_bot":false,"first_name":"YunPay","last_name":"发财","username":"yunpay007","is_premium":true},"chat":{"id":-1002726204447,"title":"巴西-YUNPAY-10385-top88-0.4%+0","type":"supergroup"},"date":1756671958,"text":"\/ds 2025083116543357101575151","entities":[{"offset":0,"length":3,"type":"bot_command"}]}}

【2025-08-31 17:27:11】
回调信息：{"update_id":448782064,"message":{"message_id":14295,"from":{"id":7309333694,"is_bot":false,"first_name":"OK8 + VIP | XNK | KARL","username":"OK8XNK07"},"chat":{"id":-1002361427375,"title":"YunPay-10051-OK8【0.4%+0】巴西《本群不会申请资金下发》","type":"supergroup"},"date":1756672031,"text":"\/df TX17566719833645003005","entities":[{"offset":0,"length":3,"type":"bot_command"}]}}

【2025-08-31 17:27:17】
回调信息：{"update_id":448782065,"message":{"message_id":14297,"from":{"id":6447466537,"is_bot":false,"first_name":"OK8 + VIP XNK - 珍妮 JENNIE","username":"OK8_XNK04"},"chat":{"id":-1002361427375,"title":"YunPay-10051-OK8【0.4%+0】巴西《本群不会申请资金下发》","type":"supergroup"},"date":1756672036,"text":"\/df TX17566719833645003005","entities":[{"offset":0,"length":3,"type":"bot_command"}]}}

【2025-08-31 17:27:41】
回调信息：{"update_id":448782066,"message":{"message_id":14299,"from":{"id":7309333694,"is_bot":false,"first_name":"OK8 + VIP | XNK | KARL","username":"OK8XNK07"},"chat":{"id":-1002361427375,"title":"YunPay-10051-OK8【0.4%+0】巴西《本群不会申请资金下发》","type":"supergroup"},"date":1756672060,"text":"\/df TX17566719833645003005","entities":[{"offset":0,"length":3,"type":"bot_command"}]}}

【2025-08-31 17:28:10】
回调信息：{"update_id":448782067,"message":{"message_id":16589,"from":{"id":7193392044,"is_bot":false,"first_name":"B55 | XNK - VISAL","username":"B55XNK01"},"chat":{"id":-1002457501685,"title":"YunPay-10049-B55【0.4%+0】巴西《本群不会申请资金下发》","type":"supergroup"},"date":1756672090,"text":"\/balance@YunPay3_bot","entities":[{"offset":0,"length":20,"type":"bot_command"}]}}

【2025-08-31 17:29:29】
回调信息：{"update_id":448782068,"callback_query":{"id":"6143118670143354891","from":{"id":7872757218,"is_bot":false,"first_name":"梅香","username":"meixiang1101","language_code":"zh-hans"},"message":{"message_id":1939,"from":{"id":7762675448,"is_bot":true,"first_name":"YunPay","username":"YunPay3_bot"},"chat":{"id":-1002782140985,"title":"巴西-yunpay-10473-btb777 （0.4%）","type":"supergroup"},"date":1756672166,"text":"代付风控提示\n\n系统订单号：P2025083117292572165728252\n外部订单号：281747540219464195\n订单金额：430.00\n开户名 ：Thais\n账号 ：+5598985377472\n申请时间：2025-08-31 17:29:25","entities":[{"offset":14,"length":26,"type":"code"},{"offset":47,"length":18,"type":"code"},{"offset":93,"length":14,"type":"phone_number"}],"reply_markup":{"inline_keyboard":[[{"text":"驳回(reject)","callback_data":"reject P2025083117292572165728252"},{"text":"通过(pass)","callback_data":"pass P2025083117292572165728252"}]]}},"chat_instance":"-4041285927349464447","data":"pass P2025083117292572165728252"}}

【2025-08-31 17:29:57】
回调信息：{"update_id":448782069,"callback_query":{"id":"3137794834330765799","from":{"id":7173025734,"is_bot":false,"first_name":"莫名","last_name":"莫名","username":"lo25364","language_code":"zh-hans"},"message":{"message_id":3075,"from":{"id":7762675448,"is_bot":true,"first_name":"YunPay","username":"YunPay3_bot"},"chat":{"id":-1002988535158,"title":"巴西-YunPay-10442 mariojogo- 0.4%","type":"supergroup"},"date":1756672191,"text":"代付风控提示\n\n系统订单号：P2025083117295072190086252\n外部订单号：281747392893300544\n订单金额：242.00\n开户名 ：Thaynan\n账号 ：12019854988\n申请时间：2025-08-31 17:29:50","entities":[{"offset":14,"length":26,"type":"code"},{"offset":47,"length":18,"type":"code"}],"reply_markup":{"inline_keyboard":[[{"text":"驳回(reject)","callback_data":"reject P2025083117295072190086252"},{"text":"通过(pass)","callback_data":"pass P2025083117295072190086252"}]]}},"chat_instance":"3039285739919429818","data":"pass P2025083117295072190086252"}}

【2025-08-31 17:30:35】
回调信息：{"update_id":448782070,"message":{"message_id":1838,"from":{"id":6378481852,"is_bot":false,"first_name":"SAC-3","username":"akuwibu69"},"chat":{"id":-1002419887792,"title":"巴西-YunPay-10029-bcw888888","type":"supergroup"},"date":1756672234,"new_chat_participant":{"id":8194098220,"is_bot":false,"first_name":"SAC-4","last_name":"."},"new_chat_member":{"id":8194098220,"is_bot":false,"first_name":"SAC-4","last_name":"."},"new_chat_members":[{"id":8194098220,"is_bot":false,"first_name":"SAC-4","last_name":"."}]}}

【2025-08-31 17:31:09】
回调信息：{"update_id":448782071,"message":{"message_id":6059,"from":{"id":7982063491,"is_bot":false,"first_name":"DAYAN - CSKHQT - 0188","username":"DAYANABC777","is_premium":true},"chat":{"id":-1002546140861,"title":"巴西-yunpay-10287-ABC8（0.4%）","type":"supergroup"},"date":1756672268,"text":"\/balance@YunPay3_bot","entities":[{"offset":0,"length":20,"type":"bot_command"}]}}

【2025-08-31 17:31:16】
回调信息：{"update_id":448782072,"message":{"message_id":5914,"from":{"id":7982063491,"is_bot":false,"first_name":"DAYAN - CSKHQT - 0188","username":"DAYANABC777","is_premium":true},"chat":{"id":-1002343272209,"title":"巴西-yunpay-km88-10296-0.4%","type":"supergroup"},"date":1756672276,"text":"\/balance@YunPay3_bot","entities":[{"offset":0,"length":20,"type":"bot_command"}]}}

【2025-08-31 17:31:24】
回调信息：{"update_id":448782073,"message":{"message_id":1165,"from":{"id":7982063491,"is_bot":false,"first_name":"DAYAN - CSKHQT - 0188","username":"DAYANABC777","is_premium":true},"chat":{"id":-1003013065972,"title":"巴西-YunPay—wp777-10297","type":"supergroup"},"date":1756672284,"text":"\/balance@YunPay3_bot","entities":[{"offset":0,"length":20,"type":"bot_command"}]}}

【2025-08-31 17:31:36】
回调信息：{"update_id":448782074,"message":{"message_id":4135,"from":{"id":7982063491,"is_bot":false,"first_name":"DAYAN - CSKHQT - 0188","username":"DAYANABC777","is_premium":true},"chat":{"id":-1002803739845,"title":"巴西-YunPay-10313-cs8-0.4%","type":"supergroup"},"date":1756672295,"text":"\/balance@YunPay3_bot","entities":[{"offset":0,"length":20,"type":"bot_command"}]}}

【2025-08-31 17:31:49】
回调信息：{"update_id":448782075,"message":{"message_id":3339,"from":{"id":7982063491,"is_bot":false,"first_name":"DAYAN - CSKHQT - 0188","username":"DAYANABC777","is_premium":true},"chat":{"id":-1002780614434,"title":"巴西-YunPay-10419-xx8-0.4%","type":"supergroup"},"date":1756672309,"text":"\/balance@YunPay3_bot","entities":[{"offset":0,"length":20,"type":"bot_command"}]}}

【2025-08-31 17:34:06】
回调信息：{"update_id":448782076,"message":{"message_id":13274,"from":{"id":8089284972,"is_bot":false,"first_name":"DAKE - CSKHQT - CS0209","username":"Tinhtam0111","is_premium":true},"chat":{"id":-1002680635315,"title":"巴西-YunPay-10243-u888-0.4%","type":"supergroup"},"date":1756672445,"text":"\/balance@YunPay3_bot","entities":[{"offset":0,"length":20,"type":"bot_command"}]}}

【2025-08-31 17:34:13】
回调信息：{"update_id":448782077,"message":{"message_id":6672,"from":{"id":8089284972,"is_bot":false,"first_name":"DAKE - CSKHQT - CS0209","username":"Tinhtam0111","is_premium":true},"chat":{"id":-1002316642937,"title":"巴西-YunPay-10260-j88-0.4%","type":"supergroup"},"date":1756672452,"text":"\/balance@YunPay3_bot","entities":[{"offset":0,"length":20,"type":"bot_command"}]}}

【2025-08-31 17:34:20】
回调信息：{"update_id":448782078,"message":{"message_id":7498,"from":{"id":8089284972,"is_bot":false,"first_name":"DAKE - CSKHQT - CS0209","username":"Tinhtam0111","is_premium":true},"chat":{"id":-1002450464780,"title":"巴西-YunPay-10191-sh777-0.4%","type":"supergroup"},"date":1756672460,"text":"\/balance@YunPay3_bot","entities":[{"offset":0,"length":20,"type":"bot_command"}]}}

【2025-08-31 17:34:26】
回调信息：{"update_id":448782079,"message":{"message_id":5502,"from":{"id":8089284972,"is_bot":false,"first_name":"DAKE - CSKHQT - CS0209","username":"Tinhtam0111","is_premium":true},"chat":{"id":-1002453262081,"title":"巴西-yunpay-10288-QR777（0.4%）","type":"supergroup"},"date":1756672465,"text":"\/balance@YunPay3_bot","entities":[{"offset":0,"length":20,"type":"bot_command"}]}}

【2025-08-31 17:34:34】
回调信息：{"update_id":448782080,"message":{"message_id":6055,"from":{"id":8089284972,"is_bot":false,"first_name":"DAKE - CSKHQT - CS0209","username":"Tinhtam0111","is_premium":true},"chat":{"id":-1002473165186,"title":"巴西-yunpay-10220-fm777-0.4%","type":"supergroup"},"date":1756672473,"text":"\/balance@YunPay3_bot","entities":[{"offset":0,"length":20,"type":"bot_command"}]}}

【2025-08-31 17:37:14】
回调信息：{"update_id":448782081,"message":{"message_id":14301,"from":{"id":6447466537,"is_bot":false,"first_name":"OK8 + VIP XNK - 珍妮 JENNIE","username":"OK8_XNK04"},"chat":{"id":-1002361427375,"title":"YunPay-10051-OK8【0.4%+0】巴西《本群不会申请资金下发》","type":"supergroup"},"date":1756672634,"text":"\/df TX17566725679191680530","entities":[{"offset":0,"length":3,"type":"bot_command"}]}}

【2025-08-31 17:39:53】
回调信息：{"update_id":448782082,"message":{"message_id":14303,"from":{"id":6447466537,"is_bot":false,"first_name":"OK8 + VIP XNK - 珍妮 JENNIE","username":"OK8_XNK04"},"chat":{"id":-1002361427375,"title":"YunPay-10051-OK8【0.4%+0】巴西《本群不会申请资金下发》","type":"supergroup"},"date":1756672792,"text":"\/df TX17566727065949310557","entities":[{"offset":0,"length":3,"type":"bot_command"}]}}

【2025-08-31 17:43:05】
回调信息：{"update_id":448782083,"message":{"message_id":5916,"from":{"id":7605038857,"is_bot":false,"first_name":"FRANK - CSKHQT-0207","username":"mindofastoner_TM","is_premium":true},"chat":{"id":-1002343272209,"title":"巴西-yunpay-km88-10296-0.4%","type":"supergroup"},"date":1756672984,"text":"\/balance@YunPay3_bot","entities":[{"offset":0,"length":20,"type":"bot_command"}]}}

【2025-08-31 17:43:20】
回调信息：{"update_id":448782084,"message":{"message_id":6061,"from":{"id":7605038857,"is_bot":false,"first_name":"FRANK - CSKHQT-0207","username":"mindofastoner_TM","is_premium":true},"chat":{"id":-1002546140861,"title":"巴西-yunpay-10287-ABC8（0.4%）","type":"supergroup"},"date":1756672999,"text":"\/balance@YunPay3_bot","entities":[{"offset":0,"length":20,"type":"bot_command"}]}}

【2025-08-31 17:43:30】
回调信息：{"update_id":448782085,"message":{"message_id":1167,"from":{"id":7605038857,"is_bot":false,"first_name":"FRANK - CSKHQT-0207","username":"mindofastoner_TM","is_premium":true},"chat":{"id":-1003013065972,"title":"巴西-YunPay—wp777-10297","type":"supergroup"},"date":1756673009,"text":"\/balance@YunPay3_bot","entities":[{"offset":0,"length":20,"type":"bot_command"}]}}

【2025-08-31 17:43:44】
回调信息：{"update_id":448782086,"message":{"message_id":4137,"from":{"id":7605038857,"is_bot":false,"first_name":"FRANK - CSKHQT-0207","username":"mindofastoner_TM","is_premium":true},"chat":{"id":-1002803739845,"title":"巴西-YunPay-10313-cs8-0.4%","type":"supergroup"},"date":1756673024,"text":"\/balance@YunPay3_bot","entities":[{"offset":0,"length":20,"type":"bot_command"}]}}

【2025-08-31 17:44:00】
回调信息：{"update_id":448782087,"callback_query":{"id":"3137794834148796815","from":{"id":7173025734,"is_bot":false,"first_name":"莫名","last_name":"莫名","username":"lo25364","language_code":"zh-hans"},"message":{"message_id":3077,"from":{"id":7762675448,"is_bot":true,"first_name":"YunPay","username":"YunPay3_bot"},"chat":{"id":-1002988535158,"title":"巴西-YunPay-10442 mariojogo- 0.4%","type":"supergroup"},"date":1756672880,"text":"代付风控提示\n\n系统订单号：P2025083117411972879388593\n外部订单号：281778387648983577\n订单金额：101.00\n开户名 ：Yaxr\n账号 ：+5531994831636\n申请时间：2025-08-31 17:41:19","entities":[{"offset":14,"length":26,"type":"code"},{"offset":47,"length":18,"type":"code"},{"offset":92,"length":14,"type":"phone_number"}],"reply_markup":{"inline_keyboard":[[{"text":"驳回(reject)","callback_data":"reject P2025083117411972879388593"},{"text":"通过(pass)","callback_data":"pass P2025083117411972879388593"}]]}},"chat_instance":"3039285739919429818","data":"pass P2025083117411972879388593"}}

【2025-08-31 17:44:04】
回调信息：{"update_id":448782088,"message":{"message_id":3341,"from":{"id":7605038857,"is_bot":false,"first_name":"FRANK - CSKHQT-0207","username":"mindofastoner_TM","is_premium":true},"chat":{"id":-1002780614434,"title":"巴西-YunPay-10419-xx8-0.4%","type":"supergroup"},"date":1756673044,"text":"\/balance@YunPay3_bot","entities":[{"offset":0,"length":20,"type":"bot_command"}]}}

【2025-08-31 17:44:49】
回调信息：{"update_id":448782089,"message":{"message_id":14305,"from":{"id":6447466537,"is_bot":false,"first_name":"OK8 + VIP XNK - 珍妮 JENNIE","username":"OK8_XNK04"},"chat":{"id":-1002361427375,"title":"YunPay-10051-OK8【0.4%+0】巴西《本群不会申请资金下发》","type":"supergroup"},"date":1756673088,"text":"\/balance@YunPay3_bot","entities":[{"offset":0,"length":20,"type":"bot_command"}]}}

【2025-08-31 17:45:08】
回调信息：{"update_id":448782090,"callback_query":{"id":"6143118670583382073","from":{"id":7872757218,"is_bot":false,"first_name":"梅香","username":"meixiang1101","language_code":"zh-hans"},"message":{"message_id":1941,"from":{"id":7762675448,"is_bot":true,"first_name":"YunPay","username":"YunPay3_bot"},"chat":{"id":-1002782140985,"title":"巴西-yunpay-10473-btb777 （0.4%）","type":"supergroup"},"date":1756673104,"text":"代付风控提示\n\n系统订单号：P2025083117450373103313598\n外部订单号：281772595270453020\n订单金额：100.00\n开户名 ：Wilter\n账号 ：+5585994320230\n申请时间：2025-08-31 17:45:03","entities":[{"offset":14,"length":26,"type":"code"},{"offset":47,"length":18,"type":"code"},{"offset":94,"length":14,"type":"phone_number"}],"reply_markup":{"inline_keyboard":[[{"text":"驳回(reject)","callback_data":"reject P2025083117450373103313598"},{"text":"通过(pass)","callback_data":"pass P2025083117450373103313598"}]]}},"chat_instance":"-4041285927349464447","data":"pass P2025083117450373103313598"}}

【2025-08-31 17:46:24】
回调信息：{"update_id":448782091,"callback_query":{"id":"6143118672624157272","from":{"id":7872757218,"is_bot":false,"first_name":"梅香","username":"meixiang1101","language_code":"zh-hans"},"message":{"message_id":1943,"from":{"id":7762675448,"is_bot":true,"first_name":"YunPay","username":"YunPay3_bot"},"chat":{"id":-1002782140985,"title":"巴西-yunpay-10473-btb777 （0.4%）","type":"supergroup"},"date":1756673175,"text":"代付风控提示\n\n系统订单号：P2025083117461473174249985\n外部订单号：281773612906354866\n订单金额：150.00\n开户名 ：Nayara Bernardo Gomes\n账号 ：04698666163\n申请时间：2025-08-31 17:46:14","entities":[{"offset":14,"length":26,"type":"code"},{"offset":47,"length":18,"type":"code"}],"reply_markup":{"inline_keyboard":[[{"text":"驳回(reject)","callback_data":"reject P2025083117461473174249985"},{"text":"通过(pass)","callback_data":"pass P2025083117461473174249985"}]]}},"chat_instance":"-4041285927349464447","data":"pass P2025083117461473174249985"}}

【2025-08-31 17:47:09】
回调信息：{"update_id":448782092,"callback_query":{"id":"6143118671471368681","from":{"id":7872757218,"is_bot":false,"first_name":"梅香","username":"meixiang1101","language_code":"zh-hans"},"message":{"message_id":1945,"from":{"id":7762675448,"is_bot":true,"first_name":"YunPay","username":"YunPay3_bot"},"chat":{"id":-1002782140985,"title":"巴西-yunpay-10473-btb777 （0.4%）","type":"supergroup"},"date":1756673225,"text":"代付风控提示\n\n系统订单号：P2025083117470473224417354\n外部订单号：281773790434271628\n订单金额：160.00\n开户名 ：Ca\n账号 ：arthurcamila48@gmail.com\n申请时间：2025-08-31 17:47:04","entities":[{"offset":14,"length":26,"type":"code"},{"offset":47,"length":18,"type":"code"},{"offset":89,"length":25,"type":"url"}],"reply_markup":{"inline_keyboard":[[{"text":"驳回(reject)","callback_data":"reject P2025083117470473224417354"},{"text":"通过(pass)","callback_data":"pass P2025083117470473224417354"}]]}},"chat_instance":"-4041285927349464447","data":"pass P2025083117470473224417354"}}

【2025-08-31 17:52:10】
回调信息：{"update_id":448782093,"callback_query":{"id":"6143118672237304906","from":{"id":7872757218,"is_bot":false,"first_name":"梅香","username":"meixiang1101","language_code":"zh-hans"},"message":{"message_id":1947,"from":{"id":7762675448,"is_bot":true,"first_name":"YunPay","username":"YunPay3_bot"},"chat":{"id":-1002782140985,"title":"巴西-yunpay-10473-btb777 （0.4%）","type":"supergroup"},"date":1756673525,"text":"代付风控提示\n\n系统订单号：P2025083117520573525945422\n外部订单号：281781177226296144\n订单金额：103.00\n开户名 ：Thaina\n账号 ：15151055631\n申请时间：2025-08-31 17:52:05","entities":[{"offset":14,"length":26,"type":"code"},{"offset":47,"length":18,"type":"code"}],"reply_markup":{"inline_keyboard":[[{"text":"驳回(reject)","callback_data":"reject P2025083117520573525945422"},{"text":"通过(pass)","callback_data":"pass P2025083117520573525945422"}]]}},"chat_instance":"-4041285927349464447","data":"pass P2025083117520573525945422"}}

【2025-08-31 17:53:01】
回调信息：{"update_id":448782094,"message":{"message_id":914,"from":{"id":7742433551,"is_bot":false,"first_name":"洋洋。。小英","username":"yang2025z","language_code":"zh-hans","is_premium":true},"chat":{"id":-1002301419675,"title":"C81 巴西-YunPay-10152-feijoadabr","type":"supergroup"},"date":1756673580,"text":"\/df TX17561288614729920411","entities":[{"offset":0,"length":3,"type":"bot_command"}]}}

【2025-08-31 17:53:57】
回调信息：{"update_id":448782095,"message":{"message_id":13276,"from":{"id":8089284972,"is_bot":false,"first_name":"DAKE - CSKHQT - CS0209","username":"Tinhtam0111","is_premium":true},"chat":{"id":-1002680635315,"title":"巴西-YunPay-10243-u888-0.4%","type":"supergroup"},"date":1756673636,"text":"\/balance@YunPay3_bot","entities":[{"offset":0,"length":20,"type":"bot_command"}]}}

【2025-08-31 17:53:58】
回调信息：{"update_id":448782096,"message":{"message_id":1890,"from":{"id":8418360644,"is_bot":false,"first_name":"Rachana-客服","username":"KINGCHANAA10"},"chat":{"id":-1002859914962,"title":"巴西-YunPay-10462-AS888","type":"supergroup"},"date":1756673637,"text":"\/ds pay_40116_20250831202347r9EiR","entities":[{"offset":0,"length":3,"type":"bot_command"}]}}

【2025-08-31 17:54:06】
回调信息：{"update_id":448782097,"message":{"message_id":12573,"from":{"id":8058119746,"is_bot":false,"first_name":"组长 出款_Rhovie","username":"Payment_Rhovie"},"chat":{"id":-1002256433700,"title":"巴西-YunPay-10128-222hot-0.4%","type":"supergroup"},"date":1756673646,"text":"\/balance@YunPay3_bot","entities":[{"offset":0,"length":20,"type":"bot_command"}]}}

【2025-08-31 17:54:12】
回调信息：{"update_id":448782098,"message":{"message_id":1892,"from":{"id":8418360644,"is_bot":false,"first_name":"Rachana-客服","username":"KINGCHANAA10"},"chat":{"id":-1002859914962,"title":"巴西-YunPay-10462-AS888","type":"supergroup"},"date":1756673652,"message_thread_id":1890,"reply_to_message":{"message_id":1891,"from":{"id":7762675448,"is_bot":true,"first_name":"YunPay","username":"YunPay3_bot"},"chat":{"id":-1002859914962,"title":"巴西-YunPay-10462-AS888","type":"supergroup"},"date":1756673639,"message_thread_id":1890,"text":"最新订单详情\n---------------------------------------------\n系统订单号：2025083117234751515165884\n外部订单号：pay_40116_20250831202347r9EiR\n订单金额：500.0000\n申请时间：2025-08-31 17:23:47\n成功时间：2025-08-31 17:24:26\n订单状态：成功已回调","entities":[{"offset":59,"length":25,"type":"code"},{"offset":91,"length":29,"type":"code"}]},"text":"give me Econe"}}

【2025-08-31 17:54:42】
回调信息：{"update_id":448782099,"edited_message":{"message_id":1892,"from":{"id":8418360644,"is_bot":false,"first_name":"Rachana-客服","username":"KINGCHANAA10"},"chat":{"id":-1002859914962,"title":"巴西-YunPay-10462-AS888","type":"supergroup"},"date":1756673652,"edit_date":1756673681,"message_thread_id":1890,"reply_to_message":{"message_id":1891,"from":{"id":7762675448,"is_bot":true,"first_name":"YunPay","username":"YunPay3_bot"},"chat":{"id":-1002859914962,"title":"巴西-YunPay-10462-AS888","type":"supergroup"},"date":1756673639,"message_thread_id":1890,"text":"最新订单详情\n---------------------------------------------\n系统订单号：2025083117234751515165884\n外部订单号：pay_40116_20250831202347r9EiR\n订单金额：500.0000\n申请时间：2025-08-31 17:23:47\n成功时间：2025-08-31 17:24:26\n订单状态：成功已回调","entities":[{"offset":59,"length":25,"type":"code"},{"offset":91,"length":29,"type":"code"}]},"text":"give me Ecode"}}

【2025-08-31 17:54:50】
回调信息：{"update_id":448782100,"message":{"message_id":6674,"from":{"id":8089284972,"is_bot":false,"first_name":"DAKE - CSKHQT - CS0209","username":"Tinhtam0111","is_premium":true},"chat":{"id":-1002316642937,"title":"巴西-YunPay-10260-j88-0.4%","type":"supergroup"},"date":1756673689,"text":"\/balance@YunPay3_bot","entities":[{"offset":0,"length":20,"type":"bot_command"}]}}

【2025-08-31 17:55:01】
回调信息：{"update_id":448782101,"message":{"message_id":1894,"from":{"id":6487555975,"is_bot":false,"first_name":"yunpay_","last_name":"柠檬","username":"yuanpay_03","is_premium":true},"chat":{"id":-1002859914962,"title":"巴西-YunPay-10462-AS888","type":"supergroup"},"date":1756673700,"message_thread_id":1890,"reply_to_message":{"message_id":1892,"from":{"id":8418360644,"is_bot":false,"first_name":"Rachana-客服","username":"KINGCHANAA10"},"chat":{"id":-1002859914962,"title":"巴西-YunPay-10462-AS888","type":"supergroup"},"date":1756673652,"edit_date":1756673681,"message_thread_id":1890,"text":"give me Ecode"},"text":"E单号:E22896431202508312024WZaRSZmob1A"}}

【2025-08-31 17:55:18】
回调信息：{"update_id":448782102,"message":{"message_id":1169,"from":{"id":7342465516,"is_bot":false,"first_name":"NOS - DPVQT-CS0159","username":"NOS0159","is_premium":true},"chat":{"id":-1003013065972,"title":"巴西-YunPay—wp777-10297","type":"supergroup"},"date":1756673718,"forward_origin":{"type":"user","sender_user":{"id":8015682537,"is_bot":false,"first_name":"TIEULONG - CSKHQT - CS0189","username":"TIEULONG9999999","is_premium":true},"date":1756671755},"forward_from":{"id":8015682537,"is_bot":false,"first_name":"TIEULONG - CSKHQT - CS0189","username":"TIEULONG9999999","is_premium":true},"forward_date":1756671755,"text":"\/balance@YunPay3_bot","entities":[{"offset":0,"length":20,"type":"bot_command"}]}}

【2025-08-31 17:55:19】
回调信息：{"update_id":448782103,"message":{"message_id":12203,"from":{"id":7342465516,"is_bot":false,"first_name":"NOS - DPVQT-CS0159","username":"NOS0159","is_premium":true},"chat":{"id":-1002319776228,"title":"巴西-YunPay-10168-777vip-0.4%","type":"supergroup"},"date":1756673717,"forward_origin":{"type":"user","sender_user":{"id":8015682537,"is_bot":false,"first_name":"TIEULONG - CSKHQT - CS0189","username":"TIEULONG9999999","is_premium":true},"date":1756671755},"forward_from":{"id":8015682537,"is_bot":false,"first_name":"TIEULONG - CSKHQT - CS0189","username":"TIEULONG9999999","is_premium":true},"forward_date":1756671755,"text":"\/balance@YunPay3_bot","entities":[{"offset":0,"length":20,"type":"bot_command"}]}}

【2025-08-31 17:55:20】
回调信息：{"update_id":448782110,"message":{"message_id":13278,"from":{"id":7342465516,"is_bot":false,"first_name":"NOS - DPVQT-CS0159","username":"NOS0159","is_premium":true},"chat":{"id":-1002680635315,"title":"巴西-YunPay-10243-u888-0.4%","type":"supergroup"},"date":1756673718,"forward_origin":{"type":"user","sender_user":{"id":8015682537,"is_bot":false,"first_name":"TIEULONG - CSKHQT - CS0189","username":"TIEULONG9999999","is_premium":true},"date":1756671755},"forward_from":{"id":8015682537,"is_bot":false,"first_name":"TIEULONG - CSKHQT - CS0189","username":"TIEULONG9999999","is_premium":true},"forward_date":1756671755,"text":"\/balance@YunPay3_bot","entities":[{"offset":0,"length":20,"type":"bot_command"}]}}

【2025-08-31 17:55:20】
回调信息：{"update_id":448782111,"message":{"message_id":6676,"from":{"id":7342465516,"is_bot":false,"first_name":"NOS - DPVQT-CS0159","username":"NOS0159","is_premium":true},"chat":{"id":-1002316642937,"title":"巴西-YunPay-10260-j88-0.4%","type":"supergroup"},"date":1756673718,"forward_origin":{"type":"user","sender_user":{"id":8015682537,"is_bot":false,"first_name":"TIEULONG - CSKHQT - CS0189","username":"TIEULONG9999999","is_premium":true},"date":1756671755},"forward_from":{"id":8015682537,"is_bot":false,"first_name":"TIEULONG - CSKHQT - CS0189","username":"TIEULONG9999999","is_premium":true},"forward_date":1756671755,"text":"\/balance@YunPay3_bot","entities":[{"offset":0,"length":20,"type":"bot_command"}]}}

【2025-08-31 17:55:20】
回调信息：{"update_id":448782109,"message":{"message_id":7500,"from":{"id":7342465516,"is_bot":false,"first_name":"NOS - DPVQT-CS0159","username":"NOS0159","is_premium":true},"chat":{"id":-1002450464780,"title":"巴西-YunPay-10191-sh777-0.4%","type":"supergroup"},"date":1756673718,"forward_origin":{"type":"user","sender_user":{"id":8015682537,"is_bot":false,"first_name":"TIEULONG - CSKHQT - CS0189","username":"TIEULONG9999999","is_premium":true},"date":1756671755},"forward_from":{"id":8015682537,"is_bot":false,"first_name":"TIEULONG - CSKHQT - CS0189","username":"TIEULONG9999999","is_premium":true},"forward_date":1756671755,"text":"\/balance@YunPay3_bot","entities":[{"offset":0,"length":20,"type":"bot_command"}]}}

【2025-08-31 17:55:20】
回调信息：{"update_id":448782107,"message":{"message_id":9050,"from":{"id":7342465516,"is_bot":false,"first_name":"NOS - DPVQT-CS0159","username":"NOS0159","is_premium":true},"chat":{"id":-1002253039276,"title":"巴西-YunPay-10183-ok9-0.4%","type":"supergroup"},"date":1756673718,"forward_origin":{"type":"user","sender_user":{"id":8015682537,"is_bot":false,"first_name":"TIEULONG - CSKHQT - CS0189","username":"TIEULONG9999999","is_premium":true},"date":1756671755},"forward_from":{"id":8015682537,"is_bot":false,"first_name":"TIEULONG - CSKHQT - CS0189","username":"TIEULONG9999999","is_premium":true},"forward_date":1756671755,"text":"\/balance@YunPay3_bot","entities":[{"offset":0,"length":20,"type":"bot_command"}]}}

【2025-08-31 17:55:20】
回调信息：{"update_id":448782105,"message":{"message_id":8204,"from":{"id":7342465516,"is_bot":false,"first_name":"NOS - DPVQT-CS0159","username":"NOS0159","is_premium":true},"chat":{"id":-1002326852572,"title":"巴西-YunPay-10182-jun88-0.4%","type":"supergroup"},"date":1756673717,"forward_origin":{"type":"user","sender_user":{"id":8015682537,"is_bot":false,"first_name":"TIEULONG - CSKHQT - CS0189","username":"TIEULONG9999999","is_premium":true},"date":1756671755},"forward_from":{"id":8015682537,"is_bot":false,"first_name":"TIEULONG - CSKHQT - CS0189","username":"TIEULONG9999999","is_premium":true},"forward_date":1756671755,"text":"\/balance@YunPay3_bot","entities":[{"offset":0,"length":20,"type":"bot_command"}]}}

【2025-08-31 17:55:20】
回调信息：{"update_id":448782106,"message":{"message_id":10260,"from":{"id":7342465516,"is_bot":false,"first_name":"NOS - DPVQT-CS0159","username":"NOS0159","is_premium":true},"chat":{"id":-1002392249869,"title":"巴西-YunPay-10181-ap777-0.4%","type":"supergroup"},"date":1756673717,"forward_origin":{"type":"user","sender_user":{"id":8015682537,"is_bot":false,"first_name":"TIEULONG - CSKHQT - CS0189","username":"TIEULONG9999999","is_premium":true},"date":1756671755},"forward_from":{"id":8015682537,"is_bot":false,"first_name":"TIEULONG - CSKHQT - CS0189","username":"TIEULONG9999999","is_premium":true},"forward_date":1756671755,"text":"\/balance@YunPay3_bot","entities":[{"offset":0,"length":20,"type":"bot_command"}]}}

【2025-08-31 17:55:20】
回调信息：{"update_id":448782113,"message":{"message_id":6057,"from":{"id":7342465516,"is_bot":false,"first_name":"NOS - DPVQT-CS0159","username":"NOS0159","is_premium":true},"chat":{"id":-1002473165186,"title":"巴西-yunpay-10220-fm777-0.4%","type":"supergroup"},"date":1756673718,"forward_origin":{"type":"user","sender_user":{"id":8015682537,"is_bot":false,"first_name":"TIEULONG - CSKHQT - CS0189","username":"TIEULONG9999999","is_premium":true},"date":1756671755},"forward_from":{"id":8015682537,"is_bot":false,"first_name":"TIEULONG - CSKHQT - CS0189","username":"TIEULONG9999999","is_premium":true},"forward_date":1756671755,"text":"\/balance@YunPay3_bot","entities":[{"offset":0,"length":20,"type":"bot_command"}]}}

【2025-08-31 17:55:20】
回调信息：{"update_id":448782112,"message":{"message_id":5504,"from":{"id":7342465516,"is_bot":false,"first_name":"NOS - DPVQT-CS0159","username":"NOS0159","is_premium":true},"chat":{"id":-1002453262081,"title":"巴西-yunpay-10288-QR777（0.4%）","type":"supergroup"},"date":1756673718,"forward_origin":{"type":"user","sender_user":{"id":8015682537,"is_bot":false,"first_name":"TIEULONG - CSKHQT - CS0189","username":"TIEULONG9999999","is_premium":true},"date":1756671755},"forward_from":{"id":8015682537,"is_bot":false,"first_name":"TIEULONG - CSKHQT - CS0189","username":"TIEULONG9999999","is_premium":true},"forward_date":1756671755,"text":"\/balance@YunPay3_bot","entities":[{"offset":0,"length":20,"type":"bot_command"}]}}

【2025-08-31 17:55:20】
回调信息：{"update_id":448782108,"message":{"message_id":10746,"from":{"id":7342465516,"is_bot":false,"first_name":"NOS - DPVQT-CS0159","username":"NOS0159","is_premium":true},"chat":{"id":-1002342663191,"title":"巴西-YunPay-10186-ka777-0.4%","type":"supergroup"},"date":1756673718,"forward_origin":{"type":"user","sender_user":{"id":8015682537,"is_bot":false,"first_name":"TIEULONG - CSKHQT - CS0189","username":"TIEULONG9999999","is_premium":true},"date":1756671755},"forward_from":{"id":8015682537,"is_bot":false,"first_name":"TIEULONG - CSKHQT - CS0189","username":"TIEULONG9999999","is_premium":true},"forward_date":1756671755,"text":"\/balance@YunPay3_bot","entities":[{"offset":0,"length":20,"type":"bot_command"}]}}

【2025-08-31 17:55:20】
回调信息：{"update_id":448782104,"message":{"message_id":9834,"from":{"id":7342465516,"is_bot":false,"first_name":"NOS - DPVQT-CS0159","username":"NOS0159","is_premium":true},"chat":{"id":-1002280031772,"title":"巴西-YunPay-10180-vip777-0.4%","type":"supergroup"},"date":1756673717,"forward_origin":{"type":"user","sender_user":{"id":8015682537,"is_bot":false,"first_name":"TIEULONG - CSKHQT - CS0189","username":"TIEULONG9999999","is_premium":true},"date":1756671755},"forward_from":{"id":8015682537,"is_bot":false,"first_name":"TIEULONG - CSKHQT - CS0189","username":"TIEULONG9999999","is_premium":true},"forward_date":1756671755,"text":"\/balance@YunPay3_bot","entities":[{"offset":0,"length":20,"type":"bot_command"}]}}

【2025-08-31 17:55:20】
回调信息：{"update_id":448782114,"message":{"message_id":6063,"from":{"id":7342465516,"is_bot":false,"first_name":"NOS - DPVQT-CS0159","username":"NOS0159","is_premium":true},"chat":{"id":-1002546140861,"title":"巴西-yunpay-10287-ABC8（0.4%）","type":"supergroup"},"date":1756673718,"forward_origin":{"type":"user","sender_user":{"id":8015682537,"is_bot":false,"first_name":"TIEULONG - CSKHQT - CS0189","username":"TIEULONG9999999","is_premium":true},"date":1756671755},"forward_from":{"id":8015682537,"is_bot":false,"first_name":"TIEULONG - CSKHQT - CS0189","username":"TIEULONG9999999","is_premium":true},"forward_date":1756671755,"text":"\/balance@YunPay3_bot","entities":[{"offset":0,"length":20,"type":"bot_command"}]}}

【2025-08-31 17:55:20】
回调信息：{"update_id":448782115,"message":{"message_id":5918,"from":{"id":7342465516,"is_bot":false,"first_name":"NOS - DPVQT-CS0159","username":"NOS0159","is_premium":true},"chat":{"id":-1002343272209,"title":"巴西-yunpay-km88-10296-0.4%","type":"supergroup"},"date":1756673718,"forward_origin":{"type":"user","sender_user":{"id":8015682537,"is_bot":false,"first_name":"TIEULONG - CSKHQT - CS0189","username":"TIEULONG9999999","is_premium":true},"date":1756671755},"forward_from":{"id":8015682537,"is_bot":false,"first_name":"TIEULONG - CSKHQT - CS0189","username":"TIEULONG9999999","is_premium":true},"forward_date":1756671755,"text":"\/balance@YunPay3_bot","entities":[{"offset":0,"length":20,"type":"bot_command"}]}}

【2025-08-31 17:55:20】
回调信息：{"update_id":448782116,"message":{"message_id":6122,"from":{"id":7342465516,"is_bot":false,"first_name":"NOS - DPVQT-CS0159","username":"NOS0159","is_premium":true},"chat":{"id":-1002604611165,"title":"巴西-YunPay-10213-aq777-0.4%","type":"supergroup"},"date":1756673718,"forward_origin":{"type":"user","sender_user":{"id":8015682537,"is_bot":false,"first_name":"TIEULONG - CSKHQT - CS0189","username":"TIEULONG9999999","is_premium":true},"date":1756671755},"forward_from":{"id":8015682537,"is_bot":false,"first_name":"TIEULONG - CSKHQT - CS0189","username":"TIEULONG9999999","is_premium":true},"forward_date":1756671755,"text":"\/balance@YunPay3_bot","entities":[{"offset":0,"length":20,"type":"bot_command"}]}}

【2025-08-31 17:55:20】
回调信息：{"update_id":448782117,"message":{"message_id":3343,"from":{"id":7342465516,"is_bot":false,"first_name":"NOS - DPVQT-CS0159","username":"NOS0159","is_premium":true},"chat":{"id":-1002780614434,"title":"巴西-YunPay-10419-xx8-0.4%","type":"supergroup"},"date":1756673718,"forward_origin":{"type":"user","sender_user":{"id":8015682537,"is_bot":false,"first_name":"TIEULONG - CSKHQT - CS0189","username":"TIEULONG9999999","is_premium":true},"date":1756671755},"forward_from":{"id":8015682537,"is_bot":false,"first_name":"TIEULONG - CSKHQT - CS0189","username":"TIEULONG9999999","is_premium":true},"forward_date":1756671755,"text":"\/balance@YunPay3_bot","entities":[{"offset":0,"length":20,"type":"bot_command"}]}}

【2025-08-31 17:55:20】
回调信息：{"update_id":448782118,"message":{"message_id":4139,"from":{"id":7342465516,"is_bot":false,"first_name":"NOS - DPVQT-CS0159","username":"NOS0159","is_premium":true},"chat":{"id":-1002803739845,"title":"巴西-YunPay-10313-cs8-0.4%","type":"supergroup"},"date":1756673718,"forward_origin":{"type":"user","sender_user":{"id":8015682537,"is_bot":false,"first_name":"TIEULONG - CSKHQT - CS0189","username":"TIEULONG9999999","is_premium":true},"date":1756671755},"forward_from":{"id":8015682537,"is_bot":false,"first_name":"TIEULONG - CSKHQT - CS0189","username":"TIEULONG9999999","is_premium":true},"forward_date":1756671755,"text":"\/balance@YunPay3_bot","entities":[{"offset":0,"length":20,"type":"bot_command"}]}}

【2025-08-31 17:57:25】
回调信息：{"update_id":448782119,"message":{"message_id":3649,"from":{"id":7843598632,"is_bot":false,"first_name":"老挝-巴西出款 康\\美季🌼","username":"laowock03","is_premium":true},"chat":{"id":-1002609953078,"title":"WG 巴西-YunPay-10328-pgslots6868-0.4%","type":"supergroup"},"date":1756673844,"text":"\/balance@YunPay3_bot","entities":[{"offset":0,"length":20,"type":"bot_command"}]}}

【2025-08-31 17:57:40】
回调信息：{"update_id":448782120,"message":{"message_id":1949,"from":{"id":7872757218,"is_bot":false,"first_name":"梅香","username":"meixiang1101","language_code":"zh-hans"},"chat":{"id":-1002782140985,"title":"巴西-yunpay-10473-btb777 （0.4%）","type":"supergroup"},"date":1756673859,"text":"\/df 281790250521987994","entities":[{"offset":0,"length":3,"type":"bot_command"}]}}

【2025-08-31 17:58:08】
回调信息：{"update_id":448782121,"message":{"message_id":4947,"from":{"id":7843598632,"is_bot":false,"first_name":"老挝-巴西出款 康\\美季🌼","username":"laowock03","is_premium":true},"chat":{"id":-1002708592805,"title":"EG 巴西-YunPay-10329-CBF777-0.4%","type":"supergroup"},"date":1756673887,"text":"\/balance@YunPay3_bot","entities":[{"offset":0,"length":20,"type":"bot_command"}]}}

