【2025-08-31 19:01:17】
P2025083119002577625096962----提交：{"custId":"24120300001308","appId":"8241201350","order":"P2025083119002577625096962","sign":"0F561833B9C93CF5395CDBB38A446CBC"}

【2025-08-31 19:01:17】
P2025083119002577625096962----返回：{"code":"000000","msg":"P2025083119002577625096962","data":{"date":"2025-08-31 19:00:27","eid":"E35713491202508312200259025533ee","amount":"30","name":"MARIA LUCI DE SOUZA","cpf":"10719983908","bankname":"NOVABET OFICIAL","payBank":"","payCpf":"","pixkey":"10719983908","account":"00416968","status":"done","order":"A20250831190025075291qAnsfnz7q"},"sign":"B31BB5AE42FF67C810936A1D0EBAE8E9"}

【2025-08-31 19:01:19】
P2025083119002577625096962----提交：{"custId":"24120300001308","appId":"8241201350","order":"P2025083119002577625096962","sign":"0F561833B9C93CF5395CDBB38A446CBC"}

【2025-08-31 19:01:19】
P2025083119002577625096962----返回：{"code":"000000","msg":"P2025083119002577625096962","data":{"date":"2025-08-31 19:00:27","eid":"E35713491202508312200259025533ee","amount":"30","name":"MARIA LUCI DE SOUZA","cpf":"10719983908","bankname":"NOVABET OFICIAL","payBank":"","payCpf":"","pixkey":"10719983908","account":"00416968","status":"done","order":"A20250831190025075291qAnsfnz7q"},"sign":"B31BB5AE42FF67C810936A1D0EBAE8E9"}

【2025-08-31 19:09:03】
P2025083119082278102342899----提交：{"custId":"24120300001308","appId":"8241201350","order":"P2025083119082278102342899","sign":"60FC8FE5F39147E161928A49DAE0627D"}

【2025-08-31 19:09:03】
P2025083119082278102342899----返回：{"code":"000000","msg":"P2025083119082278102342899","data":{"date":"2025-08-31 19:08:24","eid":"E35713491202508312208228449bb107","amount":"400","name":"Julia Soares de Santana","cpf":"14697457986","bankname":"NOVABET OFICIAL","payBank":"","payCpf":"","pixkey":"43988401570","account":"18236120","status":"done","order":"A20250831190822373070mZB2tDjN8"},"sign":"51C0B345650F8343264540D88D18A2D1"}

【2025-08-31 19:09:05】
P2025083119082278102342899----提交：{"custId":"24120300001308","appId":"8241201350","order":"P2025083119082278102342899","sign":"60FC8FE5F39147E161928A49DAE0627D"}

【2025-08-31 19:09:05】
P2025083119082278102342899----返回：{"code":"000000","msg":"P2025083119082278102342899","data":{"date":"2025-08-31 19:08:24","eid":"E35713491202508312208228449bb107","amount":"400","name":"Julia Soares de Santana","cpf":"14697457986","bankname":"NOVABET OFICIAL","payBank":"","payCpf":"","pixkey":"43988401570","account":"18236120","status":"done","order":"A20250831190822373070mZB2tDjN8"},"sign":"51C0B345650F8343264540D88D18A2D1"}

【2025-08-31 19:31:46】
P2025081820233459414949296----提交：{"custId":"24120300001308","appId":"8241201350","order":"P2025081820233459414949296","sign":"2E5B42DD98CC9C3F32070D002CEC9718"}

【2025-08-31 19:31:46】
P2025081820233459414949296----返回：{"code":"000000","msg":"P2025081820233459414949296","data":{"date":"2025-08-18 20:23:38","eid":"E45756448202508182323RXBBTx0jTUe","amount":"100","name":"clebson Nascimento sousa","cpf":"63023673365","bankname":"null","payBank":"","payCpf":"","pixkey":"63023673365","account":"371487240","status":"done","order":"A20250818202334768197XcLCpki5G"},"sign":"5CF75D2F580AAB36E3E88722BF75E0B7"}

【2025-08-31 19:31:49】
P2025081820233459414949296----提交：{"custId":"24120300001308","appId":"8241201350","order":"P2025081820233459414949296","sign":"2E5B42DD98CC9C3F32070D002CEC9718"}

【2025-08-31 19:31:49】
P2025081820233459414949296----返回：{"code":"000000","msg":"P2025081820233459414949296","data":{"date":"2025-08-18 20:23:38","eid":"E45756448202508182323RXBBTx0jTUe","amount":"100","name":"clebson Nascimento sousa","cpf":"63023673365","bankname":"null","payBank":"","payCpf":"","pixkey":"63023673365","account":"371487240","status":"done","order":"A20250818202334768197XcLCpki5G"},"sign":"5CF75D2F580AAB36E3E88722BF75E0B7"}

【2025-08-31 19:36:13】
P2025083119002577625096962----提交：{"custId":"24120300001308","appId":"8241201350","order":"P2025083119002577625096962","sign":"0F561833B9C93CF5395CDBB38A446CBC"}

【2025-08-31 19:36:13】
P2025083119002577625096962----返回：{"code":"000000","msg":"P2025083119002577625096962","data":{"date":"2025-08-31 19:00:27","eid":"E35713491202508312200259025533ee","amount":"30","name":"MARIA LUCI DE SOUZA","cpf":"10719983908","bankname":"NOVABET OFICIAL","payBank":"","payCpf":"","pixkey":"10719983908","account":"00416968","status":"done","order":"A20250831190025075291qAnsfnz7q"},"sign":"B31BB5AE42FF67C810936A1D0EBAE8E9"}

