【2025-08-31 16:17:28】
P2025083016281982099322526----提交：{"custId":"24120300001308","appId":"8241201350","order":"P2025083016281982099322526","sign":"931417D3DC1A5489BD28E6D9C4CC6B6A"}

【2025-08-31 16:17:28】
P2025083016281982099322526----返回：{"code":"000000","msg":"P2025083016281982099322526","data":{"date":"2025-08-30 16:28:21","eid":"E35713491202508301928192406bcfdb","amount":"70","name":"JEFERSON SILVA RAMOS","cpf":"11162187557","bankname":"NOVABET OFICIAL","payBank":"","payCpf":"","pixkey":"11162187557","account":"08561701","status":"done","order":"A20250830162819957973jII4if2LP"},"sign":"58B94826F68DB28C7EEF0A6B34ADC1D9"}

【2025-08-31 16:17:30】
P2025083016281982099322526----提交：{"custId":"24120300001308","appId":"8241201350","order":"P2025083016281982099322526","sign":"931417D3DC1A5489BD28E6D9C4CC6B6A"}

【2025-08-31 16:17:30】
P2025083016281982099322526----返回：{"code":"000000","msg":"P2025083016281982099322526","data":{"date":"2025-08-30 16:28:21","eid":"E35713491202508301928192406bcfdb","amount":"70","name":"JEFERSON SILVA RAMOS","cpf":"11162187557","bankname":"NOVABET OFICIAL","payBank":"","payCpf":"","pixkey":"11162187557","account":"08561701","status":"done","order":"A20250830162819957973jII4if2LP"},"sign":"58B94826F68DB28C7EEF0A6B34ADC1D9"}

【2025-08-31 16:29:02】
P2025083115243864678429441----提交：{"custId":"24120300001308","appId":"8241201350","order":"P2025083115243864678429441","sign":"C7448CA6143EE471B1AFF6D598DD8DC9"}

【2025-08-31 16:29:02】
P2025083115243864678429441----返回：{"code":"000000","msg":"P2025083115243864678429441","data":{"date":"2025-08-31 15:24:41","eid":"E3571349120250831182438796caf917","amount":"100","name":"Jacilene Gomes Da Silva","cpf":"08116216422","bankname":"NOVABET OFICIAL","payBank":"","payCpf":"","pixkey":"81988258131","account":"22896431","status":"done","order":"A20250831152438137930IqV9dn7wt"},"sign":"02D27237B496719EAE2926EB605D57C6"}

【2025-08-31 16:29:03】
P2025083115243864678429441----提交：{"custId":"24120300001308","appId":"8241201350","order":"P2025083115243864678429441","sign":"C7448CA6143EE471B1AFF6D598DD8DC9"}

【2025-08-31 16:29:03】
P2025083115243864678429441----返回：{"code":"000000","msg":"P2025083115243864678429441","data":{"date":"2025-08-31 15:24:41","eid":"E3571349120250831182438796caf917","amount":"100","name":"Jacilene Gomes Da Silva","cpf":"08116216422","bankname":"NOVABET OFICIAL","payBank":"","payCpf":"","pixkey":"81988258131","account":"22896431","status":"done","order":"A20250831152438137930IqV9dn7wt"},"sign":"02D27237B496719EAE2926EB605D57C6"}

【2025-08-31 16:57:58】
P2025083115290164941427889----提交：{"custId":"24120300001308","appId":"8241201350","order":"P2025083115290164941427889","sign":"A5F4A6B49AD9D9D1C916117CB131AE5A"}

【2025-08-31 16:57:58】
P2025083115290164941427889----返回：{"code":"000000","msg":"P2025083115290164941427889","data":{"date":"2025-08-31 15:29:04","eid":"E3571349120250831182902090199360","amount":"30","name":"WESLLEN AURELIANO BATISTA DO NASCIMENTO","cpf":"98897713149","bankname":"NOVABET OFICIAL","payBank":"","payCpf":"","pixkey":"61999751396","account":"59285411","status":"done","order":"A20250831152901715996plTIdAY9B"},"sign":"F1E82D59FDF0825373B1F38D82FD2DDD"}

【2025-08-31 16:58:09】
P2025083116573470254152846----提交：{"custId":"24120300001308","appId":"8241201350","order":"P2025083116573470254152846","sign":"BED399040E3CAB151392DBE813330632"}

【2025-08-31 16:58:09】
P2025083116573470254152846----返回：{"code":"000000","msg":"P2025083116573470254152846","data":{"date":"2025-08-31 16:57:37","eid":"E3571349120250831195734518f30029","amount":"199","name":"Raimundo Duarte Leão","cpf":"10111943256","bankname":"NOVABET OFICIAL","payBank":"","payCpf":"","pixkey":"91991278472","account":"22896431","status":"done","order":"A20250831165734364208wDqCjGU6T"},"sign":"49D1A180C7461CB8F3BCAC2694440B39"}

【2025-08-31 16:58:11】
P2025083116573470254152846----提交：{"custId":"24120300001308","appId":"8241201350","order":"P2025083116573470254152846","sign":"BED399040E3CAB151392DBE813330632"}

【2025-08-31 16:58:11】
P2025083116573470254152846----返回：{"code":"000000","msg":"P2025083116573470254152846","data":{"date":"2025-08-31 16:57:37","eid":"E3571349120250831195734518f30029","amount":"199","name":"Raimundo Duarte Leão","cpf":"10111943256","bankname":"NOVABET OFICIAL","payBank":"","payCpf":"","pixkey":"91991278472","account":"22896431","status":"done","order":"A20250831165734364208wDqCjGU6T"},"sign":"49D1A180C7461CB8F3BCAC2694440B39"}

