【2025-08-31 18:03:53】
P2025083117525773577598402----提交：{"custId":"24120300001308","appId":"8241201350","order":"P2025083117525773577598402","sign":"CCCB6D0E6005242E7D3A3C1F1877A905"}

【2025-08-31 18:03:53】
P2025083117525773577598402----返回：{"code":"000000","msg":"P2025083117525773577598402","data":{"date":"2025-08-31 17:52:59","eid":"E3571349120250831205257520fc096a","amount":"40","name":"THAIS DA SILVA FRANCA","cpf":"11471229548","bankname":"NOVABET OFICIAL","payBank":"","payCpf":"","pixkey":"11471229548","account":"00360305","status":"done","order":"A20250831175257114095GcqFTyVyf"},"sign":"51D15020EE115B0BF0A20A53A77060B6"}

【2025-08-31 18:04:04】
P2025083117525773577598402----提交：{"custId":"24120300001308","appId":"8241201350","order":"P2025083117525773577598402","sign":"CCCB6D0E6005242E7D3A3C1F1877A905"}

【2025-08-31 18:04:05】
P2025083117525773577598402----返回：{"code":"000000","msg":"P2025083117525773577598402","data":{"date":"2025-08-31 17:52:59","eid":"E3571349120250831205257520fc096a","amount":"40","name":"THAIS DA SILVA FRANCA","cpf":"11471229548","bankname":"NOVABET OFICIAL","payBank":"","payCpf":"","pixkey":"11471229548","account":"00360305","status":"done","order":"A20250831175257114095GcqFTyVyf"},"sign":"51D15020EE115B0BF0A20A53A77060B6"}

【2025-08-31 18:15:07】
P2025083117092470964426354----提交：{"custId":"24120300001308","appId":"8241201350","order":"P2025083117092470964426354","sign":"ADCF02F5578F0C03523FC628CA4C8716"}

【2025-08-31 18:15:07】
P2025083117092470964426354----返回：{"code":"000000","msg":"P2025083117092470964426354","data":{"date":"2025-08-31 17:09:26","eid":"E3571349120250831200924436eaba35","amount":"50","name":"ANA PAULA GREGORIO NUNES","cpf":"82978727004","bankname":"NOVABET OFICIAL","payBank":"","payCpf":"","pixkey":"51995940808","account":"00360305","status":"done","order":"A20250831170924326917VijfFDfsf"},"sign":"2CE2409BC8016E04FD571DF275B2D174"}

【2025-08-31 18:15:11】
P2025083117092470964426354----提交：{"custId":"24120300001308","appId":"8241201350","order":"P2025083117092470964426354","sign":"ADCF02F5578F0C03523FC628CA4C8716"}

【2025-08-31 18:15:11】
P2025083117092470964426354----返回：{"code":"000000","msg":"P2025083117092470964426354","data":{"date":"2025-08-31 17:09:26","eid":"E3571349120250831200924436eaba35","amount":"50","name":"ANA PAULA GREGORIO NUNES","cpf":"82978727004","bankname":"NOVABET OFICIAL","payBank":"","payCpf":"","pixkey":"51995940808","account":"00360305","status":"done","order":"A20250831170924326917VijfFDfsf"},"sign":"2CE2409BC8016E04FD571DF275B2D174"}

【2025-08-31 18:20:36】
P2025083118202275222818523----提交：{"custId":"24120300001308","appId":"8241201350","order":"P2025083118202275222818523","sign":"581B44AD7BFBEC76FA4EE0727DB4B1A7"}

【2025-08-31 18:20:36】
P2025083118202275222818523----返回：{"code":"000000","msg":"P2025083118202275222818523","data":{"date":"2025-08-31 18:20:25","eid":"E45756448202508312120FDLIYUquaU2","amount":"1530","name":"HELENA MARIA SHIRLE DOS SANTOS LOPES","cpf":"10796639400","bankname":"null","payBank":"","payCpf":"","pixkey":"10796639400","account":"354445820","status":"done","order":"A20250831182023654702u7b33rUyW"},"sign":"DED2B9F838D31C8147CCC3A06E5C2684"}

【2025-08-31 18:20:39】
P2025083118202275222818523----提交：{"custId":"24120300001308","appId":"8241201350","order":"P2025083118202275222818523","sign":"581B44AD7BFBEC76FA4EE0727DB4B1A7"}

【2025-08-31 18:20:39】
P2025083118202275222818523----返回：{"code":"000000","msg":"P2025083118202275222818523","data":{"date":"2025-08-31 18:20:25","eid":"E45756448202508312120FDLIYUquaU2","amount":"1530","name":"HELENA MARIA SHIRLE DOS SANTOS LOPES","cpf":"10796639400","bankname":"null","payBank":"","payCpf":"","pixkey":"10796639400","account":"354445820","status":"done","order":"A20250831182023654702u7b33rUyW"},"sign":"DED2B9F838D31C8147CCC3A06E5C2684"}

【2025-08-31 18:24:52】
P2025082811532692806047600----提交：{"custId":"24120300001308","appId":"8241201350","order":"P2025082811532692806047600","sign":"1AFC2AD9CA72ACD1140599B47D716754"}

【2025-08-31 18:24:52】
P2025082811532692806047600----返回：{"code":"000000","msg":"P2025082811532692806047600","data":{"date":"2025-08-28 11:53:30","eid":"E35713491202508281453277022e5b6a","amount":"200","name":"Daniel Santos Da Silva","cpf":"44164476800","bankname":"NOVABET OFICIAL","payBank":"","payCpf":"","pixkey":"13996442961","account":"22896431","status":"done","order":"A20250828115327708815LhDG2apn5"},"sign":"D0FB0E7F5958C4F5A50A6A2ECF7D4487"}

【2025-08-31 18:28:35】
P2025082811532692806047600----提交：{"custId":"24120300001308","appId":"8241201350","order":"P2025082811532692806047600","sign":"1AFC2AD9CA72ACD1140599B47D716754"}

【2025-08-31 18:28:35】
P2025082811532692806047600----返回：{"code":"000000","msg":"P2025082811532692806047600","data":{"date":"2025-08-28 11:53:30","eid":"E35713491202508281453277022e5b6a","amount":"200","name":"Daniel Santos Da Silva","cpf":"44164476800","bankname":"NOVABET OFICIAL","payBank":"","payCpf":"","pixkey":"13996442961","account":"22896431","status":"done","order":"A20250828115327708815LhDG2apn5"},"sign":"D0FB0E7F5958C4F5A50A6A2ECF7D4487"}

【2025-08-31 18:37:56】
P2025083118114574705732811----提交：{"custId":"24120300001308","appId":"8241201350","order":"P2025083118114574705732811","sign":"899ADA1AE48F206E5E428359C23FABBF"}

【2025-08-31 18:37:57】
P2025083118114574705732811----返回：{"code":"000000","msg":"P2025083118114574705732811","data":{"date":"2025-08-31 18:11:48","eid":"E3571349120250831211145650d2bea0","amount":"80","name":"DARDANE DAS GRACAS SOARES","cpf":"10311260667","bankname":"NOVABET OFICIAL","payBank":"","payCpf":"","pixkey":"31982092625","account":"90400888","status":"done","order":"A202508311811451801242Llg89ih5"},"sign":"8FD01088CD93DB0BE6E969616ECF233D"}

【2025-08-31 18:37:58】
P2025083118114574705732811----提交：{"custId":"24120300001308","appId":"8241201350","order":"P2025083118114574705732811","sign":"899ADA1AE48F206E5E428359C23FABBF"}

【2025-08-31 18:37:58】
P2025083118114574705732811----返回：{"code":"000000","msg":"P2025083118114574705732811","data":{"date":"2025-08-31 18:11:48","eid":"E3571349120250831211145650d2bea0","amount":"80","name":"DARDANE DAS GRACAS SOARES","cpf":"10311260667","bankname":"NOVABET OFICIAL","payBank":"","payCpf":"","pixkey":"31982092625","account":"90400888","status":"done","order":"A202508311811451801242Llg89ih5"},"sign":"8FD01088CD93DB0BE6E969616ECF233D"}

【2025-08-31 18:54:30】
P2025083118114574705732811----提交：{"custId":"24120300001308","appId":"8241201350","order":"P2025083118114574705732811","sign":"899ADA1AE48F206E5E428359C23FABBF"}

【2025-08-31 18:54:30】
P2025083118114574705732811----返回：{"code":"000000","msg":"P2025083118114574705732811","data":{"date":"2025-08-31 18:11:48","eid":"E3571349120250831211145650d2bea0","amount":"80","name":"DARDANE DAS GRACAS SOARES","cpf":"10311260667","bankname":"NOVABET OFICIAL","payBank":"","payCpf":"","pixkey":"31982092625","account":"90400888","status":"done","order":"A202508311811451801242Llg89ih5"},"sign":"8FD01088CD93DB0BE6E969616ECF233D"}

【2025-08-31 18:55:13】
P2025083118403976439343798----提交：{"custId":"24120300001308","appId":"8241201350","order":"P2025083118403976439343798","sign":"DE70A8F20F9C5E334C07B209774DEA4A"}

【2025-08-31 18:55:14】
P2025083118403976439343798----返回：{"code":"000000","msg":"P2025083118403976439343798","data":{"date":"2025-08-31 18:40:41","eid":"E3571349120250831214039307c553b3","amount":"20","name":"Fernanda Cardoso Silva","cpf":"12887537644","bankname":"NOVABET OFICIAL","payBank":"","payCpf":"","pixkey":"12887537644","account":"08561701","status":"done","order":"A20250831184039822724zuZcIUYZD"},"sign":"D7B8F49E2F9F0A49D79FD119D859339D"}

【2025-08-31 18:55:19】
P2025083118403976439343798----提交：{"custId":"24120300001308","appId":"8241201350","order":"P2025083118403976439343798","sign":"DE70A8F20F9C5E334C07B209774DEA4A"}

【2025-08-31 18:55:19】
P2025083118403976439343798----返回：{"code":"000000","msg":"P2025083118403976439343798","data":{"date":"2025-08-31 18:40:41","eid":"E3571349120250831214039307c553b3","amount":"20","name":"Fernanda Cardoso Silva","cpf":"12887537644","bankname":"NOVABET OFICIAL","payBank":"","payCpf":"","pixkey":"12887537644","account":"08561701","status":"done","order":"A20250831184039822724zuZcIUYZD"},"sign":"D7B8F49E2F9F0A49D79FD119D859339D"}

