【2025-08-31 22:06:43】
P2025083119072578045447909----提交：{"custId":"24120300001308","appId":"8241201350","order":"P2025083119072578045447909","sign":"2D7ED17C320AA5FB4E5E9D12E941E3C6"}

【2025-08-31 22:06:43】
P2025083119072578045447909----返回：{"code":"000000","msg":"P2025083119072578045447909","data":{"date":"2025-08-31 19:07:28","eid":"E357134912025083122072619744ccb1","amount":"50","name":"FRANCIELLE KAROLINE MOLINA DE OLIVEIRA","cpf":"45050984866","bankname":"NOVABET OFICIAL","payBank":"","payCpf":"","pixkey":"45050984866","account":"00416968","status":"done","order":"A20250831190726213147nXaFxspsZ"},"sign":"07360CAAE2C7111AD994A4E2A8A333E5"}

【2025-08-31 22:06:46】
P2025083119072578045447909----提交：{"custId":"24120300001308","appId":"8241201350","order":"P2025083119072578045447909","sign":"2D7ED17C320AA5FB4E5E9D12E941E3C6"}

【2025-08-31 22:06:46】
P2025083119072578045447909----返回：{"code":"000000","msg":"P2025083119072578045447909","data":{"date":"2025-08-31 19:07:28","eid":"E357134912025083122072619744ccb1","amount":"50","name":"FRANCIELLE KAROLINE MOLINA DE OLIVEIRA","cpf":"45050984866","bankname":"NOVABET OFICIAL","payBank":"","payCpf":"","pixkey":"45050984866","account":"00416968","status":"done","order":"A20250831190726213147nXaFxspsZ"},"sign":"07360CAAE2C7111AD994A4E2A8A333E5"}

【2025-08-31 22:08:26】
P2025083119072578045447909----提交：{"custId":"24120300001308","appId":"8241201350","order":"P2025083119072578045447909","sign":"2D7ED17C320AA5FB4E5E9D12E941E3C6"}

【2025-08-31 22:08:26】
P2025083119072578045447909----返回：{"code":"000000","msg":"P2025083119072578045447909","data":{"date":"2025-08-31 19:07:28","eid":"E357134912025083122072619744ccb1","amount":"50","name":"FRANCIELLE KAROLINE MOLINA DE OLIVEIRA","cpf":"45050984866","bankname":"NOVABET OFICIAL","payBank":"","payCpf":"","pixkey":"45050984866","account":"00416968","status":"done","order":"A20250831190726213147nXaFxspsZ"},"sign":"07360CAAE2C7111AD994A4E2A8A333E5"}

【2025-08-31 22:45:47】
P2025083122364690606508370----提交：{"custId":"24120300001308","appId":"8241201350","order":"P2025083122364690606508370","sign":"28A484AD1C5A0D3390D22ADDB2EE2E2D"}

【2025-08-31 22:45:47】
P2025083122364690606508370----返回：{"code":"000000","msg":"P2025083122364690606508370","data":{"date":"2025-08-31 22:36:49","eid":"E45756448202509010136UlZaOHsWQ02","amount":"30","name":"MARIA VITORIA DA SILVA BARROS","cpf":"50490114857","bankname":"null","payBank":"","payCpf":"","pixkey":"50490114857","account":"12880000008490221977","status":"done","order":"A20250831223646078095qmayBXTEr"},"sign":"02A79B4616DBA40BA8FBA17948724A52"}

【2025-08-31 22:45:50】
P2025083122364690606508370----提交：{"custId":"24120300001308","appId":"8241201350","order":"P2025083122364690606508370","sign":"28A484AD1C5A0D3390D22ADDB2EE2E2D"}

【2025-08-31 22:45:50】
P2025083122364690606508370----返回：{"code":"000000","msg":"P2025083122364690606508370","data":{"date":"2025-08-31 22:36:49","eid":"E45756448202509010136UlZaOHsWQ02","amount":"30","name":"MARIA VITORIA DA SILVA BARROS","cpf":"50490114857","bankname":"null","payBank":"","payCpf":"","pixkey":"50490114857","account":"12880000008490221977","status":"done","order":"A20250831223646078095qmayBXTEr"},"sign":"02A79B4616DBA40BA8FBA17948724A52"}

【2025-08-31 22:46:08】
P2025083122331990399756691----提交：{"custId":"24120300001308","appId":"8241201350","order":"P2025083122331990399756691","sign":"410A7AD1A810C21B3F204086E79A5B67"}

【2025-08-31 22:46:08】
P2025083122331990399756691----返回：{"code":"000000","msg":"P2025083122331990399756691","data":{"date":"2025-08-31 22:33:22","eid":"E45756448202509010133fSV38dZ8eEn","amount":"100","name":"MARIA VITORIA DA SILVA BARROS","cpf":"50490114857","bankname":"null","payBank":"","payCpf":"","pixkey":"50490114857","account":"12880000008490221977","status":"done","order":"A20250831223319372920hhz9EdMYT"},"sign":"BE77162ABA38A81A4CE3FAA60DF6DAA2"}

【2025-08-31 22:46:18】
P2025083122331990399756691----提交：{"custId":"24120300001308","appId":"8241201350","order":"P2025083122331990399756691","sign":"410A7AD1A810C21B3F204086E79A5B67"}

【2025-08-31 22:46:18】
P2025083122331990399756691----返回：{"code":"000000","msg":"P2025083122331990399756691","data":{"date":"2025-08-31 22:33:22","eid":"E45756448202509010133fSV38dZ8eEn","amount":"100","name":"MARIA VITORIA DA SILVA BARROS","cpf":"50490114857","bankname":"null","payBank":"","payCpf":"","pixkey":"50490114857","account":"12880000008490221977","status":"done","order":"A20250831223319372920hhz9EdMYT"},"sign":"BE77162ABA38A81A4CE3FAA60DF6DAA2"}

【2025-08-31 22:49:47】
P2025083122364690606508370----提交：{"custId":"24120300001308","appId":"8241201350","order":"P2025083122364690606508370","sign":"28A484AD1C5A0D3390D22ADDB2EE2E2D"}

【2025-08-31 22:49:47】
P2025083122364690606508370----返回：{"code":"000000","msg":"P2025083122364690606508370","data":{"date":"2025-08-31 22:36:49","eid":"E45756448202509010136UlZaOHsWQ02","amount":"30","name":"MARIA VITORIA DA SILVA BARROS","cpf":"50490114857","bankname":"null","payBank":"","payCpf":"","pixkey":"50490114857","account":"12880000008490221977","status":"done","order":"A20250831223646078095qmayBXTEr"},"sign":"02A79B4616DBA40BA8FBA17948724A52"}

