【2025-08-23 17:06:03】
P2025082316221476934384928----提交：{"reference":"P2025082316221476934384928"}

【2025-08-23 17:06:04】
P2025082316221476934384928----返回：{"msg":"P2025082316221476934384928","code":"000000","data":{"date":"2025-08-23 16:22:15","eid":"E330535802025082319221509121a713","amount":40,"name":"Carlos Henrique Gurgel de Castro","cpf":"***.792.517-**","bankname":"18236120","payBank":"P H R OLIVEIRA DR INVESTIMENTO LTDA","payCpf":"58.321.455\/0001-99","pixkey":"16279251713","account":"***.792.517-**","status":"done","order":"25d95da7-5ced-4346-8e94-b35a78f46cb7"}}

【2025-08-23 17:06:06】
P2025082316221476934384928----提交：{"reference":"P2025082316221476934384928"}

【2025-08-23 17:06:07】
P2025082316221476934384928----返回：{"msg":"P2025082316221476934384928","code":"000000","data":{"date":"2025-08-23 16:22:15","eid":"E330535802025082319221509121a713","amount":40,"name":"Carlos Henrique Gurgel de Castro","cpf":"***.792.517-**","bankname":"18236120","payBank":"P H R OLIVEIRA DR INVESTIMENTO LTDA","payCpf":"58.321.455\/0001-99","pixkey":"16279251713","account":"***.792.517-**","status":"done","order":"25d95da7-5ced-4346-8e94-b35a78f46cb7"}}

【2025-08-23 17:06:55】
P2025082317045979499116557----提交：{"reference":"P2025082317045979499116557"}

【2025-08-23 17:06:55】
P2025082317045979499116557----返回：{"msg":"P2025082317045979499116557","code":"000000","data":{"date":"2025-08-23 17:05:00","eid":"E3305358020250823200500633845a6a","amount":80,"name":"LAURA GABRIELLA DE MELO COSTA","cpf":"***.942.824-**","bankname":"00360305","payBank":"P H R OLIVEIRA DR INVESTIMENTO LTDA","payCpf":"58.321.455\/0001-99","pixkey":"16694282494","account":"***.942.824-**","status":"done","order":"50385e68-e16d-452f-a891-2527418e85fd"}}

【2025-08-23 17:06:57】
P2025082317045979499116557----提交：{"reference":"P2025082317045979499116557"}

【2025-08-23 17:06:57】
P2025082317045979499116557----返回：{"msg":"P2025082317045979499116557","code":"000000","data":{"date":"2025-08-23 17:05:00","eid":"E3305358020250823200500633845a6a","amount":80,"name":"LAURA GABRIELLA DE MELO COSTA","cpf":"***.942.824-**","bankname":"00360305","payBank":"P H R OLIVEIRA DR INVESTIMENTO LTDA","payCpf":"58.321.455\/0001-99","pixkey":"16694282494","account":"***.942.824-**","status":"done","order":"50385e68-e16d-452f-a891-2527418e85fd"}}

【2025-08-23 17:12:03】
P2025082316084776127846283----提交：{"reference":"P2025082316084776127846283"}

【2025-08-23 17:12:04】
P2025082316084776127846283----返回：{"msg":"P2025082316084776127846283","code":"000000","data":{"date":"2025-08-23 16:08:48","eid":"E330535802025082319084815119c255","amount":30,"name":"Ana Júlia De Oliveira Rangel","cpf":"***.560.817-**","bankname":"23862762","payBank":"P H R OLIVEIRA DR INVESTIMENTO LTDA","payCpf":"58.321.455\/0001-99","pixkey":"17956081700","account":"***.560.817-**","status":"done","order":"26ba7f8c-ba36-4c9a-bc0a-5d6d581a6483"}}

【2025-08-23 17:12:07】
P2025082316084776127846283----提交：{"reference":"P2025082316084776127846283"}

【2025-08-23 17:12:07】
P2025082316084776127846283----返回：{"msg":"P2025082316084776127846283","code":"000000","data":{"date":"2025-08-23 16:08:48","eid":"E330535802025082319084815119c255","amount":30,"name":"Ana Júlia De Oliveira Rangel","cpf":"***.560.817-**","bankname":"23862762","payBank":"P H R OLIVEIRA DR INVESTIMENTO LTDA","payCpf":"58.321.455\/0001-99","pixkey":"17956081700","account":"***.560.817-**","status":"done","order":"26ba7f8c-ba36-4c9a-bc0a-5d6d581a6483"}}

【2025-08-23 17:12:07】
P2025082316084776127846283----提交：{"reference":"P2025082316084776127846283"}

【2025-08-23 17:12:08】
P2025082316084776127846283----返回：{"msg":"P2025082316084776127846283","code":"000000","data":{"date":"2025-08-23 16:08:48","eid":"E330535802025082319084815119c255","amount":30,"name":"Ana Júlia De Oliveira Rangel","cpf":"***.560.817-**","bankname":"23862762","payBank":"P H R OLIVEIRA DR INVESTIMENTO LTDA","payCpf":"58.321.455\/0001-99","pixkey":"17956081700","account":"***.560.817-**","status":"done","order":"26ba7f8c-ba36-4c9a-bc0a-5d6d581a6483"}}

【2025-08-23 17:38:41】
P2025082317373281452704004----提交：{"reference":"P2025082317373281452704004"}

【2025-08-23 17:38:42】
P2025082317373281452704004----返回：{"msg":"P2025082317373281452704004","code":"000000","data":{"date":"2025-08-23 17:37:33","eid":"E33053580202508232037332152e2d6e","amount":35.25,"name":"Maria Gideilde Alves Santos","cpf":"***.022.895-**","bankname":"01858774","payBank":"P H R OLIVEIRA DR INVESTIMENTO LTDA","payCpf":"58.321.455\/0001-99","pixkey":"Sluisgustavo017@gmail.com","account":"***.022.895-**","status":"done","order":"d76f90b0-732b-43d0-97d8-39f9d7eca926"}}

【2025-08-23 17:38:44】
P2025082317373281452704004----提交：{"reference":"P2025082317373281452704004"}

【2025-08-23 17:38:45】
P2025082317373281452704004----返回：{"msg":"P2025082317373281452704004","code":"000000","data":{"date":"2025-08-23 17:37:33","eid":"E33053580202508232037332152e2d6e","amount":35.25,"name":"Maria Gideilde Alves Santos","cpf":"***.022.895-**","bankname":"01858774","payBank":"P H R OLIVEIRA DR INVESTIMENTO LTDA","payCpf":"58.321.455\/0001-99","pixkey":"Sluisgustavo017@gmail.com","account":"***.022.895-**","status":"done","order":"d76f90b0-732b-43d0-97d8-39f9d7eca926"}}

【2025-08-23 17:44:38】
P2025082317374581465494344----提交：{"reference":"P2025082317374581465494344"}

【2025-08-23 17:44:39】
P2025082317374581465494344----返回：{"msg":"P2025082317374581465494344","code":"000000","data":{"date":"2025-08-23 17:37:46","eid":"E3305358020250823203746044481741","amount":110,"name":"ADRIANA LINO DOS SANTOS","cpf":"***.407.232-**","bankname":"60746948","payBank":"P H R OLIVEIRA DR INVESTIMENTO LTDA","payCpf":"58.321.455\/0001-99","pixkey":"04040723210","account":"***.407.232-**","status":"done","order":"fd67405e-d62f-4d9e-8f48-bde24edef697"}}

【2025-08-23 17:44:43】
P2025082317374581465494344----提交：{"reference":"P2025082317374581465494344"}

【2025-08-23 17:44:43】
P2025082317374581465494344----返回：{"msg":"P2025082317374581465494344","code":"000000","data":{"date":"2025-08-23 17:37:46","eid":"E3305358020250823203746044481741","amount":110,"name":"ADRIANA LINO DOS SANTOS","cpf":"***.407.232-**","bankname":"60746948","payBank":"P H R OLIVEIRA DR INVESTIMENTO LTDA","payCpf":"58.321.455\/0001-99","pixkey":"04040723210","account":"***.407.232-**","status":"done","order":"fd67405e-d62f-4d9e-8f48-bde24edef697"}}

