【2025-08-23 03:08:36】
P2025082303005628856949478----提交：{"reference":"P2025082303005628856949478"}

【2025-08-23 03:08:36】
P2025082303005628856949478----返回：{"msg":"P2025082303005628856949478","code":"000000","data":{"date":"2025-08-23 03:00:57","eid":"E3305358020250823060057177a17aa5","amount":2353.51,"name":"JAQUELINE MICHELE SILVA COSTA","cpf":"***.769.140-**","bankname":"38372267","payBank":"P H R OLIVEIRA DR INVESTIMENTO LTDA","payCpf":"58.321.455\/0001-99","pixkey":"51986171832","account":"***.769.140-**","status":"done","order":"cbdee32e-2600-45d3-bcee-976689e5e4bc"}}

【2025-08-23 03:08:44】
P2025082303005628856949478----提交：{"reference":"P2025082303005628856949478"}

【2025-08-23 03:08:44】
P2025082303005628856949478----返回：{"msg":"P2025082303005628856949478","code":"000000","data":{"date":"2025-08-23 03:00:57","eid":"E3305358020250823060057177a17aa5","amount":2353.51,"name":"JAQUELINE MICHELE SILVA COSTA","cpf":"***.769.140-**","bankname":"38372267","payBank":"P H R OLIVEIRA DR INVESTIMENTO LTDA","payCpf":"58.321.455\/0001-99","pixkey":"51986171832","account":"***.769.140-**","status":"done","order":"cbdee32e-2600-45d3-bcee-976689e5e4bc"}}

【2025-08-23 03:08:45】
P2025082303005628856949478----提交：{"reference":"P2025082303005628856949478"}

【2025-08-23 03:08:45】
P2025082303005628856949478----返回：{"msg":"P2025082303005628856949478","code":"000000","data":{"date":"2025-08-23 03:00:57","eid":"E3305358020250823060057177a17aa5","amount":2353.51,"name":"JAQUELINE MICHELE SILVA COSTA","cpf":"***.769.140-**","bankname":"38372267","payBank":"P H R OLIVEIRA DR INVESTIMENTO LTDA","payCpf":"58.321.455\/0001-99","pixkey":"51986171832","account":"***.769.140-**","status":"done","order":"cbdee32e-2600-45d3-bcee-976689e5e4bc"}}

【2025-08-23 03:09:42】
P2025082303005628856949478----提交：{"reference":"P2025082303005628856949478"}

【2025-08-23 03:09:42】
P2025082303005628856949478----返回：{"msg":"P2025082303005628856949478","code":"000000","data":{"date":"2025-08-23 03:00:57","eid":"E3305358020250823060057177a17aa5","amount":2353.51,"name":"JAQUELINE MICHELE SILVA COSTA","cpf":"***.769.140-**","bankname":"38372267","payBank":"P H R OLIVEIRA DR INVESTIMENTO LTDA","payCpf":"58.321.455\/0001-99","pixkey":"51986171832","account":"***.769.140-**","status":"done","order":"cbdee32e-2600-45d3-bcee-976689e5e4bc"}}

【2025-08-23 03:10:58】
P2025082302351927319723192----提交：{"reference":"P2025082302351927319723192"}

【2025-08-23 03:10:58】
P2025082302351927319723192----返回：{"msg":"P2025082302351927319723192","code":"000000","data":{"date":"2025-08-23 02:35:20","eid":"E330535802025082305352078350c193","amount":240,"name":"BEATRIZ ANSELMO SOUZA","cpf":"***.196.667-**","bankname":"60701190","payBank":"P H R OLIVEIRA DR INVESTIMENTO LTDA","payCpf":"58.321.455\/0001-99","pixkey":"22988324048","account":"***.196.667-**","status":"done","order":"026fe45f-3e60-4cc6-b298-8fd9bbddb941"}}

【2025-08-23 03:11:00】
P2025082302351927319723192----提交：{"reference":"P2025082302351927319723192"}

【2025-08-23 03:11:01】
P2025082302351927319723192----返回：{"msg":"P2025082302351927319723192","code":"000000","data":{"date":"2025-08-23 02:35:20","eid":"E330535802025082305352078350c193","amount":240,"name":"BEATRIZ ANSELMO SOUZA","cpf":"***.196.667-**","bankname":"60701190","payBank":"P H R OLIVEIRA DR INVESTIMENTO LTDA","payCpf":"58.321.455\/0001-99","pixkey":"22988324048","account":"***.196.667-**","status":"done","order":"026fe45f-3e60-4cc6-b298-8fd9bbddb941"}}

【2025-08-23 03:11:35】
P2025082303111229472532258----提交：{"reference":"P2025082303111229472532258"}

【2025-08-23 03:11:36】
P2025082303111229472532258----返回：{"msg":"P2025082303111229472532258","code":"000000","data":{"date":"2025-08-23 03:11:13","eid":"E330535802025082306111311809d185","amount":50,"name":"Andressa Pinheiro Dos Santos","cpf":"***.098.049-**","bankname":"59285411","payBank":"P H R OLIVEIRA DR INVESTIMENTO LTDA","payCpf":"58.321.455\/0001-99","pixkey":"43996364306","account":"***.098.049-**","status":"done","order":"7188309d-073c-4008-abe2-384b7bad8ac8"}}

【2025-08-23 03:11:41】
P2025082303111229472532258----提交：{"reference":"P2025082303111229472532258"}

【2025-08-23 03:11:41】
P2025082303111229472532258----返回：{"msg":"P2025082303111229472532258","code":"000000","data":{"date":"2025-08-23 03:11:13","eid":"E330535802025082306111311809d185","amount":50,"name":"Andressa Pinheiro Dos Santos","cpf":"***.098.049-**","bankname":"59285411","payBank":"P H R OLIVEIRA DR INVESTIMENTO LTDA","payCpf":"58.321.455\/0001-99","pixkey":"43996364306","account":"***.098.049-**","status":"done","order":"7188309d-073c-4008-abe2-384b7bad8ac8"}}

【2025-08-23 03:18:59】
P2025082303005628856949478----提交：{"reference":"P2025082303005628856949478"}

【2025-08-23 03:18:59】
P2025082303005628856949478----返回：{"msg":"P2025082303005628856949478","code":"000000","data":{"date":"2025-08-23 03:00:57","eid":"E3305358020250823060057177a17aa5","amount":2353.51,"name":"JAQUELINE MICHELE SILVA COSTA","cpf":"***.769.140-**","bankname":"38372267","payBank":"P H R OLIVEIRA DR INVESTIMENTO LTDA","payCpf":"58.321.455\/0001-99","pixkey":"51986171832","account":"***.769.140-**","status":"done","order":"cbdee32e-2600-45d3-bcee-976689e5e4bc"}}

【2025-08-23 03:37:32】
P2025071721214698106994325----提交：{"reference":"P2025071721214698106994325"}

【2025-08-23 03:37:32】
P2025071721214698106994325----返回：{"msg":"P2025071721214698106994325","code":"000000","data":{"date":"2025-07-17 21:21:47","eid":"E3305358020250718002147211c5ce72","amount":20,"name":"FRANCIELLI CINTIA DE OLIVEIRA KROCHINSKI SOARES","cpf":"***.152.499-**","bankname":"78414067","payBank":"P H R OLIVEIRA DR INVESTIMENTO LTDA","payCpf":"58.321.455\/0001-99","pixkey":"06315249914","account":"***.152.499-**","status":"done","order":"2805f8fe-3118-46c8-88f3-9398b060e299"}}

