【2025-08-23 18:00:06】
P2025081819564657806556969----提交：{"custId":"24120300001308","appId":"8241201350","order":"P2025081819564657806556969","sign":"B5AF060BCDC898D2FEC22BBD29978BCB"}

【2025-08-23 18:00:06】
P2025081819564657806556969----返回：{"code":"000000","msg":"P2025081819564657806556969","data":{"date":"2025-08-18 19:57:19","eid":"E45756448202508182257GuefdJ9V90G","amount":"40","name":"Emerson Matos Moraes","cpf":"7830086192","bankname":"null","payBank":"","payCpf":"","pixkey":"07830086192","account":"229598586","status":"done","order":"A20250818195646385984aX2s85MBG"},"sign":"D7392A61BE8151E0C2D0AD96CB4ABB5E"}

【2025-08-23 18:00:14】
P2025081819581657896908026----提交：{"custId":"24120300001308","appId":"8241201350","order":"P2025081819581657896908026","sign":"3748144BF7DF880D0A2EEB49550D2442"}

【2025-08-23 18:00:14】
P2025081819581657896908026----返回：{"code":"000000","msg":"P2025081819581657896908026","data":{"date":"2025-08-18 19:58:53","eid":"E45756448202508182258hT64R9b6pkC","amount":"15","name":"Emerson Matos Moraes","cpf":"7830086192","bankname":"null","payBank":"","payCpf":"","pixkey":"07830086192","account":"229598586","status":"done","order":"A20250818195817014105dePHnVxxC"},"sign":"84000884DC480E065303A0BD1EAAAF31"}

【2025-08-23 18:00:16】
P2025081819564657806556969----提交：{"custId":"24120300001308","appId":"8241201350","order":"P2025081819564657806556969","sign":"B5AF060BCDC898D2FEC22BBD29978BCB"}

【2025-08-23 18:00:16】
P2025081819564657806556969----返回：{"code":"000000","msg":"P2025081819564657806556969","data":{"date":"2025-08-18 19:57:19","eid":"E45756448202508182257GuefdJ9V90G","amount":"40","name":"Emerson Matos Moraes","cpf":"7830086192","bankname":"null","payBank":"","payCpf":"","pixkey":"07830086192","account":"229598586","status":"done","order":"A20250818195646385984aX2s85MBG"},"sign":"D7392A61BE8151E0C2D0AD96CB4ABB5E"}

【2025-08-23 18:00:58】
P2025081819581657896908026----提交：{"custId":"24120300001308","appId":"8241201350","order":"P2025081819581657896908026","sign":"3748144BF7DF880D0A2EEB49550D2442"}

【2025-08-23 18:00:58】
P2025081819581657896908026----返回：{"code":"000000","msg":"P2025081819581657896908026","data":{"date":"2025-08-18 19:58:53","eid":"E45756448202508182258hT64R9b6pkC","amount":"15","name":"Emerson Matos Moraes","cpf":"7830086192","bankname":"null","payBank":"","payCpf":"","pixkey":"07830086192","account":"229598586","status":"done","order":"A20250818195817014105dePHnVxxC"},"sign":"84000884DC480E065303A0BD1EAAAF31"}

【2025-08-23 18:41:01】
P2025082318374885068851353----提交：{"custId":"24120300001308","appId":"8241201350","order":"P2025082318374885068851353","sign":"A0E258A8330C7B347E3BA68E425D9F3D"}

【2025-08-23 18:41:01】
P2025082318374885068851353----返回：{"code":"000000","msg":"P2025082318374885068851353","data":{"date":"2025-08-23 18:37:51","eid":"E45756448202508232137mUnoaNBAPUu","amount":"20","name":"Julio Cesar Soares Malakoski","cpf":"14036957929","bankname":"null","payBank":"","payCpf":"","pixkey":"14036957929","account":"557019497","status":"done","order":"A20250823183748728550vd4CYLyC3"},"sign":"5B532C7C69CA792D7BD4FF1D459B4084"}

【2025-08-23 18:41:03】
P2025082318374885068851353----提交：{"custId":"24120300001308","appId":"8241201350","order":"P2025082318374885068851353","sign":"A0E258A8330C7B347E3BA68E425D9F3D"}

【2025-08-23 18:41:03】
P2025082318374885068851353----返回：{"code":"000000","msg":"P2025082318374885068851353","data":{"date":"2025-08-23 18:37:51","eid":"E45756448202508232137mUnoaNBAPUu","amount":"20","name":"Julio Cesar Soares Malakoski","cpf":"14036957929","bankname":"null","payBank":"","payCpf":"","pixkey":"14036957929","account":"557019497","status":"done","order":"A20250823183748728550vd4CYLyC3"},"sign":"5B532C7C69CA792D7BD4FF1D459B4084"}

【2025-08-23 18:52:58】
P2025082318181683896917697----提交：{"custId":"24120300001308","appId":"8241201350","order":"P2025082318181683896917697","sign":"2F1592E6FD4C86B7C9DF24D5024EDBF1"}

【2025-08-23 18:52:58】
P2025082318181683896917697----返回：{"code":"000000","msg":"P2025082318181683896917697","data":{"date":"2025-08-23 18:18:19","eid":"E45756448202508232118wntciHtV806","amount":"20","name":"Mario Willian Coutinho Silva","cpf":"9237323220","bankname":"null","payBank":"","payCpf":"","pixkey":"09237323220","account":"422590750","status":"done","order":"A20250823181816261388WAaFIuI1a"},"sign":"BDE74EC5AF9332C9A632B6624A455A0F"}

【2025-08-23 18:52:59】
P2025082318181683896917697----提交：{"custId":"24120300001308","appId":"8241201350","order":"P2025082318181683896917697","sign":"2F1592E6FD4C86B7C9DF24D5024EDBF1"}

【2025-08-23 18:52:59】
P2025082318181683896917697----返回：{"code":"000000","msg":"P2025082318181683896917697","data":{"date":"2025-08-23 18:18:19","eid":"E45756448202508232118wntciHtV806","amount":"20","name":"Mario Willian Coutinho Silva","cpf":"9237323220","bankname":"null","payBank":"","payCpf":"","pixkey":"09237323220","account":"422590750","status":"done","order":"A20250823181816261388WAaFIuI1a"},"sign":"BDE74EC5AF9332C9A632B6624A455A0F"}

