【2025-08-23 16:03:00】
P2025082313110365463226849----提交：{"custId":"24120300001308","appId":"8241201350","order":"P2025082313110365463226849","sign":"FE52D49B85C749D045EF1B8065244D74"}

【2025-08-23 16:03:00】
P2025082313110365463226849----返回：{"code":"000000","msg":"P2025082313110365463226849","data":{"date":"2025-08-23 13:11:06","eid":"E45756448202508231611T80G1vrMnUG","amount":"100","name":"Jocivaldo do Carmo de Lima","cpf":"4100039212","bankname":"null","payBank":"","payCpf":"","pixkey":"91991613472","account":"797807815","status":"done","order":"A2025082313110301302734uPhcmv2"},"sign":"ACE61F50DCA56F3838DD783C4E78E14C"}

【2025-08-23 16:04:28】
P2025082313110365463226849----提交：{"custId":"24120300001308","appId":"8241201350","order":"P2025082313110365463226849","sign":"FE52D49B85C749D045EF1B8065244D74"}

【2025-08-23 16:04:28】
P2025082313110365463226849----返回：{"code":"000000","msg":"P2025082313110365463226849","data":{"date":"2025-08-23 13:11:06","eid":"E45756448202508231611T80G1vrMnUG","amount":"100","name":"Jocivaldo do Carmo de Lima","cpf":"4100039212","bankname":"null","payBank":"","payCpf":"","pixkey":"91991613472","account":"797807815","status":"done","order":"A2025082313110301302734uPhcmv2"},"sign":"ACE61F50DCA56F3838DD783C4E78E14C"}

【2025-08-23 16:04:40】
P2025082315024772167999949----提交：{"custId":"24120300001308","appId":"8241201350","order":"P2025082315024772167999949","sign":"821FA4533F1DCB3EB49D7FD5C8EE6298"}

【2025-08-23 16:04:40】
P2025082315024772167999949----返回：{"code":"000000","msg":"P2025082315024772167999949","data":{"date":"2025-08-23 15:02:50","eid":"E45756448202508231802LL11RJtUEG8","amount":"120","name":"Valmiralva dos Santos Silva","cpf":"93670362568","bankname":"null","payBank":"","payCpf":"","pixkey":"75998108031","account":"464392337","status":"done","order":"A20250823150247135307gDXa766Qi"},"sign":"1C56826BA4B3EF593180EEC93FA79137"}

【2025-08-23 16:04:53】
P2025082315024772167999949----提交：{"custId":"24120300001308","appId":"8241201350","order":"P2025082315024772167999949","sign":"821FA4533F1DCB3EB49D7FD5C8EE6298"}

【2025-08-23 16:04:53】
P2025082315024772167999949----返回：{"code":"000000","msg":"P2025082315024772167999949","data":{"date":"2025-08-23 15:02:50","eid":"E45756448202508231802LL11RJtUEG8","amount":"120","name":"Valmiralva dos Santos Silva","cpf":"93670362568","bankname":"null","payBank":"","payCpf":"","pixkey":"75998108031","account":"464392337","status":"done","order":"A20250823150247135307gDXa766Qi"},"sign":"1C56826BA4B3EF593180EEC93FA79137"}

【2025-08-23 16:04:58】
P2025082315024772167999949----提交：{"custId":"24120300001308","appId":"8241201350","order":"P2025082315024772167999949","sign":"821FA4533F1DCB3EB49D7FD5C8EE6298"}

【2025-08-23 16:04:58】
P2025082315024772167999949----返回：{"code":"000000","msg":"P2025082315024772167999949","data":{"date":"2025-08-23 15:02:50","eid":"E45756448202508231802LL11RJtUEG8","amount":"120","name":"Valmiralva dos Santos Silva","cpf":"93670362568","bankname":"null","payBank":"","payCpf":"","pixkey":"75998108031","account":"464392337","status":"done","order":"A20250823150247135307gDXa766Qi"},"sign":"1C56826BA4B3EF593180EEC93FA79137"}

【2025-08-23 16:08:21】
P2025082315411874478698182----提交：{"custId":"24120300001308","appId":"8241201350","order":"P2025082315411874478698182","sign":"E2ABB48B677B04CDF7391E95C8971185"}

【2025-08-23 16:08:22】
P2025082315411874478698182----返回：{"code":"000000","msg":"P2025082315411874478698182","data":{"date":"2025-08-23 15:41:21","eid":"E45756448202508231841ANRSgQcbEGo","amount":"250","name":"WALLACE SALES DA SILVA","cpf":"8899617350","bankname":"null","payBank":"","payCpf":"","pixkey":"wallacesilvaa922@gmail.com","account":"1147062420","status":"done","order":"A20250823154118973040Cnq2XM2RQ"},"sign":"0475124E7DC6D9E72188BDE7F35BA535"}

【2025-08-23 16:08:31】
P2025082315411874478698182----提交：{"custId":"24120300001308","appId":"8241201350","order":"P2025082315411874478698182","sign":"E2ABB48B677B04CDF7391E95C8971185"}

【2025-08-23 16:08:31】
P2025082315411874478698182----返回：{"code":"000000","msg":"P2025082315411874478698182","data":{"date":"2025-08-23 15:41:21","eid":"E45756448202508231841ANRSgQcbEGo","amount":"250","name":"WALLACE SALES DA SILVA","cpf":"8899617350","bankname":"null","payBank":"","payCpf":"","pixkey":"wallacesilvaa922@gmail.com","account":"1147062420","status":"done","order":"A20250823154118973040Cnq2XM2RQ"},"sign":"0475124E7DC6D9E72188BDE7F35BA535"}

【2025-08-23 16:19:25】
P2025082214123282752277937----提交：{"custId":"24120300001308","appId":"8241201350","order":"P2025082214123282752277937","sign":"F0B58A6A738341E4E9A99E56A4A9C42E"}

【2025-08-23 16:19:25】
P2025082214123282752277937----返回：{"code":"000000","msg":"P2025082214123282752277937","data":{"date":"2025-08-22 14:12:36","eid":"E45756448202508221712XudYyRo880y","amount":"40","name":"ALEX MANICA","cpf":"1226459102","bankname":"null","payBank":"","payCpf":"","pixkey":"62999172713","account":"58373640","status":"done","order":"A20250822141233902544mZnPzDTMI"},"sign":"EF05B2AA19D013541CB670F37ED9F2D0"}

【2025-08-23 16:51:42】
P2025082316081176091531584----提交：{"custId":"24120300001308","appId":"8241201350","order":"P2025082316081176091531584","sign":"9AFDF07475580DFBC2B90B75CC3DA6D8"}

【2025-08-23 16:51:42】
P2025082316081176091531584----返回：{"code":"000000","msg":"P2025082316081176091531584","data":{"date":"2025-08-23 16:08:14","eid":"E45756448202508231908PrFy2Cr2U2b","amount":"30","name":"SERGIO DA SILVA XAVIER","cpf":"41033060330","bankname":"null","payBank":"","payCpf":"","pixkey":"41033060330","account":"12880000008341043635","status":"done","order":"A20250823160811109052XvvQHcTF9"},"sign":"385E23B08B2932225A678C005CF68022"}

【2025-08-23 16:51:43】
P2025082316081176091531584----提交：{"custId":"24120300001308","appId":"8241201350","order":"P2025082316081176091531584","sign":"9AFDF07475580DFBC2B90B75CC3DA6D8"}

【2025-08-23 16:51:43】
P2025082316081176091531584----返回：{"code":"000000","msg":"P2025082316081176091531584","data":{"date":"2025-08-23 16:08:14","eid":"E45756448202508231908PrFy2Cr2U2b","amount":"30","name":"SERGIO DA SILVA XAVIER","cpf":"41033060330","bankname":"null","payBank":"","payCpf":"","pixkey":"41033060330","account":"12880000008341043635","status":"done","order":"A20250823160811109052XvvQHcTF9"},"sign":"385E23B08B2932225A678C005CF68022"}

【2025-08-23 16:51:53】
P2025082316081176091531584----提交：{"custId":"24120300001308","appId":"8241201350","order":"P2025082316081176091531584","sign":"9AFDF07475580DFBC2B90B75CC3DA6D8"}

【2025-08-23 16:51:54】
P2025082316081176091531584----返回：{"code":"000000","msg":"P2025082316081176091531584","data":{"date":"2025-08-23 16:08:14","eid":"E45756448202508231908PrFy2Cr2U2b","amount":"30","name":"SERGIO DA SILVA XAVIER","cpf":"41033060330","bankname":"null","payBank":"","payCpf":"","pixkey":"41033060330","account":"12880000008341043635","status":"done","order":"A20250823160811109052XvvQHcTF9"},"sign":"385E23B08B2932225A678C005CF68022"}

