【2025-08-23 22:26:11】
P2025082322100397803272663----提交：{"custId":"24120300001308","appId":"8241201350","order":"P2025082322100397803272663","sign":"62752EFCA94FC26A5F3513E3E28DB2FC"}

【2025-08-23 22:26:11】
P2025082322100397803272663----返回：{"msg":"no voucher","code":"900003","data":"","sign":"2856F04258F0DA99937D18ED87965490"}

【2025-08-23 22:34:40】
P2025082322231098590107377----提交：{"custId":"24120300001308","appId":"8241201350","order":"P2025082322231098590107377","sign":"527FC104FEC496BB60593A2318160652"}

【2025-08-23 22:34:40】
P2025082322231098590107377----返回：{"code":"000000","msg":"P2025082322231098590107377","data":{"date":"2025-08-23 22:23:13","eid":"E45756448202508240123oph5LuEnN0m","amount":"50","name":"ELAINE CRISTINA DA COSTA SOUSA","cpf":"9258367375","bankname":"null","payBank":"","payCpf":"","pixkey":"09258367375","account":"20557424","status":"done","order":"A20250823222311261009IZEKD4nYk"},"sign":"B97D94F3E04EAC6E7E6FD03BD9067F49"}

【2025-08-23 22:34:43】
P2025082322231098590107377----提交：{"custId":"24120300001308","appId":"8241201350","order":"P2025082322231098590107377","sign":"527FC104FEC496BB60593A2318160652"}

【2025-08-23 22:34:44】
P2025082322231098590107377----返回：{"code":"000000","msg":"P2025082322231098590107377","data":{"date":"2025-08-23 22:23:13","eid":"E45756448202508240123oph5LuEnN0m","amount":"50","name":"ELAINE CRISTINA DA COSTA SOUSA","cpf":"9258367375","bankname":"null","payBank":"","payCpf":"","pixkey":"09258367375","account":"20557424","status":"done","order":"A20250823222311261009IZEKD4nYk"},"sign":"B97D94F3E04EAC6E7E6FD03BD9067F49"}

【2025-08-23 22:40:42】
P2025082322400599605199866----提交：{"custId":"24120300001308","appId":"8241201350","order":"P2025082322400599605199866","sign":"99A22E2799A18E09A124548498AABFB3"}

【2025-08-23 22:40:42】
P2025082322400599605199866----返回：{"code":"000000","msg":"P2025082322400599605199866","data":{"date":"2025-08-23 22:40:08","eid":"E45756448202508240140yMzwQldz6EG","amount":"20","name":"Jackson Alves Leoncio","cpf":"16884141425","bankname":"null","payBank":"","payCpf":"","pixkey":"16884141425","account":"923339591","status":"done","order":"A20250823224005594100t7Hfr8uvC"},"sign":"A6E21C750C22A8262271A65B76E58E24"}

【2025-08-23 22:40:44】
P2025082322400599605199866----提交：{"custId":"24120300001308","appId":"8241201350","order":"P2025082322400599605199866","sign":"99A22E2799A18E09A124548498AABFB3"}

【2025-08-23 22:40:44】
P2025082322400599605199866----返回：{"code":"000000","msg":"P2025082322400599605199866","data":{"date":"2025-08-23 22:40:08","eid":"E45756448202508240140yMzwQldz6EG","amount":"20","name":"Jackson Alves Leoncio","cpf":"16884141425","bankname":"null","payBank":"","payCpf":"","pixkey":"16884141425","account":"923339591","status":"done","order":"A20250823224005594100t7Hfr8uvC"},"sign":"A6E21C750C22A8262271A65B76E58E24"}

【2025-08-23 22:56:18】
P2025082321113394293418105----提交：{"custId":"24120300001308","appId":"8241201350","order":"P2025082321113394293418105","sign":"8153FE0AF913E28CB3B6F2D4282118A4"}

【2025-08-23 22:56:18】
P2025082321113394293418105----返回：{"code":"000000","msg":"P2025082321113394293418105","data":{"date":"2025-08-23 21:11:37","eid":"E45756448202508240011i3ey9NboEWh","amount":"50","name":"LUIZA HERCILIA DE MELO                  ","cpf":"33476152472","bankname":"null","payBank":"","payCpf":"","pixkey":"33476152472","account":"10061547","status":"done","order":"A20250823211133428615mf5YlwReq"},"sign":"AF578067C43D35593CEAD008C4BBF5EF"}

【2025-08-23 22:56:39】
P2025082321113394293418105----提交：{"custId":"24120300001308","appId":"8241201350","order":"P2025082321113394293418105","sign":"8153FE0AF913E28CB3B6F2D4282118A4"}

【2025-08-23 22:56:39】
P2025082321113394293418105----返回：{"code":"000000","msg":"P2025082321113394293418105","data":{"date":"2025-08-23 21:11:37","eid":"E45756448202508240011i3ey9NboEWh","amount":"50","name":"LUIZA HERCILIA DE MELO                  ","cpf":"33476152472","bankname":"null","payBank":"","payCpf":"","pixkey":"33476152472","account":"10061547","status":"done","order":"A20250823211133428615mf5YlwReq"},"sign":"AF578067C43D35593CEAD008C4BBF5EF"}

【2025-08-23 22:57:07】
P2025082322231098590107377----提交：{"custId":"24120300001308","appId":"8241201350","order":"P2025082322231098590107377","sign":"527FC104FEC496BB60593A2318160652"}

【2025-08-23 22:57:07】
P2025082322231098590107377----返回：{"code":"000000","msg":"P2025082322231098590107377","data":{"date":"2025-08-23 22:23:13","eid":"E45756448202508240123oph5LuEnN0m","amount":"50","name":"ELAINE CRISTINA DA COSTA SOUSA","cpf":"9258367375","bankname":"null","payBank":"","payCpf":"","pixkey":"09258367375","account":"20557424","status":"done","order":"A20250823222311261009IZEKD4nYk"},"sign":"B97D94F3E04EAC6E7E6FD03BD9067F49"}

