【2025-08-23 15:09:35】
P2025082314551871718731815----提交：{"custId":"24120300001308","appId":"8241201350","order":"P2025082314551871718731815","sign":"0F734DB6B7AEA400D2336C1E424A7F94"}

【2025-08-23 15:09:35】
P2025082314551871718731815----返回：{"code":"000000","msg":"P2025082314551871718731815","data":{"date":"2025-08-23 14:55:21","eid":"E45756448202508231755eBm4mM9YvEO","amount":"20","name":"JOSEMI ALVES ALMEIDA","cpf":"6053014508","bankname":"null","payBank":"","payCpf":"","pixkey":"06053014508","account":"12880000009802059396","status":"done","order":"A20250823145519679453vRs1qvQvx"},"sign":"CEEE542D69064DDBA2726495CD95EBBD"}

【2025-08-23 15:09:37】
P2025082314551871718731815----提交：{"custId":"24120300001308","appId":"8241201350","order":"P2025082314551871718731815","sign":"0F734DB6B7AEA400D2336C1E424A7F94"}

【2025-08-23 15:09:38】
P2025082314551871718731815----返回：{"code":"000000","msg":"P2025082314551871718731815","data":{"date":"2025-08-23 14:55:21","eid":"E45756448202508231755eBm4mM9YvEO","amount":"20","name":"JOSEMI ALVES ALMEIDA","cpf":"6053014508","bankname":"null","payBank":"","payCpf":"","pixkey":"06053014508","account":"12880000009802059396","status":"done","order":"A20250823145519679453vRs1qvQvx"},"sign":"CEEE542D69064DDBA2726495CD95EBBD"}

【2025-08-23 15:14:13】
P2025082314401370813043425----提交：{"custId":"24120300001308","appId":"8241201350","order":"P2025082314401370813043425","sign":"C71474CDE089D64888AF531799224AB5"}

【2025-08-23 15:14:13】
P2025082314401370813043425----返回：{"code":"000000","msg":"P2025082314401370813043425","data":{"date":"2025-08-23 14:40:16","eid":"E45756448202508231740GFK4g7GlIUe","amount":"100","name":"JOSEMI ALVES ALMEIDA","cpf":"6053014508","bankname":"null","payBank":"","payCpf":"","pixkey":"06053014508","account":"12880000009802059396","status":"done","order":"A20250823144013878588azmJpLgNS"},"sign":"1F39790ED5C7E19E447EF1097BD8E77E"}

【2025-08-23 15:14:17】
P2025082314401370813043425----提交：{"custId":"24120300001308","appId":"8241201350","order":"P2025082314401370813043425","sign":"C71474CDE089D64888AF531799224AB5"}

【2025-08-23 15:14:18】
P2025082314401370813043425----返回：{"code":"000000","msg":"P2025082314401370813043425","data":{"date":"2025-08-23 14:40:16","eid":"E45756448202508231740GFK4g7GlIUe","amount":"100","name":"JOSEMI ALVES ALMEIDA","cpf":"6053014508","bankname":"null","payBank":"","payCpf":"","pixkey":"06053014508","account":"12880000009802059396","status":"done","order":"A20250823144013878588azmJpLgNS"},"sign":"1F39790ED5C7E19E447EF1097BD8E77E"}

【2025-08-23 15:15:45】
P2025082314401370813043425----提交：{"custId":"24120300001308","appId":"8241201350","order":"P2025082314401370813043425","sign":"C71474CDE089D64888AF531799224AB5"}

【2025-08-23 15:15:45】
P2025082314401370813043425----返回：{"code":"000000","msg":"P2025082314401370813043425","data":{"date":"2025-08-23 14:40:16","eid":"E45756448202508231740GFK4g7GlIUe","amount":"100","name":"JOSEMI ALVES ALMEIDA","cpf":"6053014508","bankname":"null","payBank":"","payCpf":"","pixkey":"06053014508","account":"12880000009802059396","status":"done","order":"A20250823144013878588azmJpLgNS"},"sign":"1F39790ED5C7E19E447EF1097BD8E77E"}

【2025-08-23 15:21:18】
P2025082315200073200212550----提交：{"custId":"24120300001308","appId":"8241201350","order":"P2025082315200073200212550","sign":"37DC4101E2FF560DBC405B44CE5AEC93"}

【2025-08-23 15:21:18】
P2025082315200073200212550----返回：{"code":"000000","msg":"P2025082315200073200212550","data":{"date":"2025-08-23 15:21:05","eid":"E45756448202508231821IGdIopxrEOy","amount":"5000","name":"CINTIA DE AVILA","cpf":"7277387988","bankname":"null","payBank":"","payCpf":"","pixkey":"07277387988","account":"326597","status":"done","order":"A20250823152102358194549D2kDxB"},"sign":"CF54BE62D10FCE6E723007E73D167457"}

【2025-08-23 15:21:21】
P2025082315200073200212550----提交：{"custId":"24120300001308","appId":"8241201350","order":"P2025082315200073200212550","sign":"37DC4101E2FF560DBC405B44CE5AEC93"}

【2025-08-23 15:21:21】
P2025082315200073200212550----返回：{"code":"000000","msg":"P2025082315200073200212550","data":{"date":"2025-08-23 15:21:05","eid":"E45756448202508231821IGdIopxrEOy","amount":"5000","name":"CINTIA DE AVILA","cpf":"7277387988","bankname":"null","payBank":"","payCpf":"","pixkey":"07277387988","account":"326597","status":"done","order":"A20250823152102358194549D2kDxB"},"sign":"CF54BE62D10FCE6E723007E73D167457"}

