【2025-08-23 12:14:17】
P2025082312104561845589454----提交：{"custId":"24120300001308","appId":"8241201350","order":"P2025082312104561845589454","sign":"5B22A3C3735FF98488BB57920CD7C363"}

【2025-08-23 12:14:17】
P2025082312104561845589454----返回：{"code":"000000","msg":"P2025082312104561845589454","data":{"date":"2025-08-23 12:13:19","eid":"E37205447202508231513149531ae2be","amount":"12650","name":"Gabryella Damascena Silva Leao","cpf":"70141026138","bankname":"ORBION GAMING LTDA","payBank":"","payCpf":"","pixkey":"70141026138","account":"22896431","status":"done","order":"A20250823121201815894kKgL4yqyj"},"sign":"2479F323895159AE56B7CE8527F3668D"}

【2025-08-23 12:16:02】
P2025082310282555705457869----提交：{"custId":"24120300001308","appId":"8241201350","order":"P2025082310282555705457869","sign":"8FE16D236860756C7E88830FDB47B9D7"}

【2025-08-23 12:16:03】
P2025082310282555705457869----返回：{"code":"000000","msg":"P2025082310282555705457869","data":{"date":"2025-08-23 10:28:30","eid":"E45756448202508231328raSW4RIzOkq","amount":"22","name":"DANILO DOS SANTOS MACEDO","cpf":"71219166146","bankname":"null","payBank":"","payCpf":"","pixkey":"61993248155","account":"20288162","status":"done","order":"A20250823102826129996FDker5TyE"},"sign":"D2994E680F9934A4304BC772578A5ADC"}

【2025-08-23 12:27:07】
P2025082310282555705457869----提交：{"custId":"24120300001308","appId":"8241201350","order":"P2025082310282555705457869","sign":"8FE16D236860756C7E88830FDB47B9D7"}

【2025-08-23 12:27:08】
P2025082310282555705457869----返回：{"code":"000000","msg":"P2025082310282555705457869","data":{"date":"2025-08-23 10:28:30","eid":"E45756448202508231328raSW4RIzOkq","amount":"22","name":"DANILO DOS SANTOS MACEDO","cpf":"71219166146","bankname":"null","payBank":"","payCpf":"","pixkey":"61993248155","account":"20288162","status":"done","order":"A20250823102826129996FDker5TyE"},"sign":"D2994E680F9934A4304BC772578A5ADC"}

【2025-08-23 12:47:27】
P2025082312413963699608887----提交：{"custId":"24120300001308","appId":"8241201350","order":"P2025082312413963699608887","sign":"F5241740563D8AD6F263A23BEACF1EBF"}

【2025-08-23 12:47:27】
P2025082312413963699608887----返回：{"code":"000000","msg":"P2025082312413963699608887","data":{"date":"2025-08-23 12:41:42","eid":"E45756448202508231541TQ5QxzZlfUq","amount":"50","name":"FRANCISCO ALEXANDRE DE FREITAS NETO","cpf":"7064413388","bankname":"null","payBank":"","payCpf":"","pixkey":"07064413388","account":"12880000009818318221","status":"done","order":"A20250823124139426695grGmP8xLr"},"sign":"F11B0CE03CAA56CDB38EB9C1544D3F6E"}

【2025-08-23 12:47:30】
P2025082312413963699608887----提交：{"custId":"24120300001308","appId":"8241201350","order":"P2025082312413963699608887","sign":"F5241740563D8AD6F263A23BEACF1EBF"}

【2025-08-23 12:47:30】
P2025082312413963699608887----返回：{"code":"000000","msg":"P2025082312413963699608887","data":{"date":"2025-08-23 12:41:42","eid":"E45756448202508231541TQ5QxzZlfUq","amount":"50","name":"FRANCISCO ALEXANDRE DE FREITAS NETO","cpf":"7064413388","bankname":"null","payBank":"","payCpf":"","pixkey":"07064413388","account":"12880000009818318221","status":"done","order":"A20250823124139426695grGmP8xLr"},"sign":"F11B0CE03CAA56CDB38EB9C1544D3F6E"}

【2025-08-23 12:47:35】
P2025082312413963699608887----提交：{"custId":"24120300001308","appId":"8241201350","order":"P2025082312413963699608887","sign":"F5241740563D8AD6F263A23BEACF1EBF"}

【2025-08-23 12:47:36】
P2025082312413963699608887----返回：{"code":"000000","msg":"P2025082312413963699608887","data":{"date":"2025-08-23 12:41:42","eid":"E45756448202508231541TQ5QxzZlfUq","amount":"50","name":"FRANCISCO ALEXANDRE DE FREITAS NETO","cpf":"7064413388","bankname":"null","payBank":"","payCpf":"","pixkey":"07064413388","account":"12880000009818318221","status":"done","order":"A20250823124139426695grGmP8xLr"},"sign":"F11B0CE03CAA56CDB38EB9C1544D3F6E"}

【2025-08-23 12:47:57】
P2025082312413963699608887----提交：{"custId":"24120300001308","appId":"8241201350","order":"P2025082312413963699608887","sign":"F5241740563D8AD6F263A23BEACF1EBF"}

【2025-08-23 12:47:57】
P2025082312413963699608887----返回：{"code":"000000","msg":"P2025082312413963699608887","data":{"date":"2025-08-23 12:41:42","eid":"E45756448202508231541TQ5QxzZlfUq","amount":"50","name":"FRANCISCO ALEXANDRE DE FREITAS NETO","cpf":"7064413388","bankname":"null","payBank":"","payCpf":"","pixkey":"07064413388","account":"12880000009818318221","status":"done","order":"A20250823124139426695grGmP8xLr"},"sign":"F11B0CE03CAA56CDB38EB9C1544D3F6E"}

