【2025-08-23 23:23:53】
P2025082323191401954557123----提交：{"custId":"24120300001308","appId":"8241201350","order":"P2025082323191401954557123","sign":"AF5C891EB7415271019058C9E59081AC"}

【2025-08-23 23:23:54】
P2025082323191401954557123----返回：{"code":"000000","msg":"P2025082323191401954557123","data":{"date":"2025-08-23 23:19:16","eid":"E45756448202508240219awS8SLNSske","amount":"108","name":"RAFAEL CEZARIO","cpf":"10472987674","bankname":"null","payBank":"","payCpf":"","pixkey":"cezarcezrafa@gmail.com","account":"562076","status":"done","order":"A20250823231914588965Pq9sqcU3E"},"sign":"DD5260777B4B03426C2004128E4B5F00"}

【2025-08-23 23:24:02】
P2025082323191401954557123----提交：{"custId":"24120300001308","appId":"8241201350","order":"P2025082323191401954557123","sign":"AF5C891EB7415271019058C9E59081AC"}

【2025-08-23 23:24:02】
P2025082323191401954557123----返回：{"code":"000000","msg":"P2025082323191401954557123","data":{"date":"2025-08-23 23:19:16","eid":"E45756448202508240219awS8SLNSske","amount":"108","name":"RAFAEL CEZARIO","cpf":"10472987674","bankname":"null","payBank":"","payCpf":"","pixkey":"cezarcezrafa@gmail.com","account":"562076","status":"done","order":"A20250823231914588965Pq9sqcU3E"},"sign":"DD5260777B4B03426C2004128E4B5F00"}

【2025-08-23 23:24:03】
P2025082323191401954557123----提交：{"custId":"24120300001308","appId":"8241201350","order":"P2025082323191401954557123","sign":"AF5C891EB7415271019058C9E59081AC"}

【2025-08-23 23:24:03】
P2025082323191401954557123----返回：{"code":"000000","msg":"P2025082323191401954557123","data":{"date":"2025-08-23 23:19:16","eid":"E45756448202508240219awS8SLNSske","amount":"108","name":"RAFAEL CEZARIO","cpf":"10472987674","bankname":"null","payBank":"","payCpf":"","pixkey":"cezarcezrafa@gmail.com","account":"562076","status":"done","order":"A20250823231914588965Pq9sqcU3E"},"sign":"DD5260777B4B03426C2004128E4B5F00"}

【2025-08-23 23:29:46】
P2025082323275002470954492----提交：{"custId":"24120300001308","appId":"8241201350","order":"P2025082323275002470954492","sign":"BC3B15B8BE06F83406BDDF89A1CCED9D"}

【2025-08-23 23:29:47】
P2025082323275002470954492----返回：{"code":"000000","msg":"P2025082323275002470954492","data":{"date":"2025-08-23 23:27:53","eid":"E45756448202508240227vwkgIuNpU2i","amount":"20","name":"Thiago De Oliveira Ramos","cpf":"39103569829","bankname":"null","payBank":"","payCpf":"","pixkey":"39103569829","account":"1231469781","status":"done","order":"A20250823232750100481nFb1gFmd5"},"sign":"85F7C3A2AAA06AD48DD3DCDA34F18B65"}

【2025-08-23 23:51:06】
P2025082321201794817059566----提交：{"custId":"24120300001308","appId":"8241201350","order":"P2025082321201794817059566","sign":"CAC6483BC78EBE6C1834F1B7610EC6DE"}

【2025-08-23 23:51:06】
P2025082321201794817059566----返回：{"code":"000000","msg":"P2025082321201794817059566","data":{"date":"2025-08-23 21:20:21","eid":"E45756448202508240020AYIMdgqZFES","amount":"34.61","name":"ISABELA SOARES DE JESUS","cpf":"16430208621","bankname":"null","payBank":"","payCpf":"","pixkey":"16430208621","account":"398378258","status":"done","order":"A20250823212018122560tHmEDAZAz"},"sign":"628967F6C0FEC74736B438674DA108C6"}

【2025-08-23 23:51:09】
P2025082321201794817059566----提交：{"custId":"24120300001308","appId":"8241201350","order":"P2025082321201794817059566","sign":"CAC6483BC78EBE6C1834F1B7610EC6DE"}

【2025-08-23 23:51:09】
P2025082321201794817059566----返回：{"code":"000000","msg":"P2025082321201794817059566","data":{"date":"2025-08-23 21:20:21","eid":"E45756448202508240020AYIMdgqZFES","amount":"34.61","name":"ISABELA SOARES DE JESUS","cpf":"16430208621","bankname":"null","payBank":"","payCpf":"","pixkey":"16430208621","account":"398378258","status":"done","order":"A20250823212018122560tHmEDAZAz"},"sign":"628967F6C0FEC74736B438674DA108C6"}

