【2025-08-23 11:01:06】
P2025082218574399863238955----提交：{"custId":"24120300001308","appId":"8241201350","order":"P2025082218574399863238955","sign":"D8C81967EA4ED1132241A87DAD38AE28"}

【2025-08-23 11:01:07】
P2025082218574399863238955----返回：{"code":"000000","msg":"P2025082218574399863238955","data":{"date":"2025-08-22 18:59:10","eid":"E3720544720250822215903102c623fd","amount":"150","name":"Lasaro Pinto Ferreira da Silva","cpf":"18527524759","bankname":"ORBION GAMING LTDA","payBank":"","payCpf":"","pixkey":"+5528999499772","account":"10573521","status":"done","order":"A20250822185902668181Tnzze9gL2"},"sign":"F8511C506BE1F4BFA8CA8AC56AB09142"}

【2025-08-23 11:01:09】
P2025082218574399863238955----提交：{"custId":"24120300001308","appId":"8241201350","order":"P2025082218574399863238955","sign":"D8C81967EA4ED1132241A87DAD38AE28"}

【2025-08-23 11:01:10】
P2025082218574399863238955----返回：{"code":"000000","msg":"P2025082218574399863238955","data":{"date":"2025-08-22 18:59:10","eid":"E3720544720250822215903102c623fd","amount":"150","name":"Lasaro Pinto Ferreira da Silva","cpf":"18527524759","bankname":"ORBION GAMING LTDA","payBank":"","payCpf":"","pixkey":"+5528999499772","account":"10573521","status":"done","order":"A20250822185902668181Tnzze9gL2"},"sign":"F8511C506BE1F4BFA8CA8AC56AB09142"}

【2025-08-23 11:15:06】
P2025082311061157971963341----提交：{"custId":"24120300001308","appId":"8241201350","order":"P2025082311061157971963341","sign":"93AF81FC8AD0AC49439621E5F9A5F72D"}

【2025-08-23 11:15:06】
P2025082311061157971963341----返回：{"code":"000000","msg":"P2025082311061157971963341","data":{"date":"2025-08-23 11:06:13","eid":"E45756448202508231406TxUM7n88sE6","amount":"20","name":"DANIELE MARQUES DE SOUZA","cpf":"17681739742","bankname":"null","payBank":"","payCpf":"","pixkey":"19982132373","account":"37010000005765176344","status":"done","order":"A20250823110611716257lr3t1uvEk"},"sign":"A1F9249952675EA4CC002B1EC41F6FC1"}

【2025-08-23 11:15:22】
P2025082311061157971963341----提交：{"custId":"24120300001308","appId":"8241201350","order":"P2025082311061157971963341","sign":"93AF81FC8AD0AC49439621E5F9A5F72D"}

【2025-08-23 11:15:22】
P2025082311061157971963341----返回：{"code":"000000","msg":"P2025082311061157971963341","data":{"date":"2025-08-23 11:06:13","eid":"E45756448202508231406TxUM7n88sE6","amount":"20","name":"DANIELE MARQUES DE SOUZA","cpf":"17681739742","bankname":"null","payBank":"","payCpf":"","pixkey":"19982132373","account":"37010000005765176344","status":"done","order":"A20250823110611716257lr3t1uvEk"},"sign":"A1F9249952675EA4CC002B1EC41F6FC1"}

【2025-08-23 11:34:56】
P2025081800440288642759550----提交：{"custId":"24120300001308","appId":"8241201350","order":"P2025081800440288642759550","sign":"79ECE29BB02AFA4E4DF82BB8E626F23C"}

【2025-08-23 11:34:56】
P2025081800440288642759550----返回：{"code":"000000","msg":"P2025081800440288642759550","data":{"date":"2025-08-18 00:44:07","eid":"E45756448202508180344M0gTGraFaE2","amount":"100","name":"Carlos Roberto Candido","cpf":"1529894980","bankname":"null","payBank":"","payCpf":"","pixkey":"43996548825","account":"9254309700","status":"done","order":"A20250818004402050629gUJUDV6fd"},"sign":"789FD554865021568E07C6A0BF711A1E"}

【2025-08-23 11:37:30】
P2025081800440288642759550----提交：{"custId":"24120300001308","appId":"8241201350","order":"P2025081800440288642759550","sign":"79ECE29BB02AFA4E4DF82BB8E626F23C"}

【2025-08-23 11:37:30】
P2025081800440288642759550----返回：{"code":"000000","msg":"P2025081800440288642759550","data":{"date":"2025-08-18 00:44:07","eid":"E45756448202508180344M0gTGraFaE2","amount":"100","name":"Carlos Roberto Candido","cpf":"1529894980","bankname":"null","payBank":"","payCpf":"","pixkey":"43996548825","account":"9254309700","status":"done","order":"A20250818004402050629gUJUDV6fd"},"sign":"789FD554865021568E07C6A0BF711A1E"}

