【2025-08-23 14:00:25】
P2025082313554668146266426----提交：{"custId":"24120300001308","appId":"8241201350","order":"P2025082313554668146266426","sign":"166552BA30813E30BBADDADD0A17793D"}

【2025-08-23 14:00:25】
P2025082313554668146266426----返回：{"code":"000000","msg":"P2025082313554668146266426","data":{"date":"2025-08-23 13:55:48","eid":"E45756448202508231655ouf5UalVsUe","amount":"112","name":"GENIS PEREIRA DOS SANTOS","cpf":"93761287100","bankname":"null","payBank":"","payCpf":"","pixkey":"93761287100","account":"80489","status":"done","order":"A20250823135546688626slcaKDNMV"},"sign":"6DF716286CCA3278D5E23DA6FD2C3D71"}

【2025-08-23 14:00:27】
P2025082313554668146266426----提交：{"custId":"24120300001308","appId":"8241201350","order":"P2025082313554668146266426","sign":"166552BA30813E30BBADDADD0A17793D"}

【2025-08-23 14:00:27】
P2025082313554668146266426----返回：{"code":"000000","msg":"P2025082313554668146266426","data":{"date":"2025-08-23 13:55:48","eid":"E45756448202508231655ouf5UalVsUe","amount":"112","name":"GENIS PEREIRA DOS SANTOS","cpf":"93761287100","bankname":"null","payBank":"","payCpf":"","pixkey":"93761287100","account":"80489","status":"done","order":"A20250823135546688626slcaKDNMV"},"sign":"6DF716286CCA3278D5E23DA6FD2C3D71"}

【2025-08-23 14:02:01】
P2025082311032457804029059----提交：{"custId":"24120300001308","appId":"8241201350","order":"P2025082311032457804029059","sign":"77BF9C63539B2C5FAFE208A5B1241216"}

【2025-08-23 14:02:01】
P2025082311032457804029059----返回：{"code":"000000","msg":"P2025082311032457804029059","data":{"date":"2025-08-23 11:03:29","eid":"E45756448202508231403flnaAKGvEmM","amount":"30","name":"MARCIA GABRIELE R MONTEIRO","cpf":"24274034828","bankname":"null","payBank":"","payCpf":"","pixkey":"24274034828","account":"234345","status":"done","order":"A20250823110325672974r8P5bgiXK"},"sign":"11A8897082B63F68A9B98B1F61CAC3E7"}

【2025-08-23 14:02:03】
P2025082311032457804029059----提交：{"custId":"24120300001308","appId":"8241201350","order":"P2025082311032457804029059","sign":"77BF9C63539B2C5FAFE208A5B1241216"}

【2025-08-23 14:02:04】
P2025082311032457804029059----返回：{"code":"000000","msg":"P2025082311032457804029059","data":{"date":"2025-08-23 11:03:29","eid":"E45756448202508231403flnaAKGvEmM","amount":"30","name":"MARCIA GABRIELE R MONTEIRO","cpf":"24274034828","bankname":"null","payBank":"","payCpf":"","pixkey":"24274034828","account":"234345","status":"done","order":"A20250823110325672974r8P5bgiXK"},"sign":"11A8897082B63F68A9B98B1F61CAC3E7"}

【2025-08-23 14:06:36】
P2025082313575468274608772----提交：{"custId":"24120300001308","appId":"8241201350","order":"P2025082313575468274608772","sign":"DFD27149D321B02BDF2F3634F787B492"}

【2025-08-23 14:06:36】
P2025082313575468274608772----返回：{"code":"000000","msg":"P2025082313575468274608772","data":{"date":"2025-08-23 13:57:56","eid":"E45756448202508231657vMjaUFfB0yJ","amount":"60","name":"pedro Miguel Ferreira dos Santos","cpf":"5982583103","bankname":"null","payBank":"","payCpf":"","pixkey":"05982583103","account":"483070926","status":"done","order":"A20250823135754481965AU7SWQsI2"},"sign":"3C2B564790A3A9A41C01311D4679FD37"}

【2025-08-23 14:06:37】
P2025082313575468274608772----提交：{"custId":"24120300001308","appId":"8241201350","order":"P2025082313575468274608772","sign":"DFD27149D321B02BDF2F3634F787B492"}

【2025-08-23 14:06:37】
P2025082313575468274608772----返回：{"code":"000000","msg":"P2025082313575468274608772","data":{"date":"2025-08-23 13:57:56","eid":"E45756448202508231657vMjaUFfB0yJ","amount":"60","name":"pedro Miguel Ferreira dos Santos","cpf":"5982583103","bankname":"null","payBank":"","payCpf":"","pixkey":"05982583103","account":"483070926","status":"done","order":"A20250823135754481965AU7SWQsI2"},"sign":"3C2B564790A3A9A41C01311D4679FD37"}

【2025-08-23 14:07:59】
P2025082313573068250776735----提交：{"custId":"24120300001308","appId":"8241201350","order":"P2025082313573068250776735","sign":"85EEABC2D765ADDBAD4D5FC176F56624"}

【2025-08-23 14:08:00】
P2025082313573068250776735----返回：{"code":"000000","msg":"P2025082313573068250776735","data":{"date":"2025-08-23 13:57:32","eid":"E45756448202508231657rdnzCLo06dH","amount":"20","name":"Jesson da Silva Viana","cpf":"62258059313","bankname":"null","payBank":"","payCpf":"","pixkey":"62258059313","account":"2155131109","status":"done","order":"A202508231357307391524wUi6yI8L"},"sign":"273B8DB51B1556A4D840961171ABDC4C"}

【2025-08-23 14:08:15】
P2025082313573068250776735----提交：{"custId":"24120300001308","appId":"8241201350","order":"P2025082313573068250776735","sign":"85EEABC2D765ADDBAD4D5FC176F56624"}

【2025-08-23 14:08:15】
P2025082313573068250776735----返回：{"code":"000000","msg":"P2025082313573068250776735","data":{"date":"2025-08-23 13:57:32","eid":"E45756448202508231657rdnzCLo06dH","amount":"20","name":"Jesson da Silva Viana","cpf":"62258059313","bankname":"null","payBank":"","payCpf":"","pixkey":"62258059313","account":"2155131109","status":"done","order":"A202508231357307391524wUi6yI8L"},"sign":"273B8DB51B1556A4D840961171ABDC4C"}

【2025-08-23 14:12:33】
P2025081807233512615847712----提交：{"custId":"24120300001308","appId":"8241201350","order":"P2025081807233512615847712","sign":"0CBC774E10363E03171C8201F0450EC9"}

【2025-08-23 14:12:33】
P2025081807233512615847712----返回：{"code":"000000","msg":"P2025081807233512615847712","data":{"date":"2025-08-18 07:23:38","eid":"E45756448202508181023Rlb4ATxkeOE","amount":"50","name":"GUILHERME DE SOUZA SANTOS","cpf":"6207097157","bankname":"null","payBank":"","payCpf":"","pixkey":"06207097157","account":"12880000008607984568","status":"done","order":"A20250818072336906290MeUSK7n1l"},"sign":"D6483FA8D918BD486789A37EA64B3701"}

【2025-08-23 14:12:51】
P2025081807233512615847712----提交：{"custId":"24120300001308","appId":"8241201350","order":"P2025081807233512615847712","sign":"0CBC774E10363E03171C8201F0450EC9"}

【2025-08-23 14:12:52】
P2025081807233512615847712----返回：{"code":"000000","msg":"P2025081807233512615847712","data":{"date":"2025-08-18 07:23:38","eid":"E45756448202508181023Rlb4ATxkeOE","amount":"50","name":"GUILHERME DE SOUZA SANTOS","cpf":"6207097157","bankname":"null","payBank":"","payCpf":"","pixkey":"06207097157","account":"12880000008607984568","status":"done","order":"A20250818072336906290MeUSK7n1l"},"sign":"D6483FA8D918BD486789A37EA64B3701"}

