【2025-08-23 17:39:34】
P2025082307433745817069002----提交：{"custId":"24120300001308","appId":"8241201350","order":"P2025082307433745817069002","sign":"C862C12A404891C1117D2E449DB7C628"}

【2025-08-23 17:39:34】
P2025082307433745817069002----返回：{"code":"000000","msg":"P2025082307433745817069002","data":{"date":"2025-08-23 07:43:40","eid":"E45756448202508231043lUj8PPkU1EC","amount":"10.02","name":"Maria Gideilde Alves Santos","cpf":"81002289572","bankname":"null","payBank":"","payCpf":"","pixkey":"Sluisgustavo017@gmail.com","account":"502025989900","status":"done","order":"A20250823074337527566UdBhipFtq"},"sign":"F2A4A4A6DA29DD001FD4FAF9C92D0B29"}

【2025-08-23 17:39:54】
P2025082307433745817069002----提交：{"custId":"24120300001308","appId":"8241201350","order":"P2025082307433745817069002","sign":"C862C12A404891C1117D2E449DB7C628"}

【2025-08-23 17:39:54】
P2025082307433745817069002----返回：{"code":"000000","msg":"P2025082307433745817069002","data":{"date":"2025-08-23 07:43:40","eid":"E45756448202508231043lUj8PPkU1EC","amount":"10.02","name":"Maria Gideilde Alves Santos","cpf":"81002289572","bankname":"null","payBank":"","payCpf":"","pixkey":"Sluisgustavo017@gmail.com","account":"502025989900","status":"done","order":"A20250823074337527566UdBhipFtq"},"sign":"F2A4A4A6DA29DD001FD4FAF9C92D0B29"}

【2025-08-23 17:40:24】
P2025082307433745817069002----提交：{"custId":"24120300001308","appId":"8241201350","order":"P2025082307433745817069002","sign":"C862C12A404891C1117D2E449DB7C628"}

【2025-08-23 17:40:25】
P2025082307433745817069002----返回：{"code":"000000","msg":"P2025082307433745817069002","data":{"date":"2025-08-23 07:43:40","eid":"E45756448202508231043lUj8PPkU1EC","amount":"10.02","name":"Maria Gideilde Alves Santos","cpf":"81002289572","bankname":"null","payBank":"","payCpf":"","pixkey":"Sluisgustavo017@gmail.com","account":"502025989900","status":"done","order":"A20250823074337527566UdBhipFtq"},"sign":"F2A4A4A6DA29DD001FD4FAF9C92D0B29"}

【2025-08-23 17:52:15】
P2025082317245680696268306----提交：{"custId":"24120300001308","appId":"8241201350","order":"P2025082317245680696268306","sign":"233129B00BF9014CA96B356E633826A5"}

【2025-08-23 17:52:16】
P2025082317245680696268306----返回：{"code":"000000","msg":"P2025082317245680696268306","data":{"date":"2025-08-23 17:25:03","eid":"E45756448202508232024KewSxFAnNk6","amount":"54","name":"VANICE DE OLIVEIRA","cpf":"7179467979","bankname":"null","payBank":"","payCpf":"","pixkey":"07179467979","account":"10366454","status":"done","order":"A20250823172456844330kV7RBCvF3"},"sign":"B950AFEEFBAA8397FCB299066BE5B754"}

【2025-08-23 17:52:19】
P2025082317245680696268306----提交：{"custId":"24120300001308","appId":"8241201350","order":"P2025082317245680696268306","sign":"233129B00BF9014CA96B356E633826A5"}

【2025-08-23 17:52:19】
P2025082317245680696268306----返回：{"code":"000000","msg":"P2025082317245680696268306","data":{"date":"2025-08-23 17:25:03","eid":"E45756448202508232024KewSxFAnNk6","amount":"54","name":"VANICE DE OLIVEIRA","cpf":"7179467979","bankname":"null","payBank":"","payCpf":"","pixkey":"07179467979","account":"10366454","status":"done","order":"A20250823172456844330kV7RBCvF3"},"sign":"B950AFEEFBAA8397FCB299066BE5B754"}

【2025-08-23 17:53:49】
P2025082317375381473339933----提交：{"custId":"24120300001308","appId":"8241201350","order":"P2025082317375381473339933","sign":"A6072D0FB506E5C33BE7CEDC9E06520A"}

【2025-08-23 17:53:49】
P2025082317375381473339933----返回：{"code":"000000","msg":"P2025082317375381473339933","data":{"date":"2025-08-23 17:37:56","eid":"E45756448202508232037nReToBSsDEm","amount":"30","name":"Ana Carolina Santos Oliveira","cpf":"7490073111","bankname":"null","payBank":"","payCpf":"","pixkey":"al27020013@gmail.com","account":"135088973","status":"done","order":"A20250823173753020461hAHxJApPn"},"sign":"2CD178C8F8C9CF68D5BD7A98A8FF3B54"}

【2025-08-23 17:53:51】
P2025082317375381473339933----提交：{"custId":"24120300001308","appId":"8241201350","order":"P2025082317375381473339933","sign":"A6072D0FB506E5C33BE7CEDC9E06520A"}

【2025-08-23 17:53:51】
P2025082317375381473339933----返回：{"code":"000000","msg":"P2025082317375381473339933","data":{"date":"2025-08-23 17:37:56","eid":"E45756448202508232037nReToBSsDEm","amount":"30","name":"Ana Carolina Santos Oliveira","cpf":"7490073111","bankname":"null","payBank":"","payCpf":"","pixkey":"al27020013@gmail.com","account":"135088973","status":"done","order":"A20250823173753020461hAHxJApPn"},"sign":"2CD178C8F8C9CF68D5BD7A98A8FF3B54"}

【2025-08-23 17:59:32】
P2025082317180480284203765----提交：{"custId":"24120300001308","appId":"8241201350","order":"P2025082317180480284203765","sign":"5FABD56370E07EC6E2D7A18D5C8F0E59"}

【2025-08-23 17:59:32】
P2025082317180480284203765----返回：{"code":"000000","msg":"P2025082317180480284203765","data":{"date":"2025-08-23 17:18:07","eid":"E45756448202508232018Eu3MKzWAHUW","amount":"200","name":"JAMILLY DOS SANTOS MOURA","cpf":"16087162445","bankname":"null","payBank":"","payCpf":"","pixkey":"16087162445","account":"302897715","status":"done","order":"A20250823171804615812Bf1kM5iYv"},"sign":"B92F301344B2AA0A84D07232174F849C"}

【2025-08-23 17:59:39】
P2025082317180480284203765----提交：{"custId":"24120300001308","appId":"8241201350","order":"P2025082317180480284203765","sign":"5FABD56370E07EC6E2D7A18D5C8F0E59"}

【2025-08-23 17:59:39】
P2025082317180480284203765----返回：{"code":"000000","msg":"P2025082317180480284203765","data":{"date":"2025-08-23 17:18:07","eid":"E45756448202508232018Eu3MKzWAHUW","amount":"200","name":"JAMILLY DOS SANTOS MOURA","cpf":"16087162445","bankname":"null","payBank":"","payCpf":"","pixkey":"16087162445","account":"302897715","status":"done","order":"A20250823171804615812Bf1kM5iYv"},"sign":"B92F301344B2AA0A84D07232174F849C"}

