【2025-08-23 20:01:59】
P2025082319314988309981284----提交：{"custId":"24120300001308","appId":"8241201350","order":"P2025082319314988309981284","sign":"7FFCAE26199EF792D1CD720F70824EDA"}

【2025-08-23 20:01:59】
P2025082319314988309981284----返回：{"code":"000000","msg":"P2025082319314988309981284","data":{"date":"2025-08-23 19:31:52","eid":"E45756448202508232231XVxZ3gtlFUu","amount":"30","name":"Rosana De Araújo Barbosa","cpf":"8641003703","bankname":"null","payBank":"","payCpf":"","pixkey":"38999367901","account":"1086684834","status":"done","order":"A20250823193149746644YWuBHJc2k"},"sign":"23E31AF0F4E2B1C053469CE57FDA41E7"}

【2025-08-23 20:02:01】
P2025082319314988309981284----提交：{"custId":"24120300001308","appId":"8241201350","order":"P2025082319314988309981284","sign":"7FFCAE26199EF792D1CD720F70824EDA"}

【2025-08-23 20:02:01】
P2025082319314988309981284----返回：{"code":"000000","msg":"P2025082319314988309981284","data":{"date":"2025-08-23 19:31:52","eid":"E45756448202508232231XVxZ3gtlFUu","amount":"30","name":"Rosana De Araújo Barbosa","cpf":"8641003703","bankname":"null","payBank":"","payCpf":"","pixkey":"38999367901","account":"1086684834","status":"done","order":"A20250823193149746644YWuBHJc2k"},"sign":"23E31AF0F4E2B1C053469CE57FDA41E7"}

【2025-08-23 20:02:53】
P2025082319314988309981284----提交：{"custId":"24120300001308","appId":"8241201350","order":"P2025082319314988309981284","sign":"7FFCAE26199EF792D1CD720F70824EDA"}

【2025-08-23 20:02:54】
P2025082319314988309981284----返回：{"code":"000000","msg":"P2025082319314988309981284","data":{"date":"2025-08-23 19:31:52","eid":"E45756448202508232231XVxZ3gtlFUu","amount":"30","name":"Rosana De Araújo Barbosa","cpf":"8641003703","bankname":"null","payBank":"","payCpf":"","pixkey":"38999367901","account":"1086684834","status":"done","order":"A20250823193149746644YWuBHJc2k"},"sign":"23E31AF0F4E2B1C053469CE57FDA41E7"}

【2025-08-23 20:27:01】
P2025082310502857028456047----提交：{"custId":"24120300001308","appId":"8241201350","order":"P2025082310502857028456047","sign":"A4E4783B6FB1FADA8B4E68723E900B3E"}

【2025-08-23 20:27:01】
P2025082310502857028456047----返回：{"code":"000000","msg":"P2025082310502857028456047","data":{"date":"2025-08-23 10:50:32","eid":"E45756448202508231350BPsqx4UXEWg","amount":"200","name":"Camila Vitoria da Silva Ciliro","cpf":"59886259833","bankname":"null","payBank":"","payCpf":"","pixkey":"59886259833","account":"5593990388","status":"done","order":"A20250823105028801654qcAQwrbhg"},"sign":"B90B1280E57BE8FCA7C2601F8B310019"}

【2025-08-23 20:27:04】
P2025082310502857028456047----提交：{"custId":"24120300001308","appId":"8241201350","order":"P2025082310502857028456047","sign":"A4E4783B6FB1FADA8B4E68723E900B3E"}

【2025-08-23 20:27:05】
P2025082310502857028456047----返回：{"code":"000000","msg":"P2025082310502857028456047","data":{"date":"2025-08-23 10:50:32","eid":"E45756448202508231350BPsqx4UXEWg","amount":"200","name":"Camila Vitoria da Silva Ciliro","cpf":"59886259833","bankname":"null","payBank":"","payCpf":"","pixkey":"59886259833","account":"5593990388","status":"done","order":"A20250823105028801654qcAQwrbhg"},"sign":"B90B1280E57BE8FCA7C2601F8B310019"}

【2025-08-23 20:27:07】
P2025082310502857028456047----提交：{"custId":"24120300001308","appId":"8241201350","order":"P2025082310502857028456047","sign":"A4E4783B6FB1FADA8B4E68723E900B3E"}

【2025-08-23 20:27:07】
P2025082310502857028456047----返回：{"code":"000000","msg":"P2025082310502857028456047","data":{"date":"2025-08-23 10:50:32","eid":"E45756448202508231350BPsqx4UXEWg","amount":"200","name":"Camila Vitoria da Silva Ciliro","cpf":"59886259833","bankname":"null","payBank":"","payCpf":"","pixkey":"59886259833","account":"5593990388","status":"done","order":"A20250823105028801654qcAQwrbhg"},"sign":"B90B1280E57BE8FCA7C2601F8B310019"}

【2025-08-23 20:44:23】
P2025082320402292422344252----提交：{"custId":"24120300001308","appId":"8241201350","order":"P2025082320402292422344252","sign":"5570D45EC15B9EDEECECA2BF6E9C4BB2"}

【2025-08-23 20:44:23】
P2025082320402292422344252----返回：{"code":"000000","msg":"P2025082320402292422344252","data":{"date":"2025-08-23 20:40:24","eid":"E45756448202508232340hqZFgjF2pUi","amount":"280","name":"ROGERIO FERREIRA GONCALVES","cpf":"12477819682","bankname":"null","payBank":"","payCpf":"","pixkey":"12477819682","account":"481027564","status":"done","order":"A20250823204022899624RZh7ZjBww"},"sign":"3FE11117668EBF707E53161ED0456D1B"}

