【2025-08-23 13:34:55】
P2025082313213866098578220----提交：{"custId":"24120300001308","appId":"8241201350","order":"P2025082313213866098578220","sign":"63F803EEBD465A94CC89376F9D6FB40C"}

【2025-08-23 13:34:55】
P2025082313213866098578220----返回：{"code":"000000","msg":"P2025082313213866098578220","data":{"date":"2025-08-23 13:21:42","eid":"E45756448202508231621Be9EPP48kmr","amount":"30","name":"Altieris Dos Passos Manenti","cpf":"15307171757","bankname":"null","payBank":"","payCpf":"","pixkey":"15307171757","account":"76215924390","status":"done","order":"A20250823132138157333nGvCBHNGj"},"sign":"2FB455F98A10F5C17E78C8D62247C22C"}

【2025-08-23 13:34:57】
P2025082313213866098578220----提交：{"custId":"24120300001308","appId":"8241201350","order":"P2025082313213866098578220","sign":"63F803EEBD465A94CC89376F9D6FB40C"}

【2025-08-23 13:34:57】
P2025082313213866098578220----返回：{"code":"000000","msg":"P2025082313213866098578220","data":{"date":"2025-08-23 13:21:42","eid":"E45756448202508231621Be9EPP48kmr","amount":"30","name":"Altieris Dos Passos Manenti","cpf":"15307171757","bankname":"null","payBank":"","payCpf":"","pixkey":"15307171757","account":"76215924390","status":"done","order":"A20250823132138157333nGvCBHNGj"},"sign":"2FB455F98A10F5C17E78C8D62247C22C"}

【2025-08-23 13:49:04】
P2025082313413567295474256----提交：{"custId":"24120300001308","appId":"8241201350","order":"P2025082313413567295474256","sign":"950834627BAF85F01998EF054301B880"}

【2025-08-23 13:49:04】
P2025082313413567295474256----返回：{"code":"000000","msg":"P2025082313413567295474256","data":{"date":"2025-08-23 13:41:38","eid":"E45756448202508231641125ZYALZm0q","amount":"20","name":"Aurinete Rodrigues Alves Silva","cpf":"1678962376","bankname":"null","payBank":"","payCpf":"","pixkey":"01678962376","account":"39299675666","status":"done","order":"A20250823134136986656zpFIMVa6C"},"sign":"BE0307D395B58D6E29BD6D88E151E56E"}

【2025-08-23 13:49:06】
P2025082313413567295474256----提交：{"custId":"24120300001308","appId":"8241201350","order":"P2025082313413567295474256","sign":"950834627BAF85F01998EF054301B880"}

【2025-08-23 13:49:06】
P2025082313413567295474256----返回：{"code":"000000","msg":"P2025082313413567295474256","data":{"date":"2025-08-23 13:41:38","eid":"E45756448202508231641125ZYALZm0q","amount":"20","name":"Aurinete Rodrigues Alves Silva","cpf":"1678962376","bankname":"null","payBank":"","payCpf":"","pixkey":"01678962376","account":"39299675666","status":"done","order":"A20250823134136986656zpFIMVa6C"},"sign":"BE0307D395B58D6E29BD6D88E151E56E"}

【2025-08-23 13:50:09】
P2025082313491467754187742----提交：{"custId":"24120300001308","appId":"8241201350","order":"P2025082313491467754187742","sign":"D09B7CC37FF8A178F9A3B431364E0362"}

【2025-08-23 13:50:10】
P2025082313491467754187742----返回：{"code":"000000","msg":"P2025082313491467754187742","data":{"date":"2025-08-23 13:49:16","eid":"E45756448202508231649oossyu5Jck0","amount":"20","name":"Eveli Charlene de Oliveira Rodrigues","cpf":"18116730665","bankname":"null","payBank":"","payCpf":"","pixkey":"18116730665","account":"936121977","status":"done","order":"A20250823134914692074g5lA3c8ih"},"sign":"6DCD7CF13FDBEE2118C761E916F80A55"}

