【2025-08-23 08:19:12】
P2025082222213412094377143----提交：{"custId":"24120300001308","appId":"8241201350","order":"P2025082222213412094377143","sign":"39A1FF5C1573D062B9A534A2EADA12A1"}

【2025-08-23 08:19:12】
P2025082222213412094377143----返回：{"code":"000000","msg":"P2025082222213412094377143","data":{"date":"2025-08-22 22:21:38","eid":"E45756448202508230121dOn3pR0SUuX","amount":"150","name":"JORGE VALTINO FILOMENA","cpf":"2087393788","bankname":"null","payBank":"","payCpf":"","pixkey":"02087393788","account":"12880000007707659091","status":"done","order":"A20250822222134921122gTULNBIU5"},"sign":"91773298573251ACE658DCCB95206EDC"}

【2025-08-23 08:19:14】
P2025082222213412094377143----提交：{"custId":"24120300001308","appId":"8241201350","order":"P2025082222213412094377143","sign":"39A1FF5C1573D062B9A534A2EADA12A1"}

【2025-08-23 08:19:14】
P2025082222213412094377143----返回：{"code":"000000","msg":"P2025082222213412094377143","data":{"date":"2025-08-22 22:21:38","eid":"E45756448202508230121dOn3pR0SUuX","amount":"150","name":"JORGE VALTINO FILOMENA","cpf":"2087393788","bankname":"null","payBank":"","payCpf":"","pixkey":"02087393788","account":"12880000007707659091","status":"done","order":"A20250822222134921122gTULNBIU5"},"sign":"91773298573251ACE658DCCB95206EDC"}

【2025-08-23 08:41:12】
P2025082121213422094379012----提交：{"custId":"24120300001308","appId":"8241201350","order":"P2025082121213422094379012","sign":"196E3F5686E341765E5D19A42EDC5D57"}

【2025-08-23 08:41:12】
P2025082121213422094379012----返回：{"code":"000000","msg":"P2025082121213422094379012","data":{"date":"2025-08-21 21:21:38","eid":"E457564482025082200219WUGParZJEq","amount":"20","name":"VANDERLEI DO SOCORRO CORDOVIL DE SOUZA","cpf":"59335254215","bankname":"null","payBank":"","payCpf":"","pixkey":"59335254215","account":"10265134","status":"done","order":"A20250821212135765611S5jIgre8L"},"sign":"DAB1041C7FF28AF41FE6FBDF14E29ADD"}

【2025-08-23 08:41:26】
P2025082121213422094379012----提交：{"custId":"24120300001308","appId":"8241201350","order":"P2025082121213422094379012","sign":"196E3F5686E341765E5D19A42EDC5D57"}

【2025-08-23 08:41:27】
P2025082121213422094379012----返回：{"code":"000000","msg":"P2025082121213422094379012","data":{"date":"2025-08-21 21:21:38","eid":"E457564482025082200219WUGParZJEq","amount":"20","name":"VANDERLEI DO SOCORRO CORDOVIL DE SOUZA","cpf":"59335254215","bankname":"null","payBank":"","payCpf":"","pixkey":"59335254215","account":"10265134","status":"done","order":"A20250821212135765611S5jIgre8L"},"sign":"DAB1041C7FF28AF41FE6FBDF14E29ADD"}

【2025-08-23 08:46:33】
P2025082308445849498795438----提交：{"custId":"24120300001308","appId":"8241201350","order":"P2025082308445849498795438","sign":"79D2469C8C52A2E37683411113EE4E6B"}

【2025-08-23 08:46:34】
P2025082308445849498795438----返回：{"code":"000000","msg":"P2025082308445849498795438","data":{"date":"2025-08-23 08:46:06","eid":"E3720544720250823114602944ed8239","amount":"8000","name":"JULIANO GEFERSON SANTOS DE JESUS","cpf":"30582264898","bankname":"ORBION GAMING LTDA","payBank":"","payCpf":"","pixkey":"30582264898","account":"60701190","status":"done","order":"A20250823084601794747rX1Temmdv"},"sign":"99795CF4C272E65C35B3B5510C4A8FE8"}

【2025-08-23 08:46:39】
P2025082308445849498795438----提交：{"custId":"24120300001308","appId":"8241201350","order":"P2025082308445849498795438","sign":"79D2469C8C52A2E37683411113EE4E6B"}

【2025-08-23 08:46:39】
P2025082308445849498795438----返回：{"code":"000000","msg":"P2025082308445849498795438","data":{"date":"2025-08-23 08:46:06","eid":"E3720544720250823114602944ed8239","amount":"8000","name":"JULIANO GEFERSON SANTOS DE JESUS","cpf":"30582264898","bankname":"ORBION GAMING LTDA","payBank":"","payCpf":"","pixkey":"30582264898","account":"60701190","status":"done","order":"A20250823084601794747rX1Temmdv"},"sign":"99795CF4C272E65C35B3B5510C4A8FE8"}

【2025-08-23 08:54:02】
P2025082308502749827055481----提交：{"custId":"24120300001308","appId":"8241201350","order":"P2025082308502749827055481","sign":"FEC8A8DC599FB47B4828EC46DAA48E74"}

【2025-08-23 08:54:03】
P2025082308502749827055481----返回：{"code":"000000","msg":"P2025082308502749827055481","data":{"date":"2025-08-23 08:50:31","eid":"E372054472025082311502733359923a","amount":"10","name":"THAINA GOMES BATISTA","cpf":"45867257886","bankname":"ORBION GAMING LTDA","payBank":"","payCpf":"","pixkey":"45867257886","account":"00360305","status":"done","order":"A202508230850279660008qHlwS9P8"},"sign":"D4A6875A384CD6A97A030B5A65D24D1E"}

【2025-08-23 08:54:06】
P2025082308502749827055481----提交：{"custId":"24120300001308","appId":"8241201350","order":"P2025082308502749827055481","sign":"FEC8A8DC599FB47B4828EC46DAA48E74"}

【2025-08-23 08:54:07】
P2025082308502749827055481----返回：{"code":"000000","msg":"P2025082308502749827055481","data":{"date":"2025-08-23 08:50:31","eid":"E372054472025082311502733359923a","amount":"10","name":"THAINA GOMES BATISTA","cpf":"45867257886","bankname":"ORBION GAMING LTDA","payBank":"","payCpf":"","pixkey":"45867257886","account":"00360305","status":"done","order":"A202508230850279660008qHlwS9P8"},"sign":"D4A6875A384CD6A97A030B5A65D24D1E"}

