【2025-08-30 05:12:46】
P2025083000192923969552475----提交：{"reference":"P2025083000192923969552475"}

【2025-08-30 05:12:47】
P2025083000192923969552475----返回：{"msg":"P2025083000192923969552475","code":"000000","data":{"date":"2025-08-30 00:19:30","eid":"E3305358020250830031930834d3fe78","amount":10,"name":"Elisete Storer","cpf":"***.825.658-**","bankname":"22896431","payBank":"P H R OLIVEIRA DR INVESTIMENTO LTDA","payCpf":"58.321.455\/0001-99","pixkey":"05582565892","account":"***.825.658-**","status":"done","order":"f68410bf-c1c6-40ac-81c7-ff0b22a17ee0"}}

【2025-08-30 05:12:48】
P2025083000192923969552475----提交：{"reference":"P2025083000192923969552475"}

【2025-08-30 05:12:49】
P2025083000192923969552475----返回：{"msg":"P2025083000192923969552475","code":"000000","data":{"date":"2025-08-30 00:19:30","eid":"E3305358020250830031930834d3fe78","amount":10,"name":"Elisete Storer","cpf":"***.825.658-**","bankname":"22896431","payBank":"P H R OLIVEIRA DR INVESTIMENTO LTDA","payCpf":"58.321.455\/0001-99","pixkey":"05582565892","account":"***.825.658-**","status":"done","order":"f68410bf-c1c6-40ac-81c7-ff0b22a17ee0"}}

【2025-08-30 05:36:01】
P2025083005274342463246795----提交：{"reference":"P2025083005274342463246795"}

【2025-08-30 05:36:02】
P2025083005274342463246795----返回：{"msg":"P2025083005274342463246795","code":"000000","data":{"date":"2025-08-30 05:27:44","eid":"E3305358020250830082744525f55031","amount":20,"name":"GLEICIANE DOS SANTOS MACEDO","cpf":"***.492.402-**","bankname":"22896431","payBank":"P H R OLIVEIRA DR INVESTIMENTO LTDA","payCpf":"58.321.455\/0001-99","pixkey":"macedogleyciany@gmail.com","account":"***.492.402-**","status":"done","order":"aa08351d-e3ce-4b32-9213-bba7ebaa5ee2"}}

【2025-08-30 05:36:21】
P2025083005274342463246795----提交：{"reference":"P2025083005274342463246795"}

【2025-08-30 05:36:22】
P2025083005274342463246795----返回：{"msg":"P2025083005274342463246795","code":"000000","data":{"date":"2025-08-30 05:27:44","eid":"E3305358020250830082744525f55031","amount":20,"name":"GLEICIANE DOS SANTOS MACEDO","cpf":"***.492.402-**","bankname":"22896431","payBank":"P H R OLIVEIRA DR INVESTIMENTO LTDA","payCpf":"58.321.455\/0001-99","pixkey":"macedogleyciany@gmail.com","account":"***.492.402-**","status":"done","order":"aa08351d-e3ce-4b32-9213-bba7ebaa5ee2"}}

【2025-08-30 05:48:30】
P2025083005425543375709455----提交：{"reference":"P2025083005425543375709455"}

【2025-08-30 05:48:31】
P2025083005425543375709455----返回：{"msg":"P2025083005425543375709455","code":"000000","data":{"date":"2025-08-30 05:42:56","eid":"E330535802025083008425671780b870","amount":10,"name":"Lucas Almeida Demenech","cpf":"***.519.320-**","bankname":"22896431","payBank":"P H R OLIVEIRA DR INVESTIMENTO LTDA","payCpf":"58.321.455\/0001-99","pixkey":"03751932003","account":"***.519.320-**","status":"done","order":"087e05c9-ea58-456f-b319-799f22b9cbb1"}}

【2025-08-30 05:48:36】
P2025083005425543375709455----提交：{"reference":"P2025083005425543375709455"}

【2025-08-30 05:48:37】
P2025083005425543375709455----返回：{"msg":"P2025083005425543375709455","code":"000000","data":{"date":"2025-08-30 05:42:56","eid":"E330535802025083008425671780b870","amount":10,"name":"Lucas Almeida Demenech","cpf":"***.519.320-**","bankname":"22896431","payBank":"P H R OLIVEIRA DR INVESTIMENTO LTDA","payCpf":"58.321.455\/0001-99","pixkey":"03751932003","account":"***.519.320-**","status":"done","order":"087e05c9-ea58-456f-b319-799f22b9cbb1"}}

【2025-08-30 05:48:57】
P2025083005372243042774960----提交：{"reference":"P2025083005372243042774960"}

【2025-08-30 05:48:58】
P2025083005372243042774960----返回：{"msg":"P2025083005372243042774960","code":"000000","data":{"date":"2025-08-30 05:37:23","eid":"E3305358020250830083723818011f37","amount":150,"name":"Magno Pereira Guimaraes","cpf":"***.465.027-**","bankname":"22896431","payBank":"P H R OLIVEIRA DR INVESTIMENTO LTDA","payCpf":"58.321.455\/0001-99","pixkey":"06546502763","account":"***.465.027-**","status":"done","order":"d4cfa178-49d8-4cf3-b4c4-7c17c933c22f"}}

【2025-08-30 05:49:00】
P2025083005372243042774960----提交：{"reference":"P2025083005372243042774960"}

【2025-08-30 05:49:00】
P2025083005372243042774960----返回：{"msg":"P2025083005372243042774960","code":"000000","data":{"date":"2025-08-30 05:37:23","eid":"E3305358020250830083723818011f37","amount":150,"name":"Magno Pereira Guimaraes","cpf":"***.465.027-**","bankname":"22896431","payBank":"P H R OLIVEIRA DR INVESTIMENTO LTDA","payCpf":"58.321.455\/0001-99","pixkey":"06546502763","account":"***.465.027-**","status":"done","order":"d4cfa178-49d8-4cf3-b4c4-7c17c933c22f"}}

【2025-08-30 05:55:19】
P2025083005231942199668277----提交：{"reference":"P2025083005231942199668277"}

【2025-08-30 05:55:20】
P2025083005231942199668277----返回：{"msg":"P2025083005231942199668277","code":"000000","data":{"date":"2025-08-30 05:23:20","eid":"E3305358020250830082320286390c9c","amount":70,"name":"Adilson Moreira Vitorino","cpf":"***.225.498-**","bankname":"22896431","payBank":"P H R OLIVEIRA DR INVESTIMENTO LTDA","payCpf":"58.321.455\/0001-99","pixkey":"10422549827","account":"***.225.498-**","status":"done","order":"60f6cf28-161f-4d22-bb8d-22b7c68ecaef"}}

【2025-08-30 05:55:25】
P2025083005231942199668277----提交：{"reference":"P2025083005231942199668277"}

【2025-08-30 05:55:26】
P2025083005231942199668277----返回：{"msg":"P2025083005231942199668277","code":"000000","data":{"date":"2025-08-30 05:23:20","eid":"E3305358020250830082320286390c9c","amount":70,"name":"Adilson Moreira Vitorino","cpf":"***.225.498-**","bankname":"22896431","payBank":"P H R OLIVEIRA DR INVESTIMENTO LTDA","payCpf":"58.321.455\/0001-99","pixkey":"10422549827","account":"***.225.498-**","status":"done","order":"60f6cf28-161f-4d22-bb8d-22b7c68ecaef"}}

【2025-08-30 05:55:26】
P2025083005231942199668277----提交：{"reference":"P2025083005231942199668277"}

【2025-08-30 05:55:27】
P2025083005231942199668277----返回：{"msg":"P2025083005231942199668277","code":"000000","data":{"date":"2025-08-30 05:23:20","eid":"E3305358020250830082320286390c9c","amount":70,"name":"Adilson Moreira Vitorino","cpf":"***.225.498-**","bankname":"22896431","payBank":"P H R OLIVEIRA DR INVESTIMENTO LTDA","payCpf":"58.321.455\/0001-99","pixkey":"10422549827","account":"***.225.498-**","status":"done","order":"60f6cf28-161f-4d22-bb8d-22b7c68ecaef"}}

【2025-08-30 05:57:09】
P2025083005253642336674694----提交：{"reference":"P2025083005253642336674694"}

【2025-08-30 05:57:09】
P2025083005253642336674694----返回：{"msg":"P2025083005253642336674694","code":"000000","data":{"date":"2025-08-30 05:25:37","eid":"E33053580202508300825372637e2302","amount":10,"name":"LAUDELINO JAIR DE OLIVEIRA","cpf":"***.216.529-**","bankname":"22896431","payBank":"P H R OLIVEIRA DR INVESTIMENTO LTDA","payCpf":"58.321.455\/0001-99","pixkey":"4nconstrucaocivil@gmail.com","account":"***.216.529-**","status":"done","order":"97b94ba9-48f4-4fe7-9a55-bd83e4dadbf7"}}

【2025-08-30 05:57:16】
P2025083005253642336674694----提交：{"reference":"P2025083005253642336674694"}

【2025-08-30 05:57:17】
P2025083005253642336674694----返回：{"msg":"P2025083005253642336674694","code":"000000","data":{"date":"2025-08-30 05:25:37","eid":"E33053580202508300825372637e2302","amount":10,"name":"LAUDELINO JAIR DE OLIVEIRA","cpf":"***.216.529-**","bankname":"22896431","payBank":"P H R OLIVEIRA DR INVESTIMENTO LTDA","payCpf":"58.321.455\/0001-99","pixkey":"4nconstrucaocivil@gmail.com","account":"***.216.529-**","status":"done","order":"97b94ba9-48f4-4fe7-9a55-bd83e4dadbf7"}}

【2025-08-30 05:58:46】
P2025083005253642336674694----提交：{"reference":"P2025083005253642336674694"}

【2025-08-30 05:58:47】
P2025083005253642336674694----返回：{"msg":"P2025083005253642336674694","code":"000000","data":{"date":"2025-08-30 05:25:37","eid":"E33053580202508300825372637e2302","amount":10,"name":"LAUDELINO JAIR DE OLIVEIRA","cpf":"***.216.529-**","bankname":"22896431","payBank":"P H R OLIVEIRA DR INVESTIMENTO LTDA","payCpf":"58.321.455\/0001-99","pixkey":"4nconstrucaocivil@gmail.com","account":"***.216.529-**","status":"done","order":"97b94ba9-48f4-4fe7-9a55-bd83e4dadbf7"}}

