【2025-08-30 14:08:25】
P2025083013545972899709323----提交：{"reference":"P2025083013545972899709323"}

【2025-08-30 14:08:26】
P2025083013545972899709323----返回：{"msg":"P2025083013545972899709323","code":"000000","data":{"date":"2025-08-30 13:55:00","eid":"E33053580202508301655005975ce267","amount":300,"name":"Maria Dalva Ramos da Conceição","cpf":"***.039.612-**","bankname":"18236120","payBank":"P H R OLIVEIRA DR INVESTIMENTO LTDA","payCpf":"58.321.455\/0001-99","pixkey":"96992087732","account":"***.039.612-**","status":"done","order":"9f799fa6-387d-4938-9807-c0d9e992c33a"}}

【2025-08-30 14:08:29】
P2025083013545972899709323----提交：{"reference":"P2025083013545972899709323"}

【2025-08-30 14:08:29】
P2025083013545972899709323----返回：{"msg":"P2025083013545972899709323","code":"000000","data":{"date":"2025-08-30 13:55:00","eid":"E33053580202508301655005975ce267","amount":300,"name":"Maria Dalva Ramos da Conceição","cpf":"***.039.612-**","bankname":"18236120","payBank":"P H R OLIVEIRA DR INVESTIMENTO LTDA","payCpf":"58.321.455\/0001-99","pixkey":"96992087732","account":"***.039.612-**","status":"done","order":"9f799fa6-387d-4938-9807-c0d9e992c33a"}}

【2025-08-30 14:22:47】
P2025083014195874398659514----提交：{"reference":"P2025083014195874398659514"}

【2025-08-30 14:22:48】
P2025083014195874398659514----返回：{"msg":"P2025083014195874398659514","code":"000000","data":{"date":"2025-08-30 14:19:58","eid":"E3305358020250830171958909772438","amount":90.27,"name":"James De Castro Rodrigues","cpf":"***.800.371-**","bankname":"20855875","payBank":"P H R OLIVEIRA DR INVESTIMENTO LTDA","payCpf":"58.321.455\/0001-99","pixkey":"38980037104","account":"***.800.371-**","status":"done","order":"c4c21a3d-794a-4e0a-9d93-84e7231c3878"}}

【2025-08-30 14:22:49】
P2025083014195874398659514----提交：{"reference":"P2025083014195874398659514"}

【2025-08-30 14:22:49】
P2025083014195874398659514----返回：{"msg":"P2025083014195874398659514","code":"000000","data":{"date":"2025-08-30 14:19:58","eid":"E3305358020250830171958909772438","amount":90.27,"name":"James De Castro Rodrigues","cpf":"***.800.371-**","bankname":"20855875","payBank":"P H R OLIVEIRA DR INVESTIMENTO LTDA","payCpf":"58.321.455\/0001-99","pixkey":"38980037104","account":"***.800.371-**","status":"done","order":"c4c21a3d-794a-4e0a-9d93-84e7231c3878"}}

【2025-08-30 14:22:54】
P2025083014195874398659514----提交：{"reference":"P2025083014195874398659514"}

【2025-08-30 14:22:54】
P2025083014195874398659514----返回：{"msg":"P2025083014195874398659514","code":"000000","data":{"date":"2025-08-30 14:19:58","eid":"E3305358020250830171958909772438","amount":90.27,"name":"James De Castro Rodrigues","cpf":"***.800.371-**","bankname":"20855875","payBank":"P H R OLIVEIRA DR INVESTIMENTO LTDA","payCpf":"58.321.455\/0001-99","pixkey":"38980037104","account":"***.800.371-**","status":"done","order":"c4c21a3d-794a-4e0a-9d93-84e7231c3878"}}

【2025-08-30 14:28:56】
P2025083013483472514778472----提交：{"reference":"P2025083013483472514778472"}

【2025-08-30 14:28:56】
P2025083013483472514778472----返回：{"msg":"P2025083013483472514778472","code":"000000","data":{"date":"2025-08-30 13:48:34","eid":"E33053580202508301648349195a6319","amount":170,"name":"Lalyanne Do Bom Parto Fernandes Lopes","cpf":"***.747.363-**","bankname":"10573521","payBank":"P H R OLIVEIRA DR INVESTIMENTO LTDA","payCpf":"58.321.455\/0001-99","pixkey":"05374736370","account":"***.747.363-**","status":"done","order":"b78fb752-ab66-432b-ab29-1f3d5e65e1bc"}}

【2025-08-30 14:28:58】
P2025083013483472514778472----提交：{"reference":"P2025083013483472514778472"}

【2025-08-30 14:28:59】
P2025083013483472514778472----返回：{"msg":"P2025083013483472514778472","code":"000000","data":{"date":"2025-08-30 13:48:34","eid":"E33053580202508301648349195a6319","amount":170,"name":"Lalyanne Do Bom Parto Fernandes Lopes","cpf":"***.747.363-**","bankname":"10573521","payBank":"P H R OLIVEIRA DR INVESTIMENTO LTDA","payCpf":"58.321.455\/0001-99","pixkey":"05374736370","account":"***.747.363-**","status":"done","order":"b78fb752-ab66-432b-ab29-1f3d5e65e1bc"}}

【2025-08-30 14:44:22】
P2025083014152674126986000----提交：{"reference":"P2025083014152674126986000"}

【2025-08-30 14:44:23】
P2025083014152674126986000----返回：{"msg":"P2025083014152674126986000","code":"000000","data":{"date":"2025-08-30 14:15:27","eid":"E3305358020250830171527090b611a1","amount":90,"name":"LETICIA BARBARELA MARTINS DUQUE","cpf":"***.474.346-**","bankname":"90400888","payBank":"P H R OLIVEIRA DR INVESTIMENTO LTDA","payCpf":"58.321.455\/0001-99","pixkey":"32991164534","account":"***.474.346-**","status":"done","order":"a0139658-cd41-45a8-8f6b-3b5ed535ab88"}}

【2025-08-30 14:44:26】
P2025083014152674126986000----提交：{"reference":"P2025083014152674126986000"}

【2025-08-30 14:44:26】
P2025083014152674126986000----返回：{"msg":"P2025083014152674126986000","code":"000000","data":{"date":"2025-08-30 14:15:27","eid":"E3305358020250830171527090b611a1","amount":90,"name":"LETICIA BARBARELA MARTINS DUQUE","cpf":"***.474.346-**","bankname":"90400888","payBank":"P H R OLIVEIRA DR INVESTIMENTO LTDA","payCpf":"58.321.455\/0001-99","pixkey":"32991164534","account":"***.474.346-**","status":"done","order":"a0139658-cd41-45a8-8f6b-3b5ed535ab88"}}

【2025-08-30 14:46:51】
P2025083014454175941714888----提交：{"reference":"P2025083014454175941714888"}

【2025-08-30 14:46:52】
P2025083014454175941714888----返回：{"msg":"P2025083014454175941714888","code":"000000","data":{"date":"2025-08-30 14:45:42","eid":"E33053580202508301745428171e6ee6","amount":130.12,"name":"Gustavo Moraes Fiuza","cpf":"***.804.545-**","bankname":"18236120","payBank":"P H R OLIVEIRA DR INVESTIMENTO LTDA","payCpf":"58.321.455\/0001-99","pixkey":"gustavocarmo299@gmail.com","account":"***.804.545-**","status":"done","order":"0d4e6a18-6b7f-46bc-80b2-b0b3ba677199"}}

【2025-08-30 14:46:54】
P2025083014454175941714888----提交：{"reference":"P2025083014454175941714888"}

【2025-08-30 14:46:54】
P2025083014454175941714888----返回：{"msg":"P2025083014454175941714888","code":"000000","data":{"date":"2025-08-30 14:45:42","eid":"E33053580202508301745428171e6ee6","amount":130.12,"name":"Gustavo Moraes Fiuza","cpf":"***.804.545-**","bankname":"18236120","payBank":"P H R OLIVEIRA DR INVESTIMENTO LTDA","payCpf":"58.321.455\/0001-99","pixkey":"gustavocarmo299@gmail.com","account":"***.804.545-**","status":"done","order":"0d4e6a18-6b7f-46bc-80b2-b0b3ba677199"}}

【2025-08-30 14:57:31】
P2025083013483472514778472----提交：{"reference":"P2025083013483472514778472"}

【2025-08-30 14:57:31】
P2025083013483472514778472----返回：{"msg":"P2025083013483472514778472","code":"000000","data":{"date":"2025-08-30 13:48:34","eid":"E33053580202508301648349195a6319","amount":170,"name":"Lalyanne Do Bom Parto Fernandes Lopes","cpf":"***.747.363-**","bankname":"10573521","payBank":"P H R OLIVEIRA DR INVESTIMENTO LTDA","payCpf":"58.321.455\/0001-99","pixkey":"05374736370","account":"***.747.363-**","status":"done","order":"b78fb752-ab66-432b-ab29-1f3d5e65e1bc"}}

