【2025-08-30 12:16:32】
P2025083009531958399452888----提交：{"reference":"P2025083009531958399452888"}

【2025-08-30 12:16:33】
P2025083009531958399452888----返回：{"msg":"P2025083009531958399452888","code":"000000","data":{"date":"2025-08-30 09:53:20","eid":"E3305358020250830125320121d185f1","amount":60,"name":"FABIO SGARABOTTO","cpf":"***.027.959-**","bankname":"00360305","payBank":"P H R OLIVEIRA DR INVESTIMENTO LTDA","payCpf":"58.321.455\/0001-99","pixkey":"46999842752","account":"***.027.959-**","status":"done","order":"c0383909-e81a-4de9-b63f-72e9c4c4e69e"}}

【2025-08-30 12:16:35】
P2025083009531958399452888----提交：{"reference":"P2025083009531958399452888"}

【2025-08-30 12:16:35】
P2025083009531958399452888----返回：{"msg":"P2025083009531958399452888","code":"000000","data":{"date":"2025-08-30 09:53:20","eid":"E3305358020250830125320121d185f1","amount":60,"name":"FABIO SGARABOTTO","cpf":"***.027.959-**","bankname":"00360305","payBank":"P H R OLIVEIRA DR INVESTIMENTO LTDA","payCpf":"58.321.455\/0001-99","pixkey":"46999842752","account":"***.027.959-**","status":"done","order":"c0383909-e81a-4de9-b63f-72e9c4c4e69e"}}

【2025-08-30 12:36:34】
P2025083012353868138409796----提交：{"reference":"P2025083012353868138409796"}

【2025-08-30 12:36:34】
P2025083012353868138409796----返回：{"msg":"P2025083012353868138409796","code":"000000","data":{"date":"2025-08-30 12:35:39","eid":"E3305358020250830153539012233954","amount":50,"name":"Eduardo Godoy Benites","cpf":"***.281.891-**","bankname":"10573521","payBank":"P H R OLIVEIRA DR INVESTIMENTO LTDA","payCpf":"58.321.455\/0001-99","pixkey":"benitesmarcelo472@gmail.com","account":"***.281.891-**","status":"done","order":"6d94b7b1-3a7a-4ed5-b921-396529923f32"}}

【2025-08-30 12:36:36】
P2025083012353868138409796----提交：{"reference":"P2025083012353868138409796"}

【2025-08-30 12:36:37】
P2025083012353868138409796----返回：{"msg":"P2025083012353868138409796","code":"000000","data":{"date":"2025-08-30 12:35:39","eid":"E3305358020250830153539012233954","amount":50,"name":"Eduardo Godoy Benites","cpf":"***.281.891-**","bankname":"10573521","payBank":"P H R OLIVEIRA DR INVESTIMENTO LTDA","payCpf":"58.321.455\/0001-99","pixkey":"benitesmarcelo472@gmail.com","account":"***.281.891-**","status":"done","order":"6d94b7b1-3a7a-4ed5-b921-396529923f32"}}

【2025-08-30 12:55:28】
P2025083012470168821185395----提交：{"reference":"P2025083012470168821185395"}

【2025-08-30 12:55:28】
P2025083012470168821185395----返回：{"msg":"P2025083012470168821185395","code":"000000","data":{"date":"2025-08-30 12:47:02","eid":"E3305358020250830154702397dd929d","amount":20,"name":"LIVIA DA COSTA AMORIM","cpf":"***.461.456-**","bankname":"00360305","payBank":"P H R OLIVEIRA DR INVESTIMENTO LTDA","payCpf":"58.321.455\/0001-99","pixkey":"16246145663","account":"***.461.456-**","status":"done","order":"074f59ad-5561-48f5-91a1-1fd7ea90f758"}}

【2025-08-30 12:55:30】
P2025083012470168821185395----提交：{"reference":"P2025083012470168821185395"}

【2025-08-30 12:55:30】
P2025083012470168821185395----返回：{"msg":"P2025083012470168821185395","code":"000000","data":{"date":"2025-08-30 12:47:02","eid":"E3305358020250830154702397dd929d","amount":20,"name":"LIVIA DA COSTA AMORIM","cpf":"***.461.456-**","bankname":"00360305","payBank":"P H R OLIVEIRA DR INVESTIMENTO LTDA","payCpf":"58.321.455\/0001-99","pixkey":"16246145663","account":"***.461.456-**","status":"done","order":"074f59ad-5561-48f5-91a1-1fd7ea90f758"}}

【2025-08-30 12:55:43】
P2025083000223824158986210----提交：{"reference":"P2025083000223824158986210"}

【2025-08-30 12:55:44】
P2025083000223824158986210----返回：{"msg":"P2025083000223824158986210","code":"000000","data":{"date":"2025-08-30 00:22:39","eid":"E33053580202508300322532845739f2","amount":34.48,"name":"GABRIEL JUCA NASCIMENTO SILVA","cpf":"***.039.628-**","bankname":"00416968","payBank":"P H R OLIVEIRA DR INVESTIMENTO LTDA","payCpf":"58.321.455\/0001-99","pixkey":"57303962875","account":"***.039.628-**","status":"done","order":"85bece37-03cb-4461-9d2a-442a866d7ed3"}}

【2025-08-30 12:58:46】
P2025083000223824158986210----提交：{"reference":"P2025083000223824158986210"}

【2025-08-30 12:58:46】
P2025083000223824158986210----返回：{"msg":"P2025083000223824158986210","code":"000000","data":{"date":"2025-08-30 00:22:39","eid":"E33053580202508300322532845739f2","amount":34.48,"name":"GABRIEL JUCA NASCIMENTO SILVA","cpf":"***.039.628-**","bankname":"00416968","payBank":"P H R OLIVEIRA DR INVESTIMENTO LTDA","payCpf":"58.321.455\/0001-99","pixkey":"57303962875","account":"***.039.628-**","status":"done","order":"85bece37-03cb-4461-9d2a-442a866d7ed3"}}

【2025-08-30 12:59:54】
P2025083012130366783153799----提交：{"reference":"P2025083012130366783153799"}

【2025-08-30 12:59:55】
P2025083012130366783153799----返回：{"msg":"P2025083012130366783153799","code":"000000","data":{"date":"2025-08-30 12:13:04","eid":"E33053580202508301513048769a6e5d","amount":30,"name":"Lívia da Costa Amorim","cpf":"***.461.456-**","bankname":"18236120","payBank":"P H R OLIVEIRA DR INVESTIMENTO LTDA","payCpf":"58.321.455\/0001-99","pixkey":"33998130582","account":"***.461.456-**","status":"done","order":"3df16c60-d23c-46b4-b0d8-221ba8273ca2"}}

【2025-08-30 12:59:55】
P2025083012130366783153799----提交：{"reference":"P2025083012130366783153799"}

【2025-08-30 12:59:56】
P2025083012130366783153799----返回：{"msg":"P2025083012130366783153799","code":"000000","data":{"date":"2025-08-30 12:13:04","eid":"E33053580202508301513048769a6e5d","amount":30,"name":"Lívia da Costa Amorim","cpf":"***.461.456-**","bankname":"18236120","payBank":"P H R OLIVEIRA DR INVESTIMENTO LTDA","payCpf":"58.321.455\/0001-99","pixkey":"33998130582","account":"***.461.456-**","status":"done","order":"3df16c60-d23c-46b4-b0d8-221ba8273ca2"}}

