【2025-08-30 00:22:57】
P2025083000165423814405431----提交：{"reference":"P2025083000165423814405431"}

【2025-08-30 00:22:58】
P2025083000165423814405431----返回：{"msg":"P2025083000165423814405431","code":"000000","data":{"date":"2025-08-30 00:16:55","eid":"E33053580202508300316553031f03c3","amount":20.08,"name":"ANA CAROLINA DE MORAES","cpf":"***.538.658-**","bankname":"22896431","payBank":"P H R OLIVEIRA DR INVESTIMENTO LTDA","payCpf":"58.321.455\/0001-99","pixkey":"14991545658","account":"***.538.658-**","status":"done","order":"827e7624-8ab4-46c8-98ad-5f2664e955f3"}}

【2025-08-30 00:23:00】
P2025083000165423814405431----提交：{"reference":"P2025083000165423814405431"}

【2025-08-30 00:23:00】
P2025083000165423814405431----返回：{"msg":"P2025083000165423814405431","code":"000000","data":{"date":"2025-08-30 00:16:55","eid":"E33053580202508300316553031f03c3","amount":20.08,"name":"ANA CAROLINA DE MORAES","cpf":"***.538.658-**","bankname":"22896431","payBank":"P H R OLIVEIRA DR INVESTIMENTO LTDA","payCpf":"58.321.455\/0001-99","pixkey":"14991545658","account":"***.538.658-**","status":"done","order":"827e7624-8ab4-46c8-98ad-5f2664e955f3"}}

【2025-08-30 00:23:50】
P2025083000174323863377169----提交：{"reference":"P2025083000174323863377169"}

【2025-08-30 00:23:50】
P2025083000174323863377169----返回：{"msg":"P2025083000174323863377169","code":"000000","data":{"date":"2025-08-30 00:17:44","eid":"E3305358020250830031744606accae1","amount":350,"name":"HUMBERTO CARVALHO DA SILVA","cpf":"***.446.753-**","bankname":"22896431","payBank":"P H R OLIVEIRA DR INVESTIMENTO LTDA","payCpf":"58.321.455\/0001-99","pixkey":"08444675377","account":"***.446.753-**","status":"done","order":"a589c5ec-9721-420f-bd8b-a33f8815a69c"}}

【2025-08-30 00:23:51】
P2025083000174323863377169----提交：{"reference":"P2025083000174323863377169"}

【2025-08-30 00:23:52】
P2025083000174323863377169----返回：{"msg":"P2025083000174323863377169","code":"000000","data":{"date":"2025-08-30 00:17:44","eid":"E3305358020250830031744606accae1","amount":350,"name":"HUMBERTO CARVALHO DA SILVA","cpf":"***.446.753-**","bankname":"22896431","payBank":"P H R OLIVEIRA DR INVESTIMENTO LTDA","payCpf":"58.321.455\/0001-99","pixkey":"08444675377","account":"***.446.753-**","status":"done","order":"a589c5ec-9721-420f-bd8b-a33f8815a69c"}}

【2025-08-30 00:23:53】
P2025082915115791117148382----提交：{"reference":"P2025082915115791117148382"}

【2025-08-30 00:23:53】
P2025082915115791117148382----返回：{"msg":"P2025082915115791117148382","code":"000000","data":{"date":"2025-08-29 15:11:58","eid":"E3305358020250829181158732499c9e","amount":30,"name":"ICARO DE JESUS SOUSA","cpf":"***.406.273-**","bankname":"20855875","payBank":"P H R OLIVEIRA DR INVESTIMENTO LTDA","payCpf":"58.321.455\/0001-99","pixkey":"63740627360","account":"***.406.273-**","status":"done","order":"1e0a96fb-5882-4aa6-b02e-6984ebaea58b"}}

【2025-08-30 00:23:56】
P2025082915061690776399167----提交：{"reference":"P2025082915061690776399167"}

【2025-08-30 00:23:57】
P2025082915061690776399167----返回：{"msg":"P2025082915061690776399167","code":"000000","data":{"date":"2025-08-29 15:06:17","eid":"E3305358020250829180617128fb2f55","amount":20,"name":"ICARO DE JESUS SOUSA","cpf":"***.406.273-**","bankname":"20855875","payBank":"P H R OLIVEIRA DR INVESTIMENTO LTDA","payCpf":"58.321.455\/0001-99","pixkey":"63740627360","account":"***.406.273-**","status":"done","order":"f0beb1a6-756e-475f-8aa7-9f630ef08170"}}

【2025-08-30 00:24:00】
P2025082915115791117148382----提交：{"reference":"P2025082915115791117148382"}

【2025-08-30 00:24:01】
P2025082915115791117148382----返回：{"msg":"P2025082915115791117148382","code":"000000","data":{"date":"2025-08-29 15:11:58","eid":"E3305358020250829181158732499c9e","amount":30,"name":"ICARO DE JESUS SOUSA","cpf":"***.406.273-**","bankname":"20855875","payBank":"P H R OLIVEIRA DR INVESTIMENTO LTDA","payCpf":"58.321.455\/0001-99","pixkey":"63740627360","account":"***.406.273-**","status":"done","order":"1e0a96fb-5882-4aa6-b02e-6984ebaea58b"}}

【2025-08-30 00:24:04】
P2025082915061690776399167----提交：{"reference":"P2025082915061690776399167"}

【2025-08-30 00:24:04】
P2025082915061690776399167----返回：{"msg":"P2025082915061690776399167","code":"000000","data":{"date":"2025-08-29 15:06:17","eid":"E3305358020250829180617128fb2f55","amount":20,"name":"ICARO DE JESUS SOUSA","cpf":"***.406.273-**","bankname":"20855875","payBank":"P H R OLIVEIRA DR INVESTIMENTO LTDA","payCpf":"58.321.455\/0001-99","pixkey":"63740627360","account":"***.406.273-**","status":"done","order":"f0beb1a6-756e-475f-8aa7-9f630ef08170"}}

【2025-08-30 00:25:38】
P2025082923412621686947427----提交：{"reference":"P2025082923412621686947427"}

【2025-08-30 00:25:39】
P2025082923412621686947427----返回：{"msg":"P2025082923412621686947427","code":"000000","data":{"date":"2025-08-29 23:41:27","eid":"E3305358020250830024127742e94616","amount":50,"name":"VALDECIR FERREIRA","cpf":"***.852.549-**","bankname":"22896431","payBank":"P H R OLIVEIRA DR INVESTIMENTO LTDA","payCpf":"58.321.455\/0001-99","pixkey":"08685254990","account":"***.852.549-**","status":"done","order":"014993b0-9953-46c1-a5ae-b909605f1d42"}}

【2025-08-30 00:25:40】
P2025082923412621686947427----提交：{"reference":"P2025082923412621686947427"}

【2025-08-30 00:25:40】
P2025082923412621686947427----返回：{"msg":"P2025082923412621686947427","code":"000000","data":{"date":"2025-08-29 23:41:27","eid":"E3305358020250830024127742e94616","amount":50,"name":"VALDECIR FERREIRA","cpf":"***.852.549-**","bankname":"22896431","payBank":"P H R OLIVEIRA DR INVESTIMENTO LTDA","payCpf":"58.321.455\/0001-99","pixkey":"08685254990","account":"***.852.549-**","status":"done","order":"014993b0-9953-46c1-a5ae-b909605f1d42"}}

【2025-08-30 00:47:18】
P2025083000160623766959423----提交：{"reference":"P2025083000160623766959423"}

【2025-08-30 00:47:18】
P2025083000160623766959423----返回：{"msg":"P2025083000160623766959423","code":"000000","data":{"date":"2025-08-30 00:16:07","eid":"E3305358020250830031606972d7060f","amount":80,"name":"Carla Regina Cachoni","cpf":"***.041.178-**","bankname":"22896431","payBank":"P H R OLIVEIRA DR INVESTIMENTO LTDA","payCpf":"58.321.455\/0001-99","pixkey":"32504117876","account":"***.041.178-**","status":"done","order":"f95f5938-9885-45ba-977e-e1323f4c0721"}}

【2025-08-30 00:47:21】
P2025083000160623766959423----提交：{"reference":"P2025083000160623766959423"}

【2025-08-30 00:47:22】
P2025083000160623766959423----返回：{"msg":"P2025083000160623766959423","code":"000000","data":{"date":"2025-08-30 00:16:07","eid":"E3305358020250830031606972d7060f","amount":80,"name":"Carla Regina Cachoni","cpf":"***.041.178-**","bankname":"22896431","payBank":"P H R OLIVEIRA DR INVESTIMENTO LTDA","payCpf":"58.321.455\/0001-99","pixkey":"32504117876","account":"***.041.178-**","status":"done","order":"f95f5938-9885-45ba-977e-e1323f4c0721"}}

【2025-08-30 00:59:17】
P2025083000181223892447107----提交：{"reference":"P2025083000181223892447107"}

【2025-08-30 00:59:18】
P2025083000181223892447107----返回：{"msg":"P2025083000181223892447107","code":"000000","data":{"date":"2025-08-30 00:18:13","eid":"E3305358020250830031813682ed8d97","amount":100,"name":"Jessica Dos Santos Lima","cpf":"***.635.004-**","bankname":"22896431","payBank":"P H R OLIVEIRA DR INVESTIMENTO LTDA","payCpf":"58.321.455\/0001-99","pixkey":"13063500429","account":"***.635.004-**","status":"done","order":"4626d53c-2f9a-4a47-b784-c005008643e5"}}

【2025-08-30 00:59:21】
P2025083000181223892447107----提交：{"reference":"P2025083000181223892447107"}

【2025-08-30 00:59:22】
P2025083000181223892447107----返回：{"msg":"P2025083000181223892447107","code":"000000","data":{"date":"2025-08-30 00:18:13","eid":"E3305358020250830031813682ed8d97","amount":100,"name":"Jessica Dos Santos Lima","cpf":"***.635.004-**","bankname":"22896431","payBank":"P H R OLIVEIRA DR INVESTIMENTO LTDA","payCpf":"58.321.455\/0001-99","pixkey":"13063500429","account":"***.635.004-**","status":"done","order":"4626d53c-2f9a-4a47-b784-c005008643e5"}}

