【2025-08-30 19:16:40】
P2025083019015191311585417----提交：{"reference":"P2025083019015191311585417"}

【2025-08-30 19:16:41】
P2025083019015191311585417----返回：{"msg":"P2025083019015191311585417","code":"000000","data":{"date":"2025-08-30 19:01:52","eid":"E3305358020250830220152199a6602b","amount":46,"name":"Lucas de Souza Albino","cpf":"***.838.328-**","bankname":"10573521","payBank":"P H R OLIVEIRA DR INVESTIMENTO LTDA","payCpf":"58.321.455\/0001-99","pixkey":"45183832811","account":"***.838.328-**","status":"done","order":"e1ae7a5c-e279-4a94-ad96-21226ba641a7"}}

【2025-08-30 19:16:57】
P2025083019015191311585417----提交：{"reference":"P2025083019015191311585417"}

【2025-08-30 19:16:58】
P2025083019015191311585417----返回：{"msg":"P2025083019015191311585417","code":"000000","data":{"date":"2025-08-30 19:01:52","eid":"E3305358020250830220152199a6602b","amount":46,"name":"Lucas de Souza Albino","cpf":"***.838.328-**","bankname":"10573521","payBank":"P H R OLIVEIRA DR INVESTIMENTO LTDA","payCpf":"58.321.455\/0001-99","pixkey":"45183832811","account":"***.838.328-**","status":"done","order":"e1ae7a5c-e279-4a94-ad96-21226ba641a7"}}

【2025-08-30 19:18:15】
P2025083019132592005048670----提交：{"reference":"P2025083019132592005048670"}

【2025-08-30 19:18:15】
P2025083019132592005048670----返回：{"msg":"P2025083019132592005048670","code":"000000","data":{"date":"2025-08-30 19:13:26","eid":"E330535802025083022132624429bef8","amount":100,"name":"Rosângela Gonçalves Paiva","cpf":"***.670.351-**","bankname":"18236120","payBank":"P H R OLIVEIRA DR INVESTIMENTO LTDA","payCpf":"58.321.455\/0001-99","pixkey":"62991666453","account":"***.670.351-**","status":"done","order":"9f782615-4860-41a2-b2b5-00a7b8c622a3"}}

【2025-08-30 19:18:19】
P2025083019132592005048670----提交：{"reference":"P2025083019132592005048670"}

【2025-08-30 19:18:20】
P2025083019132592005048670----返回：{"msg":"P2025083019132592005048670","code":"000000","data":{"date":"2025-08-30 19:13:26","eid":"E330535802025083022132624429bef8","amount":100,"name":"Rosângela Gonçalves Paiva","cpf":"***.670.351-**","bankname":"18236120","payBank":"P H R OLIVEIRA DR INVESTIMENTO LTDA","payCpf":"58.321.455\/0001-99","pixkey":"62991666453","account":"***.670.351-**","status":"done","order":"9f782615-4860-41a2-b2b5-00a7b8c622a3"}}

【2025-08-30 19:33:23】
P2025083001122327143052419----提交：{"reference":"P2025083001122327143052419"}

【2025-08-30 19:33:23】
P2025083001122327143052419----返回：{"msg":"P2025083001122327143052419","code":"000000","data":{"date":"2025-08-30 01:12:24","eid":"E3305358020250830041224146ef5e47","amount":30,"name":"LUCAS MARTINS DE MELO SILVA","cpf":"***.987.133-**","bankname":"00360305","payBank":"P H R OLIVEIRA DR INVESTIMENTO LTDA","payCpf":"58.321.455\/0001-99","pixkey":"06198713342","account":"***.987.133-**","status":"done","order":"267aaa89-d274-43aa-be00-1aa2aaf92f9b"}}

【2025-08-30 19:33:25】
P2025083001122327143052419----提交：{"reference":"P2025083001122327143052419"}

【2025-08-30 19:33:26】
P2025083001122327143052419----返回：{"msg":"P2025083001122327143052419","code":"000000","data":{"date":"2025-08-30 01:12:24","eid":"E3305358020250830041224146ef5e47","amount":30,"name":"LUCAS MARTINS DE MELO SILVA","cpf":"***.987.133-**","bankname":"00360305","payBank":"P H R OLIVEIRA DR INVESTIMENTO LTDA","payCpf":"58.321.455\/0001-99","pixkey":"06198713342","account":"***.987.133-**","status":"done","order":"267aaa89-d274-43aa-be00-1aa2aaf92f9b"}}

【2025-08-30 19:35:20】
P2025083014043573475261107----提交：{"reference":"P2025083014043573475261107"}

【2025-08-30 19:35:21】
P2025083014043573475261107----返回：{"msg":"P2025083014043573475261107","code":"000000","data":{"date":"2025-08-30 14:04:36","eid":"E3305358020250830170436484a305aa","amount":421,"name":"MARCIA DOS SANTOS RAMOS","cpf":"***.623.884-**","bankname":"00000000","payBank":"P H R OLIVEIRA DR INVESTIMENTO LTDA","payCpf":"58.321.455\/0001-99","pixkey":"68262388453","account":"***.623.884-**","status":"done","order":"3a303c2a-e7fb-4d5b-a2e3-f1ff5eda017a"}}

【2025-08-30 19:35:29】
P2025083014043573475261107----提交：{"reference":"P2025083014043573475261107"}

【2025-08-30 19:35:30】
P2025083014043573475261107----返回：{"msg":"P2025083014043573475261107","code":"000000","data":{"date":"2025-08-30 14:04:36","eid":"E3305358020250830170436484a305aa","amount":421,"name":"MARCIA DOS SANTOS RAMOS","cpf":"***.623.884-**","bankname":"00000000","payBank":"P H R OLIVEIRA DR INVESTIMENTO LTDA","payCpf":"58.321.455\/0001-99","pixkey":"68262388453","account":"***.623.884-**","status":"done","order":"3a303c2a-e7fb-4d5b-a2e3-f1ff5eda017a"}}

【2025-08-30 19:42:27】
P2025083017545487294074507----提交：{"reference":"P2025083017545487294074507"}

【2025-08-30 19:42:27】
P2025083017545487294074507----返回：{"msg":"P2025083017545487294074507","code":"000000","data":{"date":"2025-08-30 17:54:55","eid":"E3305358020250830205454997d3fde9","amount":20,"name":"Eduardo Manoel Dos Santos","cpf":"***.047.978-**","bankname":"08561701","payBank":"P H R OLIVEIRA DR INVESTIMENTO LTDA","payCpf":"58.321.455\/0001-99","pixkey":"35404797835","account":"***.047.978-**","status":"done","order":"817b4c04-863c-4c72-bc73-c977c3152f27"}}

【2025-08-30 19:51:02】
P2025083000145923699543446----提交：{"reference":"P2025083000145923699543446"}

【2025-08-30 19:51:03】
P2025083000145923699543446----返回：{"msg":"P2025083000145923699543446","code":"000000","data":{"date":"2025-08-30 00:15:00","eid":"E33053580202508300315008086b0278","amount":20.46,"name":"MIRIELE RAFAELA ANSELMO","cpf":"***.943.138-**","bankname":"22896431","payBank":"P H R OLIVEIRA DR INVESTIMENTO LTDA","payCpf":"58.321.455\/0001-99","pixkey":"45394313822","account":"***.943.138-**","status":"done","order":"1dbcb28f-ba81-4a67-8b95-2157849168e4"}}

【2025-08-30 19:51:05】
P2025083000145923699543446----提交：{"reference":"P2025083000145923699543446"}

【2025-08-30 19:51:05】
P2025083000145923699543446----返回：{"msg":"P2025083000145923699543446","code":"000000","data":{"date":"2025-08-30 00:15:00","eid":"E33053580202508300315008086b0278","amount":20.46,"name":"MIRIELE RAFAELA ANSELMO","cpf":"***.943.138-**","bankname":"22896431","payBank":"P H R OLIVEIRA DR INVESTIMENTO LTDA","payCpf":"58.321.455\/0001-99","pixkey":"45394313822","account":"***.943.138-**","status":"done","order":"1dbcb28f-ba81-4a67-8b95-2157849168e4"}}

【2025-08-30 19:57:13】
P2025083019553994539653179----提交：{"reference":"P2025083019553994539653179"}

【2025-08-30 19:57:14】
P2025083019553994539653179----返回：{"msg":"P2025083019553994539653179","code":"000000","data":{"date":"2025-08-30 19:55:40","eid":"E3305358020250830225540398ece95a","amount":15,"name":"Kenayzi Neves da Silva","cpf":"***.699.747-**","bankname":"10573521","payBank":"P H R OLIVEIRA DR INVESTIMENTO LTDA","payCpf":"58.321.455\/0001-99","pixkey":"14669974785","account":"***.699.747-**","status":"done","order":"d71c8a0f-bbc3-46a6-a63e-6da0ad4e6b45"}}

【2025-08-30 19:57:15】
P2025083019553994539653179----提交：{"reference":"P2025083019553994539653179"}

【2025-08-30 19:57:15】
P2025083019553994539653179----返回：{"msg":"P2025083019553994539653179","code":"000000","data":{"date":"2025-08-30 19:55:40","eid":"E3305358020250830225540398ece95a","amount":15,"name":"Kenayzi Neves da Silva","cpf":"***.699.747-**","bankname":"10573521","payBank":"P H R OLIVEIRA DR INVESTIMENTO LTDA","payCpf":"58.321.455\/0001-99","pixkey":"14669974785","account":"***.699.747-**","status":"done","order":"d71c8a0f-bbc3-46a6-a63e-6da0ad4e6b45"}}

【2025-08-30 19:57:35】
P2025083019454693946638046----提交：{"reference":"P2025083019454693946638046"}

【2025-08-30 19:57:36】
P2025083019454693946638046----返回：{"msg":"P2025083019454693946638046","code":"000000","data":{"date":"2025-08-30 19:45:47","eid":"E33053580202508302245475962c3459","amount":50,"name":"ELIZANGELA OLIVEIRA LIMA","cpf":"***.208.532-**","bankname":"00360305","payBank":"P H R OLIVEIRA DR INVESTIMENTO LTDA","payCpf":"58.321.455\/0001-99","pixkey":"68992374392","account":"***.208.532-**","status":"done","order":"37722480-12b3-4c6d-86df-6306192d640e"}}

【2025-08-30 19:57:39】
P2025083019454693946638046----提交：{"reference":"P2025083019454693946638046"}

【2025-08-30 19:57:40】
P2025083019454693946638046----返回：{"msg":"P2025083019454693946638046","code":"000000","data":{"date":"2025-08-30 19:45:47","eid":"E33053580202508302245475962c3459","amount":50,"name":"ELIZANGELA OLIVEIRA LIMA","cpf":"***.208.532-**","bankname":"00360305","payBank":"P H R OLIVEIRA DR INVESTIMENTO LTDA","payCpf":"58.321.455\/0001-99","pixkey":"68992374392","account":"***.208.532-**","status":"done","order":"37722480-12b3-4c6d-86df-6306192d640e"}}

