【2025-08-30 06:01:52】
P2025083002074830468514208----提交：{"reference":"P2025083002074830468514208"}

【2025-08-30 06:01:52】
P2025083002074830468514208----返回：{"msg":"P2025083002074830468514208","code":"000000","data":{"date":"2025-08-30 02:07:49","eid":"E33053580202508300507497493cd6cc","amount":40,"name":"Marlene Elvira Diniz","cpf":"***.325.754-**","bankname":"10573521","payBank":"P H R OLIVEIRA DR INVESTIMENTO LTDA","payCpf":"58.321.455\/0001-99","pixkey":"21960077875","account":"***.325.754-**","status":"done","order":"fa9be781-0393-403b-9eec-22406d2153cb"}}

【2025-08-30 06:09:33】
P2025083000225124171351977----提交：{"reference":"P2025083000225124171351977"}

【2025-08-30 06:09:34】
P2025083000225124171351977----返回：{"msg":"P2025083000225124171351977","code":"000000","data":{"date":"2025-08-30 00:22:52","eid":"E3305358020250830032252461c58f10","amount":30,"name":"Francisco Luiz Ribeiro de Souza","cpf":"***.756.383-**","bankname":"18236120","payBank":"P H R OLIVEIRA DR INVESTIMENTO LTDA","payCpf":"58.321.455\/0001-99","pixkey":"42975638353","account":"***.756.383-**","status":"done","order":"e81f229b-295b-41ec-b434-472f8792c295"}}

【2025-08-30 06:09:35】
P2025083000225124171351977----提交：{"reference":"P2025083000225124171351977"}

【2025-08-30 06:09:36】
P2025083000225124171351977----返回：{"msg":"P2025083000225124171351977","code":"000000","data":{"date":"2025-08-30 00:22:52","eid":"E3305358020250830032252461c58f10","amount":30,"name":"Francisco Luiz Ribeiro de Souza","cpf":"***.756.383-**","bankname":"18236120","payBank":"P H R OLIVEIRA DR INVESTIMENTO LTDA","payCpf":"58.321.455\/0001-99","pixkey":"42975638353","account":"***.756.383-**","status":"done","order":"e81f229b-295b-41ec-b434-472f8792c295"}}

【2025-08-30 06:10:45】
P2025083000225124171351977----提交：{"reference":"P2025083000225124171351977"}

【2025-08-30 06:10:46】
P2025083000225124171351977----返回：{"msg":"P2025083000225124171351977","code":"000000","data":{"date":"2025-08-30 00:22:52","eid":"E3305358020250830032252461c58f10","amount":30,"name":"Francisco Luiz Ribeiro de Souza","cpf":"***.756.383-**","bankname":"18236120","payBank":"P H R OLIVEIRA DR INVESTIMENTO LTDA","payCpf":"58.321.455\/0001-99","pixkey":"42975638353","account":"***.756.383-**","status":"done","order":"e81f229b-295b-41ec-b434-472f8792c295"}}

【2025-08-30 06:13:01】
P2025083005463443594945215----提交：{"reference":"P2025083005463443594945215"}

【2025-08-30 06:13:02】
P2025083005463443594945215----返回：{"msg":"P2025083005463443594945215","code":"000000","data":{"date":"2025-08-30 05:46:35","eid":"E33053580202508300846356836e42a0","amount":50,"name":"Sarilene Patricia Silva Diniz","cpf":"***.042.041-**","bankname":"22896431","payBank":"P H R OLIVEIRA DR INVESTIMENTO LTDA","payCpf":"58.321.455\/0001-99","pixkey":"01604204150","account":"***.042.041-**","status":"done","order":"cc1f59e3-8566-4513-926e-ba218f10ab51"}}

【2025-08-30 06:13:08】
P2025083005463443594945215----提交：{"reference":"P2025083005463443594945215"}

【2025-08-30 06:13:09】
P2025083005463443594945215----返回：{"msg":"P2025083005463443594945215","code":"000000","data":{"date":"2025-08-30 05:46:35","eid":"E33053580202508300846356836e42a0","amount":50,"name":"Sarilene Patricia Silva Diniz","cpf":"***.042.041-**","bankname":"22896431","payBank":"P H R OLIVEIRA DR INVESTIMENTO LTDA","payCpf":"58.321.455\/0001-99","pixkey":"01604204150","account":"***.042.041-**","status":"done","order":"cc1f59e3-8566-4513-926e-ba218f10ab51"}}

【2025-08-30 06:13:13】
P2025083005394743187168273----提交：{"reference":"P2025083005394743187168273"}

【2025-08-30 06:13:13】
P2025083005394743187168273----返回：{"msg":"P2025083005394743187168273","code":"000000","data":{"date":"2025-08-30 05:39:48","eid":"E33053580202508300839488276065a1","amount":70,"name":"José Vagner De Sousa","cpf":"***.779.108-**","bankname":"22896431","payBank":"P H R OLIVEIRA DR INVESTIMENTO LTDA","payCpf":"58.321.455\/0001-99","pixkey":"19982253254","account":"***.779.108-**","status":"done","order":"91c86cb2-df8d-44ef-81a9-fe1d3bd68560"}}

【2025-08-30 06:13:16】
P2025083005394743187168273----提交：{"reference":"P2025083005394743187168273"}

【2025-08-30 06:13:16】
P2025083005394743187168273----返回：{"msg":"P2025083005394743187168273","code":"000000","data":{"date":"2025-08-30 05:39:48","eid":"E33053580202508300839488276065a1","amount":70,"name":"José Vagner De Sousa","cpf":"***.779.108-**","bankname":"22896431","payBank":"P H R OLIVEIRA DR INVESTIMENTO LTDA","payCpf":"58.321.455\/0001-99","pixkey":"19982253254","account":"***.779.108-**","status":"done","order":"91c86cb2-df8d-44ef-81a9-fe1d3bd68560"}}

【2025-08-30 06:13:44】
P2025083005580444284867208----提交：{"reference":"P2025083005580444284867208"}

【2025-08-30 06:13:44】
P2025083005580444284867208----返回：{"msg":"P2025083005580444284867208","code":"000000","data":{"date":"2025-08-30 05:58:05","eid":"E33053580202508300858052401b3a62","amount":20,"name":"Rosania Dos Santos Ferreira","cpf":"***.477.156-**","bankname":"22896431","payBank":"P H R OLIVEIRA DR INVESTIMENTO LTDA","payCpf":"58.321.455\/0001-99","pixkey":"31999052835","account":"***.477.156-**","status":"done","order":"3499da02-2f7c-44a5-a20e-93c4215f4dc6"}}

【2025-08-30 06:13:46】
P2025083005580444284867208----提交：{"reference":"P2025083005580444284867208"}

【2025-08-30 06:13:46】
P2025083005580444284867208----返回：{"msg":"P2025083005580444284867208","code":"000000","data":{"date":"2025-08-30 05:58:05","eid":"E33053580202508300858052401b3a62","amount":20,"name":"Rosania Dos Santos Ferreira","cpf":"***.477.156-**","bankname":"22896431","payBank":"P H R OLIVEIRA DR INVESTIMENTO LTDA","payCpf":"58.321.455\/0001-99","pixkey":"31999052835","account":"***.477.156-**","status":"done","order":"3499da02-2f7c-44a5-a20e-93c4215f4dc6"}}

【2025-08-30 06:13:46】
P2025083005580444284867208----提交：{"reference":"P2025083005580444284867208"}

【2025-08-30 06:13:47】
P2025083005580444284867208----返回：{"msg":"P2025083005580444284867208","code":"000000","data":{"date":"2025-08-30 05:58:05","eid":"E33053580202508300858052401b3a62","amount":20,"name":"Rosania Dos Santos Ferreira","cpf":"***.477.156-**","bankname":"22896431","payBank":"P H R OLIVEIRA DR INVESTIMENTO LTDA","payCpf":"58.321.455\/0001-99","pixkey":"31999052835","account":"***.477.156-**","status":"done","order":"3499da02-2f7c-44a5-a20e-93c4215f4dc6"}}

【2025-08-30 06:14:20】
P2025083005540444044204049----提交：{"reference":"P2025083005540444044204049"}

【2025-08-30 06:14:20】
P2025083005540444044204049----返回：{"msg":"P2025083005540444044204049","code":"000000","data":{"date":"2025-08-30 05:54:05","eid":"E3305358020250830085405839aba67f","amount":200,"name":"Naiara Leticia David","cpf":"***.942.488-**","bankname":"22896431","payBank":"P H R OLIVEIRA DR INVESTIMENTO LTDA","payCpf":"58.321.455\/0001-99","pixkey":"17992245388","account":"***.942.488-**","status":"done","order":"c42b462e-9dba-4be5-bd51-1722025cd7d8"}}

【2025-08-30 06:14:23】
P2025083005540444044204049----提交：{"reference":"P2025083005540444044204049"}

【2025-08-30 06:14:23】
P2025083005540444044204049----返回：{"msg":"P2025083005540444044204049","code":"000000","data":{"date":"2025-08-30 05:54:05","eid":"E3305358020250830085405839aba67f","amount":200,"name":"Naiara Leticia David","cpf":"***.942.488-**","bankname":"22896431","payBank":"P H R OLIVEIRA DR INVESTIMENTO LTDA","payCpf":"58.321.455\/0001-99","pixkey":"17992245388","account":"***.942.488-**","status":"done","order":"c42b462e-9dba-4be5-bd51-1722025cd7d8"}}

【2025-08-30 06:16:15】
P2025083005215242112207714----提交：{"reference":"P2025083005215242112207714"}

【2025-08-30 06:16:16】
P2025083005215242112207714----返回：{"msg":"P2025083005215242112207714","code":"000000","data":{"date":"2025-08-30 05:21:53","eid":"E3305358020250830082153559c64501","amount":15.25,"name":"Danielle Dos Santos Rosa","cpf":"***.708.906-**","bankname":"22896431","payBank":"P H R OLIVEIRA DR INVESTIMENTO LTDA","payCpf":"58.321.455\/0001-99","pixkey":"31987410916","account":"***.708.906-**","status":"done","order":"c855a9fc-09b0-4961-85b9-5373c386a05d"}}

【2025-08-30 06:16:17】
P2025083005215242112207714----提交：{"reference":"P2025083005215242112207714"}

【2025-08-30 06:16:18】
P2025083005215242112207714----返回：{"msg":"P2025083005215242112207714","code":"000000","data":{"date":"2025-08-30 05:21:53","eid":"E3305358020250830082153559c64501","amount":15.25,"name":"Danielle Dos Santos Rosa","cpf":"***.708.906-**","bankname":"22896431","payBank":"P H R OLIVEIRA DR INVESTIMENTO LTDA","payCpf":"58.321.455\/0001-99","pixkey":"31987410916","account":"***.708.906-**","status":"done","order":"c855a9fc-09b0-4961-85b9-5373c386a05d"}}

【2025-08-30 06:16:54】
P2025083005552044120653429----提交：{"reference":"P2025083005552044120653429"}

【2025-08-30 06:16:55】
P2025083005552044120653429----返回：{"msg":"P2025083005552044120653429","code":"000000","data":{"date":"2025-08-30 05:55:21","eid":"E3305358020250830085521210b9a4e5","amount":160,"name":"Aline Aparecida Bernardes","cpf":"***.176.266-**","bankname":"22896431","payBank":"P H R OLIVEIRA DR INVESTIMENTO LTDA","payCpf":"58.321.455\/0001-99","pixkey":"32988288614","account":"***.176.266-**","status":"done","order":"e804881e-efea-44b2-8b13-1f9adad347b4"}}

【2025-08-30 06:16:56】
P2025083005552044120653429----提交：{"reference":"P2025083005552044120653429"}

【2025-08-30 06:16:56】
P2025083005552044120653429----返回：{"msg":"P2025083005552044120653429","code":"000000","data":{"date":"2025-08-30 05:55:21","eid":"E3305358020250830085521210b9a4e5","amount":160,"name":"Aline Aparecida Bernardes","cpf":"***.176.266-**","bankname":"22896431","payBank":"P H R OLIVEIRA DR INVESTIMENTO LTDA","payCpf":"58.321.455\/0001-99","pixkey":"32988288614","account":"***.176.266-**","status":"done","order":"e804881e-efea-44b2-8b13-1f9adad347b4"}}

【2025-08-30 06:21:12】
P2025083006091844958507282----提交：{"reference":"P2025083006091844958507282"}

【2025-08-30 06:21:12】
P2025083006091844958507282----返回：{"msg":"P2025083006091844958507282","code":"000000","data":{"date":"2025-08-30 06:09:19","eid":"E330535802025083009091974038a0c5","amount":90,"name":"Francisco Fabio Oliveira Do Nascimento","cpf":"***.114.184-**","bankname":"22896431","payBank":"P H R OLIVEIRA DR INVESTIMENTO LTDA","payCpf":"58.321.455\/0001-99","pixkey":"03411418443","account":"***.114.184-**","status":"done","order":"7237a3a4-c670-41aa-84ac-8287d9cb5d6a"}}

【2025-08-30 06:21:14】
P2025083006091844958507282----提交：{"reference":"P2025083006091844958507282"}

【2025-08-30 06:21:14】
P2025083006091844958507282----返回：{"msg":"P2025083006091844958507282","code":"000000","data":{"date":"2025-08-30 06:09:19","eid":"E330535802025083009091974038a0c5","amount":90,"name":"Francisco Fabio Oliveira Do Nascimento","cpf":"***.114.184-**","bankname":"22896431","payBank":"P H R OLIVEIRA DR INVESTIMENTO LTDA","payCpf":"58.321.455\/0001-99","pixkey":"03411418443","account":"***.114.184-**","status":"done","order":"7237a3a4-c670-41aa-84ac-8287d9cb5d6a"}}

【2025-08-30 06:21:21】
P2025083005405343253658484----提交：{"reference":"P2025083005405343253658484"}

【2025-08-30 06:21:22】
P2025083005405343253658484----返回：{"msg":"P2025083005405343253658484","code":"000000","data":{"date":"2025-08-30 05:40:54","eid":"E3305358020250830084054075860970","amount":10,"name":"Valdemir Cruz De Jesus","cpf":"***.799.568-**","bankname":"22896431","payBank":"P H R OLIVEIRA DR INVESTIMENTO LTDA","payCpf":"58.321.455\/0001-99","pixkey":"29879956877","account":"***.799.568-**","status":"done","order":"a8ed46f3-5ac0-44d5-9a34-02b48545b73c"}}

【2025-08-30 06:21:27】
P2025083005405343253658484----提交：{"reference":"P2025083005405343253658484"}

【2025-08-30 06:21:28】
P2025083005405343253658484----返回：{"msg":"P2025083005405343253658484","code":"000000","data":{"date":"2025-08-30 05:40:54","eid":"E3305358020250830084054075860970","amount":10,"name":"Valdemir Cruz De Jesus","cpf":"***.799.568-**","bankname":"22896431","payBank":"P H R OLIVEIRA DR INVESTIMENTO LTDA","payCpf":"58.321.455\/0001-99","pixkey":"29879956877","account":"***.799.568-**","status":"done","order":"a8ed46f3-5ac0-44d5-9a34-02b48545b73c"}}

【2025-08-30 06:23:33】
P2025083005223342153887065----提交：{"reference":"P2025083005223342153887065"}

【2025-08-30 06:23:33】
P2025083005223342153887065----返回：{"msg":"P2025083005223342153887065","code":"000000","data":{"date":"2025-08-30 05:22:34","eid":"E33053580202508300822348119362e2","amount":170,"name":"ALAN DA SILVA CAMPOS","cpf":"***.736.827-**","bankname":"22896431","payBank":"P H R OLIVEIRA DR INVESTIMENTO LTDA","payCpf":"58.321.455\/0001-99","pixkey":"21994264569","account":"***.736.827-**","status":"done","order":"b378efd3-82b6-47fe-8c27-8e3eea86aba8"}}

【2025-08-30 06:23:37】
P2025083005223342153887065----提交：{"reference":"P2025083005223342153887065"}

【2025-08-30 06:23:37】
P2025083005223342153887065----返回：{"msg":"P2025083005223342153887065","code":"000000","data":{"date":"2025-08-30 05:22:34","eid":"E33053580202508300822348119362e2","amount":170,"name":"ALAN DA SILVA CAMPOS","cpf":"***.736.827-**","bankname":"22896431","payBank":"P H R OLIVEIRA DR INVESTIMENTO LTDA","payCpf":"58.321.455\/0001-99","pixkey":"21994264569","account":"***.736.827-**","status":"done","order":"b378efd3-82b6-47fe-8c27-8e3eea86aba8"}}

【2025-08-30 06:24:25】
P2025083006103245032731928----提交：{"reference":"P2025083006103245032731928"}

【2025-08-30 06:24:25】
P2025083006103245032731928----返回：{"msg":"P2025083006103245032731928","code":"000000","data":{"date":"2025-08-30 06:10:33","eid":"E330535802025083009103372888342f","amount":40,"name":"Pedro Edvan Santos Oliveira","cpf":"***.148.775-**","bankname":"22896431","payBank":"P H R OLIVEIRA DR INVESTIMENTO LTDA","payCpf":"58.321.455\/0001-99","pixkey":"07514877592","account":"***.148.775-**","status":"done","order":"68e5c72f-0f9a-4faa-b794-94433baf50fb"}}

【2025-08-30 06:24:49】
P2025083006103245032731928----提交：{"reference":"P2025083006103245032731928"}

【2025-08-30 06:24:50】
P2025083006103245032731928----返回：{"msg":"P2025083006103245032731928","code":"000000","data":{"date":"2025-08-30 06:10:33","eid":"E330535802025083009103372888342f","amount":40,"name":"Pedro Edvan Santos Oliveira","cpf":"***.148.775-**","bankname":"22896431","payBank":"P H R OLIVEIRA DR INVESTIMENTO LTDA","payCpf":"58.321.455\/0001-99","pixkey":"07514877592","account":"***.148.775-**","status":"done","order":"68e5c72f-0f9a-4faa-b794-94433baf50fb"}}

【2025-08-30 06:37:11】
P2025083006325446374101289----提交：{"reference":"P2025083006325446374101289"}

【2025-08-30 06:37:12】
P2025083006325446374101289----返回：{"msg":"P2025083006325446374101289","code":"000000","data":{"date":"2025-08-30 06:32:55","eid":"E3305358020250830093255724d3d8b3","amount":20,"name":"Lenivalda Santos Da Silva","cpf":"***.553.795-**","bankname":"59285411","payBank":"P H R OLIVEIRA DR INVESTIMENTO LTDA","payCpf":"58.321.455\/0001-99","pixkey":"03755379538","account":"***.553.795-**","status":"done","order":"554da48d-246c-4237-939a-e5693f86227d"}}

【2025-08-30 06:37:12】
P2025083006325446374101289----提交：{"reference":"P2025083006325446374101289"}

【2025-08-30 06:37:13】
P2025083006325446374101289----返回：{"msg":"P2025083006325446374101289","code":"000000","data":{"date":"2025-08-30 06:32:55","eid":"E3305358020250830093255724d3d8b3","amount":20,"name":"Lenivalda Santos Da Silva","cpf":"***.553.795-**","bankname":"59285411","payBank":"P H R OLIVEIRA DR INVESTIMENTO LTDA","payCpf":"58.321.455\/0001-99","pixkey":"03755379538","account":"***.553.795-**","status":"done","order":"554da48d-246c-4237-939a-e5693f86227d"}}

