【2025-08-30 17:13:26】
P2025083017123384753247524----提交：{"reference":"P2025083017123384753247524"}

【2025-08-30 17:13:26】
P2025083017123384753247524----返回：{"msg":"P2025083017123384753247524","code":"000000","data":{"date":"2025-08-30 17:13:04","eid":"E33053580202508302013043292ca7f4","amount":3700,"name":"MAYANE PEREIRA DE OLIVEIRA","cpf":"***.274.734-**","bankname":"00416968","payBank":"P H R OLIVEIRA DR INVESTIMENTO LTDA","payCpf":"58.321.455\/0001-99","pixkey":"10227473477","account":"***.274.734-**","status":"done","order":"f99f522a-c153-4ced-a49b-12f45f3ea281"}}

【2025-08-30 17:13:31】
P2025083017123384753247524----提交：{"reference":"P2025083017123384753247524"}

【2025-08-30 17:13:32】
P2025083017123384753247524----返回：{"msg":"P2025083017123384753247524","code":"000000","data":{"date":"2025-08-30 17:13:04","eid":"E33053580202508302013043292ca7f4","amount":3700,"name":"MAYANE PEREIRA DE OLIVEIRA","cpf":"***.274.734-**","bankname":"00416968","payBank":"P H R OLIVEIRA DR INVESTIMENTO LTDA","payCpf":"58.321.455\/0001-99","pixkey":"10227473477","account":"***.274.734-**","status":"done","order":"f99f522a-c153-4ced-a49b-12f45f3ea281"}}

【2025-08-30 17:25:16】
P2025083017242785467021985----提交：{"reference":"P2025083017242785467021985"}

【2025-08-30 17:25:17】
P2025083017242785467021985----返回：{"msg":"P2025083017242785467021985","code":"000000","data":{"date":"2025-08-30 17:24:28","eid":"E3305358020250830202428807fe7d33","amount":27,"name":"JOSE ANTONY AGUIAR CASTRO","cpf":"***.450.145-**","bankname":"00416968","payBank":"P H R OLIVEIRA DR INVESTIMENTO LTDA","payCpf":"58.321.455\/0001-99","pixkey":"12545014524","account":"***.450.145-**","status":"done","order":"dd2a00c2-75c0-46e9-ade3-15305c8bc330"}}

【2025-08-30 17:25:28】
P2025083017242785467021985----提交：{"reference":"P2025083017242785467021985"}

【2025-08-30 17:25:29】
P2025083017242785467021985----返回：{"msg":"P2025083017242785467021985","code":"000000","data":{"date":"2025-08-30 17:24:28","eid":"E3305358020250830202428807fe7d33","amount":27,"name":"JOSE ANTONY AGUIAR CASTRO","cpf":"***.450.145-**","bankname":"00416968","payBank":"P H R OLIVEIRA DR INVESTIMENTO LTDA","payCpf":"58.321.455\/0001-99","pixkey":"12545014524","account":"***.450.145-**","status":"done","order":"dd2a00c2-75c0-46e9-ade3-15305c8bc330"}}

【2025-08-30 17:54:34】
P2025083017332686006992754----提交：{"reference":"P2025083017332686006992754"}

【2025-08-30 17:54:34】
P2025083017332686006992754----返回：{"msg":"P2025083017332686006992754","code":"000000","data":{"date":"2025-08-30 17:33:27","eid":"E3305358020250830203327035e80a3c","amount":215,"name":"MILCA VALERIA MORAIS COSTA FARIAS","cpf":"***.590.421-**","bankname":"00360305","payBank":"P H R OLIVEIRA DR INVESTIMENTO LTDA","payCpf":"58.321.455\/0001-99","pixkey":"95759042149","account":"***.590.421-**","status":"done","order":"6a6e2c1b-1cae-4349-9061-8128ab0e6b20"}}

【2025-08-30 17:54:36】
P2025083017332686006992754----提交：{"reference":"P2025083017332686006992754"}

【2025-08-30 17:54:36】
P2025083017332686006992754----返回：{"msg":"P2025083017332686006992754","code":"000000","data":{"date":"2025-08-30 17:33:27","eid":"E3305358020250830203327035e80a3c","amount":215,"name":"MILCA VALERIA MORAIS COSTA FARIAS","cpf":"***.590.421-**","bankname":"00360305","payBank":"P H R OLIVEIRA DR INVESTIMENTO LTDA","payCpf":"58.321.455\/0001-99","pixkey":"95759042149","account":"***.590.421-**","status":"done","order":"6a6e2c1b-1cae-4349-9061-8128ab0e6b20"}}

【2025-08-30 17:56:55】
P2025083017333686016887313----提交：{"reference":"P2025083017333686016887313"}

【2025-08-30 17:56:56】
P2025083017333686016887313----返回：{"msg":"P2025083017333686016887313","code":"000000","data":{"date":"2025-08-30 17:33:37","eid":"E3305358020250830203337321f958ab","amount":90,"name":"AGATHA DE MORAIS SILVA PIRES","cpf":"***.050.388-**","bankname":"60746948","payBank":"P H R OLIVEIRA DR INVESTIMENTO LTDA","payCpf":"58.321.455\/0001-99","pixkey":"44405038880","account":"***.050.388-**","status":"done","order":"064fa998-bc77-41f0-a572-f6b4312fcc3a"}}

【2025-08-30 17:57:05】
P2025083017333686016887313----提交：{"reference":"P2025083017333686016887313"}

【2025-08-30 17:57:06】
P2025083017333686016887313----返回：{"msg":"P2025083017333686016887313","code":"000000","data":{"date":"2025-08-30 17:33:37","eid":"E3305358020250830203337321f958ab","amount":90,"name":"AGATHA DE MORAIS SILVA PIRES","cpf":"***.050.388-**","bankname":"60746948","payBank":"P H R OLIVEIRA DR INVESTIMENTO LTDA","payCpf":"58.321.455\/0001-99","pixkey":"44405038880","account":"***.050.388-**","status":"done","order":"064fa998-bc77-41f0-a572-f6b4312fcc3a"}}

【2025-08-30 17:57:20】
P2025083017333686016887313----提交：{"reference":"P2025083017333686016887313"}

【2025-08-30 17:57:21】
P2025083017333686016887313----返回：{"msg":"P2025083017333686016887313","code":"000000","data":{"date":"2025-08-30 17:33:37","eid":"E3305358020250830203337321f958ab","amount":90,"name":"AGATHA DE MORAIS SILVA PIRES","cpf":"***.050.388-**","bankname":"60746948","payBank":"P H R OLIVEIRA DR INVESTIMENTO LTDA","payCpf":"58.321.455\/0001-99","pixkey":"44405038880","account":"***.050.388-**","status":"done","order":"064fa998-bc77-41f0-a572-f6b4312fcc3a"}}

