【2025-08-30 01:09:38】
P2025083000194323983831646----提交：{"reference":"P2025083000194323983831646"}

【2025-08-30 01:09:39】
P2025083000194323983831646----返回：{"msg":"P2025083000194323983831646","code":"000000","data":{"date":"2025-08-30 00:19:44","eid":"E3305358020250830031944510d3084c","amount":80,"name":"Janderson Ribeiro Da Silva","cpf":"***.144.254-**","bankname":"22896431","payBank":"P H R OLIVEIRA DR INVESTIMENTO LTDA","payCpf":"58.321.455\/0001-99","pixkey":"71414425457","account":"***.144.254-**","status":"done","order":"37263d69-e1a9-42a5-a0e1-f812d1d8a900"}}

【2025-08-30 01:09:44】
P2025083000194323983831646----提交：{"reference":"P2025083000194323983831646"}

【2025-08-30 01:09:45】
P2025083000194323983831646----返回：{"msg":"P2025083000194323983831646","code":"000000","data":{"date":"2025-08-30 00:19:44","eid":"E3305358020250830031944510d3084c","amount":80,"name":"Janderson Ribeiro Da Silva","cpf":"***.144.254-**","bankname":"22896431","payBank":"P H R OLIVEIRA DR INVESTIMENTO LTDA","payCpf":"58.321.455\/0001-99","pixkey":"71414425457","account":"***.144.254-**","status":"done","order":"37263d69-e1a9-42a5-a0e1-f812d1d8a900"}}

【2025-08-30 01:13:55】
P2025082922052315923451198----提交：{"reference":"P2025082922052315923451198"}

【2025-08-30 01:13:56】
P2025082922052315923451198----返回：{"msg":"P2025082922052315923451198","code":"000000","data":{"date":"2025-08-29 22:05:24","eid":"E3305358020250830010523993a7c7b7","amount":30,"name":"WESLEY SILVANO DE FREITAS","cpf":"***.818.921-**","bankname":"00360305","payBank":"P H R OLIVEIRA DR INVESTIMENTO LTDA","payCpf":"58.321.455\/0001-99","pixkey":"69981892149","account":"***.818.921-**","status":"done","order":"5bafcc59-e5c8-4dc6-a147-76a696eafdbe"}}

【2025-08-30 01:13:58】
P2025082922052315923451198----提交：{"reference":"P2025082922052315923451198"}

【2025-08-30 01:13:59】
P2025082922052315923451198----返回：{"msg":"P2025082922052315923451198","code":"000000","data":{"date":"2025-08-29 22:05:24","eid":"E3305358020250830010523993a7c7b7","amount":30,"name":"WESLEY SILVANO DE FREITAS","cpf":"***.818.921-**","bankname":"00360305","payBank":"P H R OLIVEIRA DR INVESTIMENTO LTDA","payCpf":"58.321.455\/0001-99","pixkey":"69981892149","account":"***.818.921-**","status":"done","order":"5bafcc59-e5c8-4dc6-a147-76a696eafdbe"}}

【2025-08-30 01:34:58】
P2025083000225024170209984----提交：{"reference":"P2025083000225024170209984"}

【2025-08-30 01:34:58】
P2025083000225024170209984----返回：{"msg":"P2025083000225024170209984","code":"000000","data":{"date":"2025-08-30 00:22:51","eid":"E3305358020250830032251077eb42c5","amount":50,"name":"LEANDRO GIAROLO","cpf":"***.482.119-**","bankname":"60701190","payBank":"P H R OLIVEIRA DR INVESTIMENTO LTDA","payCpf":"58.321.455\/0001-99","pixkey":"07548211961","account":"***.482.119-**","status":"done","order":"8e1958e4-9c1b-4c12-b3fc-decd81c2fe59"}}

【2025-08-30 01:35:00】
P2025083000225024170209984----提交：{"reference":"P2025083000225024170209984"}

【2025-08-30 01:35:00】
P2025083000225024170209984----返回：{"msg":"P2025083000225024170209984","code":"000000","data":{"date":"2025-08-30 00:22:51","eid":"E3305358020250830032251077eb42c5","amount":50,"name":"LEANDRO GIAROLO","cpf":"***.482.119-**","bankname":"60701190","payBank":"P H R OLIVEIRA DR INVESTIMENTO LTDA","payCpf":"58.321.455\/0001-99","pixkey":"07548211961","account":"***.482.119-**","status":"done","order":"8e1958e4-9c1b-4c12-b3fc-decd81c2fe59"}}

【2025-08-30 01:46:12】
P2025083001435229032768384----提交：{"reference":"P2025083001435229032768384"}

【2025-08-30 01:46:12】
P2025083001435229032768384----返回：{"msg":"P2025083001435229032768384","code":"000000","data":{"date":"2025-08-30 01:43:53","eid":"E330535802025083004435370619df3b","amount":10,"name":"Flavio Santos De Oliveira","cpf":"***.690.846-**","bankname":"18189547","payBank":"P H R OLIVEIRA DR INVESTIMENTO LTDA","payCpf":"58.321.455\/0001-99","pixkey":"33998777050","account":"***.690.846-**","status":"done","order":"4d8b8ca9-5a22-4da5-b8b9-58fc7250013a"}}

【2025-08-30 01:46:14】
P2025083001435229032768384----提交：{"reference":"P2025083001435229032768384"}

【2025-08-30 01:46:15】
P2025083001435229032768384----返回：{"msg":"P2025083001435229032768384","code":"000000","data":{"date":"2025-08-30 01:43:53","eid":"E330535802025083004435370619df3b","amount":10,"name":"Flavio Santos De Oliveira","cpf":"***.690.846-**","bankname":"18189547","payBank":"P H R OLIVEIRA DR INVESTIMENTO LTDA","payCpf":"58.321.455\/0001-99","pixkey":"33998777050","account":"***.690.846-**","status":"done","order":"4d8b8ca9-5a22-4da5-b8b9-58fc7250013a"}}

【2025-08-30 01:56:24】
P2025083000170623826499088----提交：{"reference":"P2025083000170623826499088"}

【2025-08-30 01:56:25】
P2025083000170623826499088----返回：{"msg":"P2025083000170623826499088","code":"000000","data":{"date":"2025-08-30 00:17:07","eid":"E330535802025083003170740186f578","amount":20,"name":"INGRID PATRICIA XAVIER DE ASSIS","cpf":"***.684.139-**","bankname":"22896431","payBank":"P H R OLIVEIRA DR INVESTIMENTO LTDA","payCpf":"58.321.455\/0001-99","pixkey":"41998168232","account":"***.684.139-**","status":"done","order":"e25bf833-0954-4800-b2fa-c937ea85a4be"}}

【2025-08-30 01:56:34】
P2025083000170623826499088----提交：{"reference":"P2025083000170623826499088"}

【2025-08-30 01:56:34】
P2025083000170623826499088----返回：{"msg":"P2025083000170623826499088","code":"000000","data":{"date":"2025-08-30 00:17:07","eid":"E330535802025083003170740186f578","amount":20,"name":"INGRID PATRICIA XAVIER DE ASSIS","cpf":"***.684.139-**","bankname":"22896431","payBank":"P H R OLIVEIRA DR INVESTIMENTO LTDA","payCpf":"58.321.455\/0001-99","pixkey":"41998168232","account":"***.684.139-**","status":"done","order":"e25bf833-0954-4800-b2fa-c937ea85a4be"}}

【2025-08-30 01:59:44】
P2025083001513229492182629----提交：{"reference":"P2025083001513229492182629"}

【2025-08-30 01:59:45】
P2025083001513229492182629----返回：{"msg":"P2025083001513229492182629","code":"000000","data":{"date":"2025-08-30 01:51:33","eid":"E33053580202508300451333705a0955","amount":10,"name":"IRIS MIKAELLE DOS SANTOS","cpf":"***.940.274-**","bankname":"59285411","payBank":"P H R OLIVEIRA DR INVESTIMENTO LTDA","payCpf":"58.321.455\/0001-99","pixkey":"12494027438","account":"***.940.274-**","status":"done","order":"0d0e9a42-e90b-4eb8-b43e-8ad1dc3057e1"}}

【2025-08-30 01:59:54】
P2025083001513229492182629----提交：{"reference":"P2025083001513229492182629"}

【2025-08-30 01:59:54】
P2025083001513229492182629----返回：{"msg":"P2025083001513229492182629","code":"000000","data":{"date":"2025-08-30 01:51:33","eid":"E33053580202508300451333705a0955","amount":10,"name":"IRIS MIKAELLE DOS SANTOS","cpf":"***.940.274-**","bankname":"59285411","payBank":"P H R OLIVEIRA DR INVESTIMENTO LTDA","payCpf":"58.321.455\/0001-99","pixkey":"12494027438","account":"***.940.274-**","status":"done","order":"0d0e9a42-e90b-4eb8-b43e-8ad1dc3057e1"}}

