【2025-08-30 06:00:46】
P2025082822253430734054685----提交：{"custId":"24120300001308","appId":"8241201350","order":"P2025082822253430734054685","sign":"102E69793892A2CB2AEF3A94459B8119"}

【2025-08-30 06:00:46】
P2025082822253430734054685----返回：{"code":"000000","msg":"P2025082822253430734054685","data":{"date":"2025-08-28 22:25:37","eid":"E45756448202508290125GlLGYryFQUQ","amount":"200","name":"Rosileide Ferreira Lima Santos","cpf":"1118616596","bankname":"null","payBank":"","payCpf":"","pixkey":"01118616596","account":"742256405","status":"done","order":"A20250828222534382482UzmDSRtub"},"sign":"6D70181F22E745AA6EE81455640FD6C9"}

【2025-08-30 06:06:02】
P2025083005203442034967872----提交：{"custId":"24120300001308","appId":"8241201350","order":"P2025083005203442034967872","sign":"7022B74B0C119F75B2EED1241095A716"}

【2025-08-30 06:06:03】
P2025083005203442034967872----返回：{"code":"000000","msg":"P2025083005203442034967872","data":{"date":"2025-08-30 05:20:36","eid":"E45756448202508300820a5vC05nuQka","amount":"836","name":"Alessandro Lins Dos Santos","cpf":"15109059608","bankname":"null","payBank":"","payCpf":"","pixkey":"15109059608","account":"42497175","status":"done","order":"A20250830052034833032Lnk4dxnbu"},"sign":"E170ADF246053A4A781C3B622E4A05D3"}

【2025-08-30 06:10:38】
P2025083004180438284222521----提交：{"custId":"24120300001308","appId":"8241201350","order":"P2025083004180438284222521","sign":"CAF9D675C37AE03F8EF74FE2C9B557C2"}

【2025-08-30 06:10:38】
P2025083004180438284222521----返回：{"code":"000000","msg":"P2025083004180438284222521","data":{"date":"2025-08-30 04:18:07","eid":"E45756448202508300718LkU7RrOd0O0","amount":"68.14","name":"LUCAS GABRIEL DA SILVA CUNHA CHAVES","cpf":"57026362879","bankname":"null","payBank":"","payCpf":"","pixkey":"57026362879","account":"1155791444","status":"done","order":"A20250830041804256136ecq86Ny7F"},"sign":"B1F51F9B98E4F805B79D70CBC49BD908"}

【2025-08-30 06:14:33】
P2025083004143438074727078----提交：{"custId":"24120300001308","appId":"8241201350","order":"P2025083004143438074727078","sign":"6EB4C7EB005855D5EC80FE1FBD4D848A"}

【2025-08-30 06:14:33】
P2025083004143438074727078----返回：{"code":"000000","msg":"P2025083004143438074727078","data":{"date":"2025-08-30 04:14:37","eid":"E45756448202508300714iJjUN4Kh9EC","amount":"12","name":"EDEILDO LIRA DA SILVA","cpf":"11591831474","bankname":"null","payBank":"","payCpf":"","pixkey":"11591831474","account":"601860411","status":"done","order":"A20250830041435789670fJkpbCYa8"},"sign":"6BB4CFC5C1617E46D686BF10584DD4EB"}

【2025-08-30 06:15:55】
P2025083004192638366042117----提交：{"custId":"24120300001308","appId":"8241201350","order":"P2025083004192638366042117","sign":"4F8F09AFDF3243F47E9C5CCED30D0C5C"}

【2025-08-30 06:15:55】
P2025083004192638366042117----返回：{"code":"000000","msg":"P2025083004192638366042117","data":{"date":"2025-08-30 04:19:29","eid":"E45756448202508300719D7jlwjlCkQD","amount":"70","name":"Camilly Emanuele Oliveira Silva","cpf":"59615072893","bankname":"null","payBank":"","payCpf":"","pixkey":"59615072893","account":"1221008730","status":"done","order":"A20250830041926802731SdzDd5Atp"},"sign":"F5BCE27229D258A81C66F4D662C61C0D"}

【2025-08-30 06:19:06】
P2025083004192638366042117----提交：{"custId":"24120300001308","appId":"8241201350","order":"P2025083004192638366042117","sign":"4F8F09AFDF3243F47E9C5CCED30D0C5C"}

【2025-08-30 06:19:06】
P2025083004192638366042117----返回：{"code":"000000","msg":"P2025083004192638366042117","data":{"date":"2025-08-30 04:19:29","eid":"E45756448202508300719D7jlwjlCkQD","amount":"70","name":"Camilly Emanuele Oliveira Silva","cpf":"59615072893","bankname":"null","payBank":"","payCpf":"","pixkey":"59615072893","account":"1221008730","status":"done","order":"A20250830041926802731SdzDd5Atp"},"sign":"F5BCE27229D258A81C66F4D662C61C0D"}

【2025-08-30 06:27:26】
P2025083004463539995996743----提交：{"custId":"24120300001308","appId":"8241201350","order":"P2025083004463539995996743","sign":"2FA4831F12B9D6B34D1C5667EBEF53BB"}

【2025-08-30 06:27:26】
P2025083004463539995996743----返回：{"code":"000000","msg":"P2025083004463539995996743","data":{"date":"2025-08-30 04:46:38","eid":"E45756448202508300746VkjVLqq0LkG","amount":"30","name":"Samuel Campanhon Castro Da Silva","cpf":"19158507701","bankname":"null","payBank":"","payCpf":"","pixkey":"19158507701","account":"403208670","status":"done","order":"A20250830044636884728QsxTybUj8"},"sign":"3F45B1F35032EDF79EAC2BABDA92DBB5"}

【2025-08-30 06:27:27】
P2025083004463539995996743----提交：{"custId":"24120300001308","appId":"8241201350","order":"P2025083004463539995996743","sign":"2FA4831F12B9D6B34D1C5667EBEF53BB"}

【2025-08-30 06:27:27】
P2025083004463539995996743----返回：{"code":"000000","msg":"P2025083004463539995996743","data":{"date":"2025-08-30 04:46:38","eid":"E45756448202508300746VkjVLqq0LkG","amount":"30","name":"Samuel Campanhon Castro Da Silva","cpf":"19158507701","bankname":"null","payBank":"","payCpf":"","pixkey":"19158507701","account":"403208670","status":"done","order":"A20250830044636884728QsxTybUj8"},"sign":"3F45B1F35032EDF79EAC2BABDA92DBB5"}

