【2025-08-30 01:03:09】
P2025083001022226542481712----提交：{"custId":"24120300001308","appId":"8241201350","order":"P2025083001022226542481712","sign":"A22EDEB31EB140002CF128467C548EB5"}

【2025-08-30 01:03:09】
P2025083001022226542481712----返回：{"code":"000000","msg":"P2025083001022226542481712","data":{"date":"2025-08-30 01:03:05","eid":"E3571349120250830040302322fa19ba","amount":"15","name":"grazielly jesus dos santos","cpf":"06707232584","bankname":"NOVABET OFICIAL","payBank":"","payCpf":"","pixkey":"06707232584","account":"08561701","status":"done","order":"A20250830010302667567wVp7xpz5M"},"sign":"A82DC0990CB383C5085577939A993940"}

【2025-08-30 01:05:58】
P2025083001051926719093244----提交：{"custId":"24120300001308","appId":"8241201350","order":"P2025083001051926719093244","sign":"67E91D7117E9DD6B5063F71CCB1BEB1D"}

【2025-08-30 01:05:58】
P2025083001051926719093244----返回：{"code":"000000","msg":"P2025083001051926719093244","data":{"date":"2025-08-30 01:05:22","eid":"E3571349120250830040520247cf8d76","amount":"20","name":"RAYANE JANINE BARCELOS","cpf":"10309038677","bankname":"NOVABET OFICIAL","payBank":"","payCpf":"","pixkey":"rayanebarcelos29@gmail.com","account":"18189547","status":"done","order":"A20250830010520922151Cyk4KQN3X"},"sign":"B72F7F5088EFE156131938CE0FDE8612"}

【2025-08-30 01:06:00】
P2025083001051926719093244----提交：{"custId":"24120300001308","appId":"8241201350","order":"P2025083001051926719093244","sign":"67E91D7117E9DD6B5063F71CCB1BEB1D"}

【2025-08-30 01:06:00】
P2025083001051926719093244----返回：{"code":"000000","msg":"P2025083001051926719093244","data":{"date":"2025-08-30 01:05:22","eid":"E3571349120250830040520247cf8d76","amount":"20","name":"RAYANE JANINE BARCELOS","cpf":"10309038677","bankname":"NOVABET OFICIAL","payBank":"","payCpf":"","pixkey":"rayanebarcelos29@gmail.com","account":"18189547","status":"done","order":"A20250830010520922151Cyk4KQN3X"},"sign":"B72F7F5088EFE156131938CE0FDE8612"}

【2025-08-30 01:23:34】
P2025082102351054510413507----提交：{"custId":"24120300001308","appId":"8241201350","order":"P2025082102351054510413507","sign":"11D36B320AE43F2102D0487147F3DA08"}

【2025-08-30 01:23:35】
P2025082102351054510413507----返回：{"code":"000000","msg":"P2025082102351054510413507","data":{"date":"2025-08-21 02:43:36","eid":"E3720544720250821053511338c86efc","amount":"50","name":"NATHALIE TERAGI MARIN DE LIMA","cpf":"33000061800","bankname":"ORBION GAMING LTDA","payBank":"","payCpf":"","pixkey":"nati11_47@hotmail.com","account":"00416968","status":"done","order":"A20250821023510916299d21HZhA1I"},"sign":"F7B0FB1EC7FD672DA2508898B85E770D"}

【2025-08-30 01:26:29】
P2025081322022833348996572----提交：{"custId":"24120300001308","appId":"8241201350","order":"P2025081322022833348996572","sign":"F68D905F41EB15BF53B36B7D18F57BE4"}

【2025-08-30 01:26:29】
P2025081322022833348996572----返回：{"code":"000000","msg":"P2025081322022833348996572","data":{"date":"2025-08-13 22:02:32","eid":"E37205447202508140102299417cfe90","amount":"4500","name":"Cassia da Silva Vieira","cpf":"35608867831","bankname":"ORBION GAMING LTDA","payBank":"","payCpf":"","pixkey":"11952935141","account":"18236120","status":"done","order":"A20250813220228270380IpygRcpMR"},"sign":"ED25E7922926C43516BEF5A5B2720B38"}

【2025-08-30 01:27:43】
P2025081018240461044185966----提交：{"custId":"24120300001308","appId":"8241201350","order":"P2025081018240461044185966","sign":"80DC496160BD4FFBC03A22E9EB21CC0B"}

【2025-08-30 01:27:43】
P2025081018240461044185966----返回：{"code":"000000","msg":"P2025081018240461044185966","data":{"date":"2025-08-10 18:24:07","eid":"E37205447202508102124049833a19aa","amount":"100","name":"KETHELYN JHENIFER MAIDANA FERNANDES","cpf":"07199661169","bankname":"ORBION GAMING LTDA","payBank":"","payCpf":"","pixkey":"f811526b-e967-4b33-98b9-dfbc251c7cb1","account":"00416968","status":"done","order":"A202508101824040061119fWm3RtfH"},"sign":"463189A1EC0CF47A8AFF758220B7A0CA"}

