【2025-08-30 05:00:01】
P2025083004361839378538014----提交：{"custId":"24120300001308","appId":"8241201350","order":"P2025083004361839378538014","sign":"28EE96C8C0E64F9076047A32C1EA081F"}

【2025-08-30 05:00:01】
P2025083004361839378538014----返回：{"code":"000000","msg":"P2025083004361839378538014","data":{"date":"2025-08-30 04:36:21","eid":"E45756448202508300736SxwCXvzUmE6","amount":"30","name":"MARCELO DO REGO","cpf":"31169863809","bankname":"null","payBank":"","payCpf":"","pixkey":"31169863809","account":"1095982818","status":"done","order":"A20250830043618599330GqInEVEQM"},"sign":"AB6A50B14B09E2F92096E1E12C561A2A"}

【2025-08-30 05:00:17】
P2025083004330439184978028----提交：{"custId":"24120300001308","appId":"8241201350","order":"P2025083004330439184978028","sign":"17866EA4CF9B4AF14E8F7EA86DE74135"}

【2025-08-30 05:00:18】
P2025083004330439184978028----返回：{"code":"000000","msg":"P2025083004330439184978028","data":{"date":"2025-08-30 04:33:07","eid":"E45756448202508300733O6WWbcrvUO7","amount":"20","name":"Marcelo do Rego","cpf":"31169863809","bankname":"null","payBank":"","payCpf":"","pixkey":"14998448276","account":"3499266087","status":"done","order":"A20250830043304339775PssGU7QDV"},"sign":"3935B34BF084C6A90D491D3853B0C944"}

【2025-08-30 05:00:45】
P2025083004143438074727078----提交：{"custId":"24120300001308","appId":"8241201350","order":"P2025083004143438074727078","sign":"6EB4C7EB005855D5EC80FE1FBD4D848A"}

【2025-08-30 05:00:45】
P2025083004143438074727078----返回：{"code":"000000","msg":"P2025083004143438074727078","data":{"date":"2025-08-30 04:14:37","eid":"E45756448202508300714iJjUN4Kh9EC","amount":"12","name":"EDEILDO LIRA DA SILVA","cpf":"11591831474","bankname":"null","payBank":"","payCpf":"","pixkey":"11591831474","account":"601860411","status":"done","order":"A20250830041435789670fJkpbCYa8"},"sign":"6BB4CFC5C1617E46D686BF10584DD4EB"}

【2025-08-30 05:00:46】
P2025083004143438074727078----提交：{"custId":"24120300001308","appId":"8241201350","order":"P2025083004143438074727078","sign":"6EB4C7EB005855D5EC80FE1FBD4D848A"}

【2025-08-30 05:00:47】
P2025083004143438074727078----返回：{"code":"000000","msg":"P2025083004143438074727078","data":{"date":"2025-08-30 04:14:37","eid":"E45756448202508300714iJjUN4Kh9EC","amount":"12","name":"EDEILDO LIRA DA SILVA","cpf":"11591831474","bankname":"null","payBank":"","payCpf":"","pixkey":"11591831474","account":"601860411","status":"done","order":"A20250830041435789670fJkpbCYa8"},"sign":"6BB4CFC5C1617E46D686BF10584DD4EB"}

【2025-08-30 05:00:49】
P2025083004175538275502682----提交：{"custId":"24120300001308","appId":"8241201350","order":"P2025083004175538275502682","sign":"C71CEE9D2A7CF3AAE34230CEC4C6FAEE"}

【2025-08-30 05:00:49】
P2025083004175538275502682----返回：{"code":"000000","msg":"P2025083004175538275502682","data":{"date":"2025-08-30 04:17:58","eid":"E45756448202508300717R970P4iKV0O","amount":"40","name":"MARCELO DO REGO","cpf":"31169863809","bankname":"null","payBank":"","payCpf":"","pixkey":"31169863809","account":"1095982818","status":"done","order":"A20250830041755254980BXICFzRvq"},"sign":"4681EAE85372EFF1C512BA3D27291677"}

【2025-08-30 05:00:51】
P2025083004175538275502682----提交：{"custId":"24120300001308","appId":"8241201350","order":"P2025083004175538275502682","sign":"C71CEE9D2A7CF3AAE34230CEC4C6FAEE"}

【2025-08-30 05:00:51】
P2025083004175538275502682----返回：{"code":"000000","msg":"P2025083004175538275502682","data":{"date":"2025-08-30 04:17:58","eid":"E45756448202508300717R970P4iKV0O","amount":"40","name":"MARCELO DO REGO","cpf":"31169863809","bankname":"null","payBank":"","payCpf":"","pixkey":"31169863809","account":"1095982818","status":"done","order":"A20250830041755254980BXICFzRvq"},"sign":"4681EAE85372EFF1C512BA3D27291677"}

【2025-08-30 05:01:38】
P2025083004291638956518377----提交：{"custId":"24120300001308","appId":"8241201350","order":"P2025083004291638956518377","sign":"4E104E6C8BAC4EF1E497107C911D6A65"}

【2025-08-30 05:01:38】
P2025083004291638956518377----返回：{"code":"000000","msg":"P2025083004291638956518377","data":{"date":"2025-08-30 04:29:19","eid":"E45756448202508300729Ym0AUCeZ0CQ","amount":"100.06","name":"MARCIO NASCIMENTO OLIVEIRA","cpf":"89676688568","bankname":"null","payBank":"","payCpf":"","pixkey":"89676688568","account":"1001232461","status":"done","order":"A20250830042916857443R117cgZWu"},"sign":"5D8AC06212C0C6AF07E19F5D309736B4"}

【2025-08-30 05:01:39】
P2025083004330439184978028----提交：{"custId":"24120300001308","appId":"8241201350","order":"P2025083004330439184978028","sign":"17866EA4CF9B4AF14E8F7EA86DE74135"}

【2025-08-30 05:01:39】
P2025083004330439184978028----返回：{"code":"000000","msg":"P2025083004330439184978028","data":{"date":"2025-08-30 04:33:07","eid":"E45756448202508300733O6WWbcrvUO7","amount":"20","name":"Marcelo do Rego","cpf":"31169863809","bankname":"null","payBank":"","payCpf":"","pixkey":"14998448276","account":"3499266087","status":"done","order":"A20250830043304339775PssGU7QDV"},"sign":"3935B34BF084C6A90D491D3853B0C944"}

【2025-08-30 05:01:41】
P2025083004291638956518377----提交：{"custId":"24120300001308","appId":"8241201350","order":"P2025083004291638956518377","sign":"4E104E6C8BAC4EF1E497107C911D6A65"}

【2025-08-30 05:01:41】
P2025083004291638956518377----返回：{"code":"000000","msg":"P2025083004291638956518377","data":{"date":"2025-08-30 04:29:19","eid":"E45756448202508300729Ym0AUCeZ0CQ","amount":"100.06","name":"MARCIO NASCIMENTO OLIVEIRA","cpf":"89676688568","bankname":"null","payBank":"","payCpf":"","pixkey":"89676688568","account":"1001232461","status":"done","order":"A20250830042916857443R117cgZWu"},"sign":"5D8AC06212C0C6AF07E19F5D309736B4"}

【2025-08-30 05:02:13】
P2025083004330439184978028----提交：{"custId":"24120300001308","appId":"8241201350","order":"P2025083004330439184978028","sign":"17866EA4CF9B4AF14E8F7EA86DE74135"}

【2025-08-30 05:02:13】
P2025083004330439184978028----返回：{"code":"000000","msg":"P2025083004330439184978028","data":{"date":"2025-08-30 04:33:07","eid":"E45756448202508300733O6WWbcrvUO7","amount":"20","name":"Marcelo do Rego","cpf":"31169863809","bankname":"null","payBank":"","payCpf":"","pixkey":"14998448276","account":"3499266087","status":"done","order":"A20250830043304339775PssGU7QDV"},"sign":"3935B34BF084C6A90D491D3853B0C944"}

【2025-08-30 05:03:05】
P2025083004234138621439022----提交：{"custId":"24120300001308","appId":"8241201350","order":"P2025083004234138621439022","sign":"5F9327A10AA5D20F9F236EDDB5B243F6"}

【2025-08-30 05:03:05】
P2025083004234138621439022----返回：{"code":"000000","msg":"P2025083004234138621439022","data":{"date":"2025-08-30 04:23:44","eid":"E45756448202508300723xcaxQUXGwkK","amount":"30","name":"MARCELO DO REGO","cpf":"31169863809","bankname":"null","payBank":"","payCpf":"","pixkey":"31169863809","account":"1095982818","status":"done","order":"A20250830042341763469KJ93XHhLy"},"sign":"9C6DB87660130761E5AA18562488F623"}

【2025-08-30 05:03:06】
P2025083004234138621439022----提交：{"custId":"24120300001308","appId":"8241201350","order":"P2025083004234138621439022","sign":"5F9327A10AA5D20F9F236EDDB5B243F6"}

【2025-08-30 05:03:07】
P2025083004234138621439022----返回：{"code":"000000","msg":"P2025083004234138621439022","data":{"date":"2025-08-30 04:23:44","eid":"E45756448202508300723xcaxQUXGwkK","amount":"30","name":"MARCELO DO REGO","cpf":"31169863809","bankname":"null","payBank":"","payCpf":"","pixkey":"31169863809","account":"1095982818","status":"done","order":"A20250830042341763469KJ93XHhLy"},"sign":"9C6DB87660130761E5AA18562488F623"}

【2025-08-30 05:07:13】
P2025083004142438064211368----提交：{"custId":"24120300001308","appId":"8241201350","order":"P2025083004142438064211368","sign":"E44D3AB7ECAB4EC841CD87C37476A9BC"}

【2025-08-30 05:07:13】
P2025083004142438064211368----返回：{"code":"000000","msg":"P2025083004142438064211368","data":{"date":"2025-08-30 04:14:27","eid":"E45756448202508300714dSd8mctDC0G","amount":"99","name":"Marcos Antonio De Moraes Telles","cpf":"1740473043","bankname":"null","payBank":"","payCpf":"","pixkey":"01740473043","account":"579023141","status":"done","order":"A20250830041424051425EGhURDGEc"},"sign":"D2320F8F9A5F406C4AD3AF573E0B21DC"}

【2025-08-30 05:07:15】
P2025083004142438064211368----提交：{"custId":"24120300001308","appId":"8241201350","order":"P2025083004142438064211368","sign":"E44D3AB7ECAB4EC841CD87C37476A9BC"}

【2025-08-30 05:07:15】
P2025083004142438064211368----返回：{"code":"000000","msg":"P2025083004142438064211368","data":{"date":"2025-08-30 04:14:27","eid":"E45756448202508300714dSd8mctDC0G","amount":"99","name":"Marcos Antonio De Moraes Telles","cpf":"1740473043","bankname":"null","payBank":"","payCpf":"","pixkey":"01740473043","account":"579023141","status":"done","order":"A20250830041424051425EGhURDGEc"},"sign":"D2320F8F9A5F406C4AD3AF573E0B21DC"}

【2025-08-30 05:08:52】
P2025083005013740897902680----提交：{"custId":"24120300001308","appId":"8241201350","order":"P2025083005013740897902680","sign":"C62C59BEE9AFCC5E9F57F72460ED2A9A"}

【2025-08-30 05:08:52】
P2025083005013740897902680----返回：{"code":"000000","msg":"P2025083005013740897902680","data":{"date":"2025-08-30 05:01:40","eid":"E45756448202508300801esdT7Htn80O","amount":"60","name":"Susana Raquel Da Silva Barbosa","cpf":"15156489400","bankname":"null","payBank":"","payCpf":"","pixkey":"15156489400","account":"895581604","status":"done","order":"A20250830050137760876mKLJ5dvIz"},"sign":"3ED068BF5E3DB81DA4C91ACB03C3C959"}

【2025-08-30 05:08:54】
P2025083005013740897902680----提交：{"custId":"24120300001308","appId":"8241201350","order":"P2025083005013740897902680","sign":"C62C59BEE9AFCC5E9F57F72460ED2A9A"}

【2025-08-30 05:08:54】
P2025083005013740897902680----返回：{"code":"000000","msg":"P2025083005013740897902680","data":{"date":"2025-08-30 05:01:40","eid":"E45756448202508300801esdT7Htn80O","amount":"60","name":"Susana Raquel Da Silva Barbosa","cpf":"15156489400","bankname":"null","payBank":"","payCpf":"","pixkey":"15156489400","account":"895581604","status":"done","order":"A20250830050137760876mKLJ5dvIz"},"sign":"3ED068BF5E3DB81DA4C91ACB03C3C959"}

【2025-08-30 05:22:30】
P2025083005090441344309302----提交：{"custId":"24120300001308","appId":"8241201350","order":"P2025083005090441344309302","sign":"CF2A6CC6F11CF82941CB920B19394E2D"}

【2025-08-30 05:22:30】
P2025083005090441344309302----返回：{"code":"000000","msg":"P2025083005090441344309302","data":{"date":"2025-08-30 05:09:07","eid":"E45756448202508300809YrOmk3S1DUS","amount":"32","name":"Jessica Franciele Moreira Dos Santos","cpf":"44425270835","bankname":"null","payBank":"","payCpf":"","pixkey":"jessika.franciele03@gmail.com","account":"51005638","status":"done","order":"A2025083005090471100714IxjeFLr"},"sign":"E85390F947351DFA9BA6C33A4941837E"}

【2025-08-30 05:22:33】
P2025083005090441344309302----提交：{"custId":"24120300001308","appId":"8241201350","order":"P2025083005090441344309302","sign":"CF2A6CC6F11CF82941CB920B19394E2D"}

【2025-08-30 05:22:33】
P2025083005090441344309302----返回：{"code":"000000","msg":"P2025083005090441344309302","data":{"date":"2025-08-30 05:09:07","eid":"E45756448202508300809YrOmk3S1DUS","amount":"32","name":"Jessica Franciele Moreira Dos Santos","cpf":"44425270835","bankname":"null","payBank":"","payCpf":"","pixkey":"jessika.franciele03@gmail.com","account":"51005638","status":"done","order":"A2025083005090471100714IxjeFLr"},"sign":"E85390F947351DFA9BA6C33A4941837E"}

【2025-08-30 05:22:33】
P2025083005090441344309302----提交：{"custId":"24120300001308","appId":"8241201350","order":"P2025083005090441344309302","sign":"CF2A6CC6F11CF82941CB920B19394E2D"}

【2025-08-30 05:22:33】
P2025083005090441344309302----返回：{"code":"000000","msg":"P2025083005090441344309302","data":{"date":"2025-08-30 05:09:07","eid":"E45756448202508300809YrOmk3S1DUS","amount":"32","name":"Jessica Franciele Moreira Dos Santos","cpf":"44425270835","bankname":"null","payBank":"","payCpf":"","pixkey":"jessika.franciele03@gmail.com","account":"51005638","status":"done","order":"A2025083005090471100714IxjeFLr"},"sign":"E85390F947351DFA9BA6C33A4941837E"}

【2025-08-30 05:26:04】
P2025083005055041150975054----提交：{"custId":"24120300001308","appId":"8241201350","order":"P2025083005055041150975054","sign":"B2993B2DB716ADE81631B89A3CE0B058"}

【2025-08-30 05:26:05】
P2025083005055041150975054----返回：{"code":"000000","msg":"P2025083005055041150975054","data":{"date":"2025-08-30 05:05:53","eid":"E45756448202508300805b4QkVKNmN0y","amount":"10","name":"Jessica Franciele Moreira Dos Santos","cpf":"44425270835","bankname":"null","payBank":"","payCpf":"","pixkey":"jessika.franciele03@gmail.com","account":"51005638","status":"done","order":"A20250830050550514019cYXFHcrTh"},"sign":"AD75D8715F81221A6D47926B7C36C8BA"}

【2025-08-30 05:26:07】
P2025083005055041150975054----提交：{"custId":"24120300001308","appId":"8241201350","order":"P2025083005055041150975054","sign":"B2993B2DB716ADE81631B89A3CE0B058"}

【2025-08-30 05:26:07】
P2025083005055041150975054----返回：{"code":"000000","msg":"P2025083005055041150975054","data":{"date":"2025-08-30 05:05:53","eid":"E45756448202508300805b4QkVKNmN0y","amount":"10","name":"Jessica Franciele Moreira Dos Santos","cpf":"44425270835","bankname":"null","payBank":"","payCpf":"","pixkey":"jessika.franciele03@gmail.com","account":"51005638","status":"done","order":"A20250830050550514019cYXFHcrTh"},"sign":"AD75D8715F81221A6D47926B7C36C8BA"}

【2025-08-30 05:26:07】
P2025083005055041150975054----提交：{"custId":"24120300001308","appId":"8241201350","order":"P2025083005055041150975054","sign":"B2993B2DB716ADE81631B89A3CE0B058"}

【2025-08-30 05:26:07】
P2025083005055041150975054----返回：{"code":"000000","msg":"P2025083005055041150975054","data":{"date":"2025-08-30 05:05:53","eid":"E45756448202508300805b4QkVKNmN0y","amount":"10","name":"Jessica Franciele Moreira Dos Santos","cpf":"44425270835","bankname":"null","payBank":"","payCpf":"","pixkey":"jessika.franciele03@gmail.com","account":"51005638","status":"done","order":"A20250830050550514019cYXFHcrTh"},"sign":"AD75D8715F81221A6D47926B7C36C8BA"}

【2025-08-30 05:32:08】
P2025083005152141721021756----提交：{"custId":"24120300001308","appId":"8241201350","order":"P2025083005152141721021756","sign":"A743536E73DA46B3835039C4D97DD84C"}

【2025-08-30 05:32:08】
P2025083005152141721021756----返回：{"code":"000000","msg":"P2025083005152141721021756","data":{"date":"2025-08-30 05:15:24","eid":"E45756448202508300815vNlfVuHXy0W","amount":"90","name":"Edvaldo Silva De Lima","cpf":"9874067799","bankname":"null","payBank":"","payCpf":"","pixkey":"62992284469","account":"1246246767","status":"done","order":"A20250830051521178136Gnv8avugx"},"sign":"AC17F851AC22E3D0CAA094286E738113"}

【2025-08-30 05:32:09】
P2025083005152141721021756----提交：{"custId":"24120300001308","appId":"8241201350","order":"P2025083005152141721021756","sign":"A743536E73DA46B3835039C4D97DD84C"}

【2025-08-30 05:32:09】
P2025083005152141721021756----返回：{"code":"000000","msg":"P2025083005152141721021756","data":{"date":"2025-08-30 05:15:24","eid":"E45756448202508300815vNlfVuHXy0W","amount":"90","name":"Edvaldo Silva De Lima","cpf":"9874067799","bankname":"null","payBank":"","payCpf":"","pixkey":"62992284469","account":"1246246767","status":"done","order":"A20250830051521178136Gnv8avugx"},"sign":"AC17F851AC22E3D0CAA094286E738113"}

【2025-08-30 05:35:50】
P2025083005170941829651680----提交：{"custId":"24120300001308","appId":"8241201350","order":"P2025083005170941829651680","sign":"83F4BF97B0B4119AD34B4B0D381A7696"}

【2025-08-30 05:35:50】
P2025083005170941829651680----返回：{"code":"000000","msg":"P2025083005170941829651680","data":{"date":"2025-08-30 05:17:12","eid":"E45756448202508300817kE3gRYWXDUK","amount":"100","name":"GLEICIANE DOS SANTOS MACEDO","cpf":"3149240271","bankname":"null","payBank":"","payCpf":"","pixkey":"macedogleyciany@gmail.com","account":"987747592","status":"done","order":"A20250830051709292375vuIh6SFq1"},"sign":"1A9AC6482065936C8D28DAAC6427460F"}

【2025-08-30 05:36:06】
P2025083005170941829651680----提交：{"custId":"24120300001308","appId":"8241201350","order":"P2025083005170941829651680","sign":"83F4BF97B0B4119AD34B4B0D381A7696"}

【2025-08-30 05:36:06】
P2025083005170941829651680----返回：{"code":"000000","msg":"P2025083005170941829651680","data":{"date":"2025-08-30 05:17:12","eid":"E45756448202508300817kE3gRYWXDUK","amount":"100","name":"GLEICIANE DOS SANTOS MACEDO","cpf":"3149240271","bankname":"null","payBank":"","payCpf":"","pixkey":"macedogleyciany@gmail.com","account":"987747592","status":"done","order":"A20250830051709292375vuIh6SFq1"},"sign":"1A9AC6482065936C8D28DAAC6427460F"}

【2025-08-30 05:45:05】
P2025083004320139121557600----提交：{"custId":"24120300001308","appId":"8241201350","order":"P2025083004320139121557600","sign":"BEA4CDF1B33939D9CE8BB51079B82455"}

【2025-08-30 05:45:05】
P2025083004320139121557600----返回：{"code":"000000","msg":"P2025083004320139121557600","data":{"date":"2025-08-30 04:32:04","eid":"E45756448202508300732leoS7Ie9AE6","amount":"20","name":"Simone Cremaco","cpf":"14185742797","bankname":"null","payBank":"","payCpf":"","pixkey":"14185742797","account":"267860935","status":"done","order":"A20250830043201931125ArkrVqcf5"},"sign":"3AA54592CBB2096BF0E541ACD4B079B1"}

【2025-08-30 05:45:07】
P2025083004320139121557600----提交：{"custId":"24120300001308","appId":"8241201350","order":"P2025083004320139121557600","sign":"BEA4CDF1B33939D9CE8BB51079B82455"}

【2025-08-30 05:45:07】
P2025083004320139121557600----返回：{"code":"000000","msg":"P2025083004320139121557600","data":{"date":"2025-08-30 04:32:04","eid":"E45756448202508300732leoS7Ie9AE6","amount":"20","name":"Simone Cremaco","cpf":"14185742797","bankname":"null","payBank":"","payCpf":"","pixkey":"14185742797","account":"267860935","status":"done","order":"A20250830043201931125ArkrVqcf5"},"sign":"3AA54592CBB2096BF0E541ACD4B079B1"}

【2025-08-30 05:45:47】
P2025083004533840418066051----提交：{"custId":"24120300001308","appId":"8241201350","order":"P2025083004533840418066051","sign":"453E034CB3133542B5F3E823A34FDA11"}

【2025-08-30 05:45:47】
P2025083004533840418066051----返回：{"code":"000000","msg":"P2025083004533840418066051","data":{"date":"2025-08-30 04:53:41","eid":"E45756448202508300753BTEp2S6pyEK","amount":"300","name":"EUZITA SANTOS DIAS","cpf":"12534566660","bankname":"null","payBank":"","payCpf":"","pixkey":"euzitasantos36@gmail.com","account":"333382714","status":"done","order":"A20250830045338780855fCFDU8QtE"},"sign":"34CCA2845E93A7D7FBF840CFA276A1CA"}

【2025-08-30 05:45:49】
P2025083004533840418066051----提交：{"custId":"24120300001308","appId":"8241201350","order":"P2025083004533840418066051","sign":"453E034CB3133542B5F3E823A34FDA11"}

【2025-08-30 05:45:49】
P2025083004533840418066051----返回：{"code":"000000","msg":"P2025083004533840418066051","data":{"date":"2025-08-30 04:53:41","eid":"E45756448202508300753BTEp2S6pyEK","amount":"300","name":"EUZITA SANTOS DIAS","cpf":"12534566660","bankname":"null","payBank":"","payCpf":"","pixkey":"euzitasantos36@gmail.com","account":"333382714","status":"done","order":"A20250830045338780855fCFDU8QtE"},"sign":"34CCA2845E93A7D7FBF840CFA276A1CA"}

【2025-08-30 05:52:26】
P2025083005203442034967872----提交：{"custId":"24120300001308","appId":"8241201350","order":"P2025083005203442034967872","sign":"7022B74B0C119F75B2EED1241095A716"}

【2025-08-30 05:52:26】
P2025083005203442034967872----返回：{"code":"000000","msg":"P2025083005203442034967872","data":{"date":"2025-08-30 05:20:36","eid":"E45756448202508300820a5vC05nuQka","amount":"836","name":"Alessandro Lins Dos Santos","cpf":"15109059608","bankname":"null","payBank":"","payCpf":"","pixkey":"15109059608","account":"42497175","status":"done","order":"A20250830052034833032Lnk4dxnbu"},"sign":"E170ADF246053A4A781C3B622E4A05D3"}

【2025-08-30 05:52:35】
P2025083005203442034967872----提交：{"custId":"24120300001308","appId":"8241201350","order":"P2025083005203442034967872","sign":"7022B74B0C119F75B2EED1241095A716"}

【2025-08-30 05:52:35】
P2025083005203442034967872----返回：{"code":"000000","msg":"P2025083005203442034967872","data":{"date":"2025-08-30 05:20:36","eid":"E45756448202508300820a5vC05nuQka","amount":"836","name":"Alessandro Lins Dos Santos","cpf":"15109059608","bankname":"null","payBank":"","payCpf":"","pixkey":"15109059608","account":"42497175","status":"done","order":"A20250830052034833032Lnk4dxnbu"},"sign":"E170ADF246053A4A781C3B622E4A05D3"}

【2025-08-30 05:58:49】
P2025083005172641846607569----提交：{"custId":"24120300001308","appId":"8241201350","order":"P2025083005172641846607569","sign":"E9867917095CB2CDEC19100B8FCB171B"}

【2025-08-30 05:58:49】
P2025083005172641846607569----返回：{"code":"000000","msg":"P2025083005172641846607569","data":{"date":"2025-08-30 05:17:29","eid":"E45756448202508300817JS4Nujfzd0i","amount":"100","name":"Joel Carlos Dos Santos","cpf":"14579431820","bankname":"null","payBank":"","payCpf":"","pixkey":"14996031035","account":"730595242","status":"done","order":"A20250830051726604134Iu5lh3LGB"},"sign":"898AB6A4F7A8EAF86C1ACCD1A81582B6"}

【2025-08-30 05:58:54】
P2025083005172641846607569----提交：{"custId":"24120300001308","appId":"8241201350","order":"P2025083005172641846607569","sign":"E9867917095CB2CDEC19100B8FCB171B"}

【2025-08-30 05:58:54】
P2025083005172641846607569----返回：{"code":"000000","msg":"P2025083005172641846607569","data":{"date":"2025-08-30 05:17:29","eid":"E45756448202508300817JS4Nujfzd0i","amount":"100","name":"Joel Carlos Dos Santos","cpf":"14579431820","bankname":"null","payBank":"","payCpf":"","pixkey":"14996031035","account":"730595242","status":"done","order":"A20250830051726604134Iu5lh3LGB"},"sign":"898AB6A4F7A8EAF86C1ACCD1A81582B6"}

