【2025-08-30 23:07:51】
P2025083022180303083234893----提交：{"custId":"24120300001308","appId":"8241201350","order":"P2025083022180303083234893","sign":"259F4340C757F64000BDD6748F9ACA73"}

【2025-08-30 23:07:51】
P2025083022180303083234893----返回：{"code":"000000","msg":"P2025083022180303083234893","data":{"date":"2025-08-30 22:18:06","eid":"E45756448202508310118zE6BYm7m1Ua","amount":"50","name":"EBSON DA SILVA CARNEIRO","cpf":"96455926234","bankname":"null","payBank":"","payCpf":"","pixkey":"96455926234","account":"140310","status":"done","order":"A20250830221803890039gMetEuTYc"},"sign":"C686329623997F6C5E475C8212E3550F"}

【2025-08-30 23:11:14】
P2025083022365104211327933----提交：{"custId":"24120300001308","appId":"8241201350","order":"P2025083022365104211327933","sign":"09268D75FA1FE4EE8BFFD45DA9C6D0CA"}

【2025-08-30 23:11:14】
P2025083022365104211327933----返回：{"code":"000000","msg":"P2025083022365104211327933","data":{"date":"2025-08-30 22:36:54","eid":"E45756448202508310136CaejRJBcD0S","amount":"44","name":"Lusmarilda Rodrigues dos Santos","cpf":"2777758174","bankname":"null","payBank":"","payCpf":"","pixkey":"Lusmarildarodrigues5@gmail.com","account":"603304646","status":"done","order":"A20250830223651037511GK1CzHqyT"},"sign":"C42AACE4313B60A73C13D5F5AE6CD161"}

【2025-08-30 23:11:17】
P2025083022365104211327933----提交：{"custId":"24120300001308","appId":"8241201350","order":"P2025083022365104211327933","sign":"09268D75FA1FE4EE8BFFD45DA9C6D0CA"}

【2025-08-30 23:11:17】
P2025083022365104211327933----返回：{"code":"000000","msg":"P2025083022365104211327933","data":{"date":"2025-08-30 22:36:54","eid":"E45756448202508310136CaejRJBcD0S","amount":"44","name":"Lusmarilda Rodrigues dos Santos","cpf":"2777758174","bankname":"null","payBank":"","payCpf":"","pixkey":"Lusmarildarodrigues5@gmail.com","account":"603304646","status":"done","order":"A20250830223651037511GK1CzHqyT"},"sign":"C42AACE4313B60A73C13D5F5AE6CD161"}

【2025-08-30 23:11:43】
P2025082508171420634473867----提交：{"custId":"24120300001308","appId":"8241201350","order":"P2025082508171420634473867","sign":"89B0E25CF4A7E88D240034A48F3F3F5D"}

【2025-08-30 23:11:43】
P2025082508171420634473867----返回：{"code":"000000","msg":"P2025082508171420634473867","data":{"date":"2025-08-25 08:17:17","eid":"E45756448202508251117E6yW3NLCmUW","amount":"20","name":"Beatriz Macário de Oliveira","cpf":"10239572564","bankname":"null","payBank":"","payCpf":"","pixkey":"+5573991131991","account":"8957384316","status":"done","order":"A20250825081714676682RGFxgitmB"},"sign":"7F45089893008FF3603C53A67F992CF0"}

【2025-08-30 23:26:53】
P2025083022180303083234893----提交：{"custId":"24120300001308","appId":"8241201350","order":"P2025083022180303083234893","sign":"259F4340C757F64000BDD6748F9ACA73"}

【2025-08-30 23:26:53】
P2025083022180303083234893----返回：{"code":"000000","msg":"P2025083022180303083234893","data":{"date":"2025-08-30 22:18:06","eid":"E45756448202508310118zE6BYm7m1Ua","amount":"50","name":"EBSON DA SILVA CARNEIRO","cpf":"96455926234","bankname":"null","payBank":"","payCpf":"","pixkey":"96455926234","account":"140310","status":"done","order":"A20250830221803890039gMetEuTYc"},"sign":"C686329623997F6C5E475C8212E3550F"}

