【2025-08-30 04:04:10】
P2025083004012437284605737----提交：{"custId":"24120300001308","appId":"8241201350","order":"P2025083004012437284605737","sign":"34B350134FD7682D4ED7BEA8BA28804C"}

【2025-08-30 04:04:10】
P2025083004012437284605737----返回：{"code":"000000","msg":"P2025083004012437284605737","data":{"date":"2025-08-30 04:01:27","eid":"E45756448202508300701lQbn8HGrpku","amount":"49.97","name":"YAN CARLO BARROSO LIMA","cpf":"8232328240","bankname":"null","payBank":"","payCpf":"","pixkey":"08232328240","account":"12880000009726041452","status":"done","order":"A20250830040124328665y4Eu5MABx"},"sign":"8A196A7D0D431AA38EDB478299EAD853"}

【2025-08-30 04:04:13】
P2025083004012437284605737----提交：{"custId":"24120300001308","appId":"8241201350","order":"P2025083004012437284605737","sign":"34B350134FD7682D4ED7BEA8BA28804C"}

【2025-08-30 04:04:13】
P2025083004012437284605737----返回：{"code":"000000","msg":"P2025083004012437284605737","data":{"date":"2025-08-30 04:01:27","eid":"E45756448202508300701lQbn8HGrpku","amount":"49.97","name":"YAN CARLO BARROSO LIMA","cpf":"8232328240","bankname":"null","payBank":"","payCpf":"","pixkey":"08232328240","account":"12880000009726041452","status":"done","order":"A20250830040124328665y4Eu5MABx"},"sign":"8A196A7D0D431AA38EDB478299EAD853"}

【2025-08-30 04:06:17】
P2025083004021737337807218----提交：{"custId":"24120300001308","appId":"8241201350","order":"P2025083004021737337807218","sign":"268C3714E727407DA796129AE5A9A540"}

【2025-08-30 04:06:17】
P2025083004021737337807218----返回：{"code":"000000","msg":"P2025083004021737337807218","data":{"date":"2025-08-30 04:02:20","eid":"E457564482025083007026fsiXudLZUm","amount":"20","name":"NICOLAS SILVA FONSECA","cpf":"4529611060","bankname":"null","payBank":"","payCpf":"","pixkey":"51997380864","account":"1158528736","status":"done","order":"A20250830040217718910SjhRKQgM3"},"sign":"6F6DE68C51D7EDD3F46461D115067C65"}

【2025-08-30 04:06:19】
P2025083004021737337807218----提交：{"custId":"24120300001308","appId":"8241201350","order":"P2025083004021737337807218","sign":"268C3714E727407DA796129AE5A9A540"}

【2025-08-30 04:06:19】
P2025083004021737337807218----返回：{"code":"000000","msg":"P2025083004021737337807218","data":{"date":"2025-08-30 04:02:20","eid":"E457564482025083007026fsiXudLZUm","amount":"20","name":"NICOLAS SILVA FONSECA","cpf":"4529611060","bankname":"null","payBank":"","payCpf":"","pixkey":"51997380864","account":"1158528736","status":"done","order":"A20250830040217718910SjhRKQgM3"},"sign":"6F6DE68C51D7EDD3F46461D115067C65"}

【2025-08-30 04:08:37】
P2025083004024737367966717----提交：{"custId":"24120300001308","appId":"8241201350","order":"P2025083004024737367966717","sign":"DD1896CDD9012A8301D0D5CB4E081CC3"}

【2025-08-30 04:08:37】
P2025083004024737367966717----返回：{"code":"000000","msg":"P2025083004024737367966717","data":{"date":"2025-08-30 04:03:16","eid":"E45756448202508300702XxInDwQm5Ui","amount":"130","name":"Hermesson Dos Santos Almeida","cpf":"3190529230","bankname":"null","payBank":"","payCpf":"","pixkey":"03190529230","account":"220515972","status":"done","order":"A20250830040247985913krusi4hpg"},"sign":"D67FD75B31012A605CFE5EAB11FF2E58"}

【2025-08-30 04:12:14】
P2025083004021737337618141----提交：{"custId":"24120300001308","appId":"8241201350","order":"P2025083004021737337618141","sign":"C8ECA7FDB08EAD9F817182A0965EF44D"}

【2025-08-30 04:12:14】
P2025083004021737337618141----返回：{"code":"000000","msg":"P2025083004021737337618141","data":{"date":"2025-08-30 04:02:20","eid":"E45756448202508300702AkemeuXGO0K","amount":"50","name":"Erick Fernando Moreira Leopoldo","cpf":"9006377732","bankname":"null","payBank":"","payCpf":"","pixkey":"09006377732","account":"646352067","status":"done","order":"A20250830040218222437TyI57mULQ"},"sign":"6BE09A6E55BC0899392C11C0528B3874"}

【2025-08-30 04:12:19】
P2025083004021737337618141----提交：{"custId":"24120300001308","appId":"8241201350","order":"P2025083004021737337618141","sign":"C8ECA7FDB08EAD9F817182A0965EF44D"}

【2025-08-30 04:12:19】
P2025083004021737337618141----返回：{"code":"000000","msg":"P2025083004021737337618141","data":{"date":"2025-08-30 04:02:20","eid":"E45756448202508300702AkemeuXGO0K","amount":"50","name":"Erick Fernando Moreira Leopoldo","cpf":"9006377732","bankname":"null","payBank":"","payCpf":"","pixkey":"09006377732","account":"646352067","status":"done","order":"A20250830040218222437TyI57mULQ"},"sign":"6BE09A6E55BC0899392C11C0528B3874"}

【2025-08-30 04:12:57】
P2025083003250835108816313----提交：{"custId":"24120300001308","appId":"8241201350","order":"P2025083003250835108816313","sign":"3E667079B6A406E7D99190C7FAA6B960"}

【2025-08-30 04:12:58】
P2025083003250835108816313----返回：{"code":"000000","msg":"P2025083003250835108816313","data":{"date":"2025-08-30 03:25:11","eid":"E357134912025083006250924383991b","amount":"45","name":"TEREZA CRISTINA DA ROCHA SILVA","cpf":"45707626468","bankname":"NOVABET OFICIAL","payBank":"","payCpf":"","pixkey":"45707626468","account":"00416968","status":"done","order":"A20250830032508649088be5vC6xSG"},"sign":"F0977DF942A6A5C27F0884C748236DE8"}

【2025-08-30 04:13:03】
P2025083003250835108816313----提交：{"custId":"24120300001308","appId":"8241201350","order":"P2025083003250835108816313","sign":"3E667079B6A406E7D99190C7FAA6B960"}

【2025-08-30 04:13:03】
P2025083003250835108816313----返回：{"code":"000000","msg":"P2025083003250835108816313","data":{"date":"2025-08-30 03:25:11","eid":"E357134912025083006250924383991b","amount":"45","name":"TEREZA CRISTINA DA ROCHA SILVA","cpf":"45707626468","bankname":"NOVABET OFICIAL","payBank":"","payCpf":"","pixkey":"45707626468","account":"00416968","status":"done","order":"A20250830032508649088be5vC6xSG"},"sign":"F0977DF942A6A5C27F0884C748236DE8"}

【2025-08-30 04:14:30】
P2025083004044037480638262----提交：{"custId":"24120300001308","appId":"8241201350","order":"P2025083004044037480638262","sign":"2F407FB299E7D74DC623E9EF9950EE73"}

【2025-08-30 04:14:30】
P2025083004044037480638262----返回：{"code":"000000","msg":"P2025083004044037480638262","data":{"date":"2025-08-30 04:06:05","eid":"E45756448202508300706nBcl4TTvrUi","amount":"8000","name":"MARIA DAS GRACAS BEZERRA DA SILVA","cpf":"4338670355","bankname":"null","payBank":"","payCpf":"","pixkey":"04338670355","account":"932438300","status":"done","order":"A20250830040601965938JusxSv8Sh"},"sign":"4400EAA4AAEF410D95A4B7886287285E"}

【2025-08-30 04:14:32】
P2025083004044037480638262----提交：{"custId":"24120300001308","appId":"8241201350","order":"P2025083004044037480638262","sign":"2F407FB299E7D74DC623E9EF9950EE73"}

【2025-08-30 04:14:32】
P2025083004044037480638262----返回：{"code":"000000","msg":"P2025083004044037480638262","data":{"date":"2025-08-30 04:06:05","eid":"E45756448202508300706nBcl4TTvrUi","amount":"8000","name":"MARIA DAS GRACAS BEZERRA DA SILVA","cpf":"4338670355","bankname":"null","payBank":"","payCpf":"","pixkey":"04338670355","account":"932438300","status":"done","order":"A20250830040601965938JusxSv8Sh"},"sign":"4400EAA4AAEF410D95A4B7886287285E"}

【2025-08-30 04:15:53】
P2025083004010537265683228----提交：{"custId":"24120300001308","appId":"8241201350","order":"P2025083004010537265683228","sign":"A1566B0E59F7D15E15CD1DEF74B2842D"}

【2025-08-30 04:15:53】
P2025083004010537265683228----返回：{"code":"000000","msg":"P2025083004010537265683228","data":{"date":"2025-08-30 04:01:31","eid":"E457564482025083007013TG5uJTGoEC","amount":"25","name":"Vanderli Domingos Da Silva Lima","cpf":"14325987401","bankname":"null","payBank":"","payCpf":"","pixkey":"14325987401","account":"529374692","status":"done","order":"A202508300401058077751wCI4l1BD"},"sign":"983B1F380DE47E58A0C0EA40E9922DD8"}

【2025-08-30 04:16:08】
P2025083004010537265683228----提交：{"custId":"24120300001308","appId":"8241201350","order":"P2025083004010537265683228","sign":"A1566B0E59F7D15E15CD1DEF74B2842D"}

【2025-08-30 04:16:08】
P2025083004010537265683228----返回：{"code":"000000","msg":"P2025083004010537265683228","data":{"date":"2025-08-30 04:01:31","eid":"E457564482025083007013TG5uJTGoEC","amount":"25","name":"Vanderli Domingos Da Silva Lima","cpf":"14325987401","bankname":"null","payBank":"","payCpf":"","pixkey":"14325987401","account":"529374692","status":"done","order":"A202508300401058077751wCI4l1BD"},"sign":"983B1F380DE47E58A0C0EA40E9922DD8"}

【2025-08-30 04:19:03】
P2025082820292923769094137----提交：{"custId":"24120300001308","appId":"8241201350","order":"P2025082820292923769094137","sign":"C8AF02967AF33776A2F5CB9BDFA07739"}

【2025-08-30 04:19:03】
P2025082820292923769094137----返回：{"code":"000000","msg":"P2025082820292923769094137","data":{"date":"2025-08-28 20:29:33","eid":"E35713491202508282329307089c0558","amount":"33","name":"EVELYN PRISCILA ANDRADE JORGE","cpf":"43982742862","bankname":"NOVABET OFICIAL","payBank":"","payCpf":"","pixkey":"43982742862","account":"22896431","status":"done","order":"A20250828202930372273qLJIThhml"},"sign":"7023C65AA0260312F76C13E21F373B71"}

【2025-08-30 04:19:08】
P2025082820292923769094137----提交：{"custId":"24120300001308","appId":"8241201350","order":"P2025082820292923769094137","sign":"C8AF02967AF33776A2F5CB9BDFA07739"}

【2025-08-30 04:19:08】
P2025082820292923769094137----返回：{"code":"000000","msg":"P2025082820292923769094137","data":{"date":"2025-08-28 20:29:33","eid":"E35713491202508282329307089c0558","amount":"33","name":"EVELYN PRISCILA ANDRADE JORGE","cpf":"43982742862","bankname":"NOVABET OFICIAL","payBank":"","payCpf":"","pixkey":"43982742862","account":"22896431","status":"done","order":"A20250828202930372273qLJIThhml"},"sign":"7023C65AA0260312F76C13E21F373B71"}

【2025-08-30 04:22:40】
P2025083004180438284222521----提交：{"custId":"24120300001308","appId":"8241201350","order":"P2025083004180438284222521","sign":"CAF9D675C37AE03F8EF74FE2C9B557C2"}

【2025-08-30 04:22:40】
P2025083004180438284222521----返回：{"code":"000000","msg":"P2025083004180438284222521","data":{"date":"2025-08-30 04:18:07","eid":"E45756448202508300718LkU7RrOd0O0","amount":"68.14","name":"LUCAS GABRIEL DA SILVA CUNHA CHAVES","cpf":"57026362879","bankname":"null","payBank":"","payCpf":"","pixkey":"57026362879","account":"1155791444","status":"done","order":"A20250830041804256136ecq86Ny7F"},"sign":"B1F51F9B98E4F805B79D70CBC49BD908"}

【2025-08-30 04:22:42】
P2025083004180438284222521----提交：{"custId":"24120300001308","appId":"8241201350","order":"P2025083004180438284222521","sign":"CAF9D675C37AE03F8EF74FE2C9B557C2"}

【2025-08-30 04:22:42】
P2025083004180438284222521----返回：{"code":"000000","msg":"P2025083004180438284222521","data":{"date":"2025-08-30 04:18:07","eid":"E45756448202508300718LkU7RrOd0O0","amount":"68.14","name":"LUCAS GABRIEL DA SILVA CUNHA CHAVES","cpf":"57026362879","bankname":"null","payBank":"","payCpf":"","pixkey":"57026362879","account":"1155791444","status":"done","order":"A20250830041804256136ecq86Ny7F"},"sign":"B1F51F9B98E4F805B79D70CBC49BD908"}

【2025-08-30 04:24:10】
P2025083004010537265683228----提交：{"custId":"24120300001308","appId":"8241201350","order":"P2025083004010537265683228","sign":"A1566B0E59F7D15E15CD1DEF74B2842D"}

【2025-08-30 04:24:10】
P2025083004010537265683228----返回：{"code":"000000","msg":"P2025083004010537265683228","data":{"date":"2025-08-30 04:01:31","eid":"E457564482025083007013TG5uJTGoEC","amount":"25","name":"Vanderli Domingos Da Silva Lima","cpf":"14325987401","bankname":"null","payBank":"","payCpf":"","pixkey":"14325987401","account":"529374692","status":"done","order":"A202508300401058077751wCI4l1BD"},"sign":"983B1F380DE47E58A0C0EA40E9922DD8"}

【2025-08-30 04:24:15】
P2025083004192638366042117----提交：{"custId":"24120300001308","appId":"8241201350","order":"P2025083004192638366042117","sign":"4F8F09AFDF3243F47E9C5CCED30D0C5C"}

【2025-08-30 04:24:15】
P2025083004192638366042117----返回：{"code":"000000","msg":"P2025083004192638366042117","data":{"date":"2025-08-30 04:19:29","eid":"E45756448202508300719D7jlwjlCkQD","amount":"70","name":"Camilly Emanuele Oliveira Silva","cpf":"59615072893","bankname":"null","payBank":"","payCpf":"","pixkey":"59615072893","account":"1221008730","status":"done","order":"A20250830041926802731SdzDd5Atp"},"sign":"F5BCE27229D258A81C66F4D662C61C0D"}

【2025-08-30 04:24:18】
P2025083004192638366042117----提交：{"custId":"24120300001308","appId":"8241201350","order":"P2025083004192638366042117","sign":"4F8F09AFDF3243F47E9C5CCED30D0C5C"}

【2025-08-30 04:24:18】
P2025083004192638366042117----返回：{"code":"000000","msg":"P2025083004192638366042117","data":{"date":"2025-08-30 04:19:29","eid":"E45756448202508300719D7jlwjlCkQD","amount":"70","name":"Camilly Emanuele Oliveira Silva","cpf":"59615072893","bankname":"null","payBank":"","payCpf":"","pixkey":"59615072893","account":"1221008730","status":"done","order":"A20250830041926802731SdzDd5Atp"},"sign":"F5BCE27229D258A81C66F4D662C61C0D"}

【2025-08-30 04:26:55】
P2025083004023137351035306----提交：{"custId":"24120300001308","appId":"8241201350","order":"P2025083004023137351035306","sign":"8CB34DDC6AA1D1DD8C0DB76374EBEA82"}

【2025-08-30 04:26:55】
P2025083004023137351035306----返回：{"code":"000000","msg":"P2025083004023137351035306","data":{"date":"2025-08-30 04:02:34","eid":"E45756448202508300702LxdfMOYIEU2","amount":"150","name":"JOAO VICTOR RODRIGUES DE LIMA","cpf":"22036319700","bankname":"null","payBank":"","payCpf":"","pixkey":"22036319700","account":"1000345866","status":"done","order":"A20250830040231709446gTeN89TWj"},"sign":"1E8593A376E3492D83816840A310DAAD"}

【2025-08-30 04:26:57】
P2025083004023137351035306----提交：{"custId":"24120300001308","appId":"8241201350","order":"P2025083004023137351035306","sign":"8CB34DDC6AA1D1DD8C0DB76374EBEA82"}

【2025-08-30 04:26:57】
P2025083004023137351035306----返回：{"code":"000000","msg":"P2025083004023137351035306","data":{"date":"2025-08-30 04:02:34","eid":"E45756448202508300702LxdfMOYIEU2","amount":"150","name":"JOAO VICTOR RODRIGUES DE LIMA","cpf":"22036319700","bankname":"null","payBank":"","payCpf":"","pixkey":"22036319700","account":"1000345866","status":"done","order":"A20250830040231709446gTeN89TWj"},"sign":"1E8593A376E3492D83816840A310DAAD"}

【2025-08-30 04:29:00】
P2025083004254638746451228----提交：{"custId":"24120300001308","appId":"8241201350","order":"P2025083004254638746451228","sign":"E8826D3BF631ADDF2CAE9B690C0599B7"}

【2025-08-30 04:29:00】
P2025083004254638746451228----返回：{"code":"000000","msg":"P2025083004254638746451228","data":{"date":"2025-08-30 04:25:49","eid":"E457564482025083007252i5hdgdM1EH","amount":"30","name":"JIPLEZE ATANASIO LIMA","cpf":"6142349564","bankname":"null","payBank":"","payCpf":"","pixkey":"73981311003","account":"1149688041","status":"done","order":"A20250830042546954852QCw2guKhq"},"sign":"E8E882047E9C776121A49D1F5F472DC2"}

【2025-08-30 04:29:01】
P2025083004254638746451228----提交：{"custId":"24120300001308","appId":"8241201350","order":"P2025083004254638746451228","sign":"E8826D3BF631ADDF2CAE9B690C0599B7"}

【2025-08-30 04:29:01】
P2025083004254638746451228----返回：{"code":"000000","msg":"P2025083004254638746451228","data":{"date":"2025-08-30 04:25:49","eid":"E457564482025083007252i5hdgdM1EH","amount":"30","name":"JIPLEZE ATANASIO LIMA","cpf":"6142349564","bankname":"null","payBank":"","payCpf":"","pixkey":"73981311003","account":"1149688041","status":"done","order":"A20250830042546954852QCw2guKhq"},"sign":"E8E882047E9C776121A49D1F5F472DC2"}

【2025-08-30 04:30:42】
P2025083004191138351128824----提交：{"custId":"24120300001308","appId":"8241201350","order":"P2025083004191138351128824","sign":"E769F75F9B36C8E38F3FB1082F3E6F77"}

【2025-08-30 04:30:42】
P2025083004191138351128824----返回：{"code":"000000","msg":"P2025083004191138351128824","data":{"date":"2025-08-30 04:19:14","eid":"E45756448202508300719Ag9uwBntxUC","amount":"15","name":"Daniele Xavier De Araujo","cpf":"9179012744","bankname":"null","payBank":"","payCpf":"","pixkey":"09179012744","account":"206828799","status":"done","order":"A20250830041911302064kKBJBwUgy"},"sign":"A3357ECB73285ADCDA353301CDA00F75"}

【2025-08-30 04:30:44】
P2025083004191138351128824----提交：{"custId":"24120300001308","appId":"8241201350","order":"P2025083004191138351128824","sign":"E769F75F9B36C8E38F3FB1082F3E6F77"}

【2025-08-30 04:30:44】
P2025083004191138351128824----返回：{"code":"000000","msg":"P2025083004191138351128824","data":{"date":"2025-08-30 04:19:14","eid":"E45756448202508300719Ag9uwBntxUC","amount":"15","name":"Daniele Xavier De Araujo","cpf":"9179012744","bankname":"null","payBank":"","payCpf":"","pixkey":"09179012744","account":"206828799","status":"done","order":"A20250830041911302064kKBJBwUgy"},"sign":"A3357ECB73285ADCDA353301CDA00F75"}

【2025-08-30 04:35:44】
P2025083004253138731636003----提交：{"custId":"24120300001308","appId":"8241201350","order":"P2025083004253138731636003","sign":"3EA20EDF44E7606C9AE075DF9A48DFF9"}

【2025-08-30 04:35:44】
P2025083004253138731636003----返回：{"code":"000000","msg":"P2025083004253138731636003","data":{"date":"2025-08-30 04:25:33","eid":"E4575644820250830072546m5JJQY0C5","amount":"400","name":"EDIPO WANDERLEI RODRIGUES GOMES","cpf":"83839275091","bankname":"null","payBank":"","payCpf":"","pixkey":"83839275091","account":"992634946","status":"done","order":"A20250830042531456579KaNCPatuQ"},"sign":"DEDE0104C8A8C20273CFDB2EA0461CF6"}

【2025-08-30 04:35:45】
P2025083004253138731636003----提交：{"custId":"24120300001308","appId":"8241201350","order":"P2025083004253138731636003","sign":"3EA20EDF44E7606C9AE075DF9A48DFF9"}

【2025-08-30 04:35:45】
P2025083004253138731636003----返回：{"code":"000000","msg":"P2025083004253138731636003","data":{"date":"2025-08-30 04:25:33","eid":"E4575644820250830072546m5JJQY0C5","amount":"400","name":"EDIPO WANDERLEI RODRIGUES GOMES","cpf":"83839275091","bankname":"null","payBank":"","payCpf":"","pixkey":"83839275091","account":"992634946","status":"done","order":"A20250830042531456579KaNCPatuQ"},"sign":"DEDE0104C8A8C20273CFDB2EA0461CF6"}

【2025-08-30 04:36:35】
P2025083004300739007272829----提交：{"custId":"24120300001308","appId":"8241201350","order":"P2025083004300739007272829","sign":"326E946B47B0F9BDD1388A4288DA8944"}

【2025-08-30 04:36:35】
P2025083004300739007272829----返回：{"code":"000000","msg":"P2025083004300739007272829","data":{"date":"2025-08-30 04:30:10","eid":"E45756448202508300730KCxBUJ2kkub","amount":"40","name":"MULLER TIAGO BORTOLOTO","cpf":"36479263880","bankname":"null","payBank":"","payCpf":"","pixkey":"17996084141","account":"1013478460","status":"done","order":"A202508300430071926556ubNfH2pS"},"sign":"30242BCAB6DDF2A6847EF214E817BC8C"}

【2025-08-30 04:36:38】
P2025083004300739007272829----提交：{"custId":"24120300001308","appId":"8241201350","order":"P2025083004300739007272829","sign":"326E946B47B0F9BDD1388A4288DA8944"}

【2025-08-30 04:36:38】
P2025083004300739007272829----返回：{"code":"000000","msg":"P2025083004300739007272829","data":{"date":"2025-08-30 04:30:10","eid":"E45756448202508300730KCxBUJ2kkub","amount":"40","name":"MULLER TIAGO BORTOLOTO","cpf":"36479263880","bankname":"null","payBank":"","payCpf":"","pixkey":"17996084141","account":"1013478460","status":"done","order":"A202508300430071926556ubNfH2pS"},"sign":"30242BCAB6DDF2A6847EF214E817BC8C"}

【2025-08-30 04:39:58】
P2025083004180438284222521----提交：{"custId":"24120300001308","appId":"8241201350","order":"P2025083004180438284222521","sign":"CAF9D675C37AE03F8EF74FE2C9B557C2"}

【2025-08-30 04:39:58】
P2025083004180438284222521----返回：{"code":"000000","msg":"P2025083004180438284222521","data":{"date":"2025-08-30 04:18:07","eid":"E45756448202508300718LkU7RrOd0O0","amount":"68.14","name":"LUCAS GABRIEL DA SILVA CUNHA CHAVES","cpf":"57026362879","bankname":"null","payBank":"","payCpf":"","pixkey":"57026362879","account":"1155791444","status":"done","order":"A20250830041804256136ecq86Ny7F"},"sign":"B1F51F9B98E4F805B79D70CBC49BD908"}

【2025-08-30 04:41:00】
P2025083004111837878031699----提交：{"custId":"24120300001308","appId":"8241201350","order":"P2025083004111837878031699","sign":"939C4B7AD97152E570D30DB387972316"}

【2025-08-30 04:41:00】
P2025083004111837878031699----返回：{"code":"000000","msg":"P2025083004111837878031699","data":{"date":"2025-08-30 04:11:21","eid":"E45756448202508300711XDR0RAiK9kq","amount":"200","name":"RITA DE CASSIA CAMILO ALEXANDRE","cpf":"11319382754","bankname":"null","payBank":"","payCpf":"","pixkey":"ritaalexandre612@gmail.com","account":"1054263361","status":"done","order":"A20250830041118478352l1gPA49lb"},"sign":"512DD8D410F13C66CD2F1106B5EC00BE"}

【2025-08-30 04:41:02】
P2025083004111837878031699----提交：{"custId":"24120300001308","appId":"8241201350","order":"P2025083004111837878031699","sign":"939C4B7AD97152E570D30DB387972316"}

【2025-08-30 04:41:02】
P2025083004111837878031699----返回：{"code":"000000","msg":"P2025083004111837878031699","data":{"date":"2025-08-30 04:11:21","eid":"E45756448202508300711XDR0RAiK9kq","amount":"200","name":"RITA DE CASSIA CAMILO ALEXANDRE","cpf":"11319382754","bankname":"null","payBank":"","payCpf":"","pixkey":"ritaalexandre612@gmail.com","account":"1054263361","status":"done","order":"A20250830041118478352l1gPA49lb"},"sign":"512DD8D410F13C66CD2F1106B5EC00BE"}

【2025-08-30 04:48:03】
P2025083004233138611798860----提交：{"custId":"24120300001308","appId":"8241201350","order":"P2025083004233138611798860","sign":"4807A2E647EB5EA1C2335586BAC84DBE"}

【2025-08-30 04:48:03】
P2025083004233138611798860----返回：{"code":"000000","msg":"P2025083004233138611798860","data":{"date":"2025-08-30 04:23:34","eid":"E45756448202508300723WIAZeIGJ60C","amount":"50","name":"MATHEUS HENRIQUE DE OLIVEIRA CARVALHO","cpf":"55061128826","bankname":"null","payBank":"","payCpf":"","pixkey":"11965026432","account":"1039914330","status":"done","order":"A20250830042332265865BA6aiPeG7"},"sign":"DC989E660F0497FA3A324319C936125C"}

【2025-08-30 04:48:05】
P2025083004233138611798860----提交：{"custId":"24120300001308","appId":"8241201350","order":"P2025083004233138611798860","sign":"4807A2E647EB5EA1C2335586BAC84DBE"}

【2025-08-30 04:48:05】
P2025083004233138611798860----返回：{"code":"000000","msg":"P2025083004233138611798860","data":{"date":"2025-08-30 04:23:34","eid":"E45756448202508300723WIAZeIGJ60C","amount":"50","name":"MATHEUS HENRIQUE DE OLIVEIRA CARVALHO","cpf":"55061128826","bankname":"null","payBank":"","payCpf":"","pixkey":"11965026432","account":"1039914330","status":"done","order":"A20250830042332265865BA6aiPeG7"},"sign":"DC989E660F0497FA3A324319C936125C"}

【2025-08-30 04:48:08】
P2025083004233138611387972----提交：{"custId":"24120300001308","appId":"8241201350","order":"P2025083004233138611387972","sign":"559AC03C69F21F81080C9AA2701BE066"}

【2025-08-30 04:48:08】
P2025083004233138611387972----返回：{"code":"000000","msg":"P2025083004233138611387972","data":{"date":"2025-08-30 04:23:34","eid":"E45756448202508300723e8UR7WAMUUO","amount":"200","name":"Izaque Ferreira Borges","cpf":"47194983885","bankname":"null","payBank":"","payCpf":"","pixkey":"47194983885","account":"211722774","status":"done","order":"A20250830042331850664tVW63Avae"},"sign":"DB4BE1B106EBEB989D540DE276265B57"}

【2025-08-30 04:48:09】
P2025083004233138611387972----提交：{"custId":"24120300001308","appId":"8241201350","order":"P2025083004233138611387972","sign":"559AC03C69F21F81080C9AA2701BE066"}

【2025-08-30 04:48:09】
P2025083004233138611387972----返回：{"code":"000000","msg":"P2025083004233138611387972","data":{"date":"2025-08-30 04:23:34","eid":"E45756448202508300723e8UR7WAMUUO","amount":"200","name":"Izaque Ferreira Borges","cpf":"47194983885","bankname":"null","payBank":"","payCpf":"","pixkey":"47194983885","account":"211722774","status":"done","order":"A20250830042331850664tVW63Avae"},"sign":"DB4BE1B106EBEB989D540DE276265B57"}

【2025-08-30 04:59:36】
P2025083004361839378538014----提交：{"custId":"24120300001308","appId":"8241201350","order":"P2025083004361839378538014","sign":"28EE96C8C0E64F9076047A32C1EA081F"}

【2025-08-30 04:59:36】
P2025083004361839378538014----返回：{"code":"000000","msg":"P2025083004361839378538014","data":{"date":"2025-08-30 04:36:21","eid":"E45756448202508300736SxwCXvzUmE6","amount":"30","name":"MARCELO DO REGO","cpf":"31169863809","bankname":"null","payBank":"","payCpf":"","pixkey":"31169863809","account":"1095982818","status":"done","order":"A20250830043618599330GqInEVEQM"},"sign":"AB6A50B14B09E2F92096E1E12C561A2A"}

【2025-08-30 04:59:44】
P2025083004330439184978028----提交：{"custId":"24120300001308","appId":"8241201350","order":"P2025083004330439184978028","sign":"17866EA4CF9B4AF14E8F7EA86DE74135"}

【2025-08-30 04:59:44】
P2025083004330439184978028----返回：{"code":"000000","msg":"P2025083004330439184978028","data":{"date":"2025-08-30 04:33:07","eid":"E45756448202508300733O6WWbcrvUO7","amount":"20","name":"Marcelo do Rego","cpf":"31169863809","bankname":"null","payBank":"","payCpf":"","pixkey":"14998448276","account":"3499266087","status":"done","order":"A20250830043304339775PssGU7QDV"},"sign":"3935B34BF084C6A90D491D3853B0C944"}

