【2025-08-30 17:23:51】
P2025081716253358733065612----提交：{"custId":"24120300001308","appId":"8241201350","order":"P2025081716253358733065612","sign":"23E2BE449D2DC990A3BDF9EC8C3F387F"}

【2025-08-30 17:23:51】
P2025081716253358733065612----返回：{"code":"000000","msg":"P2025081716253358733065612","data":{"date":"2025-08-17 16:25:35","eid":"E372054472025081719253397019e581","amount":"300","name":"Alírio Carlos Gomes de Oliveira","cpf":"05497314660","bankname":"ORBION GAMING LTDA","payBank":"","payCpf":"","pixkey":"05497314660","account":"18236120","status":"done","order":"A20250817162533366323QCrAbPaXi"},"sign":"508C528EA8C7AF2604E65122D2CFC079"}

【2025-08-30 17:24:02】
P2025081716253358733065612----提交：{"custId":"24120300001308","appId":"8241201350","order":"P2025081716253358733065612","sign":"23E2BE449D2DC990A3BDF9EC8C3F387F"}

【2025-08-30 17:24:02】
P2025081716253358733065612----返回：{"code":"000000","msg":"P2025081716253358733065612","data":{"date":"2025-08-17 16:25:35","eid":"E372054472025081719253397019e581","amount":"300","name":"Alírio Carlos Gomes de Oliveira","cpf":"05497314660","bankname":"ORBION GAMING LTDA","payBank":"","payCpf":"","pixkey":"05497314660","account":"18236120","status":"done","order":"A20250817162533366323QCrAbPaXi"},"sign":"508C528EA8C7AF2604E65122D2CFC079"}

【2025-08-30 17:25:44】
P2025083017004684046757215----提交：{"custId":"24120300001308","appId":"8241201350","order":"P2025083017004684046757215","sign":"6C09D09AB0C2EEA9D9EC7FFAFEE15B18"}

【2025-08-30 17:25:44】
P2025083017004684046757215----返回：{"code":"000000","msg":"P2025083017004684046757215","data":{"date":"2025-08-30 17:00:49","eid":"E45756448202508302000NfDOdutsQUq","amount":"10","name":"Ana Cláudia de Souza Monteiro","cpf":"40005529883","bankname":"null","payBank":"","payCpf":"","pixkey":"40005529883","account":"5147707604","status":"done","order":"A20250830170046720259dI62xVGef"},"sign":"DD2BF575BACEFDD94AA03AB47314A0E9"}

【2025-08-30 17:25:53】
P2025083016531583595217534----提交：{"custId":"24120300001308","appId":"8241201350","order":"P2025083016531583595217534","sign":"109CB341EC3F71F8F864D16858BA60F9"}

【2025-08-30 17:25:53】
P2025083016531583595217534----返回：{"code":"000000","msg":"P2025083016531583595217534","data":{"date":"2025-08-30 16:53:17","eid":"E45756448202508301953r8Qxa4zmUOn","amount":"60","name":"Ana Cláudia de Souza Monteiro","cpf":"40005529883","bankname":"null","payBank":"","payCpf":"","pixkey":"40005529883","account":"5147707604","status":"done","order":"A202508301653167542697VKw7DYck"},"sign":"2EFE305B3F1AF2D6F27127A13B3C862C"}

【2025-08-30 17:25:55】
P2025083017004684046757215----提交：{"custId":"24120300001308","appId":"8241201350","order":"P2025083017004684046757215","sign":"6C09D09AB0C2EEA9D9EC7FFAFEE15B18"}

【2025-08-30 17:25:55】
P2025083017004684046757215----返回：{"code":"000000","msg":"P2025083017004684046757215","data":{"date":"2025-08-30 17:00:49","eid":"E45756448202508302000NfDOdutsQUq","amount":"10","name":"Ana Cláudia de Souza Monteiro","cpf":"40005529883","bankname":"null","payBank":"","payCpf":"","pixkey":"40005529883","account":"5147707604","status":"done","order":"A20250830170046720259dI62xVGef"},"sign":"DD2BF575BACEFDD94AA03AB47314A0E9"}

【2025-08-30 17:26:02】
P2025083016531583595217534----提交：{"custId":"24120300001308","appId":"8241201350","order":"P2025083016531583595217534","sign":"109CB341EC3F71F8F864D16858BA60F9"}

【2025-08-30 17:26:02】
P2025083016531583595217534----返回：{"code":"000000","msg":"P2025083016531583595217534","data":{"date":"2025-08-30 16:53:17","eid":"E45756448202508301953r8Qxa4zmUOn","amount":"60","name":"Ana Cláudia de Souza Monteiro","cpf":"40005529883","bankname":"null","payBank":"","payCpf":"","pixkey":"40005529883","account":"5147707604","status":"done","order":"A202508301653167542697VKw7DYck"},"sign":"2EFE305B3F1AF2D6F27127A13B3C862C"}

【2025-08-30 17:26:25】
P2025083017004684046757215----提交：{"custId":"24120300001308","appId":"8241201350","order":"P2025083017004684046757215","sign":"6C09D09AB0C2EEA9D9EC7FFAFEE15B18"}

【2025-08-30 17:26:25】
P2025083017004684046757215----返回：{"code":"000000","msg":"P2025083017004684046757215","data":{"date":"2025-08-30 17:00:49","eid":"E45756448202508302000NfDOdutsQUq","amount":"10","name":"Ana Cláudia de Souza Monteiro","cpf":"40005529883","bankname":"null","payBank":"","payCpf":"","pixkey":"40005529883","account":"5147707604","status":"done","order":"A20250830170046720259dI62xVGef"},"sign":"DD2BF575BACEFDD94AA03AB47314A0E9"}

【2025-08-30 17:26:31】
P2025083016531583595217534----提交：{"custId":"24120300001308","appId":"8241201350","order":"P2025083016531583595217534","sign":"109CB341EC3F71F8F864D16858BA60F9"}

【2025-08-30 17:26:31】
P2025083016531583595217534----返回：{"code":"000000","msg":"P2025083016531583595217534","data":{"date":"2025-08-30 16:53:17","eid":"E45756448202508301953r8Qxa4zmUOn","amount":"60","name":"Ana Cláudia de Souza Monteiro","cpf":"40005529883","bankname":"null","payBank":"","payCpf":"","pixkey":"40005529883","account":"5147707604","status":"done","order":"A202508301653167542697VKw7DYck"},"sign":"2EFE305B3F1AF2D6F27127A13B3C862C"}

