【2025-08-21 21:40:37】
P2025082121395423194681666----提交：{"reference":"P2025082121395423194681666"}

【2025-08-21 21:40:37】
P2025082121395423194681666----返回：{"msg":"P2025082121395423194681666","code":"000000","data":{"date":"2025-08-21 21:39:55","eid":"E33053580202508220039551859c2cc7","amount":98,"name":"JOSE ROBSON DA SILVA","cpf":"***.999.164-**","bankname":"08561701","payBank":"P H R OLIVEIRA DR INVESTIMENTO LTDA","payCpf":"58.321.455\/0001-99","pixkey":"66997247271","account":"***.999.164-**","status":"done","order":"78f8cb5e-aa80-4d77-947e-f38f14e037bc"}}

【2025-08-21 21:40:40】
P2025082121395423194681666----提交：{"reference":"P2025082121395423194681666"}

【2025-08-21 21:40:41】
P2025082121395423194681666----返回：{"msg":"P2025082121395423194681666","code":"000000","data":{"date":"2025-08-21 21:39:55","eid":"E33053580202508220039551859c2cc7","amount":98,"name":"JOSE ROBSON DA SILVA","cpf":"***.999.164-**","bankname":"08561701","payBank":"P H R OLIVEIRA DR INVESTIMENTO LTDA","payCpf":"58.321.455\/0001-99","pixkey":"66997247271","account":"***.999.164-**","status":"done","order":"78f8cb5e-aa80-4d77-947e-f38f14e037bc"}}

【2025-08-21 21:46:52】
P2025082121402423224466024----提交：{"reference":"P2025082121402423224466024"}

【2025-08-21 21:46:53】
P2025082121402423224466024----返回：{"msg":"P2025082121402423224466024","code":"000000","data":{"date":"2025-08-21 21:40:25","eid":"E3305358020250822004025677e7539f","amount":10,"name":"ATAILTON PEREIRA DOS SANTOS","cpf":"***.223.433-**","bankname":"00360305","payBank":"P H R OLIVEIRA DR INVESTIMENTO LTDA","payCpf":"58.321.455\/0001-99","pixkey":"04222343382","account":"***.223.433-**","status":"done","order":"eb1121ba-43ff-44c7-86c6-7e269a430ce4"}}

【2025-08-21 21:47:01】
P2025082121402423224466024----提交：{"reference":"P2025082121402423224466024"}

【2025-08-21 21:47:01】
P2025082121402423224466024----返回：{"msg":"P2025082121402423224466024","code":"000000","data":{"date":"2025-08-21 21:40:25","eid":"E3305358020250822004025677e7539f","amount":10,"name":"ATAILTON PEREIRA DOS SANTOS","cpf":"***.223.433-**","bankname":"00360305","payBank":"P H R OLIVEIRA DR INVESTIMENTO LTDA","payCpf":"58.321.455\/0001-99","pixkey":"04222343382","account":"***.223.433-**","status":"done","order":"eb1121ba-43ff-44c7-86c6-7e269a430ce4"}}

【2025-08-21 21:55:14】
P2025082121430923389283757----提交：{"reference":"P2025082121430923389283757"}

【2025-08-21 21:55:15】
P2025082121430923389283757----返回：{"msg":"P2025082121430923389283757","code":"000000","data":{"date":"2025-08-21 21:43:10","eid":"E33053580202508220043102940e24a1","amount":10,"name":"Veronica Maria da Costa","cpf":"***.645.104-**","bankname":"18236120","payBank":"P H R OLIVEIRA DR INVESTIMENTO LTDA","payCpf":"58.321.455\/0001-99","pixkey":"81999000970","account":"***.645.104-**","status":"done","order":"1b24bbca-64f9-4d43-aeba-dfc315878fc4"}}

【2025-08-21 21:55:16】
P2025082121430923389283757----提交：{"reference":"P2025082121430923389283757"}

【2025-08-21 21:55:17】
P2025082121430923389283757----返回：{"msg":"P2025082121430923389283757","code":"000000","data":{"date":"2025-08-21 21:43:10","eid":"E33053580202508220043102940e24a1","amount":10,"name":"Veronica Maria da Costa","cpf":"***.645.104-**","bankname":"18236120","payBank":"P H R OLIVEIRA DR INVESTIMENTO LTDA","payCpf":"58.321.455\/0001-99","pixkey":"81999000970","account":"***.645.104-**","status":"done","order":"1b24bbca-64f9-4d43-aeba-dfc315878fc4"}}

【2025-08-21 21:58:59】
P2025082121354422944878021----提交：{"reference":"P2025082121354422944878021"}

【2025-08-21 21:59:00】
P2025082121354422944878021----返回：{"msg":"P2025082121354422944878021","code":"000000","data":{"date":"2025-08-21 21:35:45","eid":"E3305358020250822003545364ade702","amount":20,"name":"VERONICA MARIA DA COSTA","cpf":"***.645.104-**","bankname":"90400888","payBank":"P H R OLIVEIRA DR INVESTIMENTO LTDA","payCpf":"58.321.455\/0001-99","pixkey":"89564510449","account":"***.645.104-**","status":"done","order":"ce082c31-6379-40d6-828d-1bf19e6534ba"}}

【2025-08-21 21:59:02】
P2025082121354422944878021----提交：{"reference":"P2025082121354422944878021"}

【2025-08-21 21:59:02】
P2025082121354422944878021----返回：{"msg":"P2025082121354422944878021","code":"000000","data":{"date":"2025-08-21 21:35:45","eid":"E3305358020250822003545364ade702","amount":20,"name":"VERONICA MARIA DA COSTA","cpf":"***.645.104-**","bankname":"90400888","payBank":"P H R OLIVEIRA DR INVESTIMENTO LTDA","payCpf":"58.321.455\/0001-99","pixkey":"89564510449","account":"***.645.104-**","status":"done","order":"ce082c31-6379-40d6-828d-1bf19e6534ba"}}

