【2025-08-21 11:05:58】
P2025082020595834398508337----提交：{"reference":"P2025082020595834398508337"}

【2025-08-21 11:05:59】
P2025082020595834398508337----返回：{"msg":"P2025082020595834398508337","code":"000000","data":{"date":"2025-08-20 20:59:59","eid":"E3305358020250820235959638c70b8c","amount":30,"name":"Marcelo Henrique Gonzaga dos Santos","cpf":"***.892.038-**","bankname":"18236120","payBank":"P H R OLIVEIRA DR INVESTIMENTO LTDA","payCpf":"58.321.455\/0001-99","pixkey":"40489203833","account":"***.892.038-**","status":"done","order":"4476a641-5312-4cb5-8afb-629a580f4a75"}}

【2025-08-21 11:07:15】
P2025082110563984599905705----提交：{"reference":"P2025082110563984599905705"}

【2025-08-21 11:07:16】
P2025082110563984599905705----返回：{"msg":"P2025082110563984599905705","code":"000000","data":{"date":"2025-08-21 10:56:40","eid":"E33053580202508211356403835cbba4","amount":200,"name":"André Luiz da silva","cpf":"***.220.969-**","bankname":"08561701","payBank":"P H R OLIVEIRA DR INVESTIMENTO LTDA","payCpf":"58.321.455\/0001-99","pixkey":"06022096928","account":"***.220.969-**","status":"done","order":"9977ae31-e6cd-45e4-a335-bfebb1534f7c"}}

【2025-08-21 11:07:19】
P2025082110563984599905705----提交：{"reference":"P2025082110563984599905705"}

【2025-08-21 11:07:19】
P2025082110563984599905705----返回：{"msg":"P2025082110563984599905705","code":"000000","data":{"date":"2025-08-21 10:56:40","eid":"E33053580202508211356403835cbba4","amount":200,"name":"André Luiz da silva","cpf":"***.220.969-**","bankname":"08561701","payBank":"P H R OLIVEIRA DR INVESTIMENTO LTDA","payCpf":"58.321.455\/0001-99","pixkey":"06022096928","account":"***.220.969-**","status":"done","order":"9977ae31-e6cd-45e4-a335-bfebb1534f7c"}}

【2025-08-21 11:16:34】
P2025082110445283892528449----提交：{"reference":"P2025082110445283892528449"}

【2025-08-21 11:16:34】
P2025082110445283892528449----返回：{"msg":"P2025082110445283892528449","code":"000000","data":{"date":"2025-08-21 10:44:53","eid":"E33053580202508211344536098b838a","amount":100,"name":"VALMIR SOUSA SILVA","cpf":"***.364.061-**","bankname":"00360305","payBank":"P H R OLIVEIRA DR INVESTIMENTO LTDA","payCpf":"58.321.455\/0001-99","pixkey":"66336406172","account":"***.364.061-**","status":"done","order":"225c7911-d3e2-43a7-afce-8ecf69d34efd"}}

【2025-08-21 11:16:36】
P2025082110445283892528449----提交：{"reference":"P2025082110445283892528449"}

【2025-08-21 11:16:37】
P2025082110445283892528449----返回：{"msg":"P2025082110445283892528449","code":"000000","data":{"date":"2025-08-21 10:44:53","eid":"E33053580202508211344536098b838a","amount":100,"name":"VALMIR SOUSA SILVA","cpf":"***.364.061-**","bankname":"00360305","payBank":"P H R OLIVEIRA DR INVESTIMENTO LTDA","payCpf":"58.321.455\/0001-99","pixkey":"66336406172","account":"***.364.061-**","status":"done","order":"225c7911-d3e2-43a7-afce-8ecf69d34efd"}}

【2025-08-21 11:40:05】
P2025082111250186301573410----提交：{"reference":"P2025082111250186301573410"}

【2025-08-21 11:40:06】
P2025082111250186301573410----返回：{"msg":"P2025082111250186301573410","code":"000000","data":{"date":"2025-08-21 11:25:02","eid":"E330535802025082114250213904d80d","amount":100,"name":"JOAO VINICIOS MAGNANI","cpf":"***.310.048-**","bankname":"60746948","payBank":"P H R OLIVEIRA DR INVESTIMENTO LTDA","payCpf":"58.321.455\/0001-99","pixkey":"17997276454","account":"***.310.048-**","status":"done","order":"dd5a910d-6622-4f4e-bbd8-cc37490100dd"}}

【2025-08-21 11:40:08】
P2025082111250186301573410----提交：{"reference":"P2025082111250186301573410"}

【2025-08-21 11:40:09】
P2025082111250186301573410----返回：{"msg":"P2025082111250186301573410","code":"000000","data":{"date":"2025-08-21 11:25:02","eid":"E330535802025082114250213904d80d","amount":100,"name":"JOAO VINICIOS MAGNANI","cpf":"***.310.048-**","bankname":"60746948","payBank":"P H R OLIVEIRA DR INVESTIMENTO LTDA","payCpf":"58.321.455\/0001-99","pixkey":"17997276454","account":"***.310.048-**","status":"done","order":"dd5a910d-6622-4f4e-bbd8-cc37490100dd"}}

