【2025-08-21 22:15:18】
P2025082122140025240784104----提交：{"reference":"P2025082122140025240784104"}

【2025-08-21 22:15:19】
P2025082122140025240784104----返回：{"msg":"P2025082122140025240784104","code":"000000","data":{"date":"2025-08-21 22:14:01","eid":"E3305358020250822011401044d5af94","amount":30,"name":"Cauê Pagliosa","cpf":"***.304.230-**","bankname":"18236120","payBank":"P H R OLIVEIRA DR INVESTIMENTO LTDA","payCpf":"58.321.455\/0001-99","pixkey":"01030423008","account":"***.304.230-**","status":"done","order":"6f052bb6-c26f-4ed5-89c8-b828a744f4eb"}}

【2025-08-21 22:15:21】
P2025082122140025240784104----提交：{"reference":"P2025082122140025240784104"}

【2025-08-21 22:15:21】
P2025082122140025240784104----返回：{"msg":"P2025082122140025240784104","code":"000000","data":{"date":"2025-08-21 22:14:01","eid":"E3305358020250822011401044d5af94","amount":30,"name":"Cauê Pagliosa","cpf":"***.304.230-**","bankname":"18236120","payBank":"P H R OLIVEIRA DR INVESTIMENTO LTDA","payCpf":"58.321.455\/0001-99","pixkey":"01030423008","account":"***.304.230-**","status":"done","order":"6f052bb6-c26f-4ed5-89c8-b828a744f4eb"}}

【2025-08-21 22:16:13】
P2025082121430923389283757----提交：{"reference":"P2025082121430923389283757"}

【2025-08-21 22:16:13】
P2025082121430923389283757----返回：{"msg":"P2025082121430923389283757","code":"000000","data":{"date":"2025-08-21 21:43:10","eid":"E33053580202508220043102940e24a1","amount":10,"name":"Veronica Maria da Costa","cpf":"***.645.104-**","bankname":"18236120","payBank":"P H R OLIVEIRA DR INVESTIMENTO LTDA","payCpf":"58.321.455\/0001-99","pixkey":"81999000970","account":"***.645.104-**","status":"done","order":"1b24bbca-64f9-4d43-aeba-dfc315878fc4"}}

【2025-08-21 22:17:15】
P2025082121354422944878021----提交：{"reference":"P2025082121354422944878021"}

【2025-08-21 22:17:16】
P2025082121354422944878021----返回：{"msg":"P2025082121354422944878021","code":"000000","data":{"date":"2025-08-21 21:35:45","eid":"E3305358020250822003545364ade702","amount":20,"name":"VERONICA MARIA DA COSTA","cpf":"***.645.104-**","bankname":"90400888","payBank":"P H R OLIVEIRA DR INVESTIMENTO LTDA","payCpf":"58.321.455\/0001-99","pixkey":"89564510449","account":"***.645.104-**","status":"done","order":"ce082c31-6379-40d6-828d-1bf19e6534ba"}}

【2025-08-21 22:19:09】
P2025082120595120791847844----提交：{"reference":"P2025082120595120791847844"}

【2025-08-21 22:19:09】
P2025082120595120791847844----返回：{"msg":"P2025082120595120791847844","code":"000000","data":{"date":"2025-08-21 20:59:52","eid":"E330535802025082123595194552c407","amount":200.39,"name":"Mauricio Prado Maia","cpf":"***.070.218-**","bankname":"22896431","payBank":"P H R OLIVEIRA DR INVESTIMENTO LTDA","payCpf":"58.321.455\/0001-99","pixkey":"41207021890","account":"***.070.218-**","status":"done","order":"acdaa1da-4f88-452e-8f1f-ec99d5f5e52f"}}

【2025-08-21 22:51:51】
P2025082122145625296447408----提交：{"reference":"P2025082122145625296447408"}

【2025-08-21 22:51:51】
P2025082122145625296447408----返回：{"msg":"P2025082122145625296447408","code":"000000","data":{"date":"2025-08-21 22:14:57","eid":"E3305358020250822011457240818415","amount":34.3,"name":"ADELSON KAPICHE                         ","cpf":"***.830.217-**","bankname":"60746948","payBank":"P H R OLIVEIRA DR INVESTIMENTO LTDA","payCpf":"58.321.455\/0001-99","pixkey":"27996305760","account":"***.830.217-**","status":"done","order":"62f455f7-2c84-49c2-a48a-a6334fd53a37"}}

【2025-08-21 22:51:54】
P2025082122145625296447408----提交：{"reference":"P2025082122145625296447408"}

【2025-08-21 22:51:54】
P2025082122145625296447408----返回：{"msg":"P2025082122145625296447408","code":"000000","data":{"date":"2025-08-21 22:14:57","eid":"E3305358020250822011457240818415","amount":34.3,"name":"ADELSON KAPICHE                         ","cpf":"***.830.217-**","bankname":"60746948","payBank":"P H R OLIVEIRA DR INVESTIMENTO LTDA","payCpf":"58.321.455\/0001-99","pixkey":"27996305760","account":"***.830.217-**","status":"done","order":"62f455f7-2c84-49c2-a48a-a6334fd53a37"}}

