【2025-08-21 00:10:21】
P2025082100054345543076252----提交：{"custId":"24120300001308","appId":"8241201350","order":"P2025082100054345543076252","sign":"D5CF3309336AE95EF7865934AF1E82F9"}

【2025-08-21 00:10:21】
P2025082100054345543076252----返回：{"code":"000000","msg":"P2025082100054345543076252","data":{"date":"2025-08-21 00:05:46","eid":"E457564482025082103056U92GTnNvka","amount":"135","name":"Raimundo Silva Rocha Filho","cpf":"1248393392","bankname":"null","payBank":"","payCpf":"","pixkey":"01248393392","account":"228696380","status":"done","order":"A20250821000544130305ulvz6yAes"},"sign":"A3333C5E1401D5087BFDD32B2E9101E8"}

【2025-08-21 00:10:37】
P2025082100054345543076252----提交：{"custId":"24120300001308","appId":"8241201350","order":"P2025082100054345543076252","sign":"D5CF3309336AE95EF7865934AF1E82F9"}

【2025-08-21 00:10:37】
P2025082100054345543076252----返回：{"code":"000000","msg":"P2025082100054345543076252","data":{"date":"2025-08-21 00:05:46","eid":"E457564482025082103056U92GTnNvka","amount":"135","name":"Raimundo Silva Rocha Filho","cpf":"1248393392","bankname":"null","payBank":"","payCpf":"","pixkey":"01248393392","account":"228696380","status":"done","order":"A20250821000544130305ulvz6yAes"},"sign":"A3333C5E1401D5087BFDD32B2E9101E8"}

【2025-08-21 00:16:24】
P2025082023243543075758188----提交：{"custId":"24120300001308","appId":"8241201350","order":"P2025082023243543075758188","sign":"39586660A7ED8419A588867DDC708A2E"}

【2025-08-21 00:16:24】
P2025082023243543075758188----返回：{"code":"000000","msg":"P2025082023243543075758188","data":{"date":"2025-08-20 23:24:37","eid":"E45756448202508210224hYwJckNmlk6","amount":"50","name":"Leonardo Silva Santos","cpf":"9191239532","bankname":"null","payBank":"","payCpf":"","pixkey":"09191239532","account":"7670051894","status":"done","order":"A2025082023243574807125Vvrpfu6"},"sign":"18051F80F48B0B6BEA8D13A0980D54C1"}

【2025-08-21 00:16:27】
P2025082023243543075758188----提交：{"custId":"24120300001308","appId":"8241201350","order":"P2025082023243543075758188","sign":"39586660A7ED8419A588867DDC708A2E"}

【2025-08-21 00:16:27】
P2025082023243543075758188----返回：{"code":"000000","msg":"P2025082023243543075758188","data":{"date":"2025-08-20 23:24:37","eid":"E45756448202508210224hYwJckNmlk6","amount":"50","name":"Leonardo Silva Santos","cpf":"9191239532","bankname":"null","payBank":"","payCpf":"","pixkey":"09191239532","account":"7670051894","status":"done","order":"A2025082023243574807125Vvrpfu6"},"sign":"18051F80F48B0B6BEA8D13A0980D54C1"}

【2025-08-21 00:21:20】
P2025082023493844578922466----提交：{"custId":"24120300001308","appId":"8241201350","order":"P2025082023493844578922466","sign":"9CE56FE3F1FEDCDFE1A51A24E3D2B087"}

【2025-08-21 00:21:20】
P2025082023493844578922466----返回：{"code":"000000","msg":"P2025082023493844578922466","data":{"date":"2025-08-20 23:49:41","eid":"E3720544720250821024939505212558","amount":"100","name":"CHARLES DE OLIVEIRA DA ROCHA","cpf":"12029349780","bankname":"ORBION GAMING LTDA","payBank":"","payCpf":"","pixkey":"21992515591","account":"60746948","status":"done","order":"A20250820234939724523Qz4xIGM59"},"sign":"5CEB721F8A5CEECCB84F3A96F6B32F8E"}

【2025-08-21 00:21:34】
P2025082023493844578922466----提交：{"custId":"24120300001308","appId":"8241201350","order":"P2025082023493844578922466","sign":"9CE56FE3F1FEDCDFE1A51A24E3D2B087"}

【2025-08-21 00:21:34】
P2025082023493844578922466----返回：{"code":"000000","msg":"P2025082023493844578922466","data":{"date":"2025-08-20 23:49:41","eid":"E3720544720250821024939505212558","amount":"100","name":"CHARLES DE OLIVEIRA DA ROCHA","cpf":"12029349780","bankname":"ORBION GAMING LTDA","payBank":"","payCpf":"","pixkey":"21992515591","account":"60746948","status":"done","order":"A20250820234939724523Qz4xIGM59"},"sign":"5CEB721F8A5CEECCB84F3A96F6B32F8E"}

【2025-08-21 00:21:50】
P2025082023300043400796474----提交：{"custId":"24120300001308","appId":"8241201350","order":"P2025082023300043400796474","sign":"566E1F52E8559E6BF8B2D28869DC2271"}

【2025-08-21 00:21:50】
P2025082023300043400796474----返回：{"code":"000000","msg":"P2025082023300043400796474","data":{"date":"2025-08-20 23:30:03","eid":"E457564482025082102306Biqd3db4k6","amount":"100","name":"Fernanda da Silva Menezes","cpf":"1154864294","bankname":"null","payBank":"","payCpf":"","pixkey":"68984210901","account":"31345294128","status":"done","order":"A20250820233000060173hzR6EmAN7"},"sign":"82A9A63F06DE3CDBBBA293D2EF7FA504"}

【2025-08-21 00:22:24】
P2025082023300043400796474----提交：{"custId":"24120300001308","appId":"8241201350","order":"P2025082023300043400796474","sign":"566E1F52E8559E6BF8B2D28869DC2271"}

【2025-08-21 00:22:24】
P2025082023300043400796474----返回：{"code":"000000","msg":"P2025082023300043400796474","data":{"date":"2025-08-20 23:30:03","eid":"E457564482025082102306Biqd3db4k6","amount":"100","name":"Fernanda da Silva Menezes","cpf":"1154864294","bankname":"null","payBank":"","payCpf":"","pixkey":"68984210901","account":"31345294128","status":"done","order":"A20250820233000060173hzR6EmAN7"},"sign":"82A9A63F06DE3CDBBBA293D2EF7FA504"}

【2025-08-21 00:28:17】
P2025082100265746817367208----提交：{"custId":"24120300001308","appId":"8241201350","order":"P2025082100265746817367208","sign":"BADE6723DC3BABF0CB35385911C2531E"}

【2025-08-21 00:28:17】
P2025082100265746817367208----返回：{"code":"000000","msg":"P2025082100265746817367208","data":{"date":"2025-08-21 00:28:03","eid":"E45756448202508210328fSRZKKG6r0W","amount":"415","name":"KAIQUE FEITOSA GOMES","cpf":"14719521428","bankname":"null","payBank":"","payCpf":"","pixkey":"14719521428","account":"357178696","status":"done","order":"A20250821002802359603nXHCLGCeQ"},"sign":"19F615E8EE2732A1F88407DC73D98961"}

【2025-08-21 00:40:13】
P2025082100392647566831466----提交：{"custId":"24120300001308","appId":"8241201350","order":"P2025082100392647566831466","sign":"1858A8826C6DC48495927B557D2A216A"}

【2025-08-21 00:40:13】
P2025082100392647566831466----返回：{"code":"000000","msg":"P2025082100392647566831466","data":{"date":"2025-08-21 00:39:29","eid":"E45756448202508210339DZSCUEa3jES","amount":"20","name":"JONATAN MARTINS","cpf":"15278432462","bankname":"null","payBank":"","payCpf":"","pixkey":"84994061490","account":"183245404","status":"done","order":"A20250821003926182889lnqiGguw8"},"sign":"AD1AF428BE1BB86404998CB1E20C3924"}

【2025-08-21 00:40:17】
P2025082100392647566831466----提交：{"custId":"24120300001308","appId":"8241201350","order":"P2025082100392647566831466","sign":"1858A8826C6DC48495927B557D2A216A"}

【2025-08-21 00:40:17】
P2025082100392647566831466----返回：{"code":"000000","msg":"P2025082100392647566831466","data":{"date":"2025-08-21 00:39:29","eid":"E45756448202508210339DZSCUEa3jES","amount":"20","name":"JONATAN MARTINS","cpf":"15278432462","bankname":"null","payBank":"","payCpf":"","pixkey":"84994061490","account":"183245404","status":"done","order":"A20250821003926182889lnqiGguw8"},"sign":"AD1AF428BE1BB86404998CB1E20C3924"}

