【2025-08-21 02:03:02】
P2025082101595852398799380----提交：{"custId":"24120300001308","appId":"8241201350","order":"P2025082101595852398799380","sign":"82350D47166C5E2F11AC92F69825AB8D"}

【2025-08-21 02:03:02】
P2025082101595852398799380----返回：{"code":"000000","msg":"P2025082101595852398799380","data":{"date":"2025-08-21 02:00:00","eid":"E45756448202508210459ZiF9W4AOoUS","amount":"35","name":"Everton Damião de Freitas","cpf":"7540433639","bankname":"null","payBank":"","payCpf":"","pixkey":"07540433639","account":"746403873","status":"done","order":"A20250821015959160550IjeFlNv9F"},"sign":"8DBC999022C8840430E011DC37AAED1E"}

【2025-08-21 02:03:18】
P2025082101595852398799380----提交：{"custId":"24120300001308","appId":"8241201350","order":"P2025082101595852398799380","sign":"82350D47166C5E2F11AC92F69825AB8D"}

【2025-08-21 02:03:18】
P2025082101595852398799380----返回：{"code":"000000","msg":"P2025082101595852398799380","data":{"date":"2025-08-21 02:00:00","eid":"E45756448202508210459ZiF9W4AOoUS","amount":"35","name":"Everton Damião de Freitas","cpf":"7540433639","bankname":"null","payBank":"","payCpf":"","pixkey":"07540433639","account":"746403873","status":"done","order":"A20250821015959160550IjeFlNv9F"},"sign":"8DBC999022C8840430E011DC37AAED1E"}

【2025-08-21 02:08:58】
P2025082101482451704842072----提交：{"custId":"24120300001308","appId":"8241201350","order":"P2025082101482451704842072","sign":"ECE8074D30F42D9A52020993456238E1"}

【2025-08-21 02:08:58】
P2025082101482451704842072----返回：{"code":"000000","msg":"P2025082101482451704842072","data":{"date":"2025-08-21 01:48:27","eid":"E45756448202508210448Mz66VgSgECF","amount":"50","name":"welison da conceição Silva","cpf":"11511475757","bankname":"null","payBank":"","payCpf":"","pixkey":"22992475136","account":"249302886","status":"done","order":"A20250821014824698609TMdQqn3Ek"},"sign":"A8970615D3198E741D98B73C402B6151"}

【2025-08-21 02:09:02】
P2025082101482451704842072----提交：{"custId":"24120300001308","appId":"8241201350","order":"P2025082101482451704842072","sign":"ECE8074D30F42D9A52020993456238E1"}

【2025-08-21 02:09:02】
P2025082101482451704842072----返回：{"code":"000000","msg":"P2025082101482451704842072","data":{"date":"2025-08-21 01:48:27","eid":"E45756448202508210448Mz66VgSgECF","amount":"50","name":"welison da conceição Silva","cpf":"11511475757","bankname":"null","payBank":"","payCpf":"","pixkey":"22992475136","account":"249302886","status":"done","order":"A20250821014824698609TMdQqn3Ek"},"sign":"A8970615D3198E741D98B73C402B6151"}

【2025-08-21 02:14:11】
P2025082102080152881773971----提交：{"custId":"24120300001308","appId":"8241201350","order":"P2025082102080152881773971","sign":"F15F59311929FEEDB26A60A3FFFBA393"}

【2025-08-21 02:14:11】
P2025082102080152881773971----返回：{"code":"000000","msg":"P2025082102080152881773971","data":{"date":"2025-08-21 02:08:03","eid":"E457564482025082105081SbsFXoLOES","amount":"100","name":"Thiago Pereira de Sousa","cpf":"88899179204","bankname":"null","payBank":"","payCpf":"","pixkey":"92992435512","account":"973648753","status":"done","order":"A20250821020801656590gHrzjTdVk"},"sign":"53DD1D3A7E859AEAEF20AA70DBCA93B4"}

【2025-08-21 02:14:43】
P2025082102080152881773971----提交：{"custId":"24120300001308","appId":"8241201350","order":"P2025082102080152881773971","sign":"F15F59311929FEEDB26A60A3FFFBA393"}

【2025-08-21 02:14:43】
P2025082102080152881773971----返回：{"code":"000000","msg":"P2025082102080152881773971","data":{"date":"2025-08-21 02:08:03","eid":"E457564482025082105081SbsFXoLOES","amount":"100","name":"Thiago Pereira de Sousa","cpf":"88899179204","bankname":"null","payBank":"","payCpf":"","pixkey":"92992435512","account":"973648753","status":"done","order":"A20250821020801656590gHrzjTdVk"},"sign":"53DD1D3A7E859AEAEF20AA70DBCA93B4"}

【2025-08-21 02:25:22】
P2025082102250253902549901----提交：{"custId":"24120300001308","appId":"8241201350","order":"P2025082102250253902549901","sign":"2E14D2BD0D6AEBF2E422456A7A1C2795"}

【2025-08-21 02:25:23】
P2025082102250253902549901----返回：{"code":"000000","msg":"P2025082102250253902549901","data":{"date":"2025-08-21 02:25:04","eid":"E3720544720250821052503119ff70f9","amount":"40","name":"Larissa Coelho Sousa","cpf":"11673675379","bankname":"ORBION GAMING LTDA","payBank":"","payCpf":"","pixkey":"85994383971","account":"18236120","status":"done","order":"A20250821022502506384LqLZlZJSD"},"sign":"C7A12B02E1AD7F7CD6492CE3BED10B47"}

【2025-08-21 02:25:25】
P2025082102250253902549901----提交：{"custId":"24120300001308","appId":"8241201350","order":"P2025082102250253902549901","sign":"2E14D2BD0D6AEBF2E422456A7A1C2795"}

【2025-08-21 02:25:25】
P2025082102250253902549901----返回：{"code":"000000","msg":"P2025082102250253902549901","data":{"date":"2025-08-21 02:25:04","eid":"E3720544720250821052503119ff70f9","amount":"40","name":"Larissa Coelho Sousa","cpf":"11673675379","bankname":"ORBION GAMING LTDA","payBank":"","payCpf":"","pixkey":"85994383971","account":"18236120","status":"done","order":"A20250821022502506384LqLZlZJSD"},"sign":"C7A12B02E1AD7F7CD6492CE3BED10B47"}

【2025-08-21 02:59:49】
P2025082102114153101172081----提交：{"custId":"24120300001308","appId":"8241201350","order":"P2025082102114153101172081","sign":"6CE06CE95C32B2C31ACE847AED3FF25F"}

【2025-08-21 02:59:49】
P2025082102114153101172081----返回：{"code":"000000","msg":"P2025082102114153101172081","data":{"date":"2025-08-21 02:11:43","eid":"E45756448202508210511o9be6V0m5L4","amount":"80","name":"ANTONIO ALEX JUSTINO ROCHA","cpf":"3390460314","bankname":"null","payBank":"","payCpf":"","pixkey":"85988297377","account":"1565458","status":"done","order":"A20250821021141295601Tz1f5txA8"},"sign":"9F0FA2540B6C40A250E30EE700E719A2"}

