【2025-08-21 11:11:23】
P2025082104590363143381874----提交：{"custId":"24120300001308","appId":"8241201350","order":"P2025082104590363143381874","sign":"0668D7B663A27C27A841CB5989A5AD5E"}

【2025-08-21 11:11:24】
P2025082104590363143381874----返回：{"code":"000000","msg":"P2025082104590363143381874","data":{"date":"2025-08-21 04:59:06","eid":"E45756448202508210759DKQRPB9kkqF","amount":"50","name":"Andreia Maria Da Silva Tomaz","cpf":"10727416448","bankname":"null","payBank":"","payCpf":"","pixkey":"84987774528","account":"75061857","status":"done","order":"A20250821045903044332da6NEVCAC"},"sign":"AA420B17EDEF1CD469413C699CF1F38D"}

【2025-08-21 11:11:39】
P2025082104590363143381874----提交：{"custId":"24120300001308","appId":"8241201350","order":"P2025082104590363143381874","sign":"0668D7B663A27C27A841CB5989A5AD5E"}

【2025-08-21 11:11:39】
P2025082104590363143381874----返回：{"code":"000000","msg":"P2025082104590363143381874","data":{"date":"2025-08-21 04:59:06","eid":"E45756448202508210759DKQRPB9kkqF","amount":"50","name":"Andreia Maria Da Silva Tomaz","cpf":"10727416448","bankname":"null","payBank":"","payCpf":"","pixkey":"84987774528","account":"75061857","status":"done","order":"A20250821045903044332da6NEVCAC"},"sign":"AA420B17EDEF1CD469413C699CF1F38D"}

【2025-08-21 11:23:11】
P2025082110221482534294366----提交：{"custId":"24120300001308","appId":"8241201350","order":"P2025082110221482534294366","sign":"37F8B2E7ADFE0E853431670AF76FA8B3"}

【2025-08-21 11:23:12】
P2025082110221482534294366----返回：{"code":"000000","msg":"P2025082110221482534294366","data":{"date":"2025-08-21 10:22:17","eid":"E3720544720250821132214463d34ff7","amount":"30","name":"45.558.149 MARILEI DILKIN","cpf":"45558149000129","bankname":"ORBION GAMING LTDA","payBank":"","payCpf":"","pixkey":"55996897002","account":"00000000","status":"done","order":"A202508211022143297084i2iTQatJ"},"sign":"015A3A152FB9507C9B019F864FDEDAE0"}

【2025-08-21 11:24:54】
P2025082110221482534294366----提交：{"custId":"24120300001308","appId":"8241201350","order":"P2025082110221482534294366","sign":"37F8B2E7ADFE0E853431670AF76FA8B3"}

【2025-08-21 11:24:55】
P2025082110221482534294366----返回：{"code":"000000","msg":"P2025082110221482534294366","data":{"date":"2025-08-21 10:22:17","eid":"E3720544720250821132214463d34ff7","amount":"30","name":"45.558.149 MARILEI DILKIN","cpf":"45558149000129","bankname":"ORBION GAMING LTDA","payBank":"","payCpf":"","pixkey":"55996897002","account":"00000000","status":"done","order":"A202508211022143297084i2iTQatJ"},"sign":"015A3A152FB9507C9B019F864FDEDAE0"}

【2025-08-21 11:26:07】
P2025081823575672276702965----提交：{"custId":"24120300001308","appId":"8241201350","order":"P2025081823575672276702965","sign":"FF7B672A93F06ECFEE5667FC22394988"}

【2025-08-21 11:26:08】
P2025081823575672276702965----返回：{"msg":"no voucher","code":"900003","data":"","sign":"2856F04258F0DA99937D18ED87965490"}

【2025-08-21 11:52:16】
P2025082111123385553444761----提交：{"custId":"24120300001308","appId":"8241201350","order":"P2025082111123385553444761","sign":"48C563ED544FB5589E1725C32C8EFC30"}

【2025-08-21 11:52:17】
P2025082111123385553444761----返回：{"code":"000000","msg":"P2025082111123385553444761","data":{"date":"2025-08-21 11:12:36","eid":"E3720544720250821141233572be9e42","amount":"100","name":"Glacia Campos Cascaes","cpf":"00654842230","bankname":"ORBION GAMING LTDA","payBank":"","payCpf":"","pixkey":"92992325586","account":"22896431","status":"done","order":"A202508211112332189978Udac6NzY"},"sign":"E76F5E4A4FBFED1255E08D390DAADF6C"}

【2025-08-21 11:52:52】
P2025082111123385553444761----提交：{"custId":"24120300001308","appId":"8241201350","order":"P2025082111123385553444761","sign":"48C563ED544FB5589E1725C32C8EFC30"}

【2025-08-21 11:52:52】
P2025082111123385553444761----返回：{"code":"000000","msg":"P2025082111123385553444761","data":{"date":"2025-08-21 11:12:36","eid":"E3720544720250821141233572be9e42","amount":"100","name":"Glacia Campos Cascaes","cpf":"00654842230","bankname":"ORBION GAMING LTDA","payBank":"","payCpf":"","pixkey":"92992325586","account":"22896431","status":"done","order":"A202508211112332189978Udac6NzY"},"sign":"E76F5E4A4FBFED1255E08D390DAADF6C"}

【2025-08-21 11:53:12】
P2025082111123385553444761----提交：{"custId":"24120300001308","appId":"8241201350","order":"P2025082111123385553444761","sign":"48C563ED544FB5589E1725C32C8EFC30"}

【2025-08-21 11:53:12】
P2025082111123385553444761----返回：{"code":"000000","msg":"P2025082111123385553444761","data":{"date":"2025-08-21 11:12:36","eid":"E3720544720250821141233572be9e42","amount":"100","name":"Glacia Campos Cascaes","cpf":"00654842230","bankname":"ORBION GAMING LTDA","payBank":"","payCpf":"","pixkey":"92992325586","account":"22896431","status":"done","order":"A202508211112332189978Udac6NzY"},"sign":"E76F5E4A4FBFED1255E08D390DAADF6C"}

