【2025-08-21 13:08:41】
P2025082112581091890064380----提交：{"custId":"24120300001308","appId":"8241201350","order":"P2025082112581091890064380","sign":"ED2921994FE79AD3E25E46E1DCE8F444"}

【2025-08-21 13:08:42】
P2025082112581091890064380----返回：{"code":"000000","msg":"P2025082112581091890064380","data":{"date":"2025-08-21 12:58:14","eid":"E457564482025082115582p0d2t6K2EC","amount":"50","name":"DOUGLAS AURELIO DOS SANTOS              ","cpf":"65170539134","bankname":"null","payBank":"","payCpf":"","pixkey":"65992109283","account":"6114261","status":"done","order":"A20250821125810287610tBQ6FtFxq"},"sign":"B5DAC0C9662538F83ADE94CBE1520859"}

【2025-08-21 13:09:05】
P2025082112581091890064380----提交：{"custId":"24120300001308","appId":"8241201350","order":"P2025082112581091890064380","sign":"ED2921994FE79AD3E25E46E1DCE8F444"}

【2025-08-21 13:09:06】
P2025082112581091890064380----返回：{"code":"000000","msg":"P2025082112581091890064380","data":{"date":"2025-08-21 12:58:14","eid":"E457564482025082115582p0d2t6K2EC","amount":"50","name":"DOUGLAS AURELIO DOS SANTOS              ","cpf":"65170539134","bankname":"null","payBank":"","payCpf":"","pixkey":"65992109283","account":"6114261","status":"done","order":"A20250821125810287610tBQ6FtFxq"},"sign":"B5DAC0C9662538F83ADE94CBE1520859"}

【2025-08-21 13:09:16】
P2025082112531591595284076----提交：{"custId":"24120300001308","appId":"8241201350","order":"P2025082112531591595284076","sign":"0717BBB723913474E7A33C236B150D35"}

【2025-08-21 13:09:17】
P2025082112531591595284076----返回：{"code":"000000","msg":"P2025082112531591595284076","data":{"date":"2025-08-21 12:53:19","eid":"E45756448202508211553dxitBWqnO0q","amount":"20","name":"DOUGLAS AURELIO DOS SANTOS              ","cpf":"65170539134","bankname":"null","payBank":"","payCpf":"","pixkey":"65992109283","account":"6114261","status":"done","order":"A20250821125316886164XeiDYGjZI"},"sign":"CC76567D014E9F17796502EA4B1EB933"}

【2025-08-21 13:09:32】
P2025082112531591595284076----提交：{"custId":"24120300001308","appId":"8241201350","order":"P2025082112531591595284076","sign":"0717BBB723913474E7A33C236B150D35"}

【2025-08-21 13:09:32】
P2025082112531591595284076----返回：{"code":"000000","msg":"P2025082112531591595284076","data":{"date":"2025-08-21 12:53:19","eid":"E45756448202508211553dxitBWqnO0q","amount":"20","name":"DOUGLAS AURELIO DOS SANTOS              ","cpf":"65170539134","bankname":"null","payBank":"","payCpf":"","pixkey":"65992109283","account":"6114261","status":"done","order":"A20250821125316886164XeiDYGjZI"},"sign":"CC76567D014E9F17796502EA4B1EB933"}

【2025-08-21 13:32:49】
P2025082113305193851433260----提交：{"custId":"24120300001308","appId":"8241201350","order":"P2025082113305193851433260","sign":"E8C1D302CD196585694EAA6A961D7D5B"}

【2025-08-21 13:32:50】
P2025082113305193851433260----返回：{"code":"000000","msg":"P2025082113305193851433260","data":{"date":"2025-08-21 13:32:39","eid":"E37205447202508211630529383ee835","amount":"25","name":"ROBSON CAMPOS DE NEGREIROS","cpf":"04868766325","bankname":"ORBION GAMING LTDA","payBank":"","payCpf":"","pixkey":"04868766325","account":"00360305","status":"done","order":"A20250821133052853943psjYNaNHk"},"sign":"77B868D3BD854AC8C7FF68C98D4F9CC6"}

