【2025-08-21 12:05:49】
P2025081812165530215514702----提交：{"custId":"24120300001308","appId":"8241201350","order":"P2025081812165530215514702","sign":"C86A263E6484FEA111F5BF1A9B2F4880"}

【2025-08-21 12:05:50】
P2025081812165530215514702----返回：{"code":"000000","msg":"P2025081812165530215514702","data":{"date":"2025-08-18 12:17:04","eid":"E4575644820250818151723C4Kx7poES","amount":"300","name":"TAINARA DA SILVA NASCIMENTO","cpf":"4062603209","bankname":"null","payBank":"","payCpf":"","pixkey":"04062603209","account":"246822627","status":"done","order":"A2025081812165524398139pgh4C6x"},"sign":"26522118CBA0A917CECEAEAB3F44B216"}

【2025-08-21 12:05:51】
P2025081812165530215514702----提交：{"custId":"24120300001308","appId":"8241201350","order":"P2025081812165530215514702","sign":"C86A263E6484FEA111F5BF1A9B2F4880"}

【2025-08-21 12:05:52】
P2025081812165530215514702----返回：{"code":"000000","msg":"P2025081812165530215514702","data":{"date":"2025-08-18 12:17:04","eid":"E4575644820250818151723C4Kx7poES","amount":"300","name":"TAINARA DA SILVA NASCIMENTO","cpf":"4062603209","bankname":"null","payBank":"","payCpf":"","pixkey":"04062603209","account":"246822627","status":"done","order":"A2025081812165524398139pgh4C6x"},"sign":"26522118CBA0A917CECEAEAB3F44B216"}

【2025-08-21 12:11:24】
P2025082105143164071835631----提交：{"custId":"24120300001308","appId":"8241201350","order":"P2025082105143164071835631","sign":"447F3AF3371D80F98DD06432F594D988"}

【2025-08-21 12:11:24】
P2025082105143164071835631----返回：{"code":"000000","msg":"P2025082105143164071835631","data":{"date":"2025-08-21 05:14:32","eid":"E45756448202508210814lGi6nnYpq0y","amount":"2000","name":"Camila Oliveira De Souza","cpf":"13730787900","bankname":"null","payBank":"","payCpf":"","pixkey":"13730787900","account":"900338457","status":"done","order":"A20250821051431859191C7sKnpEA1"},"sign":"03E940BAB3F9A00EAF450D91001780E6"}

【2025-08-21 12:13:50】
P2025082112020988529188899----提交：{"custId":"24120300001308","appId":"8241201350","order":"P2025082112020988529188899","sign":"E530CF8BEF63CCA475E8ADCD66DEF289"}

【2025-08-21 12:13:52】
P2025082112020988529188899----返回：{"code":"000000","msg":"P2025082112020988529188899","data":{"date":"2025-08-21 12:13:46","eid":"E37205447202508211513427873e6e13","amount":"1110","name":"Ericles Thiago Tavares Pires","cpf":"01906840628","bankname":"ORBION GAMING LTDA","payBank":"","payCpf":"","pixkey":"01906840628","account":"18236120","status":"done","order":"A202508211213420031228vzfFCcEy"},"sign":"D547CBAA4C7DFD3605C8B29B393F3073"}

【2025-08-21 12:14:36】
P2025082105143164071835631----提交：{"custId":"24120300001308","appId":"8241201350","order":"P2025082105143164071835631","sign":"447F3AF3371D80F98DD06432F594D988"}

【2025-08-21 12:14:37】
P2025082105143164071835631----返回：{"code":"000000","msg":"P2025082105143164071835631","data":{"date":"2025-08-21 05:14:32","eid":"E45756448202508210814lGi6nnYpq0y","amount":"2000","name":"Camila Oliveira De Souza","cpf":"13730787900","bankname":"null","payBank":"","payCpf":"","pixkey":"13730787900","account":"900338457","status":"done","order":"A20250821051431859191C7sKnpEA1"},"sign":"03E940BAB3F9A00EAF450D91001780E6"}

【2025-08-21 12:19:25】
P2025082111594788387184180----提交：{"custId":"24120300001308","appId":"8241201350","order":"P2025082111594788387184180","sign":"3876AB8084E45E22276D094859FA79A5"}

【2025-08-21 12:19:26】
P2025082111594788387184180----返回：{"code":"000000","msg":"P2025082111594788387184180","data":{"date":"2025-08-21 11:59:51","eid":"E3720544720250821145948054bd9389","amount":"20","name":"ITALO JOSE ALVES DE LUCENA","cpf":"11386186406","bankname":"ORBION GAMING LTDA","payBank":"","payCpf":"","pixkey":"81999137381","account":"08561701","status":"done","order":"A202508211159471942933BI4bCD5J"},"sign":"1677479AE4D48E4FC7A7A7A68850EDA5"}

【2025-08-21 12:19:40】
P2025082111594788387184180----提交：{"custId":"24120300001308","appId":"8241201350","order":"P2025082111594788387184180","sign":"3876AB8084E45E22276D094859FA79A5"}

【2025-08-21 12:19:40】
P2025082111594788387184180----返回：{"code":"000000","msg":"P2025082111594788387184180","data":{"date":"2025-08-21 11:59:51","eid":"E3720544720250821145948054bd9389","amount":"20","name":"ITALO JOSE ALVES DE LUCENA","cpf":"11386186406","bankname":"ORBION GAMING LTDA","payBank":"","payCpf":"","pixkey":"81999137381","account":"08561701","status":"done","order":"A202508211159471942933BI4bCD5J"},"sign":"1677479AE4D48E4FC7A7A7A68850EDA5"}

【2025-08-21 12:19:44】
P2025082109034377823105029----提交：{"custId":"24120300001308","appId":"8241201350","order":"P2025082109034377823105029","sign":"8EDBC2AF1B050A7229DE20539D784442"}

【2025-08-21 12:19:44】
P2025082109034377823105029----返回：{"code":"000000","msg":"P2025082109034377823105029","data":{"date":"2025-08-21 09:03:49","eid":"E3720544720250821120344448aca8f8","amount":"1000","name":"RAIMUNDO CARDOSO GOMES","cpf":"46326200334","bankname":"ORBION GAMING LTDA","payBank":"","payCpf":"","pixkey":"11975513267","account":"60701190","status":"done","order":"A20250821090343143532AffW6VCNc"},"sign":"140F078314159F4F011ADE5C05A111A1"}

【2025-08-21 12:20:53】
P2025082111403687236413312----提交：{"custId":"24120300001308","appId":"8241201350","order":"P2025082111403687236413312","sign":"64F19BBAF2D844F3066B06850992B0B3"}

【2025-08-21 12:20:54】
P2025082111403687236413312----返回：{"code":"000000","msg":"P2025082111403687236413312","data":{"date":"2025-08-21 12:20:27","eid":"E37205447202508211520254256cbb68","amount":"101","name":"Marcus Vinicius Lopes Rocha Pereira","cpf":"18544065660","bankname":"ORBION GAMING LTDA","payBank":"","payCpf":"","pixkey":"18544065660","account":"18236120","status":"done","order":"A20250821122024940746HqzIbXHPc"},"sign":"25BCE0062210BF184B6E38A951940C3C"}

【2025-08-21 12:21:02】
P2025082109034377823105029----提交：{"custId":"24120300001308","appId":"8241201350","order":"P2025082109034377823105029","sign":"8EDBC2AF1B050A7229DE20539D784442"}

【2025-08-21 12:21:03】
P2025082109034377823105029----返回：{"code":"000000","msg":"P2025082109034377823105029","data":{"date":"2025-08-21 09:03:49","eid":"E3720544720250821120344448aca8f8","amount":"1000","name":"RAIMUNDO CARDOSO GOMES","cpf":"46326200334","bankname":"ORBION GAMING LTDA","payBank":"","payCpf":"","pixkey":"11975513267","account":"60701190","status":"done","order":"A20250821090343143532AffW6VCNc"},"sign":"140F078314159F4F011ADE5C05A111A1"}

【2025-08-21 12:23:16】
P2025082111555188151894718----提交：{"custId":"24120300001308","appId":"8241201350","order":"P2025082111555188151894718","sign":"B7BBA804575B541AED443540B56F71ED"}

【2025-08-21 12:23:16】
P2025082111555188151894718----返回：{"code":"000000","msg":"P2025082111555188151894718","data":{"date":"2025-08-21 11:55:56","eid":"E3720544720250821145553097aa6ff6","amount":"130","name":"FABIANO RODRIGUES DO PRADO","cpf":"36114875893","bankname":"ORBION GAMING LTDA","payBank":"","payCpf":"","pixkey":"12997953841","account":"90400888","status":"done","order":"A20250821115552610428qnqezKHA6"},"sign":"6DC3179477606638FB596B60407C7A58"}

【2025-08-21 12:31:08】
P2025082112083688916699856----提交：{"custId":"24120300001308","appId":"8241201350","order":"P2025082112083688916699856","sign":"A6548F6BDEC45FEBC3954EADD637AF9A"}

【2025-08-21 12:31:08】
P2025082112083688916699856----返回：{"code":"000000","msg":"P2025082112083688916699856","data":{"date":"2025-08-21 12:30:33","eid":"E3720544720250821153030649a1b8b3","amount":"215","name":"Claudia Machado Da Silva","cpf":"02615645790","bankname":"ORBION GAMING LTDA","payBank":"","payCpf":"","pixkey":"Claudiamdasilva42@gmail.com","account":"22896431","status":"done","order":"A20250821123030166567LbJl53Nz7"},"sign":"A987D67999FF8E576312A71FA64AEF14"}

【2025-08-21 12:41:23】
P2025082112392990769117070----提交：{"custId":"24120300001308","appId":"8241201350","order":"P2025082112392990769117070","sign":"8F99919018BC90EE64772A6F9B5ABA5E"}

【2025-08-21 12:41:24】
P2025082112392990769117070----返回：{"code":"000000","msg":"P2025082112392990769117070","data":{"date":"2025-08-21 12:39:32","eid":"E3720544720250821153930206527615","amount":"150","name":"ANA GABRIELLY OLIVEIRA SILVA","cpf":"07563009248","bankname":"ORBION GAMING LTDA","payBank":"","payCpf":"","pixkey":"07563009248","account":"00360305","status":"done","order":"A20250821123929442206W4drsaK9A"},"sign":"88AF51EA96681587EF023DADEAEFF8E1"}

【2025-08-21 12:41:26】
P2025082112392990769117070----提交：{"custId":"24120300001308","appId":"8241201350","order":"P2025082112392990769117070","sign":"8F99919018BC90EE64772A6F9B5ABA5E"}

【2025-08-21 12:41:26】
P2025082112392990769117070----返回：{"code":"000000","msg":"P2025082112392990769117070","data":{"date":"2025-08-21 12:39:32","eid":"E3720544720250821153930206527615","amount":"150","name":"ANA GABRIELLY OLIVEIRA SILVA","cpf":"07563009248","bankname":"ORBION GAMING LTDA","payBank":"","payCpf":"","pixkey":"07563009248","account":"00360305","status":"done","order":"A20250821123929442206W4drsaK9A"},"sign":"88AF51EA96681587EF023DADEAEFF8E1"}

【2025-08-21 12:47:29】
P2025082110155182151874567----提交：{"custId":"24120300001308","appId":"8241201350","order":"P2025082110155182151874567","sign":"62FED8AB7E60E3C1ABEB6CF78FD4354C"}

【2025-08-21 12:47:30】
P2025082110155182151874567----返回：{"code":"000000","msg":"P2025082110155182151874567","data":{"date":"2025-08-21 10:15:56","eid":"E3720544720250821131552615c558ff","amount":"30","name":"IVAN LIMA DOS SANTOS","cpf":"02520808900","bankname":"ORBION GAMING LTDA","payBank":"","payCpf":"","pixkey":"41996696494","account":"90400888","status":"done","order":"A20250821101552109895D7AMJVQZC"},"sign":"D32A9F6D00C1F0986F79A08AED420E6E"}

【2025-08-21 12:48:15】
P2025081821180762687116696----提交：{"custId":"24120300001308","appId":"8241201350","order":"P2025081821180762687116696","sign":"5E32FF6A8433852D8A24F3FF5FE948C2"}

【2025-08-21 12:48:15】
P2025081821180762687116696----返回：{"code":"000000","msg":"P2025081821180762687116696","data":{"date":"2025-08-18 21:23:13","eid":"E3720544720250819002056704d6a4a8","amount":"50","name":"Aline Alves De Oliveira","cpf":"06512885171","bankname":"ORBION GAMING LTDA","payBank":"","payCpf":"","pixkey":"06512885171","account":"22896431","status":"done","order":"A2025081821180877206119UKUkg6q"},"sign":"BC6DA611B7175AA93CFDE42FD27B5EDD"}

【2025-08-21 12:48:17】
P2025081821180762687116696----提交：{"custId":"24120300001308","appId":"8241201350","order":"P2025081821180762687116696","sign":"5E32FF6A8433852D8A24F3FF5FE948C2"}

【2025-08-21 12:48:17】
P2025081821180762687116696----返回：{"code":"000000","msg":"P2025081821180762687116696","data":{"date":"2025-08-18 21:23:13","eid":"E3720544720250819002056704d6a4a8","amount":"50","name":"Aline Alves De Oliveira","cpf":"06512885171","bankname":"ORBION GAMING LTDA","payBank":"","payCpf":"","pixkey":"06512885171","account":"22896431","status":"done","order":"A2025081821180877206119UKUkg6q"},"sign":"BC6DA611B7175AA93CFDE42FD27B5EDD"}

【2025-08-21 12:48:20】
P2025082110155182151874567----提交：{"custId":"24120300001308","appId":"8241201350","order":"P2025082110155182151874567","sign":"62FED8AB7E60E3C1ABEB6CF78FD4354C"}

【2025-08-21 12:48:21】
P2025082110155182151874567----返回：{"code":"000000","msg":"P2025082110155182151874567","data":{"date":"2025-08-21 10:15:56","eid":"E3720544720250821131552615c558ff","amount":"30","name":"IVAN LIMA DOS SANTOS","cpf":"02520808900","bankname":"ORBION GAMING LTDA","payBank":"","payCpf":"","pixkey":"41996696494","account":"90400888","status":"done","order":"A20250821101552109895D7AMJVQZC"},"sign":"D32A9F6D00C1F0986F79A08AED420E6E"}

【2025-08-21 12:53:01】
P2025082112500091400778023----提交：{"custId":"24120300001308","appId":"8241201350","order":"P2025082112500091400778023","sign":"2B41D75B08DD2442A02E3496F9D49D69"}

【2025-08-21 12:53:02】
P2025082112500091400778023----返回：{"code":"000000","msg":"P2025082112500091400778023","data":{"date":"2025-08-21 12:52:24","eid":"E3720544720250821155003975a49024","amount":"120","name":"53.825.567 ANA CAROLINA VICENTE MURENA DE SOUZA","cpf":"53825567000163","bankname":"ORBION GAMING LTDA","payBank":"","payCpf":"","pixkey":"13981237347","account":"18236120","status":"done","order":"A20250821125001519634pECukVPHf"},"sign":"C917D8D02E2CAD4289908690CE1841ED"}

【2025-08-21 12:57:43】
P2025082112503991439229214----提交：{"custId":"24120300001308","appId":"8241201350","order":"P2025082112503991439229214","sign":"A1AF6FD870DC15FA4ED844C832AD0812"}

【2025-08-21 12:57:43】
P2025082112503991439229214----返回：{"code":"000000","msg":"P2025082112503991439229214","data":{"date":"2025-08-21 12:57:40","eid":"E3720544720250821155040466a4347c","amount":"25","name":"MARIA HELENA FRAGA","cpf":"29783620819","bankname":"ORBION GAMING LTDA","payBank":"","payCpf":"","pixkey":"29783620819","account":"17184037","status":"done","order":"A20250821125039964882Pz6IhUJTw"},"sign":"C3FC0C88DDB05F91EFAEB1D8F1DC86D6"}

【2025-08-21 12:58:44】
P2025082112354990549636341----提交：{"custId":"24120300001308","appId":"8241201350","order":"P2025082112354990549636341","sign":"AD96CC6B3F6518AF35356CE484AA3E47"}

【2025-08-21 12:58:44】
P2025082112354990549636341----返回：{"code":"000000","msg":"P2025082112354990549636341","data":{"date":"2025-08-21 12:35:55","eid":"E3720544720250821153551184590c90","amount":"80","name":"SOLANGE SOUZA BORGES","cpf":"00292326513","bankname":"ORBION GAMING LTDA","payBank":"","payCpf":"","pixkey":"74991062801","account":"90400888","status":"done","order":"A20250821123550927225di5Rr35Dg"},"sign":"923644F2588B69BE528A3DBCF6A7C0AD"}

【2025-08-21 12:59:02】
P2025082112354990549636341----提交：{"custId":"24120300001308","appId":"8241201350","order":"P2025082112354990549636341","sign":"AD96CC6B3F6518AF35356CE484AA3E47"}

【2025-08-21 12:59:02】
P2025082112354990549636341----返回：{"code":"000000","msg":"P2025082112354990549636341","data":{"date":"2025-08-21 12:35:55","eid":"E3720544720250821153551184590c90","amount":"80","name":"SOLANGE SOUZA BORGES","cpf":"00292326513","bankname":"ORBION GAMING LTDA","payBank":"","payCpf":"","pixkey":"74991062801","account":"90400888","status":"done","order":"A20250821123550927225di5Rr35Dg"},"sign":"923644F2588B69BE528A3DBCF6A7C0AD"}

