【2025-08-21 22:05:24】
P2025082121481323693097572----提交：{"custId":"24120300001308","appId":"8241201350","order":"P2025082121481323693097572","sign":"361C1E27ABD9861217CF65B951285120"}

【2025-08-21 22:05:25】
P2025082121481323693097572----返回：{"code":"000000","msg":"P2025082121481323693097572","data":{"date":"2025-08-21 21:49:03","eid":"E457564482025082200493TLQ2DFtXku","amount":"20","name":"MARCOS GUILHERME SILVA","cpf":"4958017127","bankname":"null","payBank":"","payCpf":"","pixkey":"62992392919","account":"12880000009558842635","status":"done","order":"A20250821214813696556S1J6mW3dE"},"sign":"48F7000765FF4504AF32D5F177183A40"}

【2025-08-21 22:05:50】
P2025082121481323693097572----提交：{"custId":"24120300001308","appId":"8241201350","order":"P2025082121481323693097572","sign":"361C1E27ABD9861217CF65B951285120"}

【2025-08-21 22:05:50】
P2025082121481323693097572----返回：{"code":"000000","msg":"P2025082121481323693097572","data":{"date":"2025-08-21 21:49:03","eid":"E457564482025082200493TLQ2DFtXku","amount":"20","name":"MARCOS GUILHERME SILVA","cpf":"4958017127","bankname":"null","payBank":"","payCpf":"","pixkey":"62992392919","account":"12880000009558842635","status":"done","order":"A20250821214813696556S1J6mW3dE"},"sign":"48F7000765FF4504AF32D5F177183A40"}

【2025-08-21 22:20:21】
P2025081921250549505752206----提交：{"custId":"24120300001308","appId":"8241201350","order":"P2025081921250549505752206","sign":"1280F763641F997A5ED543B6DCEE4880"}

【2025-08-21 22:20:22】
P2025081921250549505752206----返回：{"code":"000000","msg":"P2025081921250549505752206","data":{"date":"2025-08-19 21:25:09","eid":"E45756448202508200025aUmV3mBbfkq","amount":"227.76","name":"DEBORA RIBEIRO ALVES","cpf":"6304383908","bankname":"null","payBank":"","payCpf":"","pixkey":"06304383908","account":"12880000009024893220","status":"done","order":"A20250819212506126375cAfj8wjuu"},"sign":"3BF34C1495D178BEB2282785B323919B"}

【2025-08-21 22:38:05】
P2025082121285422534345565----提交：{"custId":"24120300001308","appId":"8241201350","order":"P2025082121285422534345565","sign":"93A8193529DB99078C4459D141968D3C"}

【2025-08-21 22:38:05】
P2025082121285422534345565----返回：{"code":"000000","msg":"P2025082121285422534345565","data":{"date":"2025-08-21 21:28:58","eid":"E45756448202508220028G1vj5RvDZ0S","amount":"60","name":"MAURILIO RIBEIRO DOS SANTOS","cpf":"89801008768","bankname":"null","payBank":"","payCpf":"","pixkey":"21969943907","account":"88101274","status":"done","order":"A20250821212855280191Kp65MtUMF"},"sign":"6ADBA0633B2777E6DEC8277B9B781917"}

【2025-08-21 22:38:16】
P2025082121285422534345565----提交：{"custId":"24120300001308","appId":"8241201350","order":"P2025082121285422534345565","sign":"93A8193529DB99078C4459D141968D3C"}

【2025-08-21 22:38:16】
P2025082121285422534345565----返回：{"code":"000000","msg":"P2025082121285422534345565","data":{"date":"2025-08-21 21:28:58","eid":"E45756448202508220028G1vj5RvDZ0S","amount":"60","name":"MAURILIO RIBEIRO DOS SANTOS","cpf":"89801008768","bankname":"null","payBank":"","payCpf":"","pixkey":"21969943907","account":"88101274","status":"done","order":"A20250821212855280191Kp65MtUMF"},"sign":"6ADBA0633B2777E6DEC8277B9B781917"}

【2025-08-21 22:39:08】
P2025082104590363143381874----提交：{"custId":"24120300001308","appId":"8241201350","order":"P2025082104590363143381874","sign":"0668D7B663A27C27A841CB5989A5AD5E"}

【2025-08-21 22:39:09】
P2025082104590363143381874----返回：{"code":"000000","msg":"P2025082104590363143381874","data":{"date":"2025-08-21 04:59:06","eid":"E45756448202508210759DKQRPB9kkqF","amount":"50","name":"Andreia Maria Da Silva Tomaz","cpf":"10727416448","bankname":"null","payBank":"","payCpf":"","pixkey":"84987774528","account":"75061857","status":"done","order":"A20250821045903044332da6NEVCAC"},"sign":"AA420B17EDEF1CD469413C699CF1F38D"}

