【2025-08-21 07:13:09】
P2025082023021341733353023----提交：{"custId":"24120300001308","appId":"8241201350","order":"P2025082023021341733353023","sign":"EEFD8C1F84871368CBC29A33A2058F80"}

【2025-08-21 07:13:09】
P2025082023021341733353023----返回：{"code":"000000","msg":"P2025082023021341733353023","data":{"date":"2025-08-20 23:02:15","eid":"E45756448202508210202N6lbKzW880G","amount":"80","name":"FABIANA SOUZA SANTOS","cpf":"5348794546","bankname":"null","payBank":"","payCpf":"","pixkey":"05348794546","account":"12880000008080675897","status":"done","order":"A20250820230214108164aHKi3KEwP"},"sign":"B4F8DB56738DE9B6000B3D133C4B35B5"}

【2025-08-21 07:13:12】
P2025082023021341733353023----提交：{"custId":"24120300001308","appId":"8241201350","order":"P2025082023021341733353023","sign":"EEFD8C1F84871368CBC29A33A2058F80"}

【2025-08-21 07:13:12】
P2025082023021341733353023----返回：{"code":"000000","msg":"P2025082023021341733353023","data":{"date":"2025-08-20 23:02:15","eid":"E45756448202508210202N6lbKzW880G","amount":"80","name":"FABIANA SOUZA SANTOS","cpf":"5348794546","bankname":"null","payBank":"","payCpf":"","pixkey":"05348794546","account":"12880000008080675897","status":"done","order":"A20250820230214108164aHKi3KEwP"},"sign":"B4F8DB56738DE9B6000B3D133C4B35B5"}

【2025-08-21 07:16:22】
P2025082106411169271584488----提交：{"custId":"24120300001308","appId":"8241201350","order":"P2025082106411169271584488","sign":"DA8E66FCF00B48EE0965AE6F9B45A16A"}

【2025-08-21 07:16:22】
P2025082106411169271584488----返回：{"code":"000000","msg":"P2025082106411169271584488","data":{"date":"2025-08-21 06:41:14","eid":"E45756448202508210941NTJ52ltQrEa","amount":"30","name":"LUCIMEIRE ALVES DE SOUSA","cpf":"3709743362","bankname":"null","payBank":"","payCpf":"","pixkey":"61999456136","account":"10157393","status":"done","order":"A20250821064111155861dmtWFDYG6"},"sign":"692FD859E40D6D6D28C1CB63408DD6BB"}

【2025-08-21 07:16:44】
P2025082106411169271584488----提交：{"custId":"24120300001308","appId":"8241201350","order":"P2025082106411169271584488","sign":"DA8E66FCF00B48EE0965AE6F9B45A16A"}

【2025-08-21 07:16:44】
P2025082106411169271584488----返回：{"code":"000000","msg":"P2025082106411169271584488","data":{"date":"2025-08-21 06:41:14","eid":"E45756448202508210941NTJ52ltQrEa","amount":"30","name":"LUCIMEIRE ALVES DE SOUSA","cpf":"3709743362","bankname":"null","payBank":"","payCpf":"","pixkey":"61999456136","account":"10157393","status":"done","order":"A20250821064111155861dmtWFDYG6"},"sign":"692FD859E40D6D6D28C1CB63408DD6BB"}

【2025-08-21 07:26:38】
P2025082106285168531474320----提交：{"custId":"24120300001308","appId":"8241201350","order":"P2025082106285168531474320","sign":"6D92CF75874ED7A1253172F5E80DFD24"}

【2025-08-21 07:26:38】
P2025082106285168531474320----返回：{"code":"000000","msg":"P2025082106285168531474320","data":{"date":"2025-08-21 06:28:54","eid":"E45756448202508210928TC3QHhydJ0a","amount":"24","name":"IVANI DA LUZ SILVA                      ","cpf":"48074900606","bankname":"null","payBank":"","payCpf":"","pixkey":"34988122210","account":"3547876","status":"done","order":"A20250821062851710827bQZQAGBAC"},"sign":"933E900F8899319D039A89DA4988398E"}

【2025-08-21 07:27:36】
P2025082106285168531474320----提交：{"custId":"24120300001308","appId":"8241201350","order":"P2025082106285168531474320","sign":"6D92CF75874ED7A1253172F5E80DFD24"}

【2025-08-21 07:27:36】
P2025082106285168531474320----返回：{"code":"000000","msg":"P2025082106285168531474320","data":{"date":"2025-08-21 06:28:54","eid":"E45756448202508210928TC3QHhydJ0a","amount":"24","name":"IVANI DA LUZ SILVA                      ","cpf":"48074900606","bankname":"null","payBank":"","payCpf":"","pixkey":"34988122210","account":"3547876","status":"done","order":"A20250821062851710827bQZQAGBAC"},"sign":"933E900F8899319D039A89DA4988398E"}

【2025-08-21 07:47:53】
P2025082107325072370755192----提交：{"custId":"24120300001308","appId":"8241201350","order":"P2025082107325072370755192","sign":"A6B62B7CBBF593F9D2F7BB31E893FD1C"}

【2025-08-21 07:47:53】
P2025082107325072370755192----返回：{"code":"000000","msg":"P2025082107325072370755192","data":{"date":"2025-08-21 07:32:53","eid":"E45756448202508211032LJTYtUPLQ0G","amount":"20","name":"Jassia Paiva De Sousa","cpf":"4671396289","bankname":"null","payBank":"","payCpf":"","pixkey":"04671396289","account":"406374066","status":"done","order":"A20250821073251373881ufIpt3iD2"},"sign":"8FBA3A4399CB97037EBFD671D5E01475"}

