【2025-08-21 14:12:46】
P2025082113565895418392668----提交：{"custId":"24120300001308","appId":"8241201350","order":"P2025082113565895418392668","sign":"C8F26882ADDA9A5FB46D568ED50692C7"}

【2025-08-21 14:12:47】
P2025082113565895418392668----返回：{"code":"000000","msg":"P2025082113565895418392668","data":{"date":"2025-08-21 13:57:06","eid":"E37205447202508211657011019a8691","amount":"300","name":"RAFAEL VALENTIM CICINATO","cpf":"07526826602","bankname":"ORBION GAMING LTDA","payBank":"","payCpf":"","pixkey":"27995906338","account":"60701190","status":"done","order":"A20250821135659326261uEjvl16ib"},"sign":"05B2CB37D62E3F31B6AE9D98AE46C402"}

【2025-08-21 14:13:35】
P2025082113565895418392668----提交：{"custId":"24120300001308","appId":"8241201350","order":"P2025082113565895418392668","sign":"C8F26882ADDA9A5FB46D568ED50692C7"}

【2025-08-21 14:13:35】
P2025082113565895418392668----返回：{"code":"000000","msg":"P2025082113565895418392668","data":{"date":"2025-08-21 13:57:06","eid":"E37205447202508211657011019a8691","amount":"300","name":"RAFAEL VALENTIM CICINATO","cpf":"07526826602","bankname":"ORBION GAMING LTDA","payBank":"","payCpf":"","pixkey":"27995906338","account":"60701190","status":"done","order":"A20250821135659326261uEjvl16ib"},"sign":"05B2CB37D62E3F31B6AE9D98AE46C402"}

【2025-08-21 14:28:53】
P2025082114222496944112289----提交：{"custId":"24120300001308","appId":"8241201350","order":"P2025082114222496944112289","sign":"87545E8A5D8D9DD94662C64635B322F7"}

【2025-08-21 14:28:54】
P2025082114222496944112289----返回：{"code":"000000","msg":"P2025082114222496944112289","data":{"date":"2025-08-21 14:23:02","eid":"E45756448202508211723v8tkcToP0y4","amount":"10","name":"Pedro Irineu da Silva","cpf":"71357611463","bankname":"null","payBank":"","payCpf":"","pixkey":"71993957909","account":"391526860","status":"done","order":"A20250821142225642039ZJlQVrMhc"},"sign":"5F61A2E796D500D02077462085244355"}

【2025-08-21 14:28:55】
P2025082114222496944112289----提交：{"custId":"24120300001308","appId":"8241201350","order":"P2025082114222496944112289","sign":"87545E8A5D8D9DD94662C64635B322F7"}

【2025-08-21 14:28:56】
P2025082114222496944112289----返回：{"code":"000000","msg":"P2025082114222496944112289","data":{"date":"2025-08-21 14:23:02","eid":"E45756448202508211723v8tkcToP0y4","amount":"10","name":"Pedro Irineu da Silva","cpf":"71357611463","bankname":"null","payBank":"","payCpf":"","pixkey":"71993957909","account":"391526860","status":"done","order":"A20250821142225642039ZJlQVrMhc"},"sign":"5F61A2E796D500D02077462085244355"}

【2025-08-21 14:31:27】
P2025082023205042850697362----提交：{"custId":"24120300001308","appId":"8241201350","order":"P2025082023205042850697362","sign":"11A99BCD737640B5B8F3215B47CBA991"}

【2025-08-21 14:31:27】
P2025082023205042850697362----返回：{"code":"000000","msg":"P2025082023205042850697362","data":{"date":"2025-08-20 23:20:53","eid":"E45756448202508210220zaw7ZpgPtU6","amount":"70","name":"MARCELO FERREIRA DE ANDRADE DIETRICH","cpf":"1331851254","bankname":"null","payBank":"","payCpf":"","pixkey":"01331851254","account":"12880000008606546397","status":"done","order":"A20250820232050916328IFZhL1H1i"},"sign":"0A23EEA3A374B2B1C30588131384E60A"}

【2025-08-21 14:31:39】
P2025082023205042850697362----提交：{"custId":"24120300001308","appId":"8241201350","order":"P2025082023205042850697362","sign":"11A99BCD737640B5B8F3215B47CBA991"}

【2025-08-21 14:31:40】
P2025082023205042850697362----返回：{"code":"000000","msg":"P2025082023205042850697362","data":{"date":"2025-08-20 23:20:53","eid":"E45756448202508210220zaw7ZpgPtU6","amount":"70","name":"MARCELO FERREIRA DE ANDRADE DIETRICH","cpf":"1331851254","bankname":"null","payBank":"","payCpf":"","pixkey":"01331851254","account":"12880000008606546397","status":"done","order":"A20250820232050916328IFZhL1H1i"},"sign":"0A23EEA3A374B2B1C30588131384E60A"}

