【2025-08-21 18:03:10】
P2025082117580309883359442----提交：{"custId":"24120300001308","appId":"8241201350","order":"P2025082117580309883359442","sign":"3AA15758D1279800B7753EB8F1250204"}

【2025-08-21 18:03:10】
P2025082117580309883359442----返回：{"code":"000000","msg":"P2025082117580309883359442","data":{"date":"2025-08-21 17:58:11","eid":"E372054472025082120580479039bde5","amount":"20","name":"Eliane da Silva Braz","cpf":"08326066931","bankname":"ORBION GAMING LTDA","payBank":"","payCpf":"","pixkey":"45998139820","account":"10573521","status":"done","order":"A20250821175804208955xwav4wRXV"},"sign":"D883E9E01C36C2D77F012567871EEE3F"}

【2025-08-21 18:03:51】
P2025082117580309883359442----提交：{"custId":"24120300001308","appId":"8241201350","order":"P2025082117580309883359442","sign":"3AA15758D1279800B7753EB8F1250204"}

【2025-08-21 18:03:52】
P2025082117580309883359442----返回：{"code":"000000","msg":"P2025082117580309883359442","data":{"date":"2025-08-21 17:58:11","eid":"E372054472025082120580479039bde5","amount":"20","name":"Eliane da Silva Braz","cpf":"08326066931","bankname":"ORBION GAMING LTDA","payBank":"","payCpf":"","pixkey":"45998139820","account":"10573521","status":"done","order":"A20250821175804208955xwav4wRXV"},"sign":"D883E9E01C36C2D77F012567871EEE3F"}

【2025-08-21 18:25:05】
P2025082112585791937575713----提交：{"custId":"24120300001308","appId":"8241201350","order":"P2025082112585791937575713","sign":"0DB4C7FBD6DA9419FC75233367E83808"}

【2025-08-21 18:25:05】
P2025082112585791937575713----返回：{"code":"000000","msg":"P2025082112585791937575713","data":{"date":"2025-08-21 12:59:01","eid":"E457564482025082115587A0fJCfyU6Z","amount":"60","name":"MARCELO PIRES","cpf":"11632638770","bankname":"null","payBank":"","payCpf":"","pixkey":"24999369749","account":"136755","status":"done","order":"A20250821125857017854uCDEcJ6vV"},"sign":"2F172D8CCC65DF4A5F30400347713B71"}

【2025-08-21 18:25:19】
P2025082112585791937575713----提交：{"custId":"24120300001308","appId":"8241201350","order":"P2025082112585791937575713","sign":"0DB4C7FBD6DA9419FC75233367E83808"}

【2025-08-21 18:25:20】
P2025082112585791937575713----返回：{"code":"000000","msg":"P2025082112585791937575713","data":{"date":"2025-08-21 12:59:01","eid":"E457564482025082115587A0fJCfyU6Z","amount":"60","name":"MARCELO PIRES","cpf":"11632638770","bankname":"null","payBank":"","payCpf":"","pixkey":"24999369749","account":"136755","status":"done","order":"A20250821125857017854uCDEcJ6vV"},"sign":"2F172D8CCC65DF4A5F30400347713B71"}

【2025-08-21 18:50:37】
P2025082117533909619124596----提交：{"custId":"24120300001308","appId":"8241201350","order":"P2025082117533909619124596","sign":"A1F468E85AABADB0E13AE73DED310FD5"}

【2025-08-21 18:50:38】
P2025082117533909619124596----返回：{"code":"000000","msg":"P2025082117533909619124596","data":{"date":"2025-08-21 17:53:44","eid":"E37205447202508212053403756484e1","amount":"1000","name":"JOSE ALBERTO SILVA SOUZA CALADO","cpf":"04318809480","bankname":"ORBION GAMING LTDA","payBank":"","payCpf":"","pixkey":"87981403042","account":"22896431","status":"done","order":"A20250821175340731513FVnG99C5B"},"sign":"7CCD7A313DEC51B5AA66E053EACCBBE5"}

【2025-08-21 18:51:03】
P2025082117533909619124596----提交：{"custId":"24120300001308","appId":"8241201350","order":"P2025082117533909619124596","sign":"A1F468E85AABADB0E13AE73DED310FD5"}

【2025-08-21 18:51:04】
P2025082117533909619124596----返回：{"code":"000000","msg":"P2025082117533909619124596","data":{"date":"2025-08-21 17:53:44","eid":"E37205447202508212053403756484e1","amount":"1000","name":"JOSE ALBERTO SILVA SOUZA CALADO","cpf":"04318809480","bankname":"ORBION GAMING LTDA","payBank":"","payCpf":"","pixkey":"87981403042","account":"22896431","status":"done","order":"A20250821175340731513FVnG99C5B"},"sign":"7CCD7A313DEC51B5AA66E053EACCBBE5"}

【2025-08-21 18:52:42】
P2025082117533909619124596----提交：{"custId":"24120300001308","appId":"8241201350","order":"P2025082117533909619124596","sign":"A1F468E85AABADB0E13AE73DED310FD5"}

【2025-08-21 18:52:43】
P2025082117533909619124596----返回：{"code":"000000","msg":"P2025082117533909619124596","data":{"date":"2025-08-21 17:53:44","eid":"E37205447202508212053403756484e1","amount":"1000","name":"JOSE ALBERTO SILVA SOUZA CALADO","cpf":"04318809480","bankname":"ORBION GAMING LTDA","payBank":"","payCpf":"","pixkey":"87981403042","account":"22896431","status":"done","order":"A20250821175340731513FVnG99C5B"},"sign":"7CCD7A313DEC51B5AA66E053EACCBBE5"}

