【2025-08-21 20:09:01】
P2025082119571817038834183----提交：{"custId":"24120300001308","appId":"8241201350","order":"P2025082119571817038834183","sign":"EEDFD8B6C6E5BABF2469E2DCE2FB93EF"}

【2025-08-21 20:09:04】
P2025082119571817038834183----提交：{"custId":"24120300001308","appId":"8241201350","order":"P2025082119571817038834183","sign":"EEDFD8B6C6E5BABF2469E2DCE2FB93EF"}

【2025-08-21 20:09:04】
P2025082119571817038834183----返回：{"code":"000000","msg":"P2025082119571817038834183","data":{"date":"2025-08-21 19:57:22","eid":"E45756448202508212257iZPKjgPQ0Ss","amount":"298","name":"Paulo Cesar Leal da Silva","cpf":"41196309787","bankname":"null","payBank":"","payCpf":"","pixkey":"21984330059","account":"581532791","status":"done","order":"A20250821195719179657Ps6KRXAnb"},"sign":"DA9299547B6FC5017E6D9A6187EFB752"}

【2025-08-21 20:09:08】
P2025082119571817038834183----提交：{"custId":"24120300001308","appId":"8241201350","order":"P2025082119571817038834183","sign":"EEDFD8B6C6E5BABF2469E2DCE2FB93EF"}

【2025-08-21 20:09:09】
P2025082119571817038834183----返回：{"code":"000000","msg":"P2025082119571817038834183","data":{"date":"2025-08-21 19:57:22","eid":"E45756448202508212257iZPKjgPQ0Ss","amount":"298","name":"Paulo Cesar Leal da Silva","cpf":"41196309787","bankname":"null","payBank":"","payCpf":"","pixkey":"21984330059","account":"581532791","status":"done","order":"A20250821195719179657Ps6KRXAnb"},"sign":"DA9299547B6FC5017E6D9A6187EFB752"}

【2025-08-21 20:09:23】
P2025082119571817038834183----返回：

【2025-08-21 20:16:34】
P2025082120153418134649085----提交：{"custId":"24120300001308","appId":"8241201350","order":"P2025082120153418134649085","sign":"37C68B26B416F1D99329103C6443077D"}

【2025-08-21 20:16:34】
P2025082120153418134649085----返回：{"code":"000000","msg":"P2025082120153418134649085","data":{"date":"2025-08-21 20:15:40","eid":"E372054472025082123153638056442f","amount":"203","name":"ARILSON MATHEUS SEIDEL","cpf":"03508795080","bankname":"ORBION GAMING LTDA","payBank":"","payCpf":"","pixkey":"03508795080","account":"22896431","status":"done","order":"A20250821201535315598VDEV5nD4S"},"sign":"2C33FCA00E66241180D27D4DDA55502A"}

【2025-08-21 20:22:17】
P2025082120134218022417254----提交：{"custId":"24120300001308","appId":"8241201350","order":"P2025082120134218022417254","sign":"79B826B697A96555326E49878CC5F462"}

【2025-08-21 20:22:17】
P2025082120134218022417254----返回：{"code":"000000","msg":"P2025082120134218022417254","data":{"date":"2025-08-21 20:20:44","eid":"E3720544720250821231343909085ddd","amount":"30","name":"Marcelo do nascimento pinheiro","cpf":"05215004781","bankname":"ORBION GAMING LTDA","payBank":"","payCpf":"","pixkey":"05215004781","account":"08561701","status":"done","order":"A20250821201343341367anIXgwxWY"},"sign":"999D6B49C1466CDBA9E3B4E717F11E43"}

【2025-08-21 20:38:29】
P2025082113220993329504432----提交：{"custId":"24120300001308","appId":"8241201350","order":"P2025082113220993329504432","sign":"BBA0DBF4F6F2BAE41745F6DBC2771DA5"}

【2025-08-21 20:38:30】
P2025082113220993329504432----返回：{"code":"000000","msg":"P2025082113220993329504432","data":{"date":"2025-08-21 13:22:14","eid":"E37205447202508211622107704660ce","amount":"20","name":"WAGNER DOS SANTOS ALEXANDRE","cpf":"11335395725","bankname":"ORBION GAMING LTDA","payBank":"","payCpf":"","pixkey":"27997464036","account":"00360305","status":"done","order":"A202508211322092982994QVhiarAx"},"sign":"D70D617A83D7A49251A4FC54498B4396"}

【2025-08-21 20:38:41】
P2025082113220993329504432----提交：{"custId":"24120300001308","appId":"8241201350","order":"P2025082113220993329504432","sign":"BBA0DBF4F6F2BAE41745F6DBC2771DA5"}

【2025-08-21 20:38:42】
P2025082113220993329504432----返回：{"code":"000000","msg":"P2025082113220993329504432","data":{"date":"2025-08-21 13:22:14","eid":"E37205447202508211622107704660ce","amount":"20","name":"WAGNER DOS SANTOS ALEXANDRE","cpf":"11335395725","bankname":"ORBION GAMING LTDA","payBank":"","payCpf":"","pixkey":"27997464036","account":"00360305","status":"done","order":"A202508211322092982994QVhiarAx"},"sign":"D70D617A83D7A49251A4FC54498B4396"}

【2025-08-21 20:47:28】
P2025082120091617756931841----提交：{"custId":"24120300001308","appId":"8241201350","order":"P2025082120091617756931841","sign":"8CE1CB083D4AF47825867E7CB39B469F"}

【2025-08-21 20:47:29】
P2025082120091617756931841----返回：{"code":"000000","msg":"P2025082120091617756931841","data":{"date":"2025-08-21 20:10:32","eid":"E45756448202508212310o7F6W23a2EK","amount":"180","name":"VALTEIR DE JESUS SOUSA","cpf":"2991699361","bankname":"null","payBank":"","payCpf":"","pixkey":"02991699361","account":"10361853","status":"done","order":"A20250821200918049920M5wN1PrYC"},"sign":"AEFA2427F1596EB6F9B275AC1EC37D94"}

【2025-08-21 20:47:34】
P2025082120091617756931841----提交：{"custId":"24120300001308","appId":"8241201350","order":"P2025082120091617756931841","sign":"8CE1CB083D4AF47825867E7CB39B469F"}

【2025-08-21 20:47:34】
P2025082120091617756931841----返回：{"code":"000000","msg":"P2025082120091617756931841","data":{"date":"2025-08-21 20:10:32","eid":"E45756448202508212310o7F6W23a2EK","amount":"180","name":"VALTEIR DE JESUS SOUSA","cpf":"2991699361","bankname":"null","payBank":"","payCpf":"","pixkey":"02991699361","account":"10361853","status":"done","order":"A20250821200918049920M5wN1PrYC"},"sign":"AEFA2427F1596EB6F9B275AC1EC37D94"}

【2025-08-21 20:48:34】
P2025082120470820028798185----提交：{"custId":"24120300001308","appId":"8241201350","order":"P2025082120470820028798185","sign":"01A04043E51EE6C303932A7D7433764F"}

【2025-08-21 20:48:35】
P2025082120470820028798185----返回：{"code":"000000","msg":"P2025082120470820028798185","data":{"date":"2025-08-21 20:48:05","eid":"E45756448202508212348GLalyroKe0u","amount":"1000","name":"Laiz Lima Cruz","cpf":"3845646586","bankname":"null","payBank":"","payCpf":"","pixkey":"03845646586","account":"68491643440","status":"done","order":"A20250821204802948484ynxIMbrJq"},"sign":"2CA4E7E6652DDB95B8778B8EBF3409F7"}

【2025-08-21 20:48:40】
P2025082120470820028798185----提交：{"custId":"24120300001308","appId":"8241201350","order":"P2025082120470820028798185","sign":"01A04043E51EE6C303932A7D7433764F"}

【2025-08-21 20:48:40】
P2025082120470820028798185----返回：{"code":"000000","msg":"P2025082120470820028798185","data":{"date":"2025-08-21 20:48:05","eid":"E45756448202508212348GLalyroKe0u","amount":"1000","name":"Laiz Lima Cruz","cpf":"3845646586","bankname":"null","payBank":"","payCpf":"","pixkey":"03845646586","account":"68491643440","status":"done","order":"A20250821204802948484ynxIMbrJq"},"sign":"2CA4E7E6652DDB95B8778B8EBF3409F7"}

