【2025-08-21 17:01:28】
P2025082116522805948967552----提交：{"custId":"24120300001308","appId":"8241201350","order":"P2025082116522805948967552","sign":"D31BBFFA598DEFA46BCD9E330B82121D"}

【2025-08-21 17:01:28】
P2025082116522805948967552----返回：{"code":"000000","msg":"P2025082116522805948967552","data":{"date":"2025-08-21 16:52:33","eid":"E3720544720250821195229333cc0503","amount":"50","name":"NATASHA APARECIDA GARCIA","cpf":"09606614921","bankname":"ORBION GAMING LTDA","payBank":"","payCpf":"","pixkey":"41988561406","account":"18189547","status":"done","order":"A20250821165229528080A7drENYqp"},"sign":"483B8E4CE484F3E121D1E6E3E7AB49E6"}

【2025-08-21 17:01:54】
P2025082116522805948967552----提交：{"custId":"24120300001308","appId":"8241201350","order":"P2025082116522805948967552","sign":"D31BBFFA598DEFA46BCD9E330B82121D"}

【2025-08-21 17:01:55】
P2025082116522805948967552----返回：{"code":"000000","msg":"P2025082116522805948967552","data":{"date":"2025-08-21 16:52:33","eid":"E3720544720250821195229333cc0503","amount":"50","name":"NATASHA APARECIDA GARCIA","cpf":"09606614921","bankname":"ORBION GAMING LTDA","payBank":"","payCpf":"","pixkey":"41988561406","account":"18189547","status":"done","order":"A20250821165229528080A7drENYqp"},"sign":"483B8E4CE484F3E121D1E6E3E7AB49E6"}

【2025-08-21 17:02:32】
P2025082116555306153026368----提交：{"custId":"24120300001308","appId":"8241201350","order":"P2025082116555306153026368","sign":"780C8B98EF51CA8CDB71E490CE8ADCF5"}

【2025-08-21 17:02:32】
P2025082116555306153026368----返回：{"code":"000000","msg":"P2025082116555306153026368","data":{"date":"2025-08-21 17:01:37","eid":"E3720544720250821200136054a28b11","amount":"10500","name":"RAMON GONCALVES DE SOUZA","cpf":"10708971679","bankname":"ORBION GAMING LTDA","payBank":"","payCpf":"","pixkey":"31933015871","account":"60701190","status":"done","order":"A20250821170107484000VDIQXFHkX"},"sign":"72AB8EC2628534EA20B63F0C2EC209C7"}

【2025-08-21 17:14:39】
P2025082116503305833473385----提交：{"custId":"24120300001308","appId":"8241201350","order":"P2025082116503305833473385","sign":"2C75D6349219F70C486D9C0E1416B8B4"}

【2025-08-21 17:14:40】
P2025082116503305833473385----返回：{"code":"000000","msg":"P2025082116503305833473385","data":{"date":"2025-08-21 16:50:38","eid":"E3720544720250821195034947fe5295","amount":"35","name":"EMANUEL BRUNO FERREIRA SILVA","cpf":"63380092355","bankname":"ORBION GAMING LTDA","payBank":"","payCpf":"","pixkey":"63380092355","account":"00360305","status":"done","order":"A202508211650343496744u5j4SJhC"},"sign":"DB9CF9B2606FE3A6BE5968E65C14096B"}

【2025-08-21 17:14:53】
P2025082116503305833473385----提交：{"custId":"24120300001308","appId":"8241201350","order":"P2025082116503305833473385","sign":"2C75D6349219F70C486D9C0E1416B8B4"}

【2025-08-21 17:14:53】
P2025082116503305833473385----返回：{"code":"000000","msg":"P2025082116503305833473385","data":{"date":"2025-08-21 16:50:38","eid":"E3720544720250821195034947fe5295","amount":"35","name":"EMANUEL BRUNO FERREIRA SILVA","cpf":"63380092355","bankname":"ORBION GAMING LTDA","payBank":"","payCpf":"","pixkey":"63380092355","account":"00360305","status":"done","order":"A202508211650343496744u5j4SJhC"},"sign":"DB9CF9B2606FE3A6BE5968E65C14096B"}

【2025-08-21 17:27:31】
P2025081820390960349879578----提交：{"custId":"24120300001308","appId":"8241201350","order":"P2025081820390960349879578","sign":"7E4F7B7ADEE2C28D6CD94B375FD35B2A"}

【2025-08-21 17:27:31】
P2025081820390960349879578----返回：{"code":"000000","msg":"P2025081820390960349879578","data":{"date":"2025-08-18 20:39:15","eid":"E457564482025081823393QGbt4OTmkD","amount":"50","name":"vera Lucia Alves","cpf":"86531166649","bankname":"null","payBank":"","payCpf":"","pixkey":"86531166649","account":"404798472","status":"done","order":"A20250818203909591483cmPiywqsI"},"sign":"BD736C93E6110E34CE5FCF53FC2F1581"}

【2025-08-21 17:38:11】
P2025082116261504375741558----提交：{"custId":"24120300001308","appId":"8241201350","order":"P2025082116261504375741558","sign":"CBBCC5026EB8A26B7B40EC11164743BD"}

【2025-08-21 17:38:12】
P2025082116261504375741558----返回：{"code":"000000","msg":"P2025082116261504375741558","data":{"date":"2025-08-21 16:26:21","eid":"E372054472025082119261725019f1af","amount":"20","name":"MARTA FABIANA DA SILVA","cpf":"33315158843","bankname":"ORBION GAMING LTDA","payBank":"","payCpf":"","pixkey":"14997526214","account":"90400888","status":"done","order":"A20250821162616091527EyYPtUPjU"},"sign":"885BA38E470907CB3F4D743014BD078A"}

【2025-08-21 17:38:23】
P2025082116252304323569705----提交：{"custId":"24120300001308","appId":"8241201350","order":"P2025082116252304323569705","sign":"F185719AF7EE7E7EA3E026BB1B3EC8DB"}

【2025-08-21 17:38:23】
P2025082116252304323569705----返回：{"code":"000000","msg":"P2025082116252304323569705","data":{"date":"2025-08-21 16:25:29","eid":"E3720544720250821192525176c0763f","amount":"20","name":"MARTA FABIANA DA SILVA","cpf":"33315158843","bankname":"ORBION GAMING LTDA","payBank":"","payCpf":"","pixkey":"14997526214","account":"90400888","status":"done","order":"A20250821162524466369C4EtrWt5A"},"sign":"6F39C7B01BF9001CA63007431978A377"}

