【2025-08-21 23:03:46】
P2025082122351826518956736----提交：{"custId":"24120300001308","appId":"8241201350","order":"P2025082122351826518956736","sign":"9EFC08590AC5105224BD100F047675EE"}

【2025-08-21 23:03:47】
P2025082122351826518956736----返回：{"code":"000000","msg":"P2025082122351826518956736","data":{"date":"2025-08-21 22:35:36","eid":"E45756448202508220135blKp6t2U4kK","amount":"50","name":"RENATA SIMONE CARAVANTE","cpf":"26852029867","bankname":"null","payBank":"","payCpf":"","pixkey":"18997677455","account":"12880000009426669766","status":"done","order":"A20250821223519698916UKUnuXQRv"},"sign":"8EE4C6E41E1944A3863AD8FA9ABCA065"}

【2025-08-21 23:04:46】
P2025082122351826518956736----提交：{"custId":"24120300001308","appId":"8241201350","order":"P2025082122351826518956736","sign":"9EFC08590AC5105224BD100F047675EE"}

【2025-08-21 23:04:46】
P2025082122351826518956736----返回：{"code":"000000","msg":"P2025082122351826518956736","data":{"date":"2025-08-21 22:35:36","eid":"E45756448202508220135blKp6t2U4kK","amount":"50","name":"RENATA SIMONE CARAVANTE","cpf":"26852029867","bankname":"null","payBank":"","payCpf":"","pixkey":"18997677455","account":"12880000009426669766","status":"done","order":"A20250821223519698916UKUnuXQRv"},"sign":"8EE4C6E41E1944A3863AD8FA9ABCA065"}

【2025-08-21 23:46:20】
P2025082123331429994384742----提交：{"custId":"24120300001308","appId":"8241201350","order":"P2025082123331429994384742","sign":"FAD33F722EB8253184FF91C1F6343337"}

【2025-08-21 23:46:20】
P2025082123331429994384742----返回：{"code":"000000","msg":"P2025082123331429994384742","data":{"date":"2025-08-21 23:40:52","eid":"E37205447202508220233158154c5cb4","amount":"30","name":"Cristina de Jesus Alves","cpf":"00870350579","bankname":"ORBION GAMING LTDA","payBank":"","payCpf":"","pixkey":"73981773065","account":"18236120","status":"done","order":"A20250821233314875278PHhUJ27gG"},"sign":"34FC6FF687A7399D5E8C63BDC579079D"}

【2025-08-21 23:47:01】
P2025082123331429994384742----提交：{"custId":"24120300001308","appId":"8241201350","order":"P2025082123331429994384742","sign":"FAD33F722EB8253184FF91C1F6343337"}

【2025-08-21 23:47:01】
P2025082123331429994384742----返回：{"code":"000000","msg":"P2025082123331429994384742","data":{"date":"2025-08-21 23:40:52","eid":"E37205447202508220233158154c5cb4","amount":"30","name":"Cristina de Jesus Alves","cpf":"00870350579","bankname":"ORBION GAMING LTDA","payBank":"","payCpf":"","pixkey":"73981773065","account":"18236120","status":"done","order":"A20250821233314875278PHhUJ27gG"},"sign":"34FC6FF687A7399D5E8C63BDC579079D"}

【2025-08-21 23:48:18】
P2025082123145028890109774----提交：{"custId":"24120300001308","appId":"8241201350","order":"P2025082123145028890109774","sign":"F3638BBBA59C1FD17C2115CF1E0D23DA"}

【2025-08-21 23:48:18】
P2025082123145028890109774----返回：{"code":"000000","msg":"P2025082123145028890109774","data":{"date":"2025-08-21 23:14:53","eid":"E45756448202508220214OrdC2PniUSB","amount":"190","name":"Ronney Quaresma","cpf":"68849249268","bankname":"null","payBank":"","payCpf":"","pixkey":"96988122230","account":"65678306582","status":"done","order":"A20250821231450420809Kz6zLGVMX"},"sign":"E572E0C5E3463B18D73F13C3F381C82C"}

【2025-08-21 23:48:29】
P2025082123145028890109774----提交：{"custId":"24120300001308","appId":"8241201350","order":"P2025082123145028890109774","sign":"F3638BBBA59C1FD17C2115CF1E0D23DA"}

【2025-08-21 23:48:29】
P2025082123145028890109774----返回：{"code":"000000","msg":"P2025082123145028890109774","data":{"date":"2025-08-21 23:14:53","eid":"E45756448202508220214OrdC2PniUSB","amount":"190","name":"Ronney Quaresma","cpf":"68849249268","bankname":"null","payBank":"","payCpf":"","pixkey":"96988122230","account":"65678306582","status":"done","order":"A20250821231450420809Kz6zLGVMX"},"sign":"E572E0C5E3463B18D73F13C3F381C82C"}

