【2025-08-21 19:10:31】
P2025081922583055110274981----提交：{"custId":"24120300001308","appId":"8241201350","order":"P2025081922583055110274981","sign":"D1167AE6DCE3A5858FB8237BDEA90BA4"}

【2025-08-21 19:10:31】
P2025081922583055110274981----返回：{"code":"000000","msg":"P2025081922583055110274981","data":{"date":"2025-08-19 22:58:32","eid":"E45756448202508200158emzYqFO0EUK","amount":"60","name":"UGUIARLY ROMUALDO LOPES","cpf":"16081873650","bankname":"null","payBank":"","payCpf":"","pixkey":"16081873650","account":"318540","status":"done","order":"A20250819225830959924YRCzjUlAW"},"sign":"ADE066B5D7A6E49CC51663C531FA443E"}

【2025-08-21 19:10:40】
P2025081922583055110274981----提交：{"custId":"24120300001308","appId":"8241201350","order":"P2025081922583055110274981","sign":"D1167AE6DCE3A5858FB8237BDEA90BA4"}

【2025-08-21 19:10:41】
P2025081922583055110274981----返回：{"code":"000000","msg":"P2025081922583055110274981","data":{"date":"2025-08-19 22:58:32","eid":"E45756448202508200158emzYqFO0EUK","amount":"60","name":"UGUIARLY ROMUALDO LOPES","cpf":"16081873650","bankname":"null","payBank":"","payCpf":"","pixkey":"16081873650","account":"318540","status":"done","order":"A20250819225830959924YRCzjUlAW"},"sign":"ADE066B5D7A6E49CC51663C531FA443E"}

【2025-08-21 19:17:49】
P2025081922583055110274981----提交：{"custId":"24120300001308","appId":"8241201350","order":"P2025081922583055110274981","sign":"D1167AE6DCE3A5858FB8237BDEA90BA4"}

【2025-08-21 19:17:49】
P2025081922583055110274981----返回：{"code":"000000","msg":"P2025081922583055110274981","data":{"date":"2025-08-19 22:58:32","eid":"E45756448202508200158emzYqFO0EUK","amount":"60","name":"UGUIARLY ROMUALDO LOPES","cpf":"16081873650","bankname":"null","payBank":"","payCpf":"","pixkey":"16081873650","account":"318540","status":"done","order":"A20250819225830959924YRCzjUlAW"},"sign":"ADE066B5D7A6E49CC51663C531FA443E"}

【2025-08-21 19:21:25】
P2025082118355312153342148----提交：{"custId":"24120300001308","appId":"8241201350","order":"P2025082118355312153342148","sign":"AC59F46A5CDD8A85B4D77C2FE37C8960"}

【2025-08-21 19:21:26】
P2025082118355312153342148----返回：{"code":"000000","msg":"P2025082118355312153342148","data":{"date":"2025-08-21 18:35:57","eid":"E45756448202508212135vHg0JS4rLke","amount":"30","name":"Erinaldo Rodrigues Brandao","cpf":"4109762294","bankname":"null","payBank":"","payCpf":"","pixkey":"91999076622","account":"76970871887","status":"done","order":"A20250821183553498528Jdj8Mrsid"},"sign":"DF28CEADDFB652F8BCBEC7EA30721DB4"}

【2025-08-21 19:21:33】
P2025082118355312153342148----提交：{"custId":"24120300001308","appId":"8241201350","order":"P2025082118355312153342148","sign":"AC59F46A5CDD8A85B4D77C2FE37C8960"}

【2025-08-21 19:21:34】
P2025082118355312153342148----返回：{"code":"000000","msg":"P2025082118355312153342148","data":{"date":"2025-08-21 18:35:57","eid":"E45756448202508212135vHg0JS4rLke","amount":"30","name":"Erinaldo Rodrigues Brandao","cpf":"4109762294","bankname":"null","payBank":"","payCpf":"","pixkey":"91999076622","account":"76970871887","status":"done","order":"A20250821183553498528Jdj8Mrsid"},"sign":"DF28CEADDFB652F8BCBEC7EA30721DB4"}

【2025-08-21 19:51:37】
P2025082118412412484396435----提交：{"custId":"24120300001308","appId":"8241201350","order":"P2025082118412412484396435","sign":"C5BBCDC6E84A4031B60AB142A1EA77EC"}

【2025-08-21 19:51:38】
P2025082118412412484396435----返回：{"code":"000000","msg":"P2025082118412412484396435","data":{"date":"2025-08-21 18:41:28","eid":"E3720544720250821214125418df86d7","amount":"21","name":"Patrícia Gonçalves Diniz","cpf":"77211855649","bankname":"ORBION GAMING LTDA","payBank":"","payCpf":"","pixkey":"35991053884","account":"18236120","status":"done","order":"A20250821184124389800GswE9v8nu"},"sign":"F8839A529BE3A70A95C9243FC19D6BC3"}

【2025-08-21 19:51:50】
P2025082118412412484396435----提交：{"custId":"24120300001308","appId":"8241201350","order":"P2025082118412412484396435","sign":"C5BBCDC6E84A4031B60AB142A1EA77EC"}

【2025-08-21 19:51:51】
P2025082118412412484396435----返回：{"code":"000000","msg":"P2025082118412412484396435","data":{"date":"2025-08-21 18:41:28","eid":"E3720544720250821214125418df86d7","amount":"21","name":"Patrícia Gonçalves Diniz","cpf":"77211855649","bankname":"ORBION GAMING LTDA","payBank":"","payCpf":"","pixkey":"35991053884","account":"18236120","status":"done","order":"A20250821184124389800GswE9v8nu"},"sign":"F8839A529BE3A70A95C9243FC19D6BC3"}

