【2025-08-21 15:06:48】
P2025082115052199521356445----提交：{"custId":"24120300001308","appId":"8241201350","order":"P2025082115052199521356445","sign":"19E3882B320395358EC7F75468EA9EEA"}

【2025-08-21 15:06:49】
P2025082115052199521356445----返回：{"code":"000000","msg":"P2025082115052199521356445","data":{"date":"2025-08-21 15:06:06","eid":"E3720544720250821180602943764b44","amount":"2000","name":"EDUARDO ALMEIDA QUEIROZ","cpf":"07341430109","bankname":"ORBION GAMING LTDA","payBank":"","payCpf":"","pixkey":"65993109690","account":"00416968","status":"done","order":"A20250821150601561554X3uinPMsZ"},"sign":"5F09D8B3E2FD1BC450AAE5812F4D656E"}

【2025-08-21 15:06:50】
P2025082115052199521356445----提交：{"custId":"24120300001308","appId":"8241201350","order":"P2025082115052199521356445","sign":"19E3882B320395358EC7F75468EA9EEA"}

【2025-08-21 15:06:51】
P2025082115052199521356445----返回：{"code":"000000","msg":"P2025082115052199521356445","data":{"date":"2025-08-21 15:06:06","eid":"E3720544720250821180602943764b44","amount":"2000","name":"EDUARDO ALMEIDA QUEIROZ","cpf":"07341430109","bankname":"ORBION GAMING LTDA","payBank":"","payCpf":"","pixkey":"65993109690","account":"00416968","status":"done","order":"A20250821150601561554X3uinPMsZ"},"sign":"5F09D8B3E2FD1BC450AAE5812F4D656E"}

【2025-08-21 15:16:47】
P2025062813530329583845289----提交：{"custId":"24120300001308","appId":"8241201350","order":"P2025062813530329583845289","sign":"20E59DEFC0483D500DC0B26EBF306631"}

【2025-08-21 15:16:48】
P2025062813530329583845289----返回：{"code":"000000","msg":"P2025062813530329583845289","data":{"date":"2025-06-28 13:54:11","eid":"E14483955202506281654JCPHO50ZG83","amount":"20","name":"EMERSON FERREIRA COSTA","cpf":"***.647.432-**","bankname":"60746948","payBank":"","payCpf":"","pixkey":"ec7739695@gmail.com","account":"ec7739695@gmail.com","status":"done","order":"A20250628135401574153B1icKnTTz"},"sign":"C9F502F76B8F51388360CACC2AD0C248"}

【2025-08-21 15:35:17】
P2025082113293793777333150----提交：{"custId":"24120300001308","appId":"8241201350","order":"P2025082113293793777333150","sign":"784839C3DB9D609DA6043A726B25D46A"}

【2025-08-21 15:35:17】
P2025082113293793777333150----返回：{"code":"000000","msg":"P2025082113293793777333150","data":{"date":"2025-08-21 13:32:54","eid":"E37205447202508211629394989f1f30","amount":"100","name":"FLAVIO DE BARCELOS PAES","cpf":"04200825732","bankname":"ORBION GAMING LTDA","payBank":"","payCpf":"","pixkey":"04200825732","account":"31872495","status":"done","order":"A20250821132937954447Mx3rQSdVH"},"sign":"C6F7EEAF494A495B36EEFB2C4B64F6DE"}

【2025-08-21 15:35:20】
P2025082113293793777333150----提交：{"custId":"24120300001308","appId":"8241201350","order":"P2025082113293793777333150","sign":"784839C3DB9D609DA6043A726B25D46A"}

【2025-08-21 15:35:21】
P2025082113293793777333150----返回：{"code":"000000","msg":"P2025082113293793777333150","data":{"date":"2025-08-21 13:32:54","eid":"E37205447202508211629394989f1f30","amount":"100","name":"FLAVIO DE BARCELOS PAES","cpf":"04200825732","bankname":"ORBION GAMING LTDA","payBank":"","payCpf":"","pixkey":"04200825732","account":"31872495","status":"done","order":"A20250821132937954447Mx3rQSdVH"},"sign":"C6F7EEAF494A495B36EEFB2C4B64F6DE"}

【2025-08-21 15:35:59】
P2025082115262300783966835----提交：{"custId":"24120300001308","appId":"8241201350","order":"P2025082115262300783966835","sign":"81F357B1F69F22A82D3AE0975A8707CF"}

【2025-08-21 15:35:59】
P2025082115262300783966835----返回：{"code":"000000","msg":"P2025082115262300783966835","data":{"date":"2025-08-21 15:35:13","eid":"E3720544720250821183510077157e6f","amount":"60","name":"EDNA DE MORAIS BRITO","cpf":"05803804592","bankname":"ORBION GAMING LTDA","payBank":"","payCpf":"","pixkey":"77981515288","account":"22896431","status":"done","order":"A20250821152624695004LJVtdyFHe"},"sign":"84F50CF0E5B8898EA4062DB4B1753EA1"}

【2025-08-21 15:36:01】
P2025082115262300783966835----提交：{"custId":"24120300001308","appId":"8241201350","order":"P2025082115262300783966835","sign":"81F357B1F69F22A82D3AE0975A8707CF"}

【2025-08-21 15:36:02】
P2025082115262300783966835----返回：{"code":"000000","msg":"P2025082115262300783966835","data":{"date":"2025-08-21 15:35:13","eid":"E3720544720250821183510077157e6f","amount":"60","name":"EDNA DE MORAIS BRITO","cpf":"05803804592","bankname":"ORBION GAMING LTDA","payBank":"","payCpf":"","pixkey":"77981515288","account":"22896431","status":"done","order":"A20250821152624695004LJVtdyFHe"},"sign":"84F50CF0E5B8898EA4062DB4B1753EA1"}

【2025-08-21 15:46:19】
P2025082114012695686071760----提交：{"custId":"24120300001308","appId":"8241201350","order":"P2025082114012695686071760","sign":"12F22938BAC19A42C080CF060D8412A2"}

【2025-08-21 15:46:20】
P2025082114012695686071760----返回：{"code":"000000","msg":"P2025082114012695686071760","data":{"date":"2025-08-21 14:01:29","eid":"E45756448202508211701O9elPkMMDkC","amount":"85","name":"ROSANA APARECIDA J PEREIRA","cpf":"5355928846","bankname":"null","payBank":"","payCpf":"","pixkey":"16996047806","account":"660069","status":"done","order":"A20250821140127278598S4rrjFJD3"},"sign":"51744F472D12B19DACCD3D66D65C345F"}

【2025-08-21 15:46:34】
P2025082114012695686071760----提交：{"custId":"24120300001308","appId":"8241201350","order":"P2025082114012695686071760","sign":"12F22938BAC19A42C080CF060D8412A2"}

【2025-08-21 15:46:35】
P2025082114012695686071760----返回：{"code":"000000","msg":"P2025082114012695686071760","data":{"date":"2025-08-21 14:01:29","eid":"E45756448202508211701O9elPkMMDkC","amount":"85","name":"ROSANA APARECIDA J PEREIRA","cpf":"5355928846","bankname":"null","payBank":"","payCpf":"","pixkey":"16996047806","account":"660069","status":"done","order":"A20250821140127278598S4rrjFJD3"},"sign":"51744F472D12B19DACCD3D66D65C345F"}

