【2025-08-21 08:06:33】
P2025082106595970399568280----提交：{"custId":"24120300001308","appId":"8241201350","order":"P2025082106595970399568280","sign":"BB950EEA5B0CDD27022171F0C9379680"}

【2025-08-21 08:06:33】
P2025082106595970399568280----返回：{"code":"000000","msg":"P2025082106595970399568280","data":{"date":"2025-08-21 07:00:01","eid":"E45756448202508210959KxZkYx6xfkC","amount":"20","name":"Adenilson Venceslau Marques","cpf":"3799120238","bankname":"null","payBank":"","payCpf":"","pixkey":"03799120238","account":"294753475","status":"done","order":"A202508210659595537086t4P9XHgF"},"sign":"3D0D483B339C9E5F04A97DDB350CC2FD"}

【2025-08-21 08:07:10】
P2025082106595970399568280----提交：{"custId":"24120300001308","appId":"8241201350","order":"P2025082106595970399568280","sign":"BB950EEA5B0CDD27022171F0C9379680"}

【2025-08-21 08:07:10】
P2025082106595970399568280----返回：{"code":"000000","msg":"P2025082106595970399568280","data":{"date":"2025-08-21 07:00:01","eid":"E45756448202508210959KxZkYx6xfkC","amount":"20","name":"Adenilson Venceslau Marques","cpf":"3799120238","bankname":"null","payBank":"","payCpf":"","pixkey":"03799120238","account":"294753475","status":"done","order":"A202508210659595537086t4P9XHgF"},"sign":"3D0D483B339C9E5F04A97DDB350CC2FD"}

【2025-08-21 08:44:30】
P2025082100370947429624216----提交：{"custId":"24120300001308","appId":"8241201350","order":"P2025082100370947429624216","sign":"399CF6ADE1E12B69446E912D5CF59EED"}

【2025-08-21 08:44:30】
P2025082100370947429624216----返回：{"code":"000000","msg":"P2025082100370947429624216","data":{"date":"2025-08-21 00:37:11","eid":"E457564482025082103373sCkQLKgoUO","amount":"20","name":"LAURENICE RAMOS DAS CHAGAS","cpf":"76335941287","bankname":"null","payBank":"","payCpf":"","pixkey":"92995017459","account":"320846","status":"done","order":"A20250821003709862294bEPU8Lt9T"},"sign":"7C6AEF8AC0DCD9094E316DEBD7A395E0"}

【2025-08-21 08:45:44】
P2025082100370947429624216----提交：{"custId":"24120300001308","appId":"8241201350","order":"P2025082100370947429624216","sign":"399CF6ADE1E12B69446E912D5CF59EED"}

【2025-08-21 08:45:44】
P2025082100370947429624216----返回：{"code":"000000","msg":"P2025082100370947429624216","data":{"date":"2025-08-21 00:37:11","eid":"E457564482025082103373sCkQLKgoUO","amount":"20","name":"LAURENICE RAMOS DAS CHAGAS","cpf":"76335941287","bankname":"null","payBank":"","payCpf":"","pixkey":"92995017459","account":"320846","status":"done","order":"A20250821003709862294bEPU8Lt9T"},"sign":"7C6AEF8AC0DCD9094E316DEBD7A395E0"}

【2025-08-21 08:46:02】
P2025082023054541945052798----提交：{"custId":"24120300001308","appId":"8241201350","order":"P2025082023054541945052798","sign":"0BC99B7126602F6EE1BF37CCE31F32E7"}

【2025-08-21 08:46:02】
P2025082023054541945052798----返回：{"code":"000000","msg":"P2025082023054541945052798","data":{"date":"2025-08-20 23:05:47","eid":"E45756448202508210205wkKoXlD5pku","amount":"30","name":"Júlio César Oliveira de Moura","cpf":"71390464172","bankname":"null","payBank":"","payCpf":"","pixkey":"61994100879","account":"579739595","status":"done","order":"A20250820230545599649m4b3T4LYW"},"sign":"4A21F366C3848D55A01C4237C06BF99F"}

【2025-08-21 08:46:05】
P2025082100370947429624216----提交：{"custId":"24120300001308","appId":"8241201350","order":"P2025082100370947429624216","sign":"399CF6ADE1E12B69446E912D5CF59EED"}

【2025-08-21 08:46:05】
P2025082100370947429624216----返回：{"code":"000000","msg":"P2025082100370947429624216","data":{"date":"2025-08-21 00:37:11","eid":"E457564482025082103373sCkQLKgoUO","amount":"20","name":"LAURENICE RAMOS DAS CHAGAS","cpf":"76335941287","bankname":"null","payBank":"","payCpf":"","pixkey":"92995017459","account":"320846","status":"done","order":"A20250821003709862294bEPU8Lt9T"},"sign":"7C6AEF8AC0DCD9094E316DEBD7A395E0"}

【2025-08-21 08:55:09】
P2025082023054541945052798----提交：{"custId":"24120300001308","appId":"8241201350","order":"P2025082023054541945052798","sign":"0BC99B7126602F6EE1BF37CCE31F32E7"}

【2025-08-21 08:55:09】
P2025082023054541945052798----返回：{"code":"000000","msg":"P2025082023054541945052798","data":{"date":"2025-08-20 23:05:47","eid":"E45756448202508210205wkKoXlD5pku","amount":"30","name":"Júlio César Oliveira de Moura","cpf":"71390464172","bankname":"null","payBank":"","payCpf":"","pixkey":"61994100879","account":"579739595","status":"done","order":"A20250820230545599649m4b3T4LYW"},"sign":"4A21F366C3848D55A01C4237C06BF99F"}

