【2025-09-05 13:13:57】
P2025090513070888428188219----提交：{"reference":"P2025090513070888428188219"}

【2025-09-05 13:13:58】
P2025090513070888428188219----返回：{"msg":"P2025090513070888428188219","code":"000000","data":{"date":"2025-09-05 13:08:03","eid":"E3305358020250905160803477fbe2b8","amount":10000,"name":"MARTILEI GOMES CRUZ FRANCO","cpf":"***.401.996-**","bankname":"08561701","payBank":"P H R OLIVEIRA DR INVESTIMENTO LTDA","payCpf":"58.321.455\/0001-99","pixkey":"35998739254","account":"***.401.996-**","status":"done","order":"66430447-8f34-4c7d-adeb-1829dcd4033e"}}

【2025-09-05 13:14:09】
P2025090513070888428188219----提交：{"reference":"P2025090513070888428188219"}

【2025-09-05 13:14:10】
P2025090513070888428188219----返回：{"msg":"P2025090513070888428188219","code":"000000","data":{"date":"2025-09-05 13:08:03","eid":"E3305358020250905160803477fbe2b8","amount":10000,"name":"MARTILEI GOMES CRUZ FRANCO","cpf":"***.401.996-**","bankname":"08561701","payBank":"P H R OLIVEIRA DR INVESTIMENTO LTDA","payCpf":"58.321.455\/0001-99","pixkey":"35998739254","account":"***.401.996-**","status":"done","order":"66430447-8f34-4c7d-adeb-1829dcd4033e"}}

【2025-09-05 13:14:29】
P2025090513070888428188219----提交：{"reference":"P2025090513070888428188219"}

【2025-09-05 13:14:30】
P2025090513070888428188219----返回：{"msg":"P2025090513070888428188219","code":"000000","data":{"date":"2025-09-05 13:08:03","eid":"E3305358020250905160803477fbe2b8","amount":10000,"name":"MARTILEI GOMES CRUZ FRANCO","cpf":"***.401.996-**","bankname":"08561701","payBank":"P H R OLIVEIRA DR INVESTIMENTO LTDA","payCpf":"58.321.455\/0001-99","pixkey":"35998739254","account":"***.401.996-**","status":"done","order":"66430447-8f34-4c7d-adeb-1829dcd4033e"}}

【2025-09-05 13:23:16】
P2025090513071588435893346----提交：{"reference":"P2025090513071588435893346"}

【2025-09-05 13:23:16】
P2025090513071588435893346----返回：{"msg":"P2025090513071588435893346","code":"000000","data":{"date":"2025-09-05 13:07:16","eid":"E3305358020250905160716550d45fd6","amount":500,"name":"EDILENE CATUCHA KAILER MARTINS","cpf":"***.016.069-**","bankname":"92702067","payBank":"P H R OLIVEIRA DR INVESTIMENTO LTDA","payCpf":"58.321.455\/0001-99","pixkey":"04201606988","account":"***.016.069-**","status":"done","order":"6e2940fb-bd80-44bb-a1c9-622150e80ebe"}}

【2025-09-05 13:23:18】
P2025090513071588435893346----提交：{"reference":"P2025090513071588435893346"}

【2025-09-05 13:23:19】
P2025090513071588435893346----返回：{"msg":"P2025090513071588435893346","code":"000000","data":{"date":"2025-09-05 13:07:16","eid":"E3305358020250905160716550d45fd6","amount":500,"name":"EDILENE CATUCHA KAILER MARTINS","cpf":"***.016.069-**","bankname":"92702067","payBank":"P H R OLIVEIRA DR INVESTIMENTO LTDA","payCpf":"58.321.455\/0001-99","pixkey":"04201606988","account":"***.016.069-**","status":"done","order":"6e2940fb-bd80-44bb-a1c9-622150e80ebe"}}

【2025-09-05 13:24:57】
P2025090513112488684865764----提交：{"reference":"P2025090513112488684865764"}

【2025-09-05 13:24:58】
P2025090513112488684865764----返回：{"msg":"P2025090513112488684865764","code":"000000","data":{"date":"2025-09-05 13:11:25","eid":"E330535802025090516112530383888d","amount":120,"name":"MARYSA MAYARA LOPES DA SILVA PAIVA","cpf":"***.667.178-**","bankname":"18189547","payBank":"P H R OLIVEIRA DR INVESTIMENTO LTDA","payCpf":"58.321.455\/0001-99","pixkey":"18996997354","account":"***.667.178-**","status":"done","order":"a9b16432-892c-4fcd-bc72-c06c4a6d32bb"}}

【2025-09-05 13:25:00】
P2025090513112488684865764----提交：{"reference":"P2025090513112488684865764"}

【2025-09-05 13:25:00】
P2025090513112488684865764----返回：{"msg":"P2025090513112488684865764","code":"000000","data":{"date":"2025-09-05 13:11:25","eid":"E330535802025090516112530383888d","amount":120,"name":"MARYSA MAYARA LOPES DA SILVA PAIVA","cpf":"***.667.178-**","bankname":"18189547","payBank":"P H R OLIVEIRA DR INVESTIMENTO LTDA","payCpf":"58.321.455\/0001-99","pixkey":"18996997354","account":"***.667.178-**","status":"done","order":"a9b16432-892c-4fcd-bc72-c06c4a6d32bb"}}

【2025-09-05 13:27:20】
P2025090212282726907055339----提交：{"reference":"P2025090212282726907055339"}

【2025-09-05 13:27:20】
P2025090212282726907055339----返回：{"msg":"P2025090212282726907055339","code":"000000","data":{"date":"2025-09-02 12:28:28","eid":"E3305358020250902152828075a3d7b3","amount":180,"name":"ALEXIA SOARES DE FERREIRA","cpf":"***.350.070-**","bankname":"88530142","payBank":"P H R OLIVEIRA DR INVESTIMENTO LTDA","payCpf":"58.321.455\/0001-99","pixkey":"04935007079","account":"***.350.070-**","status":"done","order":"24a6cbd9-ad94-4afb-b6b3-787326bf0563"}}

