【2025-09-05 15:17:55】
P2025090515010395263198137----提交：{"reference":"P2025090515010395263198137"}

【2025-09-05 15:17:56】
P2025090515010395263198137----返回：{"msg":"P2025090515010395263198137","code":"000000","data":{"date":"2025-09-05 15:01:04","eid":"E33053580202509051801040104ad1c6","amount":40,"name":"CLAUDINEI RODRIGUES DOS SANTOS","cpf":"***.441.769-**","bankname":"03459850","payBank":"P H R OLIVEIRA DR INVESTIMENTO LTDA","payCpf":"58.321.455\/0001-99","pixkey":"09744176962","account":"***.441.769-**","status":"done","order":"46cb77a1-7c56-42bf-a5ac-d85bfe79ca1e"}}

【2025-09-05 15:18:01】
P2025090515010395263198137----提交：{"reference":"P2025090515010395263198137"}

【2025-09-05 15:18:01】
P2025090515010395263198137----返回：{"msg":"P2025090515010395263198137","code":"000000","data":{"date":"2025-09-05 15:01:04","eid":"E33053580202509051801040104ad1c6","amount":40,"name":"CLAUDINEI RODRIGUES DOS SANTOS","cpf":"***.441.769-**","bankname":"03459850","payBank":"P H R OLIVEIRA DR INVESTIMENTO LTDA","payCpf":"58.321.455\/0001-99","pixkey":"09744176962","account":"***.441.769-**","status":"done","order":"46cb77a1-7c56-42bf-a5ac-d85bfe79ca1e"}}

【2025-09-05 15:55:34】
P2025090515472798047214554----提交：{"reference":"P2025090515472798047214554"}

【2025-09-05 15:55:35】
P2025090515472798047214554----返回：{"msg":"P2025090515472798047214554","code":"000000","data":{"date":"2025-09-05 15:47:28","eid":"E330535802025090518472837528368c","amount":30,"name":"Fernanda Tayssa dos Santos da Silva","cpf":"***.534.354-**","bankname":"18236120","payBank":"P H R OLIVEIRA DR INVESTIMENTO LTDA","payCpf":"58.321.455\/0001-99","pixkey":"15053435421","account":"***.534.354-**","status":"done","order":"1c06d5bd-0aa2-4e18-8f2e-cba08b4ddef7"}}

【2025-09-05 15:55:42】
P2025090515472798047214554----提交：{"reference":"P2025090515472798047214554"}

【2025-09-05 15:55:43】
P2025090515472798047214554----返回：{"msg":"P2025090515472798047214554","code":"000000","data":{"date":"2025-09-05 15:47:28","eid":"E330535802025090518472837528368c","amount":30,"name":"Fernanda Tayssa dos Santos da Silva","cpf":"***.534.354-**","bankname":"18236120","payBank":"P H R OLIVEIRA DR INVESTIMENTO LTDA","payCpf":"58.321.455\/0001-99","pixkey":"15053435421","account":"***.534.354-**","status":"done","order":"1c06d5bd-0aa2-4e18-8f2e-cba08b4ddef7"}}

【2025-09-05 15:59:32】
P2025090501123145551645261----提交：{"reference":"P2025090501123145551645261"}

【2025-09-05 15:59:33】
P2025090501123145551645261----返回：{"msg":"P2025090501123145551645261","code":"000000","data":{"date":"2025-09-05 01:12:32","eid":"E330535802025090504123199051230c","amount":120,"name":"Rodolfo Barbosa da Silva","cpf":"***.536.706-**","bankname":"18236120","payBank":"P H R OLIVEIRA DR INVESTIMENTO LTDA","payCpf":"58.321.455\/0001-99","pixkey":"07153670645","account":"***.536.706-**","status":"done","order":"0d2b0909-c3c7-442e-82d8-e56e1729a338"}}

【2025-09-05 15:59:36】
P2025090501123145551645261----提交：{"reference":"P2025090501123145551645261"}

【2025-09-05 15:59:37】
P2025090501123145551645261----返回：{"msg":"P2025090501123145551645261","code":"000000","data":{"date":"2025-09-05 01:12:32","eid":"E330535802025090504123199051230c","amount":120,"name":"Rodolfo Barbosa da Silva","cpf":"***.536.706-**","bankname":"18236120","payBank":"P H R OLIVEIRA DR INVESTIMENTO LTDA","payCpf":"58.321.455\/0001-99","pixkey":"07153670645","account":"***.536.706-**","status":"done","order":"0d2b0909-c3c7-442e-82d8-e56e1729a338"}}

