【2025-09-05 20:01:03】
P2025090519585813138078812----提交：{"reference":"P2025090519585813138078812"}

【2025-09-05 20:01:04】
P2025090519585813138078812----返回：{"msg":"P2025090519585813138078812","code":"000000","data":{"date":"2025-09-05 20:00:02","eid":"E3305358020250905230002900313390","amount":300,"name":"MIKAEL DINIZ FROS","cpf":"***.072.053-**","bankname":"22896431","payBank":"P H R OLIVEIRA DR INVESTIMENTO LTDA","payCpf":"58.321.455\/0001-99","pixkey":"06607205313","account":"***.072.053-**","status":"done","order":"465027f2-9f71-42ae-b9c2-ed8ba9a0d256"}}

【2025-09-05 20:01:49】
P2025090504255957159127772----提交：{"reference":"P2025090504255957159127772"}

【2025-09-05 20:01:50】
P2025090504255957159127772----返回：{"msg":"P2025090504255957159127772","code":"000000","data":{"date":"2025-09-05 04:26:00","eid":"E3305358020250905072600753858790","amount":40,"name":"GABRIELLE OLIVEIRA DAS NEVES","cpf":"***.835.387-**","bankname":"00000000","payBank":"P H R OLIVEIRA DR INVESTIMENTO LTDA","payCpf":"58.321.455\/0001-99","pixkey":"21977345055","account":"***.835.387-**","status":"done","order":"de922a45-8d29-44c3-9b91-a01ad0f754ed"}}

【2025-09-05 20:02:53】
P2025090504255957159127772----提交：{"reference":"P2025090504255957159127772"}

【2025-09-05 20:02:53】
P2025090504255957159127772----返回：{"msg":"P2025090504255957159127772","code":"000000","data":{"date":"2025-09-05 04:26:00","eid":"E3305358020250905072600753858790","amount":40,"name":"GABRIELLE OLIVEIRA DAS NEVES","cpf":"***.835.387-**","bankname":"00000000","payBank":"P H R OLIVEIRA DR INVESTIMENTO LTDA","payCpf":"58.321.455\/0001-99","pixkey":"21977345055","account":"***.835.387-**","status":"done","order":"de922a45-8d29-44c3-9b91-a01ad0f754ed"}}

【2025-09-05 20:07:31】
P2025090519560912969311070----提交：{"reference":"P2025090519560912969311070"}

【2025-09-05 20:07:32】
P2025090519560912969311070----返回：{"msg":"P2025090519560912969311070","code":"000000","data":{"date":"2025-09-05 19:56:10","eid":"E3305358020250905225610261348ebd","amount":60,"name":"MARIA CANDIDA FERREIRA DA SILVA","cpf":"***.282.682-**","bankname":"00360305","payBank":"P H R OLIVEIRA DR INVESTIMENTO LTDA","payCpf":"58.321.455\/0001-99","pixkey":"70528268287","account":"***.282.682-**","status":"done","order":"2db46cce-972c-44d7-8c0c-2b17759859d1"}}

【2025-09-05 20:07:34】
P2025090519560912969311070----提交：{"reference":"P2025090519560912969311070"}

【2025-09-05 20:07:35】
P2025090519560912969311070----返回：{"msg":"P2025090519560912969311070","code":"000000","data":{"date":"2025-09-05 19:56:10","eid":"E3305358020250905225610261348ebd","amount":60,"name":"MARIA CANDIDA FERREIRA DA SILVA","cpf":"***.282.682-**","bankname":"00360305","payBank":"P H R OLIVEIRA DR INVESTIMENTO LTDA","payCpf":"58.321.455\/0001-99","pixkey":"70528268287","account":"***.282.682-**","status":"done","order":"2db46cce-972c-44d7-8c0c-2b17759859d1"}}

【2025-09-05 20:08:02】
P2025090519594213182505556----提交：{"reference":"P2025090519594213182505556"}

【2025-09-05 20:08:03】
P2025090519594213182505556----返回：{"msg":"P2025090519594213182505556","code":"000000","data":{"date":"2025-09-05 19:59:43","eid":"E330535802025090522594346111b52b","amount":200,"name":"FLAVIO ALVES PEREIRA","cpf":"***.669.076-**","bankname":"00360305","payBank":"P H R OLIVEIRA DR INVESTIMENTO LTDA","payCpf":"58.321.455\/0001-99","pixkey":"08266907692","account":"***.669.076-**","status":"done","order":"d74b6545-0197-465e-b7b6-6f90655dadc9"}}

【2025-09-05 20:08:05】
P2025090519594213182505556----提交：{"reference":"P2025090519594213182505556"}

【2025-09-05 20:08:06】
P2025090519594213182505556----返回：{"msg":"P2025090519594213182505556","code":"000000","data":{"date":"2025-09-05 19:59:43","eid":"E330535802025090522594346111b52b","amount":200,"name":"FLAVIO ALVES PEREIRA","cpf":"***.669.076-**","bankname":"00360305","payBank":"P H R OLIVEIRA DR INVESTIMENTO LTDA","payCpf":"58.321.455\/0001-99","pixkey":"08266907692","account":"***.669.076-**","status":"done","order":"d74b6545-0197-465e-b7b6-6f90655dadc9"}}

【2025-09-05 20:16:10】
P2025090520002313223456315----提交：{"reference":"P2025090520002313223456315"}

【2025-09-05 20:16:11】
P2025090520002313223456315----返回：{"msg":"P2025090520002313223456315","code":"000000","data":{"date":"2025-09-05 20:00:24","eid":"E3305358020250905230024025fe2c28","amount":50,"name":"LUCAS CARDOSO DE OLIVEIRA","cpf":"***.361.471-**","bankname":"00360305","payBank":"P H R OLIVEIRA DR INVESTIMENTO LTDA","payCpf":"58.321.455\/0001-99","pixkey":"70036147150","account":"***.361.471-**","status":"done","order":"d360a66f-e904-4c4c-8e72-9812a66672f2"}}

【2025-09-05 20:16:13】
P2025090519494412584699168----提交：{"reference":"P2025090519494412584699168"}

【2025-09-05 20:16:14】
P2025090520002313223456315----提交：{"reference":"P2025090520002313223456315"}

【2025-09-05 20:16:14】
P2025090519494412584699168----返回：{"msg":"P2025090519494412584699168","code":"000000","data":{"date":"2025-09-05 19:49:45","eid":"E33053580202509052249458255ff075","amount":40,"name":"LUCAS CARDOSO DE OLIVEIRA","cpf":"***.361.471-**","bankname":"00360305","payBank":"P H R OLIVEIRA DR INVESTIMENTO LTDA","payCpf":"58.321.455\/0001-99","pixkey":"70036147150","account":"***.361.471-**","status":"done","order":"b482f9c1-b154-4009-94d0-ecbd02d2de4d"}}

【2025-09-05 20:16:14】
P2025090520002313223456315----返回：{"msg":"P2025090520002313223456315","code":"000000","data":{"date":"2025-09-05 20:00:24","eid":"E3305358020250905230024025fe2c28","amount":50,"name":"LUCAS CARDOSO DE OLIVEIRA","cpf":"***.361.471-**","bankname":"00360305","payBank":"P H R OLIVEIRA DR INVESTIMENTO LTDA","payCpf":"58.321.455\/0001-99","pixkey":"70036147150","account":"***.361.471-**","status":"done","order":"d360a66f-e904-4c4c-8e72-9812a66672f2"}}

【2025-09-05 20:16:16】
P2025090519494412584699168----提交：{"reference":"P2025090519494412584699168"}

【2025-09-05 20:16:16】
P2025090519494412584699168----返回：{"msg":"P2025090519494412584699168","code":"000000","data":{"date":"2025-09-05 19:49:45","eid":"E33053580202509052249458255ff075","amount":40,"name":"LUCAS CARDOSO DE OLIVEIRA","cpf":"***.361.471-**","bankname":"00360305","payBank":"P H R OLIVEIRA DR INVESTIMENTO LTDA","payCpf":"58.321.455\/0001-99","pixkey":"70036147150","account":"***.361.471-**","status":"done","order":"b482f9c1-b154-4009-94d0-ecbd02d2de4d"}}

【2025-09-05 20:27:38】
P2025090520073413654528664----提交：{"reference":"P2025090520073413654528664"}

【2025-09-05 20:27:38】
P2025090520073413654528664----返回：{"msg":"P2025090520073413654528664","code":"000000","data":{"date":"2025-09-05 20:07:35","eid":"E33053580202509052307356370ebfdf","amount":20.38,"name":"Gabriel Teles de França","cpf":"***.394.645-**","bankname":"18236120","payBank":"P H R OLIVEIRA DR INVESTIMENTO LTDA","payCpf":"58.321.455\/0001-99","pixkey":"10039464539","account":"***.394.645-**","status":"done","order":"f08dd060-64ee-44a7-b52c-55110cccc16e"}}

【2025-09-05 20:27:44】
P2025090520073413654528664----提交：{"reference":"P2025090520073413654528664"}

【2025-09-05 20:27:45】
P2025090520073413654528664----返回：{"msg":"P2025090520073413654528664","code":"000000","data":{"date":"2025-09-05 20:07:35","eid":"E33053580202509052307356370ebfdf","amount":20.38,"name":"Gabriel Teles de França","cpf":"***.394.645-**","bankname":"18236120","payBank":"P H R OLIVEIRA DR INVESTIMENTO LTDA","payCpf":"58.321.455\/0001-99","pixkey":"10039464539","account":"***.394.645-**","status":"done","order":"f08dd060-64ee-44a7-b52c-55110cccc16e"}}

