【2025-09-05 14:18:26】
P2025090514173992659424557----提交：{"reference":"P2025090514173992659424557"}

【2025-09-05 14:18:26】
P2025090514173992659424557----返回：{"msg":"P2025090514173992659424557","code":"000000","data":{"date":"2025-09-05 14:18:03","eid":"E3305358020250905171802964f127fc","amount":205,"name":"REBEKA ALEXSSANDRA BENTES DO NASCIMENTO","cpf":"***.639.172-**","bankname":"22896431","payBank":"P H R OLIVEIRA DR INVESTIMENTO LTDA","payCpf":"58.321.455\/0001-99","pixkey":"03663917207","account":"***.639.172-**","status":"done","order":"29381a53-2615-49fd-8d70-695a2642cad5"}}

【2025-09-05 14:18:29】
P2025090514173992659424557----提交：{"reference":"P2025090514173992659424557"}

【2025-09-05 14:18:30】
P2025090514173992659424557----返回：{"msg":"P2025090514173992659424557","code":"000000","data":{"date":"2025-09-05 14:18:03","eid":"E3305358020250905171802964f127fc","amount":205,"name":"REBEKA ALEXSSANDRA BENTES DO NASCIMENTO","cpf":"***.639.172-**","bankname":"22896431","payBank":"P H R OLIVEIRA DR INVESTIMENTO LTDA","payCpf":"58.321.455\/0001-99","pixkey":"03663917207","account":"***.639.172-**","status":"done","order":"29381a53-2615-49fd-8d70-695a2642cad5"}}

【2025-09-05 14:33:09】
P2025082618030942189172015----提交：{"reference":"P2025082618030942189172015"}

【2025-09-05 14:33:10】
P2025082618030942189172015----返回：{"msg":"P2025082618030942189172015","code":"000000","data":{"date":"2025-08-26 18:03:10","eid":"E3720544720250826210310436541185","amount":300,"name":"Alana Lorrany de Araujo Bezerra","cpf":"***.247.134-**","bankname":"18236120","payBank":"Veloci Net ltda","payCpf":"62.087.016\/0001-30","pixkey":"17824713407","account":"***.247.134-**","status":"done","order":"b30c1883-071f-4016-acac-f6ed0cfb725e"}}

【2025-09-05 14:33:52】
P2025082617183939519087742----提交：{"reference":"P2025082617183939519087742"}

【2025-09-05 14:33:52】
P2025082617183939519087742----返回：{"msg":"P2025082617183939519087742","code":"000000","data":{"date":"2025-08-26 17:18:40","eid":"E3305358020250826201840343795301","amount":300,"name":"Raysa Costa Dos Santos","cpf":"***.609.303-**","bankname":"23862762","payBank":"P H R OLIVEIRA DR INVESTIMENTO LTDA","payCpf":"58.321.455\/0001-99","pixkey":"88992622822","account":"***.609.303-**","status":"done","order":"c322b511-07c6-48be-9fc9-eb82c62463c5"}}

【2025-09-05 14:34:04】
P2025090514325193571472549----提交：{"reference":"P2025090514325193571472549"}

【2025-09-05 14:34:05】
P2025090514325193571472549----返回：{"msg":"P2025090514325193571472549","code":"000000","data":{"date":"2025-09-05 14:32:52","eid":"E33053580202509051732524906299d1","amount":250,"name":"WEYDSON FELIPE TORRES DE OLIVEIRA","cpf":"***.998.754-**","bankname":"00416968","payBank":"P H R OLIVEIRA DR INVESTIMENTO LTDA","payCpf":"58.321.455\/0001-99","pixkey":"13699875440","account":"***.998.754-**","status":"done","order":"0727086d-a522-41d0-b619-6e845e48de86"}}

【2025-09-05 14:34:07】
P2025090514325193571472549----提交：{"reference":"P2025090514325193571472549"}

【2025-09-05 14:34:07】
P2025090514325193571472549----返回：{"msg":"P2025090514325193571472549","code":"000000","data":{"date":"2025-09-05 14:32:52","eid":"E33053580202509051732524906299d1","amount":250,"name":"WEYDSON FELIPE TORRES DE OLIVEIRA","cpf":"***.998.754-**","bankname":"00416968","payBank":"P H R OLIVEIRA DR INVESTIMENTO LTDA","payCpf":"58.321.455\/0001-99","pixkey":"13699875440","account":"***.998.754-**","status":"done","order":"0727086d-a522-41d0-b619-6e845e48de86"}}

【2025-09-05 14:35:11】
P2025082618030942189172015----提交：{"reference":"P2025082618030942189172015"}

【2025-09-05 14:35:11】
P2025082618030942189172015----返回：{"msg":"P2025082618030942189172015","code":"000000","data":{"date":"2025-08-26 18:03:10","eid":"E3720544720250826210310436541185","amount":300,"name":"Alana Lorrany de Araujo Bezerra","cpf":"***.247.134-**","bankname":"18236120","payBank":"Veloci Net ltda","payCpf":"62.087.016\/0001-30","pixkey":"17824713407","account":"***.247.134-**","status":"done","order":"b30c1883-071f-4016-acac-f6ed0cfb725e"}}

【2025-09-05 14:35:20】
P2025082617183939519087742----提交：{"reference":"P2025082617183939519087742"}

【2025-09-05 14:35:21】
P2025082617183939519087742----返回：{"msg":"P2025082617183939519087742","code":"000000","data":{"date":"2025-08-26 17:18:40","eid":"E3305358020250826201840343795301","amount":300,"name":"Raysa Costa Dos Santos","cpf":"***.609.303-**","bankname":"23862762","payBank":"P H R OLIVEIRA DR INVESTIMENTO LTDA","payCpf":"58.321.455\/0001-99","pixkey":"88992622822","account":"***.609.303-**","status":"done","order":"c322b511-07c6-48be-9fc9-eb82c62463c5"}}

【2025-09-05 14:39:29】
P2025090514271193231512177----提交：{"reference":"P2025090514271193231512177"}

【2025-09-05 14:39:30】
P2025090514271193231512177----返回：{"msg":"P2025090514271193231512177","code":"000000","data":{"date":"2025-09-05 14:27:12","eid":"E3305358020250905172712755a8afa3","amount":50,"name":"ROSIMEIRE BRAGA INOCENCIO","cpf":"***.664.798-**","bankname":"90400888","payBank":"P H R OLIVEIRA DR INVESTIMENTO LTDA","payCpf":"58.321.455\/0001-99","pixkey":"12166479847","account":"***.664.798-**","status":"done","order":"13ec3680-b061-4556-ba30-3670fb71283e"}}

【2025-09-05 14:39:36】
P2025090514271193231512177----提交：{"reference":"P2025090514271193231512177"}

【2025-09-05 14:39:36】
P2025090514271193231512177----返回：{"msg":"P2025090514271193231512177","code":"000000","data":{"date":"2025-09-05 14:27:12","eid":"E3305358020250905172712755a8afa3","amount":50,"name":"ROSIMEIRE BRAGA INOCENCIO","cpf":"***.664.798-**","bankname":"90400888","payBank":"P H R OLIVEIRA DR INVESTIMENTO LTDA","payCpf":"58.321.455\/0001-99","pixkey":"12166479847","account":"***.664.798-**","status":"done","order":"13ec3680-b061-4556-ba30-3670fb71283e"}}

【2025-09-05 14:45:38】
P2025090514440494244114248----提交：{"reference":"P2025090514440494244114248"}

【2025-09-05 14:45:39】
P2025090514440494244114248----返回：{"msg":"P2025090514440494244114248","code":"000000","data":{"date":"2025-09-05 14:45:03","eid":"E330535802025090517450314529349f","amount":1010,"name":"52.801.017 ANA CECILIA LIMA SILVA","cpf":"***.010.170-**","bankname":"18236120","payBank":"P H R OLIVEIRA DR INVESTIMENTO LTDA","payCpf":"58.321.455\/0001-99","pixkey":"+5585994172626","account":"***.010.170-**","status":"done","order":"b7b2d914-874f-44d1-9066-04bb349e4fae"}}

【2025-09-05 14:45:39】
P2025090514440494244114248----提交：{"reference":"P2025090514440494244114248"}

【2025-09-05 14:45:40】
P2025090514440494244114248----返回：{"msg":"P2025090514440494244114248","code":"000000","data":{"date":"2025-09-05 14:45:03","eid":"E330535802025090517450314529349f","amount":1010,"name":"52.801.017 ANA CECILIA LIMA SILVA","cpf":"***.010.170-**","bankname":"18236120","payBank":"P H R OLIVEIRA DR INVESTIMENTO LTDA","payCpf":"58.321.455\/0001-99","pixkey":"+5585994172626","account":"***.010.170-**","status":"done","order":"b7b2d914-874f-44d1-9066-04bb349e4fae"}}

