【2025-09-05 11:00:26】
P2025090510504980249124695----提交：{"reference":"P2025090510504980249124695"}

【2025-09-05 11:00:27】
P2025090510504980249124695----返回：{"msg":"P2025090510504980249124695","code":"000000","data":{"date":"2025-09-05 11:00:05","eid":"E3305358020250905140005847f19272","amount":600,"name":"AMANDA PEREIRA LIMA","cpf":"***.971.483-**","bankname":"18189547","payBank":"P H R OLIVEIRA DR INVESTIMENTO LTDA","payCpf":"58.321.455\/0001-99","pixkey":"amandalima_deua@hotmail.com","account":"***.971.483-**","status":"done","order":"02d4945c-a410-450b-8a1b-2082cffbbc6b"}}

【2025-09-05 11:09:11】
P2025090511083381313284039----提交：{"reference":"P2025090511083381313284039"}

【2025-09-05 11:09:12】
P2025090511083381313284039----返回：{"msg":"P2025090511083381313284039","code":"000000","data":{"date":"2025-09-05 11:08:34","eid":"E3305358020250905140834069154718","amount":50,"name":"DAIANE PANTOJA AMARAL","cpf":"***.943.382-**","bankname":"00416968","payBank":"P H R OLIVEIRA DR INVESTIMENTO LTDA","payCpf":"58.321.455\/0001-99","pixkey":"01994338288","account":"***.943.382-**","status":"done","order":"6f705d69-710e-4de7-8789-111f15d37981"}}

【2025-09-05 11:23:24】
P2025090503544255282892284----提交：{"reference":"P2025090503544255282892284"}

【2025-09-05 11:23:25】
P2025090503544255282892284----返回：{"msg":"P2025090503544255282892284","code":"000000","data":{"date":"2025-09-05 03:54:43","eid":"E33053580202509050654433556c3354","amount":130,"name":"MARIA DO SOCORRO RIBEIRO","cpf":"***.136.213-**","bankname":"22896431","payBank":"P H R OLIVEIRA DR INVESTIMENTO LTDA","payCpf":"58.321.455\/0001-99","pixkey":"01113621303","account":"***.136.213-**","status":"done","order":"3d51851f-901a-4b9c-96d1-8755be360d69"}}

【2025-09-05 11:23:28】
P2025090503544255282892284----提交：{"reference":"P2025090503544255282892284"}

【2025-09-05 11:23:28】
P2025090503544255282892284----返回：{"msg":"P2025090503544255282892284","code":"000000","data":{"date":"2025-09-05 03:54:43","eid":"E33053580202509050654433556c3354","amount":130,"name":"MARIA DO SOCORRO RIBEIRO","cpf":"***.136.213-**","bankname":"22896431","payBank":"P H R OLIVEIRA DR INVESTIMENTO LTDA","payCpf":"58.321.455\/0001-99","pixkey":"01113621303","account":"***.136.213-**","status":"done","order":"3d51851f-901a-4b9c-96d1-8755be360d69"}}

【2025-09-05 11:23:33】
P2025090504255957159127772----提交：{"reference":"P2025090504255957159127772"}

【2025-09-05 11:23:33】
P2025090504255957159127772----返回：{"msg":"P2025090504255957159127772","code":"000000","data":{"date":"2025-09-05 04:26:00","eid":"E3305358020250905072600753858790","amount":40,"name":"GABRIELLE OLIVEIRA DAS NEVES","cpf":"***.835.387-**","bankname":"00000000","payBank":"P H R OLIVEIRA DR INVESTIMENTO LTDA","payCpf":"58.321.455\/0001-99","pixkey":"21977345055","account":"***.835.387-**","status":"done","order":"de922a45-8d29-44c3-9b91-a01ad0f754ed"}}

【2025-09-05 11:23:39】
P2025090504255957159127772----提交：{"reference":"P2025090504255957159127772"}

【2025-09-05 11:23:39】
P2025090504255957159127772----返回：{"msg":"P2025090504255957159127772","code":"000000","data":{"date":"2025-09-05 04:26:00","eid":"E3305358020250905072600753858790","amount":40,"name":"GABRIELLE OLIVEIRA DAS NEVES","cpf":"***.835.387-**","bankname":"00000000","payBank":"P H R OLIVEIRA DR INVESTIMENTO LTDA","payCpf":"58.321.455\/0001-99","pixkey":"21977345055","account":"***.835.387-**","status":"done","order":"de922a45-8d29-44c3-9b91-a01ad0f754ed"}}

【2025-09-05 11:37:07】
P2025090511321782737374435----提交：{"reference":"P2025090511321782737374435"}

【2025-09-05 11:37:08】
P2025090511321782737374435----返回：{"msg":"P2025090511321782737374435","code":"000000","data":{"date":"2025-09-05 11:32:18","eid":"E3305358020250905143218650f60290","amount":50,"name":"João Francisco Rosa Filho","cpf":"***.987.078-**","bankname":"18236120","payBank":"P H R OLIVEIRA DR INVESTIMENTO LTDA","payCpf":"58.321.455\/0001-99","pixkey":"41798707896","account":"***.987.078-**","status":"done","order":"143bd75b-5daa-4267-86ed-72abce7ae45a"}}

【2025-09-05 11:37:12】
P2025090511321782737374435----提交：{"reference":"P2025090511321782737374435"}

【2025-09-05 11:37:12】
P2025090511321782737374435----返回：{"msg":"P2025090511321782737374435","code":"000000","data":{"date":"2025-09-05 11:32:18","eid":"E3305358020250905143218650f60290","amount":50,"name":"João Francisco Rosa Filho","cpf":"***.987.078-**","bankname":"18236120","payBank":"P H R OLIVEIRA DR INVESTIMENTO LTDA","payCpf":"58.321.455\/0001-99","pixkey":"41798707896","account":"***.987.078-**","status":"done","order":"143bd75b-5daa-4267-86ed-72abce7ae45a"}}

【2025-09-05 11:41:13】
P2025090511405083250415254----提交：{"reference":"P2025090511405083250415254"}

【2025-09-05 11:41:14】
P2025090511405083250415254----返回：{"msg":"P2025090511405083250415254","code":"000000","data":{"date":"2025-09-05 11:40:51","eid":"E3305358020250905144051863cd8701","amount":1000,"name":"Caroline Eduarda Almeida Araujo","cpf":"***.831.525-**","bankname":"22896431","payBank":"P H R OLIVEIRA DR INVESTIMENTO LTDA","payCpf":"58.321.455\/0001-99","pixkey":"86583152584","account":"***.831.525-**","status":"done","order":"34c804c8-5a6c-4ae6-96a1-e8a248e136b9"}}

【2025-09-05 11:41:15】
P2025090511405083250415254----提交：{"reference":"P2025090511405083250415254"}

【2025-09-05 11:41:16】
P2025090511405083250415254----返回：{"msg":"P2025090511405083250415254","code":"000000","data":{"date":"2025-09-05 11:40:51","eid":"E3305358020250905144051863cd8701","amount":1000,"name":"Caroline Eduarda Almeida Araujo","cpf":"***.831.525-**","bankname":"22896431","payBank":"P H R OLIVEIRA DR INVESTIMENTO LTDA","payCpf":"58.321.455\/0001-99","pixkey":"86583152584","account":"***.831.525-**","status":"done","order":"34c804c8-5a6c-4ae6-96a1-e8a248e136b9"}}

【2025-09-05 11:42:21】
P2025082921465314813557172----提交：{"reference":"P2025082921465314813557172"}

【2025-09-05 11:42:21】
P2025082921465314813557172----返回：{"msg":"P2025082921465314813557172","code":"000000","data":{"date":"2025-08-29 21:46:54","eid":"E330535802025083000465404177de09","amount":30,"name":"JOSIEL SANTOS DE JESUS","cpf":"***.168.535-**","bankname":"00416968","payBank":"P H R OLIVEIRA DR INVESTIMENTO LTDA","payCpf":"58.321.455\/0001-99","pixkey":"10316853593","account":"***.168.535-**","status":"done","order":"e9a5c8d1-f9b5-40f6-abaf-e7a277735ca4"}}

【2025-09-05 11:42:23】
P2025082921465314813557172----提交：{"reference":"P2025082921465314813557172"}

【2025-09-05 11:42:24】
P2025082921465314813557172----返回：{"msg":"P2025082921465314813557172","code":"000000","data":{"date":"2025-08-29 21:46:54","eid":"E330535802025083000465404177de09","amount":30,"name":"JOSIEL SANTOS DE JESUS","cpf":"***.168.535-**","bankname":"00416968","payBank":"P H R OLIVEIRA DR INVESTIMENTO LTDA","payCpf":"58.321.455\/0001-99","pixkey":"10316853593","account":"***.168.535-**","status":"done","order":"e9a5c8d1-f9b5-40f6-abaf-e7a277735ca4"}}

【2025-09-05 11:43:23】
P2025090310034404624626888----提交：{"reference":"P2025090310034404624626888"}

【2025-09-05 11:43:23】
P2025090310034404624626888----返回：{"msg":"P2025090310034404624626888","code":"000000","data":{"date":"2025-09-03 10:03:45","eid":"E3305358020250903130345229eed921","amount":1000,"name":"Juliana Moraes Ferreira Dias","cpf":"***.871.428-**","bankname":"10573521","payBank":"P H R OLIVEIRA DR INVESTIMENTO LTDA","payCpf":"58.321.455\/0001-99","pixkey":"58087142810","account":"***.871.428-**","status":"done","order":"02600eee-6c09-4e7b-aa33-39d5f19a7e5d"}}

【2025-09-05 11:43:27】
P2025090310034404624626888----提交：{"reference":"P2025090310034404624626888"}

【2025-09-05 11:43:27】
P2025090310034404624626888----返回：{"msg":"P2025090310034404624626888","code":"000000","data":{"date":"2025-09-03 10:03:45","eid":"E3305358020250903130345229eed921","amount":1000,"name":"Juliana Moraes Ferreira Dias","cpf":"***.871.428-**","bankname":"10573521","payBank":"P H R OLIVEIRA DR INVESTIMENTO LTDA","payCpf":"58.321.455\/0001-99","pixkey":"58087142810","account":"***.871.428-**","status":"done","order":"02600eee-6c09-4e7b-aa33-39d5f19a7e5d"}}

