【2025-09-05 16:14:55】
P2025090515475098070909611----提交：{"reference":"P2025090515475098070909611"}

【2025-09-05 16:14:56】
P2025090515475098070909611----返回：{"msg":"P2025090515475098070909611","code":"000000","data":{"date":"2025-09-05 15:47:51","eid":"E3305358020250905184751185ed831e","amount":90,"name":"MAX ANDRE ROSENO DOS SANTOS","cpf":"***.054.084-**","bankname":"00360305","payBank":"P H R OLIVEIRA DR INVESTIMENTO LTDA","payCpf":"58.321.455\/0001-99","pixkey":"08105408430","account":"***.054.084-**","status":"done","order":"d54a4a95-9dc5-4a43-9890-a1cef1a6f2b8"}}

【2025-09-05 16:14:58】
P2025090515475098070909611----提交：{"reference":"P2025090515475098070909611"}

【2025-09-05 16:14:58】
P2025090515475098070909611----返回：{"msg":"P2025090515475098070909611","code":"000000","data":{"date":"2025-09-05 15:47:51","eid":"E3305358020250905184751185ed831e","amount":90,"name":"MAX ANDRE ROSENO DOS SANTOS","cpf":"***.054.084-**","bankname":"00360305","payBank":"P H R OLIVEIRA DR INVESTIMENTO LTDA","payCpf":"58.321.455\/0001-99","pixkey":"08105408430","account":"***.054.084-**","status":"done","order":"d54a4a95-9dc5-4a43-9890-a1cef1a6f2b8"}}

【2025-09-05 16:48:20】
P2025090516460901569084984----提交：{"reference":"P2025090516460901569084984"}

【2025-09-05 16:48:20】
P2025090516460901569084984----返回：{"msg":"P2025090516460901569084984","code":"000000","data":{"date":"2025-09-05 16:46:10","eid":"E330535802025090519460995205fa49","amount":70,"name":"Janilson Pereira de Sousa","cpf":"***.085.403-**","bankname":"18236120","payBank":"P H R OLIVEIRA DR INVESTIMENTO LTDA","payCpf":"58.321.455\/0001-99","pixkey":"01408540371","account":"***.085.403-**","status":"done","order":"4502b30e-283a-456b-9e82-ef5e919914ac"}}

【2025-09-05 16:48:22】
P2025090516460901569084984----提交：{"reference":"P2025090516460901569084984"}

【2025-09-05 16:48:23】
P2025090516460901569084984----返回：{"msg":"P2025090516460901569084984","code":"000000","data":{"date":"2025-09-05 16:46:10","eid":"E330535802025090519460995205fa49","amount":70,"name":"Janilson Pereira de Sousa","cpf":"***.085.403-**","bankname":"18236120","payBank":"P H R OLIVEIRA DR INVESTIMENTO LTDA","payCpf":"58.321.455\/0001-99","pixkey":"01408540371","account":"***.085.403-**","status":"done","order":"4502b30e-283a-456b-9e82-ef5e919914ac"}}

【2025-09-05 16:50:16】
P2025090514143492474424056----提交：{"reference":"P2025090514143492474424056"}

【2025-09-05 16:50:16】
P2025090514143492474424056----返回：{"msg":"P2025090514143492474424056","code":"000000","data":{"date":"2025-09-05 14:14:35","eid":"E33053580202509051714356727e8125","amount":200,"name":"Jakciane Correia","cpf":"***.217.693-**","bankname":"18236120","payBank":"P H R OLIVEIRA DR INVESTIMENTO LTDA","payCpf":"58.321.455\/0001-99","pixkey":"60921769393","account":"***.217.693-**","status":"done","order":"6b869754-e542-4910-a08a-0c79c64c1682"}}

【2025-09-05 16:50:30】
P2025090514143492474424056----提交：{"reference":"P2025090514143492474424056"}

【2025-09-05 16:50:30】
P2025090514143492474424056----返回：{"msg":"P2025090514143492474424056","code":"000000","data":{"date":"2025-09-05 14:14:35","eid":"E33053580202509051714356727e8125","amount":200,"name":"Jakciane Correia","cpf":"***.217.693-**","bankname":"18236120","payBank":"P H R OLIVEIRA DR INVESTIMENTO LTDA","payCpf":"58.321.455\/0001-99","pixkey":"60921769393","account":"***.217.693-**","status":"done","order":"6b869754-e542-4910-a08a-0c79c64c1682"}}

【2025-09-05 16:50:48】
P2025090514143492474424056----提交：{"reference":"P2025090514143492474424056"}

【2025-09-05 16:50:49】
P2025090514143492474424056----返回：{"msg":"P2025090514143492474424056","code":"000000","data":{"date":"2025-09-05 14:14:35","eid":"E33053580202509051714356727e8125","amount":200,"name":"Jakciane Correia","cpf":"***.217.693-**","bankname":"18236120","payBank":"P H R OLIVEIRA DR INVESTIMENTO LTDA","payCpf":"58.321.455\/0001-99","pixkey":"60921769393","account":"***.217.693-**","status":"done","order":"6b869754-e542-4910-a08a-0c79c64c1682"}}

【2025-09-05 16:52:55】
P2025090515475098070909611----提交：{"reference":"P2025090515475098070909611"}

【2025-09-05 16:52:56】
P2025090515475098070909611----返回：{"msg":"P2025090515475098070909611","code":"000000","data":{"date":"2025-09-05 15:47:51","eid":"E3305358020250905184751185ed831e","amount":90,"name":"MAX ANDRE ROSENO DOS SANTOS","cpf":"***.054.084-**","bankname":"00360305","payBank":"P H R OLIVEIRA DR INVESTIMENTO LTDA","payCpf":"58.321.455\/0001-99","pixkey":"08105408430","account":"***.054.084-**","status":"done","order":"d54a4a95-9dc5-4a43-9890-a1cef1a6f2b8"}}

