【2025-09-05 12:01:31】
P2025090512001084410082775----提交：{"reference":"P2025090512001084410082775"}

【2025-09-05 12:01:32】
P2025090512001084410082775----返回：{"msg":"P2025090512001084410082775","code":"000000","data":{"date":"2025-09-05 12:01:02","eid":"E33053580202509051501230409108ac","amount":11012,"name":"Gabriel Victor Fernandes Ramos","cpf":"***.091.431-**","bankname":"10573521","payBank":"P H R OLIVEIRA DR INVESTIMENTO LTDA","payCpf":"58.321.455\/0001-99","pixkey":"06209143199","account":"***.091.431-**","status":"done","order":"781b8630-1027-4d4b-b734-0195d2bab69a"}}

【2025-09-05 12:01:50】
P2025090512001084410082775----提交：{"reference":"P2025090512001084410082775"}

【2025-09-05 12:01:50】
P2025090512001084410082775----返回：{"msg":"P2025090512001084410082775","code":"000000","data":{"date":"2025-09-05 12:01:02","eid":"E33053580202509051501230409108ac","amount":11012,"name":"Gabriel Victor Fernandes Ramos","cpf":"***.091.431-**","bankname":"10573521","payBank":"P H R OLIVEIRA DR INVESTIMENTO LTDA","payCpf":"58.321.455\/0001-99","pixkey":"06209143199","account":"***.091.431-**","status":"done","order":"781b8630-1027-4d4b-b734-0195d2bab69a"}}

【2025-09-05 12:01:51】
P2025090512001084410082775----提交：{"reference":"P2025090512001084410082775"}

【2025-09-05 12:01:52】
P2025090512001084410082775----返回：{"msg":"P2025090512001084410082775","code":"000000","data":{"date":"2025-09-05 12:01:02","eid":"E33053580202509051501230409108ac","amount":11012,"name":"Gabriel Victor Fernandes Ramos","cpf":"***.091.431-**","bankname":"10573521","payBank":"P H R OLIVEIRA DR INVESTIMENTO LTDA","payCpf":"58.321.455\/0001-99","pixkey":"06209143199","account":"***.091.431-**","status":"done","order":"781b8630-1027-4d4b-b734-0195d2bab69a"}}

【2025-09-05 12:35:28】
P2025090512215885718337501----提交：{"reference":"P2025090512215885718337501"}

【2025-09-05 12:35:29】
P2025090512215885718337501----返回：{"msg":"P2025090512215885718337501","code":"000000","data":{"date":"2025-09-05 12:21:59","eid":"E33053580202509051521594804b3e75","amount":35,"name":"Maria Lúcia Ferreira da Silva","cpf":"***.347.297-**","bankname":"18236120","payBank":"P H R OLIVEIRA DR INVESTIMENTO LTDA","payCpf":"58.321.455\/0001-99","pixkey":"21994076272","account":"***.347.297-**","status":"done","order":"49ce462d-f44a-49a7-9e34-c07220fcccac"}}

【2025-09-05 12:35:32】
P2025090512215885718337501----提交：{"reference":"P2025090512215885718337501"}

【2025-09-05 12:35:33】
P2025090512215885718337501----返回：{"msg":"P2025090512215885718337501","code":"000000","data":{"date":"2025-09-05 12:21:59","eid":"E33053580202509051521594804b3e75","amount":35,"name":"Maria Lúcia Ferreira da Silva","cpf":"***.347.297-**","bankname":"18236120","payBank":"P H R OLIVEIRA DR INVESTIMENTO LTDA","payCpf":"58.321.455\/0001-99","pixkey":"21994076272","account":"***.347.297-**","status":"done","order":"49ce462d-f44a-49a7-9e34-c07220fcccac"}}

【2025-09-05 12:50:36】
P2025090512475287272307563----提交：{"reference":"P2025090512475287272307563"}

【2025-09-05 12:50:36】
P2025090512475287272307563----返回：{"msg":"P2025090512475287272307563","code":"000000","data":{"date":"2025-09-05 12:50:03","eid":"E3305358020250905155003927417e87","amount":452,"name":"Natanael Santos Oliveira","cpf":"***.944.354-**","bankname":"22896431","payBank":"P H R OLIVEIRA DR INVESTIMENTO LTDA","payCpf":"58.321.455\/0001-99","pixkey":"natan_santos122@icloud.com","account":"***.944.354-**","status":"done","order":"ee58a760-56d5-4c3d-ab10-70d87b1e497e"}}

