【2025-09-05 21:06:18】
P2025090502444351083923451----提交：{"reference":"P2025090502444351083923451"}

【2025-09-05 21:06:18】
P2025090502444351083923451----返回：{"msg":"P2025090502444351083923451","code":"000000","data":{"date":"2025-09-05 02:44:44","eid":"E3305358020250905054444637d41c69","amount":200,"name":"Talisson Danifi Delgado da Silva","cpf":"***.327.891-**","bankname":"10573521","payBank":"P H R OLIVEIRA DR INVESTIMENTO LTDA","payCpf":"58.321.455\/0001-99","pixkey":"03932789130","account":"***.327.891-**","status":"done","order":"a4474d4c-de42-497e-adc5-af711be7435e"}}

【2025-09-05 21:06:19】
P2025090502444351083923451----提交：{"reference":"P2025090502444351083923451"}

【2025-09-05 21:06:20】
P2025090502444351083923451----返回：{"msg":"P2025090502444351083923451","code":"000000","data":{"date":"2025-09-05 02:44:44","eid":"E3305358020250905054444637d41c69","amount":200,"name":"Talisson Danifi Delgado da Silva","cpf":"***.327.891-**","bankname":"10573521","payBank":"P H R OLIVEIRA DR INVESTIMENTO LTDA","payCpf":"58.321.455\/0001-99","pixkey":"03932789130","account":"***.327.891-**","status":"done","order":"a4474d4c-de42-497e-adc5-af711be7435e"}}

【2025-09-05 21:06:24】
P2025090502444351083923451----提交：{"reference":"P2025090502444351083923451"}

【2025-09-05 21:06:25】
P2025090502444351083923451----返回：{"msg":"P2025090502444351083923451","code":"000000","data":{"date":"2025-09-05 02:44:44","eid":"E3305358020250905054444637d41c69","amount":200,"name":"Talisson Danifi Delgado da Silva","cpf":"***.327.891-**","bankname":"10573521","payBank":"P H R OLIVEIRA DR INVESTIMENTO LTDA","payCpf":"58.321.455\/0001-99","pixkey":"03932789130","account":"***.327.891-**","status":"done","order":"a4474d4c-de42-497e-adc5-af711be7435e"}}

【2025-09-05 21:06:50】
P2025090502444351083923451----提交：{"reference":"P2025090502444351083923451"}

【2025-09-05 21:06:50】
P2025090502444351083923451----返回：{"msg":"P2025090502444351083923451","code":"000000","data":{"date":"2025-09-05 02:44:44","eid":"E3305358020250905054444637d41c69","amount":200,"name":"Talisson Danifi Delgado da Silva","cpf":"***.327.891-**","bankname":"10573521","payBank":"P H R OLIVEIRA DR INVESTIMENTO LTDA","payCpf":"58.321.455\/0001-99","pixkey":"03932789130","account":"***.327.891-**","status":"done","order":"a4474d4c-de42-497e-adc5-af711be7435e"}}

【2025-09-05 21:21:07】
P2025090512394986789674795----提交：{"reference":"P2025090512394986789674795"}

【2025-09-05 21:21:08】
P2025090512394986789674795----返回：{"msg":"P2025090512394986789674795","code":"000000","data":{"date":"2025-09-05 12:39:50","eid":"E33053580202509051539507709aeab6","amount":10,"name":"Carlos Daniel Moreira","cpf":"***.305.309-**","bankname":"18236120","payBank":"P H R OLIVEIRA DR INVESTIMENTO LTDA","payCpf":"58.321.455\/0001-99","pixkey":"33991682623","account":"***.305.309-**","status":"done","order":"8d7af058-3e74-4240-9d2a-944ad79cc16d"}}

【2025-09-05 21:21:53】
P2025090512394986789674795----提交：{"reference":"P2025090512394986789674795"}

【2025-09-05 21:21:54】
P2025090512394986789674795----返回：{"msg":"P2025090512394986789674795","code":"000000","data":{"date":"2025-09-05 12:39:50","eid":"E33053580202509051539507709aeab6","amount":10,"name":"Carlos Daniel Moreira","cpf":"***.305.309-**","bankname":"18236120","payBank":"P H R OLIVEIRA DR INVESTIMENTO LTDA","payCpf":"58.321.455\/0001-99","pixkey":"33991682623","account":"***.305.309-**","status":"done","order":"8d7af058-3e74-4240-9d2a-944ad79cc16d"}}

【2025-09-05 21:25:12】
P2025090521243118271116331----提交：{"reference":"P2025090521243118271116331"}

【2025-09-05 21:25:13】
P2025090521243118271116331----返回：{"msg":"P2025090521243118271116331","code":"000000","data":{"date":"2025-09-05 21:25:02","eid":"E3305358020250906002502126714215","amount":610,"name":"DOMENIQUE DOS SANTOS EMILIO","cpf":"***.676.698-**","bankname":"31872495","payBank":"P H R OLIVEIRA DR INVESTIMENTO LTDA","payCpf":"58.321.455\/0001-99","pixkey":"46167669830","account":"***.676.698-**","status":"done","order":"e3fa686f-052c-4e09-be1c-816a6b25ddc0"}}

【2025-09-05 21:25:40】
P2025090521243118271116331----提交：{"reference":"P2025090521243118271116331"}

【2025-09-05 21:25:40】
P2025090521243118271116331----返回：{"msg":"P2025090521243118271116331","code":"000000","data":{"date":"2025-09-05 21:25:02","eid":"E3305358020250906002502126714215","amount":610,"name":"DOMENIQUE DOS SANTOS EMILIO","cpf":"***.676.698-**","bankname":"31872495","payBank":"P H R OLIVEIRA DR INVESTIMENTO LTDA","payCpf":"58.321.455\/0001-99","pixkey":"46167669830","account":"***.676.698-**","status":"done","order":"e3fa686f-052c-4e09-be1c-816a6b25ddc0"}}

【2025-09-05 21:33:18】
P2025090521234318223979960----提交：{"reference":"P2025090521234318223979960"}

【2025-09-05 21:33:19】
P2025090521234318223979960----返回：{"msg":"P2025090521234318223979960","code":"000000","data":{"date":"2025-09-05 21:23:44","eid":"E3305358020250906002344205ab7163","amount":20,"name":"JANAINA ALVES CHAGAS                    ","cpf":"***.444.829-**","bankname":"60746948","payBank":"P H R OLIVEIRA DR INVESTIMENTO LTDA","payCpf":"58.321.455\/0001-99","pixkey":"05444482940","account":"***.444.829-**","status":"done","order":"41a9148b-0f6f-468b-8710-de3d4a5d5e91"}}

【2025-09-05 21:33:20】
P2025090521234318223979960----提交：{"reference":"P2025090521234318223979960"}

【2025-09-05 21:33:20】
P2025090521234318223979960----返回：{"msg":"P2025090521234318223979960","code":"000000","data":{"date":"2025-09-05 21:23:44","eid":"E3305358020250906002344205ab7163","amount":20,"name":"JANAINA ALVES CHAGAS                    ","cpf":"***.444.829-**","bankname":"60746948","payBank":"P H R OLIVEIRA DR INVESTIMENTO LTDA","payCpf":"58.321.455\/0001-99","pixkey":"05444482940","account":"***.444.829-**","status":"done","order":"41a9148b-0f6f-468b-8710-de3d4a5d5e91"}}

【2025-09-05 21:33:36】
P2025090521325418774478126----提交：{"reference":"P2025090521325418774478126"}

【2025-09-05 21:33:36】
P2025090521325418774478126----返回：{"msg":"P2025090521325418774478126","code":"000000","data":{"date":"2025-09-05 21:32:55","eid":"E330535802025090600325574414d3f9","amount":58,"name":"Renato Silva Dos Santos Neto","cpf":"***.216.298-**","bankname":"08561701","payBank":"P H R OLIVEIRA DR INVESTIMENTO LTDA","payCpf":"58.321.455\/0001-99","pixkey":"48721629862","account":"***.216.298-**","status":"done","order":"11010d1e-269e-4cd4-935f-dcca7f1609c2"}}

【2025-09-05 21:33:38】
P2025090521325418774478126----提交：{"reference":"P2025090521325418774478126"}

【2025-09-05 21:33:38】
P2025090521325418774478126----返回：{"msg":"P2025090521325418774478126","code":"000000","data":{"date":"2025-09-05 21:32:55","eid":"E330535802025090600325574414d3f9","amount":58,"name":"Renato Silva Dos Santos Neto","cpf":"***.216.298-**","bankname":"08561701","payBank":"P H R OLIVEIRA DR INVESTIMENTO LTDA","payCpf":"58.321.455\/0001-99","pixkey":"48721629862","account":"***.216.298-**","status":"done","order":"11010d1e-269e-4cd4-935f-dcca7f1609c2"}}

【2025-09-05 21:39:27】
P2025090521384119121972939----提交：{"reference":"P2025090521384119121972939"}

【2025-09-05 21:39:28】
P2025090521384119121972939----返回：{"msg":"P2025090521384119121972939","code":"000000","data":{"date":"2025-09-05 21:39:03","eid":"E3305358020250906003903220332680","amount":10000,"name":"SUELISON VIEIRA CAVALCANTE","cpf":"***.261.035-**","bankname":"60746948","payBank":"P H R OLIVEIRA DR INVESTIMENTO LTDA","payCpf":"58.321.455\/0001-99","pixkey":"02626103535","account":"***.261.035-**","status":"done","order":"fcb18cca-5bee-4449-9f4c-b79d3f62e266"}}

【2025-09-05 21:39:30】
P2025090521384119121972939----提交：{"reference":"P2025090521384119121972939"}

【2025-09-05 21:39:31】
P2025090521384119121972939----返回：{"msg":"P2025090521384119121972939","code":"000000","data":{"date":"2025-09-05 21:39:03","eid":"E3305358020250906003903220332680","amount":10000,"name":"SUELISON VIEIRA CAVALCANTE","cpf":"***.261.035-**","bankname":"60746948","payBank":"P H R OLIVEIRA DR INVESTIMENTO LTDA","payCpf":"58.321.455\/0001-99","pixkey":"02626103535","account":"***.261.035-**","status":"done","order":"fcb18cca-5bee-4449-9f4c-b79d3f62e266"}}

【2025-09-05 21:39:53】
P2025090521384119121972939----提交：{"reference":"P2025090521384119121972939"}

【2025-09-05 21:39:54】
P2025090521384119121972939----返回：{"msg":"P2025090521384119121972939","code":"000000","data":{"date":"2025-09-05 21:39:03","eid":"E3305358020250906003903220332680","amount":10000,"name":"SUELISON VIEIRA CAVALCANTE","cpf":"***.261.035-**","bankname":"60746948","payBank":"P H R OLIVEIRA DR INVESTIMENTO LTDA","payCpf":"58.321.455\/0001-99","pixkey":"02626103535","account":"***.261.035-**","status":"done","order":"fcb18cca-5bee-4449-9f4c-b79d3f62e266"}}

【2025-09-05 21:40:18】
P2025090521332418804875092----提交：{"reference":"P2025090521332418804875092"}

【2025-09-05 21:40:19】
P2025090521332418804875092----返回：{"msg":"P2025090521332418804875092","code":"000000","data":{"date":"2025-09-05 21:33:25","eid":"E3305358020250906003325424af6b31","amount":20,"name":"KELLE GLEICE DE FREITAS GOES","cpf":"***.482.385-**","bankname":"90400888","payBank":"P H R OLIVEIRA DR INVESTIMENTO LTDA","payCpf":"58.321.455\/0001-99","pixkey":"01348238500","account":"***.482.385-**","status":"done","order":"174e9106-8bcd-4f45-91de-524d89f441b3"}}

【2025-09-05 21:40:20】
P2025090521332418804875092----提交：{"reference":"P2025090521332418804875092"}

【2025-09-05 21:40:20】
P2025090521332418804875092----返回：{"msg":"P2025090521332418804875092","code":"000000","data":{"date":"2025-09-05 21:33:25","eid":"E3305358020250906003325424af6b31","amount":20,"name":"KELLE GLEICE DE FREITAS GOES","cpf":"***.482.385-**","bankname":"90400888","payBank":"P H R OLIVEIRA DR INVESTIMENTO LTDA","payCpf":"58.321.455\/0001-99","pixkey":"01348238500","account":"***.482.385-**","status":"done","order":"174e9106-8bcd-4f45-91de-524d89f441b3"}}

【2025-09-05 21:42:36】
P2025090521234318223979960----提交：{"reference":"P2025090521234318223979960"}

【2025-09-05 21:42:37】
P2025090521234318223979960----返回：{"msg":"P2025090521234318223979960","code":"000000","data":{"date":"2025-09-05 21:23:44","eid":"E3305358020250906002344205ab7163","amount":20,"name":"JANAINA ALVES CHAGAS                    ","cpf":"***.444.829-**","bankname":"60746948","payBank":"P H R OLIVEIRA DR INVESTIMENTO LTDA","payCpf":"58.321.455\/0001-99","pixkey":"05444482940","account":"***.444.829-**","status":"done","order":"41a9148b-0f6f-468b-8710-de3d4a5d5e91"}}

【2025-09-05 21:56:39】
P2025090520050613506141914----提交：{"reference":"P2025090520050613506141914"}

【2025-09-05 21:56:39】
P2025090520050613506141914----返回：{"msg":"P2025090520050613506141914","code":"000000","data":{"date":"2025-09-05 20:05:07","eid":"E3305358020250905230507752235ec3","amount":100,"name":"JOSE ALTAIR DA COSTA","cpf":"***.194.629-**","bankname":"31872495","payBank":"P H R OLIVEIRA DR INVESTIMENTO LTDA","payCpf":"58.321.455\/0001-99","pixkey":"01719462941","account":"***.194.629-**","status":"done","order":"5ed02c45-dbe2-4354-af73-b88cccbe3d90"}}

【2025-09-05 21:56:55】
P2025090520050613506141914----提交：{"reference":"P2025090520050613506141914"}

【2025-09-05 21:56:55】
P2025090520050613506141914----返回：{"msg":"P2025090520050613506141914","code":"000000","data":{"date":"2025-09-05 20:05:07","eid":"E3305358020250905230507752235ec3","amount":100,"name":"JOSE ALTAIR DA COSTA","cpf":"***.194.629-**","bankname":"31872495","payBank":"P H R OLIVEIRA DR INVESTIMENTO LTDA","payCpf":"58.321.455\/0001-99","pixkey":"01719462941","account":"***.194.629-**","status":"done","order":"5ed02c45-dbe2-4354-af73-b88cccbe3d90"}}

