【2025-09-05 18:03:27】
P2025090517560005760861480----提交：{"reference":"P2025090517560005760861480"}

【2025-09-05 18:03:27】
P2025090517560005760861480----返回：{"msg":"P2025090517560005760861480","code":"000000","data":{"date":"2025-09-05 17:56:01","eid":"E330535802025090520560100197e019","amount":122.65,"name":"BRUNO AUGUSTO PINDANGA DA SILVA","cpf":"***.243.038-**","bankname":"00360305","payBank":"P H R OLIVEIRA DR INVESTIMENTO LTDA","payCpf":"58.321.455\/0001-99","pixkey":"39424303807","account":"***.243.038-**","status":"done","order":"2a49b59a-0214-4718-98ee-7228044abb3a"}}

【2025-09-05 18:03:30】
P2025090517560005760861480----提交：{"reference":"P2025090517560005760861480"}

【2025-09-05 18:03:31】
P2025090517560005760861480----返回：{"msg":"P2025090517560005760861480","code":"000000","data":{"date":"2025-09-05 17:56:01","eid":"E330535802025090520560100197e019","amount":122.65,"name":"BRUNO AUGUSTO PINDANGA DA SILVA","cpf":"***.243.038-**","bankname":"00360305","payBank":"P H R OLIVEIRA DR INVESTIMENTO LTDA","payCpf":"58.321.455\/0001-99","pixkey":"39424303807","account":"***.243.038-**","status":"done","order":"2a49b59a-0214-4718-98ee-7228044abb3a"}}

【2025-09-05 18:08:20】
P2025090518071106431334760----提交：{"reference":"P2025090518071106431334760"}

【2025-09-05 18:08:21】
P2025090518071106431334760----返回：{"msg":"P2025090518071106431334760","code":"000000","data":{"date":"2025-09-05 18:07:12","eid":"E3305358020250905210712566aee288","amount":25.89,"name":"JOSE DOMIRES MATOS GOMES","cpf":"***.089.315-**","bankname":"31872495","payBank":"P H R OLIVEIRA DR INVESTIMENTO LTDA","payCpf":"58.321.455\/0001-99","pixkey":"67408931520","account":"***.089.315-**","status":"done","order":"78f6a305-492e-4dc4-85fc-4a9b87857e61"}}

【2025-09-05 18:08:26】
P2025090518071106431334760----提交：{"reference":"P2025090518071106431334760"}

【2025-09-05 18:08:26】
P2025090518071106431334760----返回：{"msg":"P2025090518071106431334760","code":"000000","data":{"date":"2025-09-05 18:07:12","eid":"E3305358020250905210712566aee288","amount":25.89,"name":"JOSE DOMIRES MATOS GOMES","cpf":"***.089.315-**","bankname":"31872495","payBank":"P H R OLIVEIRA DR INVESTIMENTO LTDA","payCpf":"58.321.455\/0001-99","pixkey":"67408931520","account":"***.089.315-**","status":"done","order":"78f6a305-492e-4dc4-85fc-4a9b87857e61"}}

【2025-09-05 18:08:32】
P2025090518071106431334760----提交：{"reference":"P2025090518071106431334760"}

【2025-09-05 18:08:32】
P2025090518071106431334760----返回：{"msg":"P2025090518071106431334760","code":"000000","data":{"date":"2025-09-05 18:07:12","eid":"E3305358020250905210712566aee288","amount":25.89,"name":"JOSE DOMIRES MATOS GOMES","cpf":"***.089.315-**","bankname":"31872495","payBank":"P H R OLIVEIRA DR INVESTIMENTO LTDA","payCpf":"58.321.455\/0001-99","pixkey":"67408931520","account":"***.089.315-**","status":"done","order":"78f6a305-492e-4dc4-85fc-4a9b87857e61"}}

【2025-09-05 18:09:01】
P2025090508092070560124080----提交：{"reference":"P2025090508092070560124080"}

【2025-09-05 18:09:02】
P2025090508092070560124080----返回：{"msg":"P2025090508092070560124080","code":"000000","data":{"date":"2025-09-05 08:09:21","eid":"E33053580202509051109218094ff8bb","amount":170,"name":"MARIA DANIELA DA SILVA","cpf":"***.838.294-**","bankname":"20855875","payBank":"P H R OLIVEIRA DR INVESTIMENTO LTDA","payCpf":"58.321.455\/0001-99","pixkey":"12083829425","account":"***.838.294-**","status":"done","order":"5cd803b2-0f6d-47f3-80f5-55d13909697f"}}

【2025-09-05 18:09:06】
P2025090508092070560124080----提交：{"reference":"P2025090508092070560124080"}

【2025-09-05 18:09:07】
P2025090508092070560124080----返回：{"msg":"P2025090508092070560124080","code":"000000","data":{"date":"2025-09-05 08:09:21","eid":"E33053580202509051109218094ff8bb","amount":170,"name":"MARIA DANIELA DA SILVA","cpf":"***.838.294-**","bankname":"20855875","payBank":"P H R OLIVEIRA DR INVESTIMENTO LTDA","payCpf":"58.321.455\/0001-99","pixkey":"12083829425","account":"***.838.294-**","status":"done","order":"5cd803b2-0f6d-47f3-80f5-55d13909697f"}}

【2025-09-05 18:09:41】
P2025090508092070560124080----提交：{"reference":"P2025090508092070560124080"}

【2025-09-05 18:09:42】
P2025090508092070560124080----返回：{"msg":"P2025090508092070560124080","code":"000000","data":{"date":"2025-09-05 08:09:21","eid":"E33053580202509051109218094ff8bb","amount":170,"name":"MARIA DANIELA DA SILVA","cpf":"***.838.294-**","bankname":"20855875","payBank":"P H R OLIVEIRA DR INVESTIMENTO LTDA","payCpf":"58.321.455\/0001-99","pixkey":"12083829425","account":"***.838.294-**","status":"done","order":"5cd803b2-0f6d-47f3-80f5-55d13909697f"}}

【2025-09-05 18:16:56】
P2025090518144906889583225----提交：{"reference":"P2025090518144906889583225"}

【2025-09-05 18:16:57】
P2025090518144906889583225----返回：{"msg":"P2025090518144906889583225","code":"000000","data":{"date":"2025-09-05 18:15:07","eid":"E3305358020250905211506947e0d472","amount":300,"name":"Aline Marques Da Silva Guimaraes","cpf":"***.450.184-**","bankname":"18236120","payBank":"P H R OLIVEIRA DR INVESTIMENTO LTDA","payCpf":"58.321.455\/0001-99","pixkey":"+5587996594639","account":"***.450.184-**","status":"done","order":"afae755e-d26e-440c-a405-411acc9d32a3"}}

【2025-09-05 18:16:58】
P2025090518144906889583225----提交：{"reference":"P2025090518144906889583225"}

【2025-09-05 18:16:58】
P2025090518144906889583225----返回：{"msg":"P2025090518144906889583225","code":"000000","data":{"date":"2025-09-05 18:15:07","eid":"E3305358020250905211506947e0d472","amount":300,"name":"Aline Marques Da Silva Guimaraes","cpf":"***.450.184-**","bankname":"18236120","payBank":"P H R OLIVEIRA DR INVESTIMENTO LTDA","payCpf":"58.321.455\/0001-99","pixkey":"+5587996594639","account":"***.450.184-**","status":"done","order":"afae755e-d26e-440c-a405-411acc9d32a3"}}

【2025-09-05 18:37:23】
P2025090508092070560124080----提交：{"reference":"P2025090508092070560124080"}

【2025-09-05 18:37:24】
P2025090508092070560124080----返回：{"msg":"P2025090508092070560124080","code":"000000","data":{"date":"2025-09-05 08:09:21","eid":"E33053580202509051109218094ff8bb","amount":170,"name":"MARIA DANIELA DA SILVA","cpf":"***.838.294-**","bankname":"20855875","payBank":"P H R OLIVEIRA DR INVESTIMENTO LTDA","payCpf":"58.321.455\/0001-99","pixkey":"12083829425","account":"***.838.294-**","status":"done","order":"5cd803b2-0f6d-47f3-80f5-55d13909697f"}}

【2025-09-05 18:38:16】
P2025090508092070560124080----提交：{"reference":"P2025090508092070560124080"}

【2025-09-05 18:38:17】
P2025090508092070560124080----返回：{"msg":"P2025090508092070560124080","code":"000000","data":{"date":"2025-09-05 08:09:21","eid":"E33053580202509051109218094ff8bb","amount":170,"name":"MARIA DANIELA DA SILVA","cpf":"***.838.294-**","bankname":"20855875","payBank":"P H R OLIVEIRA DR INVESTIMENTO LTDA","payCpf":"58.321.455\/0001-99","pixkey":"12083829425","account":"***.838.294-**","status":"done","order":"5cd803b2-0f6d-47f3-80f5-55d13909697f"}}

【2025-09-05 18:38:37】
P2025090508092070560124080----提交：{"reference":"P2025090508092070560124080"}

【2025-09-05 18:38:38】
P2025090508092070560124080----返回：{"msg":"P2025090508092070560124080","code":"000000","data":{"date":"2025-09-05 08:09:21","eid":"E33053580202509051109218094ff8bb","amount":170,"name":"MARIA DANIELA DA SILVA","cpf":"***.838.294-**","bankname":"20855875","payBank":"P H R OLIVEIRA DR INVESTIMENTO LTDA","payCpf":"58.321.455\/0001-99","pixkey":"12083829425","account":"***.838.294-**","status":"done","order":"5cd803b2-0f6d-47f3-80f5-55d13909697f"}}

【2025-09-05 18:38:55】
P2025090508092070560124080----提交：{"reference":"P2025090508092070560124080"}

【2025-09-05 18:38:55】
P2025090508092070560124080----返回：{"msg":"P2025090508092070560124080","code":"000000","data":{"date":"2025-09-05 08:09:21","eid":"E33053580202509051109218094ff8bb","amount":170,"name":"MARIA DANIELA DA SILVA","cpf":"***.838.294-**","bankname":"20855875","payBank":"P H R OLIVEIRA DR INVESTIMENTO LTDA","payCpf":"58.321.455\/0001-99","pixkey":"12083829425","account":"***.838.294-**","status":"done","order":"5cd803b2-0f6d-47f3-80f5-55d13909697f"}}

【2025-09-05 18:42:48】
P2025090518371908239929055----提交：{"reference":"P2025090518371908239929055"}

【2025-09-05 18:42:49】
P2025090518371908239929055----返回：{"msg":"P2025090518371908239929055","code":"000000","data":{"date":"2025-09-05 18:37:20","eid":"E33053580202509052137208664d5910","amount":60,"name":"JOAO BATISTA TAVEIRA DE SA","cpf":"***.215.216-**","bankname":"60746948","payBank":"P H R OLIVEIRA DR INVESTIMENTO LTDA","payCpf":"58.321.455\/0001-99","pixkey":"07121521644","account":"***.215.216-**","status":"done","order":"e28e9313-a449-423c-b4fb-5337bf530c86"}}

【2025-09-05 18:42:50】
P2025090518371908239929055----提交：{"reference":"P2025090518371908239929055"}

【2025-09-05 18:42:51】
P2025090518371908239929055----返回：{"msg":"P2025090518371908239929055","code":"000000","data":{"date":"2025-09-05 18:37:20","eid":"E33053580202509052137208664d5910","amount":60,"name":"JOAO BATISTA TAVEIRA DE SA","cpf":"***.215.216-**","bankname":"60746948","payBank":"P H R OLIVEIRA DR INVESTIMENTO LTDA","payCpf":"58.321.455\/0001-99","pixkey":"07121521644","account":"***.215.216-**","status":"done","order":"e28e9313-a449-423c-b4fb-5337bf530c86"}}

