【2025-09-05 17:08:45】
P2025090517082202902459876----提交：{"reference":"P2025090517082202902459876"}

【2025-09-05 17:08:46】
P2025090517082202902459876----返回：{"msg":"P2025090517082202902459876","code":"000000","data":{"date":"2025-09-05 17:08:23","eid":"E33053580202509052008237045fa797","amount":1050,"name":"Thalita Brito de Oliveira","cpf":"***.003.361-**","bankname":"18236120","payBank":"P H R OLIVEIRA DR INVESTIMENTO LTDA","payCpf":"58.321.455\/0001-99","pixkey":"11200336160","account":"***.003.361-**","status":"done","order":"c2786ae5-4cf1-4454-aa1d-b55f021c62ba"}}

【2025-09-05 17:08:48】
P2025090517082202902459876----提交：{"reference":"P2025090517082202902459876"}

【2025-09-05 17:08:48】
P2025090517082202902459876----返回：{"msg":"P2025090517082202902459876","code":"000000","data":{"date":"2025-09-05 17:08:23","eid":"E33053580202509052008237045fa797","amount":1050,"name":"Thalita Brito de Oliveira","cpf":"***.003.361-**","bankname":"18236120","payBank":"P H R OLIVEIRA DR INVESTIMENTO LTDA","payCpf":"58.321.455\/0001-99","pixkey":"11200336160","account":"***.003.361-**","status":"done","order":"c2786ae5-4cf1-4454-aa1d-b55f021c62ba"}}

【2025-09-05 17:21:59】
P2025090515114495904106737----提交：{"reference":"P2025090515114495904106737"}

【2025-09-05 17:21:59】
P2025090515114495904106737----返回：{"msg":"P2025090515114495904106737","code":"000000","data":{"date":"2025-09-05 15:11:45","eid":"E3305358020250905181145485144146","amount":100,"name":"WESLEY FERNANDES DE SOUSA","cpf":"***.969.461-**","bankname":"00000000","payBank":"P H R OLIVEIRA DR INVESTIMENTO LTDA","payCpf":"58.321.455\/0001-99","pixkey":"74896946120","account":"***.969.461-**","status":"done","order":"fdfaf78f-3620-438d-a2b8-2fa59896046b"}}

【2025-09-05 17:22:00】
P2025090515114495904106737----提交：{"reference":"P2025090515114495904106737"}

【2025-09-05 17:22:01】
P2025090515114495904106737----返回：{"msg":"P2025090515114495904106737","code":"000000","data":{"date":"2025-09-05 15:11:45","eid":"E3305358020250905181145485144146","amount":100,"name":"WESLEY FERNANDES DE SOUSA","cpf":"***.969.461-**","bankname":"00000000","payBank":"P H R OLIVEIRA DR INVESTIMENTO LTDA","payCpf":"58.321.455\/0001-99","pixkey":"74896946120","account":"***.969.461-**","status":"done","order":"fdfaf78f-3620-438d-a2b8-2fa59896046b"}}

【2025-09-05 17:24:27】
P2025090121511474274912838----提交：{"reference":"P2025090121511474274912838"}

【2025-09-05 17:24:27】
P2025090121511474274912838----返回：{"msg":"P2025090121511474274912838","code":"000000","data":{"date":"2025-09-01 21:51:15","eid":"E3305358020250902005115120365aad","amount":20,"name":"Maria do Outeiro Nunes Perazzo","cpf":"***.522.507-**","bankname":"18236120","payBank":"P H R OLIVEIRA DR INVESTIMENTO LTDA","payCpf":"58.321.455\/0001-99","pixkey":"50052250725","account":"***.522.507-**","status":"done","order":"90de9795-34e5-4f8c-8d8a-b207a3d8e27f"}}

【2025-09-05 17:24:33】
P2025090121491174151438233----提交：{"reference":"P2025090121491174151438233"}

【2025-09-05 17:24:34】
P2025090121491174151438233----返回：{"msg":"P2025090121491174151438233","code":"000000","data":{"date":"2025-09-01 21:49:12","eid":"E3305358020250902004911992e4870b","amount":50,"name":"Maria do Outeiro Nunes Perazzo","cpf":"***.522.507-**","bankname":"18236120","payBank":"P H R OLIVEIRA DR INVESTIMENTO LTDA","payCpf":"58.321.455\/0001-99","pixkey":"50052250725","account":"***.522.507-**","status":"done","order":"285535dd-951d-4c6b-889b-023d92b8e88a"}}

【2025-09-05 17:24:36】
P2025090121511474274912838----提交：{"reference":"P2025090121511474274912838"}

【2025-09-05 17:24:37】
P2025090121511474274912838----返回：{"msg":"P2025090121511474274912838","code":"000000","data":{"date":"2025-09-01 21:51:15","eid":"E3305358020250902005115120365aad","amount":20,"name":"Maria do Outeiro Nunes Perazzo","cpf":"***.522.507-**","bankname":"18236120","payBank":"P H R OLIVEIRA DR INVESTIMENTO LTDA","payCpf":"58.321.455\/0001-99","pixkey":"50052250725","account":"***.522.507-**","status":"done","order":"90de9795-34e5-4f8c-8d8a-b207a3d8e27f"}}

【2025-09-05 17:24:43】
P2025090121511474274912838----提交：{"reference":"P2025090121511474274912838"}

【2025-09-05 17:24:43】
P2025090121511474274912838----返回：{"msg":"P2025090121511474274912838","code":"000000","data":{"date":"2025-09-01 21:51:15","eid":"E3305358020250902005115120365aad","amount":20,"name":"Maria do Outeiro Nunes Perazzo","cpf":"***.522.507-**","bankname":"18236120","payBank":"P H R OLIVEIRA DR INVESTIMENTO LTDA","payCpf":"58.321.455\/0001-99","pixkey":"50052250725","account":"***.522.507-**","status":"done","order":"90de9795-34e5-4f8c-8d8a-b207a3d8e27f"}}

【2025-09-05 17:24:57】
P2025090121491174151438233----提交：{"reference":"P2025090121491174151438233"}

【2025-09-05 17:24:58】
P2025090121491174151438233----返回：{"msg":"P2025090121491174151438233","code":"000000","data":{"date":"2025-09-01 21:49:12","eid":"E3305358020250902004911992e4870b","amount":50,"name":"Maria do Outeiro Nunes Perazzo","cpf":"***.522.507-**","bankname":"18236120","payBank":"P H R OLIVEIRA DR INVESTIMENTO LTDA","payCpf":"58.321.455\/0001-99","pixkey":"50052250725","account":"***.522.507-**","status":"done","order":"285535dd-951d-4c6b-889b-023d92b8e88a"}}

【2025-09-05 17:37:39】
P2025090513083388513633069----提交：{"reference":"P2025090513083388513633069"}

【2025-09-05 17:37:39】
P2025090513083388513633069----返回：{"msg":"P2025090513083388513633069","code":"000000","data":{"date":"2025-09-05 13:08:34","eid":"E3305358020250905160834364024074","amount":16,"name":"Andre Macedo Sandi Godoy","cpf":"***.634.336-**","bankname":"22896431","payBank":"P H R OLIVEIRA DR INVESTIMENTO LTDA","payCpf":"58.321.455\/0001-99","pixkey":"62981741019","account":"***.634.336-**","status":"done","order":"4c8c911b-4267-4659-93e9-1a35bccd3b1a"}}

【2025-09-05 17:37:40】
P2025090513083388513633069----提交：{"reference":"P2025090513083388513633069"}

【2025-09-05 17:37:41】
P2025090513083388513633069----返回：{"msg":"P2025090513083388513633069","code":"000000","data":{"date":"2025-09-05 13:08:34","eid":"E3305358020250905160834364024074","amount":16,"name":"Andre Macedo Sandi Godoy","cpf":"***.634.336-**","bankname":"22896431","payBank":"P H R OLIVEIRA DR INVESTIMENTO LTDA","payCpf":"58.321.455\/0001-99","pixkey":"62981741019","account":"***.634.336-**","status":"done","order":"4c8c911b-4267-4659-93e9-1a35bccd3b1a"}}

【2025-09-05 17:51:33】
P2025090517485905339865779----提交：{"reference":"P2025090517485905339865779"}

【2025-09-05 17:51:33】
P2025090517485905339865779----返回：{"msg":"P2025090517485905339865779","code":"000000","data":{"date":"2025-09-05 17:51:04","eid":"E3305358020250905205104488524fd5","amount":400,"name":"Maria Thaislane Silva Leite","cpf":"***.847.584-**","bankname":"18236120","payBank":"P H R OLIVEIRA DR INVESTIMENTO LTDA","payCpf":"58.321.455\/0001-99","pixkey":"10684758466","account":"***.847.584-**","status":"done","order":"63ed14d8-aa2f-438c-9b3b-a7400f7c7e9b"}}

