【2025-09-05 19:20:12】
P2025090517170903429918071----提交：{"reference":"P2025090517170903429918071"}

【2025-09-05 19:20:13】
P2025090517170903429918071----返回：{"msg":"P2025090517170903429918071","code":"000000","data":{"date":"2025-09-05 17:17:10","eid":"E3305358020250905201710619b0e58d","amount":400,"name":"Iramar Candida Pimentel","cpf":"***.103.801-**","bankname":"18236120","payBank":"P H R OLIVEIRA DR INVESTIMENTO LTDA","payCpf":"58.321.455\/0001-99","pixkey":"03210380104","account":"***.103.801-**","status":"done","order":"a287711f-404e-44f3-8750-a7bcd809382d"}}

【2025-09-05 19:20:55】
P2025090517170903429918071----提交：{"reference":"P2025090517170903429918071"}

【2025-09-05 19:20:56】
P2025090517170903429918071----返回：{"msg":"P2025090517170903429918071","code":"000000","data":{"date":"2025-09-05 17:17:10","eid":"E3305358020250905201710619b0e58d","amount":400,"name":"Iramar Candida Pimentel","cpf":"***.103.801-**","bankname":"18236120","payBank":"P H R OLIVEIRA DR INVESTIMENTO LTDA","payCpf":"58.321.455\/0001-99","pixkey":"03210380104","account":"***.103.801-**","status":"done","order":"a287711f-404e-44f3-8750-a7bcd809382d"}}

【2025-09-05 19:42:58】
P2025090512180085480172277----提交：{"reference":"P2025090512180085480172277"}

【2025-09-05 19:42:59】
P2025090512180085480172277----返回：{"msg":"P2025090512180085480172277","code":"000000","data":{"date":"2025-09-05 12:19:04","eid":"E3305358020250905151904040aa2ce5","amount":1442,"name":"EDUARDO FELIPE CAMPELO","cpf":"***.249.599-**","bankname":"58160789","payBank":"P H R OLIVEIRA DR INVESTIMENTO LTDA","payCpf":"58.321.455\/0001-99","pixkey":"08124959935","account":"***.249.599-**","status":"done","order":"65a2cc5e-9550-4cdf-9eea-8a46ddfdeb1a"}}

【2025-09-05 19:43:00】
P2025090512180085480172277----提交：{"reference":"P2025090512180085480172277"}

【2025-09-05 19:43:00】
P2025090512180085480172277----返回：{"msg":"P2025090512180085480172277","code":"000000","data":{"date":"2025-09-05 12:19:04","eid":"E3305358020250905151904040aa2ce5","amount":1442,"name":"EDUARDO FELIPE CAMPELO","cpf":"***.249.599-**","bankname":"58160789","payBank":"P H R OLIVEIRA DR INVESTIMENTO LTDA","payCpf":"58.321.455\/0001-99","pixkey":"08124959935","account":"***.249.599-**","status":"done","order":"65a2cc5e-9550-4cdf-9eea-8a46ddfdeb1a"}}

【2025-09-05 19:43:29】
P2025090519420012120921845----提交：{"reference":"P2025090519420012120921845"}

【2025-09-05 19:43:30】
P2025090519420012120921845----返回：{"msg":"P2025090519420012120921845","code":"000000","data":{"date":"2025-09-05 19:43:02","eid":"E3305358020250905224302561064916","amount":110,"name":"BRUNA SILVA PAVAO","cpf":"***.347.773-**","bankname":"00416968","payBank":"P H R OLIVEIRA DR INVESTIMENTO LTDA","payCpf":"58.321.455\/0001-99","pixkey":"61734777346","account":"***.347.773-**","status":"done","order":"aedd64e3-6fa9-4977-83c7-0f47c3d2dfd3"}}

【2025-09-05 19:43:38】
P2025090519420012120921845----提交：{"reference":"P2025090519420012120921845"}

【2025-09-05 19:43:39】
P2025090519420012120921845----返回：{"msg":"P2025090519420012120921845","code":"000000","data":{"date":"2025-09-05 19:43:02","eid":"E3305358020250905224302561064916","amount":110,"name":"BRUNA SILVA PAVAO","cpf":"***.347.773-**","bankname":"00416968","payBank":"P H R OLIVEIRA DR INVESTIMENTO LTDA","payCpf":"58.321.455\/0001-99","pixkey":"61734777346","account":"***.347.773-**","status":"done","order":"aedd64e3-6fa9-4977-83c7-0f47c3d2dfd3"}}

