【2025-09-05 21:10:09】
P2025090520303115031973900----提交：{"custId":"24120300001308","appId":"8241201350","order":"P2025090520303115031973900","sign":"36B9116095ECF67ABE2A75C69C28A088"}

【2025-09-05 21:10:09】
P2025090520303115031973900----返回：{"code":"000000","msg":"P2025090520303115031973900","data":{"date":"2025-09-05 21:10:05","eid":"E45756448202509060010qaA60RJSVUm","amount":"6000","name":"MARIA DAS GRACAS PINHEIRO","cpf":"6328160402","bankname":"null","payBank":"","payCpf":"","pixkey":"06328160402","account":"78397","status":"done","order":"A20250905211002443569KdtfkIIRx"},"sign":"0E57B7178F58AAEC5E3AAA567C3837EB"}

【2025-09-05 21:21:26】
P2025090520313915099776201----提交：{"custId":"24120300001308","appId":"8241201350","order":"P2025090520313915099776201","sign":"3B02239D26FC910AD76CC90F47D455A6"}

【2025-09-05 21:21:26】
P2025090520313915099776201----返回：{"code":"000000","msg":"P2025090520313915099776201","data":{"date":"2025-09-05 20:31:42","eid":"E3571349120250905233140190c40796","amount":"190.13","name":"WAGNER LUIZ DE MIRANDA","cpf":"07009535906","bankname":"NOVABET OFICIAL","payBank":"","payCpf":"","pixkey":"07009535906","account":"00360305","status":"done","order":"A20250905203140968011urd8lWzCf"},"sign":"07052DC7B5733F005A4D681B5E1CC36B"}

【2025-09-05 21:21:34】
P2025090519030409784544826----提交：{"custId":"24120300001308","appId":"8241201350","order":"P2025090519030409784544826","sign":"CE81C9EE26082001CB075025F9220C94"}

【2025-09-05 21:21:35】
P2025090519030409784544826----返回：{"code":"000000","msg":"P2025090519030409784544826","data":{"date":"2025-09-05 19:03:06","eid":"E457564482025090522034xC6DoR9WUO","amount":"50.04","name":"WAGNER LUIZ DE MIRANDA","cpf":"7009535906","bankname":"null","payBank":"","payCpf":"","pixkey":"07009535906","account":"37010000005853495646","status":"done","order":"A20250905190305941185GLCj5xxVr"},"sign":"0107BAA6227400DDC414BAD838D24EE1"}

【2025-09-05 21:21:51】
P2025090520313915099776201----提交：{"custId":"24120300001308","appId":"8241201350","order":"P2025090520313915099776201","sign":"3B02239D26FC910AD76CC90F47D455A6"}

【2025-09-05 21:21:51】
P2025090520313915099776201----返回：{"code":"000000","msg":"P2025090520313915099776201","data":{"date":"2025-09-05 20:31:42","eid":"E3571349120250905233140190c40796","amount":"190.13","name":"WAGNER LUIZ DE MIRANDA","cpf":"07009535906","bankname":"NOVABET OFICIAL","payBank":"","payCpf":"","pixkey":"07009535906","account":"00360305","status":"done","order":"A20250905203140968011urd8lWzCf"},"sign":"07052DC7B5733F005A4D681B5E1CC36B"}

【2025-09-05 21:22:16】
P2025090519030409784544826----提交：{"custId":"24120300001308","appId":"8241201350","order":"P2025090519030409784544826","sign":"CE81C9EE26082001CB075025F9220C94"}

【2025-09-05 21:22:16】
P2025090519030409784544826----返回：{"code":"000000","msg":"P2025090519030409784544826","data":{"date":"2025-09-05 19:03:06","eid":"E457564482025090522034xC6DoR9WUO","amount":"50.04","name":"WAGNER LUIZ DE MIRANDA","cpf":"7009535906","bankname":"null","payBank":"","payCpf":"","pixkey":"07009535906","account":"37010000005853495646","status":"done","order":"A20250905190305941185GLCj5xxVr"},"sign":"0107BAA6227400DDC414BAD838D24EE1"}

【2025-09-05 21:22:38】
P2025090416342214462494059----提交：{"custId":"24120300001308","appId":"8241201350","order":"P2025090416342214462494059","sign":"839801DCC516111352BD5482CF9791AF"}

【2025-09-05 21:22:38】
P2025090416342214462494059----返回：{"code":"000000","msg":"P2025090416342214462494059","data":{"date":"2025-09-04 16:34:24","eid":"E35713491202509041934223866bd2d3","amount":"60","name":"José jesus Rodrigues","cpf":"02040101870","bankname":"NOVABET OFICIAL","payBank":"","payCpf":"","pixkey":"02040101870","account":"08561701","status":"done","order":"A20250904163422617325nBK7u95S3"},"sign":"8C74B212A1E81AF1C621A7C5AA98C2CB"}

【2025-09-05 21:22:42】
P2025090416342214462494059----提交：{"custId":"24120300001308","appId":"8241201350","order":"P2025090416342214462494059","sign":"839801DCC516111352BD5482CF9791AF"}

【2025-09-05 21:22:43】
P2025090416342214462494059----返回：{"code":"000000","msg":"P2025090416342214462494059","data":{"date":"2025-09-04 16:34:24","eid":"E35713491202509041934223866bd2d3","amount":"60","name":"José jesus Rodrigues","cpf":"02040101870","bankname":"NOVABET OFICIAL","payBank":"","payCpf":"","pixkey":"02040101870","account":"08561701","status":"done","order":"A20250904163422617325nBK7u95S3"},"sign":"8C74B212A1E81AF1C621A7C5AA98C2CB"}

