【2025-09-05 14:33:03】
P2025082612234221822993260----提交：{"custId":"24120300001308","appId":"8241201350","order":"P2025082612234221822993260","sign":"575BD74CC6C292419094E77221C83A6F"}

【2025-09-05 14:33:03】
P2025082612234221822993260----返回：{"code":"000000","msg":"P2025082612234221822993260","data":{"date":"2025-08-26 12:23:44","eid":"E457564482025082615234VYgs5IALEi","amount":"300","name":"Andrielly Nunes de Oliveira","cpf":"12601903406","bankname":"null","payBank":"","payCpf":"","pixkey":"12601903406","account":"587246018","status":"done","order":"A202508261223430269166cIneNGnJ"},"sign":"D5A85EBB46C2429A48D2AB7AF4EFA1BA"}

【2025-09-05 14:33:16】
P2025082612363622596099883----提交：{"custId":"24120300001308","appId":"8241201350","order":"P2025082612363622596099883","sign":"CC48FE449598392F9D56289117F903B6"}

【2025-09-05 14:33:16】
P2025082612363622596099883----返回：{"code":"000000","msg":"P2025082612363622596099883","data":{"date":"2025-08-26 12:36:39","eid":"E45756448202508261536sKuqfl4tt0a","amount":"311","name":"Natalia Andrade Teixeira Vinciguerra","cpf":"40617865809","bankname":"null","payBank":"","payCpf":"","pixkey":"13981545302","account":"304104922","status":"done","order":"A20250826123636699963URQHrMkIY"},"sign":"BB6251400A4245540E4C7786DC642C48"}

【2025-09-05 14:33:26】
P2025082614421830138467431----提交：{"custId":"24120300001308","appId":"8241201350","order":"P2025082614421830138467431","sign":"F104FF5E6F63E2D396C2DE894C64E0EA"}

【2025-09-05 14:33:26】
P2025082614421830138467431----返回：{"code":"000000","msg":"P2025082614421830138467431","data":{"date":"2025-08-26 14:42:30","eid":"E3720544720250826174219704e80dd9","amount":"310","name":"ESTHER PEREIRA COSTA BATISTA","cpf":"13907474686","bankname":"ORBION GAMING LTDA","payBank":"","payCpf":"","pixkey":"13907474686","account":"60701190","status":"done","order":"A20250826144219470673w36bEdALZ"},"sign":"4DBF1D6E75FE9C2F4FEA3C7285B70FC9"}

【2025-09-05 14:33:30】
P2025082612235421834477389----提交：{"custId":"24120300001308","appId":"8241201350","order":"P2025082612235421834477389","sign":"13BEADB3BC636BFD5CE9F6E4169A68C6"}

【2025-09-05 14:33:30】
P2025082612235421834477389----返回：{"code":"000000","msg":"P2025082612235421834477389","data":{"date":"2025-08-26 12:23:58","eid":"E45756448202508261523hPZBKrvcOkS","amount":"321","name":"Laryssa de Fatima Silva do Nascimento","cpf":"14694219413","bankname":"null","payBank":"","payCpf":"","pixkey":"14694219413","account":"857219324","status":"done","order":"A20250826122355739290mQ4Yz8azb"},"sign":"C8B17BBDF2214311FBDF3A7E60589983"}

【2025-09-05 14:35:10】
P2025082612234221822993260----提交：{"custId":"24120300001308","appId":"8241201350","order":"P2025082612234221822993260","sign":"575BD74CC6C292419094E77221C83A6F"}

【2025-09-05 14:35:10】
P2025082612234221822993260----返回：{"code":"000000","msg":"P2025082612234221822993260","data":{"date":"2025-08-26 12:23:44","eid":"E457564482025082615234VYgs5IALEi","amount":"300","name":"Andrielly Nunes de Oliveira","cpf":"12601903406","bankname":"null","payBank":"","payCpf":"","pixkey":"12601903406","account":"587246018","status":"done","order":"A202508261223430269166cIneNGnJ"},"sign":"D5A85EBB46C2429A48D2AB7AF4EFA1BA"}

【2025-09-05 14:35:13】
P2025082612363622596099883----提交：{"custId":"24120300001308","appId":"8241201350","order":"P2025082612363622596099883","sign":"CC48FE449598392F9D56289117F903B6"}

【2025-09-05 14:35:13】
P2025082612363622596099883----返回：{"code":"000000","msg":"P2025082612363622596099883","data":{"date":"2025-08-26 12:36:39","eid":"E45756448202508261536sKuqfl4tt0a","amount":"311","name":"Natalia Andrade Teixeira Vinciguerra","cpf":"40617865809","bankname":"null","payBank":"","payCpf":"","pixkey":"13981545302","account":"304104922","status":"done","order":"A20250826123636699963URQHrMkIY"},"sign":"BB6251400A4245540E4C7786DC642C48"}

【2025-09-05 14:35:14】
P2025082614421830138467431----提交：{"custId":"24120300001308","appId":"8241201350","order":"P2025082614421830138467431","sign":"F104FF5E6F63E2D396C2DE894C64E0EA"}

【2025-09-05 14:35:14】
P2025082614421830138467431----返回：{"code":"000000","msg":"P2025082614421830138467431","data":{"date":"2025-08-26 14:42:30","eid":"E3720544720250826174219704e80dd9","amount":"310","name":"ESTHER PEREIRA COSTA BATISTA","cpf":"13907474686","bankname":"ORBION GAMING LTDA","payBank":"","payCpf":"","pixkey":"13907474686","account":"60701190","status":"done","order":"A20250826144219470673w36bEdALZ"},"sign":"4DBF1D6E75FE9C2F4FEA3C7285B70FC9"}

【2025-09-05 14:35:18】
P2025082612235421834477389----提交：{"custId":"24120300001308","appId":"8241201350","order":"P2025082612235421834477389","sign":"13BEADB3BC636BFD5CE9F6E4169A68C6"}

【2025-09-05 14:35:18】
P2025082612235421834477389----返回：{"code":"000000","msg":"P2025082612235421834477389","data":{"date":"2025-08-26 12:23:58","eid":"E45756448202508261523hPZBKrvcOkS","amount":"321","name":"Laryssa de Fatima Silva do Nascimento","cpf":"14694219413","bankname":"null","payBank":"","payCpf":"","pixkey":"14694219413","account":"857219324","status":"done","order":"A20250826122355739290mQ4Yz8azb"},"sign":"C8B17BBDF2214311FBDF3A7E60589983"}

