【2025-09-07 22:09:28】
P20250907220806936862832118191----提交：{"reference":"P20250907220806936862832118191"}

【2025-09-07 22:09:29】
P20250907220806936862832118191----返回：{"msg":"P20250907220806936862832118191","code":"000000","data":{"date":"2025-09-07 22:09:02","eid":"E330535802025090801090229007a06e","amount":10000,"name":"JOAO RICARDO PEREIRA DE ARAUJO","cpf":"***.858.744-**","bankname":"60746948","payBank":"P H R OLIVEIRA DR INVESTIMENTO LTDA","payCpf":"58.321.455\/0001-99","pixkey":"jricardo.pereiradearaujo@gmail.com","account":"***.858.744-**","status":"done","order":"40b6df40-37f7-419e-9fb9-05e9022e435d"}}

【2025-09-07 22:09:36】
P20250907220806936862832118191----提交：{"reference":"P20250907220806936862832118191"}

【2025-09-07 22:09:36】
P20250907220806936862832118191----返回：{"msg":"P20250907220806936862832118191","code":"000000","data":{"date":"2025-09-07 22:09:02","eid":"E330535802025090801090229007a06e","amount":10000,"name":"JOAO RICARDO PEREIRA DE ARAUJO","cpf":"***.858.744-**","bankname":"60746948","payBank":"P H R OLIVEIRA DR INVESTIMENTO LTDA","payCpf":"58.321.455\/0001-99","pixkey":"jricardo.pereiradearaujo@gmail.com","account":"***.858.744-**","status":"done","order":"40b6df40-37f7-419e-9fb9-05e9022e435d"}}

【2025-09-07 22:50:20】
P20250907224904961443999257040----提交：{"reference":"P20250907224904961443999257040"}

【2025-09-07 22:50:20】
P20250907224904961443999257040----提交：{"reference":"P20250907224904961443999257040"}

【2025-09-07 22:50:20】
P20250907224904961443999257040----返回：{"msg":"P20250907224904961443999257040","code":"000000","data":{"date":"2025-09-07 22:49:05","eid":"E3305358020250908014905675701995","amount":1053,"name":"A J BORGACO DE OLIVEIRA ME","cpf":"***.189.040-**","bankname":"90400888","payBank":"P H R OLIVEIRA DR INVESTIMENTO LTDA","payCpf":"58.321.455\/0001-99","pixkey":"92985447564","account":"***.189.040-**","status":"done","order":"2def20de-46b6-45d1-aca4-709510f0ea46"}}

【2025-09-07 22:50:20】
P20250907224904961443999257040----返回：{"msg":"P20250907224904961443999257040","code":"000000","data":{"date":"2025-09-07 22:49:05","eid":"E3305358020250908014905675701995","amount":1053,"name":"A J BORGACO DE OLIVEIRA ME","cpf":"***.189.040-**","bankname":"90400888","payBank":"P H R OLIVEIRA DR INVESTIMENTO LTDA","payCpf":"58.321.455\/0001-99","pixkey":"92985447564","account":"***.189.040-**","status":"done","order":"2def20de-46b6-45d1-aca4-709510f0ea46"}}

【2025-09-07 22:55:15】
P20250907225333964132999329634----提交：{"reference":"P20250907225333964132999329634"}

【2025-09-07 22:55:16】
P20250907225333964132999329634----返回：{"msg":"P20250907225333964132999329634","code":"000000","data":{"date":"2025-09-07 22:55:03","eid":"E3305358020250908015503026d6a670","amount":500,"name":"ANA ALICE CARDOSO DOS SANTOS","cpf":"***.019.234-**","bankname":"22896431","payBank":"P H R OLIVEIRA DR INVESTIMENTO LTDA","payCpf":"58.321.455\/0001-99","pixkey":"12601923423","account":"***.019.234-**","status":"done","order":"192cf813-dbfb-40e4-b0f4-3e2460f8957f"}}

