【2025-09-07 00:05:17】
P20250906235301135813924159174----提交：{"reference":"P20250906235301135813924159174"}

【2025-09-07 00:05:18】
P20250906235301135813924159174----返回：{"msg":"P20250906235301135813924159174","code":"000000","data":{"date":"2025-09-06 23:53:02","eid":"E33053580202509070253026096d2abe","amount":4300,"name":"DANILO MOREIRA DOS SANTOS","cpf":"***.463.903-**","bankname":"60746948","payBank":"P H R OLIVEIRA DR INVESTIMENTO LTDA","payCpf":"58.321.455\/0001-99","pixkey":"85986671708","account":"***.463.903-**","status":"done","order":"1e78d8f0-7112-4df4-871f-d30a01ed3393"}}

【2025-09-07 00:05:56】
P20250906235301135813924159174----提交：{"reference":"P20250906235301135813924159174"}

【2025-09-07 00:05:57】
P20250906235301135813924159174----返回：{"msg":"P20250906235301135813924159174","code":"000000","data":{"date":"2025-09-06 23:53:02","eid":"E33053580202509070253026096d2abe","amount":4300,"name":"DANILO MOREIRA DOS SANTOS","cpf":"***.463.903-**","bankname":"60746948","payBank":"P H R OLIVEIRA DR INVESTIMENTO LTDA","payCpf":"58.321.455\/0001-99","pixkey":"85986671708","account":"***.463.903-**","status":"done","order":"1e78d8f0-7112-4df4-871f-d30a01ed3393"}}

【2025-09-07 00:22:38】
P20250906235016134162997964050----提交：{"reference":"P20250906235016134162997964050"}

【2025-09-07 00:22:39】
P20250906235016134162997964050----返回：{"msg":"P20250906235016134162997964050","code":"000000","data":{"date":"2025-09-06 23:50:17","eid":"E3305358020250907025017167857838","amount":50,"name":"Daniel Carvalho de Amorim Feitosa","cpf":"***.126.248-**","bankname":"10573521","payBank":"P H R OLIVEIRA DR INVESTIMENTO LTDA","payCpf":"58.321.455\/0001-99","pixkey":"52412624828","account":"***.126.248-**","status":"done","order":"11ada603-072a-4de9-85b6-7326b58f687f"}}

【2025-09-07 00:22:42】
P20250906235016134162997964050----提交：{"reference":"P20250906235016134162997964050"}

【2025-09-07 00:22:42】
P20250906235016134162997964050----返回：{"msg":"P20250906235016134162997964050","code":"000000","data":{"date":"2025-09-06 23:50:17","eid":"E3305358020250907025017167857838","amount":50,"name":"Daniel Carvalho de Amorim Feitosa","cpf":"***.126.248-**","bankname":"10573521","payBank":"P H R OLIVEIRA DR INVESTIMENTO LTDA","payCpf":"58.321.455\/0001-99","pixkey":"52412624828","account":"***.126.248-**","status":"done","order":"11ada603-072a-4de9-85b6-7326b58f687f"}}

【2025-09-07 00:27:53】
P20250907002636155965013795543----提交：{"reference":"P20250907002636155965013795543"}

【2025-09-07 00:27:53】
P20250907002636155965013795543----返回：{"msg":"P20250907002636155965013795543","code":"000000","data":{"date":"2025-09-07 00:26:37","eid":"E330535802025090703263728234a2cf","amount":200,"name":"GABRIEL LUIZ RAMIRES BERGARA","cpf":"***.701.558-**","bankname":"22896431","payBank":"P H R OLIVEIRA DR INVESTIMENTO LTDA","payCpf":"58.321.455\/0001-99","pixkey":"39970155890","account":"***.701.558-**","status":"done","order":"5c00d2b6-5a5f-4f15-bfe3-c38cdafce912"}}

【2025-09-07 00:28:16】
P20250907002636155965013795543----提交：{"reference":"P20250907002636155965013795543"}

【2025-09-07 00:28:16】
P20250907002636155965013795543----返回：{"msg":"P20250907002636155965013795543","code":"000000","data":{"date":"2025-09-07 00:26:37","eid":"E330535802025090703263728234a2cf","amount":200,"name":"GABRIEL LUIZ RAMIRES BERGARA","cpf":"***.701.558-**","bankname":"22896431","payBank":"P H R OLIVEIRA DR INVESTIMENTO LTDA","payCpf":"58.321.455\/0001-99","pixkey":"39970155890","account":"***.701.558-**","status":"done","order":"5c00d2b6-5a5f-4f15-bfe3-c38cdafce912"}}

【2025-09-07 00:40:46】
P20250907000601143617068187555----提交：{"reference":"P20250907000601143617068187555"}

【2025-09-07 00:40:47】
P20250907000601143617068187555----返回：{"msg":"P20250907000601143617068187555","code":"000000","data":{"date":"2025-09-07 00:06:02","eid":"E33053580202509070306020837c921b","amount":101,"name":"MARIA LUCINEI COELHO DA ROCHA","cpf":"***.778.962-**","bankname":"00000000","payBank":"P H R OLIVEIRA DR INVESTIMENTO LTDA","payCpf":"58.321.455\/0001-99","pixkey":"93992194973","account":"***.778.962-**","status":"done","order":"357063d4-fc0d-44b1-94cf-722faabc894d"}}

【2025-09-07 00:41:14】
P20250907000601143617068187555----提交：{"reference":"P20250907000601143617068187555"}

【2025-09-07 00:41:15】
P20250907000601143617068187555----返回：{"msg":"P20250907000601143617068187555","code":"000000","data":{"date":"2025-09-07 00:06:02","eid":"E33053580202509070306020837c921b","amount":101,"name":"MARIA LUCINEI COELHO DA ROCHA","cpf":"***.778.962-**","bankname":"00000000","payBank":"P H R OLIVEIRA DR INVESTIMENTO LTDA","payCpf":"58.321.455\/0001-99","pixkey":"93992194973","account":"***.778.962-**","status":"done","order":"357063d4-fc0d-44b1-94cf-722faabc894d"}}

