【2025-09-07 15:07:58】
P2025090616365187411274966----提交：{"reference":"P2025090616365187411274966"}

【2025-09-07 15:07:59】
P2025090616365187411274966----返回：{"msg":"P2025090616365187411274966","code":"000000","data":{"date":"2025-09-06 16:36:52","eid":"E3305358020250906193652740868275","amount":47.52,"name":"ROBSON SANTOS ALMEIDA","cpf":"***.485.235-**","bankname":"00360305","payBank":"P H R OLIVEIRA DR INVESTIMENTO LTDA","payCpf":"58.321.455\/0001-99","pixkey":"05748523523","account":"***.485.235-**","status":"done","order":"d4e71807-93d0-40ad-be04-52b9baee28a6"}}

【2025-09-07 15:30:56】
P20250907152656696163849335373----提交：{"reference":"P20250907152656696163849335373"}

【2025-09-07 15:30:57】
P20250907152656696163849335373----返回：{"msg":"P20250907152656696163849335373","code":"000000","data":{"date":"2025-09-07 15:30:22","eid":"E3305358020250907183022283c9675c","amount":200,"name":"Cledna Carolinne Santos da Costa","cpf":"***.831.144-**","bankname":"10573521","payBank":"P H R OLIVEIRA DR INVESTIMENTO LTDA","payCpf":"58.321.455\/0001-99","pixkey":"caldos_nomade@hotmail.com","account":"***.831.144-**","status":"done","order":"fb2473aa-43d5-4539-bf2e-52b641a55386"}}

【2025-09-07 15:50:05】
P2025071219152758527341623----提交：{"reference":"P2025071219152758527341623"}

【2025-09-07 15:50:06】
P2025071219152758527341623----返回：{"msg":"There is no such order","code":"1"}

【2025-09-07 15:57:36】
P20250907120228573488228698637----提交：{"reference":"P20250907120228573488228698637"}

【2025-09-07 15:57:37】
P20250907120228573488228698637----返回：{"msg":"P20250907120228573488228698637","code":"000000","data":{"date":"2025-09-07 12:02:29","eid":"E3305358020250907150229596de66e0","amount":80,"name":"DANIELY MOREIRA DA SILVA","cpf":"***.529.708-**","bankname":"24313102","payBank":"P H R OLIVEIRA DR INVESTIMENTO LTDA","payCpf":"58.321.455\/0001-99","pixkey":"19989818113","account":"***.529.708-**","status":"done","order":"80a922b8-ae7d-4354-bcd8-c91dbf4b993f"}}

【2025-09-07 15:58:06】
P20250907120228573488228698637----提交：{"reference":"P20250907120228573488228698637"}

【2025-09-07 15:58:07】
P20250907120228573488228698637----返回：{"msg":"P20250907120228573488228698637","code":"000000","data":{"date":"2025-09-07 12:02:29","eid":"E3305358020250907150229596de66e0","amount":80,"name":"DANIELY MOREIRA DA SILVA","cpf":"***.529.708-**","bankname":"24313102","payBank":"P H R OLIVEIRA DR INVESTIMENTO LTDA","payCpf":"58.321.455\/0001-99","pixkey":"19989818113","account":"***.529.708-**","status":"done","order":"80a922b8-ae7d-4354-bcd8-c91dbf4b993f"}}

