【2025-09-07 21:10:03】
P20250907210933901735460952165----提交：{"reference":"P20250907210933901735460952165"}

【2025-09-07 21:10:04】
P20250907210933901735460952165----返回：{"msg":"P20250907210933901735460952165","code":"000000","data":{"date":"2025-09-07 21:09:34","eid":"E3305358020250908000934834a7ae4e","amount":1788,"name":"JOYCE CLEIDE RIBEIRO DA SILVA","cpf":"***.746.410-**","bankname":"60701190","payBank":"P H R OLIVEIRA DR INVESTIMENTO LTDA","payCpf":"58.321.455\/0001-99","pixkey":"81983439800","account":"***.746.410-**","status":"done","order":"6bf13b4d-5f1f-49b7-a969-27cd8fa3b07f"}}

【2025-09-07 21:22:09】
P20250907211008902087591182498----提交：{"reference":"P20250907211008902087591182498"}

【2025-09-07 21:22:10】
P20250907211008902087591182498----返回：{"msg":"P20250907211008902087591182498","code":"000000","data":{"date":"2025-09-07 21:10:09","eid":"E3305358020250908001008955b985d1","amount":50,"name":"ALLAN JOHNNY DE SOUSA DE LIMA","cpf":"***.779.653-**","bankname":"00416968","payBank":"P H R OLIVEIRA DR INVESTIMENTO LTDA","payCpf":"58.321.455\/0001-99","pixkey":"60777965305","account":"***.779.653-**","status":"done","order":"17472a56-d0f9-4a91-9003-c33071b538b3"}}

【2025-09-07 21:22:14】
P20250907211008902087591182498----提交：{"reference":"P20250907211008902087591182498"}

【2025-09-07 21:22:14】
P20250907211008902087591182498----返回：{"msg":"P20250907211008902087591182498","code":"000000","data":{"date":"2025-09-07 21:10:09","eid":"E3305358020250908001008955b985d1","amount":50,"name":"ALLAN JOHNNY DE SOUSA DE LIMA","cpf":"***.779.653-**","bankname":"00416968","payBank":"P H R OLIVEIRA DR INVESTIMENTO LTDA","payCpf":"58.321.455\/0001-99","pixkey":"60777965305","account":"***.779.653-**","status":"done","order":"17472a56-d0f9-4a91-9003-c33071b538b3"}}

【2025-09-07 21:46:58】
P20250907213705918258974306576----提交：{"reference":"P20250907213705918258974306576"}

【2025-09-07 21:46:59】
P20250907213705918258974306576----返回：{"msg":"P20250907213705918258974306576","code":"000000","data":{"date":"2025-09-07 21:37:06","eid":"E33053580202509080037066400e2265","amount":30,"name":"Ana Paula da Conceição de Lima","cpf":"***.001.539-**","bankname":"18236120","payBank":"P H R OLIVEIRA DR INVESTIMENTO LTDA","payCpf":"58.321.455\/0001-99","pixkey":"11800153988","account":"***.001.539-**","status":"done","order":"95acc5c7-8796-4325-9a88-b3271e0d611e"}}

【2025-09-07 21:47:01】
P20250907213705918258974306576----提交：{"reference":"P20250907213705918258974306576"}

【2025-09-07 21:47:02】
P20250907213705918258974306576----返回：{"msg":"P20250907213705918258974306576","code":"000000","data":{"date":"2025-09-07 21:37:06","eid":"E33053580202509080037066400e2265","amount":30,"name":"Ana Paula da Conceição de Lima","cpf":"***.001.539-**","bankname":"18236120","payBank":"P H R OLIVEIRA DR INVESTIMENTO LTDA","payCpf":"58.321.455\/0001-99","pixkey":"11800153988","account":"***.001.539-**","status":"done","order":"95acc5c7-8796-4325-9a88-b3271e0d611e"}}

【2025-09-07 21:49:30】
P2025090317033329813562333----提交：{"reference":"P2025090317033329813562333"}

【2025-09-07 21:49:31】
P2025090317033329813562333----返回：{"msg":"P2025090317033329813562333","code":"000000","data":{"date":"2025-09-03 17:04:02","eid":"E33053580202509032004024367fb76a","amount":500,"name":"Igor Zanetti Da Silva","cpf":"***.723.399-**","bankname":"22896431","payBank":"P H R OLIVEIRA DR INVESTIMENTO LTDA","payCpf":"58.321.455\/0001-99","pixkey":"08072339940","account":"***.723.399-**","status":"done","order":"1d0c74a8-9808-4d7b-8c77-c040570e4dab"}}

【2025-09-07 21:49:50】
P2025090317033329813562333----提交：{"reference":"P2025090317033329813562333"}

【2025-09-07 21:49:50】
P2025090317033329813562333----返回：{"msg":"P2025090317033329813562333","code":"000000","data":{"date":"2025-09-03 17:04:02","eid":"E33053580202509032004024367fb76a","amount":500,"name":"Igor Zanetti Da Silva","cpf":"***.723.399-**","bankname":"22896431","payBank":"P H R OLIVEIRA DR INVESTIMENTO LTDA","payCpf":"58.321.455\/0001-99","pixkey":"08072339940","account":"***.723.399-**","status":"done","order":"1d0c74a8-9808-4d7b-8c77-c040570e4dab"}}

【2025-09-07 21:57:45】
P20250907213640918003637169673----提交：{"reference":"P20250907213640918003637169673"}

【2025-09-07 21:57:46】
P20250907213640918003637169673----返回：{"msg":"P20250907213640918003637169673","code":"000000","data":{"date":"2025-09-07 21:36:41","eid":"E3305358020250908003641049968cae","amount":15.01,"name":"INARA CRISTINA DE OLIVEIRA LIMA","cpf":"***.376.698-**","bankname":"00416968","payBank":"P H R OLIVEIRA DR INVESTIMENTO LTDA","payCpf":"58.321.455\/0001-99","pixkey":"55437669801","account":"***.376.698-**","status":"done","order":"d41d0ca1-c4b8-420a-ae18-d0bae55533cf"}}

