【2025-09-07 12:20:05】
P20250907121814582943934313432----提交：{"reference":"P20250907121814582943934313432"}

【2025-09-07 12:20:06】
P20250907121814582943934313432----返回：{"msg":"P20250907121814582943934313432","code":"000000","data":{"date":"2025-09-07 12:18:15","eid":"E3305358020250907151815267627f76","amount":100,"name":"MARCOS TRIBUTINO DOS SANTOS","cpf":"***.726.864-**","bankname":"00416968","payBank":"P H R OLIVEIRA DR INVESTIMENTO LTDA","payCpf":"58.321.455\/0001-99","pixkey":"00772686440","account":"***.726.864-**","status":"done","order":"69993536-d10d-4b7d-b235-432ef8b0dd79"}}

【2025-09-07 12:20:07】
P20250907121814582943934313432----提交：{"reference":"P20250907121814582943934313432"}

【2025-09-07 12:20:07】
P20250907121814582943934313432----返回：{"msg":"P20250907121814582943934313432","code":"000000","data":{"date":"2025-09-07 12:18:15","eid":"E3305358020250907151815267627f76","amount":100,"name":"MARCOS TRIBUTINO DOS SANTOS","cpf":"***.726.864-**","bankname":"00416968","payBank":"P H R OLIVEIRA DR INVESTIMENTO LTDA","payCpf":"58.321.455\/0001-99","pixkey":"00772686440","account":"***.726.864-**","status":"done","order":"69993536-d10d-4b7d-b235-432ef8b0dd79"}}

【2025-09-07 12:34:21】
P20250907010936181760276691230----提交：{"reference":"P20250907010936181760276691230"}

【2025-09-07 12:34:22】
P20250907010936181760276691230----返回：{"msg":"P20250907010936181760276691230","code":"000000","data":{"date":"2025-09-07 01:09:37","eid":"E3305358020250907040937252f05aee","amount":3487,"name":"guilherme camargos silva","cpf":"***.666.286-**","bankname":"18189547","payBank":"P H R OLIVEIRA DR INVESTIMENTO LTDA","payCpf":"58.321.455\/0001-99","pixkey":"13366628677","account":"***.666.286-**","status":"done","order":"b08feefb-5ead-450f-b3ac-34134a30baab"}}

【2025-09-07 12:34:33】
P20250907010936181760276691230----提交：{"reference":"P20250907010936181760276691230"}

【2025-09-07 12:34:33】
P20250907010936181760276691230----返回：{"msg":"P20250907010936181760276691230","code":"000000","data":{"date":"2025-09-07 01:09:37","eid":"E3305358020250907040937252f05aee","amount":3487,"name":"guilherme camargos silva","cpf":"***.666.286-**","bankname":"18189547","payBank":"P H R OLIVEIRA DR INVESTIMENTO LTDA","payCpf":"58.321.455\/0001-99","pixkey":"13366628677","account":"***.666.286-**","status":"done","order":"b08feefb-5ead-450f-b3ac-34134a30baab"}}

【2025-09-07 12:39:12】
P20250907123639593994840845756----提交：{"reference":"P20250907123639593994840845756"}

【2025-09-07 12:39:13】
P20250907123639593994840845756----返回：{"msg":"P20250907123639593994840845756","code":"000000","data":{"date":"2025-09-07 12:39:02","eid":"E3305358020250907153902042af62af","amount":550,"name":"KARINA MONTEIRO DINIZ FIGUEIREDO","cpf":"***.682.393-**","bankname":"00416968","payBank":"P H R OLIVEIRA DR INVESTIMENTO LTDA","payCpf":"58.321.455\/0001-99","pixkey":"07168239341","account":"***.682.393-**","status":"done","order":"83eb60da-ba13-44f1-8c1e-617c05874314"}}

【2025-09-07 12:41:43】
P20250907124048596486556625636----提交：{"reference":"P20250907124048596486556625636"}

【2025-09-07 12:41:44】
P20250907124048596486556625636----返回：{"msg":"P20250907124048596486556625636","code":"000000","data":{"date":"2025-09-07 12:40:49","eid":"E33053580202509071540489776fc4c2","amount":60,"name":"MARILENE SIQUEIRA","cpf":"***.438.170-**","bankname":"22896431","payBank":"P H R OLIVEIRA DR INVESTIMENTO LTDA","payCpf":"58.321.455\/0001-99","pixkey":"59543817049","account":"***.438.170-**","status":"done","order":"601d7728-e63f-463b-8603-af7dcc48c6d3"}}

【2025-09-07 12:41:45】
P20250907124048596486556625636----提交：{"reference":"P20250907124048596486556625636"}

【2025-09-07 12:41:46】
P20250907124048596486556625636----返回：{"msg":"P20250907124048596486556625636","code":"000000","data":{"date":"2025-09-07 12:40:49","eid":"E33053580202509071540489776fc4c2","amount":60,"name":"MARILENE SIQUEIRA","cpf":"***.438.170-**","bankname":"22896431","payBank":"P H R OLIVEIRA DR INVESTIMENTO LTDA","payCpf":"58.321.455\/0001-99","pixkey":"59543817049","account":"***.438.170-**","status":"done","order":"601d7728-e63f-463b-8603-af7dcc48c6d3"}}

【2025-09-07 12:42:43】
P20250907124036596364474824591----提交：{"reference":"P20250907124036596364474824591"}

【2025-09-07 12:42:44】
P20250907124036596364474824591----返回：{"msg":"P20250907124036596364474824591","code":"000000","data":{"date":"2025-09-07 12:40:37","eid":"E3305358020250907154036971d1aee3","amount":200,"name":"Cláudio Fernandes da Silva","cpf":"***.990.239-**","bankname":"18236120","payBank":"P H R OLIVEIRA DR INVESTIMENTO LTDA","payCpf":"58.321.455\/0001-99","pixkey":"44999546936","account":"***.990.239-**","status":"done","order":"4365de59-7333-49a4-a753-d323e7f8da64"}}

【2025-09-07 12:42:45】
P20250907124036596364474824591----提交：{"reference":"P20250907124036596364474824591"}

【2025-09-07 12:42:45】
P20250907124036596364474824591----返回：{"msg":"P20250907124036596364474824591","code":"000000","data":{"date":"2025-09-07 12:40:37","eid":"E3305358020250907154036971d1aee3","amount":200,"name":"Cláudio Fernandes da Silva","cpf":"***.990.239-**","bankname":"18236120","payBank":"P H R OLIVEIRA DR INVESTIMENTO LTDA","payCpf":"58.321.455\/0001-99","pixkey":"44999546936","account":"***.990.239-**","status":"done","order":"4365de59-7333-49a4-a753-d323e7f8da64"}}

