【2025-09-07 19:16:01】
P2025090406184377523386000----提交：{"reference":"P2025090406184377523386000"}

【2025-09-07 19:16:02】
P2025090406184377523386000----返回：{"msg":"P2025090406184377523386000","code":"000000","data":{"date":"2025-09-04 06:25:02","eid":"E3305358020250904092502375a77c88","amount":107,"name":"Janine Veloso Santos","cpf":"***.813.695-**","bankname":"18236120","payBank":"P H R OLIVEIRA DR INVESTIMENTO LTDA","payCpf":"58.321.455\/0001-99","pixkey":"10981369502","account":"***.813.695-**","status":"done","order":"7c88ba8c-7bd8-4c93-ac50-cb4142819a34"}}

【2025-09-07 19:16:05】
P2025090406184377523386000----提交：{"reference":"P2025090406184377523386000"}

【2025-09-07 19:16:05】
P2025090406184377523386000----返回：{"msg":"P2025090406184377523386000","code":"000000","data":{"date":"2025-09-04 06:25:02","eid":"E3305358020250904092502375a77c88","amount":107,"name":"Janine Veloso Santos","cpf":"***.813.695-**","bankname":"18236120","payBank":"P H R OLIVEIRA DR INVESTIMENTO LTDA","payCpf":"58.321.455\/0001-99","pixkey":"10981369502","account":"***.813.695-**","status":"done","order":"7c88ba8c-7bd8-4c93-ac50-cb4142819a34"}}

【2025-09-07 19:17:12】
P2025090619402298422034599----提交：{"reference":"P2025090619402298422034599"}

【2025-09-07 19:17:12】
P2025090619402298422034599----返回：{"msg":"P2025090619402298422034599","code":"000000","data":{"date":"2025-09-06 19:40:23","eid":"E330535802025090622402292845c509","amount":20,"name":"JULIANE CUSTODIO","cpf":"***.469.096-**","bankname":"00416968","payBank":"P H R OLIVEIRA DR INVESTIMENTO LTDA","payCpf":"58.321.455\/0001-99","pixkey":"08046909602","account":"***.469.096-**","status":"done","order":"b9ccc422-79e3-4a5d-8d3a-da9b8196c209"}}

【2025-09-07 19:17:32】
P2025090619402298422034599----提交：{"reference":"P2025090619402298422034599"}

【2025-09-07 19:17:33】
P2025090619402298422034599----返回：{"msg":"P2025090619402298422034599","code":"000000","data":{"date":"2025-09-06 19:40:23","eid":"E330535802025090622402292845c509","amount":20,"name":"JULIANE CUSTODIO","cpf":"***.469.096-**","bankname":"00416968","payBank":"P H R OLIVEIRA DR INVESTIMENTO LTDA","payCpf":"58.321.455\/0001-99","pixkey":"08046909602","account":"***.469.096-**","status":"done","order":"b9ccc422-79e3-4a5d-8d3a-da9b8196c209"}}

【2025-09-07 19:47:18】
P20250906235301135813924159174----提交：{"reference":"P20250906235301135813924159174"}

【2025-09-07 19:47:19】
P20250906235301135813924159174----返回：{"msg":"P20250906235301135813924159174","code":"000000","data":{"date":"2025-09-06 23:53:02","eid":"E33053580202509070253026096d2abe","amount":4300,"name":"DANILO MOREIRA DOS SANTOS","cpf":"***.463.903-**","bankname":"60746948","payBank":"P H R OLIVEIRA DR INVESTIMENTO LTDA","payCpf":"58.321.455\/0001-99","pixkey":"85986671708","account":"***.463.903-**","status":"done","order":"1e78d8f0-7112-4df4-871f-d30a01ed3393"}}

