【2025-09-07 13:08:29】
P2025071219152758527341623----提交：{"reference":"P2025071219152758527341623"}

【2025-09-07 13:08:30】
P2025071219152758527341623----返回：{"msg":"There is no such order","code":"1"}

【2025-09-07 13:08:32】
P2025071219152758527341623----提交：{"reference":"P2025071219152758527341623"}

【2025-09-07 13:08:32】
P2025071219152758527341623----返回：{"msg":"There is no such order","code":"1"}

【2025-09-07 13:08:38】
P2025071219152758527341623----提交：{"reference":"P2025071219152758527341623"}

【2025-09-07 13:08:38】
P2025071219152758527341623----返回：{"msg":"There is no such order","code":"1"}

【2025-09-07 13:10:58】
P2025071219152758527341623----提交：{"reference":"P2025071219152758527341623"}

【2025-09-07 13:10:58】
P2025071219152758527341623----返回：{"msg":"There is no such order","code":"1"}

【2025-09-07 13:11:36】
P2025071219152758527341623----提交：{"reference":"P2025071219152758527341623"}

【2025-09-07 13:11:37】
P2025071219152758527341623----返回：{"msg":"There is no such order","code":"1"}

【2025-09-07 13:12:16】
P2025071219152758527341623----提交：{"reference":"P2025071219152758527341623"}

【2025-09-07 13:12:16】
P2025071219152758527341623----返回：{"msg":"There is no such order","code":"1"}

【2025-09-07 13:15:47】
P20250907120641576013748355187----提交：{"reference":"P20250907120641576013748355187"}

【2025-09-07 13:15:48】
P20250907120641576013748355187----返回：{"msg":"P20250907120641576013748355187","code":"000000","data":{"date":"2025-09-07 12:06:42","eid":"E3305358020250907150642356527757","amount":150,"name":"DANIELY MOREIRA DA SILVA","cpf":"***.529.708-**","bankname":"24313102","payBank":"P H R OLIVEIRA DR INVESTIMENTO LTDA","payCpf":"58.321.455\/0001-99","pixkey":"19989818113","account":"***.529.708-**","status":"done","order":"b181ec84-bac0-42cd-af0b-ca3f683b06e3"}}

【2025-09-07 13:15:49】
P20250907120641576013748355187----提交：{"reference":"P20250907120641576013748355187"}

【2025-09-07 13:15:49】
P20250907120641576013748355187----返回：{"msg":"P20250907120641576013748355187","code":"000000","data":{"date":"2025-09-07 12:06:42","eid":"E3305358020250907150642356527757","amount":150,"name":"DANIELY MOREIRA DA SILVA","cpf":"***.529.708-**","bankname":"24313102","payBank":"P H R OLIVEIRA DR INVESTIMENTO LTDA","payCpf":"58.321.455\/0001-99","pixkey":"19989818113","account":"***.529.708-**","status":"done","order":"b181ec84-bac0-42cd-af0b-ca3f683b06e3"}}

【2025-09-07 13:40:03】
P20250907130012608121457978305----提交：{"reference":"P20250907130012608121457978305"}

【2025-09-07 13:40:04】
P20250907130012608121457978305----返回：{"msg":"P20250907130012608121457978305","code":"000000","data":{"date":"2025-09-07 13:00:13","eid":"E33053580202509071600134155d229c","amount":130,"name":"Emanuely da Silva Costa","cpf":"***.084.845-**","bankname":"10573521","payBank":"P H R OLIVEIRA DR INVESTIMENTO LTDA","payCpf":"58.321.455\/0001-99","pixkey":"85908484504","account":"***.084.845-**","status":"done","order":"1613fd60-a31f-4f8d-b74e-05587c7bcbbc"}}

【2025-09-07 13:40:26】
P20250907130012608121457978305----提交：{"reference":"P20250907130012608121457978305"}

【2025-09-07 13:40:27】
P20250907130012608121457978305----返回：{"msg":"P20250907130012608121457978305","code":"000000","data":{"date":"2025-09-07 13:00:13","eid":"E33053580202509071600134155d229c","amount":130,"name":"Emanuely da Silva Costa","cpf":"***.084.845-**","bankname":"10573521","payBank":"P H R OLIVEIRA DR INVESTIMENTO LTDA","payCpf":"58.321.455\/0001-99","pixkey":"85908484504","account":"***.084.845-**","status":"done","order":"1613fd60-a31f-4f8d-b74e-05587c7bcbbc"}}

【2025-09-07 13:42:18】
P20250907134142633023880335589----提交：{"reference":"P20250907134142633023880335589"}

【2025-09-07 13:42:19】
P20250907134142633023880335589----返回：{"msg":"P20250907134142633023880335589","code":"000000","data":{"date":"2025-09-07 13:41:43","eid":"E330535802025090716414355593d3fd","amount":16,"name":"Rodrigo Sousa Da Silva","cpf":"***.822.993-**","bankname":"22896431","payBank":"P H R OLIVEIRA DR INVESTIMENTO LTDA","payCpf":"58.321.455\/0001-99","pixkey":"60782299318","account":"***.822.993-**","status":"done","order":"24073934-375c-4c49-9be5-9189089a0345"}}

【2025-09-07 13:42:20】
P20250907134142633023880335589----提交：{"reference":"P20250907134142633023880335589"}

【2025-09-07 13:42:21】
P20250907134142633023880335589----返回：{"msg":"P20250907134142633023880335589","code":"000000","data":{"date":"2025-09-07 13:41:43","eid":"E330535802025090716414355593d3fd","amount":16,"name":"Rodrigo Sousa Da Silva","cpf":"***.822.993-**","bankname":"22896431","payBank":"P H R OLIVEIRA DR INVESTIMENTO LTDA","payCpf":"58.321.455\/0001-99","pixkey":"60782299318","account":"***.822.993-**","status":"done","order":"24073934-375c-4c49-9be5-9189089a0345"}}

【2025-09-07 13:52:48】
P20250907131637617977684187894----提交：{"reference":"P20250907131637617977684187894"}

【2025-09-07 13:52:48】
P20250907131637617977684187894----返回：{"msg":"P20250907131637617977684187894","code":"000000","data":{"date":"2025-09-07 13:16:38","eid":"E3305358020250907161638758057b9c","amount":20.09,"name":"Antônio Carlos da silva costa","cpf":"***.106.683-**","bankname":"08561701","payBank":"P H R OLIVEIRA DR INVESTIMENTO LTDA","payCpf":"58.321.455\/0001-99","pixkey":"63310668371","account":"***.106.683-**","status":"done","order":"b772018d-8458-41ef-89bf-758430d0a724"}}

【2025-09-07 13:52:55】
P20250907131637617977684187894----提交：{"reference":"P20250907131637617977684187894"}

【2025-09-07 13:52:56】
P20250907131637617977684187894----返回：{"msg":"P20250907131637617977684187894","code":"000000","data":{"date":"2025-09-07 13:16:38","eid":"E3305358020250907161638758057b9c","amount":20.09,"name":"Antônio Carlos da silva costa","cpf":"***.106.683-**","bankname":"08561701","payBank":"P H R OLIVEIRA DR INVESTIMENTO LTDA","payCpf":"58.321.455\/0001-99","pixkey":"63310668371","account":"***.106.683-**","status":"done","order":"b772018d-8458-41ef-89bf-758430d0a724"}}

【2025-09-07 13:56:18】
P20250907121814582943934313432----提交：{"reference":"P20250907121814582943934313432"}

【2025-09-07 13:56:18】
P20250907121814582943934313432----返回：{"msg":"P20250907121814582943934313432","code":"000000","data":{"date":"2025-09-07 12:18:15","eid":"E3305358020250907151815267627f76","amount":100,"name":"MARCOS TRIBUTINO DOS SANTOS","cpf":"***.726.864-**","bankname":"00416968","payBank":"P H R OLIVEIRA DR INVESTIMENTO LTDA","payCpf":"58.321.455\/0001-99","pixkey":"00772686440","account":"***.726.864-**","status":"done","order":"69993536-d10d-4b7d-b235-432ef8b0dd79"}}

