【2025-09-07 20:08:04】
P20250907200338862183269809061----提交：{"custId":"24120300001308","appId":"8241201350","order":"P20250907200338862183269809061","sign":"227F6AA6E999F5AC020C4622140F7ED5"}

【2025-09-07 20:08:04】
P20250907200338862183269809061----返回：{"code":"000000","msg":"P20250907200338862183269809061","data":{"date":"2025-09-07 20:03:42","eid":"E45756448202509072303VdvqsRcyZEm","amount":"100","name":"Rosiele Batista Barbosa","cpf":"3602466213","bankname":"null","payBank":"","payCpf":"","pixkey":"03602466213","account":"708513026","status":"done","order":"A20250907200338216053NjXtZpWnm"},"sign":"4D703C3100D1BD905F7C0A898922D595"}

【2025-09-07 20:08:12】
P20250907200338862183269809061----提交：{"custId":"24120300001308","appId":"8241201350","order":"P20250907200338862183269809061","sign":"227F6AA6E999F5AC020C4622140F7ED5"}

【2025-09-07 20:08:12】
P20250907200338862183269809061----返回：{"code":"000000","msg":"P20250907200338862183269809061","data":{"date":"2025-09-07 20:03:42","eid":"E45756448202509072303VdvqsRcyZEm","amount":"100","name":"Rosiele Batista Barbosa","cpf":"3602466213","bankname":"null","payBank":"","payCpf":"","pixkey":"03602466213","account":"708513026","status":"done","order":"A20250907200338216053NjXtZpWnm"},"sign":"4D703C3100D1BD905F7C0A898922D595"}

【2025-09-07 20:08:12】
P20250907200709864292691826965----提交：{"custId":"24120300001308","appId":"8241201350","order":"P20250907200709864292691826965","sign":"9BEFA24F97343FB9BCF5D84681CCD004"}

【2025-09-07 20:08:13】
P20250907200709864292691826965----返回：{"code":"000000","msg":"P20250907200709864292691826965","data":{"date":"2025-09-07 20:08:03","eid":"E45756448202509072308VmNJQfykrUx","amount":"414","name":"Nicole Lopes de Andrade","cpf":"90015318818","bankname":"null","payBank":"","payCpf":"","pixkey":"90015318818","account":"8287769231","status":"done","order":"A20250907200801308711iXjnv9EtV"},"sign":"FE65427B4E07BD3DB4C7AF4D1D21D72E"}

【2025-09-07 20:08:17】
P20250907200338862183269809061----提交：{"custId":"24120300001308","appId":"8241201350","order":"P20250907200338862183269809061","sign":"227F6AA6E999F5AC020C4622140F7ED5"}

【2025-09-07 20:08:17】
P20250907200338862183269809061----返回：{"code":"000000","msg":"P20250907200338862183269809061","data":{"date":"2025-09-07 20:03:42","eid":"E45756448202509072303VdvqsRcyZEm","amount":"100","name":"Rosiele Batista Barbosa","cpf":"3602466213","bankname":"null","payBank":"","payCpf":"","pixkey":"03602466213","account":"708513026","status":"done","order":"A20250907200338216053NjXtZpWnm"},"sign":"4D703C3100D1BD905F7C0A898922D595"}

【2025-09-07 20:23:12】
P20250907202203873238085726896----提交：{"custId":"24120300001308","appId":"8241201350","order":"P20250907202203873238085726896","sign":"E10D3FE3F3FB7E3D9689F41CDEA04645"}

【2025-09-07 20:23:12】
P20250907202203873238085726896----返回：{"code":"000000","msg":"P20250907202203873238085726896","data":{"date":"2025-09-07 20:23:04","eid":"E45756448202509072323fPDfp8jSdEe","amount":"1350","name":"PH DIGITAL MIDIA E PUBLICIDADE","cpf":"53577415000199","bankname":"null","payBank":"","payCpf":"","pixkey":"+5581973163946","account":"3980174992","status":"done","order":"A20250907202301180388PQ1jah2uM"},"sign":"16DF3A65D86C4C40F4F288013FABFD70"}

【2025-09-07 20:38:13】
P20250907203730882507137347001----提交：{"custId":"24120300001308","appId":"8241201350","order":"P20250907203730882507137347001","sign":"D1F7A4DEA9F120F40FAB20DD92028304"}

【2025-09-07 20:38:13】
P20250907203730882507137347001----返回：{"code":"000000","msg":"P20250907203730882507137347001","data":{"date":"2025-09-07 20:38:03","eid":"E3571349120250907233801880ddf800","amount":"40","name":"Wender Sinache de Aquino","cpf":"44415074880","bankname":"NOVABET OFICIAL","payBank":"","payCpf":"","pixkey":"44415074880","account":"18236120","status":"done","order":"A20250907203801919660rGNb3V61D"},"sign":"8C13B12E119A1FDF8CDC68CD461C04B1"}

【2025-09-07 20:39:55】
P20250907200338862183269809061----提交：{"custId":"24120300001308","appId":"8241201350","order":"P20250907200338862183269809061","sign":"227F6AA6E999F5AC020C4622140F7ED5"}

【2025-09-07 20:39:55】
P20250907200338862183269809061----返回：{"code":"000000","msg":"P20250907200338862183269809061","data":{"date":"2025-09-07 20:03:42","eid":"E45756448202509072303VdvqsRcyZEm","amount":"100","name":"Rosiele Batista Barbosa","cpf":"3602466213","bankname":"null","payBank":"","payCpf":"","pixkey":"03602466213","account":"708513026","status":"done","order":"A20250907200338216053NjXtZpWnm"},"sign":"4D703C3100D1BD905F7C0A898922D595"}

【2025-09-07 20:58:44】
P20250907202949877892765953098----提交：{"custId":"24120300001308","appId":"8241201350","order":"P20250907202949877892765953098","sign":"06B57F5D97E9A578F4BCA6EA75254387"}

【2025-09-07 20:58:44】
P20250907202949877892765953098----返回：{"code":"000000","msg":"P20250907202949877892765953098","data":{"date":"2025-09-07 20:29:51","eid":"E45756448202509072329mMA0ER0Eicl","amount":"50","name":"JOSE ANTONIO DIAS LOPES","cpf":"3399373511","bankname":"null","payBank":"","payCpf":"","pixkey":"03399373511","account":"12880000007997138553","status":"done","order":"A20250907202949684917dxUmPxdzq"},"sign":"458AA641EDC8899E1402A8BC3AD89264"}

【2025-09-07 20:58:48】
P20250907202949877892765953098----提交：{"custId":"24120300001308","appId":"8241201350","order":"P20250907202949877892765953098","sign":"06B57F5D97E9A578F4BCA6EA75254387"}

【2025-09-07 20:58:48】
P20250907202949877892765953098----返回：{"code":"000000","msg":"P20250907202949877892765953098","data":{"date":"2025-09-07 20:29:51","eid":"E45756448202509072329mMA0ER0Eicl","amount":"50","name":"JOSE ANTONIO DIAS LOPES","cpf":"3399373511","bankname":"null","payBank":"","payCpf":"","pixkey":"03399373511","account":"12880000007997138553","status":"done","order":"A20250907202949684917dxUmPxdzq"},"sign":"458AA641EDC8899E1402A8BC3AD89264"}

