【2025-09-07 17:19:55】
P20250907171632761923868808884----提交：{"custId":"24120300001308","appId":"8241201350","order":"P20250907171632761923868808884","sign":"87868A6655485769FB9DCA66E7F6A60B"}

【2025-09-07 17:19:56】
P20250907171632761923868808884----返回：{"code":"000000","msg":"P20250907171632761923868808884","data":{"date":"2025-09-07 17:16:35","eid":"E45756448202509072016qibdTlH000m","amount":"400","name":"EDISON FORSTHUBER","cpf":"39551245849","bankname":"null","payBank":"","payCpf":"","pixkey":"11981203837","account":"10314060","status":"done","order":"A20250907171632176057JhNTULDzf"},"sign":"2427B2FE5FC510652151064EE0D03834"}

【2025-09-07 17:20:05】
P20250907171632761923868808884----提交：{"custId":"24120300001308","appId":"8241201350","order":"P20250907171632761923868808884","sign":"87868A6655485769FB9DCA66E7F6A60B"}

【2025-09-07 17:20:05】
P20250907171632761923868808884----返回：{"code":"000000","msg":"P20250907171632761923868808884","data":{"date":"2025-09-07 17:16:35","eid":"E45756448202509072016qibdTlH000m","amount":"400","name":"EDISON FORSTHUBER","cpf":"39551245849","bankname":"null","payBank":"","payCpf":"","pixkey":"11981203837","account":"10314060","status":"done","order":"A20250907171632176057JhNTULDzf"},"sign":"2427B2FE5FC510652151064EE0D03834"}

【2025-09-07 17:20:05】
P20250907171632761923868808884----提交：{"custId":"24120300001308","appId":"8241201350","order":"P20250907171632761923868808884","sign":"87868A6655485769FB9DCA66E7F6A60B"}

【2025-09-07 17:20:05】
P20250907171632761923868808884----返回：{"code":"000000","msg":"P20250907171632761923868808884","data":{"date":"2025-09-07 17:16:35","eid":"E45756448202509072016qibdTlH000m","amount":"400","name":"EDISON FORSTHUBER","cpf":"39551245849","bankname":"null","payBank":"","payCpf":"","pixkey":"11981203837","account":"10314060","status":"done","order":"A20250907171632176057JhNTULDzf"},"sign":"2427B2FE5FC510652151064EE0D03834"}

【2025-09-07 17:22:25】
P20250907172138764980675944492----提交：{"custId":"24120300001308","appId":"8241201350","order":"P20250907172138764980675944492","sign":"1BAE209CA22F5EF46E70346F74FC6252"}

【2025-09-07 17:22:25】
P20250907172138764980675944492----返回：{"code":"000000","msg":"P20250907172138764980675944492","data":{"date":"2025-09-07 17:22:05","eid":"E45756448202509072022g29FlMoy6ke","amount":"7000","name":"Alex Sandro Ramos Soares","cpf":"36804422899","bankname":"null","payBank":"","payCpf":"","pixkey":"36804422899","account":"975879456","status":"done","order":"A20250907172201043412wW2FVr1YB"},"sign":"45C1E410C6CF7DC6F633DA091FB27A81"}

【2025-09-07 17:38:24】
P20250907173542773428482266926----提交：{"custId":"24120300001308","appId":"8241201350","order":"P20250907173542773428482266926","sign":"E3EC3B87FBAA6DB826DECF915678CF02"}

【2025-09-07 17:38:24】
P20250907173542773428482266926----返回：{"code":"000000","msg":"P20250907173542773428482266926","data":{"date":"2025-09-07 17:37:14","eid":"E45756448202509072037YaSWZ4xkEGm","amount":"100","name":"BRENDA CAMPOS DE OLIVEIRA","cpf":"24122140854","bankname":"null","payBank":"","payCpf":"","pixkey":"brenda_oliveira2023@hotmail.com","account":"153031310","status":"done","order":"A20250907173711236683mHwtDYTDC"},"sign":"164C63FD51C561BB4466ABC7983A735A"}

