【2025-09-07 19:11:05】
P20250907184857817374379291186----提交：{"custId":"24120300001308","appId":"8241201350","order":"P20250907184857817374379291186","sign":"D6290DB7695A317A11215D0791FFD2DC"}

【2025-09-07 19:11:05】
P20250907184857817374379291186----返回：{"code":"000000","msg":"P20250907184857817374379291186","data":{"date":"2025-09-07 18:49:00","eid":"E45756448202509072148apPxMf3Lb0S","amount":"20.8","name":"EULER DA SILVA PATROCINIO","cpf":"2079570617","bankname":"null","payBank":"","payCpf":"","pixkey":"02079570617","account":"12880000008571678284","status":"done","order":"A20250907184857017816Dpl4Ii2BL"},"sign":"64BF1B515CDC217CDA39F73E8ACBB80E"}

【2025-09-07 19:11:09】
P20250907184857817374379291186----提交：{"custId":"24120300001308","appId":"8241201350","order":"P20250907184857817374379291186","sign":"D6290DB7695A317A11215D0791FFD2DC"}

【2025-09-07 19:11:09】
P20250907184857817374379291186----返回：{"code":"000000","msg":"P20250907184857817374379291186","data":{"date":"2025-09-07 18:49:00","eid":"E45756448202509072148apPxMf3Lb0S","amount":"20.8","name":"EULER DA SILVA PATROCINIO","cpf":"2079570617","bankname":"null","payBank":"","payCpf":"","pixkey":"02079570617","account":"12880000008571678284","status":"done","order":"A20250907184857017816Dpl4Ii2BL"},"sign":"64BF1B515CDC217CDA39F73E8ACBB80E"}

【2025-09-07 19:38:28】
P20250907193758846789832199332----提交：{"custId":"24120300001308","appId":"8241201350","order":"P20250907193758846789832199332","sign":"BFF0A5E25CDF4C6B342AD0A9F160783F"}

【2025-09-07 19:38:28】
P20250907193758846789832199332----返回：{"code":"000000","msg":"P20250907193758846789832199332","data":{"date":"2025-09-07 19:38:00","eid":"E45756448202509072237ngTdNSMb1E2","amount":"56","name":"Renato Silva Dos Santos Neto","cpf":"48721629862","bankname":"null","payBank":"","payCpf":"","pixkey":"48721629862","account":"65551525","status":"done","order":"A20250907193758966759xLAn7zYiq"},"sign":"4F72354F553A5D54B3A67613672696FE"}

【2025-09-07 19:38:29】
P20250907193758846789832199332----提交：{"custId":"24120300001308","appId":"8241201350","order":"P20250907193758846789832199332","sign":"BFF0A5E25CDF4C6B342AD0A9F160783F"}

【2025-09-07 19:38:29】
P20250907193758846789832199332----返回：{"code":"000000","msg":"P20250907193758846789832199332","data":{"date":"2025-09-07 19:38:00","eid":"E45756448202509072237ngTdNSMb1E2","amount":"56","name":"Renato Silva Dos Santos Neto","cpf":"48721629862","bankname":"null","payBank":"","payCpf":"","pixkey":"48721629862","account":"65551525","status":"done","order":"A20250907193758966759xLAn7zYiq"},"sign":"4F72354F553A5D54B3A67613672696FE"}

【2025-09-07 19:44:38】
P20250907194417850579428145237----提交：{"custId":"24120300001308","appId":"8241201350","order":"P20250907194417850579428145237","sign":"5C6D1F489E0F25B4BE019E406B2F588A"}

【2025-09-07 19:44:38】
P20250907194417850579428145237----返回：{"code":"000000","msg":"P20250907194417850579428145237","data":{"date":"2025-09-07 19:44:19","eid":"E45756448202509072244lqxT01al0Gq","amount":"50","name":"Renato Silva Dos Santos Neto","cpf":"48721629862","bankname":"null","payBank":"","payCpf":"","pixkey":"48721629862","account":"65551525","status":"done","order":"A20250907194417396034SNiUPE9Vs"},"sign":"AF29A8355D43B098DB3783C696A2990A"}

【2025-09-07 19:44:40】
P20250907194417850579428145237----提交：{"custId":"24120300001308","appId":"8241201350","order":"P20250907194417850579428145237","sign":"5C6D1F489E0F25B4BE019E406B2F588A"}

【2025-09-07 19:44:40】
P20250907194417850579428145237----返回：{"code":"000000","msg":"P20250907194417850579428145237","data":{"date":"2025-09-07 19:44:19","eid":"E45756448202509072244lqxT01al0Gq","amount":"50","name":"Renato Silva Dos Santos Neto","cpf":"48721629862","bankname":"null","payBank":"","payCpf":"","pixkey":"48721629862","account":"65551525","status":"done","order":"A20250907194417396034SNiUPE9Vs"},"sign":"AF29A8355D43B098DB3783C696A2990A"}

