【2025-09-07 18:04:59】
P20250907175528785285785745138----提交：{"custId":"24120300001308","appId":"8241201350","order":"P20250907175528785285785745138","sign":"9F8D26299E382E6341472C46959EDA75"}

【2025-09-07 18:04:59】
P20250907175528785285785745138----返回：{"code":"000000","msg":"P20250907175528785285785745138","data":{"date":"2025-09-07 17:55:30","eid":"E45756448202509072055eiAZUtBM1k2","amount":"40","name":"MARIA JOSE MONTEIRO DA SILVA","cpf":"34721428200","bankname":"null","payBank":"","payCpf":"","pixkey":"34721428200","account":"12880000007989016444","status":"done","order":"A20250907175528189712JGBH4Vi2b"},"sign":"8B94B106945859194A44878039DFF70E"}

【2025-09-07 18:05:26】
P20250907175528785285785745138----提交：{"custId":"24120300001308","appId":"8241201350","order":"P20250907175528785285785745138","sign":"9F8D26299E382E6341472C46959EDA75"}

【2025-09-07 18:05:26】
P20250907175528785285785745138----返回：{"code":"000000","msg":"P20250907175528785285785745138","data":{"date":"2025-09-07 17:55:30","eid":"E45756448202509072055eiAZUtBM1k2","amount":"40","name":"MARIA JOSE MONTEIRO DA SILVA","cpf":"34721428200","bankname":"null","payBank":"","payCpf":"","pixkey":"34721428200","account":"12880000007989016444","status":"done","order":"A20250907175528189712JGBH4Vi2b"},"sign":"8B94B106945859194A44878039DFF70E"}

【2025-09-07 18:06:02】
P20250907180426790668025058672----提交：{"custId":"24120300001308","appId":"8241201350","order":"P20250907180426790668025058672","sign":"D1689EBEBD03DAEC46F049E92FBC3048"}

【2025-09-07 18:06:02】
P20250907180426790668025058672----返回：{"code":"000000","msg":"P20250907180426790668025058672","data":{"date":"2025-09-07 18:04:28","eid":"E45756448202509072104eCRluoo6Euh","amount":"50","name":"LEANDRO MIRANDA DA CONCEICAO","cpf":"1702108201","bankname":"null","payBank":"","payCpf":"","pixkey":"91996021527","account":"326264428","status":"done","order":"A20250907180426476980GxDKgbFbZ"},"sign":"F2A86AE6BE17DA7E8710F35885E96D86"}

【2025-09-07 18:06:07】
P20250907180426790668025058672----提交：{"custId":"24120300001308","appId":"8241201350","order":"P20250907180426790668025058672","sign":"D1689EBEBD03DAEC46F049E92FBC3048"}

【2025-09-07 18:06:07】
P20250907180426790668025058672----返回：{"code":"000000","msg":"P20250907180426790668025058672","data":{"date":"2025-09-07 18:04:28","eid":"E45756448202509072104eCRluoo6Euh","amount":"50","name":"LEANDRO MIRANDA DA CONCEICAO","cpf":"1702108201","bankname":"null","payBank":"","payCpf":"","pixkey":"91996021527","account":"326264428","status":"done","order":"A20250907180426476980GxDKgbFbZ"},"sign":"F2A86AE6BE17DA7E8710F35885E96D86"}

【2025-09-07 18:24:38】
P20250907175445784851155933132----提交：{"custId":"24120300001308","appId":"8241201350","order":"P20250907175445784851155933132","sign":"574CFD8958C69C824E315F5366D58406"}

【2025-09-07 18:24:38】
P20250907175445784851155933132----返回：{"code":"000000","msg":"P20250907175445784851155933132","data":{"date":"2025-09-07 17:54:48","eid":"E4575644820250907205478TDa07Xa0m","amount":"730","name":"Letícia Morais Souza","cpf":"5447478286","bankname":"null","payBank":"","payCpf":"","pixkey":"05447478286","account":"568804386","status":"done","order":"A2025090717544506396717tzCC79Y"},"sign":"690019B231968DEFFA25007D4A33D0D2"}

【2025-09-07 18:24:42】
P20250907175445784851155933132----提交：{"custId":"24120300001308","appId":"8241201350","order":"P20250907175445784851155933132","sign":"574CFD8958C69C824E315F5366D58406"}

【2025-09-07 18:24:42】
P20250907175445784851155933132----返回：{"code":"000000","msg":"P20250907175445784851155933132","data":{"date":"2025-09-07 17:54:48","eid":"E4575644820250907205478TDa07Xa0m","amount":"730","name":"Letícia Morais Souza","cpf":"5447478286","bankname":"null","payBank":"","payCpf":"","pixkey":"05447478286","account":"568804386","status":"done","order":"A2025090717544506396717tzCC79Y"},"sign":"690019B231968DEFFA25007D4A33D0D2"}

【2025-09-07 18:40:31】
P20250907183923811638414494445----提交：{"custId":"24120300001308","appId":"8241201350","order":"P20250907183923811638414494445","sign":"ADE267BA93F65244FB43BC71A3C5C5C2"}

【2025-09-07 18:40:31】
P20250907183923811638414494445----返回：{"code":"000000","msg":"P20250907183923811638414494445","data":{"date":"2025-09-07 18:39:26","eid":"E45756448202509072139XwCX4tBzeEe","amount":"1200","name":"Roberta Estela da Silva","cpf":"6546849950","bankname":"null","payBank":"","payCpf":"","pixkey":"06546849950","account":"834528603","status":"done","order":"A20250907183923191683ABkTuiTA7"},"sign":"8F7BA7CE4682A8D1DE4AB0A0E10462EE"}

【2025-09-07 18:40:34】
P20250907183923811638414494445----提交：{"custId":"24120300001308","appId":"8241201350","order":"P20250907183923811638414494445","sign":"ADE267BA93F65244FB43BC71A3C5C5C2"}

【2025-09-07 18:40:34】
P20250907183923811638414494445----返回：{"code":"000000","msg":"P20250907183923811638414494445","data":{"date":"2025-09-07 18:39:26","eid":"E45756448202509072139XwCX4tBzeEe","amount":"1200","name":"Roberta Estela da Silva","cpf":"6546849950","bankname":"null","payBank":"","payCpf":"","pixkey":"06546849950","account":"834528603","status":"done","order":"A20250907183923191683ABkTuiTA7"},"sign":"8F7BA7CE4682A8D1DE4AB0A0E10462EE"}

