【2025-08-29 22:29:01】
P2025082921423514555573181----提交：{"reference":"P2025082921423514555573181"}

【2025-08-29 22:29:02】
P2025082921423514555573181----返回：{"msg":"P2025082921423514555573181","code":"000000","data":{"date":"2025-08-29 21:42:36","eid":"E3305358020250830004236025de062c","amount":20,"name":"MIGUEL FARIA DA SILVA","cpf":"***.461.447-**","bankname":"00416968","payBank":"P H R OLIVEIRA DR INVESTIMENTO LTDA","payCpf":"58.321.455\/0001-99","pixkey":"17446144742","account":"***.461.447-**","status":"done","order":"d7af4543-01cb-4dd1-8caf-8c122a1744b3"}}

【2025-08-29 22:34:18】
P2025082919584908329072089----提交：{"reference":"P2025082919584908329072089"}

【2025-08-29 22:34:19】
P2025082919584908329072089----返回：{"msg":"P2025082919584908329072089","code":"000000","data":{"date":"2025-08-29 19:58:50","eid":"E3305358020250829225850280c98800","amount":30,"name":"MARIA ELIANE MORAES DA SILVEIRA","cpf":"***.602.542-**","bankname":"32343119","payBank":"P H R OLIVEIRA DR INVESTIMENTO LTDA","payCpf":"58.321.455\/0001-99","pixkey":"00560254245","account":"***.602.542-**","status":"done","order":"806d5f43-d3a3-4bd2-9151-806a81613052"}}

【2025-08-29 22:34:20】
P2025082919584908329072089----提交：{"reference":"P2025082919584908329072089"}

【2025-08-29 22:34:21】
P2025082919584908329072089----返回：{"msg":"P2025082919584908329072089","code":"000000","data":{"date":"2025-08-29 19:58:50","eid":"E3305358020250829225850280c98800","amount":30,"name":"MARIA ELIANE MORAES DA SILVEIRA","cpf":"***.602.542-**","bankname":"32343119","payBank":"P H R OLIVEIRA DR INVESTIMENTO LTDA","payCpf":"58.321.455\/0001-99","pixkey":"00560254245","account":"***.602.542-**","status":"done","order":"806d5f43-d3a3-4bd2-9151-806a81613052"}}

【2025-08-29 22:40:17】
P2025082922381917899507901----提交：{"reference":"P2025082922381917899507901"}

【2025-08-29 22:40:18】
P2025082922381917899507901----返回：{"msg":"P2025082922381917899507901","code":"000000","data":{"date":"2025-08-29 22:38:20","eid":"E3305358020250830013820735c64300","amount":140,"name":"Eric Gabriel Souza","cpf":"***.346.726-**","bankname":"18236120","payBank":"P H R OLIVEIRA DR INVESTIMENTO LTDA","payCpf":"58.321.455\/0001-99","pixkey":"08734672648","account":"***.346.726-**","status":"done","order":"596b4b84-3c9f-431b-af35-829a0eb96ad3"}}

【2025-08-29 22:40:20】
P2025082922381917899507901----提交：{"reference":"P2025082922381917899507901"}

【2025-08-29 22:40:21】
P2025082922381917899507901----返回：{"msg":"P2025082922381917899507901","code":"000000","data":{"date":"2025-08-29 22:38:20","eid":"E3305358020250830013820735c64300","amount":140,"name":"Eric Gabriel Souza","cpf":"***.346.726-**","bankname":"18236120","payBank":"P H R OLIVEIRA DR INVESTIMENTO LTDA","payCpf":"58.321.455\/0001-99","pixkey":"08734672648","account":"***.346.726-**","status":"done","order":"596b4b84-3c9f-431b-af35-829a0eb96ad3"}}

