【2025-08-29 18:11:06】
P2025082918104301843067976----提交：{"reference":"P2025082918104301843067976"}

【2025-08-29 18:11:06】
P2025082918104301843067976----返回：{"msg":"P2025082918104301843067976","code":"000000","data":{"date":"2025-08-29 18:10:44","eid":"E3305358020250829211044490857753","amount":831,"name":"Jeferson Maia Tavares","cpf":"***.174.822-**","bankname":"18236120","payBank":"P H R OLIVEIRA DR INVESTIMENTO LTDA","payCpf":"58.321.455\/0001-99","pixkey":"92993315783","account":"***.174.822-**","status":"done","order":"13addd4b-b147-4d96-9ee4-c50400e69454"}}

【2025-08-29 18:26:05】
P2025082918242802668968414----提交：{"reference":"P2025082918242802668968414"}

【2025-08-29 18:26:06】
P2025082918242802668968414----返回：{"msg":"P2025082918242802668968414","code":"000000","data":{"date":"2025-08-29 18:24:29","eid":"E3305358020250829212429781c26d88","amount":70,"name":"Ediclecio Serafim Barbosa","cpf":"***.079.768-**","bankname":"22896431","payBank":"P H R OLIVEIRA DR INVESTIMENTO LTDA","payCpf":"58.321.455\/0001-99","pixkey":"51207976873","account":"***.079.768-**","status":"done","order":"7ff151fc-d024-4212-a507-c71118c28c1b"}}

【2025-08-29 18:26:08】
P2025082918242802668968414----提交：{"reference":"P2025082918242802668968414"}

【2025-08-29 18:26:08】
P2025082918242802668968414----返回：{"msg":"P2025082918242802668968414","code":"000000","data":{"date":"2025-08-29 18:24:29","eid":"E3305358020250829212429781c26d88","amount":70,"name":"Ediclecio Serafim Barbosa","cpf":"***.079.768-**","bankname":"22896431","payBank":"P H R OLIVEIRA DR INVESTIMENTO LTDA","payCpf":"58.321.455\/0001-99","pixkey":"51207976873","account":"***.079.768-**","status":"done","order":"7ff151fc-d024-4212-a507-c71118c28c1b"}}

【2025-08-29 18:41:19】
P2025082918264402804912350----提交：{"reference":"P2025082918264402804912350"}

【2025-08-29 18:41:20】
P2025082918264402804912350----返回：{"msg":"P2025082918264402804912350","code":"000000","data":{"date":"2025-08-29 18:27:02","eid":"E33053580202508292127028855a9492","amount":200,"name":"Higor Cesar de Paula Lima","cpf":"***.674.696-**","bankname":"18236120","payBank":"P H R OLIVEIRA DR INVESTIMENTO LTDA","payCpf":"58.321.455\/0001-99","pixkey":"+5531993219620","account":"***.674.696-**","status":"done","order":"bf0cde44-fcb8-4b9f-a6b2-f5fa8071db96"}}

【2025-08-29 18:41:21】
P2025082918264402804912350----提交：{"reference":"P2025082918264402804912350"}

【2025-08-29 18:41:22】
P2025082918264402804912350----返回：{"msg":"P2025082918264402804912350","code":"000000","data":{"date":"2025-08-29 18:27:02","eid":"E33053580202508292127028855a9492","amount":200,"name":"Higor Cesar de Paula Lima","cpf":"***.674.696-**","bankname":"18236120","payBank":"P H R OLIVEIRA DR INVESTIMENTO LTDA","payCpf":"58.321.455\/0001-99","pixkey":"+5531993219620","account":"***.674.696-**","status":"done","order":"bf0cde44-fcb8-4b9f-a6b2-f5fa8071db96"}}

