【2025-08-29 23:17:36】
P2025082922181316693851215----提交：{"reference":"P2025082922181316693851215"}

【2025-08-29 23:17:37】
P2025082922181316693851215----返回：{"msg":"P2025082922181316693851215","code":"000000","data":{"date":"2025-08-29 22:18:14","eid":"E3305358020250830011814498c19b96","amount":40,"name":"Larissa Correa Aparício Maciel","cpf":"***.281.392-**","bankname":"18236120","payBank":"P H R OLIVEIRA DR INVESTIMENTO LTDA","payCpf":"58.321.455\/0001-99","pixkey":"92986299693","account":"***.281.392-**","status":"done","order":"546eb910-cdf3-4d25-b148-52bb0e1271e9"}}

【2025-08-29 23:17:38】
P2025082922181316693851215----提交：{"reference":"P2025082922181316693851215"}

【2025-08-29 23:17:38】
P2025082922181316693851215----返回：{"msg":"P2025082922181316693851215","code":"000000","data":{"date":"2025-08-29 22:18:14","eid":"E3305358020250830011814498c19b96","amount":40,"name":"Larissa Correa Aparício Maciel","cpf":"***.281.392-**","bankname":"18236120","payBank":"P H R OLIVEIRA DR INVESTIMENTO LTDA","payCpf":"58.321.455\/0001-99","pixkey":"92986299693","account":"***.281.392-**","status":"done","order":"546eb910-cdf3-4d25-b148-52bb0e1271e9"}}

【2025-08-29 23:27:03】
P2025082923250920709701049----提交：{"reference":"P2025082923250920709701049"}

【2025-08-29 23:27:03】
P2025082923250920709701049----返回：{"msg":"P2025082923250920709701049","code":"000000","data":{"date":"2025-08-29 23:26:02","eid":"E3305358020250830022602352eec965","amount":1800,"name":"LUCAS AYRES PALHARES DE QUEIROZ","cpf":"***.503.477-**","bankname":"51342763","payBank":"P H R OLIVEIRA DR INVESTIMENTO LTDA","payCpf":"58.321.455\/0001-99","pixkey":"19450347778","account":"***.503.477-**","status":"done","order":"f6cf98ca-2b29-424a-a90f-cadf88eb7aa2"}}

【2025-08-29 23:27:05】
P2025082923250920709701049----提交：{"reference":"P2025082923250920709701049"}

【2025-08-29 23:27:06】
P2025082923250920709701049----返回：{"msg":"P2025082923250920709701049","code":"000000","data":{"date":"2025-08-29 23:26:02","eid":"E3305358020250830022602352eec965","amount":1800,"name":"LUCAS AYRES PALHARES DE QUEIROZ","cpf":"***.503.477-**","bankname":"51342763","payBank":"P H R OLIVEIRA DR INVESTIMENTO LTDA","payCpf":"58.321.455\/0001-99","pixkey":"19450347778","account":"***.503.477-**","status":"done","order":"f6cf98ca-2b29-424a-a90f-cadf88eb7aa2"}}

【2025-08-29 23:28:05】
P2025082919431007390024641----提交：{"reference":"P2025082919431007390024641"}

【2025-08-29 23:28:06】
P2025082919431007390024641----返回：{"msg":"P2025082919431007390024641","code":"000000","data":{"date":"2025-08-29 19:43:11","eid":"E330535802025082922431175580919c","amount":100,"name":"ELENIR BETANIA DA SILVA","cpf":"***.284.778-**","bankname":"00360305","payBank":"P H R OLIVEIRA DR INVESTIMENTO LTDA","payCpf":"58.321.455\/0001-99","pixkey":"11528477839","account":"***.284.778-**","status":"done","order":"581cc741-c796-4762-a897-2b5e8986553c"}}

【2025-08-29 23:28:08】
P2025082919431007390024641----提交：{"reference":"P2025082919431007390024641"}

【2025-08-29 23:28:08】
P2025082919431007390024641----返回：{"msg":"P2025082919431007390024641","code":"000000","data":{"date":"2025-08-29 19:43:11","eid":"E330535802025082922431175580919c","amount":100,"name":"ELENIR BETANIA DA SILVA","cpf":"***.284.778-**","bankname":"00360305","payBank":"P H R OLIVEIRA DR INVESTIMENTO LTDA","payCpf":"58.321.455\/0001-99","pixkey":"11528477839","account":"***.284.778-**","status":"done","order":"581cc741-c796-4762-a897-2b5e8986553c"}}

【2025-08-29 23:33:04】
P2025082922323817558736355----提交：{"reference":"P2025082922323817558736355"}

【2025-08-29 23:33:04】
P2025082922323817558736355----返回：{"msg":"P2025082922323817558736355","code":"000000","data":{"date":"2025-08-29 22:32:39","eid":"E3305358020250830013239688dc6c12","amount":350,"name":"ANOEL DA SILVA GUALBERTO","cpf":"***.868.388-**","bankname":"90400888","payBank":"P H R OLIVEIRA DR INVESTIMENTO LTDA","payCpf":"58.321.455\/0001-99","pixkey":"33686838885","account":"***.868.388-**","status":"done","order":"29b47ce9-8aab-4d6c-ac47-650b6558d8be"}}

【2025-08-29 23:33:06】
P2025082922323817558736355----提交：{"reference":"P2025082922323817558736355"}

【2025-08-29 23:33:07】
P2025082922323817558736355----返回：{"msg":"P2025082922323817558736355","code":"000000","data":{"date":"2025-08-29 22:32:39","eid":"E3305358020250830013239688dc6c12","amount":350,"name":"ANOEL DA SILVA GUALBERTO","cpf":"***.868.388-**","bankname":"90400888","payBank":"P H R OLIVEIRA DR INVESTIMENTO LTDA","payCpf":"58.321.455\/0001-99","pixkey":"33686838885","account":"***.868.388-**","status":"done","order":"29b47ce9-8aab-4d6c-ac47-650b6558d8be"}}

【2025-08-29 23:47:01】
P2025082923053319533429223----提交：{"reference":"P2025082923053319533429223"}

【2025-08-29 23:47:01】
P2025082923053319533429223----返回：{"msg":"P2025082923053319533429223","code":"000000","data":{"date":"2025-08-29 23:05:34","eid":"E3305358020250830020534240591ce3","amount":40,"name":"EDINALVA DE SOUSA SILVA","cpf":"***.971.453-**","bankname":"07237373","payBank":"P H R OLIVEIRA DR INVESTIMENTO LTDA","payCpf":"58.321.455\/0001-99","pixkey":"88097145391","account":"***.971.453-**","status":"done","order":"e9a122e5-e986-4c95-8b58-bb9eb53429d0"}}

【2025-08-29 23:47:03】
P2025082923053319533429223----提交：{"reference":"P2025082923053319533429223"}

【2025-08-29 23:47:03】
P2025082923053319533429223----返回：{"msg":"P2025082923053319533429223","code":"000000","data":{"date":"2025-08-29 23:05:34","eid":"E3305358020250830020534240591ce3","amount":40,"name":"EDINALVA DE SOUSA SILVA","cpf":"***.971.453-**","bankname":"07237373","payBank":"P H R OLIVEIRA DR INVESTIMENTO LTDA","payCpf":"58.321.455\/0001-99","pixkey":"88097145391","account":"***.971.453-**","status":"done","order":"e9a122e5-e986-4c95-8b58-bb9eb53429d0"}}

