【2025-08-29 14:01:29】
P2025082913522286342356239----提交：{"reference":"P2025082913522286342356239"}

【2025-08-29 14:01:29】
P2025082913522286342356239----返回：{"msg":"P2025082913522286342356239","code":"000000","data":{"date":"2025-08-29 13:52:23","eid":"E33053580202508291652232636a8661","amount":50,"name":"Janielson Gomes da Silva","cpf":"***.487.544-**","bankname":"18236120","payBank":"P H R OLIVEIRA DR INVESTIMENTO LTDA","payCpf":"58.321.455\/0001-99","pixkey":"71148754440","account":"***.487.544-**","status":"done","order":"5e223cb9-d800-4668-bf49-d494e48f8996"}}

【2025-08-29 14:01:31】
P2025082913522286342356239----提交：{"reference":"P2025082913522286342356239"}

【2025-08-29 14:01:32】
P2025082913522286342356239----返回：{"msg":"P2025082913522286342356239","code":"000000","data":{"date":"2025-08-29 13:52:23","eid":"E33053580202508291652232636a8661","amount":50,"name":"Janielson Gomes da Silva","cpf":"***.487.544-**","bankname":"18236120","payBank":"P H R OLIVEIRA DR INVESTIMENTO LTDA","payCpf":"58.321.455\/0001-99","pixkey":"71148754440","account":"***.487.544-**","status":"done","order":"5e223cb9-d800-4668-bf49-d494e48f8996"}}

【2025-08-29 14:04:26】
P2025082913532886408127117----提交：{"reference":"P2025082913532886408127117"}

【2025-08-29 14:04:26】
P2025082913532886408127117----返回：{"msg":"P2025082913532886408127117","code":"000000","data":{"date":"2025-08-29 13:53:29","eid":"E3305358020250829165329421a13c92","amount":80.26,"name":"ELISANDRA RAFAEL SILVA","cpf":"***.712.123-**","bankname":"00416968","payBank":"P H R OLIVEIRA DR INVESTIMENTO LTDA","payCpf":"58.321.455\/0001-99","pixkey":"77071212368","account":"***.712.123-**","status":"done","order":"eb7b83c2-02ec-4600-a373-afc4c2d6aad5"}}

【2025-08-29 14:04:45】
P2025082913532886408127117----提交：{"reference":"P2025082913532886408127117"}

【2025-08-29 14:04:45】
P2025082913532886408127117----返回：{"msg":"P2025082913532886408127117","code":"000000","data":{"date":"2025-08-29 13:53:29","eid":"E3305358020250829165329421a13c92","amount":80.26,"name":"ELISANDRA RAFAEL SILVA","cpf":"***.712.123-**","bankname":"00416968","payBank":"P H R OLIVEIRA DR INVESTIMENTO LTDA","payCpf":"58.321.455\/0001-99","pixkey":"77071212368","account":"***.712.123-**","status":"done","order":"eb7b83c2-02ec-4600-a373-afc4c2d6aad5"}}

【2025-08-29 14:10:53】
P2025082914102087420013010----提交：{"reference":"P2025082914102087420013010"}

【2025-08-29 14:10:53】
P2025082914102087420013010----返回：{"msg":"P2025082914102087420013010","code":"000000","data":{"date":"2025-08-29 14:10:21","eid":"E3305358020250829171021392aba03a","amount":70,"name":"Carlos Junio de Castro Reis","cpf":"***.227.702-**","bankname":"18236120","payBank":"P H R OLIVEIRA DR INVESTIMENTO LTDA","payCpf":"58.321.455\/0001-99","pixkey":"54222770230","account":"***.227.702-**","status":"done","order":"8cbbf7f3-a12a-4f57-8a9a-b027d7733359"}}

【2025-08-29 14:10:55】
P2025082914102087420013010----提交：{"reference":"P2025082914102087420013010"}

【2025-08-29 14:10:55】
P2025082914102087420013010----返回：{"msg":"P2025082914102087420013010","code":"000000","data":{"date":"2025-08-29 14:10:21","eid":"E3305358020250829171021392aba03a","amount":70,"name":"Carlos Junio de Castro Reis","cpf":"***.227.702-**","bankname":"18236120","payBank":"P H R OLIVEIRA DR INVESTIMENTO LTDA","payCpf":"58.321.455\/0001-99","pixkey":"54222770230","account":"***.227.702-**","status":"done","order":"8cbbf7f3-a12a-4f57-8a9a-b027d7733359"}}

【2025-08-29 14:11:49】
P2025082914010086860476286----提交：{"reference":"P2025082914010086860476286"}

【2025-08-29 14:11:50】
P2025082914010086860476286----返回：{"msg":"P2025082914010086860476286","code":"000000","data":{"date":"2025-08-29 14:01:01","eid":"E3305358020250829170101709e3016d","amount":40,"name":"MAURO NABOR DE OLIVEIRA CAMPOS","cpf":"***.263.486-**","bankname":"00360305","payBank":"P H R OLIVEIRA DR INVESTIMENTO LTDA","payCpf":"58.321.455\/0001-99","pixkey":"61326348604","account":"***.263.486-**","status":"done","order":"187a0faa-cdba-403c-8c67-efa6682b5360"}}

【2025-08-29 14:11:53】
P2025082914010086860476286----提交：{"reference":"P2025082914010086860476286"}

【2025-08-29 14:11:54】
P2025082914010086860476286----返回：{"msg":"P2025082914010086860476286","code":"000000","data":{"date":"2025-08-29 14:01:01","eid":"E3305358020250829170101709e3016d","amount":40,"name":"MAURO NABOR DE OLIVEIRA CAMPOS","cpf":"***.263.486-**","bankname":"00360305","payBank":"P H R OLIVEIRA DR INVESTIMENTO LTDA","payCpf":"58.321.455\/0001-99","pixkey":"61326348604","account":"***.263.486-**","status":"done","order":"187a0faa-cdba-403c-8c67-efa6682b5360"}}

【2025-08-29 14:30:09】
P2025082914223988159814333----提交：{"reference":"P2025082914223988159814333"}

【2025-08-29 14:30:09】
P2025082914223988159814333----返回：{"msg":"P2025082914223988159814333","code":"000000","data":{"date":"2025-08-29 14:22:40","eid":"E33053580202508291722408360ed293","amount":20,"name":"MARIA CAROLAINE DE MORAES","cpf":"***.358.189-**","bankname":"00416968","payBank":"P H R OLIVEIRA DR INVESTIMENTO LTDA","payCpf":"58.321.455\/0001-99","pixkey":"mariacarolinemoraes2@gmail.com","account":"***.358.189-**","status":"done","order":"9250a2a3-2ae8-4257-97f1-39dff83e2ed4"}}

【2025-08-29 14:30:12】
P2025082914223988159814333----提交：{"reference":"P2025082914223988159814333"}

【2025-08-29 14:30:12】
P2025082914223988159814333----返回：{"msg":"P2025082914223988159814333","code":"000000","data":{"date":"2025-08-29 14:22:40","eid":"E33053580202508291722408360ed293","amount":20,"name":"MARIA CAROLAINE DE MORAES","cpf":"***.358.189-**","bankname":"00416968","payBank":"P H R OLIVEIRA DR INVESTIMENTO LTDA","payCpf":"58.321.455\/0001-99","pixkey":"mariacarolinemoraes2@gmail.com","account":"***.358.189-**","status":"done","order":"9250a2a3-2ae8-4257-97f1-39dff83e2ed4"}}

【2025-08-29 14:36:11】
P2025082622181957499526086----提交：{"reference":"P2025082622181957499526086"}

【2025-08-29 14:36:12】
P2025082622181957499526086----返回：{"msg":"P2025082622181957499526086","code":"000000","data":{"date":"2025-08-26 22:19:08","eid":"E372054472025082701190792706f126","amount":1800,"name":"Valter Silva Pereira","cpf":"***.069.452-**","bankname":"18236120","payBank":"Veloci Net ltda","payCpf":"62.087.016\/0001-30","pixkey":"02206945240","account":"***.069.452-**","status":"done","order":"38ea02ba-ab2e-4dd2-975e-fc7020bc1fd3"}}

【2025-08-29 14:36:13】
P2025082622181957499526086----提交：{"reference":"P2025082622181957499526086"}

【2025-08-29 14:36:14】
P2025082622181957499526086----返回：{"msg":"P2025082622181957499526086","code":"000000","data":{"date":"2025-08-26 22:19:08","eid":"E372054472025082701190792706f126","amount":1800,"name":"Valter Silva Pereira","cpf":"***.069.452-**","bankname":"18236120","payBank":"Veloci Net ltda","payCpf":"62.087.016\/0001-30","pixkey":"02206945240","account":"***.069.452-**","status":"done","order":"38ea02ba-ab2e-4dd2-975e-fc7020bc1fd3"}}

【2025-08-29 14:41:03】
P2025082913190984349467427----提交：{"reference":"P2025082913190984349467427"}

【2025-08-29 14:41:04】
P2025082913190984349467427----返回：{"msg":"P2025082913190984349467427","code":"000000","data":{"date":"2025-08-29 13:19:10","eid":"E3305358020250829161910801b0f588","amount":133,"name":"RAQUEL FABRINYA SANTIAGO DE OLIVEIRA","cpf":"***.264.703-**","bankname":"00360305","payBank":"P H R OLIVEIRA DR INVESTIMENTO LTDA","payCpf":"58.321.455\/0001-99","pixkey":"09526470362","account":"***.264.703-**","status":"done","order":"968ff12e-d8d9-4f82-9e27-4556b8fefe5a"}}

