【2025-08-29 13:07:19】
P2025082901112740687388074----提交：{"reference":"P2025082901112740687388074"}

【2025-08-29 13:07:19】
P2025082901112740687388074----返回：{"msg":"P2025082901112740687388074","code":"000000","data":{"date":"2025-08-29 01:11:28","eid":"E3305358020250829041128153b6b816","amount":1655,"name":"Aline Brasil Teixeira","cpf":"***.856.587-**","bankname":"08561701","payBank":"P H R OLIVEIRA DR INVESTIMENTO LTDA","payCpf":"58.321.455\/0001-99","pixkey":"27997785949","account":"***.856.587-**","status":"done","order":"c4d33f2f-7514-4be0-8fc9-3b7c413ce825"}}

【2025-08-29 13:07:21】
P2025082901112740687388074----提交：{"reference":"P2025082901112740687388074"}

【2025-08-29 13:07:22】
P2025082901112740687388074----返回：{"msg":"P2025082901112740687388074","code":"000000","data":{"date":"2025-08-29 01:11:28","eid":"E3305358020250829041128153b6b816","amount":1655,"name":"Aline Brasil Teixeira","cpf":"***.856.587-**","bankname":"08561701","payBank":"P H R OLIVEIRA DR INVESTIMENTO LTDA","payCpf":"58.321.455\/0001-99","pixkey":"27997785949","account":"***.856.587-**","status":"done","order":"c4d33f2f-7514-4be0-8fc9-3b7c413ce825"}}

【2025-08-29 13:24:27】
P2025082912505682656473149----提交：{"reference":"P2025082912505682656473149"}

【2025-08-29 13:24:28】
P2025082912505682656473149----返回：{"msg":"P2025082912505682656473149","code":"000000","data":{"date":"2025-08-29 12:50:57","eid":"E3305358020250829155057167cbe536","amount":30,"name":"DENISE DE SOUZA MACHADO","cpf":"***.048.701-**","bankname":"59285411","payBank":"P H R OLIVEIRA DR INVESTIMENTO LTDA","payCpf":"58.321.455\/0001-99","pixkey":"62991878665","account":"***.048.701-**","status":"done","order":"c0f60e20-5305-4466-8a8c-be6b6aeee49a"}}

【2025-08-29 13:24:31】
P2025082912505682656473149----提交：{"reference":"P2025082912505682656473149"}

【2025-08-29 13:24:31】
P2025082912505682656473149----返回：{"msg":"P2025082912505682656473149","code":"000000","data":{"date":"2025-08-29 12:50:57","eid":"E3305358020250829155057167cbe536","amount":30,"name":"DENISE DE SOUZA MACHADO","cpf":"***.048.701-**","bankname":"59285411","payBank":"P H R OLIVEIRA DR INVESTIMENTO LTDA","payCpf":"58.321.455\/0001-99","pixkey":"62991878665","account":"***.048.701-**","status":"done","order":"c0f60e20-5305-4466-8a8c-be6b6aeee49a"}}

【2025-08-29 13:28:02】
P2025082913272484844709494----提交：{"reference":"P2025082913272484844709494"}

【2025-08-29 13:28:03】
P2025082913272484844709494----返回：{"msg":"P2025082913272484844709494","code":"000000","data":{"date":"2025-08-29 13:27:25","eid":"E330535802025082916272578179cfb9","amount":300,"name":"ALESSANDRO TASSO BORGES","cpf":"***.264.500-**","bankname":"22896431","payBank":"P H R OLIVEIRA DR INVESTIMENTO LTDA","payCpf":"58.321.455\/0001-99","pixkey":"03626450007","account":"***.264.500-**","status":"done","order":"57bafd5b-2315-4450-a985-7f1aff9c799b"}}

【2025-08-29 13:28:03】
P2025082913272484844709494----提交：{"reference":"P2025082913272484844709494"}

【2025-08-29 13:28:04】
P2025082913272484844709494----返回：{"msg":"P2025082913272484844709494","code":"000000","data":{"date":"2025-08-29 13:27:25","eid":"E330535802025082916272578179cfb9","amount":300,"name":"ALESSANDRO TASSO BORGES","cpf":"***.264.500-**","bankname":"22896431","payBank":"P H R OLIVEIRA DR INVESTIMENTO LTDA","payCpf":"58.321.455\/0001-99","pixkey":"03626450007","account":"***.264.500-**","status":"done","order":"57bafd5b-2315-4450-a985-7f1aff9c799b"}}

【2025-08-29 13:33:41】
P2025082913190984349467427----提交：{"reference":"P2025082913190984349467427"}

【2025-08-29 13:33:41】
P2025082913190984349467427----返回：{"msg":"P2025082913190984349467427","code":"000000","data":{"date":"2025-08-29 13:19:10","eid":"E3305358020250829161910801b0f588","amount":133,"name":"RAQUEL FABRINYA SANTIAGO DE OLIVEIRA","cpf":"***.264.703-**","bankname":"00360305","payBank":"P H R OLIVEIRA DR INVESTIMENTO LTDA","payCpf":"58.321.455\/0001-99","pixkey":"09526470362","account":"***.264.703-**","status":"done","order":"968ff12e-d8d9-4f82-9e27-4556b8fefe5a"}}

【2025-08-29 13:34:00】
P2025082913190984349467427----提交：{"reference":"P2025082913190984349467427"}

【2025-08-29 13:34:00】
P2025082913190984349467427----返回：{"msg":"P2025082913190984349467427","code":"000000","data":{"date":"2025-08-29 13:19:10","eid":"E3305358020250829161910801b0f588","amount":133,"name":"RAQUEL FABRINYA SANTIAGO DE OLIVEIRA","cpf":"***.264.703-**","bankname":"00360305","payBank":"P H R OLIVEIRA DR INVESTIMENTO LTDA","payCpf":"58.321.455\/0001-99","pixkey":"09526470362","account":"***.264.703-**","status":"done","order":"968ff12e-d8d9-4f82-9e27-4556b8fefe5a"}}

