【2025-08-29 20:06:19】
P2025082919414707307396349----提交：{"reference":"P2025082919414707307396349"}

【2025-08-29 20:06:20】
P2025082919414707307396349----返回：{"msg":"P2025082919414707307396349","code":"000000","data":{"date":"2025-08-29 19:41:48","eid":"E3305358020250829224148013ef081d","amount":50,"name":"Vanessa Alves pereira","cpf":"***.455.746-**","bankname":"08561701","payBank":"P H R OLIVEIRA DR INVESTIMENTO LTDA","payCpf":"58.321.455\/0001-99","pixkey":"09245574601","account":"***.455.746-**","status":"done","order":"7d97379e-4754-4f6f-b45a-6e673b8f17f4"}}

【2025-08-29 20:06:22】
P2025082919414707307396349----提交：{"reference":"P2025082919414707307396349"}

【2025-08-29 20:06:23】
P2025082919414707307396349----返回：{"msg":"P2025082919414707307396349","code":"000000","data":{"date":"2025-08-29 19:41:48","eid":"E3305358020250829224148013ef081d","amount":50,"name":"Vanessa Alves pereira","cpf":"***.455.746-**","bankname":"08561701","payBank":"P H R OLIVEIRA DR INVESTIMENTO LTDA","payCpf":"58.321.455\/0001-99","pixkey":"09245574601","account":"***.455.746-**","status":"done","order":"7d97379e-4754-4f6f-b45a-6e673b8f17f4"}}

【2025-08-29 20:08:55】
P2025082920004208442311008----提交：{"reference":"P2025082920004208442311008"}

【2025-08-29 20:08:55】
P2025082920004208442311008----返回：{"msg":"P2025082920004208442311008","code":"000000","data":{"date":"2025-08-29 20:00:43","eid":"E33053580202508292300432477923b2","amount":23,"name":"ADERIOVALDO FERREIRA PASSOS","cpf":"***.830.941-**","bankname":"03042597","payBank":"P H R OLIVEIRA DR INVESTIMENTO LTDA","payCpf":"58.321.455\/0001-99","pixkey":"67999624275","account":"***.830.941-**","status":"done","order":"96590c68-5a14-47ff-9be4-2ff27038464a"}}

【2025-08-29 20:08:57】
P2025082920004208442311008----提交：{"reference":"P2025082920004208442311008"}

【2025-08-29 20:08:58】
P2025082920004208442311008----返回：{"msg":"P2025082920004208442311008","code":"000000","data":{"date":"2025-08-29 20:00:43","eid":"E33053580202508292300432477923b2","amount":23,"name":"ADERIOVALDO FERREIRA PASSOS","cpf":"***.830.941-**","bankname":"03042597","payBank":"P H R OLIVEIRA DR INVESTIMENTO LTDA","payCpf":"58.321.455\/0001-99","pixkey":"67999624275","account":"***.830.941-**","status":"done","order":"96590c68-5a14-47ff-9be4-2ff27038464a"}}

【2025-08-29 20:14:07】
P2025082920074208862597681----提交：{"reference":"P2025082920074208862597681"}

【2025-08-29 20:14:07】
P2025082920074208862597681----返回：{"msg":"P2025082920074208862597681","code":"000000","data":{"date":"2025-08-29 20:07:43","eid":"E3305358020250829230743165116209","amount":30,"name":"Odenice Monteiro de Freitas","cpf":"***.545.442-**","bankname":"18236120","payBank":"P H R OLIVEIRA DR INVESTIMENTO LTDA","payCpf":"58.321.455\/0001-99","pixkey":"91986265249","account":"***.545.442-**","status":"done","order":"c4a34a03-dc5b-4b41-9957-3ff95b896f80"}}

【2025-08-29 20:14:08】
P2025082920074208862597681----提交：{"reference":"P2025082920074208862597681"}

【2025-08-29 20:14:08】
P2025082920074208862597681----返回：{"msg":"P2025082920074208862597681","code":"000000","data":{"date":"2025-08-29 20:07:43","eid":"E3305358020250829230743165116209","amount":30,"name":"Odenice Monteiro de Freitas","cpf":"***.545.442-**","bankname":"18236120","payBank":"P H R OLIVEIRA DR INVESTIMENTO LTDA","payCpf":"58.321.455\/0001-99","pixkey":"91986265249","account":"***.545.442-**","status":"done","order":"c4a34a03-dc5b-4b41-9957-3ff95b896f80"}}

【2025-08-29 20:28:32】
P2025082920212309683361823----提交：{"reference":"P2025082920212309683361823"}

【2025-08-29 20:28:33】
P2025082920212309683361823----返回：{"msg":"P2025082920212309683361823","code":"000000","data":{"date":"2025-08-29 20:21:24","eid":"E3305358020250829232123999b7693b","amount":15,"name":"Marcos Vinícius Silva Souza","cpf":"***.130.965-**","bankname":"18236120","payBank":"P H R OLIVEIRA DR INVESTIMENTO LTDA","payCpf":"58.321.455\/0001-99","pixkey":"11713096510","account":"***.130.965-**","status":"done","order":"8041ca82-1282-4fe1-a6ca-158b187d2317"}}

【2025-08-29 20:28:42】
P2025082920212309683361823----提交：{"reference":"P2025082920212309683361823"}

【2025-08-29 20:28:42】
P2025082920212309683361823----返回：{"msg":"P2025082920212309683361823","code":"000000","data":{"date":"2025-08-29 20:21:24","eid":"E3305358020250829232123999b7693b","amount":15,"name":"Marcos Vinícius Silva Souza","cpf":"***.130.965-**","bankname":"18236120","payBank":"P H R OLIVEIRA DR INVESTIMENTO LTDA","payCpf":"58.321.455\/0001-99","pixkey":"11713096510","account":"***.130.965-**","status":"done","order":"8041ca82-1282-4fe1-a6ca-158b187d2317"}}

【2025-08-29 20:32:57】
P2025082915352792527815122----提交：{"reference":"P2025082915352792527815122"}

【2025-08-29 20:32:58】
P2025082915352792527815122----返回：{"msg":"P2025082915352792527815122","code":"000000","data":{"date":"2025-08-29 15:35:28","eid":"E3305358020250829184329330cdc45c","amount":50,"name":"Jhulia Ariane Demetrio","cpf":"***.386.210-**","bankname":"22896431","payBank":"P H R OLIVEIRA DR INVESTIMENTO LTDA","payCpf":"58.321.455\/0001-99","pixkey":"g34993804@gmail.com","account":"***.386.210-**","status":"done","order":"cc4f3b20-d0de-48cf-b1a9-8bd11fc91728"}}

