【2025-08-29 02:09:14】
P2025082800163250992104931----提交：{"custId":"24120300001308","appId":"8241201350","order":"P2025082800163250992104931","sign":"C762940999B7B44C61C78CCDB1895411"}

【2025-08-29 02:09:14】
P2025082800163250992104931----返回：{"code":"000000","msg":"P2025082800163250992104931","data":{"date":"2025-08-28 00:16:34","eid":"E45756448202508280316nOMWdsmkq90","amount":"100","name":"Mateus Gabriel Pereira Diogo","cpf":"1316195945","bankname":"null","payBank":"","payCpf":"","pixkey":"01316195945","account":"57939432873","status":"done","order":"A20250828001632703463Vz9IHpXbc"},"sign":"1CFA9510EA5BBEFAC22476BADAAE1022"}

【2025-08-29 02:09:24】
P2025082800503153031106514----提交：{"custId":"24120300001308","appId":"8241201350","order":"P2025082800503153031106514","sign":"08C897596654415038BFE4E618D829F5"}

【2025-08-29 02:09:24】
P2025082800503153031106514----返回：{"code":"000000","msg":"P2025082800503153031106514","data":{"date":"2025-08-28 00:50:34","eid":"E457564482025082803504tJZAfnKAEq","amount":"50","name":"Mateus Gabriel Pereira Diogo","cpf":"1316195945","bankname":"null","payBank":"","payCpf":"","pixkey":"01316195945","account":"57939432873","status":"done","order":"A20250828005031337346GGUF8n9Um"},"sign":"7FC9A4963387E49B7F194471577BA03A"}

【2025-08-29 02:09:35】
P2025082802143958079998550----提交：{"custId":"24120300001308","appId":"8241201350","order":"P2025082802143958079998550","sign":"C9F3DFA6586F740B6364BB24D068EEDE"}

【2025-08-29 02:09:35】
P2025082802143958079998550----返回：{"code":"000000","msg":"P2025082802143958079998550","data":{"date":"2025-08-28 02:14:42","eid":"E45756448202508280514oSydGkqdUGX","amount":"150","name":"Mateus Gabriel Pereira Diogo","cpf":"1316195945","bankname":"null","payBank":"","payCpf":"","pixkey":"01316195945","account":"57939432873","status":"done","order":"A202508280214393674969VCESBaiK"},"sign":"C0C74750229D3A7BFB33CEC6572ED68D"}

【2025-08-29 02:18:40】
P2025082816312909489386326----提交：{"custId":"24120300001308","appId":"8241201350","order":"P2025082816312909489386326","sign":"59B553BC3C7AC3D680E4284A78C7A46F"}

【2025-08-29 02:18:40】
P2025082816312909489386326----返回：{"code":"000000","msg":"P2025082816312909489386326","data":{"date":"2025-08-28 16:31:31","eid":"E3571349120250828193129632c32557","amount":"70","name":"LINDOMAR FERREIRA DA SILVA","cpf":"35429376817","bankname":"NOVABET OFICIAL","payBank":"","payCpf":"","pixkey":"16992456291","account":"60701190","status":"done","order":"A20250828163129308535CUFpct8Yw"},"sign":"B803FBAB2875A8A701967D66030A3DDB"}

【2025-08-29 02:18:42】
P2025082816312909489386326----提交：{"custId":"24120300001308","appId":"8241201350","order":"P2025082816312909489386326","sign":"59B553BC3C7AC3D680E4284A78C7A46F"}

【2025-08-29 02:18:42】
P2025082816312909489386326----返回：{"code":"000000","msg":"P2025082816312909489386326","data":{"date":"2025-08-28 16:31:31","eid":"E3571349120250828193129632c32557","amount":"70","name":"LINDOMAR FERREIRA DA SILVA","cpf":"35429376817","bankname":"NOVABET OFICIAL","payBank":"","payCpf":"","pixkey":"16992456291","account":"60701190","status":"done","order":"A20250828163129308535CUFpct8Yw"},"sign":"B803FBAB2875A8A701967D66030A3DDB"}

【2025-08-29 02:20:00】
P2025082822321731137668572----提交：{"custId":"24120300001308","appId":"8241201350","order":"P2025082822321731137668572","sign":"635E0084DD6182A2A84A2FEACF05149B"}

【2025-08-29 02:20:00】
P2025082822321731137668572----返回：{"code":"000000","msg":"P2025082822321731137668572","data":{"date":"2025-08-28 22:32:20","eid":"E45756448202508290132v9TK3n8i0a6","amount":"150","name":"CARLA APARECIDA LOURENCO","cpf":"30097296856","bankname":"null","payBank":"","payCpf":"","pixkey":"16991140815","account":"12880000007551175157","status":"done","order":"A20250828223217643873uj7xHMnH6"},"sign":"819FD81A00237A5AFE6DB0736FABB0FE"}

【2025-08-29 02:20:03】
P2025082822321731137668572----提交：{"custId":"24120300001308","appId":"8241201350","order":"P2025082822321731137668572","sign":"635E0084DD6182A2A84A2FEACF05149B"}

【2025-08-29 02:20:03】
P2025082822321731137668572----返回：{"code":"000000","msg":"P2025082822321731137668572","data":{"date":"2025-08-28 22:32:20","eid":"E45756448202508290132v9TK3n8i0a6","amount":"150","name":"CARLA APARECIDA LOURENCO","cpf":"30097296856","bankname":"null","payBank":"","payCpf":"","pixkey":"16991140815","account":"12880000007551175157","status":"done","order":"A20250828223217643873uj7xHMnH6"},"sign":"819FD81A00237A5AFE6DB0736FABB0FE"}

【2025-08-29 02:57:14】
P2025082514295442994893619----提交：{"custId":"24120300001308","appId":"8241201350","order":"P2025082514295442994893619","sign":"1A9AEC2AFE6CC342EE72472B68FF4EA9"}

【2025-08-29 02:57:14】
P2025082514295442994893619----返回：{"code":"000000","msg":"P2025082514295442994893619","data":{"date":"2025-08-25 14:29:58","eid":"E45756448202508251729GgPPGZ7Blk6","amount":"1045","name":"KAIQUE OLIVEIRA DOS SANTOS","cpf":"51886696845","bankname":"null","payBank":"","payCpf":"","pixkey":"51886696845","account":"37010000005756782849","status":"done","order":"A20250825142955062445ceu1qli1M"},"sign":"3B4B99D80EB60A108CB124A701B74703"}

【2025-08-29 02:57:16】
P2025082514295442994893619----提交：{"custId":"24120300001308","appId":"8241201350","order":"P2025082514295442994893619","sign":"1A9AEC2AFE6CC342EE72472B68FF4EA9"}

【2025-08-29 02:57:16】
P2025082514295442994893619----返回：{"code":"000000","msg":"P2025082514295442994893619","data":{"date":"2025-08-25 14:29:58","eid":"E45756448202508251729GgPPGZ7Blk6","amount":"1045","name":"KAIQUE OLIVEIRA DOS SANTOS","cpf":"51886696845","bankname":"null","payBank":"","payCpf":"","pixkey":"51886696845","account":"37010000005756782849","status":"done","order":"A20250825142955062445ceu1qli1M"},"sign":"3B4B99D80EB60A108CB124A701B74703"}

