【2025-09-04 14:00:01】
P2025090413435304233736117----提交：{"reference":"P2025090413435304233736117"}

【2025-09-04 14:00:01】
P2025090413435304233736117----返回：{"msg":"P2025090413435304233736117","code":"000000","data":{"date":"2025-09-04 13:43:54","eid":"E3305358020250904164354624ff0b68","amount":80,"name":"ISTEFANI APARECIDA DA SILVA SOUSA","cpf":"***.823.136-**","bankname":"00416968","payBank":"P H R OLIVEIRA DR INVESTIMENTO LTDA","payCpf":"58.321.455\/0001-99","pixkey":"37999922755","account":"***.823.136-**","status":"done","order":"bfbdd64f-4892-4936-b846-c88af5ab8a78"}}

【2025-09-04 14:13:49】
P2025090414060805568573595----提交：{"reference":"P2025090414060805568573595"}

【2025-09-04 14:13:50】
P2025090414060805568573595----返回：{"msg":"P2025090414060805568573595","code":"000000","data":{"date":"2025-09-04 14:06:09","eid":"E3305358020250904170609379eaf561","amount":1000,"name":"BERNADETE RIBAS","cpf":"***.015.079-**","bankname":"00416968","payBank":"P H R OLIVEIRA DR INVESTIMENTO LTDA","payCpf":"58.321.455\/0001-99","pixkey":"09301507919","account":"***.015.079-**","status":"done","order":"43deb94b-c25e-47ce-aca3-ae3a20322d3c"}}

【2025-09-04 14:13:52】
P2025090414060805568573595----提交：{"reference":"P2025090414060805568573595"}

【2025-09-04 14:13:53】
P2025090414060805568573595----返回：{"msg":"P2025090414060805568573595","code":"000000","data":{"date":"2025-09-04 14:06:09","eid":"E3305358020250904170609379eaf561","amount":1000,"name":"BERNADETE RIBAS","cpf":"***.015.079-**","bankname":"00416968","payBank":"P H R OLIVEIRA DR INVESTIMENTO LTDA","payCpf":"58.321.455\/0001-99","pixkey":"09301507919","account":"***.015.079-**","status":"done","order":"43deb94b-c25e-47ce-aca3-ae3a20322d3c"}}

【2025-09-04 14:43:24】
P2025090414415407714611998----提交：{"reference":"P2025090414415407714611998"}

【2025-09-04 14:43:24】
P2025090414415407714611998----返回：{"msg":"P2025090414415407714611998","code":"000000","data":{"date":"2025-09-04 14:41:55","eid":"E3305358020250904174155369aea141","amount":42,"name":"JOSIMAR BARBOSA DA SILVA","cpf":"***.963.215-**","bankname":"07237373","payBank":"P H R OLIVEIRA DR INVESTIMENTO LTDA","payCpf":"58.321.455\/0001-99","pixkey":"93096321515","account":"***.963.215-**","status":"done","order":"24e9b4d1-4a08-4e42-a31c-6537b89f7ce4"}}

【2025-09-04 14:43:35】
P2025090414415407714611998----提交：{"reference":"P2025090414415407714611998"}

【2025-09-04 14:43:35】
P2025090414415407714611998----返回：{"msg":"P2025090414415407714611998","code":"000000","data":{"date":"2025-09-04 14:41:55","eid":"E3305358020250904174155369aea141","amount":42,"name":"JOSIMAR BARBOSA DA SILVA","cpf":"***.963.215-**","bankname":"07237373","payBank":"P H R OLIVEIRA DR INVESTIMENTO LTDA","payCpf":"58.321.455\/0001-99","pixkey":"93096321515","account":"***.963.215-**","status":"done","order":"24e9b4d1-4a08-4e42-a31c-6537b89f7ce4"}}

