【2025-09-04 12:16:56】
P2025090412110998669416876----提交：{"reference":"P2025090412110998669416876"}

【2025-09-04 12:16:57】
P2025090412110998669416876----返回：{"msg":"P2025090412110998669416876","code":"000000","data":{"date":"2025-09-04 12:11:10","eid":"E3305358020250904151110044e96f30","amount":10,"name":"Vladimir do Nascimento Carneiro","cpf":"***.105.833-**","bankname":"18236120","payBank":"P H R OLIVEIRA DR INVESTIMENTO LTDA","payCpf":"58.321.455\/0001-99","pixkey":"vladimirnascimento734@gmail.com","account":"***.105.833-**","status":"done","order":"5751d137-824d-49fb-aa24-f2db259e4638"}}

【2025-09-04 12:16:58】
P2025090412110998669416876----提交：{"reference":"P2025090412110998669416876"}

【2025-09-04 12:16:58】
P2025090412110998669416876----返回：{"msg":"P2025090412110998669416876","code":"000000","data":{"date":"2025-09-04 12:11:10","eid":"E3305358020250904151110044e96f30","amount":10,"name":"Vladimir do Nascimento Carneiro","cpf":"***.105.833-**","bankname":"18236120","payBank":"P H R OLIVEIRA DR INVESTIMENTO LTDA","payCpf":"58.321.455\/0001-99","pixkey":"vladimirnascimento734@gmail.com","account":"***.105.833-**","status":"done","order":"5751d137-824d-49fb-aa24-f2db259e4638"}}

【2025-09-04 12:18:37】
P2025090411383896718265871----提交：{"reference":"P2025090411383896718265871"}

【2025-09-04 12:18:37】
P2025090411383896718265871----返回：{"msg":"P2025090411383896718265871","code":"000000","data":{"date":"2025-09-04 11:39:04","eid":"E33053580202509041439042695a7b0a","amount":240,"name":"Ozeias Ramos Pereira","cpf":"***.081.785-**","bankname":"18236120","payBank":"P H R OLIVEIRA DR INVESTIMENTO LTDA","payCpf":"58.321.455\/0001-99","pixkey":"07208178542","account":"***.081.785-**","status":"done","order":"dfae7fb8-8152-47f2-8c45-0407f1202074"}}

【2025-09-04 12:18:39】
P2025090411383896718265871----提交：{"reference":"P2025090411383896718265871"}

【2025-09-04 12:18:40】
P2025090411383896718265871----返回：{"msg":"P2025090411383896718265871","code":"000000","data":{"date":"2025-09-04 11:39:04","eid":"E33053580202509041439042695a7b0a","amount":240,"name":"Ozeias Ramos Pereira","cpf":"***.081.785-**","bankname":"18236120","payBank":"P H R OLIVEIRA DR INVESTIMENTO LTDA","payCpf":"58.321.455\/0001-99","pixkey":"07208178542","account":"***.081.785-**","status":"done","order":"dfae7fb8-8152-47f2-8c45-0407f1202074"}}

【2025-09-04 12:20:07】
P2025090412131998799751386----提交：{"reference":"P2025090412131998799751386"}

【2025-09-04 12:20:07】
P2025090412131998799751386----返回：{"msg":"P2025090412131998799751386","code":"000000","data":{"date":"2025-09-04 12:13:20","eid":"E3305358020250904151320431d6d942","amount":50.03,"name":"Vanderlan Castelan Leite","cpf":"***.503.067-**","bankname":"22896431","payBank":"P H R OLIVEIRA DR INVESTIMENTO LTDA","payCpf":"58.321.455\/0001-99","pixkey":"28999451415","account":"***.503.067-**","status":"done","order":"b3bdb5a0-7ff0-4d01-860a-1c952e164591"}}

【2025-09-04 12:20:09】
P2025090412131998799751386----提交：{"reference":"P2025090412131998799751386"}

【2025-09-04 12:20:09】
P2025090412131998799751386----返回：{"msg":"P2025090412131998799751386","code":"000000","data":{"date":"2025-09-04 12:13:20","eid":"E3305358020250904151320431d6d942","amount":50.03,"name":"Vanderlan Castelan Leite","cpf":"***.503.067-**","bankname":"22896431","payBank":"P H R OLIVEIRA DR INVESTIMENTO LTDA","payCpf":"58.321.455\/0001-99","pixkey":"28999451415","account":"***.503.067-**","status":"done","order":"b3bdb5a0-7ff0-4d01-860a-1c952e164591"}}

【2025-09-04 12:26:29】
P2025090411451897118753707----提交：{"reference":"P2025090411451897118753707"}

【2025-09-04 12:26:29】
P2025090411451897118753707----返回：{"msg":"P2025090411451897118753707","code":"000000","data":{"date":"2025-09-04 11:45:19","eid":"E3305358020250904144519818a621a0","amount":60,"name":"RAIMUNDO MARQUES","cpf":"***.541.092-**","bankname":"09313766","payBank":"P H R OLIVEIRA DR INVESTIMENTO LTDA","payCpf":"58.321.455\/0001-99","pixkey":"61454109220","account":"***.541.092-**","status":"done","order":"f588dd22-3142-4a01-84f8-88e247dd9dcd"}}

【2025-09-04 12:26:30】
P2025090411451897118753707----提交：{"reference":"P2025090411451897118753707"}

【2025-09-04 12:26:31】
P2025090411451897118753707----返回：{"msg":"P2025090411451897118753707","code":"000000","data":{"date":"2025-09-04 11:45:19","eid":"E3305358020250904144519818a621a0","amount":60,"name":"RAIMUNDO MARQUES","cpf":"***.541.092-**","bankname":"09313766","payBank":"P H R OLIVEIRA DR INVESTIMENTO LTDA","payCpf":"58.321.455\/0001-99","pixkey":"61454109220","account":"***.541.092-**","status":"done","order":"f588dd22-3142-4a01-84f8-88e247dd9dcd"}}

【2025-09-04 12:30:19】
P2025090412284299722974269----提交：{"reference":"P2025090412284299722974269"}

【2025-09-04 12:30:20】
P2025090412284299722974269----返回：{"msg":"P2025090412284299722974269","code":"000000","data":{"date":"2025-09-04 12:30:03","eid":"E33053580202509041530032012ed7b2","amount":141,"name":"GILMARA SANTOS DE SANTANA","cpf":"***.774.665-**","bankname":"20855875","payBank":"P H R OLIVEIRA DR INVESTIMENTO LTDA","payCpf":"58.321.455\/0001-99","pixkey":"08477466580","account":"***.774.665-**","status":"done","order":"c5a8c2f9-6d38-4367-a178-a02e140064da"}}

【2025-09-04 12:30:22】
P2025090412284299722974269----提交：{"reference":"P2025090412284299722974269"}

【2025-09-04 12:30:23】
P2025090412284299722974269----返回：{"msg":"P2025090412284299722974269","code":"000000","data":{"date":"2025-09-04 12:30:03","eid":"E33053580202509041530032012ed7b2","amount":141,"name":"GILMARA SANTOS DE SANTANA","cpf":"***.774.665-**","bankname":"20855875","payBank":"P H R OLIVEIRA DR INVESTIMENTO LTDA","payCpf":"58.321.455\/0001-99","pixkey":"08477466580","account":"***.774.665-**","status":"done","order":"c5a8c2f9-6d38-4367-a178-a02e140064da"}}

【2025-09-04 12:52:29】
P2025090412495000990585875----提交：{"reference":"P2025090412495000990585875"}

【2025-09-04 12:52:29】
P2025090412495000990585875----返回：{"msg":"P2025090412495000990585875","code":"000000","data":{"date":"2025-09-04 12:49:51","eid":"E3305358020250904154951042f451e1","amount":425.28,"name":"JOSE DOMIRES MATOS GOMES","cpf":"***.089.315-**","bankname":"31872495","payBank":"P H R OLIVEIRA DR INVESTIMENTO LTDA","payCpf":"58.321.455\/0001-99","pixkey":"67408931520","account":"***.089.315-**","status":"done","order":"7666a937-3a0a-4a6f-bb7a-d85313cdc52b"}}

【2025-09-04 12:52:32】
P2025090412495000990585875----提交：{"reference":"P2025090412495000990585875"}

【2025-09-04 12:52:32】
P2025090412495000990585875----返回：{"msg":"P2025090412495000990585875","code":"000000","data":{"date":"2025-09-04 12:49:51","eid":"E3305358020250904154951042f451e1","amount":425.28,"name":"JOSE DOMIRES MATOS GOMES","cpf":"***.089.315-**","bankname":"31872495","payBank":"P H R OLIVEIRA DR INVESTIMENTO LTDA","payCpf":"58.321.455\/0001-99","pixkey":"67408931520","account":"***.089.315-**","status":"done","order":"7666a937-3a0a-4a6f-bb7a-d85313cdc52b"}}

