【2025-09-04 13:16:39】
P2025090413145202492308167----提交：{"reference":"P2025090413145202492308167"}

【2025-09-04 13:16:40】
P2025090413145202492308167----返回：{"msg":"P2025090413145202492308167","code":"000000","data":{"date":"2025-09-04 13:16:02","eid":"E33053580202509041616026126796dd","amount":1030,"name":"Tiago Willame Santos do nascimento","cpf":"***.849.283-**","bankname":"08561701","payBank":"P H R OLIVEIRA DR INVESTIMENTO LTDA","payCpf":"58.321.455\/0001-99","pixkey":"09684928351","account":"***.849.283-**","status":"done","order":"ebd494ab-17fa-4388-b883-270876531a89"}}

【2025-09-04 13:16:41】
P2025090413145202492308167----提交：{"reference":"P2025090413145202492308167"}

【2025-09-04 13:16:41】
P2025090413145202492308167----返回：{"msg":"P2025090413145202492308167","code":"000000","data":{"date":"2025-09-04 13:16:02","eid":"E33053580202509041616026126796dd","amount":1030,"name":"Tiago Willame Santos do nascimento","cpf":"***.849.283-**","bankname":"08561701","payBank":"P H R OLIVEIRA DR INVESTIMENTO LTDA","payCpf":"58.321.455\/0001-99","pixkey":"09684928351","account":"***.849.283-**","status":"done","order":"ebd494ab-17fa-4388-b883-270876531a89"}}

【2025-09-04 13:21:32】
P2025090410370693026866926----提交：{"reference":"P2025090410370693026866926"}

【2025-09-04 13:21:32】
P2025090410370693026866926----返回：{"msg":"P2025090410370693026866926","code":"000000","data":{"date":"2025-09-04 10:37:07","eid":"E3305358020250904133706946de9480","amount":130,"name":"ANE SANTOS AMARO","cpf":"***.637.461-**","bankname":"90400888","payBank":"P H R OLIVEIRA DR INVESTIMENTO LTDA","payCpf":"58.321.455\/0001-99","pixkey":"19986087866","account":"***.637.461-**","status":"done","order":"b415fda5-e967-449e-bc66-ae0690d01cc1"}}

【2025-09-04 13:21:42】
P2025090410370693026866926----提交：{"reference":"P2025090410370693026866926"}

【2025-09-04 13:21:42】
P2025090410370693026866926----返回：{"msg":"P2025090410370693026866926","code":"000000","data":{"date":"2025-09-04 10:37:07","eid":"E3305358020250904133706946de9480","amount":130,"name":"ANE SANTOS AMARO","cpf":"***.637.461-**","bankname":"90400888","payBank":"P H R OLIVEIRA DR INVESTIMENTO LTDA","payCpf":"58.321.455\/0001-99","pixkey":"19986087866","account":"***.637.461-**","status":"done","order":"b415fda5-e967-449e-bc66-ae0690d01cc1"}}

【2025-09-04 13:32:14】
P2025090208303512635076258----提交：{"reference":"P2025090208303512635076258"}

【2025-09-04 13:32:15】
P2025090208303512635076258----返回：{"msg":"P2025090208303512635076258","code":"000000","data":{"date":"2025-09-02 08:30:36","eid":"E330535802025090211303602603f19e","amount":30,"name":"Wendy Victoria Moreira de Carvalho","cpf":"***.660.998-**","bankname":"18236120","payBank":"P H R OLIVEIRA DR INVESTIMENTO LTDA","payCpf":"58.321.455\/0001-99","pixkey":"17992745880","account":"***.660.998-**","status":"done","order":"cdf932c9-11d9-4fe2-a196-af084119b45a"}}

【2025-09-04 13:38:59】
P2025090413244103081599737----提交：{"reference":"P2025090413244103081599737"}

【2025-09-04 13:38:59】
P2025090413244103081599737----返回：{"msg":"P2025090413244103081599737","code":"000000","data":{"date":"2025-09-04 13:24:42","eid":"E3305358020250904162442513a5d905","amount":110,"name":"Marcel Gordiano Souza","cpf":"***.108.945-**","bankname":"18236120","payBank":"P H R OLIVEIRA DR INVESTIMENTO LTDA","payCpf":"58.321.455\/0001-99","pixkey":"marcpkrlh@gmail.com","account":"***.108.945-**","status":"done","order":"41b2b3b3-51aa-4fcd-ac29-ca658f6b0289"}}

【2025-09-04 13:39:04】
P2025090413244103081599737----提交：{"reference":"P2025090413244103081599737"}

【2025-09-04 13:39:04】
P2025090413244103081599737----返回：{"msg":"P2025090413244103081599737","code":"000000","data":{"date":"2025-09-04 13:24:42","eid":"E3305358020250904162442513a5d905","amount":110,"name":"Marcel Gordiano Souza","cpf":"***.108.945-**","bankname":"18236120","payBank":"P H R OLIVEIRA DR INVESTIMENTO LTDA","payCpf":"58.321.455\/0001-99","pixkey":"marcpkrlh@gmail.com","account":"***.108.945-**","status":"done","order":"41b2b3b3-51aa-4fcd-ac29-ca658f6b0289"}}

【2025-09-04 13:39:17】
P2025090413374003860248059----提交：{"reference":"P2025090413374003860248059"}

【2025-09-04 13:39:17】
P2025090413374003860248059----返回：{"msg":"P2025090413374003860248059","code":"000000","data":{"date":"2025-09-04 13:37:41","eid":"E3305358020250904163741408ee3c70","amount":200,"name":"RIDER DE SOUZA PEREIRA","cpf":"***.560.766-**","bankname":"00360305","payBank":"P H R OLIVEIRA DR INVESTIMENTO LTDA","payCpf":"58.321.455\/0001-99","pixkey":"10956076696","account":"***.560.766-**","status":"done","order":"edbd1b6e-2112-430a-87cf-b935f24040dc"}}

【2025-09-04 13:39:19】
P2025090413374003860248059----提交：{"reference":"P2025090413374003860248059"}

【2025-09-04 13:39:19】
P2025090413374003860248059----返回：{"msg":"P2025090413374003860248059","code":"000000","data":{"date":"2025-09-04 13:37:41","eid":"E3305358020250904163741408ee3c70","amount":200,"name":"RIDER DE SOUZA PEREIRA","cpf":"***.560.766-**","bankname":"00360305","payBank":"P H R OLIVEIRA DR INVESTIMENTO LTDA","payCpf":"58.321.455\/0001-99","pixkey":"10956076696","account":"***.560.766-**","status":"done","order":"edbd1b6e-2112-430a-87cf-b935f24040dc"}}

【2025-09-04 13:44:42】
P2025090413435304233736117----提交：{"reference":"P2025090413435304233736117"}

【2025-09-04 13:44:43】
P2025090413435304233736117----返回：{"msg":"P2025090413435304233736117","code":"000000","data":{"date":"2025-09-04 13:43:54","eid":"E3305358020250904164354624ff0b68","amount":80,"name":"ISTEFANI APARECIDA DA SILVA SOUSA","cpf":"***.823.136-**","bankname":"00416968","payBank":"P H R OLIVEIRA DR INVESTIMENTO LTDA","payCpf":"58.321.455\/0001-99","pixkey":"37999922755","account":"***.823.136-**","status":"done","order":"bfbdd64f-4892-4936-b846-c88af5ab8a78"}}

【2025-09-04 13:44:44】
P2025090413435304233736117----提交：{"reference":"P2025090413435304233736117"}

【2025-09-04 13:44:44】
P2025090413435304233736117----返回：{"msg":"P2025090413435304233736117","code":"000000","data":{"date":"2025-09-04 13:43:54","eid":"E3305358020250904164354624ff0b68","amount":80,"name":"ISTEFANI APARECIDA DA SILVA SOUSA","cpf":"***.823.136-**","bankname":"00416968","payBank":"P H R OLIVEIRA DR INVESTIMENTO LTDA","payCpf":"58.321.455\/0001-99","pixkey":"37999922755","account":"***.823.136-**","status":"done","order":"bfbdd64f-4892-4936-b846-c88af5ab8a78"}}

【2025-09-04 13:47:25】
P2025090413235803038417110----提交：{"reference":"P2025090413235803038417110"}

【2025-09-04 13:47:25】
P2025090413235803038417110----返回：{"msg":"P2025090413235803038417110","code":"000000","data":{"date":"2025-09-04 13:23:59","eid":"E3305358020250904162359344280bf3","amount":50,"name":"BRENDHA APARECIDA TAVARES DA SILVA","cpf":"***.841.152-**","bankname":"00416968","payBank":"P H R OLIVEIRA DR INVESTIMENTO LTDA","payCpf":"58.321.455\/0001-99","pixkey":"94991183401","account":"***.841.152-**","status":"done","order":"5dcdc5a9-8de7-4913-a6cf-11d6fa43028c"}}

【2025-09-04 13:47:32】
P2025090413235803038417110----提交：{"reference":"P2025090413235803038417110"}

【2025-09-04 13:47:33】
P2025090413235803038417110----返回：{"msg":"P2025090413235803038417110","code":"000000","data":{"date":"2025-09-04 13:23:59","eid":"E3305358020250904162359344280bf3","amount":50,"name":"BRENDHA APARECIDA TAVARES DA SILVA","cpf":"***.841.152-**","bankname":"00416968","payBank":"P H R OLIVEIRA DR INVESTIMENTO LTDA","payCpf":"58.321.455\/0001-99","pixkey":"94991183401","account":"***.841.152-**","status":"done","order":"5dcdc5a9-8de7-4913-a6cf-11d6fa43028c"}}

