【2025-09-04 20:05:58】
P2025090311295009790067559----提交：{"reference":"P2025090311295009790067559"}

【2025-09-04 20:05:59】
P2025090311295009790067559----返回：{"msg":"P2025090311295009790067559","code":"000000","data":{"date":"2025-09-03 11:29:51","eid":"E330535802025090314295100244f8df","amount":20,"name":"Maria Divina Lucas Silva","cpf":"***.860.313-**","bankname":"18236120","payBank":"P H R OLIVEIRA DR INVESTIMENTO LTDA","payCpf":"58.321.455\/0001-99","pixkey":"09086031340","account":"***.860.313-**","status":"done","order":"2a68df8b-97e8-4f4e-b4a9-d616c66257d4"}}

【2025-09-04 20:06:08】
P2025090311295009790067559----提交：{"reference":"P2025090311295009790067559"}

【2025-09-04 20:06:08】
P2025090311295009790067559----返回：{"msg":"P2025090311295009790067559","code":"000000","data":{"date":"2025-09-03 11:29:51","eid":"E330535802025090314295100244f8df","amount":20,"name":"Maria Divina Lucas Silva","cpf":"***.860.313-**","bankname":"18236120","payBank":"P H R OLIVEIRA DR INVESTIMENTO LTDA","payCpf":"58.321.455\/0001-99","pixkey":"09086031340","account":"***.860.313-**","status":"done","order":"2a68df8b-97e8-4f4e-b4a9-d616c66257d4"}}

【2025-09-04 20:06:30】
P2025090419464726007386299----提交：{"reference":"P2025090419464726007386299"}

【2025-09-04 20:06:31】
P2025090419464726007386299----返回：{"msg":"P2025090419464726007386299","code":"000000","data":{"date":"2025-09-04 19:46:48","eid":"E3305358020250904224648910aca27c","amount":27,"name":"Andre Macedo Sandi Godoy","cpf":"***.634.336-**","bankname":"22896431","payBank":"P H R OLIVEIRA DR INVESTIMENTO LTDA","payCpf":"58.321.455\/0001-99","pixkey":"15981872994","account":"***.634.336-**","status":"done","order":"12b71fcd-5b08-4349-ab16-6d070bcd429a"}}

【2025-09-04 20:06:33】
P2025090419464726007386299----提交：{"reference":"P2025090419464726007386299"}

【2025-09-04 20:06:33】
P2025090419464726007386299----返回：{"msg":"P2025090419464726007386299","code":"000000","data":{"date":"2025-09-04 19:46:48","eid":"E3305358020250904224648910aca27c","amount":27,"name":"Andre Macedo Sandi Godoy","cpf":"***.634.336-**","bankname":"22896431","payBank":"P H R OLIVEIRA DR INVESTIMENTO LTDA","payCpf":"58.321.455\/0001-99","pixkey":"15981872994","account":"***.634.336-**","status":"done","order":"12b71fcd-5b08-4349-ab16-6d070bcd429a"}}

【2025-09-04 20:06:51】
P2025090419030923389386622----提交：{"reference":"P2025090419030923389386622"}

【2025-09-04 20:06:51】
P2025090419030923389386622----返回：{"msg":"P2025090419030923389386622","code":"000000","data":{"date":"2025-09-04 19:03:10","eid":"E3305358020250904220310705c66ddd","amount":100,"name":"IRENE FRANCISCA DA SILVA","cpf":"***.612.324-**","bankname":"90400888","payBank":"P H R OLIVEIRA DR INVESTIMENTO LTDA","payCpf":"58.321.455\/0001-99","pixkey":"82999742168","account":"***.612.324-**","status":"done","order":"d81296c8-4457-4f16-86c0-df3496b6d97e"}}

【2025-09-04 20:06:52】
P2025090419030923389386622----提交：{"reference":"P2025090419030923389386622"}

【2025-09-04 20:06:53】
P2025090419030923389386622----返回：{"msg":"P2025090419030923389386622","code":"000000","data":{"date":"2025-09-04 19:03:10","eid":"E3305358020250904220310705c66ddd","amount":100,"name":"IRENE FRANCISCA DA SILVA","cpf":"***.612.324-**","bankname":"90400888","payBank":"P H R OLIVEIRA DR INVESTIMENTO LTDA","payCpf":"58.321.455\/0001-99","pixkey":"82999742168","account":"***.612.324-**","status":"done","order":"d81296c8-4457-4f16-86c0-df3496b6d97e"}}

【2025-09-04 20:09:02】
P2025090419055323553066038----提交：{"reference":"P2025090419055323553066038"}

【2025-09-04 20:09:03】
P2025090419055323553066038----返回：{"msg":"P2025090419055323553066038","code":"000000","data":{"date":"2025-09-04 19:05:54","eid":"E3305358020250904220554854444858","amount":53,"name":"Andre Macedo Sandi Godoy","cpf":"***.634.336-**","bankname":"22896431","payBank":"P H R OLIVEIRA DR INVESTIMENTO LTDA","payCpf":"58.321.455\/0001-99","pixkey":"15981877425","account":"***.634.336-**","status":"done","order":"426f6d2f-a180-4c7d-9bac-b1b725429a5f"}}

【2025-09-04 20:09:03】
P2025090419055323553066038----提交：{"reference":"P2025090419055323553066038"}

【2025-09-04 20:09:04】
P2025090419055323553066038----返回：{"msg":"P2025090419055323553066038","code":"000000","data":{"date":"2025-09-04 19:05:54","eid":"E3305358020250904220554854444858","amount":53,"name":"Andre Macedo Sandi Godoy","cpf":"***.634.336-**","bankname":"22896431","payBank":"P H R OLIVEIRA DR INVESTIMENTO LTDA","payCpf":"58.321.455\/0001-99","pixkey":"15981877425","account":"***.634.336-**","status":"done","order":"426f6d2f-a180-4c7d-9bac-b1b725429a5f"}}

【2025-09-04 20:30:53】
P2025090420272428444532279----提交：{"reference":"P2025090420272428444532279"}

【2025-09-04 20:30:54】
P2025090420272428444532279----返回：{"msg":"P2025090420272428444532279","code":"000000","data":{"date":"2025-09-04 20:27:24","eid":"E3305358020250904232724919dd1b7a","amount":46,"name":"SIDNEI MARIANO BESERRA","cpf":"***.651.961-**","bankname":"00360305","payBank":"P H R OLIVEIRA DR INVESTIMENTO LTDA","payCpf":"58.321.455\/0001-99","pixkey":"98865196149","account":"***.651.961-**","status":"done","order":"e01f3d99-3c66-4e31-b8c8-425831d5571c"}}

【2025-09-04 20:30:57】
P2025090420272428444532279----提交：{"reference":"P2025090420272428444532279"}

【2025-09-04 20:30:58】
P2025090420272428444532279----返回：{"msg":"P2025090420272428444532279","code":"000000","data":{"date":"2025-09-04 20:27:24","eid":"E3305358020250904232724919dd1b7a","amount":46,"name":"SIDNEI MARIANO BESERRA","cpf":"***.651.961-**","bankname":"00360305","payBank":"P H R OLIVEIRA DR INVESTIMENTO LTDA","payCpf":"58.321.455\/0001-99","pixkey":"98865196149","account":"***.651.961-**","status":"done","order":"e01f3d99-3c66-4e31-b8c8-425831d5571c"}}

【2025-09-04 20:36:46】
P2025090420351328913755961----提交：{"reference":"P2025090420351328913755961"}

【2025-09-04 20:36:46】
P2025090420351328913755961----返回：{"msg":"P2025090420351328913755961","code":"000000","data":{"date":"2025-09-04 20:36:31","eid":"E330535802025090423363174843fd26","amount":77,"name":"Nilson Neves de Lira","cpf":"***.396.302-**","bankname":"18236120","payBank":"P H R OLIVEIRA DR INVESTIMENTO LTDA","payCpf":"58.321.455\/0001-99","pixkey":"sp_nilson@yahoo.com.br","account":"***.396.302-**","status":"done","order":"4f7194ac-eeb9-4920-bdae-4509b5ba3f1f"}}

【2025-09-04 20:47:11】
P2025090419532726407078687----提交：{"reference":"P2025090419532726407078687"}

【2025-09-04 20:47:12】
P2025090419532726407078687----返回：{"msg":"P2025090419532726407078687","code":"000000","data":{"date":"2025-09-04 20:46:46","eid":"E3305358020250904234646202e82c02","amount":7000,"name":"Renato Wellington Fernandes","cpf":"***.497.616-**","bankname":"18236120","payBank":"P H R OLIVEIRA DR INVESTIMENTO LTDA","payCpf":"58.321.455\/0001-99","pixkey":"06549761638","account":"***.497.616-**","status":"done","order":"e1aeacfa-9c81-4074-a94f-f269e82d2d71"}}

