【2025-09-04 00:21:53】
P2025090400000054800858881----提交：{"reference":"P2025090400000054800858881"}

【2025-09-04 00:21:54】
P2025090400000054800858881----返回：{"msg":"P2025090400000054800858881","code":"000000","data":{"date":"2025-09-04 00:02:07","eid":"E3305358020250904030207277ff34c0","amount":10,"name":"JAILSON DA COSTA PEREIRA","cpf":"***.626.630-**","bankname":"08561701","payBank":"P H R OLIVEIRA DR INVESTIMENTO LTDA","payCpf":"58.321.455\/0001-99","pixkey":"02062663080","account":"***.626.630-**","status":"done","order":"9059a10a-fbac-4cda-8bdf-cd578755888e"}}

【2025-09-04 00:39:31】
P2025090400000054800994335----提交：{"reference":"P2025090400000054800994335"}

【2025-09-04 00:39:32】
P2025090400000054800994335----返回：{"msg":"P2025090400000054800994335","code":"000000","data":{"date":"2025-09-04 00:39:21","eid":"E33053580202509040339209490523ae","amount":99.27,"name":"Antonio Carlos Silva Santos","cpf":"***.618.367-**","bankname":"22896431","payBank":"P H R OLIVEIRA DR INVESTIMENTO LTDA","payCpf":"58.321.455\/0001-99","pixkey":"07761836728","account":"***.618.367-**","status":"done","order":"f16bd9fc-89ad-473e-9b60-24c37e36ae1f"}}

【2025-09-04 00:40:42】
P2025090400000054800994335----提交：{"reference":"P2025090400000054800994335"}

【2025-09-04 00:40:43】
P2025090400000054800994335----返回：{"msg":"P2025090400000054800994335","code":"000000","data":{"date":"2025-09-04 00:39:21","eid":"E33053580202509040339209490523ae","amount":99.27,"name":"Antonio Carlos Silva Santos","cpf":"***.618.367-**","bankname":"22896431","payBank":"P H R OLIVEIRA DR INVESTIMENTO LTDA","payCpf":"58.321.455\/0001-99","pixkey":"07761836728","account":"***.618.367-**","status":"done","order":"f16bd9fc-89ad-473e-9b60-24c37e36ae1f"}}

【2025-09-04 00:40:45】
P2025090400000054800994335----提交：{"reference":"P2025090400000054800994335"}

【2025-09-04 00:40:46】
P2025090400000054800994335----返回：{"msg":"P2025090400000054800994335","code":"000000","data":{"date":"2025-09-04 00:39:21","eid":"E33053580202509040339209490523ae","amount":99.27,"name":"Antonio Carlos Silva Santos","cpf":"***.618.367-**","bankname":"22896431","payBank":"P H R OLIVEIRA DR INVESTIMENTO LTDA","payCpf":"58.321.455\/0001-99","pixkey":"07761836728","account":"***.618.367-**","status":"done","order":"f16bd9fc-89ad-473e-9b60-24c37e36ae1f"}}

【2025-09-04 00:43:11】
P2025090400000054800994335----提交：{"reference":"P2025090400000054800994335"}

【2025-09-04 00:43:12】
P2025090400000054800994335----返回：{"msg":"P2025090400000054800994335","code":"000000","data":{"date":"2025-09-04 00:39:21","eid":"E33053580202509040339209490523ae","amount":99.27,"name":"Antonio Carlos Silva Santos","cpf":"***.618.367-**","bankname":"22896431","payBank":"P H R OLIVEIRA DR INVESTIMENTO LTDA","payCpf":"58.321.455\/0001-99","pixkey":"07761836728","account":"***.618.367-**","status":"done","order":"f16bd9fc-89ad-473e-9b60-24c37e36ae1f"}}

【2025-09-04 00:44:07】
P2025090400000054800994335----提交：{"reference":"P2025090400000054800994335"}

【2025-09-04 00:44:08】
P2025090400000054800994335----返回：{"msg":"P2025090400000054800994335","code":"000000","data":{"date":"2025-09-04 00:39:21","eid":"E33053580202509040339209490523ae","amount":99.27,"name":"Antonio Carlos Silva Santos","cpf":"***.618.367-**","bankname":"22896431","payBank":"P H R OLIVEIRA DR INVESTIMENTO LTDA","payCpf":"58.321.455\/0001-99","pixkey":"07761836728","account":"***.618.367-**","status":"done","order":"f16bd9fc-89ad-473e-9b60-24c37e36ae1f"}}

【2025-09-04 00:44:15】
P2025090400000054800994335----提交：{"reference":"P2025090400000054800994335"}

【2025-09-04 00:44:15】
P2025090400000054800994335----返回：{"msg":"P2025090400000054800994335","code":"000000","data":{"date":"2025-09-04 00:39:21","eid":"E33053580202509040339209490523ae","amount":99.27,"name":"Antonio Carlos Silva Santos","cpf":"***.618.367-**","bankname":"22896431","payBank":"P H R OLIVEIRA DR INVESTIMENTO LTDA","payCpf":"58.321.455\/0001-99","pixkey":"07761836728","account":"***.618.367-**","status":"done","order":"f16bd9fc-89ad-473e-9b60-24c37e36ae1f"}}

【2025-09-04 00:46:33】
P2025090400000054800994335----提交：{"reference":"P2025090400000054800994335"}

【2025-09-04 00:46:33】
P2025090400000054800994335----返回：{"msg":"P2025090400000054800994335","code":"000000","data":{"date":"2025-09-04 00:39:21","eid":"E33053580202509040339209490523ae","amount":99.27,"name":"Antonio Carlos Silva Santos","cpf":"***.618.367-**","bankname":"22896431","payBank":"P H R OLIVEIRA DR INVESTIMENTO LTDA","payCpf":"58.321.455\/0001-99","pixkey":"07761836728","account":"***.618.367-**","status":"done","order":"f16bd9fc-89ad-473e-9b60-24c37e36ae1f"}}

【2025-09-04 00:50:31】
P2025090400461157571773003----提交：{"reference":"P2025090400461157571773003"}

【2025-09-04 00:50:31】
P2025090400461157571773003----返回：{"msg":"P2025090400461157571773003","code":"000000","data":{"date":"2025-09-04 00:46:12","eid":"E3305358020250904034612466962ab5","amount":75,"name":"WARLEY FERREIRA DOS SANTOS","cpf":"***.065.717-**","bankname":"24313102","payBank":"P H R OLIVEIRA DR INVESTIMENTO LTDA","payCpf":"58.321.455\/0001-99","pixkey":"16706571750","account":"***.065.717-**","status":"done","order":"b80491db-76c5-450c-965f-8371d0e0dfe1"}}

【2025-09-04 00:50:33】
P2025090400461157571773003----提交：{"reference":"P2025090400461157571773003"}

【2025-09-04 00:50:34】
P2025090400461157571773003----返回：{"msg":"P2025090400461157571773003","code":"000000","data":{"date":"2025-09-04 00:46:12","eid":"E3305358020250904034612466962ab5","amount":75,"name":"WARLEY FERREIRA DOS SANTOS","cpf":"***.065.717-**","bankname":"24313102","payBank":"P H R OLIVEIRA DR INVESTIMENTO LTDA","payCpf":"58.321.455\/0001-99","pixkey":"16706571750","account":"***.065.717-**","status":"done","order":"b80491db-76c5-450c-965f-8371d0e0dfe1"}}

