【2025-09-04 07:10:44】
P2025090407010780067878754----提交：{"reference":"P2025090407010780067878754"}

【2025-09-04 07:10:45】
P2025090407010780067878754----返回：{"msg":"P2025090407010780067878754","code":"000000","data":{"date":"2025-09-04 07:01:08","eid":"E33053580202509041001080513fe10d","amount":200,"name":"Evandison Mendes Cintra","cpf":"***.469.028-**","bankname":"20855875","payBank":"P H R OLIVEIRA DR INVESTIMENTO LTDA","payCpf":"58.321.455\/0001-99","pixkey":"74999476244","account":"***.469.028-**","status":"done","order":"b00309f9-b6d5-46e9-827c-d867b3ed9b2a"}}

【2025-09-04 07:10:47】
P2025090407010780067878754----提交：{"reference":"P2025090407010780067878754"}

【2025-09-04 07:10:47】
P2025090407010780067878754----返回：{"msg":"P2025090407010780067878754","code":"000000","data":{"date":"2025-09-04 07:01:08","eid":"E33053580202509041001080513fe10d","amount":200,"name":"Evandison Mendes Cintra","cpf":"***.469.028-**","bankname":"20855875","payBank":"P H R OLIVEIRA DR INVESTIMENTO LTDA","payCpf":"58.321.455\/0001-99","pixkey":"74999476244","account":"***.469.028-**","status":"done","order":"b00309f9-b6d5-46e9-827c-d867b3ed9b2a"}}

【2025-09-04 07:34:00】
P2025090407305181851481779----提交：{"reference":"P2025090407305181851481779"}

【2025-09-04 07:34:01】
P2025090407305181851481779----返回：{"msg":"P2025090407305181851481779","code":"000000","data":{"date":"2025-09-04 07:30:52","eid":"E3305358020250904103051995928fee","amount":60,"name":"MARGARETH DE ALMEIDA GUERREIRO","cpf":"***.686.432-**","bankname":"00360305","payBank":"P H R OLIVEIRA DR INVESTIMENTO LTDA","payCpf":"58.321.455\/0001-99","pixkey":"92991614154","account":"***.686.432-**","status":"done","order":"7f962fcb-bb98-42ca-bd69-bf8b759a290c"}}

【2025-09-04 07:34:03】
P2025090407305181851481779----提交：{"reference":"P2025090407305181851481779"}

【2025-09-04 07:34:03】
P2025090407305181851481779----返回：{"msg":"P2025090407305181851481779","code":"000000","data":{"date":"2025-09-04 07:30:52","eid":"E3305358020250904103051995928fee","amount":60,"name":"MARGARETH DE ALMEIDA GUERREIRO","cpf":"***.686.432-**","bankname":"00360305","payBank":"P H R OLIVEIRA DR INVESTIMENTO LTDA","payCpf":"58.321.455\/0001-99","pixkey":"92991614154","account":"***.686.432-**","status":"done","order":"7f962fcb-bb98-42ca-bd69-bf8b759a290c"}}

【2025-09-04 07:39:01】
P2025090407304781847822260----提交：{"reference":"P2025090407304781847822260"}

【2025-09-04 07:39:01】
P2025090407304781847822260----返回：{"msg":"P2025090407304781847822260","code":"000000","data":{"date":"2025-09-04 07:30:47","eid":"E33053580202509041030479207714bf","amount":70,"name":"KUESTON SILVA DE ARAUJO","cpf":"***.399.568-**","bankname":"60746948","payBank":"P H R OLIVEIRA DR INVESTIMENTO LTDA","payCpf":"58.321.455\/0001-99","pixkey":"36439956876","account":"***.399.568-**","status":"done","order":"54bcc973-d6cd-415b-af5a-4443904d5680"}}

【2025-09-04 07:39:02】
P2025090407304781847822260----提交：{"reference":"P2025090407304781847822260"}

【2025-09-04 07:39:03】
P2025090407304781847822260----返回：{"msg":"P2025090407304781847822260","code":"000000","data":{"date":"2025-09-04 07:30:47","eid":"E33053580202509041030479207714bf","amount":70,"name":"KUESTON SILVA DE ARAUJO","cpf":"***.399.568-**","bankname":"60746948","payBank":"P H R OLIVEIRA DR INVESTIMENTO LTDA","payCpf":"58.321.455\/0001-99","pixkey":"36439956876","account":"***.399.568-**","status":"done","order":"54bcc973-d6cd-415b-af5a-4443904d5680"}}

【2025-09-04 07:57:42】
P2025090407522183141254288----提交：{"reference":"P2025090407522183141254288"}

【2025-09-04 07:57:42】
P2025090407522183141254288----返回：{"msg":"P2025090407522183141254288","code":"000000","data":{"date":"2025-09-04 07:52:22","eid":"E3305358020250904105222108a0aa6a","amount":200,"name":"GECIOMAR STINGELIN DE LIMA","cpf":"***.605.119-**","bankname":"00000000","payBank":"P H R OLIVEIRA DR INVESTIMENTO LTDA","payCpf":"58.321.455\/0001-99","pixkey":"00060511974","account":"***.605.119-**","status":"done","order":"25e1e6c4-fe1d-4926-ad44-28b9532df9f3"}}

【2025-09-04 07:57:50】
P2025090407130280782023591----提交：{"reference":"P2025090407130280782023591"}

【2025-09-04 07:57:50】
P2025090407522183141254288----提交：{"reference":"P2025090407522183141254288"}

【2025-09-04 07:57:50】
P2025090407130280782023591----返回：{"msg":"P2025090407130280782023591","code":"000000","data":{"date":"2025-09-04 07:13:03","eid":"E3305358020250904101303173ef6b34","amount":200,"name":"GECIOMAR STINGELIN DE LIMA","cpf":"***.605.119-**","bankname":"00000000","payBank":"P H R OLIVEIRA DR INVESTIMENTO LTDA","payCpf":"58.321.455\/0001-99","pixkey":"00060511974","account":"***.605.119-**","status":"done","order":"d6a0d32c-648d-4b54-b121-a1c9f4311040"}}

【2025-09-04 07:57:51】
P2025090407522183141254288----返回：{"msg":"P2025090407522183141254288","code":"000000","data":{"date":"2025-09-04 07:52:22","eid":"E3305358020250904105222108a0aa6a","amount":200,"name":"GECIOMAR STINGELIN DE LIMA","cpf":"***.605.119-**","bankname":"00000000","payBank":"P H R OLIVEIRA DR INVESTIMENTO LTDA","payCpf":"58.321.455\/0001-99","pixkey":"00060511974","account":"***.605.119-**","status":"done","order":"25e1e6c4-fe1d-4926-ad44-28b9532df9f3"}}

【2025-09-04 07:58:01】
P2025090407130280782023591----提交：{"reference":"P2025090407130280782023591"}

【2025-09-04 07:58:01】
P2025090407130280782023591----返回：{"msg":"P2025090407130280782023591","code":"000000","data":{"date":"2025-09-04 07:13:03","eid":"E3305358020250904101303173ef6b34","amount":200,"name":"GECIOMAR STINGELIN DE LIMA","cpf":"***.605.119-**","bankname":"00000000","payBank":"P H R OLIVEIRA DR INVESTIMENTO LTDA","payCpf":"58.321.455\/0001-99","pixkey":"00060511974","account":"***.605.119-**","status":"done","order":"d6a0d32c-648d-4b54-b121-a1c9f4311040"}}

