【2025-09-04 18:09:52】
P2025090410260192361103134----提交：{"reference":"P2025090410260192361103134"}

【2025-09-04 18:09:53】
P2025090410260192361103134----返回：{"msg":"P2025090410260192361103134","code":"000000","data":{"date":"2025-09-04 10:26:02","eid":"E3305358020250904132602557da6244","amount":40,"name":"MARCIANO NOGUEIRA DA SILVA","cpf":"***.157.871-**","bankname":"00360305","payBank":"P H R OLIVEIRA DR INVESTIMENTO LTDA","payCpf":"58.321.455\/0001-99","pixkey":"01615787135","account":"***.157.871-**","status":"done","order":"1bf2d0b1-983f-4084-bbc5-8772169e319e"}}

【2025-09-04 18:09:54】
P2025090410260192361103134----提交：{"reference":"P2025090410260192361103134"}

【2025-09-04 18:09:55】
P2025090410260192361103134----返回：{"msg":"P2025090410260192361103134","code":"000000","data":{"date":"2025-09-04 10:26:02","eid":"E3305358020250904132602557da6244","amount":40,"name":"MARCIANO NOGUEIRA DA SILVA","cpf":"***.157.871-**","bankname":"00360305","payBank":"P H R OLIVEIRA DR INVESTIMENTO LTDA","payCpf":"58.321.455\/0001-99","pixkey":"01615787135","account":"***.157.871-**","status":"done","order":"1bf2d0b1-983f-4084-bbc5-8772169e319e"}}

【2025-09-04 18:29:17】
P2025090219521753537131206----提交：{"reference":"P2025090219521753537131206"}

【2025-09-04 18:29:17】
P2025090219521753537131206----返回：{"msg":"P2025090219521753537131206","code":"000000","data":{"date":"2025-09-02 19:53:07","eid":"E33053580202509022253075363d5148","amount":250,"name":"LILIAN SILVA MORAES SOUSA","cpf":"***.024.308-**","bankname":"08561701","payBank":"P H R OLIVEIRA DR INVESTIMENTO LTDA","payCpf":"58.321.455\/0001-99","pixkey":"+5512982164532","account":"***.024.308-**","status":"done","order":"c2d0032c-b0c6-49fc-81ef-2ecb66f1c5bf"}}

【2025-09-04 18:29:19】
P2025090219521753537131206----提交：{"reference":"P2025090219521753537131206"}

【2025-09-04 18:29:19】
P2025090219521753537131206----返回：{"msg":"P2025090219521753537131206","code":"000000","data":{"date":"2025-09-02 19:53:07","eid":"E33053580202509022253075363d5148","amount":250,"name":"LILIAN SILVA MORAES SOUSA","cpf":"***.024.308-**","bankname":"08561701","payBank":"P H R OLIVEIRA DR INVESTIMENTO LTDA","payCpf":"58.321.455\/0001-99","pixkey":"+5512982164532","account":"***.024.308-**","status":"done","order":"c2d0032c-b0c6-49fc-81ef-2ecb66f1c5bf"}}

【2025-09-04 18:31:50】
P2025090418271921239995349----提交：{"reference":"P2025090418271921239995349"}

【2025-09-04 18:31:51】
P2025090418271921239995349----返回：{"msg":"P2025090418271921239995349","code":"000000","data":{"date":"2025-09-04 18:27:20","eid":"E3305358020250904212720735a6aaf1","amount":200,"name":"BRUNO ORNELAS SOUSA","cpf":"***.867.816-**","bankname":"60746948","payBank":"P H R OLIVEIRA DR INVESTIMENTO LTDA","payCpf":"58.321.455\/0001-99","pixkey":"05986781660","account":"***.867.816-**","status":"done","order":"d6be3c1e-edd1-4c8e-b0a5-22a6821db584"}}

【2025-09-04 18:31:53】
P2025090418271921239995349----提交：{"reference":"P2025090418271921239995349"}

【2025-09-04 18:31:53】
P2025090418271921239995349----返回：{"msg":"P2025090418271921239995349","code":"000000","data":{"date":"2025-09-04 18:27:20","eid":"E3305358020250904212720735a6aaf1","amount":200,"name":"BRUNO ORNELAS SOUSA","cpf":"***.867.816-**","bankname":"60746948","payBank":"P H R OLIVEIRA DR INVESTIMENTO LTDA","payCpf":"58.321.455\/0001-99","pixkey":"05986781660","account":"***.867.816-**","status":"done","order":"d6be3c1e-edd1-4c8e-b0a5-22a6821db584"}}

【2025-09-04 18:36:53】
P2025090318175734277466398----提交：{"reference":"P2025090318175734277466398"}

【2025-09-04 18:36:54】
P2025090318175734277466398----返回：{"msg":"P2025090318175734277466398","code":"000000","data":{"date":"2025-09-03 18:21:04","eid":"E3305358020250903212104825682951","amount":3228,"name":"Maria Jéssica de Melo Santos","cpf":"***.242.144-**","bankname":"18236120","payBank":"P H R OLIVEIRA DR INVESTIMENTO LTDA","payCpf":"58.321.455\/0001-99","pixkey":"09124214442","account":"***.242.144-**","status":"done","order":"e938596e-f688-4c66-9990-d704b77a27f5"}}

【2025-09-04 18:36:55】
P2025090318175734277466398----提交：{"reference":"P2025090318175734277466398"}

【2025-09-04 18:36:55】
P2025090318175734277466398----返回：{"msg":"P2025090318175734277466398","code":"000000","data":{"date":"2025-09-03 18:21:04","eid":"E3305358020250903212104825682951","amount":3228,"name":"Maria Jéssica de Melo Santos","cpf":"***.242.144-**","bankname":"18236120","payBank":"P H R OLIVEIRA DR INVESTIMENTO LTDA","payCpf":"58.321.455\/0001-99","pixkey":"09124214442","account":"***.242.144-**","status":"done","order":"e938596e-f688-4c66-9990-d704b77a27f5"}}

