【2025-09-04 15:04:14】
P2025090413443804278192917----提交：{"reference":"P2025090413443804278192917"}

【2025-09-04 15:04:15】
P2025090413443804278192917----返回：{"msg":"P2025090413443804278192917","code":"000000","data":{"date":"2025-09-04 13:44:39","eid":"E3305358020250904164438946e6ef53","amount":301,"name":"VICTOR LUCAS DE OLIVEIRA SOUZA","cpf":"***.468.746-**","bankname":"60746948","payBank":"P H R OLIVEIRA DR INVESTIMENTO LTDA","payCpf":"58.321.455\/0001-99","pixkey":"19046874664","account":"***.468.746-**","status":"done","order":"3ee017b0-225d-443c-bfd8-2abb9d086823"}}

【2025-09-04 15:04:17】
P2025090413443804278192917----提交：{"reference":"P2025090413443804278192917"}

【2025-09-04 15:04:18】
P2025090413443804278192917----返回：{"msg":"P2025090413443804278192917","code":"000000","data":{"date":"2025-09-04 13:44:39","eid":"E3305358020250904164438946e6ef53","amount":301,"name":"VICTOR LUCAS DE OLIVEIRA SOUZA","cpf":"***.468.746-**","bankname":"60746948","payBank":"P H R OLIVEIRA DR INVESTIMENTO LTDA","payCpf":"58.321.455\/0001-99","pixkey":"19046874664","account":"***.468.746-**","status":"done","order":"3ee017b0-225d-443c-bfd8-2abb9d086823"}}

【2025-09-04 15:28:26】
P2025090322301649416192164----提交：{"reference":"P2025090322301649416192164"}

【2025-09-04 15:28:26】
P2025090322301649416192164----返回：{"msg":"P2025090322301649416192164","code":"000000","data":{"date":"2025-09-03 22:30:17","eid":"E3305358020250904013017654260aa7","amount":120.35,"name":"Aline Correa Leite","cpf":"***.408.748-**","bankname":"23862762","payBank":"P H R OLIVEIRA DR INVESTIMENTO LTDA","payCpf":"58.321.455\/0001-99","pixkey":"45340874893","account":"***.408.748-**","status":"done","order":"1d8baf2c-6c24-46e5-b1fc-54e598f077b3"}}

【2025-09-04 15:28:32】
P2025090322301649416192164----提交：{"reference":"P2025090322301649416192164"}

【2025-09-04 15:28:32】
P2025090322301649416192164----返回：{"msg":"P2025090322301649416192164","code":"000000","data":{"date":"2025-09-03 22:30:17","eid":"E3305358020250904013017654260aa7","amount":120.35,"name":"Aline Correa Leite","cpf":"***.408.748-**","bankname":"23862762","payBank":"P H R OLIVEIRA DR INVESTIMENTO LTDA","payCpf":"58.321.455\/0001-99","pixkey":"45340874893","account":"***.408.748-**","status":"done","order":"1d8baf2c-6c24-46e5-b1fc-54e598f077b3"}}

【2025-09-04 15:40:00】
P2025090415260510365907245----提交：{"reference":"P2025090415260510365907245"}

【2025-09-04 15:40:01】
P2025090415260510365907245----返回：{"msg":"P2025090415260510365907245","code":"000000","data":{"date":"2025-09-04 15:26:06","eid":"E3305358020250904182606218adf3d6","amount":300,"name":"ALENIR GOMES TRINDADE DE JESUS","cpf":"***.612.502-**","bankname":"00000000","payBank":"P H R OLIVEIRA DR INVESTIMENTO LTDA","payCpf":"58.321.455\/0001-99","pixkey":"62961250200","account":"***.612.502-**","status":"done","order":"0bc6c4ac-f226-4403-82c9-f146a9cbe966"}}

【2025-09-04 15:40:04】
P2025090415260510365907245----提交：{"reference":"P2025090415260510365907245"}

【2025-09-04 15:40:05】
P2025090415260510365907245----返回：{"msg":"P2025090415260510365907245","code":"000000","data":{"date":"2025-09-04 15:26:06","eid":"E3305358020250904182606218adf3d6","amount":300,"name":"ALENIR GOMES TRINDADE DE JESUS","cpf":"***.612.502-**","bankname":"00000000","payBank":"P H R OLIVEIRA DR INVESTIMENTO LTDA","payCpf":"58.321.455\/0001-99","pixkey":"62961250200","account":"***.612.502-**","status":"done","order":"0bc6c4ac-f226-4403-82c9-f146a9cbe966"}}

【2025-09-04 15:49:22】
P2025090415052609126978026----提交：{"reference":"P2025090415052609126978026"}

【2025-09-04 15:49:23】
P2025090415052609126978026----返回：{"msg":"P2025090415052609126978026","code":"000000","data":{"date":"2025-09-04 15:05:27","eid":"E3305358020250904180527298f94048","amount":2250,"name":"Ana Laura de Souza Fonseca","cpf":"***.067.848-**","bankname":"18236120","payBank":"P H R OLIVEIRA DR INVESTIMENTO LTDA","payCpf":"58.321.455\/0001-99","pixkey":"55706784841","account":"***.067.848-**","status":"done","order":"495d2af2-2d6a-456f-9f96-d090e6b55191"}}

【2025-09-04 15:50:08】
P2025090415052609126978026----提交：{"reference":"P2025090415052609126978026"}

【2025-09-04 15:50:08】
P2025090415052609126978026----返回：{"msg":"P2025090415052609126978026","code":"000000","data":{"date":"2025-09-04 15:05:27","eid":"E3305358020250904180527298f94048","amount":2250,"name":"Ana Laura de Souza Fonseca","cpf":"***.067.848-**","bankname":"18236120","payBank":"P H R OLIVEIRA DR INVESTIMENTO LTDA","payCpf":"58.321.455\/0001-99","pixkey":"55706784841","account":"***.067.848-**","status":"done","order":"495d2af2-2d6a-456f-9f96-d090e6b55191"}}

