【2025-09-04 11:13:02】
P2025090406381278692588544----提交：{"reference":"P2025090406381278692588544"}

【2025-09-04 11:13:02】
P2025090406381278692588544----返回：{"msg":"P2025090406381278692588544","code":"000000","data":{"date":"2025-09-04 06:38:13","eid":"E330535802025090409381348933d065","amount":20,"name":"Elen dos Santos de Souza","cpf":"***.164.482-**","bankname":"08561701","payBank":"P H R OLIVEIRA DR INVESTIMENTO LTDA","payCpf":"58.321.455\/0001-99","pixkey":"87116448268","account":"***.164.482-**","status":"done","order":"d35d99d6-4c30-468b-b570-61d0a5e0a71d"}}

【2025-09-04 11:14:10】
P2025090406381278692588544----提交：{"reference":"P2025090406381278692588544"}

【2025-09-04 11:14:11】
P2025090406381278692588544----返回：{"msg":"P2025090406381278692588544","code":"000000","data":{"date":"2025-09-04 06:38:13","eid":"E330535802025090409381348933d065","amount":20,"name":"Elen dos Santos de Souza","cpf":"***.164.482-**","bankname":"08561701","payBank":"P H R OLIVEIRA DR INVESTIMENTO LTDA","payCpf":"58.321.455\/0001-99","pixkey":"87116448268","account":"***.164.482-**","status":"done","order":"d35d99d6-4c30-468b-b570-61d0a5e0a71d"}}

【2025-09-04 11:24:33】
P2025090411162795387681996----提交：{"reference":"P2025090411162795387681996"}

【2025-09-04 11:24:34】
P2025090411162795387681996----返回：{"msg":"P2025090411162795387681996","code":"000000","data":{"date":"2025-09-04 11:16:28","eid":"E33053580202509041416284120fd067","amount":350,"name":"Natália dos Santos Assunção","cpf":"***.685.335-**","bankname":"18236120","payBank":"P H R OLIVEIRA DR INVESTIMENTO LTDA","payCpf":"58.321.455\/0001-99","pixkey":"03968533585","account":"***.685.335-**","status":"done","order":"5387146a-537f-46f9-8d17-fc78c98d7eb8"}}

【2025-09-04 11:24:36】
P2025090411162795387681996----提交：{"reference":"P2025090411162795387681996"}

【2025-09-04 11:24:37】
P2025090411162795387681996----返回：{"msg":"P2025090411162795387681996","code":"000000","data":{"date":"2025-09-04 11:16:28","eid":"E33053580202509041416284120fd067","amount":350,"name":"Natália dos Santos Assunção","cpf":"***.685.335-**","bankname":"18236120","payBank":"P H R OLIVEIRA DR INVESTIMENTO LTDA","payCpf":"58.321.455\/0001-99","pixkey":"03968533585","account":"***.685.335-**","status":"done","order":"5387146a-537f-46f9-8d17-fc78c98d7eb8"}}

【2025-09-04 11:44:47】
P2025090411441597055984943----提交：{"reference":"P2025090411441597055984943"}

【2025-09-04 11:44:47】
P2025090411441597055984943----返回：{"msg":"P2025090411441597055984943","code":"000000","data":{"date":"2025-09-04 11:44:15","eid":"E33053580202509041444158955a32dd","amount":500,"name":"CYNTHIA DO CEU","cpf":"***.593.950-**","bankname":"24654881","payBank":"P H R OLIVEIRA DR INVESTIMENTO LTDA","payCpf":"58.321.455\/0001-99","pixkey":"63991263272","account":"***.593.950-**","status":"done","order":"6dd742b8-ca5f-4dca-857a-a12152953e7f"}}

【2025-09-04 11:44:49】
P2025090411441597055984943----提交：{"reference":"P2025090411441597055984943"}

【2025-09-04 11:44:50】
P2025090411441597055984943----返回：{"msg":"P2025090411441597055984943","code":"000000","data":{"date":"2025-09-04 11:44:15","eid":"E33053580202509041444158955a32dd","amount":500,"name":"CYNTHIA DO CEU","cpf":"***.593.950-**","bankname":"24654881","payBank":"P H R OLIVEIRA DR INVESTIMENTO LTDA","payCpf":"58.321.455\/0001-99","pixkey":"63991263272","account":"***.593.950-**","status":"done","order":"6dd742b8-ca5f-4dca-857a-a12152953e7f"}}

【2025-09-04 11:56:58】
P2025090400184155921459431----提交：{"reference":"P2025090400184155921459431"}

【2025-09-04 11:56:58】
P2025090400184155921459431----返回：{"msg":"P2025090400184155921459431","code":"000000","data":{"date":"2025-09-04 00:18:42","eid":"E3305358020250904031842574f28935","amount":20,"name":"Josefa Maria da siuva ","cpf":"***.691.994-**","bankname":"30723871","payBank":"P H R OLIVEIRA DR INVESTIMENTO LTDA","payCpf":"58.321.455\/0001-99","pixkey":"03569199436","account":"***.691.994-**","status":"done","order":"a104cfbb-2032-42b4-adcf-b38a1fbdd7bb"}}

【2025-09-04 11:57:01】
P2025090400184155921459431----提交：{"reference":"P2025090400184155921459431"}

【2025-09-04 11:57:01】
P2025090400184155921459431----返回：{"msg":"P2025090400184155921459431","code":"000000","data":{"date":"2025-09-04 00:18:42","eid":"E3305358020250904031842574f28935","amount":20,"name":"Josefa Maria da siuva ","cpf":"***.691.994-**","bankname":"30723871","payBank":"P H R OLIVEIRA DR INVESTIMENTO LTDA","payCpf":"58.321.455\/0001-99","pixkey":"03569199436","account":"***.691.994-**","status":"done","order":"a104cfbb-2032-42b4-adcf-b38a1fbdd7bb"}}

