【2025-09-04 22:03:46】
P2025090409275788877988759----提交：{"reference":"P2025090409275788877988759"}

【2025-09-04 22:03:47】
P2025090409275788877988759----返回：{"msg":"P2025090409275788877988759","code":"000000","data":{"date":"2025-09-04 09:27:58","eid":"E330535802025090412275879626ca0a","amount":400,"name":"ESTEFFANY LAYANE GOMES ARAUJO","cpf":"***.365.236-**","bankname":"60701190","payBank":"P H R OLIVEIRA DR INVESTIMENTO LTDA","payCpf":"58.321.455\/0001-99","pixkey":"16136523647","account":"***.365.236-**","status":"done","order":"294e1ab6-7ee8-4882-bc3d-7bec61f42bb0"}}

【2025-09-04 22:10:34】
P2025090422101834618029563----提交：{"reference":"P2025090422101834618029563"}

【2025-09-04 22:10:35】
P2025090422101834618029563----返回：{"msg":"P2025090422101834618029563","code":"000000","data":{"date":"2025-09-04 22:10:19","eid":"E3305358020250905011019187efbe17","amount":250,"name":"Victor Davi Camargo Giovani","cpf":"***.535.778-**","bankname":"18236120","payBank":"P H R OLIVEIRA DR INVESTIMENTO LTDA","payCpf":"58.321.455\/0001-99","pixkey":"12992258626","account":"***.535.778-**","status":"done","order":"3c5492a2-342b-49c7-90d2-c015d831da71"}}

【2025-09-04 22:10:36】
P2025090422101834618029563----提交：{"reference":"P2025090422101834618029563"}

【2025-09-04 22:10:36】
P2025090422101834618029563----返回：{"msg":"P2025090422101834618029563","code":"000000","data":{"date":"2025-09-04 22:10:19","eid":"E3305358020250905011019187efbe17","amount":250,"name":"Victor Davi Camargo Giovani","cpf":"***.535.778-**","bankname":"18236120","payBank":"P H R OLIVEIRA DR INVESTIMENTO LTDA","payCpf":"58.321.455\/0001-99","pixkey":"12992258626","account":"***.535.778-**","status":"done","order":"3c5492a2-342b-49c7-90d2-c015d831da71"}}

【2025-09-04 22:18:31】
P2025090422180135081668765----提交：{"reference":"P2025090422180135081668765"}

【2025-09-04 22:18:31】
P2025090422180135081668765----返回：{"msg":"P2025090422180135081668765","code":"000000","data":{"date":"2025-09-04 22:18:02","eid":"E33053580202509050118028754e25b7","amount":750,"name":"GREICE SOARES PEIXOTO","cpf":"***.163.331-**","bankname":"22896431","payBank":"P H R OLIVEIRA DR INVESTIMENTO LTDA","payCpf":"58.321.455\/0001-99","pixkey":"01016333196","account":"***.163.331-**","status":"done","order":"09a931f7-1c52-4e6a-bfdc-ab2f3a6248e8"}}

【2025-09-04 22:18:33】
P2025090422180135081668765----提交：{"reference":"P2025090422180135081668765"}

【2025-09-04 22:18:33】
P2025090422180135081668765----返回：{"msg":"P2025090422180135081668765","code":"000000","data":{"date":"2025-09-04 22:18:02","eid":"E33053580202509050118028754e25b7","amount":750,"name":"GREICE SOARES PEIXOTO","cpf":"***.163.331-**","bankname":"22896431","payBank":"P H R OLIVEIRA DR INVESTIMENTO LTDA","payCpf":"58.321.455\/0001-99","pixkey":"01016333196","account":"***.163.331-**","status":"done","order":"09a931f7-1c52-4e6a-bfdc-ab2f3a6248e8"}}

