【2025-09-04 06:10:34】
P2025090406101277012288254----提交：{"reference":"P2025090406101277012288254"}

【2025-09-04 06:10:35】
P2025090406101277012288254----返回：{"msg":"P2025090406101277012288254","code":"000000","data":{"date":"2025-09-04 06:10:12","eid":"E3305358020250904091012933e99ba0","amount":30,"name":"FRANCIS RENATA ABDO CAZANGI","cpf":"***.686.259-**","bankname":"60701190","payBank":"P H R OLIVEIRA DR INVESTIMENTO LTDA","payCpf":"58.321.455\/0001-99","pixkey":"01968625909","account":"***.686.259-**","status":"done","order":"11491c75-45da-49e1-8357-bd5d67e44d53"}}

【2025-09-04 06:12:55】
P2025090406101277012288254----提交：{"reference":"P2025090406101277012288254"}

【2025-09-04 06:12:55】
P2025090406101277012288254----返回：{"msg":"P2025090406101277012288254","code":"000000","data":{"date":"2025-09-04 06:10:12","eid":"E3305358020250904091012933e99ba0","amount":30,"name":"FRANCIS RENATA ABDO CAZANGI","cpf":"***.686.259-**","bankname":"60701190","payBank":"P H R OLIVEIRA DR INVESTIMENTO LTDA","payCpf":"58.321.455\/0001-99","pixkey":"01968625909","account":"***.686.259-**","status":"done","order":"11491c75-45da-49e1-8357-bd5d67e44d53"}}

【2025-09-04 06:13:39】
P2025090406101277012182098----提交：{"reference":"P2025090406101277012182098"}

【2025-09-04 06:13:40】
P2025090406101277012182098----返回：{"msg":"P2025090406101277012182098","code":"000000","data":{"date":"2025-09-04 06:10:13","eid":"E3305358020250904091012954b279b4","amount":57,"name":"Elias Clementino Jose Da Silva","cpf":"***.357.174-**","bankname":"22896431","payBank":"P H R OLIVEIRA DR INVESTIMENTO LTDA","payCpf":"58.321.455\/0001-99","pixkey":"83993145217","account":"***.357.174-**","status":"done","order":"b98ed8db-7a50-44a0-b344-660e48f922a4"}}

【2025-09-04 06:46:29】
P2025090307264495204503835----提交：{"reference":"P2025090307264495204503835"}

【2025-09-04 06:46:29】
P2025090307264495204503835----返回：{"msg":"P2025090307264495204503835","code":"000000","data":{"date":"2025-09-03 07:26:45","eid":"E3305358020250903102645225a2890f","amount":90,"name":"RONEI PONTES DE JESUS","cpf":"***.447.679-**","bankname":"22896431","payBank":"P H R OLIVEIRA DR INVESTIMENTO LTDA","payCpf":"58.321.455\/0001-99","pixkey":"41997085153","account":"***.447.679-**","status":"done","order":"51d80a6f-c0a0-4dce-816b-e4cab6e20342"}}

【2025-09-04 06:46:31】
P2025090307264495204503835----提交：{"reference":"P2025090307264495204503835"}

【2025-09-04 06:46:31】
P2025090307264495204503835----返回：{"msg":"P2025090307264495204503835","code":"000000","data":{"date":"2025-09-03 07:26:45","eid":"E3305358020250903102645225a2890f","amount":90,"name":"RONEI PONTES DE JESUS","cpf":"***.447.679-**","bankname":"22896431","payBank":"P H R OLIVEIRA DR INVESTIMENTO LTDA","payCpf":"58.321.455\/0001-99","pixkey":"41997085153","account":"***.447.679-**","status":"done","order":"51d80a6f-c0a0-4dce-816b-e4cab6e20342"}}

