【2025-09-04 08:01:53】
P2025090323432653806101514----提交：{"reference":"P2025090323432653806101514"}

【2025-09-04 08:01:54】
P2025090323432653806101514----返回：{"msg":"P2025090323432653806101514","code":"000000","data":{"date":"2025-09-03 23:43:27","eid":"E33053580202509040243277557a5c3d","amount":100,"name":"GECIOMAR STINGELIN DE LIMA","cpf":"***.605.119-**","bankname":"00000000","payBank":"P H R OLIVEIRA DR INVESTIMENTO LTDA","payCpf":"58.321.455\/0001-99","pixkey":"00060511974","account":"***.605.119-**","status":"done","order":"5388b74a-2fc2-4ccc-aad0-defe0344e525"}}

【2025-09-04 08:01:57】
P2025090323432653806101514----提交：{"reference":"P2025090323432653806101514"}

【2025-09-04 08:01:58】
P2025090323432653806101514----返回：{"msg":"P2025090323432653806101514","code":"000000","data":{"date":"2025-09-03 23:43:27","eid":"E33053580202509040243277557a5c3d","amount":100,"name":"GECIOMAR STINGELIN DE LIMA","cpf":"***.605.119-**","bankname":"00000000","payBank":"P H R OLIVEIRA DR INVESTIMENTO LTDA","payCpf":"58.321.455\/0001-99","pixkey":"00060511974","account":"***.605.119-**","status":"done","order":"5388b74a-2fc2-4ccc-aad0-defe0344e525"}}

【2025-09-04 08:15:11】
P2025090407582783507566387----提交：{"reference":"P2025090407582783507566387"}

【2025-09-04 08:15:12】
P2025090407582783507566387----返回：{"msg":"P2025090407582783507566387","code":"000000","data":{"date":"2025-09-04 07:58:28","eid":"E3305358020250904105828860b98f30","amount":30,"name":"TOMAZ DOS SANTOS MENDES","cpf":"***.046.012-**","bankname":"00416968","payBank":"P H R OLIVEIRA DR INVESTIMENTO LTDA","payCpf":"58.321.455\/0001-99","pixkey":"06804601289","account":"***.046.012-**","status":"done","order":"29056d29-8660-4d5e-aacc-a073b1140676"}}

【2025-09-04 08:15:14】
P2025090407582783507566387----提交：{"reference":"P2025090407582783507566387"}

【2025-09-04 08:15:15】
P2025090407582783507566387----返回：{"msg":"P2025090407582783507566387","code":"000000","data":{"date":"2025-09-04 07:58:28","eid":"E3305358020250904105828860b98f30","amount":30,"name":"TOMAZ DOS SANTOS MENDES","cpf":"***.046.012-**","bankname":"00416968","payBank":"P H R OLIVEIRA DR INVESTIMENTO LTDA","payCpf":"58.321.455\/0001-99","pixkey":"06804601289","account":"***.046.012-**","status":"done","order":"29056d29-8660-4d5e-aacc-a073b1140676"}}

【2025-09-04 08:20:41】
P2025090322270949229869262----提交：{"reference":"P2025090322270949229869262"}

【2025-09-04 08:20:41】
P2025090322270949229869262----返回：{"msg":"P2025090322270949229869262","code":"000000","data":{"date":"2025-09-03 22:27:10","eid":"E330535802025090401271020920247b","amount":20,"name":"Jhordan Cesar Dos Santos Manuel","cpf":"***.772.098-**","bankname":"10573521","payBank":"P H R OLIVEIRA DR INVESTIMENTO LTDA","payCpf":"58.321.455\/0001-99","pixkey":"46577209880","account":"***.772.098-**","status":"done","order":"2d3de51a-133a-47ad-95dc-fd4981bd10d7"}}

【2025-09-04 08:20:44】
P2025090322270949229869262----提交：{"reference":"P2025090322270949229869262"}

【2025-09-04 08:20:45】
P2025090322270949229869262----返回：{"msg":"P2025090322270949229869262","code":"000000","data":{"date":"2025-09-03 22:27:10","eid":"E330535802025090401271020920247b","amount":20,"name":"Jhordan Cesar Dos Santos Manuel","cpf":"***.772.098-**","bankname":"10573521","payBank":"P H R OLIVEIRA DR INVESTIMENTO LTDA","payCpf":"58.321.455\/0001-99","pixkey":"46577209880","account":"***.772.098-**","status":"done","order":"2d3de51a-133a-47ad-95dc-fd4981bd10d7"}}

