【2025-09-04 18:05:16】
P2025090418035719837556906----提交：{"custId":"24120300001308","appId":"8241201350","order":"P2025090418035719837556906","sign":"C747FCBF2FB21EE489B0F5070A3AFABB"}

【2025-09-04 18:05:16】
P2025090418035719837556906----返回：{"code":"000000","msg":"P2025090418035719837556906","data":{"date":"2025-09-04 18:05:04","eid":"E45756448202509042105nypu3j916kO","amount":"30","name":"Jady Nascimento Paulino","cpf":"52608696805","bankname":"null","payBank":"","payCpf":"","pixkey":"52608696805","account":"726595978","status":"done","order":"A20250904180502113656yUzSJHuEL"},"sign":"EE24177B76650351B8B6EBD9C275E36A"}

【2025-09-04 18:09:41】
P2025090418064220002141816----提交：{"custId":"24120300001308","appId":"8241201350","order":"P2025090418064220002141816","sign":"80059EF549164C47457F489B58FA7831"}

【2025-09-04 18:09:41】
P2025090418064220002141816----返回：{"code":"000000","msg":"P2025090418064220002141816","data":{"date":"2025-09-04 18:06:45","eid":"E45756448202509042106RhTEmZM6VUW","amount":"150.02","name":"Cassiane Maria França de Lima","cpf":"15355809413","bankname":"null","payBank":"","payCpf":"","pixkey":"15355809413","account":"470081478","status":"done","order":"A20250904180643315204Hl1uX2M5N"},"sign":"DA33A8BFEEE18C110AADCE3761BAE5BD"}

【2025-09-04 18:09:43】
P2025090418064220002141816----提交：{"custId":"24120300001308","appId":"8241201350","order":"P2025090418064220002141816","sign":"80059EF549164C47457F489B58FA7831"}

【2025-09-04 18:09:43】
P2025090418064220002141816----返回：{"code":"000000","msg":"P2025090418064220002141816","data":{"date":"2025-09-04 18:06:45","eid":"E45756448202509042106RhTEmZM6VUW","amount":"150.02","name":"Cassiane Maria França de Lima","cpf":"15355809413","bankname":"null","payBank":"","payCpf":"","pixkey":"15355809413","account":"470081478","status":"done","order":"A20250904180643315204Hl1uX2M5N"},"sign":"DA33A8BFEEE18C110AADCE3761BAE5BD"}

【2025-09-04 18:17:48】
P2025090417042616266481743----提交：{"custId":"24120300001308","appId":"8241201350","order":"P2025090417042616266481743","sign":"FB63F760EA04E64F5884EC698A4D95E5"}

【2025-09-04 18:17:49】
P2025090417042616266481743----返回：{"code":"000000","msg":"P2025090417042616266481743","data":{"date":"2025-09-04 17:06:05","eid":"E45756448202509042006ezObj98pWUu","amount":"5701","name":"Aline Cristina Souza Berredo","cpf":"2168595224","bankname":"null","payBank":"","payCpf":"","pixkey":"jedihax289@skateru.com","account":"577632162","status":"done","order":"A20250904170601521030j4RXXC68u"},"sign":"DEC4D86240DB733AFB95CAD9A7EC4840"}

【2025-09-04 18:19:34】
P2025090417042616266481743----提交：{"custId":"24120300001308","appId":"8241201350","order":"P2025090417042616266481743","sign":"FB63F760EA04E64F5884EC698A4D95E5"}

【2025-09-04 18:19:34】
P2025090417042616266481743----返回：{"code":"000000","msg":"P2025090417042616266481743","data":{"date":"2025-09-04 17:06:05","eid":"E45756448202509042006ezObj98pWUu","amount":"5701","name":"Aline Cristina Souza Berredo","cpf":"2168595224","bankname":"null","payBank":"","payCpf":"","pixkey":"jedihax289@skateru.com","account":"577632162","status":"done","order":"A20250904170601521030j4RXXC68u"},"sign":"DEC4D86240DB733AFB95CAD9A7EC4840"}

【2025-09-04 18:24:00】
P2025090417042616266481743----提交：{"custId":"24120300001308","appId":"8241201350","order":"P2025090417042616266481743","sign":"FB63F760EA04E64F5884EC698A4D95E5"}

【2025-09-04 18:24:00】
P2025090417042616266481743----返回：{"code":"000000","msg":"P2025090417042616266481743","data":{"date":"2025-09-04 17:06:05","eid":"E45756448202509042006ezObj98pWUu","amount":"5701","name":"Aline Cristina Souza Berredo","cpf":"2168595224","bankname":"null","payBank":"","payCpf":"","pixkey":"jedihax289@skateru.com","account":"577632162","status":"done","order":"A20250904170601521030j4RXXC68u"},"sign":"DEC4D86240DB733AFB95CAD9A7EC4840"}

【2025-09-04 18:24:01】
P2025090417042616266481743----提交：{"custId":"24120300001308","appId":"8241201350","order":"P2025090417042616266481743","sign":"FB63F760EA04E64F5884EC698A4D95E5"}

【2025-09-04 18:24:01】
P2025090417042616266481743----返回：{"code":"000000","msg":"P2025090417042616266481743","data":{"date":"2025-09-04 17:06:05","eid":"E45756448202509042006ezObj98pWUu","amount":"5701","name":"Aline Cristina Souza Berredo","cpf":"2168595224","bankname":"null","payBank":"","payCpf":"","pixkey":"jedihax289@skateru.com","account":"577632162","status":"done","order":"A20250904170601521030j4RXXC68u"},"sign":"DEC4D86240DB733AFB95CAD9A7EC4840"}

