【2025-09-04 17:17:30】
P2025090417042616266481743----提交：{"custId":"24120300001308","appId":"8241201350","order":"P2025090417042616266481743","sign":"FB63F760EA04E64F5884EC698A4D95E5"}

【2025-09-04 17:17:30】
P2025090417042616266481743----返回：{"code":"000000","msg":"P2025090417042616266481743","data":{"date":"2025-09-04 17:06:05","eid":"E45756448202509042006ezObj98pWUu","amount":"5701","name":"Aline Cristina Souza Berredo","cpf":"2168595224","bankname":"null","payBank":"","payCpf":"","pixkey":"jedihax289@skateru.com","account":"577632162","status":"done","order":"A20250904170601521030j4RXXC68u"},"sign":"DEC4D86240DB733AFB95CAD9A7EC4840"}

【2025-09-04 17:36:18】
P2025090417353418134262487----提交：{"custId":"24120300001308","appId":"8241201350","order":"P2025090417353418134262487","sign":"7BF5AA9A39E879B2EAFE86CEE037B0BB"}

【2025-09-04 17:36:18】
P2025090417353418134262487----返回：{"code":"000000","msg":"P2025090417353418134262487","data":{"date":"2025-09-04 17:35:37","eid":"E3571349120250904203534376d8f457","amount":"50","name":"MARCOS TRIBUTINO DOS SANTOS","cpf":"00772686440","bankname":"NOVABET OFICIAL","payBank":"","payCpf":"","pixkey":"00772686440","account":"00416968","status":"done","order":"A20250904173534727317fzLVSCn21"},"sign":"E99B815589963AA2F5180E74C59C6095"}

【2025-09-04 17:36:19】
P2025090417353418134262487----提交：{"custId":"24120300001308","appId":"8241201350","order":"P2025090417353418134262487","sign":"7BF5AA9A39E879B2EAFE86CEE037B0BB"}

【2025-09-04 17:36:19】
P2025090417353418134262487----返回：{"code":"000000","msg":"P2025090417353418134262487","data":{"date":"2025-09-04 17:35:37","eid":"E3571349120250904203534376d8f457","amount":"50","name":"MARCOS TRIBUTINO DOS SANTOS","cpf":"00772686440","bankname":"NOVABET OFICIAL","payBank":"","payCpf":"","pixkey":"00772686440","account":"00416968","status":"done","order":"A20250904173534727317fzLVSCn21"},"sign":"E99B815589963AA2F5180E74C59C6095"}

【2025-09-04 17:54:40】
P2025090417434618626546784----提交：{"custId":"24120300001308","appId":"8241201350","order":"P2025090417434618626546784","sign":"BE31982D109C531D48FB44FAC0D1BFB7"}

【2025-09-04 17:54:40】
P2025090417434618626546784----返回：{"code":"000000","msg":"P2025090417434618626546784","data":{"date":"2025-09-04 17:43:48","eid":"E35713491202509042043466176ef15f","amount":"30","name":"KATIA DE FARIA NOGUEIRA","cpf":"00683445707","bankname":"NOVABET OFICIAL","payBank":"","payCpf":"","pixkey":"00683445707","account":"90400888","status":"done","order":"A20250904174346368356hR7uGgd4h"},"sign":"67E6CE3F2E8D1F9724DFC434D62BE8D5"}

【2025-09-04 17:54:43】
P2025090417434618626546784----提交：{"custId":"24120300001308","appId":"8241201350","order":"P2025090417434618626546784","sign":"BE31982D109C531D48FB44FAC0D1BFB7"}

【2025-09-04 17:54:43】
P2025090417434618626546784----返回：{"code":"000000","msg":"P2025090417434618626546784","data":{"date":"2025-09-04 17:43:48","eid":"E35713491202509042043466176ef15f","amount":"30","name":"KATIA DE FARIA NOGUEIRA","cpf":"00683445707","bankname":"NOVABET OFICIAL","payBank":"","payCpf":"","pixkey":"00683445707","account":"90400888","status":"done","order":"A20250904174346368356hR7uGgd4h"},"sign":"67E6CE3F2E8D1F9724DFC434D62BE8D5"}

