【2025-08-22 01:12:01】
P2025082201054835548134852----提交：{"reference":"P2025082201054835548134852"}

【2025-08-22 01:12:02】
P2025082201054835548134852----返回：{"msg":"P2025082201054835548134852","code":"000000","data":{"date":"2025-08-22 01:05:49","eid":"E3305358020250822040549148d2356f","amount":19.72,"name":"Luiz Felipe Soares Silva","cpf":"***.207.136-**","bankname":"18236120","payBank":"P H R OLIVEIRA DR INVESTIMENTO LTDA","payCpf":"58.321.455\/0001-99","pixkey":"15220713698","account":"***.207.136-**","status":"done","order":"a15babb7-ff47-4f06-a370-1f49b042e10f"}}

【2025-08-22 01:12:03】
P2025082201054835548134852----提交：{"reference":"P2025082201054835548134852"}

【2025-08-22 01:12:04】
P2025082201054835548134852----返回：{"msg":"P2025082201054835548134852","code":"000000","data":{"date":"2025-08-22 01:05:49","eid":"E3305358020250822040549148d2356f","amount":19.72,"name":"Luiz Felipe Soares Silva","cpf":"***.207.136-**","bankname":"18236120","payBank":"P H R OLIVEIRA DR INVESTIMENTO LTDA","payCpf":"58.321.455\/0001-99","pixkey":"15220713698","account":"***.207.136-**","status":"done","order":"a15babb7-ff47-4f06-a370-1f49b042e10f"}}

【2025-08-22 01:14:04】
P2025082200534634826465512----提交：{"reference":"P2025082200534634826465512"}

【2025-08-22 01:14:04】
P2025082200534634826465512----返回：{"msg":"P2025082200534634826465512","code":"000000","data":{"date":"2025-08-22 00:53:47","eid":"E33053580202508220353474501ea667","amount":50,"name":"Geovane dos Santos Silva","cpf":"***.966.875-**","bankname":"18236120","payBank":"P H R OLIVEIRA DR INVESTIMENTO LTDA","payCpf":"58.321.455\/0001-99","pixkey":"86996687594","account":"***.966.875-**","status":"done","order":"efcdb10b-931b-41b9-8aa1-557b6899f1ea"}}

【2025-08-22 01:14:07】
P2025082200534634826465512----提交：{"reference":"P2025082200534634826465512"}

【2025-08-22 01:14:07】
P2025082200534634826465512----返回：{"msg":"P2025082200534634826465512","code":"000000","data":{"date":"2025-08-22 00:53:47","eid":"E33053580202508220353474501ea667","amount":50,"name":"Geovane dos Santos Silva","cpf":"***.966.875-**","bankname":"18236120","payBank":"P H R OLIVEIRA DR INVESTIMENTO LTDA","payCpf":"58.321.455\/0001-99","pixkey":"86996687594","account":"***.966.875-**","status":"done","order":"efcdb10b-931b-41b9-8aa1-557b6899f1ea"}}

【2025-08-22 01:18:16】
P2025082200211232872096858----提交：{"reference":"P2025082200211232872096858"}

【2025-08-22 01:18:16】
P2025082200211232872096858----返回：{"msg":"P2025082200211232872096858","code":"000000","data":{"date":"2025-08-22 00:21:13","eid":"E33053580202508220321131995c0885","amount":60,"name":"Daianni Ribeiro do Carmo","cpf":"***.005.671-**","bankname":"18236120","payBank":"P H R OLIVEIRA DR INVESTIMENTO LTDA","payCpf":"58.321.455\/0001-99","pixkey":"71000567133","account":"***.005.671-**","status":"done","order":"3ab19168-4820-4046-bf3d-c7855ba1854e"}}

【2025-08-22 01:18:19】
P2025082200211232872096858----提交：{"reference":"P2025082200211232872096858"}

【2025-08-22 01:18:19】
P2025082200211232872096858----返回：{"msg":"P2025082200211232872096858","code":"000000","data":{"date":"2025-08-22 00:21:13","eid":"E33053580202508220321131995c0885","amount":60,"name":"Daianni Ribeiro do Carmo","cpf":"***.005.671-**","bankname":"18236120","payBank":"P H R OLIVEIRA DR INVESTIMENTO LTDA","payCpf":"58.321.455\/0001-99","pixkey":"71000567133","account":"***.005.671-**","status":"done","order":"3ab19168-4820-4046-bf3d-c7855ba1854e"}}

【2025-08-22 01:19:05】
P2025082200211232872096858----提交：{"reference":"P2025082200211232872096858"}

【2025-08-22 01:19:05】
P2025082200211232872096858----返回：{"msg":"P2025082200211232872096858","code":"000000","data":{"date":"2025-08-22 00:21:13","eid":"E33053580202508220321131995c0885","amount":60,"name":"Daianni Ribeiro do Carmo","cpf":"***.005.671-**","bankname":"18236120","payBank":"P H R OLIVEIRA DR INVESTIMENTO LTDA","payCpf":"58.321.455\/0001-99","pixkey":"71000567133","account":"***.005.671-**","status":"done","order":"3ab19168-4820-4046-bf3d-c7855ba1854e"}}

