【2025-08-22 07:08:33】
P2025082206422855748175883----提交：{"reference":"P2025082206422855748175883"}

【2025-08-22 07:08:34】
P2025082206422855748175883----返回：{"msg":"P2025082206422855748175883","code":"000000","data":{"date":"2025-08-22 06:42:29","eid":"E330535802025082209422910685c24d","amount":50,"name":"Francisco Das Chagas Sousa Ferreira","cpf":"***.865.273-**","bankname":"22896431","payBank":"P H R OLIVEIRA DR INVESTIMENTO LTDA","payCpf":"58.321.455\/0001-99","pixkey":"06186527360","account":"***.865.273-**","status":"done","order":"98db994d-ecca-42d3-b35d-dc4a45e71301"}}

【2025-08-22 07:21:48】
P2025082207212158081206945----提交：{"reference":"P2025082207212158081206945"}

【2025-08-22 07:21:48】
P2025082207212158081206945----返回：{"msg":"P2025082207212158081206945","code":"000000","data":{"date":"2025-08-22 07:21:22","eid":"E330535802025082210212202578bf68","amount":40.18,"name":"EDILBER LUIZ OLIVEIRA","cpf":"***.845.916-**","bankname":"00360305","payBank":"P H R OLIVEIRA DR INVESTIMENTO LTDA","payCpf":"58.321.455\/0001-99","pixkey":"09984591603","account":"***.845.916-**","status":"done","order":"7d34310d-2253-4fd9-8278-97c8a10394f0"}}

【2025-08-22 07:21:53】
P2025082207212158081206945----提交：{"reference":"P2025082207212158081206945"}

【2025-08-22 07:21:53】
P2025082207212158081206945----返回：{"msg":"P2025082207212158081206945","code":"000000","data":{"date":"2025-08-22 07:21:22","eid":"E330535802025082210212202578bf68","amount":40.18,"name":"EDILBER LUIZ OLIVEIRA","cpf":"***.845.916-**","bankname":"00360305","payBank":"P H R OLIVEIRA DR INVESTIMENTO LTDA","payCpf":"58.321.455\/0001-99","pixkey":"09984591603","account":"***.845.916-**","status":"done","order":"7d34310d-2253-4fd9-8278-97c8a10394f0"}}

【2025-08-22 07:26:27】
P2025082207191257952502188----提交：{"reference":"P2025082207191257952502188"}

【2025-08-22 07:26:27】
P2025082207191257952502188----返回：{"msg":"P2025082207191257952502188","code":"000000","data":{"date":"2025-08-22 07:19:13","eid":"E33053580202508221019137099d3960","amount":236.05,"name":"Ana Cláudia da Silva Mendes","cpf":"***.636.766-**","bankname":"08561701","payBank":"P H R OLIVEIRA DR INVESTIMENTO LTDA","payCpf":"58.321.455\/0001-99","pixkey":"32984790781","account":"***.636.766-**","status":"done","order":"18d17da0-57dc-40dc-9ce7-a88688b4fe90"}}

【2025-08-22 07:26:29】
P2025082207191257952502188----提交：{"reference":"P2025082207191257952502188"}

【2025-08-22 07:26:29】
P2025082207191257952502188----返回：{"msg":"P2025082207191257952502188","code":"000000","data":{"date":"2025-08-22 07:19:13","eid":"E33053580202508221019137099d3960","amount":236.05,"name":"Ana Cláudia da Silva Mendes","cpf":"***.636.766-**","bankname":"08561701","payBank":"P H R OLIVEIRA DR INVESTIMENTO LTDA","payCpf":"58.321.455\/0001-99","pixkey":"32984790781","account":"***.636.766-**","status":"done","order":"18d17da0-57dc-40dc-9ce7-a88688b4fe90"}}

【2025-08-22 07:38:14】
P2025082111250186301573410----提交：{"reference":"P2025082111250186301573410"}

【2025-08-22 07:38:14】
P2025082111250186301573410----返回：{"msg":"P2025082111250186301573410","code":"000000","data":{"date":"2025-08-21 11:25:02","eid":"E330535802025082114250213904d80d","amount":100,"name":"JOAO VINICIOS MAGNANI","cpf":"***.310.048-**","bankname":"60746948","payBank":"P H R OLIVEIRA DR INVESTIMENTO LTDA","payCpf":"58.321.455\/0001-99","pixkey":"17997276454","account":"***.310.048-**","status":"done","order":"dd5a910d-6622-4f4e-bbd8-cc37490100dd"}}

【2025-08-22 07:46:55】
P2025082207002656826651370----提交：{"reference":"P2025082207002656826651370"}

【2025-08-22 07:46:56】
P2025082207002656826651370----返回：{"msg":"P2025082207002656826651370","code":"000000","data":{"date":"2025-08-22 07:00:27","eid":"E3305358020250822100027580fdca77","amount":51.89,"name":"EMERSON DOS SANTOS PEREIRA","cpf":"***.055.969-**","bankname":"59285411","payBank":"P H R OLIVEIRA DR INVESTIMENTO LTDA","payCpf":"58.321.455\/0001-99","pixkey":"06205596911","account":"***.055.969-**","status":"done","order":"fbe8b573-7ed7-4435-a053-6a98b092428e"}}

【2025-08-22 07:46:57】
P2025082207002656826651370----提交：{"reference":"P2025082207002656826651370"}

【2025-08-22 07:46:58】
P2025082207002656826651370----返回：{"msg":"P2025082207002656826651370","code":"000000","data":{"date":"2025-08-22 07:00:27","eid":"E3305358020250822100027580fdca77","amount":51.89,"name":"EMERSON DOS SANTOS PEREIRA","cpf":"***.055.969-**","bankname":"59285411","payBank":"P H R OLIVEIRA DR INVESTIMENTO LTDA","payCpf":"58.321.455\/0001-99","pixkey":"06205596911","account":"***.055.969-**","status":"done","order":"fbe8b573-7ed7-4435-a053-6a98b092428e"}}

