【2025-08-22 23:10:36】
P2025082222554214142556476----提交：{"reference":"P2025082222554214142556476"}

【2025-08-22 23:10:36】
P2025082222554214142556476----返回：{"msg":"P2025082222554214142556476","code":"000000","data":{"date":"2025-08-22 22:55:43","eid":"E3305358020250823015543366d816f3","amount":10,"name":"MARCOS DANIEL CASTILHO","cpf":"***.767.448-**","bankname":"00000000","payBank":"P H R OLIVEIRA DR INVESTIMENTO LTDA","payCpf":"58.321.455\/0001-99","pixkey":"14976744841","account":"***.767.448-**","status":"done","order":"daf9d755-2e73-4ccf-8204-5c77689107e2"}}

【2025-08-22 23:10:41】
P2025082222554214142556476----提交：{"reference":"P2025082222554214142556476"}

【2025-08-22 23:10:41】
P2025082222554214142556476----返回：{"msg":"P2025082222554214142556476","code":"000000","data":{"date":"2025-08-22 22:55:43","eid":"E3305358020250823015543366d816f3","amount":10,"name":"MARCOS DANIEL CASTILHO","cpf":"***.767.448-**","bankname":"00000000","payBank":"P H R OLIVEIRA DR INVESTIMENTO LTDA","payCpf":"58.321.455\/0001-99","pixkey":"14976744841","account":"***.767.448-**","status":"done","order":"daf9d755-2e73-4ccf-8204-5c77689107e2"}}

【2025-08-22 23:33:18】
P2025082223261715977952896----提交：{"reference":"P2025082223261715977952896"}

【2025-08-22 23:33:18】
P2025082223261715977952896----返回：{"msg":"P2025082223261715977952896","code":"000000","data":{"date":"2025-08-22 23:26:18","eid":"E3305358020250823022618865939960","amount":49,"name":"BENEDITO DORIA CORREA","cpf":"***.443.422-**","bankname":"90400888","payBank":"P H R OLIVEIRA DR INVESTIMENTO LTDA","payCpf":"58.321.455\/0001-99","pixkey":"59344342253","account":"***.443.422-**","status":"done","order":"819a5e40-b6c8-4ccb-afbd-5213c797a448"}}

【2025-08-22 23:33:34】
P2025082223261715977952896----提交：{"reference":"P2025082223261715977952896"}

【2025-08-22 23:33:35】
P2025082223261715977952896----返回：{"msg":"P2025082223261715977952896","code":"000000","data":{"date":"2025-08-22 23:26:18","eid":"E3305358020250823022618865939960","amount":49,"name":"BENEDITO DORIA CORREA","cpf":"***.443.422-**","bankname":"90400888","payBank":"P H R OLIVEIRA DR INVESTIMENTO LTDA","payCpf":"58.321.455\/0001-99","pixkey":"59344342253","account":"***.443.422-**","status":"done","order":"819a5e40-b6c8-4ccb-afbd-5213c797a448"}}

【2025-08-22 23:40:54】
P2025082223402116821537058----提交：{"reference":"P2025082223402116821537058"}

【2025-08-22 23:40:55】
P2025082223402116821537058----返回：{"msg":"P2025082223402116821537058","code":"000000","data":{"date":"2025-08-22 23:40:22","eid":"E3305358020250823024022508093e66","amount":58.8,"name":"Robson Feitosa Bandeira","cpf":"***.016.762-**","bankname":"18236120","payBank":"P H R OLIVEIRA DR INVESTIMENTO LTDA","payCpf":"58.321.455\/0001-99","pixkey":"91001676220","account":"***.016.762-**","status":"done","order":"5de3c5bc-b0af-441e-b33f-24ff22cb55be"}}

【2025-08-22 23:40:57】
P2025082223402116821537058----提交：{"reference":"P2025082223402116821537058"}

【2025-08-22 23:40:57】
P2025082223402116821537058----返回：{"msg":"P2025082223402116821537058","code":"000000","data":{"date":"2025-08-22 23:40:22","eid":"E3305358020250823024022508093e66","amount":58.8,"name":"Robson Feitosa Bandeira","cpf":"***.016.762-**","bankname":"18236120","payBank":"P H R OLIVEIRA DR INVESTIMENTO LTDA","payCpf":"58.321.455\/0001-99","pixkey":"91001676220","account":"***.016.762-**","status":"done","order":"5de3c5bc-b0af-441e-b33f-24ff22cb55be"}}

【2025-08-22 23:43:58】
P2025082223273916059983820----提交：{"reference":"P2025082223273916059983820"}

【2025-08-22 23:43:59】
P2025082223273916059983820----返回：{"msg":"P2025082223273916059983820","code":"000000","data":{"date":"2025-08-22 23:27:40","eid":"E3305358020250823022740788e0783f","amount":10,"name":"JULIO CESAR DE OLIVEIRA","cpf":"***.777.936-**","bankname":"90400888","payBank":"P H R OLIVEIRA DR INVESTIMENTO LTDA","payCpf":"58.321.455\/0001-99","pixkey":"94877793615","account":"***.777.936-**","status":"done","order":"cefd51c7-50d0-4dcf-8904-32975dc9b24b"}}

【2025-08-22 23:44:02】
P2025082223273916059983820----提交：{"reference":"P2025082223273916059983820"}

【2025-08-22 23:44:03】
P2025082223273916059983820----返回：{"msg":"P2025082223273916059983820","code":"000000","data":{"date":"2025-08-22 23:27:40","eid":"E3305358020250823022740788e0783f","amount":10,"name":"JULIO CESAR DE OLIVEIRA","cpf":"***.777.936-**","bankname":"90400888","payBank":"P H R OLIVEIRA DR INVESTIMENTO LTDA","payCpf":"58.321.455\/0001-99","pixkey":"94877793615","account":"***.777.936-**","status":"done","order":"cefd51c7-50d0-4dcf-8904-32975dc9b24b"}}

【2025-08-22 23:54:10】
P2025082223534017620014745----提交：{"reference":"P2025082223534017620014745"}

【2025-08-22 23:54:10】
P2025082223534017620014745----返回：{"msg":"P2025082223534017620014745","code":"000000","data":{"date":"2025-08-22 23:53:40","eid":"E3305358020250823025340919724573","amount":29.4,"name":"RAFAEL BRAUN","cpf":"***.781.070-**","bankname":"00360305","payBank":"P H R OLIVEIRA DR INVESTIMENTO LTDA","payCpf":"58.321.455\/0001-99","pixkey":"82978107049","account":"***.781.070-**","status":"done","order":"d9bed480-de74-4814-9286-69504b0f74d8"}}

【2025-08-22 23:54:12】
P2025082223534017620014745----提交：{"reference":"P2025082223534017620014745"}

【2025-08-22 23:54:13】
P2025082223534017620014745----返回：{"msg":"P2025082223534017620014745","code":"000000","data":{"date":"2025-08-22 23:53:40","eid":"E3305358020250823025340919724573","amount":29.4,"name":"RAFAEL BRAUN","cpf":"***.781.070-**","bankname":"00360305","payBank":"P H R OLIVEIRA DR INVESTIMENTO LTDA","payCpf":"58.321.455\/0001-99","pixkey":"82978107049","account":"***.781.070-**","status":"done","order":"d9bed480-de74-4814-9286-69504b0f74d8"}}

