【2025-08-22 00:12:42】
P2025071721214698106994325----提交：{"reference":"P2025071721214698106994325"}

【2025-08-22 00:12:42】
P2025071721214698106994325----返回：{"msg":"P2025071721214698106994325","code":"000000","data":{"date":"2025-07-17 21:21:47","eid":"E3305358020250718002147211c5ce72","amount":20,"name":"FRANCIELLI CINTIA DE OLIVEIRA KROCHINSKI SOARES","cpf":"***.152.499-**","bankname":"78414067","payBank":"P H R OLIVEIRA DR INVESTIMENTO LTDA","payCpf":"58.321.455\/0001-99","pixkey":"06315249914","account":"***.152.499-**","status":"done","order":"2805f8fe-3118-46c8-88f3-9398b060e299"}}

【2025-08-22 00:21:29】
P2025082200203732837068801----提交：{"reference":"P2025082200203732837068801"}

【2025-08-22 00:21:29】
P2025082200203732837068801----返回：{"msg":"P2025082200203732837068801","code":"000000","data":{"date":"2025-08-22 00:20:38","eid":"E3305358020250822032038147442fc5","amount":98,"name":"Karolayne Aparecida Fernandes Gomes","cpf":"***.479.857-**","bankname":"22896431","payBank":"P H R OLIVEIRA DR INVESTIMENTO LTDA","payCpf":"58.321.455\/0001-99","pixkey":"20147985757","account":"***.479.857-**","status":"done","order":"da64964e-31dc-4aca-8881-d8afde66dd26"}}

【2025-08-22 00:21:31】
P2025082200203732837068801----提交：{"reference":"P2025082200203732837068801"}

【2025-08-22 00:21:31】
P2025082200203732837068801----返回：{"msg":"P2025082200203732837068801","code":"000000","data":{"date":"2025-08-22 00:20:38","eid":"E3305358020250822032038147442fc5","amount":98,"name":"Karolayne Aparecida Fernandes Gomes","cpf":"***.479.857-**","bankname":"22896431","payBank":"P H R OLIVEIRA DR INVESTIMENTO LTDA","payCpf":"58.321.455\/0001-99","pixkey":"20147985757","account":"***.479.857-**","status":"done","order":"da64964e-31dc-4aca-8881-d8afde66dd26"}}

【2025-08-22 00:30:10】
P2025082200280833288594492----提交：{"reference":"P2025082200280833288594492"}

【2025-08-22 00:30:10】
P2025082200280833288594492----返回：{"msg":"P2025082200280833288594492","code":"000000","data":{"date":"2025-08-22 00:28:09","eid":"E33053580202508220328093339524ba","amount":49,"name":"LEANDRO PEREIRA DE AQUINO","cpf":"***.963.898-**","bankname":"90400888","payBank":"P H R OLIVEIRA DR INVESTIMENTO LTDA","payCpf":"58.321.455\/0001-99","pixkey":"30396389805","account":"***.963.898-**","status":"done","order":"c19c37c2-38d0-49e0-937e-2d584497c3e1"}}

【2025-08-22 00:30:12】
P2025082200280833288594492----提交：{"reference":"P2025082200280833288594492"}

【2025-08-22 00:30:13】
P2025082200280833288594492----返回：{"msg":"P2025082200280833288594492","code":"000000","data":{"date":"2025-08-22 00:28:09","eid":"E33053580202508220328093339524ba","amount":49,"name":"LEANDRO PEREIRA DE AQUINO","cpf":"***.963.898-**","bankname":"90400888","payBank":"P H R OLIVEIRA DR INVESTIMENTO LTDA","payCpf":"58.321.455\/0001-99","pixkey":"30396389805","account":"***.963.898-**","status":"done","order":"c19c37c2-38d0-49e0-937e-2d584497c3e1"}}

【2025-08-22 00:44:19】
P2025082200273633256125220----提交：{"reference":"P2025082200273633256125220"}

【2025-08-22 00:44:20】
P2025082200273633256125220----返回：{"msg":"P2025082200273633256125220","code":"000000","data":{"date":"2025-08-22 00:27:37","eid":"E33053580202508220327373749bf23b","amount":50.96,"name":"Lucieni Augusto De Chagas","cpf":"***.148.697-**","bankname":"18236120","payBank":"P H R OLIVEIRA DR INVESTIMENTO LTDA","payCpf":"58.321.455\/0001-99","pixkey":"12214869778","account":"***.148.697-**","status":"done","order":"3a4db9ac-6d59-4fda-9649-6a0c9d21cd77"}}

【2025-08-22 00:44:22】
P2025082200273633256125220----提交：{"reference":"P2025082200273633256125220"}

【2025-08-22 00:44:23】
P2025082200273633256125220----返回：{"msg":"P2025082200273633256125220","code":"000000","data":{"date":"2025-08-22 00:27:37","eid":"E33053580202508220327373749bf23b","amount":50.96,"name":"Lucieni Augusto De Chagas","cpf":"***.148.697-**","bankname":"18236120","payBank":"P H R OLIVEIRA DR INVESTIMENTO LTDA","payCpf":"58.321.455\/0001-99","pixkey":"12214869778","account":"***.148.697-**","status":"done","order":"3a4db9ac-6d59-4fda-9649-6a0c9d21cd77"}}

【2025-08-22 00:45:25】
P2025082200450934309302678----提交：{"reference":"P2025082200450934309302678"}

【2025-08-22 00:45:25】
P2025082200450934309302678----返回：{"msg":"P2025082200450934309302678","code":"000000","data":{"date":"2025-08-22 00:45:10","eid":"E3305358020250822034510841488726","amount":187.18,"name":"Vitória De Andrade Ferreira","cpf":"***.780.032-**","bankname":"22896431","payBank":"P H R OLIVEIRA DR INVESTIMENTO LTDA","payCpf":"58.321.455\/0001-99","pixkey":"91982297184","account":"***.780.032-**","status":"done","order":"712a06d1-8f8d-4399-ad8d-9cc9664fbd6c"}}

【2025-08-22 00:45:26】
P2025082200450934309302678----提交：{"reference":"P2025082200450934309302678"}

【2025-08-22 00:45:27】
P2025082200450934309302678----返回：{"msg":"P2025082200450934309302678","code":"000000","data":{"date":"2025-08-22 00:45:10","eid":"E3305358020250822034510841488726","amount":187.18,"name":"Vitória De Andrade Ferreira","cpf":"***.780.032-**","bankname":"22896431","payBank":"P H R OLIVEIRA DR INVESTIMENTO LTDA","payCpf":"58.321.455\/0001-99","pixkey":"91982297184","account":"***.780.032-**","status":"done","order":"712a06d1-8f8d-4399-ad8d-9cc9664fbd6c"}}

【2025-08-22 00:46:25】
P2025082200454434344212742----提交：{"reference":"P2025082200454434344212742"}

【2025-08-22 00:46:26】
P2025082200454434344212742----返回：{"msg":"P2025082200454434344212742","code":"000000","data":{"date":"2025-08-22 00:45:45","eid":"E330535802025082203454528014c939","amount":65,"name":"JESSICA JHONIS BORGES DA SILVA","cpf":"***.751.859-**","bankname":"00360305","payBank":"P H R OLIVEIRA DR INVESTIMENTO LTDA","payCpf":"58.321.455\/0001-99","pixkey":"07675185943","account":"***.751.859-**","status":"done","order":"b16f3f69-a18c-4a03-8c82-7f73293878f5"}}

【2025-08-22 00:46:28】
P2025082200454434344212742----提交：{"reference":"P2025082200454434344212742"}

【2025-08-22 00:46:28】
P2025082200454434344212742----返回：{"msg":"P2025082200454434344212742","code":"000000","data":{"date":"2025-08-22 00:45:45","eid":"E330535802025082203454528014c939","amount":65,"name":"JESSICA JHONIS BORGES DA SILVA","cpf":"***.751.859-**","bankname":"00360305","payBank":"P H R OLIVEIRA DR INVESTIMENTO LTDA","payCpf":"58.321.455\/0001-99","pixkey":"07675185943","account":"***.751.859-**","status":"done","order":"b16f3f69-a18c-4a03-8c82-7f73293878f5"}}

