【2025-08-22 10:00:02】
P2025082209584467524421438----提交：{"reference":"P2025082209584467524421438"}

【2025-08-22 10:00:03】
P2025082209584467524421438----返回：{"msg":"P2025082209584467524421438","code":"000000","data":{"date":"2025-08-22 09:58:45","eid":"E3305358020250822125845651aae35f","amount":100,"name":"Kelly Cristina Nogueira da Silva","cpf":"***.934.628-**","bankname":"18236120","payBank":"P H R OLIVEIRA DR INVESTIMENTO LTDA","payCpf":"58.321.455\/0001-99","pixkey":"43193462896","account":"***.934.628-**","status":"done","order":"3ba5e055-8c92-44de-a11a-f9fe6ab5782d"}}

【2025-08-22 10:00:06】
P2025082209584467524421438----提交：{"reference":"P2025082209584467524421438"}

【2025-08-22 10:00:07】
P2025082209584467524421438----返回：{"msg":"P2025082209584467524421438","code":"000000","data":{"date":"2025-08-22 09:58:45","eid":"E3305358020250822125845651aae35f","amount":100,"name":"Kelly Cristina Nogueira da Silva","cpf":"***.934.628-**","bankname":"18236120","payBank":"P H R OLIVEIRA DR INVESTIMENTO LTDA","payCpf":"58.321.455\/0001-99","pixkey":"43193462896","account":"***.934.628-**","status":"done","order":"3ba5e055-8c92-44de-a11a-f9fe6ab5782d"}}

【2025-08-22 10:29:03】
P2025082119523616756345042----提交：{"reference":"P2025082119523616756345042"}

【2025-08-22 10:29:03】
P2025082119523616756345042----返回：{"msg":"P2025082119523616756345042","code":"000000","data":{"date":"2025-08-21 19:52:37","eid":"E330535802025082122523731890659a","amount":500,"name":"RONALDO APARECIDA PEREIRA","cpf":"***.549.707-**","bankname":"18236120","payBank":"P H R OLIVEIRA DR INVESTIMENTO LTDA","payCpf":"58.321.455\/0001-99","pixkey":"00754970779","account":"***.549.707-**","status":"done","order":"fdb69081-cb82-45df-bb8a-e4314f5afc0d"}}

【2025-08-22 10:29:14】
P2025082119523616756345042----提交：{"reference":"P2025082119523616756345042"}

【2025-08-22 10:29:15】
P2025082119523616756345042----返回：{"msg":"P2025082119523616756345042","code":"000000","data":{"date":"2025-08-21 19:52:37","eid":"E330535802025082122523731890659a","amount":500,"name":"RONALDO APARECIDA PEREIRA","cpf":"***.549.707-**","bankname":"18236120","payBank":"P H R OLIVEIRA DR INVESTIMENTO LTDA","payCpf":"58.321.455\/0001-99","pixkey":"00754970779","account":"***.549.707-**","status":"done","order":"fdb69081-cb82-45df-bb8a-e4314f5afc0d"}}

【2025-08-22 10:59:10】
P2025082210530170781988343----提交：{"reference":"P2025082210530170781988343"}

【2025-08-22 10:59:10】
P2025082210530170781988343----返回：{"msg":"P2025082210530170781988343","code":"000000","data":{"date":"2025-08-22 10:53:02","eid":"E33053580202508221353023089e5b17","amount":29.4,"name":"Alcemar Souza Gomes","cpf":"***.148.218-**","bankname":"18236120","payBank":"P H R OLIVEIRA DR INVESTIMENTO LTDA","payCpf":"58.321.455\/0001-99","pixkey":"17114821883","account":"***.148.218-**","status":"done","order":"25898584-e45f-4b3a-a759-98ce83ce5b50"}}

【2025-08-22 10:59:12】
P2025082210530170781988343----提交：{"reference":"P2025082210530170781988343"}

【2025-08-22 10:59:12】
P2025082210530170781988343----返回：{"msg":"P2025082210530170781988343","code":"000000","data":{"date":"2025-08-22 10:53:02","eid":"E33053580202508221353023089e5b17","amount":29.4,"name":"Alcemar Souza Gomes","cpf":"***.148.218-**","bankname":"18236120","payBank":"P H R OLIVEIRA DR INVESTIMENTO LTDA","payCpf":"58.321.455\/0001-99","pixkey":"17114821883","account":"***.148.218-**","status":"done","order":"25898584-e45f-4b3a-a759-98ce83ce5b50"}}

