【2025-08-22 09:04:34】
P2025082209040664246106733----提交：{"reference":"P2025082209040664246106733"}

【2025-08-22 09:04:35】
P2025082209040664246106733----返回：{"msg":"P2025082209040664246106733","code":"000000","data":{"date":"2025-08-22 09:04:07","eid":"E3305358020250822120407743b15aa1","amount":147,"name":"KELTON SANTOS DE SOUSA                  ","cpf":"***.464.132-**","bankname":"60746948","payBank":"P H R OLIVEIRA DR INVESTIMENTO LTDA","payCpf":"58.321.455\/0001-99","pixkey":"55346413200","account":"***.464.132-**","status":"done","order":"f8dc4fd5-7314-4f94-982c-410df707c823"}}

【2025-08-22 09:04:37】
P2025082209040664246106733----提交：{"reference":"P2025082209040664246106733"}

【2025-08-22 09:04:37】
P2025082209040664246106733----返回：{"msg":"P2025082209040664246106733","code":"000000","data":{"date":"2025-08-22 09:04:07","eid":"E3305358020250822120407743b15aa1","amount":147,"name":"KELTON SANTOS DE SOUSA                  ","cpf":"***.464.132-**","bankname":"60746948","payBank":"P H R OLIVEIRA DR INVESTIMENTO LTDA","payCpf":"58.321.455\/0001-99","pixkey":"55346413200","account":"***.464.132-**","status":"done","order":"f8dc4fd5-7314-4f94-982c-410df707c823"}}

【2025-08-22 09:12:35】
P2025082209093164571174568----提交：{"reference":"P2025082209093164571174568"}

【2025-08-22 09:12:35】
P2025082209093164571174568----返回：{"msg":"P2025082209093164571174568","code":"000000","data":{"date":"2025-08-22 09:09:32","eid":"E3305358020250822120932178e20d97","amount":45.11,"name":"INES CONCEICAO G SANTOS","cpf":"***.110.908-**","bankname":"60701190","payBank":"P H R OLIVEIRA DR INVESTIMENTO LTDA","payCpf":"58.321.455\/0001-99","pixkey":"87611090887","account":"***.110.908-**","status":"done","order":"4d51d2c0-7e75-419e-a668-c4f28bdb2c2c"}}

【2025-08-22 09:12:37】
P2025082209093164571174568----提交：{"reference":"P2025082209093164571174568"}

【2025-08-22 09:12:37】
P2025082209093164571174568----返回：{"msg":"P2025082209093164571174568","code":"000000","data":{"date":"2025-08-22 09:09:32","eid":"E3305358020250822120932178e20d97","amount":45.11,"name":"INES CONCEICAO G SANTOS","cpf":"***.110.908-**","bankname":"60701190","payBank":"P H R OLIVEIRA DR INVESTIMENTO LTDA","payCpf":"58.321.455\/0001-99","pixkey":"87611090887","account":"***.110.908-**","status":"done","order":"4d51d2c0-7e75-419e-a668-c4f28bdb2c2c"}}

【2025-08-22 09:18:27】
P2025082121570324223747672----提交：{"reference":"P2025082121570324223747672"}

【2025-08-22 09:18:27】
P2025082121570324223747672----返回：{"msg":"P2025082121570324223747672","code":"000000","data":{"date":"2025-08-21 21:57:04","eid":"E3305358020250822005703965a859fb","amount":103.88,"name":"Victor Silva","cpf":"***.061.323-**","bankname":"22896431","payBank":"P H R OLIVEIRA DR INVESTIMENTO LTDA","payCpf":"58.321.455\/0001-99","pixkey":"62906132357","account":"***.061.323-**","status":"done","order":"1f6f7f13-2e01-49f8-8b63-d6f926ee2547"}}

【2025-08-22 09:18:29】
P2025082121570324223747672----提交：{"reference":"P2025082121570324223747672"}

【2025-08-22 09:18:29】
P2025082121570324223747672----返回：{"msg":"P2025082121570324223747672","code":"000000","data":{"date":"2025-08-21 21:57:04","eid":"E3305358020250822005703965a859fb","amount":103.88,"name":"Victor Silva","cpf":"***.061.323-**","bankname":"22896431","payBank":"P H R OLIVEIRA DR INVESTIMENTO LTDA","payCpf":"58.321.455\/0001-99","pixkey":"62906132357","account":"***.061.323-**","status":"done","order":"1f6f7f13-2e01-49f8-8b63-d6f926ee2547"}}

