【2025-08-22 19:31:01】
P2025082117272308043897889----提交：{"custId":"24120300001308","appId":"8241201350","order":"P2025082117272308043897889","sign":"D47DAD38749BD4AAC726F9B43A8B5620"}

【2025-08-22 19:31:02】
P2025082117272308043897889----返回：{"code":"000000","msg":"P2025082117272308043897889","data":{"date":"2025-08-21 17:27:25","eid":"E45756448202508212027cjMcGcWeMUS","amount":"300","name":"Josane Ribeiro De Araujo","cpf":"5383142495","bankname":"null","payBank":"","payCpf":"","pixkey":"81985615481","account":"128752280","status":"done","order":"A20250821172723668820dBAtpJZ3J"},"sign":"9DB5451057C82874087DF294529CFECE"}

【2025-08-22 19:31:13】
P2025082117272308043897889----提交：{"custId":"24120300001308","appId":"8241201350","order":"P2025082117272308043897889","sign":"D47DAD38749BD4AAC726F9B43A8B5620"}

【2025-08-22 19:31:14】
P2025082117272308043897889----返回：{"code":"000000","msg":"P2025082117272308043897889","data":{"date":"2025-08-21 17:27:25","eid":"E45756448202508212027cjMcGcWeMUS","amount":"300","name":"Josane Ribeiro De Araujo","cpf":"5383142495","bankname":"null","payBank":"","payCpf":"","pixkey":"81985615481","account":"128752280","status":"done","order":"A20250821172723668820dBAtpJZ3J"},"sign":"9DB5451057C82874087DF294529CFECE"}

【2025-08-22 19:31:47】
P2025082211093071770123681----提交：{"custId":"24120300001308","appId":"8241201350","order":"P2025082211093071770123681","sign":"2FCAF12110B1A15B198ACB64E49B9489"}

【2025-08-22 19:31:47】
P2025082211093071770123681----返回：{"code":"000000","msg":"P2025082211093071770123681","data":{"date":"2025-08-22 11:09:34","eid":"E37205447202508221409321399156e4","amount":"20","name":"BIANCA BEZERRA GOMES","cpf":"11091328323","bankname":"ORBION GAMING LTDA","payBank":"","payCpf":"","pixkey":"11091328323","account":"00416968","status":"done","order":"A20250822110931089751Cug1bVf4B"},"sign":"8874A1778F801878F09A8FD2E382BDD9"}

【2025-08-22 19:32:02】
P2025082211093071770123681----提交：{"custId":"24120300001308","appId":"8241201350","order":"P2025082211093071770123681","sign":"2FCAF12110B1A15B198ACB64E49B9489"}

【2025-08-22 19:32:02】
P2025082211093071770123681----返回：{"code":"000000","msg":"P2025082211093071770123681","data":{"date":"2025-08-22 11:09:34","eid":"E37205447202508221409321399156e4","amount":"20","name":"BIANCA BEZERRA GOMES","cpf":"11091328323","bankname":"ORBION GAMING LTDA","payBank":"","payCpf":"","pixkey":"11091328323","account":"00416968","status":"done","order":"A20250822110931089751Cug1bVf4B"},"sign":"8874A1778F801878F09A8FD2E382BDD9"}

【2025-08-22 19:32:12】
P2025082219285601736931885----提交：{"custId":"24120300001308","appId":"8241201350","order":"P2025082219285601736931885","sign":"C15822CAFF0612A25D4DDE879CCBFCA9"}

【2025-08-22 19:32:12】
P2025082219285601736931885----返回：{"code":"000000","msg":"P2025082219285601736931885","data":{"date":"2025-08-22 19:31:20","eid":"E3720544720250822222856782e083cf","amount":"50","name":"DEYSE SILVA DO ROSARIO","cpf":"01580925383","bankname":"ORBION GAMING LTDA","payBank":"","payCpf":"","pixkey":"99984797816","account":"22896431","status":"done","order":"A20250822192856273196GnnBgek4u"},"sign":"DAE89EA280FAA133F0485B23F6F13883"}

【2025-08-22 19:32:16】
P2025082219285601736931885----提交：{"custId":"24120300001308","appId":"8241201350","order":"P2025082219285601736931885","sign":"C15822CAFF0612A25D4DDE879CCBFCA9"}

【2025-08-22 19:32:16】
P2025082219285601736931885----返回：{"code":"000000","msg":"P2025082219285601736931885","data":{"date":"2025-08-22 19:31:20","eid":"E3720544720250822222856782e083cf","amount":"50","name":"DEYSE SILVA DO ROSARIO","cpf":"01580925383","bankname":"ORBION GAMING LTDA","payBank":"","payCpf":"","pixkey":"99984797816","account":"22896431","status":"done","order":"A20250822192856273196GnnBgek4u"},"sign":"DAE89EA280FAA133F0485B23F6F13883"}

【2025-08-22 19:52:36】
P2025082019321629136226035----提交：{"custId":"24120300001308","appId":"8241201350","order":"P2025082019321629136226035","sign":"69DEC5BA0711C23E8019AC06B55D7692"}

【2025-08-22 19:52:36】
P2025082019321629136226035----返回：{"code":"000000","msg":"P2025082019321629136226035","data":{"date":"2025-08-20 19:32:20","eid":"E457564482025082022326kBr7MQQ1EW","amount":"30","name":"LEONARDO VICENTE DA SILVA SOBRAL","cpf":"14759118403","bankname":"null","payBank":"","payCpf":"","pixkey":"14759118403","account":"4823257","status":"done","order":"A20250820193217536565ngAH9iIdy"},"sign":"DA47E437A94FE98959281FF7A18DCC9B"}

【2025-08-22 19:52:44】
P2025082019081327693969808----提交：{"custId":"24120300001308","appId":"8241201350","order":"P2025082019081327693969808","sign":"4B36689E8141F07A03E9B970FDBD1F66"}

【2025-08-22 19:52:44】
P2025082019081327693969808----返回：{"code":"000000","msg":"P2025082019081327693969808","data":{"date":"2025-08-20 19:08:23","eid":"E37205447202508202208147107fa8c5","amount":"180","name":"LEONARDO VICENTE DA SILVA SOBRAL","cpf":"14759118403","bankname":"ORBION GAMING LTDA","payBank":"","payCpf":"","pixkey":"14759118403","account":"40710595","status":"done","order":"A20250820190814308133ajmbs2Dgt"},"sign":"645A0B82272C75280B77D7D061F9A403"}

【2025-08-22 19:52:48】
P2025082019321629136226035----提交：{"custId":"24120300001308","appId":"8241201350","order":"P2025082019321629136226035","sign":"69DEC5BA0711C23E8019AC06B55D7692"}

【2025-08-22 19:52:49】
P2025082019321629136226035----返回：{"code":"000000","msg":"P2025082019321629136226035","data":{"date":"2025-08-20 19:32:20","eid":"E457564482025082022326kBr7MQQ1EW","amount":"30","name":"LEONARDO VICENTE DA SILVA SOBRAL","cpf":"14759118403","bankname":"null","payBank":"","payCpf":"","pixkey":"14759118403","account":"4823257","status":"done","order":"A20250820193217536565ngAH9iIdy"},"sign":"DA47E437A94FE98959281FF7A18DCC9B"}

