【2025-08-22 08:07:55】
P2025082101042449064954523----提交：{"custId":"24120300001308","appId":"8241201350","order":"P2025082101042449064954523","sign":"7B60DB4E55C25DCBA4D5619DD4311BE1"}

【2025-08-22 08:07:55】
P2025082101042449064954523----返回：{"code":"000000","msg":"P2025082101042449064954523","data":{"date":"2025-08-21 01:04:28","eid":"E3720544720250821040424872108289","amount":"100","name":"Vania Maria Marques De Souza","cpf":"69120870191","bankname":"ORBION GAMING LTDA","payBank":"","payCpf":"","pixkey":"62994475369","account":"59285411","status":"done","order":"A20250821010424508095ERdGfNE67"},"sign":"EA7E6AD9377D0CEBCAC4F32468A023C2"}

【2025-08-22 08:09:45】
P2025082101042449064954523----提交：{"custId":"24120300001308","appId":"8241201350","order":"P2025082101042449064954523","sign":"7B60DB4E55C25DCBA4D5619DD4311BE1"}

【2025-08-22 08:09:45】
P2025082101042449064954523----返回：{"code":"000000","msg":"P2025082101042449064954523","data":{"date":"2025-08-21 01:04:28","eid":"E3720544720250821040424872108289","amount":"100","name":"Vania Maria Marques De Souza","cpf":"69120870191","bankname":"ORBION GAMING LTDA","payBank":"","payCpf":"","pixkey":"62994475369","account":"59285411","status":"done","order":"A20250821010424508095ERdGfNE67"},"sign":"EA7E6AD9377D0CEBCAC4F32468A023C2"}

【2025-08-22 08:15:12】
P2025082113230493384105329----提交：{"custId":"24120300001308","appId":"8241201350","order":"P2025082113230493384105329","sign":"CE8CEF7C4B94D9E124D065F4E1A5B37A"}

【2025-08-22 08:15:12】
P2025082113230493384105329----返回：{"code":"000000","msg":"P2025082113230493384105329","data":{"date":"2025-08-21 13:23:11","eid":"E372054472025082116230541529c559","amount":"40","name":"Zanete Sousa dos Santos","cpf":"00682948322","bankname":"ORBION GAMING LTDA","payBank":"","payCpf":"","pixkey":"00682948322","account":"18236120","status":"done","order":"A20250821132304006898V6T7BKcuN"},"sign":"C8D5FD8A07C7673898E868809C7BF574"}

【2025-08-22 08:15:19】
P2025082113230493384105329----提交：{"custId":"24120300001308","appId":"8241201350","order":"P2025082113230493384105329","sign":"CE8CEF7C4B94D9E124D065F4E1A5B37A"}

【2025-08-22 08:15:19】
P2025082113230493384105329----返回：{"code":"000000","msg":"P2025082113230493384105329","data":{"date":"2025-08-21 13:23:11","eid":"E372054472025082116230541529c559","amount":"40","name":"Zanete Sousa dos Santos","cpf":"00682948322","bankname":"ORBION GAMING LTDA","payBank":"","payCpf":"","pixkey":"00682948322","account":"18236120","status":"done","order":"A20250821132304006898V6T7BKcuN"},"sign":"C8D5FD8A07C7673898E868809C7BF574"}

【2025-08-22 08:44:54】
P2025082206173254252643626----提交：{"custId":"24120300001308","appId":"8241201350","order":"P2025082206173254252643626","sign":"1326512A2BC1748582F00C6B206EA910"}

【2025-08-22 08:44:54】
P2025082206173254252643626----返回：{"code":"000000","msg":"P2025082206173254252643626","data":{"date":"2025-08-22 06:17:35","eid":"E45756448202508220917xzOgXixP02u","amount":"130","name":"UILLIAN DE LIMA SILVEIRA","cpf":"3088569023","bankname":"null","payBank":"","payCpf":"","pixkey":"54996814502","account":"199087","status":"done","order":"A20250822061733812046sJ1Bb96TR"},"sign":"83120169E9C75DD535B8FAB488A6C281"}

【2025-08-22 08:47:02】
P2025082208040560645522453----提交：{"custId":"24120300001308","appId":"8241201350","order":"P2025082208040560645522453","sign":"E0653B45012423D1A0C0DB1390196ED4"}

【2025-08-22 08:47:02】
P2025082208040560645522453----返回：{"code":"000000","msg":"P2025082208040560645522453","data":{"date":"2025-08-22 08:04:08","eid":"E45756448202508221104ClJPfcrGD0i","amount":"100","name":"FELIPE ADRIAN COSTA","cpf":"46273466890","bankname":"null","payBank":"","payCpf":"","pixkey":"46273466890","account":"3136833","status":"done","order":"A20250822080405590916NtNHih8HH"},"sign":"27146EF575FF7076FF9219272BBD1A30"}

【2025-08-22 08:47:15】
P2025082208040560645522453----提交：{"custId":"24120300001308","appId":"8241201350","order":"P2025082208040560645522453","sign":"E0653B45012423D1A0C0DB1390196ED4"}

【2025-08-22 08:47:15】
P2025082208040560645522453----返回：{"code":"000000","msg":"P2025082208040560645522453","data":{"date":"2025-08-22 08:04:08","eid":"E45756448202508221104ClJPfcrGD0i","amount":"100","name":"FELIPE ADRIAN COSTA","cpf":"46273466890","bankname":"null","payBank":"","payCpf":"","pixkey":"46273466890","account":"3136833","status":"done","order":"A20250822080405590916NtNHih8HH"},"sign":"27146EF575FF7076FF9219272BBD1A30"}

【2025-08-22 08:49:10】
P2025082206173254252643626----提交：{"custId":"24120300001308","appId":"8241201350","order":"P2025082206173254252643626","sign":"1326512A2BC1748582F00C6B206EA910"}

【2025-08-22 08:49:10】
P2025082206173254252643626----返回：{"code":"000000","msg":"P2025082206173254252643626","data":{"date":"2025-08-22 06:17:35","eid":"E45756448202508220917xzOgXixP02u","amount":"130","name":"UILLIAN DE LIMA SILVEIRA","cpf":"3088569023","bankname":"null","payBank":"","payCpf":"","pixkey":"54996814502","account":"199087","status":"done","order":"A20250822061733812046sJ1Bb96TR"},"sign":"83120169E9C75DD535B8FAB488A6C281"}

