【2025-08-22 04:05:58】
P2025082203580245882857214----提交：{"custId":"24120300001308","appId":"8241201350","order":"P2025082203580245882857214","sign":"A65CB71BC02505FBF889C4A8F52A1543"}

【2025-08-22 04:05:58】
P2025082203580245882857214----返回：{"code":"000000","msg":"P2025082203580245882857214","data":{"date":"2025-08-22 03:58:05","eid":"E457564482025082206581dsyuRxzFka","amount":"2700","name":"HUDSON CANDIDO DE SOUZA","cpf":"7816432798","bankname":"null","payBank":"","payCpf":"","pixkey":"24999995600","account":"96556097","status":"done","order":"A20250822035802627691T2eRlu2cM"},"sign":"597F6A61FFCB280F4810D296DAFDAD5E"}

【2025-08-22 04:06:10】
P2025082203580245882857214----提交：{"custId":"24120300001308","appId":"8241201350","order":"P2025082203580245882857214","sign":"A65CB71BC02505FBF889C4A8F52A1543"}

【2025-08-22 04:06:10】
P2025082203580245882857214----返回：{"code":"000000","msg":"P2025082203580245882857214","data":{"date":"2025-08-22 03:58:05","eid":"E457564482025082206581dsyuRxzFka","amount":"2700","name":"HUDSON CANDIDO DE SOUZA","cpf":"7816432798","bankname":"null","payBank":"","payCpf":"","pixkey":"24999995600","account":"96556097","status":"done","order":"A20250822035802627691T2eRlu2cM"},"sign":"597F6A61FFCB280F4810D296DAFDAD5E"}

【2025-08-22 04:35:59】
P2025082121304022640781793----提交：{"custId":"24120300001308","appId":"8241201350","order":"P2025082121304022640781793","sign":"E16CE5A9B0728FFF222CCFD5D7E239AD"}

【2025-08-22 04:35:59】
P2025082121304022640781793----返回：{"code":"000000","msg":"P2025082121304022640781793","data":{"date":"2025-08-21 21:30:44","eid":"E45756448202508220030rc7pZNZrxUi","amount":"800","name":"JOAO PEDRO DA COSTA DA SILVA","cpf":"3834028240","bankname":"null","payBank":"","payCpf":"","pixkey":"91982861921","account":"915510570","status":"done","order":"A20250821213041629365wqqYyxmZ6"},"sign":"71B22313C686C6CE0D2CD30616B27DB4"}

【2025-08-22 04:36:04】
P2025082121304022640781793----提交：{"custId":"24120300001308","appId":"8241201350","order":"P2025082121304022640781793","sign":"E16CE5A9B0728FFF222CCFD5D7E239AD"}

【2025-08-22 04:36:04】
P2025082121304022640781793----返回：{"code":"000000","msg":"P2025082121304022640781793","data":{"date":"2025-08-21 21:30:44","eid":"E45756448202508220030rc7pZNZrxUi","amount":"800","name":"JOAO PEDRO DA COSTA DA SILVA","cpf":"3834028240","bankname":"null","payBank":"","payCpf":"","pixkey":"91982861921","account":"915510570","status":"done","order":"A20250821213041629365wqqYyxmZ6"},"sign":"71B22313C686C6CE0D2CD30616B27DB4"}

【2025-08-22 04:58:52】
P2025082123321429934554269----提交：{"custId":"24120300001308","appId":"8241201350","order":"P2025082123321429934554269","sign":"DF362A9675FAB3A5F9B9BFB2AE674792"}

【2025-08-22 04:58:52】
P2025082123321429934554269----返回：{"code":"000000","msg":"P2025082123321429934554269","data":{"date":"2025-08-21 23:39:35","eid":"E3720544720250822023214459ab114b","amount":"24","name":"Cicera Do Nascimento Teixeira Santos","cpf":"02912035317","bankname":"ORBION GAMING LTDA","payBank":"","payCpf":"","pixkey":"02912035317","account":"20855875","status":"done","order":"A20250821233214358433AvJ5uwdZg"},"sign":"A4FABE0E4DA72ED1101A6B17D853F3B2"}

【2025-08-22 04:59:38】
P2025082123332530005394210----提交：{"custId":"24120300001308","appId":"8241201350","order":"P2025082123332530005394210","sign":"23376062CF75C07C9F0F425AF3C76C15"}

【2025-08-22 04:59:38】
P2025082123332530005394210----返回：{"code":"000000","msg":"P2025082123332530005394210","data":{"date":"2025-08-21 23:43:09","eid":"E372054472025082202332557993c34e","amount":"80","name":"Elnatã de Jesus Ferreira","cpf":"50214089843","bankname":"ORBION GAMING LTDA","payBank":"","payCpf":"","pixkey":"50214089843","account":"18236120","status":"done","order":"A20250821233325740180suzX3I6qg"},"sign":"4022835AFD7361F52821AB78D999EE50"}

