【2025-08-22 05:02:18】
P2025082123264729607087640----提交：{"custId":"24120300001308","appId":"8241201350","order":"P2025082123264729607087640","sign":"EB96DCADC0CD16BFB0D85246A7E9E8FB"}

【2025-08-22 05:02:18】
P2025082123264729607087640----返回：{"code":"000000","msg":"P2025082123264729607087640","data":{"date":"2025-08-21 23:26:54","eid":"E37205447202508220226484717f63bc","amount":"15","name":"Raimunda Maria Silva","cpf":"01802497382","bankname":"ORBION GAMING LTDA","payBank":"","payCpf":"","pixkey":"01802497382","account":"18236120","status":"done","order":"A202508212326478304107ZGz5tAvJ"},"sign":"8610DDCE9B23DBB61BC69C8B7FDF4F7B"}

【2025-08-22 05:17:07】
P2025082120224018560328745----提交：{"custId":"24120300001308","appId":"8241201350","order":"P2025082120224018560328745","sign":"8D2ED1C75FDC1EB1340A7311BE83D05D"}

【2025-08-22 05:17:07】
P2025082120224018560328745----返回：{"code":"000000","msg":"P2025082120224018560328745","data":{"date":"2025-08-21 20:22:43","eid":"E45756448202508212322SvFTI1CKAUC","amount":"200","name":"MURILLO RIBEIRO TEIXEIRA ALVES","cpf":"46063586881","bankname":"null","payBank":"","payCpf":"","pixkey":"46063586881","account":"214116","status":"done","order":"A20250821202241513918UB6MuJXEA"},"sign":"10489BCAAA0EE46ADE896C6F97AA6212"}

【2025-08-22 05:17:08】
P2025082120224018560328745----提交：{"custId":"24120300001308","appId":"8241201350","order":"P2025082120224018560328745","sign":"8D2ED1C75FDC1EB1340A7311BE83D05D"}

【2025-08-22 05:17:08】
P2025082120224018560328745----返回：{"code":"000000","msg":"P2025082120224018560328745","data":{"date":"2025-08-21 20:22:43","eid":"E45756448202508212322SvFTI1CKAUC","amount":"200","name":"MURILLO RIBEIRO TEIXEIRA ALVES","cpf":"46063586881","bankname":"null","payBank":"","payCpf":"","pixkey":"46063586881","account":"214116","status":"done","order":"A20250821202241513918UB6MuJXEA"},"sign":"10489BCAAA0EE46ADE896C6F97AA6212"}

【2025-08-22 05:35:32】
P2025082205295951399517261----提交：{"custId":"24120300001308","appId":"8241201350","order":"P2025082205295951399517261","sign":"CCBA786357756A848133BE7BCDC21C4F"}

【2025-08-22 05:35:32】
P2025082205295951399517261----返回：{"code":"000000","msg":"P2025082205295951399517261","data":{"date":"2025-08-22 05:30:01","eid":"E45756448202508220829dArYD2wpCUW","amount":"40","name":"Fabio Ferreira","cpf":"89622383904","bankname":"null","payBank":"","payCpf":"","pixkey":"51997355688","account":"233900778","status":"done","order":"A20250822052959270702hCyHkwcki"},"sign":"88FC66D2DA86E52F2FF2657DE9F96A87"}

【2025-08-22 05:37:16】
P2025082205295951399517261----提交：{"custId":"24120300001308","appId":"8241201350","order":"P2025082205295951399517261","sign":"CCBA786357756A848133BE7BCDC21C4F"}

【2025-08-22 05:37:16】
P2025082205295951399517261----返回：{"code":"000000","msg":"P2025082205295951399517261","data":{"date":"2025-08-22 05:30:01","eid":"E45756448202508220829dArYD2wpCUW","amount":"40","name":"Fabio Ferreira","cpf":"89622383904","bankname":"null","payBank":"","payCpf":"","pixkey":"51997355688","account":"233900778","status":"done","order":"A20250822052959270702hCyHkwcki"},"sign":"88FC66D2DA86E52F2FF2657DE9F96A87"}

