【2025-08-22 14:03:05】
P2025081320490928949272177----提交：{"custId":"24120300001308","appId":"8241201350","order":"P2025081320490928949272177","sign":"CB8E001207B73B97722627CB95A24EDD"}

【2025-08-22 14:03:05】
P2025081320490928949272177----返回：{"code":"000000","msg":"P2025081320490928949272177","data":{"date":"2025-08-13 20:50:07","eid":"E45756448202508132350ubzAVgNhkWz","amount":"750","name":"Samara Da Silva Sales","cpf":"4781419208","bankname":"null","payBank":"","payCpf":"","pixkey":"+5591981227024","account":"6203412047","status":"done","order":"A202508132050019125163HC8Tdyaj"},"sign":"22ED4B69F61B8D8917DD92E7F315C176"}

【2025-08-22 14:03:10】
P2025081320490928949272177----提交：{"custId":"24120300001308","appId":"8241201350","order":"P2025081320490928949272177","sign":"CB8E001207B73B97722627CB95A24EDD"}

【2025-08-22 14:03:11】
P2025081320490928949272177----返回：{"code":"000000","msg":"P2025081320490928949272177","data":{"date":"2025-08-13 20:50:07","eid":"E45756448202508132350ubzAVgNhkWz","amount":"750","name":"Samara Da Silva Sales","cpf":"4781419208","bankname":"null","payBank":"","payCpf":"","pixkey":"+5591981227024","account":"6203412047","status":"done","order":"A202508132050019125163HC8Tdyaj"},"sign":"22ED4B69F61B8D8917DD92E7F315C176"}

【2025-08-22 14:12:31】
P2025082214113882698063173----提交：{"custId":"24120300001308","appId":"8241201350","order":"P2025082214113882698063173","sign":"CCF3D2295D269B19A950200CA5920CEC"}

【2025-08-22 14:12:32】
P2025082214113882698063173----返回：{"code":"000000","msg":"P2025082214113882698063173","data":{"date":"2025-08-22 14:11:42","eid":"E45756448202508221711k3P4wtLO90u","amount":"40","name":"LIVIA DE SOUSA AIRES","cpf":"1078049130","bankname":"null","payBank":"","payCpf":"","pixkey":"01078049130","account":"37010000005831639793","status":"done","order":"A20250822141139169171mWBcZ3f37"},"sign":"CB5A19A069FC744C912A35E3CE461C40"}

【2025-08-22 14:21:29】
P2025082214190583145313518----提交：{"custId":"24120300001308","appId":"8241201350","order":"P2025082214190583145313518","sign":"072DBB811AA30374608A9A3E3886AA20"}

【2025-08-22 14:21:29】
P2025082214190583145313518----返回：{"code":"000000","msg":"P2025082214190583145313518","data":{"date":"2025-08-22 14:21:06","eid":"E45756448202508221721GNYYmwwaeEy","amount":"9000","name":"CINTIA DE AVILA","cpf":"7277387988","bankname":"null","payBank":"","payCpf":"","pixkey":"07277387988","account":"326597","status":"done","order":"A20250822142102472688uDaNUVZzd"},"sign":"A9BFA9422EA5B057FFDE5A94F07111BB"}

【2025-08-22 14:39:47】
P2025082210305369453753433----提交：{"custId":"24120300001308","appId":"8241201350","order":"P2025082210305369453753433","sign":"9CC440FA8EF5297677E50EA0ECE936FE"}

【2025-08-22 14:39:47】
P2025082210305369453753433----返回：{"code":"000000","msg":"P2025082210305369453753433","data":{"date":"2025-08-22 10:30:57","eid":"E45756448202508221330P8FvVnkXbEK","amount":"50","name":"ROBERTO PAULINO DOS SANTOS","cpf":"8833032809","bankname":"null","payBank":"","payCpf":"","pixkey":"08833032809","account":"12880000007540322382","status":"done","order":"A20250822103053803329nIXVgfg1T"},"sign":"69B43334D2683E71A9853EDAADCA7A82"}

【2025-08-22 14:40:01】
P2025082210305369453753433----提交：{"custId":"24120300001308","appId":"8241201350","order":"P2025082210305369453753433","sign":"9CC440FA8EF5297677E50EA0ECE936FE"}

【2025-08-22 14:40:01】
P2025082210305369453753433----返回：{"code":"000000","msg":"P2025082210305369453753433","data":{"date":"2025-08-22 10:30:57","eid":"E45756448202508221330P8FvVnkXbEK","amount":"50","name":"ROBERTO PAULINO DOS SANTOS","cpf":"8833032809","bankname":"null","payBank":"","payCpf":"","pixkey":"08833032809","account":"12880000007540322382","status":"done","order":"A20250822103053803329nIXVgfg1T"},"sign":"69B43334D2683E71A9853EDAADCA7A82"}

