【2025-08-22 09:13:09】
P2025082208262661986453482----提交：{"custId":"24120300001308","appId":"8241201350","order":"P2025082208262661986453482","sign":"180F20F57586B338219A9F024A64EE0E"}

【2025-08-22 09:13:09】
P2025082208262661986453482----返回：{"code":"000000","msg":"P2025082208262661986453482","data":{"date":"2025-08-22 08:26:29","eid":"E45756448202508221126Wf1zmXRi06Y","amount":"100","name":"ERENILTON DOS SANTOS OLIVEIRA","cpf":"86752307539","bankname":"null","payBank":"","payCpf":"","pixkey":"75998704825","account":"968229085","status":"done","order":"A202508220826264503538QJISTTgg"},"sign":"58379273BD136D61EEBF1A28DB979560"}

【2025-08-22 09:13:47】
P2025082208262661986453482----提交：{"custId":"24120300001308","appId":"8241201350","order":"P2025082208262661986453482","sign":"180F20F57586B338219A9F024A64EE0E"}

【2025-08-22 09:13:47】
P2025082208262661986453482----返回：{"code":"000000","msg":"P2025082208262661986453482","data":{"date":"2025-08-22 08:26:29","eid":"E45756448202508221126Wf1zmXRi06Y","amount":"100","name":"ERENILTON DOS SANTOS OLIVEIRA","cpf":"86752307539","bankname":"null","payBank":"","payCpf":"","pixkey":"75998704825","account":"968229085","status":"done","order":"A202508220826264503538QJISTTgg"},"sign":"58379273BD136D61EEBF1A28DB979560"}

【2025-08-22 09:32:11】
P2025082208262661986453482----提交：{"custId":"24120300001308","appId":"8241201350","order":"P2025082208262661986453482","sign":"180F20F57586B338219A9F024A64EE0E"}

【2025-08-22 09:32:11】
P2025082208262661986453482----返回：{"code":"000000","msg":"P2025082208262661986453482","data":{"date":"2025-08-22 08:26:29","eid":"E45756448202508221126Wf1zmXRi06Y","amount":"100","name":"ERENILTON DOS SANTOS OLIVEIRA","cpf":"86752307539","bankname":"null","payBank":"","payCpf":"","pixkey":"75998704825","account":"968229085","status":"done","order":"A202508220826264503538QJISTTgg"},"sign":"58379273BD136D61EEBF1A28DB979560"}

【2025-08-22 09:39:24】
P2025082207003156831541041----提交：{"custId":"24120300001308","appId":"8241201350","order":"P2025082207003156831541041","sign":"3003FC06248357805CF24B7898791628"}

【2025-08-22 09:39:24】
P2025082207003156831541041----返回：{"code":"000000","msg":"P2025082207003156831541041","data":{"date":"2025-08-22 07:00:34","eid":"E45756448202508221000tOxNj0kjjUm","amount":"50","name":"JOAB LOPES DUARTE","cpf":"56724268168","bankname":"null","payBank":"","payCpf":"","pixkey":"65992999989","account":"12880000007791866472","status":"done","order":"A2025082207003116067556wsjPada"},"sign":"F4522D9C03F0592FBC8FD793DA47E152"}

【2025-08-22 09:39:27】
P2025082207003156831541041----提交：{"custId":"24120300001308","appId":"8241201350","order":"P2025082207003156831541041","sign":"3003FC06248357805CF24B7898791628"}

【2025-08-22 09:39:27】
P2025082207003156831541041----返回：{"code":"000000","msg":"P2025082207003156831541041","data":{"date":"2025-08-22 07:00:34","eid":"E45756448202508221000tOxNj0kjjUm","amount":"50","name":"JOAB LOPES DUARTE","cpf":"56724268168","bankname":"null","payBank":"","payCpf":"","pixkey":"65992999989","account":"12880000007791866472","status":"done","order":"A2025082207003116067556wsjPada"},"sign":"F4522D9C03F0592FBC8FD793DA47E152"}

【2025-08-22 09:54:26】
P2025082200341133651597902----提交：{"custId":"24120300001308","appId":"8241201350","order":"P2025082200341133651597902","sign":"950DBF0446480486321E10A1A103323C"}

【2025-08-22 09:54:26】
P2025082200341133651597902----返回：{"code":"000000","msg":"P2025082200341133651597902","data":{"date":"2025-08-22 00:34:14","eid":"E457564482025082203348x6dtHmjb0i","amount":"100","name":"CLAUDEMI DA SILVA","cpf":"3111137104","bankname":"null","payBank":"","payCpf":"","pixkey":"67982112129","account":"10319208","status":"done","order":"A202508220034112756286Sy1Wjzgu"},"sign":"B3AE0F4AF2C2277D8751434E32126350"}

【2025-08-22 09:55:04】
P2025082200341133651597902----提交：{"custId":"24120300001308","appId":"8241201350","order":"P2025082200341133651597902","sign":"950DBF0446480486321E10A1A103323C"}

【2025-08-22 09:55:04】
P2025082200341133651597902----返回：{"code":"000000","msg":"P2025082200341133651597902","data":{"date":"2025-08-22 00:34:14","eid":"E457564482025082203348x6dtHmjb0i","amount":"100","name":"CLAUDEMI DA SILVA","cpf":"3111137104","bankname":"null","payBank":"","payCpf":"","pixkey":"67982112129","account":"10319208","status":"done","order":"A202508220034112756286Sy1Wjzgu"},"sign":"B3AE0F4AF2C2277D8751434E32126350"}

