【2025-08-22 16:31:30】
P2025082206250354703242618----提交：{"custId":"24120300001308","appId":"8241201350","order":"P2025082206250354703242618","sign":"923081C2A2975D5C3EE9BE971D3B6BB4"}

【2025-08-22 16:31:31】
P2025082206250354703242618----返回：{"code":"000000","msg":"P2025082206250354703242618","data":{"date":"2025-08-22 06:25:06","eid":"E457564482025082209253cFnlpV40mF","amount":"100","name":"EMERSON DE AMORIM BISCUOLA","cpf":"35126324837","bankname":"null","payBank":"","payCpf":"","pixkey":"11972970067","account":"12880000007575171771","status":"done","order":"A20250822062503297928F4VsYzx53"},"sign":"A704C73DC2B4E09A9E093692A20F875D"}

【2025-08-22 16:31:47】
P2025082206250354703242618----提交：{"custId":"24120300001308","appId":"8241201350","order":"P2025082206250354703242618","sign":"923081C2A2975D5C3EE9BE971D3B6BB4"}

【2025-08-22 16:31:48】
P2025082206250354703242618----返回：{"code":"000000","msg":"P2025082206250354703242618","data":{"date":"2025-08-22 06:25:06","eid":"E457564482025082209253cFnlpV40mF","amount":"100","name":"EMERSON DE AMORIM BISCUOLA","cpf":"35126324837","bankname":"null","payBank":"","payCpf":"","pixkey":"11972970067","account":"12880000007575171771","status":"done","order":"A20250822062503297928F4VsYzx53"},"sign":"A704C73DC2B4E09A9E093692A20F875D"}

【2025-08-22 16:37:49】
P2025081810180523085893025----提交：{"custId":"24120300001308","appId":"8241201350","order":"P2025081810180523085893025","sign":"3CA95659133A0BAA7C1E3D1E19C2D904"}

【2025-08-22 16:37:50】
P2025081810180523085893025----返回：{"code":"000000","msg":"P2025081810180523085893025","data":{"date":"2025-08-18 10:18:07","eid":"E45756448202508181318r6iI67W9o06","amount":"450","name":"Leticia Nascimento Vera","cpf":"48249429850","bankname":"null","payBank":"","payCpf":"","pixkey":"48249429850","account":"255550651","status":"done","order":"A20250818101805524054KwMIzDShS"},"sign":"FCBB20069B3635578CA54ECC1567E6B9"}

【2025-08-22 16:37:51】
P2025081810180523085893025----提交：{"custId":"24120300001308","appId":"8241201350","order":"P2025081810180523085893025","sign":"3CA95659133A0BAA7C1E3D1E19C2D904"}

【2025-08-22 16:37:51】
P2025081810180523085893025----返回：{"code":"000000","msg":"P2025081810180523085893025","data":{"date":"2025-08-18 10:18:07","eid":"E45756448202508181318r6iI67W9o06","amount":"450","name":"Leticia Nascimento Vera","cpf":"48249429850","bankname":"null","payBank":"","payCpf":"","pixkey":"48249429850","account":"255550651","status":"done","order":"A20250818101805524054KwMIzDShS"},"sign":"FCBB20069B3635578CA54ECC1567E6B9"}

【2025-08-22 16:38:06】
P2025081915485729337534427----提交：{"custId":"24120300001308","appId":"8241201350","order":"P2025081915485729337534427","sign":"ED4CA6AFD94C83023EB4BEDF8BEC20E5"}

【2025-08-22 16:38:06】
P2025081915485729337534427----返回：{"code":"000000","msg":"P2025081915485729337534427","data":{"date":"2025-08-19 15:49:00","eid":"E3720544720250819184858206c239dc","amount":"250","name":"Leticia Nascimento Vera","cpf":"48249429850","bankname":"ORBION GAMING LTDA","payBank":"","payCpf":"","pixkey":"48249429850","account":"18236120","status":"done","order":"A20250819154857826153fnUfBRsuD"},"sign":"0B0279BD75DECC01971CA934C70293D9"}

【2025-08-22 16:38:43】
P2025062813530329583845289----提交：{"custId":"24120300001308","appId":"8241201350","order":"P2025062813530329583845289","sign":"20E59DEFC0483D500DC0B26EBF306631"}

【2025-08-22 16:38:44】
P2025062813530329583845289----返回：{"code":"000000","msg":"P2025062813530329583845289","data":{"date":"2025-06-28 13:54:11","eid":"E14483955202506281654JCPHO50ZG83","amount":"20","name":"EMERSON FERREIRA COSTA","cpf":"***.647.432-**","bankname":"60746948","payBank":"","payCpf":"","pixkey":"ec7739695@gmail.com","account":"ec7739695@gmail.com","status":"done","order":"A20250628135401574153B1icKnTTz"},"sign":"C9F502F76B8F51388360CACC2AD0C248"}

【2025-08-22 16:43:09】
P2025081516385686736533953----提交：{"custId":"24120300001308","appId":"8241201350","order":"P2025081516385686736533953","sign":"C98819D137DF30E99B93654CA02A0E48"}

【2025-08-22 16:43:09】
P2025081516385686736533953----返回：{"code":"000000","msg":"P2025081516385686736533953","data":{"date":"2025-08-15 16:39:01","eid":"E45756448202508151938LL3K6uafkaf","amount":"850","name":"Leticia Nascimento Vera","cpf":"48249429850","bankname":"null","payBank":"","payCpf":"","pixkey":"48249429850","account":"255550651","status":"done","order":"A20250815163856706767Aub4ngFtA"},"sign":"9108AE3EAD134E5CFB5092CD7970EC0C"}

【2025-08-22 16:43:13】
P2025081516385686736533953----提交：{"custId":"24120300001308","appId":"8241201350","order":"P2025081516385686736533953","sign":"C98819D137DF30E99B93654CA02A0E48"}

【2025-08-22 16:43:13】
P2025081516385686736533953----返回：{"code":"000000","msg":"P2025081516385686736533953","data":{"date":"2025-08-15 16:39:01","eid":"E45756448202508151938LL3K6uafkaf","amount":"850","name":"Leticia Nascimento Vera","cpf":"48249429850","bankname":"null","payBank":"","payCpf":"","pixkey":"48249429850","account":"255550651","status":"done","order":"A20250815163856706767Aub4ngFtA"},"sign":"9108AE3EAD134E5CFB5092CD7970EC0C"}

【2025-08-22 16:43:28】
P2025081423180524285316773----提交：{"custId":"24120300001308","appId":"8241201350","order":"P2025081423180524285316773","sign":"0CE5A30B897ABF22C43375B769362E97"}

【2025-08-22 16:43:28】
P2025081423180524285316773----返回：{"code":"000000","msg":"P2025081423180524285316773","data":{"date":"2025-08-14 23:18:08","eid":"E3720544720250815021805941417bbc","amount":"180","name":"Leticia Nascimento Vera","cpf":"48249429850","bankname":"ORBION GAMING LTDA","payBank":"","payCpf":"","pixkey":"48249429850","account":"18236120","status":"done","order":"A20250814231805993209IilsRiYLR"},"sign":"B5EFC4356E2C1DB7729E82B18D5BBA1B"}

【2025-08-22 16:43:28】
P2025081423180524285316773----提交：{"custId":"24120300001308","appId":"8241201350","order":"P2025081423180524285316773","sign":"0CE5A30B897ABF22C43375B769362E97"}

【2025-08-22 16:43:28】
P2025081423180524285316773----返回：{"code":"000000","msg":"P2025081423180524285316773","data":{"date":"2025-08-14 23:18:08","eid":"E3720544720250815021805941417bbc","amount":"180","name":"Leticia Nascimento Vera","cpf":"48249429850","bankname":"ORBION GAMING LTDA","payBank":"","payCpf":"","pixkey":"48249429850","account":"18236120","status":"done","order":"A20250814231805993209IilsRiYLR"},"sign":"B5EFC4356E2C1DB7729E82B18D5BBA1B"}

【2025-08-22 16:56:14】
P2025082216472292042952682----提交：{"custId":"24120300001308","appId":"8241201350","order":"P2025082216472292042952682","sign":"07BDB1832C1ED7560509AF5495371595"}

【2025-08-22 16:56:15】
P2025082216472292042952682----返回：{"code":"000000","msg":"P2025082216472292042952682","data":{"date":"2025-08-22 16:47:26","eid":"E37205447202508221947227830a8431","amount":"10","name":"ANA CRISTINA CASTRO DA SILVA","cpf":"03923173202","bankname":"ORBION GAMING LTDA","payBank":"","payCpf":"","pixkey":"03923173202","account":"18189547","status":"done","order":"A20250822164722522771v4lWLZgBU"},"sign":"CD8F83E1F269F0B3A97ED2FBF8B6430E"}

