【2025-08-22 17:14:29】
P2025081610092849768822736----提交：{"custId":"24120300001308","appId":"8241201350","order":"P2025081610092849768822736","sign":"87650E9D42D1DB315B53D05A802C8AA5"}

【2025-08-22 17:14:30】
P2025081610092849768822736----返回：{"code":"000000","msg":"P2025081610092849768822736","data":{"date":"2025-08-16 10:09:32","eid":"E3720544720250816130929249208ffb","amount":"150","name":"PAULO VINICIUS NUNES","cpf":"37787421835","bankname":"ORBION GAMING LTDA","payBank":"","payCpf":"","pixkey":"37787421835","account":"54403563","status":"done","order":"A20250816100929335563dp66Xf1iY"},"sign":"0908FF4293C66DDAC44689AF2AE9B494"}

【2025-08-22 17:15:23】
P2025081908554904549475754----提交：{"custId":"24120300001308","appId":"8241201350","order":"P2025081908554904549475754","sign":"132035F333E70173B3AFCF2B679E274A"}

【2025-08-22 17:15:23】
P2025081908554904549475754----返回：{"code":"000000","msg":"P2025081908554904549475754","data":{"date":"2025-08-19 08:55:52","eid":"E372054472025081911554945807c52d","amount":"20","name":"JONILTON POJO RIBEIRO","cpf":"61910884340","bankname":"ORBION GAMING LTDA","payBank":"","payCpf":"","pixkey":"61910884340","account":"22896431","status":"done","order":"A20250819085549416231SFIHQGKaV"},"sign":"60AB39F9E82C613D1A5A419DD5D6D7AA"}

【2025-08-22 17:15:25】
P2025081908554904549475754----提交：{"custId":"24120300001308","appId":"8241201350","order":"P2025081908554904549475754","sign":"132035F333E70173B3AFCF2B679E274A"}

【2025-08-22 17:15:25】
P2025081908554904549475754----返回：{"code":"000000","msg":"P2025081908554904549475754","data":{"date":"2025-08-19 08:55:52","eid":"E372054472025081911554945807c52d","amount":"20","name":"JONILTON POJO RIBEIRO","cpf":"61910884340","bankname":"ORBION GAMING LTDA","payBank":"","payCpf":"","pixkey":"61910884340","account":"22896431","status":"done","order":"A20250819085549416231SFIHQGKaV"},"sign":"60AB39F9E82C613D1A5A419DD5D6D7AA"}

【2025-08-22 17:27:16】
P2025082123321029930093248----提交：{"custId":"24120300001308","appId":"8241201350","order":"P2025082123321029930093248","sign":"5AC32A7CC5ABD43F8CE379BE22EEE650"}

【2025-08-22 17:27:16】
P2025082123321029930093248----返回：{"code":"000000","msg":"P2025082123321029930093248","data":{"date":"2025-08-21 23:34:37","eid":"E3720544720250822023211500a81873","amount":"200","name":"JOSE RODRIGUES PESSOA","cpf":"32239351187","bankname":"ORBION GAMING LTDA","payBank":"","payCpf":"","pixkey":"67992854800","account":"17184037","status":"done","order":"A20250821233210646016s1j9mjf5h"},"sign":"8AA130D77D5E2B48FF13387826382165"}

【2025-08-22 17:28:15】
P2025082123321029930093248----提交：{"custId":"24120300001308","appId":"8241201350","order":"P2025082123321029930093248","sign":"5AC32A7CC5ABD43F8CE379BE22EEE650"}

【2025-08-22 17:28:15】
P2025082123321029930093248----返回：{"code":"000000","msg":"P2025082123321029930093248","data":{"date":"2025-08-21 23:34:37","eid":"E3720544720250822023211500a81873","amount":"200","name":"JOSE RODRIGUES PESSOA","cpf":"32239351187","bankname":"ORBION GAMING LTDA","payBank":"","payCpf":"","pixkey":"67992854800","account":"17184037","status":"done","order":"A20250821233210646016s1j9mjf5h"},"sign":"8AA130D77D5E2B48FF13387826382165"}

【2025-08-22 17:40:14】
P2025082217125793577329193----提交：{"custId":"24120300001308","appId":"8241201350","order":"P2025082217125793577329193","sign":"CC60391CC33383A70B6B9CADA516AEEE"}

【2025-08-22 17:40:14】
P2025082217125793577329193----返回：{"code":"000000","msg":"P2025082217125793577329193","data":{"date":"2025-08-22 17:16:30","eid":"E37205447202508222012573374ee7ff","amount":"700","name":"Kalila Lamine Araújo Pinto ","cpf":"04123569536","bankname":"ORBION GAMING LTDA","payBank":"","payCpf":"","pixkey":"04123569536","account":"20855875","status":"done","order":"A202508221712577446219jjfx9wFp"},"sign":"B464B0B07450F3A95E5285B248C14BB8"}

【2025-08-22 17:40:18】
P2025082217125793577329193----提交：{"custId":"24120300001308","appId":"8241201350","order":"P2025082217125793577329193","sign":"CC60391CC33383A70B6B9CADA516AEEE"}

【2025-08-22 17:40:18】
P2025082217125793577329193----返回：{"code":"000000","msg":"P2025082217125793577329193","data":{"date":"2025-08-22 17:16:30","eid":"E37205447202508222012573374ee7ff","amount":"700","name":"Kalila Lamine Araújo Pinto ","cpf":"04123569536","bankname":"ORBION GAMING LTDA","payBank":"","payCpf":"","pixkey":"04123569536","account":"20855875","status":"done","order":"A202508221712577446219jjfx9wFp"},"sign":"B464B0B07450F3A95E5285B248C14BB8"}

【2025-08-22 17:42:01】
P2025082206454855948262060----提交：{"custId":"24120300001308","appId":"8241201350","order":"P2025082206454855948262060","sign":"ABB7E0ACC6C1E3B1325BE96EDA49EDA5"}

【2025-08-22 17:42:01】
P2025082206454855948262060----返回：{"code":"000000","msg":"P2025082206454855948262060","data":{"date":"2025-08-22 06:45:51","eid":"E45756448202508220945Rrsoc1EsLUq","amount":"30","name":"ALISSON DELANO DE MEDEIROS COSTA","cpf":"7853706413","bankname":"null","payBank":"","payCpf":"","pixkey":"69999902025","account":"224015","status":"done","order":"A20250822064548297633nIUkZjTm1"},"sign":"EDD143573944367D3C8DA9DE50E287CE"}

【2025-08-22 17:46:38】
P2025082206454855948262060----提交：{"custId":"24120300001308","appId":"8241201350","order":"P2025082206454855948262060","sign":"ABB7E0ACC6C1E3B1325BE96EDA49EDA5"}

【2025-08-22 17:46:39】
P2025082206454855948262060----返回：{"code":"000000","msg":"P2025082206454855948262060","data":{"date":"2025-08-22 06:45:51","eid":"E45756448202508220945Rrsoc1EsLUq","amount":"30","name":"ALISSON DELANO DE MEDEIROS COSTA","cpf":"7853706413","bankname":"null","payBank":"","payCpf":"","pixkey":"69999902025","account":"224015","status":"done","order":"A20250822064548297633nIUkZjTm1"},"sign":"EDD143573944367D3C8DA9DE50E287CE"}

【2025-08-22 17:49:25】
P2025082217125693576463684----提交：{"custId":"24120300001308","appId":"8241201350","order":"P2025082217125693576463684","sign":"5AF967A7283AFCAA083C23B4D9288A19"}

【2025-08-22 17:49:25】
P2025082217125693576463684----返回：{"code":"000000","msg":"P2025082217125693576463684","data":{"date":"2025-08-22 17:14:06","eid":"E37205447202508222014035994c8168","amount":"6000","name":"MARIA DO ESPIRITO SANTO JESUS","cpf":"00535720505","bankname":"ORBION GAMING LTDA","payBank":"","payCpf":"","pixkey":"00535720505","account":"20855875","status":"done","order":"A20250822171402619927lUv47x3cx"},"sign":"C0C069E0F61140E7AEAE293C4F4B26A7"}

【2025-08-22 17:49:27】
P2025082217125693576463684----提交：{"custId":"24120300001308","appId":"8241201350","order":"P2025082217125693576463684","sign":"5AF967A7283AFCAA083C23B4D9288A19"}

【2025-08-22 17:49:28】
P2025082217125693576463684----返回：{"code":"000000","msg":"P2025082217125693576463684","data":{"date":"2025-08-22 17:14:06","eid":"E37205447202508222014035994c8168","amount":"6000","name":"MARIA DO ESPIRITO SANTO JESUS","cpf":"00535720505","bankname":"ORBION GAMING LTDA","payBank":"","payCpf":"","pixkey":"00535720505","account":"20855875","status":"done","order":"A20250822171402619927lUv47x3cx"},"sign":"C0C069E0F61140E7AEAE293C4F4B26A7"}

