【2025-08-15 08:04:35】
P2025081508025655776496357----提交：{"custId":"24120300001308","appId":"8241201350","order":"P2025081508025655776496357","sign":"58C5651C9176250ECC327F37D44E4463"}

【2025-08-15 08:04:35】
P2025081508025655776496357----返回：{"code":"000000","msg":"P2025081508025655776496357","data":{"date":"2025-08-15 08:04:05","eid":"E372054472025081511040233993d772","amount":"10","name":"Sabrina Santos Costa","cpf":"57579892898","bankname":"ORBION GAMING LTDA","payBank":"","payCpf":"","pixkey":"57579892898","account":"10573521","status":"done","order":"A20250815080402523117GW9WINT4G"},"sign":"FB3DBF7BBE2A5EE2BCF89979FFB0F9C6"}

【2025-08-15 08:17:59】
P2025081508170056620836288----提交：{"custId":"24120300001308","appId":"8241201350","order":"P2025081508170056620836288","sign":"1916F2A2BBACF31E6827859DEBE58B9F"}

【2025-08-15 08:17:59】
P2025081508170056620836288----返回：{"code":"000000","msg":"P2025081508170056620836288","data":{"date":"2025-08-15 08:17:04","eid":"E3720544720250815111701309aa91b1","amount":"30","name":"Severina Inalda De Assis","cpf":"66506948434","bankname":"ORBION GAMING LTDA","payBank":"","payCpf":"","pixkey":"66506948434","account":"22896431","status":"done","order":"A20250815081700919479cj9fRzu1Q"},"sign":"EC9AB9110D8349D1D388237348B89CFF"}

【2025-08-15 08:18:54】
P2025081413453689936092644----提交：{"custId":"24120300001308","appId":"8241201350","order":"P2025081413453689936092644","sign":"C03CFE9B09801D6B665DD5C2A2E17C11"}

【2025-08-15 08:18:54】
P2025081413453689936092644----返回：{"code":"000000","msg":"P2025081413453689936092644","data":{"date":"2025-08-14 13:45:40","eid":"E3720544720250814164537169b67520","amount":"30","name":"Jose Gomes De Aguiar","cpf":"03268800629","bankname":"ORBION GAMING LTDA","payBank":"","payCpf":"","pixkey":"31991903905","account":"22896431","status":"done","order":"A20250814134536210405SKsGneQe5"},"sign":"305334E59A80B7D85967EEEED423AAA5"}

【2025-08-15 08:18:57】
P2025081413453689936092644----提交：{"custId":"24120300001308","appId":"8241201350","order":"P2025081413453689936092644","sign":"C03CFE9B09801D6B665DD5C2A2E17C11"}

【2025-08-15 08:18:57】
P2025081413453689936092644----返回：{"code":"000000","msg":"P2025081413453689936092644","data":{"date":"2025-08-14 13:45:40","eid":"E3720544720250814164537169b67520","amount":"30","name":"Jose Gomes De Aguiar","cpf":"03268800629","bankname":"ORBION GAMING LTDA","payBank":"","payCpf":"","pixkey":"31991903905","account":"22896431","status":"done","order":"A20250814134536210405SKsGneQe5"},"sign":"305334E59A80B7D85967EEEED423AAA5"}

【2025-08-15 08:38:39】
P2025081408103969839801941----提交：{"custId":"24120300001308","appId":"8241201350","order":"P2025081408103969839801941","sign":"A959F812200E70EBCADEB63D76EB1EAD"}

【2025-08-15 08:38:39】
P2025081408103969839801941----返回：{"code":"000000","msg":"P2025081408103969839801941","data":{"date":"2025-08-14 08:10:41","eid":"E3720544720250814111039860c48c23","amount":"10","name":"ANDREA REGINA L BARBOSA","cpf":"15501083876","bankname":"ORBION GAMING LTDA","payBank":"","payCpf":"","pixkey":"19991913609","account":"60701190","status":"done","order":"A20250814081039337003X7vv8r5KG"},"sign":"71E3935CD265F175F9DCF4466CACD2F6"}

【2025-08-15 08:38:43】
P2025081408103969839801941----提交：{"custId":"24120300001308","appId":"8241201350","order":"P2025081408103969839801941","sign":"A959F812200E70EBCADEB63D76EB1EAD"}

【2025-08-15 08:38:43】
P2025081408103969839801941----返回：{"code":"000000","msg":"P2025081408103969839801941","data":{"date":"2025-08-14 08:10:41","eid":"E3720544720250814111039860c48c23","amount":"10","name":"ANDREA REGINA L BARBOSA","cpf":"15501083876","bankname":"ORBION GAMING LTDA","payBank":"","payCpf":"","pixkey":"19991913609","account":"60701190","status":"done","order":"A20250814081039337003X7vv8r5KG"},"sign":"71E3935CD265F175F9DCF4466CACD2F6"}

【2025-08-15 08:38:47】
P2025081408071769637926476----提交：{"custId":"24120300001308","appId":"8241201350","order":"P2025081408071769637926476","sign":"F108FF2D454006304E07ED0EDC6F6736"}

【2025-08-15 08:38:47】
P2025081408071769637926476----返回：{"code":"000000","msg":"P2025081408071769637926476","data":{"date":"2025-08-14 08:07:19","eid":"E37205447202508141107176132c8fbc","amount":"30","name":"Solange Malaquias dos Santos","cpf":"01198735406","bankname":"ORBION GAMING LTDA","payBank":"","payCpf":"","pixkey":"01198735406","account":"18236120","status":"done","order":"A20250814080717177737Xieidd25w"},"sign":"D40961D563E4C6E7C536614EF0657B73"}

【2025-08-15 08:53:11】
P2025081422104720247558230----提交：{"custId":"24120300001308","appId":"8241201350","order":"P2025081422104720247558230","sign":"B1D60D2BE1AE0D1DD307865AD8719349"}

【2025-08-15 08:53:11】
P2025081422104720247558230----返回：{"code":"000000","msg":"P2025081422104720247558230","data":{"date":"2025-08-14 22:10:50","eid":"E37205447202508150110481086de52b","amount":"29.4","name":"Marcele Da Silva Pereira","cpf":"16537002702","bankname":"ORBION GAMING LTDA","payBank":"","payCpf":"","pixkey":"16537002702","account":"22896431","status":"done","order":"A20250814221047645953R5yUNBL7e"},"sign":"D62A946EAEE8D8C09C18514AFD996789"}

【2025-08-15 08:53:13】
P2025081422104720247558230----提交：{"custId":"24120300001308","appId":"8241201350","order":"P2025081422104720247558230","sign":"B1D60D2BE1AE0D1DD307865AD8719349"}

【2025-08-15 08:53:13】
P2025081422104720247558230----返回：{"code":"000000","msg":"P2025081422104720247558230","data":{"date":"2025-08-14 22:10:50","eid":"E37205447202508150110481086de52b","amount":"29.4","name":"Marcele Da Silva Pereira","cpf":"16537002702","bankname":"ORBION GAMING LTDA","payBank":"","payCpf":"","pixkey":"16537002702","account":"22896431","status":"done","order":"A20250814221047645953R5yUNBL7e"},"sign":"D62A946EAEE8D8C09C18514AFD996789"}

【2025-08-15 08:53:32】
P2025081422161320573838586----提交：{"custId":"24120300001308","appId":"8241201350","order":"P2025081422161320573838586","sign":"D5A0E7D5C381A78B2DB55B8E577FF622"}

【2025-08-15 08:53:32】
P2025081422161320573838586----返回：{"code":"000000","msg":"P2025081422161320573838586","data":{"date":"2025-08-14 22:16:20","eid":"E3720544720250815011614973c968e4","amount":"29.4","name":"Marcele Da Silva Pereira","cpf":"16537002702","bankname":"ORBION GAMING LTDA","payBank":"","payCpf":"","pixkey":"16537002702","account":"22896431","status":"done","order":"A20250814221614398552hmLjWseRR"},"sign":"AB52C0C2596398C154323BF289D98DA1"}

【2025-08-15 08:53:33】
P2025081422161320573838586----提交：{"custId":"24120300001308","appId":"8241201350","order":"P2025081422161320573838586","sign":"D5A0E7D5C381A78B2DB55B8E577FF622"}

【2025-08-15 08:53:33】
P2025081422161320573838586----返回：{"code":"000000","msg":"P2025081422161320573838586","data":{"date":"2025-08-14 22:16:20","eid":"E3720544720250815011614973c968e4","amount":"29.4","name":"Marcele Da Silva Pereira","cpf":"16537002702","bankname":"ORBION GAMING LTDA","payBank":"","payCpf":"","pixkey":"16537002702","account":"22896431","status":"done","order":"A20250814221614398552hmLjWseRR"},"sign":"AB52C0C2596398C154323BF289D98DA1"}

【2025-08-15 08:58:27】
P2025081508562358983958023----提交：{"custId":"24120300001308","appId":"8241201350","order":"P2025081508562358983958023","sign":"53D4EE47F6F2E0C5B61053D12224F5B0"}

【2025-08-15 08:58:27】
P2025081508562358983958023----返回：{"code":"000000","msg":"P2025081508562358983958023","data":{"date":"2025-08-15 08:58:04","eid":"E3720544720250815115802416028339","amount":"77","name":"KEROLEN LAYNE PERES GONCALVES","cpf":"04801686109","bankname":"ORBION GAMING LTDA","payBank":"","payCpf":"","pixkey":"04801686109","account":"00000000","status":"done","order":"A20250815085802809395chzSppiyC"},"sign":"CAF456888D77A9B314E25935703EF040"}

