【2025-08-15 16:03:30】
P2025081421205617256078305----提交：{"custId":"24120300001308","appId":"8241201350","order":"P2025081421205617256078305","sign":"4B2254B013900707B9E31C5CB71B1077"}

【2025-08-15 16:03:31】
P2025081421205617256078305----返回：{"code":"000000","msg":"P2025081421205617256078305","data":{"date":"2025-08-14 21:21:08","eid":"E3720544720250815002057541103994","amount":"100","name":"WILLIAM ROGERIO MONTEIRO","cpf":"31614483833","bankname":"ORBION GAMING LTDA","payBank":"","payCpf":"","pixkey":"19997351675","account":"90400888","status":"done","order":"A20250814212057614200CSn32eKwh"},"sign":"118EB215693A263DBB6DCA00610683A6"}

【2025-08-15 16:03:32】
P2025081421205617256078305----提交：{"custId":"24120300001308","appId":"8241201350","order":"P2025081421205617256078305","sign":"4B2254B013900707B9E31C5CB71B1077"}

【2025-08-15 16:03:33】
P2025081421205617256078305----返回：{"code":"000000","msg":"P2025081421205617256078305","data":{"date":"2025-08-14 21:21:08","eid":"E3720544720250815002057541103994","amount":"100","name":"WILLIAM ROGERIO MONTEIRO","cpf":"31614483833","bankname":"ORBION GAMING LTDA","payBank":"","payCpf":"","pixkey":"19997351675","account":"90400888","status":"done","order":"A20250814212057614200CSn32eKwh"},"sign":"118EB215693A263DBB6DCA00610683A6"}

【2025-08-15 16:12:24】
P2025081423595726797014108----提交：{"custId":"24120300001308","appId":"8241201350","order":"P2025081423595726797014108","sign":"CCA6FBD0AEBB5A4E3261516F479092D0"}

【2025-08-15 16:12:25】
P2025081423595726797014108----返回：{"code":"000000","msg":"P2025081423595726797014108","data":{"date":"2025-08-15 00:00:00","eid":"E3720544720250815025957868e9ad2e","amount":"50","name":"Dailson Machado Carvalho","cpf":"09241336510","bankname":"ORBION GAMING LTDA","payBank":"","payCpf":"","pixkey":"09241336510","account":"22896431","status":"done","order":"A20250814235957780312CfUKqRiA6"},"sign":"71EA4CCD61085B840AE4F3336310A824"}

【2025-08-15 16:12:25】
P2025081423595726797014108----提交：{"custId":"24120300001308","appId":"8241201350","order":"P2025081423595726797014108","sign":"CCA6FBD0AEBB5A4E3261516F479092D0"}

【2025-08-15 16:12:26】
P2025081423595726797014108----返回：{"code":"000000","msg":"P2025081423595726797014108","data":{"date":"2025-08-15 00:00:00","eid":"E3720544720250815025957868e9ad2e","amount":"50","name":"Dailson Machado Carvalho","cpf":"09241336510","bankname":"ORBION GAMING LTDA","payBank":"","payCpf":"","pixkey":"09241336510","account":"22896431","status":"done","order":"A20250814235957780312CfUKqRiA6"},"sign":"71EA4CCD61085B840AE4F3336310A824"}

【2025-08-15 16:30:30】
P2025081511394068780069857----提交：{"custId":"24120300001308","appId":"8241201350","order":"P2025081511394068780069857","sign":"875B812247DB3DEE1B41075197D0F9A7"}

【2025-08-15 16:30:30】
P2025081511394068780069857----返回：{"code":"000000","msg":"P2025081511394068780069857","data":{"date":"2025-08-15 11:39:44","eid":"E372054472025081514394065990e0d4","amount":"72","name":"Isael Leme de Almeida","cpf":"30808408879","bankname":"ORBION GAMING LTDA","payBank":"","payCpf":"","pixkey":"14998324953","account":"18236120","status":"done","order":"A20250815113940779524cHEUpgkxb"},"sign":"6FD96F3FD7DE431CB3D34579ED0CE09D"}

【2025-08-15 16:38:41】
P2025081504132742007378888----提交：{"custId":"24120300001308","appId":"8241201350","order":"P2025081504132742007378888","sign":"3ED3AB49D8C66D5C580E565B4BC2D564"}

【2025-08-15 16:38:41】
P2025081504132742007378888----返回：{"code":"000000","msg":"P2025081504132742007378888","data":{"date":"2025-08-15 04:13:29","eid":"E3720544720250815071327373a3ace0","amount":"40","name":"Jose Luiz Dos Santos","cpf":"61205214534","bankname":"ORBION GAMING LTDA","payBank":"","payCpf":"","pixkey":"75981320577","account":"08561701","status":"done","order":"A20250815041327924718maxjn344a"},"sign":"0232FB01B918D7498DA1C00E02F18327"}

【2025-08-15 16:39:03】
P2025081504132742007378888----提交：{"custId":"24120300001308","appId":"8241201350","order":"P2025081504132742007378888","sign":"3ED3AB49D8C66D5C580E565B4BC2D564"}

【2025-08-15 16:39:04】
P2025081504132742007378888----返回：{"code":"000000","msg":"P2025081504132742007378888","data":{"date":"2025-08-15 04:13:29","eid":"E3720544720250815071327373a3ace0","amount":"40","name":"Jose Luiz Dos Santos","cpf":"61205214534","bankname":"ORBION GAMING LTDA","payBank":"","payCpf":"","pixkey":"75981320577","account":"08561701","status":"done","order":"A20250815041327924718maxjn344a"},"sign":"0232FB01B918D7498DA1C00E02F18327"}

【2025-08-15 16:46:38】
P2025081516394886788106578----提交：{"custId":"24120300001308","appId":"8241201350","order":"P2025081516394886788106578","sign":"60AD71AA8434E3D3DE97CF107BC81759"}

【2025-08-15 16:46:38】
P2025081516394886788106578----返回：{"code":"000000","msg":"P2025081516394886788106578","data":{"date":"2025-08-15 16:39:55","eid":"E45756448202508151939zfqZxJMfOEy","amount":"66","name":"JOVANIA SOARES DE OLIVEIRA","cpf":"6518569140","bankname":"null","payBank":"","payCpf":"","pixkey":"geovanaramos699@gmail.com","account":"292651562","status":"done","order":"A20250815163948288665ekClqjUpi"},"sign":"186D3C75C6CE53448B45FE55E1A4CB5F"}

【2025-08-15 16:46:41】
P2025081516394886788106578----提交：{"custId":"24120300001308","appId":"8241201350","order":"P2025081516394886788106578","sign":"60AD71AA8434E3D3DE97CF107BC81759"}

【2025-08-15 16:46:42】
P2025081516394886788106578----返回：{"code":"000000","msg":"P2025081516394886788106578","data":{"date":"2025-08-15 16:39:55","eid":"E45756448202508151939zfqZxJMfOEy","amount":"66","name":"JOVANIA SOARES DE OLIVEIRA","cpf":"6518569140","bankname":"null","payBank":"","payCpf":"","pixkey":"geovanaramos699@gmail.com","account":"292651562","status":"done","order":"A20250815163948288665ekClqjUpi"},"sign":"186D3C75C6CE53448B45FE55E1A4CB5F"}

