【2025-08-15 03:00:58】
P2025081422015019710527694----提交：{"custId":"24120300001308","appId":"8241201350","order":"P2025081422015019710527694","sign":"AADA208DEAD66F458E08D72BAFB3408F"}

【2025-08-15 03:00:58】
P2025081422015019710527694----返回：{"code":"000000","msg":"P2025081422015019710527694","data":{"date":"2025-08-14 22:01:57","eid":"E45756448202508150101RF0vSaCefEu","amount":"196","name":"NELSON RIBEIRO PEREIRA","cpf":"98550594172","bankname":"null","payBank":"","payCpf":"","pixkey":"98550594172","account":"206279002","status":"done","order":"A20250814220151969848ll4CxEcWu"},"sign":"4C4924974C9F6AFF58D3B71F98E39924"}

【2025-08-15 03:02:16】
P2025081422015019710527694----提交：{"custId":"24120300001308","appId":"8241201350","order":"P2025081422015019710527694","sign":"AADA208DEAD66F458E08D72BAFB3408F"}

【2025-08-15 03:02:16】
P2025081422015019710527694----返回：{"code":"000000","msg":"P2025081422015019710527694","data":{"date":"2025-08-14 22:01:57","eid":"E45756448202508150101RF0vSaCefEu","amount":"196","name":"NELSON RIBEIRO PEREIRA","cpf":"98550594172","bankname":"null","payBank":"","payCpf":"","pixkey":"98550594172","account":"206279002","status":"done","order":"A20250814220151969848ll4CxEcWu"},"sign":"4C4924974C9F6AFF58D3B71F98E39924"}

【2025-08-15 03:05:01】
P2025081422015019710527694----提交：{"custId":"24120300001308","appId":"8241201350","order":"P2025081422015019710527694","sign":"AADA208DEAD66F458E08D72BAFB3408F"}

【2025-08-15 03:05:01】
P2025081422015019710527694----返回：{"code":"000000","msg":"P2025081422015019710527694","data":{"date":"2025-08-14 22:01:57","eid":"E45756448202508150101RF0vSaCefEu","amount":"196","name":"NELSON RIBEIRO PEREIRA","cpf":"98550594172","bankname":"null","payBank":"","payCpf":"","pixkey":"98550594172","account":"206279002","status":"done","order":"A20250814220151969848ll4CxEcWu"},"sign":"4C4924974C9F6AFF58D3B71F98E39924"}

【2025-08-15 03:05:37】
P2025081202093075370174488----提交：{"custId":"24120300001308","appId":"8241201350","order":"P2025081202093075370174488","sign":"A6BEB3274FBB4EA3A9D658FC26CBF979"}

【2025-08-15 03:05:37】
P2025081202093075370174488----返回：{"code":"000000","msg":"P2025081202093075370174488","data":{"date":"2025-08-12 02:09:33","eid":"E372054472025081205093097529f0a4","amount":"12","name":"Carlos Henrique Roque Queiroz","cpf":"12689725410","bankname":"ORBION GAMING LTDA","payBank":"","payCpf":"","pixkey":"12689725410","account":"18236120","status":"done","order":"A20250812020930469932mglaMEIJq"},"sign":"C1B4AFAE7777206B7997F1BC3832B326"}

【2025-08-15 03:05:40】
P2025081202093075370174488----提交：{"custId":"24120300001308","appId":"8241201350","order":"P2025081202093075370174488","sign":"A6BEB3274FBB4EA3A9D658FC26CBF979"}

【2025-08-15 03:05:40】
P2025081202093075370174488----返回：{"code":"000000","msg":"P2025081202093075370174488","data":{"date":"2025-08-12 02:09:33","eid":"E372054472025081205093097529f0a4","amount":"12","name":"Carlos Henrique Roque Queiroz","cpf":"12689725410","bankname":"ORBION GAMING LTDA","payBank":"","payCpf":"","pixkey":"12689725410","account":"18236120","status":"done","order":"A20250812020930469932mglaMEIJq"},"sign":"C1B4AFAE7777206B7997F1BC3832B326"}

