【2025-08-15 18:00:48】
P2025081517135388833276030----提交：{"custId":"24120300001308","appId":"8241201350","order":"P2025081517135388833276030","sign":"68936EE23308B795D5F70AF2FFEC88D3"}

【2025-08-15 18:00:48】
P2025081517135388833276030----返回：{"code":"000000","msg":"P2025081517135388833276030","data":{"date":"2025-08-15 17:13:57","eid":"E3720544720250815201354496ea872d","amount":"755","name":"DAYANA DA SILVA ALVES FIRMINO","cpf":"51413318819","bankname":"ORBION GAMING LTDA","payBank":"","payCpf":"","pixkey":"daya.alvess25@gmail.com","account":"60746948","status":"done","order":"A20250815171353904337kb1vGEUSU"},"sign":"C79454C26F5B5D34D3436FF78F9E5FC8"}

【2025-08-15 18:04:00】
P2025081517563191391131325----提交：{"custId":"24120300001308","appId":"8241201350","order":"P2025081517563191391131325","sign":"EF46A2A97744A705CBEFC974D1B60FA4"}

【2025-08-15 18:04:01】
P2025081517563191391131325----返回：{"code":"000000","msg":"P2025081517563191391131325","data":{"date":"2025-08-15 17:56:36","eid":"E45756448202508152056UoxoiXZafEa","amount":"57.01","name":"Kelly Camargo","cpf":"34745184883","bankname":"null","payBank":"","payCpf":"","pixkey":"95920016746","account":"282280471","status":"done","order":"A20250815175632708175mFNKPvg4W"},"sign":"8C86AFA4BBF5B4541DCA6440D20040C5"}

【2025-08-15 18:04:04】
P2025081517563191391131325----提交：{"custId":"24120300001308","appId":"8241201350","order":"P2025081517563191391131325","sign":"EF46A2A97744A705CBEFC974D1B60FA4"}

【2025-08-15 18:04:04】
P2025081517563191391131325----返回：{"code":"000000","msg":"P2025081517563191391131325","data":{"date":"2025-08-15 17:56:36","eid":"E45756448202508152056UoxoiXZafEa","amount":"57.01","name":"Kelly Camargo","cpf":"34745184883","bankname":"null","payBank":"","payCpf":"","pixkey":"95920016746","account":"282280471","status":"done","order":"A20250815175632708175mFNKPvg4W"},"sign":"8C86AFA4BBF5B4541DCA6440D20040C5"}

【2025-08-15 18:04:45】
P2025081517463490794764685----提交：{"custId":"24120300001308","appId":"8241201350","order":"P2025081517463490794764685","sign":"2ACC5BACE6A963FBE70BD000C4F5A062"}

【2025-08-15 18:04:46】
P2025081517463490794764685----返回：{"code":"000000","msg":"P2025081517463490794764685","data":{"date":"2025-08-15 17:46:39","eid":"E45756448202508152046CsC6zMHYwUm","amount":"14.48","name":"HUGO DE OLIVEIRA SILVA","cpf":"40983682852","bankname":"null","payBank":"","payCpf":"","pixkey":"13996155070","account":"148066","status":"done","order":"A20250815174634086407LCCacuQVf"},"sign":"C1311F63C1B78A4F322A97269BC0BCBF"}

【2025-08-15 18:04:47】
P2025081517463490794764685----提交：{"custId":"24120300001308","appId":"8241201350","order":"P2025081517463490794764685","sign":"2ACC5BACE6A963FBE70BD000C4F5A062"}

【2025-08-15 18:04:47】
P2025081517463490794764685----返回：{"code":"000000","msg":"P2025081517463490794764685","data":{"date":"2025-08-15 17:46:39","eid":"E45756448202508152046CsC6zMHYwUm","amount":"14.48","name":"HUGO DE OLIVEIRA SILVA","cpf":"40983682852","bankname":"null","payBank":"","payCpf":"","pixkey":"13996155070","account":"148066","status":"done","order":"A20250815174634086407LCCacuQVf"},"sign":"C1311F63C1B78A4F322A97269BC0BCBF"}

【2025-08-15 18:12:12】
P2025081413432789807303161----提交：{"custId":"24120300001308","appId":"8241201350","order":"P2025081413432789807303161","sign":"5FE9851D349E0DFE74275D4D54D6889E"}

【2025-08-15 18:12:13】
P2025081413432789807303161----返回：{"code":"000000","msg":"P2025081413432789807303161","data":{"date":"2025-08-14 13:43:32","eid":"E372054472025081416432858059a887","amount":"80","name":"CLAUDIO ROBERTO DOS SANTOS","cpf":"01953890938","bankname":"ORBION GAMING LTDA","payBank":"","payCpf":"","pixkey":"44998060939","account":"79342069","status":"done","order":"A20250814134328455514h38ZPPHks"},"sign":"4E6170373463CB7EC04E9498BFF04C4F"}

【2025-08-15 18:12:15】
P2025081413432789807303161----提交：{"custId":"24120300001308","appId":"8241201350","order":"P2025081413432789807303161","sign":"5FE9851D349E0DFE74275D4D54D6889E"}

【2025-08-15 18:12:15】
P2025081413432789807303161----返回：{"code":"000000","msg":"P2025081413432789807303161","data":{"date":"2025-08-14 13:43:32","eid":"E372054472025081416432858059a887","amount":"80","name":"CLAUDIO ROBERTO DOS SANTOS","cpf":"01953890938","bankname":"ORBION GAMING LTDA","payBank":"","payCpf":"","pixkey":"44998060939","account":"79342069","status":"done","order":"A20250814134328455514h38ZPPHks"},"sign":"4E6170373463CB7EC04E9498BFF04C4F"}

【2025-08-15 18:13:27】
P2025081407025365773232290----提交：{"custId":"24120300001308","appId":"8241201350","order":"P2025081407025365773232290","sign":"920D7E7208BF2FAFDD1B5734B0D9ACD9"}

【2025-08-15 18:13:27】
P2025081407025365773232290----返回：{"code":"000000","msg":"P2025081407025365773232290","data":{"date":"2025-08-14 07:02:57","eid":"E37205447202508141002556134d635d","amount":"40","name":"CLAUDIO ROBERTO DOS SANTOS","cpf":"01953890938","bankname":"ORBION GAMING LTDA","payBank":"","payCpf":"","pixkey":"44998060939","account":"79342069","status":"done","order":"A202508140702534855621k3CplCsR"},"sign":"53E6CED1880ACFB58069C99755C3AC93"}

【2025-08-15 18:13:29】
P2025081407025365773232290----提交：{"custId":"24120300001308","appId":"8241201350","order":"P2025081407025365773232290","sign":"920D7E7208BF2FAFDD1B5734B0D9ACD9"}

【2025-08-15 18:13:30】
P2025081407025365773232290----返回：{"code":"000000","msg":"P2025081407025365773232290","data":{"date":"2025-08-14 07:02:57","eid":"E37205447202508141002556134d635d","amount":"40","name":"CLAUDIO ROBERTO DOS SANTOS","cpf":"01953890938","bankname":"ORBION GAMING LTDA","payBank":"","payCpf":"","pixkey":"44998060939","account":"79342069","status":"done","order":"A202508140702534855621k3CplCsR"},"sign":"53E6CED1880ACFB58069C99755C3AC93"}

【2025-08-15 18:19:41】
P2025081517463490794764685----提交：{"custId":"24120300001308","appId":"8241201350","order":"P2025081517463490794764685","sign":"2ACC5BACE6A963FBE70BD000C4F5A062"}

【2025-08-15 18:19:41】
P2025081517463490794764685----返回：{"code":"000000","msg":"P2025081517463490794764685","data":{"date":"2025-08-15 17:46:39","eid":"E45756448202508152046CsC6zMHYwUm","amount":"14.48","name":"HUGO DE OLIVEIRA SILVA","cpf":"40983682852","bankname":"null","payBank":"","payCpf":"","pixkey":"13996155070","account":"148066","status":"done","order":"A20250815174634086407LCCacuQVf"},"sign":"C1311F63C1B78A4F322A97269BC0BCBF"}

【2025-08-15 18:37:23】
P2025081512574073460453498----提交：{"custId":"24120300001308","appId":"8241201350","order":"P2025081512574073460453498","sign":"B0A7A50CB4D52CBB82A1D81508E9EDDD"}

【2025-08-15 18:37:23】
P2025081512574073460453498----返回：{"code":"000000","msg":"P2025081512574073460453498","data":{"date":"2025-08-15 12:57:44","eid":"E372054472025081515574162897914b","amount":"30","name":"Shirley Oliveira Cordeiro","cpf":"15244955659","bankname":"ORBION GAMING LTDA","payBank":"","payCpf":"","pixkey":"38991192876","account":"23862762","status":"done","order":"A20250815125741038608VkhgJVnke"},"sign":"8D1777FF684BFECB64575B42135B604A"}

【2025-08-15 18:37:29】
P2025081512574073460453498----提交：{"custId":"24120300001308","appId":"8241201350","order":"P2025081512574073460453498","sign":"B0A7A50CB4D52CBB82A1D81508E9EDDD"}

【2025-08-15 18:37:29】
P2025081512574073460453498----返回：{"code":"000000","msg":"P2025081512574073460453498","data":{"date":"2025-08-15 12:57:44","eid":"E372054472025081515574162897914b","amount":"30","name":"Shirley Oliveira Cordeiro","cpf":"15244955659","bankname":"ORBION GAMING LTDA","payBank":"","payCpf":"","pixkey":"38991192876","account":"23862762","status":"done","order":"A20250815125741038608VkhgJVnke"},"sign":"8D1777FF684BFECB64575B42135B604A"}

【2025-08-15 18:37:50】
P2025081518144392483981197----提交：{"custId":"24120300001308","appId":"8241201350","order":"P2025081518144392483981197","sign":"1DFBFE5637AF609F3A35EBEDBEB1958A"}

【2025-08-15 18:37:50】
P2025081518144392483981197----返回：{"code":"000000","msg":"P2025081518144392483981197","data":{"date":"2025-08-15 18:14:49","eid":"E45756448202508152114yVqzER1NU6p","amount":"20","name":"IZABEL CRISTINA DA SILVA","cpf":"5388417450","bankname":"null","payBank":"","payCpf":"","pixkey":"82994054603","account":"307183","status":"done","order":"A20250815181443616887iWt3LNAew"},"sign":"0E67BC88A97C27141A4B49DA92B17E39"}

【2025-08-15 18:38:07】
P2025081518144392483981197----提交：{"custId":"24120300001308","appId":"8241201350","order":"P2025081518144392483981197","sign":"1DFBFE5637AF609F3A35EBEDBEB1958A"}

【2025-08-15 18:38:07】
P2025081518144392483981197----返回：{"code":"000000","msg":"P2025081518144392483981197","data":{"date":"2025-08-15 18:14:49","eid":"E45756448202508152114yVqzER1NU6p","amount":"20","name":"IZABEL CRISTINA DA SILVA","cpf":"5388417450","bankname":"null","payBank":"","payCpf":"","pixkey":"82994054603","account":"307183","status":"done","order":"A20250815181443616887iWt3LNAew"},"sign":"0E67BC88A97C27141A4B49DA92B17E39"}

【2025-08-15 18:42:36】
P2025081518420094120512146----提交：{"custId":"24120300001308","appId":"8241201350","order":"P2025081518420094120512146","sign":"ECC1EC71E5FE9E688D42A8FB3611FD18"}

【2025-08-15 18:42:37】
P2025081518420094120512146----返回：{"code":"000000","msg":"P2025081518420094120512146","data":{"date":"2025-08-15 18:42:06","eid":"E457564482025081521428L6Rj3ch9Uu","amount":"373","name":"Rhanierison Jhony Galvão Rocha","cpf":"11079003444","bankname":"null","payBank":"","payCpf":"","pixkey":"81991955250","account":"185375528","status":"done","order":"A20250815184201643442V7aWPEze9"},"sign":"2F97B2F7F799821534E7C7463578DA36"}

