【2025-08-15 17:07:18】
P2025081514213778497073238----提交：{"custId":"24120300001308","appId":"8241201350","order":"P2025081514213778497073238","sign":"7F5DE6B2A1DA85F781E4E39B5C8B810A"}

【2025-08-15 17:07:18】
P2025081514213778497073238----返回：{"code":"000000","msg":"P2025081514213778497073238","data":{"date":"2025-08-15 14:21:40","eid":"E3720544720250815172138100160f37","amount":"30","name":"Marcos Vinicius Cardoso de Oliveira Honório","cpf":"15435651743","bankname":"ORBION GAMING LTDA","payBank":"","payCpf":"","pixkey":"21993356470","account":"18236120","status":"done","order":"A20250815142137782532BK5Yyw1yy"},"sign":"862D07E9AC45511847C0DB32D0B7A555"}

【2025-08-15 17:07:56】
P2025081514213778497073238----提交：{"custId":"24120300001308","appId":"8241201350","order":"P2025081514213778497073238","sign":"7F5DE6B2A1DA85F781E4E39B5C8B810A"}

【2025-08-15 17:07:56】
P2025081514213778497073238----返回：{"code":"000000","msg":"P2025081514213778497073238","data":{"date":"2025-08-15 14:21:40","eid":"E3720544720250815172138100160f37","amount":"30","name":"Marcos Vinicius Cardoso de Oliveira Honório","cpf":"15435651743","bankname":"ORBION GAMING LTDA","payBank":"","payCpf":"","pixkey":"21993356470","account":"18236120","status":"done","order":"A20250815142137782532BK5Yyw1yy"},"sign":"862D07E9AC45511847C0DB32D0B7A555"}

【2025-08-15 17:25:28】
P2025081423464626006745434----提交：{"custId":"24120300001308","appId":"8241201350","order":"P2025081423464626006745434","sign":"B1BDE698E9A1917A1FB321B610562BFF"}

【2025-08-15 17:25:29】
P2025081423464626006745434----返回：{"code":"000000","msg":"P2025081423464626006745434","data":{"date":"2025-08-14 23:46:49","eid":"E3720544720250815024647233c20e92","amount":"20","name":"JARISVAM FERNANDES DE OLIVEIRA          ","cpf":"03284126279","bankname":"ORBION GAMING LTDA","payBank":"","payCpf":"","pixkey":"93992102838","account":"60746948","status":"done","order":"A20250814234647938644YGmvJzwVI"},"sign":"8B20B98ECE1CC763D18983FF573371F9"}

【2025-08-15 17:25:31】
P2025081423464626006745434----提交：{"custId":"24120300001308","appId":"8241201350","order":"P2025081423464626006745434","sign":"B1BDE698E9A1917A1FB321B610562BFF"}

【2025-08-15 17:25:31】
P2025081423464626006745434----返回：{"code":"000000","msg":"P2025081423464626006745434","data":{"date":"2025-08-14 23:46:49","eid":"E3720544720250815024647233c20e92","amount":"20","name":"JARISVAM FERNANDES DE OLIVEIRA          ","cpf":"03284126279","bankname":"ORBION GAMING LTDA","payBank":"","payCpf":"","pixkey":"93992102838","account":"60746948","status":"done","order":"A20250814234647938644YGmvJzwVI"},"sign":"8B20B98ECE1CC763D18983FF573371F9"}

【2025-08-15 17:46:54】
P2025081512351472114374367----提交：{"custId":"24120300001308","appId":"8241201350","order":"P2025081512351472114374367","sign":"E43F592F5F2EE9AB4D7162BA8C01EFB2"}

【2025-08-15 17:46:54】
P2025081512351472114374367----返回：{"code":"000000","msg":"P2025081512351472114374367","data":{"date":"2025-08-15 12:35:18","eid":"E37205447202508151535152172c81b4","amount":"40","name":"JUCELY FERREIRA GOMES","cpf":"70246749113","bankname":"ORBION GAMING LTDA","payBank":"","payCpf":"","pixkey":"62981198743","account":"18189547","status":"done","order":"A20250815123515224331zDs5xjyGt"},"sign":"E148A3C558AC50686ED8E22E40F9297A"}

【2025-08-15 17:47:50】
P2025081512351472114374367----提交：{"custId":"24120300001308","appId":"8241201350","order":"P2025081512351472114374367","sign":"E43F592F5F2EE9AB4D7162BA8C01EFB2"}

【2025-08-15 17:47:50】
P2025081512351472114374367----返回：{"code":"000000","msg":"P2025081512351472114374367","data":{"date":"2025-08-15 12:35:18","eid":"E37205447202508151535152172c81b4","amount":"40","name":"JUCELY FERREIRA GOMES","cpf":"70246749113","bankname":"ORBION GAMING LTDA","payBank":"","payCpf":"","pixkey":"62981198743","account":"18189547","status":"done","order":"A20250815123515224331zDs5xjyGt"},"sign":"E148A3C558AC50686ED8E22E40F9297A"}

【2025-08-15 17:48:36】
P2025081517192489164925579----提交：{"custId":"24120300001308","appId":"8241201350","order":"P2025081517192489164925579","sign":"17DF5B264001420099FC2D641CD3FB99"}

【2025-08-15 17:48:36】
P2025081517192489164925579----返回：{"code":"000000","msg":"P2025081517192489164925579","data":{"date":"2025-08-15 17:19:28","eid":"E3720544720250815201925455844eb9","amount":"100","name":"BEATRIZ RODRIGUES PEREIRA","cpf":"49991480803","bankname":"ORBION GAMING LTDA","payBank":"","payCpf":"","pixkey":"49991480803","account":"60701190","status":"done","order":"A20250815171924246472FRbJLSCFv"},"sign":"63F42897F14E788E3697BF5F89FCD0E6"}

【2025-08-15 17:48:40】
P2025081517192489164925579----提交：{"custId":"24120300001308","appId":"8241201350","order":"P2025081517192489164925579","sign":"17DF5B264001420099FC2D641CD3FB99"}

【2025-08-15 17:48:40】
P2025081517192489164925579----返回：{"code":"000000","msg":"P2025081517192489164925579","data":{"date":"2025-08-15 17:19:28","eid":"E3720544720250815201925455844eb9","amount":"100","name":"BEATRIZ RODRIGUES PEREIRA","cpf":"49991480803","bankname":"ORBION GAMING LTDA","payBank":"","payCpf":"","pixkey":"49991480803","account":"60701190","status":"done","order":"A20250815171924246472FRbJLSCFv"},"sign":"63F42897F14E788E3697BF5F89FCD0E6"}

【2025-08-15 17:58:01】
P2025081517135388833276030----提交：{"custId":"24120300001308","appId":"8241201350","order":"P2025081517135388833276030","sign":"68936EE23308B795D5F70AF2FFEC88D3"}

【2025-08-15 17:58:01】
P2025081517135388833276030----返回：{"code":"000000","msg":"P2025081517135388833276030","data":{"date":"2025-08-15 17:13:57","eid":"E3720544720250815201354496ea872d","amount":"755","name":"DAYANA DA SILVA ALVES FIRMINO","cpf":"51413318819","bankname":"ORBION GAMING LTDA","payBank":"","payCpf":"","pixkey":"daya.alvess25@gmail.com","account":"60746948","status":"done","order":"A20250815171353904337kb1vGEUSU"},"sign":"C79454C26F5B5D34D3436FF78F9E5FC8"}

