【2025-08-15 20:22:29】
P2025081520210600066119536----提交：{"custId":"24120300001308","appId":"8241201350","order":"P2025081520210600066119536","sign":"8E8781B502085159A8E547D915613FE3"}

【2025-08-15 20:22:30】
P2025081520210600066119536----返回：{"code":"000000","msg":"P2025081520210600066119536","data":{"date":"2025-08-15 20:21:11","eid":"E3720544720250815232107418a9991b","amount":"30","name":"Wilton da Silva Alves Santiago","cpf":"10856648485","bankname":"ORBION GAMING LTDA","payBank":"","payCpf":"","pixkey":"81994721756","account":"18236120","status":"done","order":"A20250815202107740763UaLEWTr6g"},"sign":"2C2E4D5B25AC88251128F1310A295F49"}

【2025-08-15 20:25:26】
P2025081520153699736367946----提交：{"custId":"24120300001308","appId":"8241201350","order":"P2025081520153699736367946","sign":"CF1D4E03D25FB4BDA8130DC550CC512E"}

【2025-08-15 20:25:26】
P2025081520153699736367946----返回：{"code":"000000","msg":"P2025081520153699736367946","data":{"date":"2025-08-15 20:15:41","eid":"E3720544720250815231537091439a78","amount":"29.4","name":"Mateus Santos Gomes","cpf":"86219891589","bankname":"ORBION GAMING LTDA","payBank":"","payCpf":"","pixkey":"86219891589","account":"22896431","status":"done","order":"A20250815201536820832KBKUJJNPA"},"sign":"2EBF8132EDFB54E5850D1776054DC595"}

【2025-08-15 20:25:28】
P2025081520153699736367946----提交：{"custId":"24120300001308","appId":"8241201350","order":"P2025081520153699736367946","sign":"CF1D4E03D25FB4BDA8130DC550CC512E"}

【2025-08-15 20:25:29】
P2025081520153699736367946----返回：{"code":"000000","msg":"P2025081520153699736367946","data":{"date":"2025-08-15 20:15:41","eid":"E3720544720250815231537091439a78","amount":"29.4","name":"Mateus Santos Gomes","cpf":"86219891589","bankname":"ORBION GAMING LTDA","payBank":"","payCpf":"","pixkey":"86219891589","account":"22896431","status":"done","order":"A20250815201536820832KBKUJJNPA"},"sign":"2EBF8132EDFB54E5850D1776054DC595"}

【2025-08-15 20:59:46】
P2025081520471301633297783----提交：{"custId":"24120300001308","appId":"8241201350","order":"P2025081520471301633297783","sign":"F80DB0AFC74B951E86706986254A6B77"}

【2025-08-15 20:59:46】
P2025081520471301633297783----返回：{"code":"000000","msg":"P2025081520471301633297783","data":{"date":"2025-08-15 20:47:18","eid":"E3720544720250815234714774cd07c8","amount":"200","name":"JOSE ALBERTO SANTOS DE SOUZA     ","cpf":"11654469793","bankname":"ORBION GAMING LTDA","payBank":"","payCpf":"","pixkey":"11654469793","account":"00000208","status":"done","order":"A202508152047142407832n5Ttvm7h"},"sign":"40BE1AE3E07152CCB94FC0CAB5092119"}

【2025-08-15 20:59:48】
P2025081520471301633297783----提交：{"custId":"24120300001308","appId":"8241201350","order":"P2025081520471301633297783","sign":"F80DB0AFC74B951E86706986254A6B77"}

【2025-08-15 20:59:48】
P2025081520471301633297783----返回：{"code":"000000","msg":"P2025081520471301633297783","data":{"date":"2025-08-15 20:47:18","eid":"E3720544720250815234714774cd07c8","amount":"200","name":"JOSE ALBERTO SANTOS DE SOUZA     ","cpf":"11654469793","bankname":"ORBION GAMING LTDA","payBank":"","payCpf":"","pixkey":"11654469793","account":"00000208","status":"done","order":"A202508152047142407832n5Ttvm7h"},"sign":"40BE1AE3E07152CCB94FC0CAB5092119"}

