【2025-08-15 19:08:13】
P2025081512574073460453498----提交：{"custId":"24120300001308","appId":"8241201350","order":"P2025081512574073460453498","sign":"B0A7A50CB4D52CBB82A1D81508E9EDDD"}

【2025-08-15 19:08:13】
P2025081512574073460453498----返回：{"code":"000000","msg":"P2025081512574073460453498","data":{"date":"2025-08-15 12:57:44","eid":"E372054472025081515574162897914b","amount":"30","name":"Shirley Oliveira Cordeiro","cpf":"15244955659","bankname":"ORBION GAMING LTDA","payBank":"","payCpf":"","pixkey":"38991192876","account":"23862762","status":"done","order":"A20250815125741038608VkhgJVnke"},"sign":"8D1777FF684BFECB64575B42135B604A"}

【2025-08-15 19:23:59】
P2025081519202896428045984----提交：{"custId":"24120300001308","appId":"8241201350","order":"P2025081519202896428045984","sign":"4B33206AF2A0CD52C02352CD214BD141"}

【2025-08-15 19:23:59】
P2025081519202896428045984----返回：{"code":"000000","msg":"P2025081519202896428045984","data":{"date":"2025-08-15 19:20:34","eid":"E45756448202508152220X1jvioFrzkS","amount":"130","name":"RAFAELLA OLIVEIRA DE ALMEIDA","cpf":"8368380332","bankname":"null","payBank":"","payCpf":"","pixkey":"08368380332","account":"12880000007168339282","status":"done","order":"A20250815192028705988jdPQgcn7b"},"sign":"57A196C6ACCE82FB309E1F15547F5050"}

【2025-08-15 19:24:03】
P2025081519202896428045984----提交：{"custId":"24120300001308","appId":"8241201350","order":"P2025081519202896428045984","sign":"4B33206AF2A0CD52C02352CD214BD141"}

【2025-08-15 19:24:04】
P2025081519202896428045984----返回：{"code":"000000","msg":"P2025081519202896428045984","data":{"date":"2025-08-15 19:20:34","eid":"E45756448202508152220X1jvioFrzkS","amount":"130","name":"RAFAELLA OLIVEIRA DE ALMEIDA","cpf":"8368380332","bankname":"null","payBank":"","payCpf":"","pixkey":"08368380332","account":"12880000007168339282","status":"done","order":"A20250815192028705988jdPQgcn7b"},"sign":"57A196C6ACCE82FB309E1F15547F5050"}

【2025-08-15 19:27:11】
P2025081501532933609874028----提交：{"custId":"24120300001308","appId":"8241201350","order":"P2025081501532933609874028","sign":"70E44F004722B3C34F937D894E74F79D"}

【2025-08-15 19:27:12】
P2025081501532933609874028----返回：{"code":"000000","msg":"P2025081501532933609874028","data":{"date":"2025-08-15 01:53:32","eid":"E37205447202508150453294617b8f9d","amount":"30","name":"Cristiano Paulo Gomes","cpf":"94870667487","bankname":"ORBION GAMING LTDA","payBank":"","payCpf":"","pixkey":"81973385452","account":"18236120","status":"done","order":"A20250815015329541835tlekNUdU1"},"sign":"D0CC7EC96C6E46B9C2A6D659C06BD72A"}

【2025-08-15 19:34:22】
P2025081519315697116538004----提交：{"custId":"24120300001308","appId":"8241201350","order":"P2025081519315697116538004","sign":"2A649D349F3C06186A2E7A3E20825F21"}

【2025-08-15 19:34:23】
P2025081519315697116538004----返回：{"code":"000000","msg":"P2025081519315697116538004","data":{"date":"2025-08-15 19:32:00","eid":"E3720544720250815223157780f1ed1a","amount":"200","name":"Antonia Lilian Alves Braga","cpf":"98442830278","bankname":"ORBION GAMING LTDA","payBank":"","payCpf":"","pixkey":"98442830278","account":"18236120","status":"done","order":"A20250815193157065780iWBXTZHfA"},"sign":"2098186CE48D83105C2471011756B872"}

【2025-08-15 19:34:24】
P2025081519315697116538004----提交：{"custId":"24120300001308","appId":"8241201350","order":"P2025081519315697116538004","sign":"2A649D349F3C06186A2E7A3E20825F21"}

【2025-08-15 19:34:25】
P2025081519315697116538004----返回：{"code":"000000","msg":"P2025081519315697116538004","data":{"date":"2025-08-15 19:32:00","eid":"E3720544720250815223157780f1ed1a","amount":"200","name":"Antonia Lilian Alves Braga","cpf":"98442830278","bankname":"ORBION GAMING LTDA","payBank":"","payCpf":"","pixkey":"98442830278","account":"18236120","status":"done","order":"A20250815193157065780iWBXTZHfA"},"sign":"2098186CE48D83105C2471011756B872"}

【2025-08-15 19:34:36】
P2025081519315697116569434----提交：{"custId":"24120300001308","appId":"8241201350","order":"P2025081519315697116569434","sign":"29C246FD0ECAA17CA2174FAEFB216E3D"}

【2025-08-15 19:34:36】
P2025081519315697116569434----返回：{"code":"000000","msg":"P2025081519315697116569434","data":{"date":"2025-08-15 19:31:59","eid":"E3720544720250815223156661f90916","amount":"100","name":"Antonia Lilian Alves Braga","cpf":"98442830278","bankname":"ORBION GAMING LTDA","payBank":"","payCpf":"","pixkey":"98442830278","account":"18236120","status":"done","order":"A20250815193156158755REtH7ymhI"},"sign":"241BCEA3D74F1B426408A15417BC0994"}

【2025-08-15 19:34:38】
P2025081519315697116569434----提交：{"custId":"24120300001308","appId":"8241201350","order":"P2025081519315697116569434","sign":"29C246FD0ECAA17CA2174FAEFB216E3D"}

【2025-08-15 19:34:39】
P2025081519315697116569434----返回：{"code":"000000","msg":"P2025081519315697116569434","data":{"date":"2025-08-15 19:31:59","eid":"E3720544720250815223156661f90916","amount":"100","name":"Antonia Lilian Alves Braga","cpf":"98442830278","bankname":"ORBION GAMING LTDA","payBank":"","payCpf":"","pixkey":"98442830278","account":"18236120","status":"done","order":"A20250815193156158755REtH7ymhI"},"sign":"241BCEA3D74F1B426408A15417BC0994"}

