【2025-08-15 14:16:50】
P2025081514102177821666636----提交：{"custId":"24120300001308","appId":"8241201350","order":"P2025081514102177821666636","sign":"1EE7EF8659D6DA658C60C8CECB464F4F"}

【2025-08-15 14:16:51】
P2025081514102177821666636----返回：{"code":"000000","msg":"P2025081514102177821666636","data":{"date":"2025-08-15 14:10:26","eid":"E3720544720250815171022415fc8561","amount":"90","name":"DAVID RODRIGUES PEREIRA","cpf":"45325460870","bankname":"ORBION GAMING LTDA","payBank":"","payCpf":"","pixkey":"45325460870","account":"90400888","status":"done","order":"A20250815141021118233KRKx35KVu"},"sign":"FA988381ABC897B770373AE1668EDAF9"}

【2025-08-15 14:16:53】
P2025081514102177821666636----提交：{"custId":"24120300001308","appId":"8241201350","order":"P2025081514102177821666636","sign":"1EE7EF8659D6DA658C60C8CECB464F4F"}

【2025-08-15 14:16:53】
P2025081514102177821666636----返回：{"code":"000000","msg":"P2025081514102177821666636","data":{"date":"2025-08-15 14:10:26","eid":"E3720544720250815171022415fc8561","amount":"90","name":"DAVID RODRIGUES PEREIRA","cpf":"45325460870","bankname":"ORBION GAMING LTDA","payBank":"","payCpf":"","pixkey":"45325460870","account":"90400888","status":"done","order":"A20250815141021118233KRKx35KVu"},"sign":"FA988381ABC897B770373AE1668EDAF9"}

【2025-08-15 14:21:49】
P2025081514203878438937781----提交：{"custId":"24120300001308","appId":"8241201350","order":"P2025081514203878438937781","sign":"00BDD1B9139E6E6101AF0D50AD815689"}

【2025-08-15 14:21:50】
P2025081514203878438937781----返回：{"code":"000000","msg":"P2025081514203878438937781","data":{"date":"2025-08-15 14:20:42","eid":"E372054472025081517203915573346e","amount":"50","name":"Luciano Braga da Silva","cpf":"78462657172","bankname":"ORBION GAMING LTDA","payBank":"","payCpf":"","pixkey":"63999650441","account":"18236120","status":"done","order":"A20250815142038344305mJ8w1Z3nq"},"sign":"66C013252A4D4E5FAC5EBDF669B5A20C"}

【2025-08-15 14:21:55】
P2025081514203878438937781----提交：{"custId":"24120300001308","appId":"8241201350","order":"P2025081514203878438937781","sign":"00BDD1B9139E6E6101AF0D50AD815689"}

【2025-08-15 14:21:56】
P2025081514203878438937781----返回：{"code":"000000","msg":"P2025081514203878438937781","data":{"date":"2025-08-15 14:20:42","eid":"E372054472025081517203915573346e","amount":"50","name":"Luciano Braga da Silva","cpf":"78462657172","bankname":"ORBION GAMING LTDA","payBank":"","payCpf":"","pixkey":"63999650441","account":"18236120","status":"done","order":"A20250815142038344305mJ8w1Z3nq"},"sign":"66C013252A4D4E5FAC5EBDF669B5A20C"}

【2025-08-15 14:41:36】
P2025081422443322273751232----提交：{"custId":"24120300001308","appId":"8241201350","order":"P2025081422443322273751232","sign":"CF3924F412BEC3214FDF544A6905FCC3"}

【2025-08-15 14:41:36】
P2025081422443322273751232----返回：{"code":"000000","msg":"P2025081422443322273751232","data":{"date":"2025-08-14 22:44:36","eid":"E3720544720250815014433466cdc452","amount":"1500","name":"Emilene Velter","cpf":"12043529765","bankname":"ORBION GAMING LTDA","payBank":"","payCpf":"","pixkey":"12043529765","account":"10573521","status":"done","order":"A20250814224433575545WAYaUaqYa"},"sign":"4E585A233D22CCA4724DD8EB190A13FA"}

【2025-08-15 14:41:40】
P2025081422443322273751232----提交：{"custId":"24120300001308","appId":"8241201350","order":"P2025081422443322273751232","sign":"CF3924F412BEC3214FDF544A6905FCC3"}

【2025-08-15 14:41:40】
P2025081422443322273751232----返回：{"code":"000000","msg":"P2025081422443322273751232","data":{"date":"2025-08-14 22:44:36","eid":"E3720544720250815014433466cdc452","amount":"1500","name":"Emilene Velter","cpf":"12043529765","bankname":"ORBION GAMING LTDA","payBank":"","payCpf":"","pixkey":"12043529765","account":"10573521","status":"done","order":"A20250814224433575545WAYaUaqYa"},"sign":"4E585A233D22CCA4724DD8EB190A13FA"}

【2025-08-15 14:41:42】
P2025081422443322273751232----提交：{"custId":"24120300001308","appId":"8241201350","order":"P2025081422443322273751232","sign":"CF3924F412BEC3214FDF544A6905FCC3"}

【2025-08-15 14:41:42】
P2025081422443322273751232----返回：{"code":"000000","msg":"P2025081422443322273751232","data":{"date":"2025-08-14 22:44:36","eid":"E3720544720250815014433466cdc452","amount":"1500","name":"Emilene Velter","cpf":"12043529765","bankname":"ORBION GAMING LTDA","payBank":"","payCpf":"","pixkey":"12043529765","account":"10573521","status":"done","order":"A20250814224433575545WAYaUaqYa"},"sign":"4E585A233D22CCA4724DD8EB190A13FA"}

