【2025-08-15 13:06:06】
P2025081221191144351684425----提交：{"custId":"24120300001308","appId":"8241201350","order":"P2025081221191144351684425","sign":"62B63EA6A9569495670652A843DB8F57"}

【2025-08-15 13:06:06】
P2025081221191144351684425----返回：{"code":"000000","msg":"P2025081221191144351684425","data":{"date":"2025-08-12 21:19:13","eid":"E37205447202508130019118562233e2","amount":"500","name":"NATHALIA VITORIA DO NASCIMENTO","cpf":"71088343406","bankname":"ORBION GAMING LTDA","payBank":"","payCpf":"","pixkey":"81983336439","account":"60746948","status":"done","order":"A20250812211911293826ys1Lmt1Qu"},"sign":"B06984E9975B32F8920D105148E78C86"}

【2025-08-15 13:06:08】
P2025081221191144351684425----提交：{"custId":"24120300001308","appId":"8241201350","order":"P2025081221191144351684425","sign":"62B63EA6A9569495670652A843DB8F57"}

【2025-08-15 13:06:09】
P2025081221191144351684425----返回：{"code":"000000","msg":"P2025081221191144351684425","data":{"date":"2025-08-12 21:19:13","eid":"E37205447202508130019118562233e2","amount":"500","name":"NATHALIA VITORIA DO NASCIMENTO","cpf":"71088343406","bankname":"ORBION GAMING LTDA","payBank":"","payCpf":"","pixkey":"81983336439","account":"60746948","status":"done","order":"A20250812211911293826ys1Lmt1Qu"},"sign":"B06984E9975B32F8920D105148E78C86"}

【2025-08-15 13:25:20】
P2025081511394068780069857----提交：{"custId":"24120300001308","appId":"8241201350","order":"P2025081511394068780069857","sign":"875B812247DB3DEE1B41075197D0F9A7"}

【2025-08-15 13:25:20】
P2025081511394068780069857----返回：{"code":"000000","msg":"P2025081511394068780069857","data":{"date":"2025-08-15 11:39:44","eid":"E372054472025081514394065990e0d4","amount":"72","name":"Isael Leme de Almeida","cpf":"30808408879","bankname":"ORBION GAMING LTDA","payBank":"","payCpf":"","pixkey":"14998324953","account":"18236120","status":"done","order":"A20250815113940779524cHEUpgkxb"},"sign":"6FD96F3FD7DE431CB3D34579ED0CE09D"}

【2025-08-15 13:25:23】
P2025081511394068780069857----提交：{"custId":"24120300001308","appId":"8241201350","order":"P2025081511394068780069857","sign":"875B812247DB3DEE1B41075197D0F9A7"}

【2025-08-15 13:25:23】
P2025081511394068780069857----返回：{"code":"000000","msg":"P2025081511394068780069857","data":{"date":"2025-08-15 11:39:44","eid":"E372054472025081514394065990e0d4","amount":"72","name":"Isael Leme de Almeida","cpf":"30808408879","bankname":"ORBION GAMING LTDA","payBank":"","payCpf":"","pixkey":"14998324953","account":"18236120","status":"done","order":"A20250815113940779524cHEUpgkxb"},"sign":"6FD96F3FD7DE431CB3D34579ED0CE09D"}

【2025-08-15 13:33:38】
P2025081513273775257978228----提交：{"custId":"24120300001308","appId":"8241201350","order":"P2025081513273775257978228","sign":"9FDFE0320995586111B1865FE82B664C"}

【2025-08-15 13:33:39】
P2025081513273775257978228----返回：{"code":"000000","msg":"P2025081513273775257978228","data":{"date":"2025-08-15 13:28:05","eid":"E372054472025081516280274053cdaa","amount":"514","name":"PEDRO ROBERTO COSTA DE MATOS","cpf":"15846931693","bankname":"ORBION GAMING LTDA","payBank":"","payCpf":"","pixkey":"15846931693","account":"61186680","status":"done","order":"A20250815132802544895G7zSVMnju"},"sign":"404021C1297911E33296094607643CF3"}

【2025-08-15 13:33:44】
P2025081513273775257978228----提交：{"custId":"24120300001308","appId":"8241201350","order":"P2025081513273775257978228","sign":"9FDFE0320995586111B1865FE82B664C"}

【2025-08-15 13:33:44】
P2025081513273775257978228----返回：{"code":"000000","msg":"P2025081513273775257978228","data":{"date":"2025-08-15 13:28:05","eid":"E372054472025081516280274053cdaa","amount":"514","name":"PEDRO ROBERTO COSTA DE MATOS","cpf":"15846931693","bankname":"ORBION GAMING LTDA","payBank":"","payCpf":"","pixkey":"15846931693","account":"61186680","status":"done","order":"A20250815132802544895G7zSVMnju"},"sign":"404021C1297911E33296094607643CF3"}

【2025-08-15 13:34:57】
P2025081220235041030213852----提交：{"custId":"24120300001308","appId":"8241201350","order":"P2025081220235041030213852","sign":"5E108518FCEA1FBC5BAF4D732E8BE065"}

【2025-08-15 13:34:58】
P2025081220235041030213852----返回：{"code":"000000","msg":"P2025081220235041030213852","data":{"date":"2025-08-12 20:23:57","eid":"E45756448202508122323xx3fllSafEa","amount":"66","name":"ANDERSON GONELIS LOPES","cpf":"40724088830","bankname":"null","payBank":"","payCpf":"","pixkey":"11940469822","account":"42564","status":"done","order":"A20250812202351045282PB4RrPxPg"},"sign":"96E73C72F55F6D3006F0730DC552B234"}

【2025-08-15 13:35:54】
P2025081220235041030213852----提交：{"custId":"24120300001308","appId":"8241201350","order":"P2025081220235041030213852","sign":"5E108518FCEA1FBC5BAF4D732E8BE065"}

【2025-08-15 13:35:54】
P2025081220235041030213852----返回：{"code":"000000","msg":"P2025081220235041030213852","data":{"date":"2025-08-12 20:23:57","eid":"E45756448202508122323xx3fllSafEa","amount":"66","name":"ANDERSON GONELIS LOPES","cpf":"40724088830","bankname":"null","payBank":"","payCpf":"","pixkey":"11940469822","account":"42564","status":"done","order":"A20250812202351045282PB4RrPxPg"},"sign":"96E73C72F55F6D3006F0730DC552B234"}

【2025-08-15 13:46:20】
P2025081220235041030213852----提交：{"custId":"24120300001308","appId":"8241201350","order":"P2025081220235041030213852","sign":"5E108518FCEA1FBC5BAF4D732E8BE065"}

【2025-08-15 13:46:20】
P2025081220235041030213852----返回：{"code":"000000","msg":"P2025081220235041030213852","data":{"date":"2025-08-12 20:23:57","eid":"E45756448202508122323xx3fllSafEa","amount":"66","name":"ANDERSON GONELIS LOPES","cpf":"40724088830","bankname":"null","payBank":"","payCpf":"","pixkey":"11940469822","account":"42564","status":"done","order":"A20250812202351045282PB4RrPxPg"},"sign":"96E73C72F55F6D3006F0730DC552B234"}

