【2025-08-15 05:17:16】
P2025081504541544455391076----提交：{"custId":"24120300001308","appId":"8241201350","order":"P2025081504541544455391076","sign":"5C1A42FE926D8CEAD75DA03A330BD4CE"}

【2025-08-15 05:17:16】
P2025081504541544455391076----返回：{"code":"000000","msg":"P2025081504541544455391076","data":{"date":"2025-08-15 04:54:19","eid":"E3720544720250815075416095e6741f","amount":"50","name":"IVAN BEZERRA DE MELO                    ","cpf":"06119738479","bankname":"ORBION GAMING LTDA","payBank":"","payCpf":"","pixkey":"27997939730","account":"60746948","status":"done","order":"A20250815045415223510L4TXUAZTD"},"sign":"E4DDDC7F0D9F8B08AACD5D8015555B00"}

【2025-08-15 05:17:27】
P2025081504541544455391076----提交：{"custId":"24120300001308","appId":"8241201350","order":"P2025081504541544455391076","sign":"5C1A42FE926D8CEAD75DA03A330BD4CE"}

【2025-08-15 05:17:27】
P2025081504541544455391076----返回：{"code":"000000","msg":"P2025081504541544455391076","data":{"date":"2025-08-15 04:54:19","eid":"E3720544720250815075416095e6741f","amount":"50","name":"IVAN BEZERRA DE MELO                    ","cpf":"06119738479","bankname":"ORBION GAMING LTDA","payBank":"","payCpf":"","pixkey":"27997939730","account":"60746948","status":"done","order":"A20250815045415223510L4TXUAZTD"},"sign":"E4DDDC7F0D9F8B08AACD5D8015555B00"}

【2025-08-15 05:28:57】
P2025081423595726797014108----提交：{"custId":"24120300001308","appId":"8241201350","order":"P2025081423595726797014108","sign":"CCA6FBD0AEBB5A4E3261516F479092D0"}

【2025-08-15 05:28:57】
P2025081423595726797014108----返回：{"code":"000000","msg":"P2025081423595726797014108","data":{"date":"2025-08-15 00:00:00","eid":"E3720544720250815025957868e9ad2e","amount":"50","name":"Dailson Machado Carvalho","cpf":"09241336510","bankname":"ORBION GAMING LTDA","payBank":"","payCpf":"","pixkey":"09241336510","account":"22896431","status":"done","order":"A20250814235957780312CfUKqRiA6"},"sign":"71EA4CCD61085B840AE4F3336310A824"}

【2025-08-15 05:30:06】
P2025081505191645956078044----提交：{"custId":"24120300001308","appId":"8241201350","order":"P2025081505191645956078044","sign":"BE2B6D5DD0A65469BE8F355AFC355847"}

【2025-08-15 05:30:06】
P2025081505191645956078044----返回：{"code":"000000","msg":"P2025081505191645956078044","data":{"date":"2025-08-15 05:19:19","eid":"E3720544720250815081916929fdef3b","amount":"120","name":"ABIMAEL SANTANA DOS SANTOS","cpf":"02549439341","bankname":"ORBION GAMING LTDA","payBank":"","payCpf":"","pixkey":"99981324205","account":"00360305","status":"done","order":"A20250815051916481879xhcyRNPEM"},"sign":"A030C8797EB6E8E202225E1ACAE95B36"}

【2025-08-15 05:30:10】
P2025081505191645956078044----提交：{"custId":"24120300001308","appId":"8241201350","order":"P2025081505191645956078044","sign":"BE2B6D5DD0A65469BE8F355AFC355847"}

【2025-08-15 05:30:10】
P2025081505191645956078044----返回：{"code":"000000","msg":"P2025081505191645956078044","data":{"date":"2025-08-15 05:19:19","eid":"E3720544720250815081916929fdef3b","amount":"120","name":"ABIMAEL SANTANA DOS SANTOS","cpf":"02549439341","bankname":"ORBION GAMING LTDA","payBank":"","payCpf":"","pixkey":"99981324205","account":"00360305","status":"done","order":"A20250815051916481879xhcyRNPEM"},"sign":"A030C8797EB6E8E202225E1ACAE95B36"}

