【2025-08-15 10:03:38】
P2025081421205617256078305----提交：{"custId":"24120300001308","appId":"8241201350","order":"P2025081421205617256078305","sign":"4B2254B013900707B9E31C5CB71B1077"}

【2025-08-15 10:03:38】
P2025081421205617256078305----返回：{"code":"000000","msg":"P2025081421205617256078305","data":{"date":"2025-08-14 21:21:08","eid":"E3720544720250815002057541103994","amount":"100","name":"WILLIAM ROGERIO MONTEIRO","cpf":"31614483833","bankname":"ORBION GAMING LTDA","payBank":"","payCpf":"","pixkey":"19997351675","account":"90400888","status":"done","order":"A20250814212057614200CSn32eKwh"},"sign":"118EB215693A263DBB6DCA00610683A6"}

【2025-08-15 10:04:03】
P2025081508302357423368723----提交：{"custId":"24120300001308","appId":"8241201350","order":"P2025081508302357423368723","sign":"B91B6C885007902DB9E6D30DE84FE810"}

【2025-08-15 10:04:03】
P2025081508302357423368723----返回：{"code":"000000","msg":"P2025081508302357423368723","data":{"date":"2025-08-15 08:30:26","eid":"E372054472025081511302409235ad4b","amount":"40","name":"RITA DOS SANTOS GARCIA","cpf":"10774915498","bankname":"ORBION GAMING LTDA","payBank":"","payCpf":"","pixkey":"17988354713","account":"90400888","status":"done","order":"A20250815083023953629RD8q9P5sb"},"sign":"DA82B5FAD31C8B789A07E0AC8CA3293A"}

【2025-08-15 10:04:06】
P2025081508302357423368723----提交：{"custId":"24120300001308","appId":"8241201350","order":"P2025081508302357423368723","sign":"B91B6C885007902DB9E6D30DE84FE810"}

【2025-08-15 10:04:06】
P2025081508302357423368723----返回：{"code":"000000","msg":"P2025081508302357423368723","data":{"date":"2025-08-15 08:30:26","eid":"E372054472025081511302409235ad4b","amount":"40","name":"RITA DOS SANTOS GARCIA","cpf":"10774915498","bankname":"ORBION GAMING LTDA","payBank":"","payCpf":"","pixkey":"17988354713","account":"90400888","status":"done","order":"A20250815083023953629RD8q9P5sb"},"sign":"DA82B5FAD31C8B789A07E0AC8CA3293A"}

【2025-08-15 10:04:17】
P2025081509465162011901566----提交：{"custId":"24120300001308","appId":"8241201350","order":"P2025081509465162011901566","sign":"FCDBF1038026E6EBCF6DA0D7C22E376C"}

【2025-08-15 10:04:17】
P2025081509465162011901566----返回：{"code":"000000","msg":"P2025081509465162011901566","data":{"date":"2025-08-15 10:03:46","eid":"E37205447202508151303432946fee37","amount":"21000","name":"EVANDRO DALMASO","cpf":"06532904970","bankname":"ORBION GAMING LTDA","payBank":"","payCpf":"","pixkey":"06532904970","account":"78825270","status":"done","order":"A20250815095801805179hw54uRIVj"},"sign":"8B9960AB9369E9E025CE1C9EC047A126"}

【2025-08-15 10:08:27】
P2025081509105959859772819----提交：{"custId":"24120300001308","appId":"8241201350","order":"P2025081509105959859772819","sign":"316D127620778770F8D3256898B81E22"}

【2025-08-15 10:08:27】
P2025081509105959859772819----返回：{"code":"000000","msg":"P2025081509105959859772819","data":{"date":"2025-08-15 09:11:03","eid":"E3720544720250815121059311232395","amount":"40","name":"ALESSANDRO FERREIRA PIRES","cpf":"10865791945","bankname":"ORBION GAMING LTDA","payBank":"","payCpf":"","pixkey":"42999746681","account":"60746948","status":"done","order":"A20250815091059255374XT2FbcCQm"},"sign":"37AB6291A75F5B53982A95C985B438EB"}

【2025-08-15 10:08:56】
P2025081509105959859772819----提交：{"custId":"24120300001308","appId":"8241201350","order":"P2025081509105959859772819","sign":"316D127620778770F8D3256898B81E22"}

【2025-08-15 10:08:56】
P2025081509105959859772819----返回：{"code":"000000","msg":"P2025081509105959859772819","data":{"date":"2025-08-15 09:11:03","eid":"E3720544720250815121059311232395","amount":"40","name":"ALESSANDRO FERREIRA PIRES","cpf":"10865791945","bankname":"ORBION GAMING LTDA","payBank":"","payCpf":"","pixkey":"42999746681","account":"60746948","status":"done","order":"A20250815091059255374XT2FbcCQm"},"sign":"37AB6291A75F5B53982A95C985B438EB"}

【2025-08-15 10:20:48】
P2025081412465786417656569----提交：{"custId":"24120300001308","appId":"8241201350","order":"P2025081412465786417656569","sign":"97EFB82C0EAF4965DBFB6BBCE330E5FF"}

【2025-08-15 10:20:48】
P2025081412465786417656569----返回：{"code":"000000","msg":"P2025081412465786417656569","data":{"date":"2025-08-14 12:47:04","eid":"E3720544720250814154658820dbfb30","amount":"50","name":"MAURICIO MOREIRA DA SILVA","cpf":"87520958604","bankname":"ORBION GAMING LTDA","payBank":"","payCpf":"","pixkey":"31985966279","account":"54403563","status":"done","order":"A20250814124658618454iy8HSTcE7"},"sign":"3FA59FFA27F3ED342A0F9B243475FD58"}

【2025-08-15 10:21:20】
P2025081510161563775571045----提交：{"custId":"24120300001308","appId":"8241201350","order":"P2025081510161563775571045","sign":"97A62989CFF56535B82905B17FF55964"}

【2025-08-15 10:21:20】
P2025081510161563775571045----返回：{"code":"000000","msg":"P2025081510161563775571045","data":{"date":"2025-08-15 10:16:17","eid":"E3720544720250815131616096af8016","amount":"180","name":"Maria Cícera de Souza","cpf":"49131419453","bankname":"ORBION GAMING LTDA","payBank":"","payCpf":"","pixkey":"49131419453","account":"18236120","status":"done","order":"A202508151016152259455mjtXRkhP"},"sign":"42A5028C79315DB408A12628D93A68B2"}

【2025-08-15 10:21:22】
P2025081510161563775571045----提交：{"custId":"24120300001308","appId":"8241201350","order":"P2025081510161563775571045","sign":"97A62989CFF56535B82905B17FF55964"}

【2025-08-15 10:21:23】
P2025081510161563775571045----返回：{"code":"000000","msg":"P2025081510161563775571045","data":{"date":"2025-08-15 10:16:17","eid":"E3720544720250815131616096af8016","amount":"180","name":"Maria Cícera de Souza","cpf":"49131419453","bankname":"ORBION GAMING LTDA","payBank":"","payCpf":"","pixkey":"49131419453","account":"18236120","status":"done","order":"A202508151016152259455mjtXRkhP"},"sign":"42A5028C79315DB408A12628D93A68B2"}

【2025-08-15 10:32:49】
P2025081509155560155125751----提交：{"custId":"24120300001308","appId":"8241201350","order":"P2025081509155560155125751","sign":"7BD5CC8A4DD9B672D32A323A0A9C2D1F"}

【2025-08-15 10:32:50】
P2025081509155560155125751----返回：{"code":"000000","msg":"P2025081509155560155125751","data":{"date":"2025-08-15 09:15:58","eid":"E3720544720250815121555696b217e1","amount":"15","name":"Jeferson Jose Magalhaes Pereira","cpf":"13589352620","bankname":"ORBION GAMING LTDA","payBank":"","payCpf":"","pixkey":"38998553147","account":"22896431","status":"done","order":"A202508150915558232463DumP4V7p"},"sign":"02B8D5D15772BD4F89BD6738C988F5C5"}

【2025-08-15 10:32:52】
P2025081509155560155125751----提交：{"custId":"24120300001308","appId":"8241201350","order":"P2025081509155560155125751","sign":"7BD5CC8A4DD9B672D32A323A0A9C2D1F"}

【2025-08-15 10:32:52】
P2025081509155560155125751----返回：{"code":"000000","msg":"P2025081509155560155125751","data":{"date":"2025-08-15 09:15:58","eid":"E3720544720250815121555696b217e1","amount":"15","name":"Jeferson Jose Magalhaes Pereira","cpf":"13589352620","bankname":"ORBION GAMING LTDA","payBank":"","payCpf":"","pixkey":"38998553147","account":"22896431","status":"done","order":"A202508150915558232463DumP4V7p"},"sign":"02B8D5D15772BD4F89BD6738C988F5C5"}

【2025-08-15 10:39:32】
P2025081510095063390145255----提交：{"custId":"24120300001308","appId":"8241201350","order":"P2025081510095063390145255","sign":"59232A23B0355272894E0E0C09069122"}

【2025-08-15 10:39:32】
P2025081510095063390145255----返回：{"code":"000000","msg":"P2025081510095063390145255","data":{"date":"2025-08-15 10:09:54","eid":"E3720544720250815130951216eba6b7","amount":"30","name":"JOSE CARLOS GUIMARAES HILGUERA","cpf":"43848044072","bankname":"ORBION GAMING LTDA","payBank":"","payCpf":"","pixkey":"24992278829","account":"16501555","status":"done","order":"A20250815100951283547W61BKfcXF"},"sign":"FFD7975273A812F5BCEF44C4D9D72AFF"}

【2025-08-15 10:39:34】
P2025081510095063390145255----提交：{"custId":"24120300001308","appId":"8241201350","order":"P2025081510095063390145255","sign":"59232A23B0355272894E0E0C09069122"}

【2025-08-15 10:39:35】
P2025081510095063390145255----返回：{"code":"000000","msg":"P2025081510095063390145255","data":{"date":"2025-08-15 10:09:54","eid":"E3720544720250815130951216eba6b7","amount":"30","name":"JOSE CARLOS GUIMARAES HILGUERA","cpf":"43848044072","bankname":"ORBION GAMING LTDA","payBank":"","payCpf":"","pixkey":"24992278829","account":"16501555","status":"done","order":"A20250815100951283547W61BKfcXF"},"sign":"FFD7975273A812F5BCEF44C4D9D72AFF"}

