【2025-08-15 09:05:06】
P2025081417121902339889762----提交：{"custId":"24120300001308","appId":"8241201350","order":"P2025081417121902339889762","sign":"584DA973A4952DCA4818616539F8625C"}

【2025-08-15 09:05:06】
P2025081417121902339889762----返回：{"code":"000000","msg":"P2025081417121902339889762","data":{"date":"2025-08-14 17:12:26","eid":"E45756448202508142012xJmX28r7U0C","amount":"35","name":"ROSILENE BISPO DOS SANTOS","cpf":"67405479553","bankname":"null","payBank":"","payCpf":"","pixkey":"34996845691","account":"10145696","status":"done","order":"A20250814171220657779UXHknNI7X"},"sign":"E99D56B528AA2041B14A0CC42C7E320D"}

【2025-08-15 09:05:09】
P2025081417121902339889762----提交：{"custId":"24120300001308","appId":"8241201350","order":"P2025081417121902339889762","sign":"584DA973A4952DCA4818616539F8625C"}

【2025-08-15 09:05:09】
P2025081417121902339889762----返回：{"code":"000000","msg":"P2025081417121902339889762","data":{"date":"2025-08-14 17:12:26","eid":"E45756448202508142012xJmX28r7U0C","amount":"35","name":"ROSILENE BISPO DOS SANTOS","cpf":"67405479553","bankname":"null","payBank":"","payCpf":"","pixkey":"34996845691","account":"10145696","status":"done","order":"A20250814171220657779UXHknNI7X"},"sign":"E99D56B528AA2041B14A0CC42C7E320D"}

【2025-08-15 09:35:48】
P2025081509335261232305435----提交：{"custId":"24120300001308","appId":"8241201350","order":"P2025081509335261232305435","sign":"A0E6359605D8BD3DD7066B14DFE96CCC"}

【2025-08-15 09:35:48】
P2025081509335261232305435----返回：{"code":"000000","msg":"P2025081509335261232305435","data":{"date":"2025-08-15 09:33:56","eid":"E37205447202508151233524196060a0","amount":"191","name":"UDSON NATAN CANDIDO","cpf":"11524500690","bankname":"ORBION GAMING LTDA","payBank":"","payCpf":"","pixkey":"33999102779","account":"00416968","status":"done","order":"A20250815093352314987RUQQHUbBp"},"sign":"30E94E8A0358284A6C1B432E5311CD73"}

【2025-08-15 09:36:05】
P2025081509335261232305435----提交：{"custId":"24120300001308","appId":"8241201350","order":"P2025081509335261232305435","sign":"A0E6359605D8BD3DD7066B14DFE96CCC"}

【2025-08-15 09:36:05】
P2025081509335261232305435----返回：{"code":"000000","msg":"P2025081509335261232305435","data":{"date":"2025-08-15 09:33:56","eid":"E37205447202508151233524196060a0","amount":"191","name":"UDSON NATAN CANDIDO","cpf":"11524500690","bankname":"ORBION GAMING LTDA","payBank":"","payCpf":"","pixkey":"33999102779","account":"00416968","status":"done","order":"A20250815093352314987RUQQHUbBp"},"sign":"30E94E8A0358284A6C1B432E5311CD73"}

【2025-08-15 09:37:09】
P2025081509142260062449618----提交：{"custId":"24120300001308","appId":"8241201350","order":"P2025081509142260062449618","sign":"60C1652780224C2A1C9E7094BAEE315B"}

【2025-08-15 09:37:09】
P2025081509142260062449618----返回：{"code":"000000","msg":"P2025081509142260062449618","data":{"date":"2025-08-15 09:14:25","eid":"E37205447202508151214234703359d5","amount":"453","name":"MARIA LUCIA TEIXEIRA ALVES","cpf":"84932538200","bankname":"ORBION GAMING LTDA","payBank":"","payCpf":"","pixkey":"69993605846","account":"02015588","status":"done","order":"A20250815091423921686NTzZs2E4z"},"sign":"305781CEC42525F4559D9E302D062600"}

【2025-08-15 09:37:26】
P2025081509142260062449618----提交：{"custId":"24120300001308","appId":"8241201350","order":"P2025081509142260062449618","sign":"60C1652780224C2A1C9E7094BAEE315B"}

【2025-08-15 09:37:26】
P2025081509142260062449618----返回：{"code":"000000","msg":"P2025081509142260062449618","data":{"date":"2025-08-15 09:14:25","eid":"E37205447202508151214234703359d5","amount":"453","name":"MARIA LUCIA TEIXEIRA ALVES","cpf":"84932538200","bankname":"ORBION GAMING LTDA","payBank":"","payCpf":"","pixkey":"69993605846","account":"02015588","status":"done","order":"A20250815091423921686NTzZs2E4z"},"sign":"305781CEC42525F4559D9E302D062600"}

【2025-08-15 09:44:16】
P2025081401123544755706366----提交：{"custId":"24120300001308","appId":"8241201350","order":"P2025081401123544755706366","sign":"74C67EAAB9A8E349B83CEB76E4A92CB2"}

【2025-08-15 09:44:16】
P2025081401123544755706366----返回：{"code":"000000","msg":"P2025081401123544755706366","data":{"date":"2025-08-14 01:12:37","eid":"E372054472025081404123585682b47f","amount":"180","name":"ACLAN BARBOSA","cpf":"09707643757","bankname":"ORBION GAMING LTDA","payBank":"","payCpf":"","pixkey":"09707643757","account":"00360305","status":"done","order":"A20250814011235148135BBXkCBvtr"},"sign":"BCADF62C0D4FE09DDF4B882F5361020A"}

【2025-08-15 09:44:18】
P2025081401123544755706366----提交：{"custId":"24120300001308","appId":"8241201350","order":"P2025081401123544755706366","sign":"74C67EAAB9A8E349B83CEB76E4A92CB2"}

【2025-08-15 09:44:18】
P2025081401123544755706366----返回：{"code":"000000","msg":"P2025081401123544755706366","data":{"date":"2025-08-14 01:12:37","eid":"E372054472025081404123585682b47f","amount":"180","name":"ACLAN BARBOSA","cpf":"09707643757","bankname":"ORBION GAMING LTDA","payBank":"","payCpf":"","pixkey":"09707643757","account":"00360305","status":"done","order":"A20250814011235148135BBXkCBvtr"},"sign":"BCADF62C0D4FE09DDF4B882F5361020A"}

【2025-08-15 09:47:41】
P2025081423252124721433779----提交：{"custId":"24120300001308","appId":"8241201350","order":"P2025081423252124721433779","sign":"2317AC15FC0602356B080852FDC6D489"}

【2025-08-15 09:47:41】
P2025081423252124721433779----返回：{"code":"000000","msg":"P2025081423252124721433779","data":{"date":"2025-08-14 23:25:26","eid":"E3720544720250815022522259b22631","amount":"50","name":"LUCRECIA DE OLIVEIRA SILVA","cpf":"51832670813","bankname":"ORBION GAMING LTDA","payBank":"","payCpf":"","pixkey":"12981244572","account":"01858774","status":"done","order":"A20250814232521121635T7A5bg9kQ"},"sign":"01E3E772298E25B7CDB7FFD6F05F8A55"}

【2025-08-15 09:47:42】
P2025081423252124721433779----提交：{"custId":"24120300001308","appId":"8241201350","order":"P2025081423252124721433779","sign":"2317AC15FC0602356B080852FDC6D489"}

【2025-08-15 09:47:42】
P2025081423252124721433779----返回：{"code":"000000","msg":"P2025081423252124721433779","data":{"date":"2025-08-14 23:25:26","eid":"E3720544720250815022522259b22631","amount":"50","name":"LUCRECIA DE OLIVEIRA SILVA","cpf":"51832670813","bankname":"ORBION GAMING LTDA","payBank":"","payCpf":"","pixkey":"12981244572","account":"01858774","status":"done","order":"A20250814232521121635T7A5bg9kQ"},"sign":"01E3E772298E25B7CDB7FFD6F05F8A55"}

