【2025-08-15 02:18:19】
P2025081501524233562366073----提交：{"custId":"24120300001308","appId":"8241201350","order":"P2025081501524233562366073","sign":"93D62F22777F45EDCD09CE49961DEC2E"}

【2025-08-15 02:18:20】
P2025081501524233562366073----返回：{"code":"000000","msg":"P2025081501524233562366073","data":{"date":"2025-08-15 01:52:45","eid":"E3720544720250815045242421f82b45","amount":"70","name":"ASSIS GOMES LIMA FILHO","cpf":"02817156293","bankname":"ORBION GAMING LTDA","payBank":"","payCpf":"","pixkey":"95991590158","account":"54403563","status":"done","order":"A20250815015242868966Hlni5WYAQ"},"sign":"80E4013B2810C5824EF9E9BA59E83C52"}

【2025-08-15 02:18:47】
P2025081501524233562366073----提交：{"custId":"24120300001308","appId":"8241201350","order":"P2025081501524233562366073","sign":"93D62F22777F45EDCD09CE49961DEC2E"}

【2025-08-15 02:18:47】
P2025081501524233562366073----返回：{"code":"000000","msg":"P2025081501524233562366073","data":{"date":"2025-08-15 01:52:45","eid":"E3720544720250815045242421f82b45","amount":"70","name":"ASSIS GOMES LIMA FILHO","cpf":"02817156293","bankname":"ORBION GAMING LTDA","payBank":"","payCpf":"","pixkey":"95991590158","account":"54403563","status":"done","order":"A20250815015242868966Hlni5WYAQ"},"sign":"80E4013B2810C5824EF9E9BA59E83C52"}

【2025-08-15 02:30:38】
P2025081501524233562366073----提交：{"custId":"24120300001308","appId":"8241201350","order":"P2025081501524233562366073","sign":"93D62F22777F45EDCD09CE49961DEC2E"}

【2025-08-15 02:30:38】
P2025081501524233562366073----返回：{"code":"000000","msg":"P2025081501524233562366073","data":{"date":"2025-08-15 01:52:45","eid":"E3720544720250815045242421f82b45","amount":"70","name":"ASSIS GOMES LIMA FILHO","cpf":"02817156293","bankname":"ORBION GAMING LTDA","payBank":"","payCpf":"","pixkey":"95991590158","account":"54403563","status":"done","order":"A20250815015242868966Hlni5WYAQ"},"sign":"80E4013B2810C5824EF9E9BA59E83C52"}

【2025-08-15 02:42:36】
P2025081422015019710527694----提交：{"custId":"24120300001308","appId":"8241201350","order":"P2025081422015019710527694","sign":"AADA208DEAD66F458E08D72BAFB3408F"}

【2025-08-15 02:42:37】
P2025081422015019710527694----返回：{"code":"000000","msg":"P2025081422015019710527694","data":{"date":"2025-08-14 22:01:57","eid":"E45756448202508150101RF0vSaCefEu","amount":"196","name":"NELSON RIBEIRO PEREIRA","cpf":"98550594172","bankname":"null","payBank":"","payCpf":"","pixkey":"98550594172","account":"206279002","status":"done","order":"A20250814220151969848ll4CxEcWu"},"sign":"4C4924974C9F6AFF58D3B71F98E39924"}

【2025-08-15 02:42:39】
P2025081422015019710527694----提交：{"custId":"24120300001308","appId":"8241201350","order":"P2025081422015019710527694","sign":"AADA208DEAD66F458E08D72BAFB3408F"}

【2025-08-15 02:42:39】
P2025081422015019710527694----返回：{"code":"000000","msg":"P2025081422015019710527694","data":{"date":"2025-08-14 22:01:57","eid":"E45756448202508150101RF0vSaCefEu","amount":"196","name":"NELSON RIBEIRO PEREIRA","cpf":"98550594172","bankname":"null","payBank":"","payCpf":"","pixkey":"98550594172","account":"206279002","status":"done","order":"A20250814220151969848ll4CxEcWu"},"sign":"4C4924974C9F6AFF58D3B71F98E39924"}

