【2025-08-15 01:04:52】
P2025081500441329453673445----提交：{"custId":"24120300001308","appId":"8241201350","order":"P2025081500441329453673445","sign":"33DD5E0A738257FD5421201400B4014B"}

【2025-08-15 01:04:52】
P2025081500441329453673445----返回：{"code":"000000","msg":"P2025081500441329453673445","data":{"date":"2025-08-15 00:44:17","eid":"E3720544720250815034413696c1310e","amount":"20","name":"ODETE DA SILVA SOUSA","cpf":"19651122854","bankname":"ORBION GAMING LTDA","payBank":"","payCpf":"","pixkey":"11976102094","account":"00360305","status":"done","order":"A20250815004413652519mcBUFcmVI"},"sign":"9E6636FA06344440623CFFC48B264EB2"}

【2025-08-15 01:05:43】
P2025081500441329453673445----提交：{"custId":"24120300001308","appId":"8241201350","order":"P2025081500441329453673445","sign":"33DD5E0A738257FD5421201400B4014B"}

【2025-08-15 01:05:43】
P2025081500441329453673445----返回：{"code":"000000","msg":"P2025081500441329453673445","data":{"date":"2025-08-15 00:44:17","eid":"E3720544720250815034413696c1310e","amount":"20","name":"ODETE DA SILVA SOUSA","cpf":"19651122854","bankname":"ORBION GAMING LTDA","payBank":"","payCpf":"","pixkey":"11976102094","account":"00360305","status":"done","order":"A20250815004413652519mcBUFcmVI"},"sign":"9E6636FA06344440623CFFC48B264EB2"}

【2025-08-15 01:08:35】
P2025081501042730667163749----提交：{"custId":"24120300001308","appId":"8241201350","order":"P2025081501042730667163749","sign":"12516A0C3E7B5EB9A26067D38C258F8B"}

【2025-08-15 01:08:36】
P2025081501042730667163749----返回：{"code":"000000","msg":"P2025081501042730667163749","data":{"date":"2025-08-15 01:07:58","eid":"E37205447202508150404280184863b3","amount":"100","name":"GEISE PINHEIRO DE SOUZA","cpf":"87371510291","bankname":"ORBION GAMING LTDA","payBank":"","payCpf":"","pixkey":"87371510291","account":"08561701","status":"done","order":"A20250815010427929111bg1Dxapjp"},"sign":"3361F6C07B2DE906F2A298BAE97279E8"}

【2025-08-15 01:21:20】
P2025081419315810718515038----提交：{"custId":"24120300001308","appId":"8241201350","order":"P2025081419315810718515038","sign":"E1937678ACABD35FB1598F80DE345A4F"}

【2025-08-15 01:21:20】
P2025081419315810718515038----返回：{"code":"000000","msg":"P2025081419315810718515038","data":{"date":"2025-08-14 19:32:05","eid":"E37205447202508142231593879a3c1d","amount":"30","name":"ALCIENE GOMES DA SILVA","cpf":"10532974751","bankname":"ORBION GAMING LTDA","payBank":"","payCpf":"","pixkey":"27988716347","account":"90608712","status":"done","order":"A20250814193158653297u2YVCA6pt"},"sign":"A3B5DE807DCDF2B41DE80E14FAA4692A"}

【2025-08-15 01:21:26】
P2025081419315810718515038----提交：{"custId":"24120300001308","appId":"8241201350","order":"P2025081419315810718515038","sign":"E1937678ACABD35FB1598F80DE345A4F"}

【2025-08-15 01:21:26】
P2025081419315810718515038----返回：{"code":"000000","msg":"P2025081419315810718515038","data":{"date":"2025-08-14 19:32:05","eid":"E37205447202508142231593879a3c1d","amount":"30","name":"ALCIENE GOMES DA SILVA","cpf":"10532974751","bankname":"ORBION GAMING LTDA","payBank":"","payCpf":"","pixkey":"27988716347","account":"90608712","status":"done","order":"A20250814193158653297u2YVCA6pt"},"sign":"A3B5DE807DCDF2B41DE80E14FAA4692A"}

【2025-08-15 01:34:23】
P2025081501255931959528432----提交：{"custId":"24120300001308","appId":"8241201350","order":"P2025081501255931959528432","sign":"9F359D1B1B2A87B940C382A6E059D017"}

【2025-08-15 01:34:23】
P2025081501255931959528432----返回：{"code":"000000","msg":"P2025081501255931959528432","data":{"date":"2025-08-15 01:33:05","eid":"E37205447202508150433028212c1dce","amount":"5705","name":"LEONARDO ALVES DA SILVA","cpf":"23693931810","bankname":"ORBION GAMING LTDA","payBank":"","payCpf":"","pixkey":"23693931810","account":"08561701","status":"done","order":"A20250815013301365151nwqJvshMV"},"sign":"84C425FA85E0E012772233D605AF6D25"}

【2025-08-15 01:34:26】
P2025081501255931959528432----提交：{"custId":"24120300001308","appId":"8241201350","order":"P2025081501255931959528432","sign":"9F359D1B1B2A87B940C382A6E059D017"}

【2025-08-15 01:34:26】
P2025081501255931959528432----返回：{"code":"000000","msg":"P2025081501255931959528432","data":{"date":"2025-08-15 01:33:05","eid":"E37205447202508150433028212c1dce","amount":"5705","name":"LEONARDO ALVES DA SILVA","cpf":"23693931810","bankname":"ORBION GAMING LTDA","payBank":"","payCpf":"","pixkey":"23693931810","account":"08561701","status":"done","order":"A20250815013301365151nwqJvshMV"},"sign":"84C425FA85E0E012772233D605AF6D25"}

【2025-08-15 01:42:45】
P2025081501315232312388762----提交：{"custId":"24120300001308","appId":"8241201350","order":"P2025081501315232312388762","sign":"BE0E18CF3FCE7D09EEF9AFC277EAC210"}

【2025-08-15 01:42:45】
P2025081501315232312388762----返回：{"code":"000000","msg":"P2025081501315232312388762","data":{"date":"2025-08-15 01:31:55","eid":"E3720544720250815043152523ee0a77","amount":"60","name":"ROMULO DOS ANJOS DE OLIVEIRA","cpf":"17187195745","bankname":"ORBION GAMING LTDA","payBank":"","payCpf":"","pixkey":"21972659700","account":"60701190","status":"done","order":"A20250815013152744708ZyWTVCznS"},"sign":"CD261E1C7875E0FAF022AB0FF6949E8D"}

【2025-08-15 01:42:57】
P2025081501315232312388762----提交：{"custId":"24120300001308","appId":"8241201350","order":"P2025081501315232312388762","sign":"BE0E18CF3FCE7D09EEF9AFC277EAC210"}

【2025-08-15 01:42:57】
P2025081501315232312388762----返回：{"code":"000000","msg":"P2025081501315232312388762","data":{"date":"2025-08-15 01:31:55","eid":"E3720544720250815043152523ee0a77","amount":"60","name":"ROMULO DOS ANJOS DE OLIVEIRA","cpf":"17187195745","bankname":"ORBION GAMING LTDA","payBank":"","payCpf":"","pixkey":"21972659700","account":"60701190","status":"done","order":"A20250815013152744708ZyWTVCznS"},"sign":"CD261E1C7875E0FAF022AB0FF6949E8D"}

【2025-08-15 01:53:17】
P2025081501315232312388762----提交：{"custId":"24120300001308","appId":"8241201350","order":"P2025081501315232312388762","sign":"BE0E18CF3FCE7D09EEF9AFC277EAC210"}

【2025-08-15 01:53:17】
P2025081501315232312388762----返回：{"code":"000000","msg":"P2025081501315232312388762","data":{"date":"2025-08-15 01:31:55","eid":"E3720544720250815043152523ee0a77","amount":"60","name":"ROMULO DOS ANJOS DE OLIVEIRA","cpf":"17187195745","bankname":"ORBION GAMING LTDA","payBank":"","payCpf":"","pixkey":"21972659700","account":"60701190","status":"done","order":"A20250815013152744708ZyWTVCznS"},"sign":"CD261E1C7875E0FAF022AB0FF6949E8D"}

【2025-08-15 01:54:24】
P2025081501533433614608030----提交：{"custId":"24120300001308","appId":"8241201350","order":"P2025081501533433614608030","sign":"691B533DB4DB3054DE5C82E936A4F6E0"}

【2025-08-15 01:54:24】
P2025081501533433614608030----返回：{"code":"000000","msg":"P2025081501533433614608030","data":{"date":"2025-08-15 01:53:37","eid":"E3720544720250815045334654115114","amount":"100","name":"LIDIANE EMILLY PESSOA DA SILVA","cpf":"11382921411","bankname":"ORBION GAMING LTDA","payBank":"","payCpf":"","pixkey":"11382921411","account":"60746948","status":"done","order":"A20250815015334200333SJHkXiKzg"},"sign":"4D40EA51B4345F9B3428B71A644AE0EA"}

【2025-08-15 01:54:26】
P2025081501533433614608030----提交：{"custId":"24120300001308","appId":"8241201350","order":"P2025081501533433614608030","sign":"691B533DB4DB3054DE5C82E936A4F6E0"}

【2025-08-15 01:54:26】
P2025081501533433614608030----返回：{"code":"000000","msg":"P2025081501533433614608030","data":{"date":"2025-08-15 01:53:37","eid":"E3720544720250815045334654115114","amount":"100","name":"LIDIANE EMILLY PESSOA DA SILVA","cpf":"11382921411","bankname":"ORBION GAMING LTDA","payBank":"","payCpf":"","pixkey":"11382921411","account":"60746948","status":"done","order":"A20250815015334200333SJHkXiKzg"},"sign":"4D40EA51B4345F9B3428B71A644AE0EA"}

