【2025-08-15 21:07:24】
P2025081520542302063589962----提交：{"custId":"24120300001308","appId":"8241201350","order":"P2025081520542302063589962","sign":"66A5C84B3BD04B794D1367C1A17A0AFD"}

【2025-08-15 21:07:25】
P2025081520542302063589962----返回：{"code":"000000","msg":"P2025081520542302063589962","data":{"date":"2025-08-15 20:54:28","eid":"E3720544720250815235424294250758","amount":"18.62","name":"CRISTIANE LIMA","cpf":"37158271811","bankname":"ORBION GAMING LTDA","payBank":"","payCpf":"","pixkey":"37158271811","account":"90400888","status":"done","order":"A20250815205423220927KLFEdbauI"},"sign":"5019789F93C88DBF31CCE915BBCE321A"}

【2025-08-15 21:07:27】
P2025081520542302063589962----提交：{"custId":"24120300001308","appId":"8241201350","order":"P2025081520542302063589962","sign":"66A5C84B3BD04B794D1367C1A17A0AFD"}

【2025-08-15 21:07:27】
P2025081520542302063589962----返回：{"code":"000000","msg":"P2025081520542302063589962","data":{"date":"2025-08-15 20:54:28","eid":"E3720544720250815235424294250758","amount":"18.62","name":"CRISTIANE LIMA","cpf":"37158271811","bankname":"ORBION GAMING LTDA","payBank":"","payCpf":"","pixkey":"37158271811","account":"90400888","status":"done","order":"A20250815205423220927KLFEdbauI"},"sign":"5019789F93C88DBF31CCE915BBCE321A"}

【2025-08-15 21:14:11】
P2025081202195575995791339----提交：{"custId":"24120300001308","appId":"8241201350","order":"P2025081202195575995791339","sign":"CBC88B9708C7F57502E34123568E1C1E"}

【2025-08-15 21:14:12】
P2025081202195575995791339----返回：{"code":"000000","msg":"P2025081202195575995791339","data":{"date":"2025-08-12 02:19:57","eid":"E3720544720250812051955854cfce26","amount":"10","name":"REJANE MORAIS GOMES","cpf":"01008568961","bankname":"ORBION GAMING LTDA","payBank":"","payCpf":"","pixkey":"01008568961","account":"00360305","status":"done","order":"A20250812021955284324WIQnbcpIX"},"sign":"CED3832FB15EC38C7CBE48B362E8CED2"}

【2025-08-15 21:28:18】
P2025081421205617256078305----提交：{"custId":"24120300001308","appId":"8241201350","order":"P2025081421205617256078305","sign":"4B2254B013900707B9E31C5CB71B1077"}

【2025-08-15 21:28:18】
P2025081421205617256078305----返回：{"code":"000000","msg":"P2025081421205617256078305","data":{"date":"2025-08-14 21:21:08","eid":"E3720544720250815002057541103994","amount":"100","name":"WILLIAM ROGERIO MONTEIRO","cpf":"31614483833","bankname":"ORBION GAMING LTDA","payBank":"","payCpf":"","pixkey":"19997351675","account":"90400888","status":"done","order":"A20250814212057614200CSn32eKwh"},"sign":"118EB215693A263DBB6DCA00610683A6"}

【2025-08-15 21:36:17】
P2025081417325303573204203----提交：{"custId":"24120300001308","appId":"8241201350","order":"P2025081417325303573204203","sign":"85AA599C95728DF19FC43E47EE197811"}

【2025-08-15 21:36:17】
P2025081417325303573204203----返回：{"code":"000000","msg":"P2025081417325303573204203","data":{"date":"2025-08-14 17:32:57","eid":"E3720544720250814203253701e5fde2","amount":"1500","name":"FERNANDA CRISTINA SOUZA DA SILVA","cpf":"02016349298","bankname":"ORBION GAMING LTDA","payBank":"","payCpf":"","pixkey":"02016349298","account":"00360305","status":"done","order":"A20250814173253957025rxcwh2flh"},"sign":"F9879856CE20E41E9F3E2F434AFB40D6"}

【2025-08-15 21:36:18】
P2025081417325303573204203----提交：{"custId":"24120300001308","appId":"8241201350","order":"P2025081417325303573204203","sign":"85AA599C95728DF19FC43E47EE197811"}

【2025-08-15 21:36:18】
P2025081417325303573204203----返回：{"code":"000000","msg":"P2025081417325303573204203","data":{"date":"2025-08-14 17:32:57","eid":"E3720544720250814203253701e5fde2","amount":"1500","name":"FERNANDA CRISTINA SOUZA DA SILVA","cpf":"02016349298","bankname":"ORBION GAMING LTDA","payBank":"","payCpf":"","pixkey":"02016349298","account":"00360305","status":"done","order":"A20250814173253957025rxcwh2flh"},"sign":"F9879856CE20E41E9F3E2F434AFB40D6"}

【2025-08-15 21:36:56】
P2025081521362404584029882----提交：{"custId":"24120300001308","appId":"8241201350","order":"P2025081521362404584029882","sign":"F1F4E0578046CE4AFD3E3157E59897BA"}

【2025-08-15 21:36:56】
P2025081521362404584029882----返回：{"code":"000000","msg":"P2025081521362404584029882","data":{"date":"2025-08-15 21:36:30","eid":"E45756448202508160036dI9EM8jTUEO","amount":"65","name":"TALITA DE OLIVEIRA BUSATTO","cpf":"42218976862","bankname":"null","payBank":"","payCpf":"","pixkey":"42218976862","account":"277172730","status":"done","order":"A20250815213624241249SU7bzCCKc"},"sign":"108EA1284415D8C9F1237AF9AB0A631C"}

【2025-08-15 21:36:59】
P2025081521362404584029882----提交：{"custId":"24120300001308","appId":"8241201350","order":"P2025081521362404584029882","sign":"F1F4E0578046CE4AFD3E3157E59897BA"}

【2025-08-15 21:36:59】
P2025081521362404584029882----返回：{"code":"000000","msg":"P2025081521362404584029882","data":{"date":"2025-08-15 21:36:30","eid":"E45756448202508160036dI9EM8jTUEO","amount":"65","name":"TALITA DE OLIVEIRA BUSATTO","cpf":"42218976862","bankname":"null","payBank":"","payCpf":"","pixkey":"42218976862","account":"277172730","status":"done","order":"A20250815213624241249SU7bzCCKc"},"sign":"108EA1284415D8C9F1237AF9AB0A631C"}

【2025-08-15 21:37:01】
P2025081521362404584029882----提交：{"custId":"24120300001308","appId":"8241201350","order":"P2025081521362404584029882","sign":"F1F4E0578046CE4AFD3E3157E59897BA"}

【2025-08-15 21:37:01】
P2025081521362404584029882----返回：{"code":"000000","msg":"P2025081521362404584029882","data":{"date":"2025-08-15 21:36:30","eid":"E45756448202508160036dI9EM8jTUEO","amount":"65","name":"TALITA DE OLIVEIRA BUSATTO","cpf":"42218976862","bankname":"null","payBank":"","payCpf":"","pixkey":"42218976862","account":"277172730","status":"done","order":"A20250815213624241249SU7bzCCKc"},"sign":"108EA1284415D8C9F1237AF9AB0A631C"}

【2025-08-15 21:41:39】
P2025081521404004840724081----提交：{"custId":"24120300001308","appId":"8241201350","order":"P2025081521404004840724081","sign":"4A9722961F87F5F8F2051115D9C14366"}

【2025-08-15 21:41:39】
P2025081521404004840724081----返回：{"code":"000000","msg":"P2025081521404004840724081","data":{"date":"2025-08-15 21:40:46","eid":"E45756448202508160040HAhbE3qUpUS","amount":"294","name":"Joao Vitor Moreira Barreiros","cpf":"13342316993","bankname":"null","payBank":"","payCpf":"","pixkey":"13342316993","account":"81553563755","status":"done","order":"A202508152140403333365qCuFlMQi"},"sign":"A077AD9718EC11298A0190FB38AA7728"}

【2025-08-15 21:41:41】
P2025081521404004840724081----提交：{"custId":"24120300001308","appId":"8241201350","order":"P2025081521404004840724081","sign":"4A9722961F87F5F8F2051115D9C14366"}

【2025-08-15 21:41:41】
P2025081521404004840724081----返回：{"code":"000000","msg":"P2025081521404004840724081","data":{"date":"2025-08-15 21:40:46","eid":"E45756448202508160040HAhbE3qUpUS","amount":"294","name":"Joao Vitor Moreira Barreiros","cpf":"13342316993","bankname":"null","payBank":"","payCpf":"","pixkey":"13342316993","account":"81553563755","status":"done","order":"A202508152140403333365qCuFlMQi"},"sign":"A077AD9718EC11298A0190FB38AA7728"}

