【2025-08-15 11:00:05】
P2025081510334164821799680----提交：{"custId":"24120300001308","appId":"8241201350","order":"P2025081510334164821799680","sign":"71DA5A972512965E4170486D53770A93"}

【2025-08-15 11:00:06】
P2025081510334164821799680----返回：{"code":"000000","msg":"P2025081510334164821799680","data":{"date":"2025-08-15 10:33:47","eid":"E3720544720250815133342179fef39d","amount":"44","name":"ELIZABETE MOURA CAMARGO","cpf":"09067312754","bankname":"ORBION GAMING LTDA","payBank":"","payCpf":"","pixkey":"09067312754","account":"00360305","status":"done","order":"A20250815103342545862vdCmMuemh"},"sign":"3F62C302E676C057EE358D00E27D515D"}

【2025-08-15 11:00:08】
P2025081510334164821799680----提交：{"custId":"24120300001308","appId":"8241201350","order":"P2025081510334164821799680","sign":"71DA5A972512965E4170486D53770A93"}

【2025-08-15 11:00:08】
P2025081510334164821799680----返回：{"code":"000000","msg":"P2025081510334164821799680","data":{"date":"2025-08-15 10:33:47","eid":"E3720544720250815133342179fef39d","amount":"44","name":"ELIZABETE MOURA CAMARGO","cpf":"09067312754","bankname":"ORBION GAMING LTDA","payBank":"","payCpf":"","pixkey":"09067312754","account":"00360305","status":"done","order":"A20250815103342545862vdCmMuemh"},"sign":"3F62C302E676C057EE358D00E27D515D"}

【2025-08-15 11:39:31】
P2025081510490765747211833----提交：{"custId":"24120300001308","appId":"8241201350","order":"P2025081510490765747211833","sign":"EAC9DBEE878AEAE3442BE2ED08B7B983"}

【2025-08-15 11:39:31】
P2025081510490765747211833----返回：{"code":"000000","msg":"P2025081510490765747211833","data":{"date":"2025-08-15 10:49:13","eid":"E4575644820250815134983aSWMLD8Ei","amount":"70","name":"JESSICA HENING VIANA","cpf":"12333589957","bankname":"null","payBank":"","payCpf":"","pixkey":"47997658519","account":"962895","status":"done","order":"A20250815104907486755FJVf6Byy9"},"sign":"7053F2A6A47C7F7630BA458DBCB35F63"}

【2025-08-15 11:45:17】
P2025081511374668666988074----提交：{"custId":"24120300001308","appId":"8241201350","order":"P2025081511374668666988074","sign":"2D4593D5F9900A1F029A907D1A647763"}

【2025-08-15 11:45:17】
P2025081511374668666988074----返回：{"code":"000000","msg":"P2025081511374668666988074","data":{"date":"2025-08-15 11:37:49","eid":"E3720544720250815143746893d28616","amount":"13","name":"joao paulo alves da silva","cpf":"07523917470","bankname":"ORBION GAMING LTDA","payBank":"","payCpf":"","pixkey":"37991653086","account":"08561701","status":"done","order":"A20250815113746834875khnfRa34u"},"sign":"D5FCC7B99FDAF0D47D67FD90D04DE130"}

【2025-08-15 11:45:51】
P2025081511374668666988074----提交：{"custId":"24120300001308","appId":"8241201350","order":"P2025081511374668666988074","sign":"2D4593D5F9900A1F029A907D1A647763"}

【2025-08-15 11:45:51】
P2025081511374668666988074----返回：{"code":"000000","msg":"P2025081511374668666988074","data":{"date":"2025-08-15 11:37:49","eid":"E3720544720250815143746893d28616","amount":"13","name":"joao paulo alves da silva","cpf":"07523917470","bankname":"ORBION GAMING LTDA","payBank":"","payCpf":"","pixkey":"37991653086","account":"08561701","status":"done","order":"A20250815113746834875khnfRa34u"},"sign":"D5FCC7B99FDAF0D47D67FD90D04DE130"}

