【2025-09-01 15:04:16】
P2025090115024749767459953----提交：{"reference":"P2025090115024749767459953"}

【2025-09-01 15:04:16】
P2025090115024749767459953----返回：{"msg":"P2025090115024749767459953","code":"000000","data":{"date":"2025-09-01 15:02:48","eid":"E3305358020250901180248343a1da41","amount":20,"name":"BRUNO LUCAS SANTOS LOPES","cpf":"***.764.814-**","bankname":"60701190","payBank":"P H R OLIVEIRA DR INVESTIMENTO LTDA","payCpf":"58.321.455\/0001-99","pixkey":"71376481421","account":"***.764.814-**","status":"done","order":"905ff7a4-bf76-4d31-b1f8-85d5734c0120"}}

【2025-09-01 15:04:51】
P2025090115024749767459953----提交：{"reference":"P2025090115024749767459953"}

【2025-09-01 15:04:51】
P2025090115024749767459953----返回：{"msg":"P2025090115024749767459953","code":"000000","data":{"date":"2025-09-01 15:02:48","eid":"E3305358020250901180248343a1da41","amount":20,"name":"BRUNO LUCAS SANTOS LOPES","cpf":"***.764.814-**","bankname":"60701190","payBank":"P H R OLIVEIRA DR INVESTIMENTO LTDA","payCpf":"58.321.455\/0001-99","pixkey":"71376481421","account":"***.764.814-**","status":"done","order":"905ff7a4-bf76-4d31-b1f8-85d5734c0120"}}

【2025-09-01 15:05:23】
P2025090115024749767459953----提交：{"reference":"P2025090115024749767459953"}

【2025-09-01 15:05:24】
P2025090115024749767459953----返回：{"msg":"P2025090115024749767459953","code":"000000","data":{"date":"2025-09-01 15:02:48","eid":"E3305358020250901180248343a1da41","amount":20,"name":"BRUNO LUCAS SANTOS LOPES","cpf":"***.764.814-**","bankname":"60701190","payBank":"P H R OLIVEIRA DR INVESTIMENTO LTDA","payCpf":"58.321.455\/0001-99","pixkey":"71376481421","account":"***.764.814-**","status":"done","order":"905ff7a4-bf76-4d31-b1f8-85d5734c0120"}}

【2025-09-01 15:18:18】
P2025090114523149151289007----提交：{"reference":"P2025090114523149151289007"}

【2025-09-01 15:18:19】
P2025090114523149151289007----返回：{"msg":"P2025090114523149151289007","code":"000000","data":{"date":"2025-09-01 14:52:32","eid":"E3305358020250901175232302601f1b","amount":49,"name":"Maria Cecilia Santos Souza","cpf":"***.092.056-**","bankname":"10573521","payBank":"P H R OLIVEIRA DR INVESTIMENTO LTDA","payCpf":"58.321.455\/0001-99","pixkey":"mariasouzacecilia56@gmail.com","account":"***.092.056-**","status":"done","order":"ceacfae9-fa28-4808-bee9-5e19c9de12c1"}}

【2025-09-01 15:18:21】
P2025090114523149151289007----提交：{"reference":"P2025090114523149151289007"}

【2025-09-01 15:18:22】
P2025090114523149151289007----返回：{"msg":"P2025090114523149151289007","code":"000000","data":{"date":"2025-09-01 14:52:32","eid":"E3305358020250901175232302601f1b","amount":49,"name":"Maria Cecilia Santos Souza","cpf":"***.092.056-**","bankname":"10573521","payBank":"P H R OLIVEIRA DR INVESTIMENTO LTDA","payCpf":"58.321.455\/0001-99","pixkey":"mariasouzacecilia56@gmail.com","account":"***.092.056-**","status":"done","order":"ceacfae9-fa28-4808-bee9-5e19c9de12c1"}}

【2025-09-01 15:42:47】
P2025090115273451254451098----提交：{"reference":"P2025090115273451254451098"}

【2025-09-01 15:42:47】
P2025090115273451254451098----返回：{"msg":"P2025090115273451254451098","code":"000000","data":{"date":"2025-09-01 15:27:35","eid":"E3305358020250901182735085fa904d","amount":180,"name":"Marciel Ferreira Ramos","cpf":"***.404.232-**","bankname":"18236120","payBank":"P H R OLIVEIRA DR INVESTIMENTO LTDA","payCpf":"58.321.455\/0001-99","pixkey":"00240423232","account":"***.404.232-**","status":"done","order":"21a09e8b-a70e-47aa-affb-5846336a3601"}}

【2025-09-01 15:42:49】
P2025090115273451254451098----提交：{"reference":"P2025090115273451254451098"}

【2025-09-01 15:42:50】
P2025090115273451254451098----返回：{"msg":"P2025090115273451254451098","code":"000000","data":{"date":"2025-09-01 15:27:35","eid":"E3305358020250901182735085fa904d","amount":180,"name":"Marciel Ferreira Ramos","cpf":"***.404.232-**","bankname":"18236120","payBank":"P H R OLIVEIRA DR INVESTIMENTO LTDA","payCpf":"58.321.455\/0001-99","pixkey":"00240423232","account":"***.404.232-**","status":"done","order":"21a09e8b-a70e-47aa-affb-5846336a3601"}}

【2025-09-01 15:57:12】
P2025090115410452064839736----提交：{"reference":"P2025090115410452064839736"}

【2025-09-01 15:57:13】
P2025090115410452064839736----返回：{"msg":"P2025090115410452064839736","code":"000000","data":{"date":"2025-09-01 15:41:05","eid":"E33053580202509011841053430ccf04","amount":1000,"name":"KEILA MIRELE PEDRO DE LIMA","cpf":"***.478.988-**","bankname":"00360305","payBank":"P H R OLIVEIRA DR INVESTIMENTO LTDA","payCpf":"58.321.455\/0001-99","pixkey":"20047898836","account":"***.478.988-**","status":"done","order":"37e73f89-f59f-41a4-87cc-21f5fbaa2658"}}

【2025-09-01 15:57:15】
P2025090115410452064839736----提交：{"reference":"P2025090115410452064839736"}

【2025-09-01 15:57:15】
P2025090115410452064839736----返回：{"msg":"P2025090115410452064839736","code":"000000","data":{"date":"2025-09-01 15:41:05","eid":"E33053580202509011841053430ccf04","amount":1000,"name":"KEILA MIRELE PEDRO DE LIMA","cpf":"***.478.988-**","bankname":"00360305","payBank":"P H R OLIVEIRA DR INVESTIMENTO LTDA","payCpf":"58.321.455\/0001-99","pixkey":"20047898836","account":"***.478.988-**","status":"done","order":"37e73f89-f59f-41a4-87cc-21f5fbaa2658"}}

