【2025-09-01 12:06:20】
P2025090112053539135016169----提交：{"reference":"P2025090112053539135016169"}

【2025-09-01 12:06:20】
P2025090112053539135016169----返回：{"msg":"P2025090112053539135016169","code":"000000","data":{"date":"2025-09-01 12:06:02","eid":"E330535802025090115060250323a728","amount":15,"name":"Maria Das Dores Barbosa Da Silva","cpf":"***.715.304-**","bankname":"22896431","payBank":"P H R OLIVEIRA DR INVESTIMENTO LTDA","payCpf":"58.321.455\/0001-99","pixkey":"70771530455","account":"***.715.304-**","status":"done","order":"95963684-4e6d-44ee-bea6-80de412e7f87"}}

【2025-09-01 12:18:48】
P2025090112162539785757078----提交：{"reference":"P2025090112162539785757078"}

【2025-09-01 12:18:49】
P2025090112162539785757078----返回：{"msg":"P2025090112162539785757078","code":"000000","data":{"date":"2025-09-01 12:16:26","eid":"E3305358020250901151626286112b79","amount":304.48,"name":"Marcos Vinicius de Souza","cpf":"***.289.618-**","bankname":"18236120","payBank":"P H R OLIVEIRA DR INVESTIMENTO LTDA","payCpf":"58.321.455\/0001-99","pixkey":"44828961879","account":"***.289.618-**","status":"done","order":"4618114e-7555-44cc-956d-2bb10d071dc2"}}

【2025-09-01 12:19:07】
P2025090112162539785757078----提交：{"reference":"P2025090112162539785757078"}

【2025-09-01 12:19:07】
P2025083100231410594916288----提交：{"reference":"P2025083100231410594916288"}

【2025-09-01 12:19:07】
P2025090112162539785757078----返回：{"msg":"P2025090112162539785757078","code":"000000","data":{"date":"2025-09-01 12:16:26","eid":"E3305358020250901151626286112b79","amount":304.48,"name":"Marcos Vinicius de Souza","cpf":"***.289.618-**","bankname":"18236120","payBank":"P H R OLIVEIRA DR INVESTIMENTO LTDA","payCpf":"58.321.455\/0001-99","pixkey":"44828961879","account":"***.289.618-**","status":"done","order":"4618114e-7555-44cc-956d-2bb10d071dc2"}}

【2025-09-01 12:19:08】
P2025083100231410594916288----返回：{"msg":"P2025083100231410594916288","code":"000000","data":{"date":"2025-08-31 00:23:15","eid":"E330535802025083103231518785ce6a","amount":100,"name":"LIGIA HELENA RIBEIRO BEZERRA","cpf":"***.690.967-**","bankname":"00360305","payBank":"P H R OLIVEIRA DR INVESTIMENTO LTDA","payCpf":"58.321.455\/0001-99","pixkey":"21988790886","account":"***.690.967-**","status":"done","order":"6cb78482-dad8-447f-bac3-e4922c16994e"}}

【2025-09-01 12:19:08】
P2025083100231410594916288----提交：{"reference":"P2025083100231410594916288"}

【2025-09-01 12:19:09】
P2025083100231410594916288----返回：{"msg":"P2025083100231410594916288","code":"000000","data":{"date":"2025-08-31 00:23:15","eid":"E330535802025083103231518785ce6a","amount":100,"name":"LIGIA HELENA RIBEIRO BEZERRA","cpf":"***.690.967-**","bankname":"00360305","payBank":"P H R OLIVEIRA DR INVESTIMENTO LTDA","payCpf":"58.321.455\/0001-99","pixkey":"21988790886","account":"***.690.967-**","status":"done","order":"6cb78482-dad8-447f-bac3-e4922c16994e"}}

【2025-09-01 12:43:27】
P2025090112421341333538276----提交：{"reference":"P2025090112421341333538276"}

【2025-09-01 12:43:28】
P2025090112421341333538276----返回：{"msg":"P2025090112421341333538276","code":"000000","data":{"date":"2025-09-01 12:42:14","eid":"E33053580202509011542148591ddc66","amount":19,"name":"Laura De Souza","cpf":"***.579.548-**","bankname":"18189547","payBank":"P H R OLIVEIRA DR INVESTIMENTO LTDA","payCpf":"58.321.455\/0001-99","pixkey":"11913472500","account":"***.579.548-**","status":"done","order":"084e8701-2145-44c1-a6fa-01ac9e5e5970"}}

【2025-09-01 12:43:32】
P2025090112421341333538276----提交：{"reference":"P2025090112421341333538276"}

【2025-09-01 12:43:33】
P2025090112421341333538276----返回：{"msg":"P2025090112421341333538276","code":"000000","data":{"date":"2025-09-01 12:42:14","eid":"E33053580202509011542148591ddc66","amount":19,"name":"Laura De Souza","cpf":"***.579.548-**","bankname":"18189547","payBank":"P H R OLIVEIRA DR INVESTIMENTO LTDA","payCpf":"58.321.455\/0001-99","pixkey":"11913472500","account":"***.579.548-**","status":"done","order":"084e8701-2145-44c1-a6fa-01ac9e5e5970"}}

【2025-09-01 12:44:08】
P2025090112421341333538276----提交：{"reference":"P2025090112421341333538276"}

【2025-09-01 12:44:08】
P2025090112421341333538276----返回：{"msg":"P2025090112421341333538276","code":"000000","data":{"date":"2025-09-01 12:42:14","eid":"E33053580202509011542148591ddc66","amount":19,"name":"Laura De Souza","cpf":"***.579.548-**","bankname":"18189547","payBank":"P H R OLIVEIRA DR INVESTIMENTO LTDA","payCpf":"58.321.455\/0001-99","pixkey":"11913472500","account":"***.579.548-**","status":"done","order":"084e8701-2145-44c1-a6fa-01ac9e5e5970"}}

【2025-09-01 12:59:37】
P2025090112562642186892624----提交：{"reference":"P2025090112562642186892624"}

【2025-09-01 12:59:37】
P2025090112562642186892624----返回：{"msg":"P2025090112562642186892624","code":"000000","data":{"date":"2025-09-01 12:56:27","eid":"E3305358020250901155627419c5a788","amount":100.17,"name":"Rosemary dos Santos Araújo","cpf":"***.753.933-**","bankname":"18236120","payBank":"P H R OLIVEIRA DR INVESTIMENTO LTDA","payCpf":"58.321.455\/0001-99","pixkey":"78275393353","account":"***.753.933-**","status":"done","order":"1046b27f-3108-4ca2-b4e1-620b7a443152"}}

【2025-09-01 12:59:39】
P2025090112562642186892624----提交：{"reference":"P2025090112562642186892624"}

【2025-09-01 12:59:39】
P2025090112562642186892624----返回：{"msg":"P2025090112562642186892624","code":"000000","data":{"date":"2025-09-01 12:56:27","eid":"E3305358020250901155627419c5a788","amount":100.17,"name":"Rosemary dos Santos Araújo","cpf":"***.753.933-**","bankname":"18236120","payBank":"P H R OLIVEIRA DR INVESTIMENTO LTDA","payCpf":"58.321.455\/0001-99","pixkey":"78275393353","account":"***.753.933-**","status":"done","order":"1046b27f-3108-4ca2-b4e1-620b7a443152"}}

