【2025-09-01 14:12:11】
P2025090114111146671873732----提交：{"reference":"P2025090114111146671873732"}

【2025-09-01 14:12:12】
P2025090114111146671873732----返回：{"msg":"P2025090114111146671873732","code":"000000","data":{"date":"2025-09-01 14:12:05","eid":"E3305358020250901171205345a54473","amount":375,"name":"JOYCE KELLEN DA SILVA RODRIGUES","cpf":"***.582.873-**","bankname":"08561701","payBank":"P H R OLIVEIRA DR INVESTIMENTO LTDA","payCpf":"58.321.455\/0001-99","pixkey":"07358287339","account":"***.582.873-**","status":"done","order":"552e0c1b-91e8-4a4d-bf4f-7aeb2ec36d70"}}

【2025-09-01 14:20:10】
P2025090114100646606223818----提交：{"reference":"P2025090114100646606223818"}

【2025-09-01 14:20:11】
P2025090114100646606223818----返回：{"msg":"P2025090114100646606223818","code":"000000","data":{"date":"2025-09-01 14:10:07","eid":"E33053580202509011710070374a36d0","amount":100,"name":"Luciana Francisca Dos Santos","cpf":"***.250.044-**","bankname":"10573521","payBank":"P H R OLIVEIRA DR INVESTIMENTO LTDA","payCpf":"58.321.455\/0001-99","pixkey":"06125004465","account":"***.250.044-**","status":"done","order":"cb531f40-e637-41cf-9f76-f0ae5bb64fbf"}}

【2025-09-01 14:21:38】
P2025090114100646606223818----提交：{"reference":"P2025090114100646606223818"}

【2025-09-01 14:21:38】
P2025090114100646606223818----返回：{"msg":"P2025090114100646606223818","code":"000000","data":{"date":"2025-09-01 14:10:07","eid":"E33053580202509011710070374a36d0","amount":100,"name":"Luciana Francisca Dos Santos","cpf":"***.250.044-**","bankname":"10573521","payBank":"P H R OLIVEIRA DR INVESTIMENTO LTDA","payCpf":"58.321.455\/0001-99","pixkey":"06125004465","account":"***.250.044-**","status":"done","order":"cb531f40-e637-41cf-9f76-f0ae5bb64fbf"}}

【2025-09-01 14:21:39】
P2025090114100646606223818----提交：{"reference":"P2025090114100646606223818"}

【2025-09-01 14:21:40】
P2025090114100646606223818----返回：{"msg":"P2025090114100646606223818","code":"000000","data":{"date":"2025-09-01 14:10:07","eid":"E33053580202509011710070374a36d0","amount":100,"name":"Luciana Francisca Dos Santos","cpf":"***.250.044-**","bankname":"10573521","payBank":"P H R OLIVEIRA DR INVESTIMENTO LTDA","payCpf":"58.321.455\/0001-99","pixkey":"06125004465","account":"***.250.044-**","status":"done","order":"cb531f40-e637-41cf-9f76-f0ae5bb64fbf"}}

【2025-09-01 14:26:55】
P2025090114245047490697875----提交：{"reference":"P2025090114245047490697875"}

【2025-09-01 14:26:55】
P2025090114245047490697875----返回：{"msg":"P2025090114245047490697875","code":"000000","data":{"date":"2025-09-01 14:26:02","eid":"E3305358020250901172602161828121","amount":8000,"name":"STHEPHANE KARLA SILVA SANT ANA","cpf":"***.373.864-**","bankname":"00416968","payBank":"P H R OLIVEIRA DR INVESTIMENTO LTDA","payCpf":"58.321.455\/0001-99","pixkey":"10437386490","account":"***.373.864-**","status":"done","order":"4d396153-017b-4737-9c31-10a032bf878d"}}

【2025-09-01 14:27:02】
P2025090114245247492387711----提交：{"reference":"P2025090114245247492387711"}

【2025-09-01 14:27:03】
P2025090114245247492387711----返回：{"msg":"P2025090114245247492387711","code":"000000","data":{"date":"2025-09-01 14:26:03","eid":"E3305358020250901172603254b55d97","amount":10000,"name":"EMMANUEL DINIZ ALBUQUERQUE LOPES","cpf":"***.446.804-**","bankname":"22896431","payBank":"P H R OLIVEIRA DR INVESTIMENTO LTDA","payCpf":"58.321.455\/0001-99","pixkey":"yesb5263@gmail.com","account":"***.446.804-**","status":"done","order":"ace8db30-2fa3-4e38-a92b-7f235dd04d6b"}}

【2025-09-01 14:27:05】
P2025090114245047490697875----提交：{"reference":"P2025090114245047490697875"}

【2025-09-01 14:27:06】
P2025090114245047490697875----返回：{"msg":"P2025090114245047490697875","code":"000000","data":{"date":"2025-09-01 14:26:02","eid":"E3305358020250901172602161828121","amount":8000,"name":"STHEPHANE KARLA SILVA SANT ANA","cpf":"***.373.864-**","bankname":"00416968","payBank":"P H R OLIVEIRA DR INVESTIMENTO LTDA","payCpf":"58.321.455\/0001-99","pixkey":"10437386490","account":"***.373.864-**","status":"done","order":"4d396153-017b-4737-9c31-10a032bf878d"}}

【2025-09-01 14:27:07】
P2025090114245047490697875----提交：{"reference":"P2025090114245047490697875"}

【2025-09-01 14:27:07】
P2025090114245047490697875----返回：{"msg":"P2025090114245047490697875","code":"000000","data":{"date":"2025-09-01 14:26:02","eid":"E3305358020250901172602161828121","amount":8000,"name":"STHEPHANE KARLA SILVA SANT ANA","cpf":"***.373.864-**","bankname":"00416968","payBank":"P H R OLIVEIRA DR INVESTIMENTO LTDA","payCpf":"58.321.455\/0001-99","pixkey":"10437386490","account":"***.373.864-**","status":"done","order":"4d396153-017b-4737-9c31-10a032bf878d"}}

【2025-09-01 14:27:36】
P2025090114245247492387711----提交：{"reference":"P2025090114245247492387711"}

【2025-09-01 14:27:37】
P2025090114245247492387711----返回：{"msg":"P2025090114245247492387711","code":"000000","data":{"date":"2025-09-01 14:26:03","eid":"E3305358020250901172603254b55d97","amount":10000,"name":"EMMANUEL DINIZ ALBUQUERQUE LOPES","cpf":"***.446.804-**","bankname":"22896431","payBank":"P H R OLIVEIRA DR INVESTIMENTO LTDA","payCpf":"58.321.455\/0001-99","pixkey":"yesb5263@gmail.com","account":"***.446.804-**","status":"done","order":"ace8db30-2fa3-4e38-a92b-7f235dd04d6b"}}

【2025-09-01 14:28:18】
P2025090113205543655013330----提交：{"reference":"P2025090113205543655013330"}

【2025-09-01 14:28:19】
P2025090113205543655013330----返回：{"msg":"P2025090113205543655013330","code":"000000","data":{"date":"2025-09-01 13:20:56","eid":"E3305358020250901162056898993f4c","amount":80,"name":"nagila Viviane de Andrade","cpf":"***.886.133-**","bankname":"31872495","payBank":"P H R OLIVEIRA DR INVESTIMENTO LTDA","payCpf":"58.321.455\/0001-99","pixkey":"88981242839","account":"***.886.133-**","status":"done","order":"77a4ffe1-5317-42e9-8c62-7672d3a093bf"}}

【2025-09-01 14:28:22】
P2025090113205543655013330----提交：{"reference":"P2025090113205543655013330"}

【2025-09-01 14:28:22】
P2025090113205543655013330----返回：{"msg":"P2025090113205543655013330","code":"000000","data":{"date":"2025-09-01 13:20:56","eid":"E3305358020250901162056898993f4c","amount":80,"name":"nagila Viviane de Andrade","cpf":"***.886.133-**","bankname":"31872495","payBank":"P H R OLIVEIRA DR INVESTIMENTO LTDA","payCpf":"58.321.455\/0001-99","pixkey":"88981242839","account":"***.886.133-**","status":"done","order":"77a4ffe1-5317-42e9-8c62-7672d3a093bf"}}

【2025-09-01 14:30:24】
P2025090114261147571065201----提交：{"reference":"P2025090114261147571065201"}

【2025-09-01 14:30:25】
P2025090114261147571065201----返回：{"msg":"P2025090114261147571065201","code":"000000","data":{"date":"2025-09-01 14:27:02","eid":"E3305358020250901172702269d4a7af","amount":3000,"name":"Kauan Gabriel Peixoto Dos Santos","cpf":"***.604.727-**","bankname":"10573521","payBank":"P H R OLIVEIRA DR INVESTIMENTO LTDA","payCpf":"58.321.455\/0001-99","pixkey":"+5521984621912","account":"***.604.727-**","status":"done","order":"6aed158b-d49f-4ad2-b2ec-59b2402dccc9"}}

【2025-09-01 14:30:28】
P2025090114261147571065201----提交：{"reference":"P2025090114261147571065201"}

【2025-09-01 14:30:28】
P2025090114261147571065201----返回：{"msg":"P2025090114261147571065201","code":"000000","data":{"date":"2025-09-01 14:27:02","eid":"E3305358020250901172702269d4a7af","amount":3000,"name":"Kauan Gabriel Peixoto Dos Santos","cpf":"***.604.727-**","bankname":"10573521","payBank":"P H R OLIVEIRA DR INVESTIMENTO LTDA","payCpf":"58.321.455\/0001-99","pixkey":"+5521984621912","account":"***.604.727-**","status":"done","order":"6aed158b-d49f-4ad2-b2ec-59b2402dccc9"}}

