【2025-09-01 00:15:40】
P2025090100085996139341685----提交：{"reference":"P2025090100085996139341685"}

【2025-09-01 00:15:41】
P2025090100085996139341685----返回：{"msg":"P2025090100085996139341685","code":"000000","data":{"date":"2025-09-01 00:09:00","eid":"E3305358020250901030900291a064f2","amount":20.32,"name":"JOSE MARIA LUCAS FONSECA","cpf":"***.801.282-**","bankname":"00360305","payBank":"P H R OLIVEIRA DR INVESTIMENTO LTDA","payCpf":"58.321.455\/0001-99","pixkey":"51580128220","account":"***.801.282-**","status":"done","order":"3c642e57-b00d-453d-b458-1a3f6b926729"}}

【2025-09-01 00:16:01】
P2025090100090296142537317----提交：{"reference":"P2025090100090296142537317"}

【2025-09-01 00:16:02】
P2025090100090296142537317----返回：{"msg":"P2025090100090296142537317","code":"000000","data":{"date":"2025-09-01 00:09:03","eid":"E330535802025090103090341142a20e","amount":30,"name":"MARCELO DA SILVA CARDOSO","cpf":"***.222.601-**","bankname":"00000000","payBank":"P H R OLIVEIRA DR INVESTIMENTO LTDA","payCpf":"58.321.455\/0001-99","pixkey":"94522260130","account":"***.222.601-**","status":"done","order":"a57f37f6-4d70-4ade-b53d-219643c67fd5"}}

【2025-09-01 00:16:29】
P2025090100090296142537317----提交：{"reference":"P2025090100090296142537317"}

【2025-09-01 00:16:29】
P2025090100090296142537317----返回：{"msg":"P2025090100090296142537317","code":"000000","data":{"date":"2025-09-01 00:09:03","eid":"E330535802025090103090341142a20e","amount":30,"name":"MARCELO DA SILVA CARDOSO","cpf":"***.222.601-**","bankname":"00000000","payBank":"P H R OLIVEIRA DR INVESTIMENTO LTDA","payCpf":"58.321.455\/0001-99","pixkey":"94522260130","account":"***.222.601-**","status":"done","order":"a57f37f6-4d70-4ade-b53d-219643c67fd5"}}

【2025-09-01 00:16:32】
P2025090100091096150372414----提交：{"reference":"P2025090100091096150372414"}

【2025-09-01 00:16:32】
P2025090100091096150372414----返回：{"msg":"P2025090100091096150372414","code":"000000","data":{"date":"2025-09-01 00:09:11","eid":"E33053580202509010309114721ecad1","amount":20,"name":"Ilka Lima da Silva","cpf":"***.255.032-**","bankname":"08561701","payBank":"P H R OLIVEIRA DR INVESTIMENTO LTDA","payCpf":"58.321.455\/0001-99","pixkey":"75825503234","account":"***.255.032-**","status":"done","order":"87cc5233-bcfb-423a-a053-1068bd1863da"}}

【2025-09-01 00:16:38】
P2025090100090296142537317----提交：{"reference":"P2025090100090296142537317"}

【2025-09-01 00:16:39】
P2025090100090296142537317----返回：{"msg":"P2025090100090296142537317","code":"000000","data":{"date":"2025-09-01 00:09:03","eid":"E330535802025090103090341142a20e","amount":30,"name":"MARCELO DA SILVA CARDOSO","cpf":"***.222.601-**","bankname":"00000000","payBank":"P H R OLIVEIRA DR INVESTIMENTO LTDA","payCpf":"58.321.455\/0001-99","pixkey":"94522260130","account":"***.222.601-**","status":"done","order":"a57f37f6-4d70-4ade-b53d-219643c67fd5"}}

【2025-09-01 00:16:43】
P2025090100093196171771273----提交：{"reference":"P2025090100093196171771273"}

【2025-09-01 00:16:44】
P2025090100093196171771273----返回：{"msg":"P2025090100093196171771273","code":"000000","data":{"date":"2025-09-01 00:09:32","eid":"E3305358020250901030932278ed263a","amount":25,"name":"Itamara Borges dos Anjos","cpf":"***.647.032-**","bankname":"18236120","payBank":"P H R OLIVEIRA DR INVESTIMENTO LTDA","payCpf":"58.321.455\/0001-99","pixkey":"00764703269","account":"***.647.032-**","status":"done","order":"7061b574-3cb7-4c13-9720-b774db8481b4"}}

【2025-09-01 00:16:45】
P2025090100094596185731583----提交：{"reference":"P2025090100094596185731583"}

【2025-09-01 00:16:46】
P2025090100094596185731583----返回：{"msg":"P2025090100094596185731583","code":"000000","data":{"date":"2025-09-01 00:09:46","eid":"E3305358020250901030946461a79074","amount":30,"name":"HIGOR DE OLIVEIRA PACHECO","cpf":"***.163.367-**","bankname":"90400888","payBank":"P H R OLIVEIRA DR INVESTIMENTO LTDA","payCpf":"58.321.455\/0001-99","pixkey":"12416336738","account":"***.163.367-**","status":"done","order":"aa0cf131-9824-424a-95ba-403c87dfc0f2"}}

【2025-09-01 00:16:49】
P2025090100094596185731583----提交：{"reference":"P2025090100094596185731583"}

【2025-09-01 00:16:49】
P2025090100094596185731583----返回：{"msg":"P2025090100094596185731583","code":"000000","data":{"date":"2025-09-01 00:09:46","eid":"E3305358020250901030946461a79074","amount":30,"name":"HIGOR DE OLIVEIRA PACHECO","cpf":"***.163.367-**","bankname":"90400888","payBank":"P H R OLIVEIRA DR INVESTIMENTO LTDA","payCpf":"58.321.455\/0001-99","pixkey":"12416336738","account":"***.163.367-**","status":"done","order":"aa0cf131-9824-424a-95ba-403c87dfc0f2"}}

【2025-09-01 00:17:22】
P2025090100094596185731583----提交：{"reference":"P2025090100094596185731583"}

【2025-09-01 00:17:22】
P2025090100094596185731583----返回：{"msg":"P2025090100094596185731583","code":"000000","data":{"date":"2025-09-01 00:09:46","eid":"E3305358020250901030946461a79074","amount":30,"name":"HIGOR DE OLIVEIRA PACHECO","cpf":"***.163.367-**","bankname":"90400888","payBank":"P H R OLIVEIRA DR INVESTIMENTO LTDA","payCpf":"58.321.455\/0001-99","pixkey":"12416336738","account":"***.163.367-**","status":"done","order":"aa0cf131-9824-424a-95ba-403c87dfc0f2"}}

【2025-09-01 00:18:15】
P2025090100103696236423079----提交：{"reference":"P2025090100103696236423079"}

【2025-09-01 00:18:15】
P2025090100103696236423079----返回：{"msg":"P2025090100103696236423079","code":"000000","data":{"date":"2025-09-01 00:10:37","eid":"E3305358020250901031037287973000","amount":60,"name":"HELENA FERREIRA DA SILVA DE MELO","cpf":"***.780.298-**","bankname":"24313102","payBank":"P H R OLIVEIRA DR INVESTIMENTO LTDA","payCpf":"58.321.455\/0001-99","pixkey":"55378029880","account":"***.780.298-**","status":"done","order":"eecf09e5-65e0-4d1e-b9f5-d3b2c22d2622"}}

【2025-09-01 00:18:59】
P2025090100090296142537317----提交：{"reference":"P2025090100090296142537317"}

【2025-09-01 00:19:00】
P2025090100090296142537317----返回：{"msg":"P2025090100090296142537317","code":"000000","data":{"date":"2025-09-01 00:09:03","eid":"E330535802025090103090341142a20e","amount":30,"name":"MARCELO DA SILVA CARDOSO","cpf":"***.222.601-**","bankname":"00000000","payBank":"P H R OLIVEIRA DR INVESTIMENTO LTDA","payCpf":"58.321.455\/0001-99","pixkey":"94522260130","account":"***.222.601-**","status":"done","order":"a57f37f6-4d70-4ade-b53d-219643c67fd5"}}

【2025-09-01 00:39:32】
P2025090100390497944432402----提交：{"reference":"P2025090100390497944432402"}

【2025-09-01 00:39:32】
P2025090100390497944432402----返回：{"msg":"P2025090100390497944432402","code":"000000","data":{"date":"2025-09-01 00:39:05","eid":"E3305358020250901033905801f73160","amount":55,"name":"LETICIA CAMPOS TAVARES","cpf":"***.486.475-**","bankname":"60701190","payBank":"P H R OLIVEIRA DR INVESTIMENTO LTDA","payCpf":"58.321.455\/0001-99","pixkey":"09748647579","account":"***.486.475-**","status":"done","order":"593798d2-0c2c-4f0d-a278-9e5d55db8a21"}}

