【2025-09-01 13:06:21】
P2025090100093196171771273----提交：{"reference":"P2025090100093196171771273"}

【2025-09-01 13:06:21】
P2025090100093196171771273----返回：{"msg":"P2025090100093196171771273","code":"000000","data":{"date":"2025-09-01 00:09:32","eid":"E3305358020250901030932278ed263a","amount":25,"name":"Itamara Borges dos Anjos","cpf":"***.647.032-**","bankname":"18236120","payBank":"P H R OLIVEIRA DR INVESTIMENTO LTDA","payCpf":"58.321.455\/0001-99","pixkey":"00764703269","account":"***.647.032-**","status":"done","order":"7061b574-3cb7-4c13-9720-b774db8481b4"}}

【2025-09-01 13:09:02】
P2025090111271036830083607----提交：{"reference":"P2025090111271036830083607"}

【2025-09-01 13:09:02】
P2025090111271036830083607----返回：{"msg":"P2025090111271036830083607","code":"000000","data":{"date":"2025-09-01 11:27:11","eid":"E3305358020250901142711830e919f2","amount":25,"name":"Josefa Zelma Nonato de Sousa","cpf":"***.565.993-**","bankname":"18236120","payBank":"P H R OLIVEIRA DR INVESTIMENTO LTDA","payCpf":"58.321.455\/0001-99","pixkey":"69356599300","account":"***.565.993-**","status":"done","order":"b79bc061-e2cb-4aa2-8b68-913d7b313697"}}

【2025-09-01 13:11:10】
P2025083112355954559659323----提交：{"reference":"P2025083112355954559659323"}

【2025-09-01 13:11:11】
P2025083112355954559659323----返回：{"msg":"P2025083112355954559659323","code":"000000","data":{"date":"2025-08-31 12:36:00","eid":"E3305358020250831153600403807b9b","amount":100,"name":"Elane Pinheiro Correa","cpf":"***.853.392-**","bankname":"10573521","payBank":"P H R OLIVEIRA DR INVESTIMENTO LTDA","payCpf":"58.321.455\/0001-99","pixkey":"elanepinheirocorrea12@gmail.com","account":"***.853.392-**","status":"done","order":"0aa3e3d9-97e1-40fc-a101-bf7486082c3b"}}

【2025-09-01 13:11:12】
P2025083112355954559659323----提交：{"reference":"P2025083112355954559659323"}

【2025-09-01 13:11:13】
P2025083112355954559659323----返回：{"msg":"P2025083112355954559659323","code":"000000","data":{"date":"2025-08-31 12:36:00","eid":"E3305358020250831153600403807b9b","amount":100,"name":"Elane Pinheiro Correa","cpf":"***.853.392-**","bankname":"10573521","payBank":"P H R OLIVEIRA DR INVESTIMENTO LTDA","payCpf":"58.321.455\/0001-99","pixkey":"elanepinheirocorrea12@gmail.com","account":"***.853.392-**","status":"done","order":"0aa3e3d9-97e1-40fc-a101-bf7486082c3b"}}

【2025-09-01 13:51:49】
P2025083009101255812966686----提交：{"reference":"P2025083009101255812966686"}

【2025-09-01 13:51:50】
P2025083009101255812966686----返回：{"msg":"P2025083009101255812966686","code":"000000","data":{"date":"2025-08-30 09:10:13","eid":"E33053580202508301210133228148a7","amount":20,"name":"BERNARDO RAMOS BASTOS","cpf":"***.890.886-**","bankname":"22896431","payBank":"P H R OLIVEIRA DR INVESTIMENTO LTDA","payCpf":"58.321.455\/0001-99","pixkey":"18189088670","account":"***.890.886-**","status":"done","order":"c68fd719-2b18-44fc-884e-87cb34ab90eb"}}

【2025-09-01 13:51:51】
P2025083009101255812966686----提交：{"reference":"P2025083009101255812966686"}

【2025-09-01 13:51:52】
P2025083009101255812966686----返回：{"msg":"P2025083009101255812966686","code":"000000","data":{"date":"2025-08-30 09:10:13","eid":"E33053580202508301210133228148a7","amount":20,"name":"BERNARDO RAMOS BASTOS","cpf":"***.890.886-**","bankname":"22896431","payBank":"P H R OLIVEIRA DR INVESTIMENTO LTDA","payCpf":"58.321.455\/0001-99","pixkey":"18189088670","account":"***.890.886-**","status":"done","order":"c68fd719-2b18-44fc-884e-87cb34ab90eb"}}

