【2025-09-01 16:25:57】
P2025090116184254322597728----提交：{"reference":"P2025090116184254322597728"}

【2025-09-01 16:25:57】
P2025090116184254322597728----返回：{"msg":"P2025090116184254322597728","code":"000000","data":{"date":"2025-09-01 16:18:43","eid":"E3305358020250901191843678302c32","amount":40.17,"name":"JONATHAN NASCIMENTO SODRE","cpf":"***.295.408-**","bankname":"00360305","payBank":"P H R OLIVEIRA DR INVESTIMENTO LTDA","payCpf":"58.321.455\/0001-99","pixkey":"32329540817","account":"***.295.408-**","status":"done","order":"09b1e36d-d14d-4d35-9dfd-e23cb39b9e88"}}

【2025-09-01 16:26:04】
P2025090116184254322597728----提交：{"reference":"P2025090116184254322597728"}

【2025-09-01 16:26:04】
P2025090116184254322597728----返回：{"msg":"P2025090116184254322597728","code":"000000","data":{"date":"2025-09-01 16:18:43","eid":"E3305358020250901191843678302c32","amount":40.17,"name":"JONATHAN NASCIMENTO SODRE","cpf":"***.295.408-**","bankname":"00360305","payBank":"P H R OLIVEIRA DR INVESTIMENTO LTDA","payCpf":"58.321.455\/0001-99","pixkey":"32329540817","account":"***.295.408-**","status":"done","order":"09b1e36d-d14d-4d35-9dfd-e23cb39b9e88"}}

【2025-09-01 16:31:09】
P2025090116145654096609148----提交：{"reference":"P2025090116145654096609148"}

【2025-09-01 16:31:09】
P2025090116145654096609148----返回：{"msg":"P2025090116145654096609148","code":"000000","data":{"date":"2025-09-01 16:16:02","eid":"E3305358020250901191602684184f3d","amount":1600,"name":"RUTH ELEN SANTOS SILVA","cpf":"***.500.898-**","bankname":"31872495","payBank":"P H R OLIVEIRA DR INVESTIMENTO LTDA","payCpf":"58.321.455\/0001-99","pixkey":"41650089821","account":"***.500.898-**","status":"done","order":"ac188e9f-0b06-47e7-bd05-40c972fecda9"}}

【2025-09-01 16:31:11】
P2025090116145654096609148----提交：{"reference":"P2025090116145654096609148"}

【2025-09-01 16:31:11】
P2025090116145654096609148----返回：{"msg":"P2025090116145654096609148","code":"000000","data":{"date":"2025-09-01 16:16:02","eid":"E3305358020250901191602684184f3d","amount":1600,"name":"RUTH ELEN SANTOS SILVA","cpf":"***.500.898-**","bankname":"31872495","payBank":"P H R OLIVEIRA DR INVESTIMENTO LTDA","payCpf":"58.321.455\/0001-99","pixkey":"41650089821","account":"***.500.898-**","status":"done","order":"ac188e9f-0b06-47e7-bd05-40c972fecda9"}}

【2025-09-01 16:40:29】
P2025090116193954379156495----提交：{"reference":"P2025090116193954379156495"}

【2025-09-01 16:40:30】
P2025090116193954379156495----返回：{"msg":"P2025090116193954379156495","code":"000000","data":{"date":"2025-09-01 16:40:02","eid":"E330535802025090119400225701cfd0","amount":300,"name":"Raiane Paes Da Silva","cpf":"***.122.822-**","bankname":"22896431","payBank":"P H R OLIVEIRA DR INVESTIMENTO LTDA","payCpf":"58.321.455\/0001-99","pixkey":"05612282214","account":"***.122.822-**","status":"done","order":"dbab40f3-731e-44c6-9df2-67f0a12ff926"}}

【2025-09-01 16:49:16】
P2025090116203554435845608----提交：{"reference":"P2025090116203554435845608"}

【2025-09-01 16:49:16】
P2025090116203554435845608----返回：{"msg":"P2025090116203554435845608","code":"000000","data":{"date":"2025-09-01 16:20:36","eid":"E3305358020250901192035948845106","amount":20,"name":"Caique Santos Henriques de Lima","cpf":"***.844.448-**","bankname":"18236120","payBank":"P H R OLIVEIRA DR INVESTIMENTO LTDA","payCpf":"58.321.455\/0001-99","pixkey":"44584444846","account":"***.844.448-**","status":"done","order":"ef74b954-9351-42bd-b471-9bc63b6643f1"}}

【2025-09-01 16:49:20】
P2025090116203554435845608----提交：{"reference":"P2025090116203554435845608"}

【2025-09-01 16:49:20】
P2025090116203554435845608----返回：{"msg":"P2025090116203554435845608","code":"000000","data":{"date":"2025-09-01 16:20:36","eid":"E3305358020250901192035948845106","amount":20,"name":"Caique Santos Henriques de Lima","cpf":"***.844.448-**","bankname":"18236120","payBank":"P H R OLIVEIRA DR INVESTIMENTO LTDA","payCpf":"58.321.455\/0001-99","pixkey":"44584444846","account":"***.844.448-**","status":"done","order":"ef74b954-9351-42bd-b471-9bc63b6643f1"}}

【2025-09-01 16:52:18】
P2025090116282254902391761----提交：{"reference":"P2025090116282254902391761"}

【2025-09-01 16:52:19】
P2025090116282254902391761----返回：{"msg":"P2025090116282254902391761","code":"000000","data":{"date":"2025-09-01 16:28:23","eid":"E3305358020250901192823553d904f1","amount":90,"name":"LUCILA DOS SANTOS SILVA","cpf":"***.397.461-**","bankname":"00360305","payBank":"P H R OLIVEIRA DR INVESTIMENTO LTDA","payCpf":"58.321.455\/0001-99","pixkey":"42039746153","account":"***.397.461-**","status":"done","order":"aafae776-2691-4c66-a435-2fb02d549f95"}}

【2025-09-01 16:52:23】
P2025090116282254902391761----提交：{"reference":"P2025090116282254902391761"}

【2025-09-01 16:52:24】
P2025090116282254902391761----返回：{"msg":"P2025090116282254902391761","code":"000000","data":{"date":"2025-09-01 16:28:23","eid":"E3305358020250901192823553d904f1","amount":90,"name":"LUCILA DOS SANTOS SILVA","cpf":"***.397.461-**","bankname":"00360305","payBank":"P H R OLIVEIRA DR INVESTIMENTO LTDA","payCpf":"58.321.455\/0001-99","pixkey":"42039746153","account":"***.397.461-**","status":"done","order":"aafae776-2691-4c66-a435-2fb02d549f95"}}

【2025-09-01 16:54:31】
P2025090116282254902391761----提交：{"reference":"P2025090116282254902391761"}

【2025-09-01 16:54:32】
P2025090116282254902391761----返回：{"msg":"P2025090116282254902391761","code":"000000","data":{"date":"2025-09-01 16:28:23","eid":"E3305358020250901192823553d904f1","amount":90,"name":"LUCILA DOS SANTOS SILVA","cpf":"***.397.461-**","bankname":"00360305","payBank":"P H R OLIVEIRA DR INVESTIMENTO LTDA","payCpf":"58.321.455\/0001-99","pixkey":"42039746153","account":"***.397.461-**","status":"done","order":"aafae776-2691-4c66-a435-2fb02d549f95"}}

