【2025-09-01 00:19:29】
P2025083118073474454636330----提交：{"custId":"24120300001308","appId":"8241201350","order":"P2025083118073474454636330","sign":"77C79562275F80AC0ED968A013AAC980"}

【2025-09-01 00:19:29】
P2025083118073474454636330----返回：{"code":"000000","msg":"P2025083118073474454636330","data":{"date":"2025-09-01 00:17:05","eid":"E457564482025090103172QlWYG6dEu4","amount":"5000","name":"KAREN ALVES DOS SANTOS","cpf":"1853446661","bankname":"null","payBank":"","payCpf":"","pixkey":"01853446661","account":"12880000007659455428","status":"done","order":"A202509010017018380494w59dJ4Xr"},"sign":"FCEA576FA0613AE4BF8D46BCE0C9F237"}

【2025-09-01 00:19:31】
P2025083118073474454636330----提交：{"custId":"24120300001308","appId":"8241201350","order":"P2025083118073474454636330","sign":"77C79562275F80AC0ED968A013AAC980"}

【2025-09-01 00:19:31】
P2025083118073474454636330----返回：{"code":"000000","msg":"P2025083118073474454636330","data":{"date":"2025-09-01 00:17:05","eid":"E457564482025090103172QlWYG6dEu4","amount":"5000","name":"KAREN ALVES DOS SANTOS","cpf":"1853446661","bankname":"null","payBank":"","payCpf":"","pixkey":"01853446661","account":"12880000007659455428","status":"done","order":"A202509010017018380494w59dJ4Xr"},"sign":"FCEA576FA0613AE4BF8D46BCE0C9F237"}

【2025-09-01 00:57:45】
P2025083016164581405561845----提交：{"custId":"24120300001308","appId":"8241201350","order":"P2025083016164581405561845","sign":"B7DC5A749B1011AEA491FA15661B552A"}

【2025-09-01 00:57:45】
P2025083016164581405561845----返回：{"code":"000000","msg":"P2025083016164581405561845","data":{"date":"2025-08-30 16:16:48","eid":"E3571349120250830191646065e5c662","amount":"50.41","name":"MARIA VITORIA DA SILVA BARROS","cpf":"50490114857","bankname":"NOVABET OFICIAL","payBank":"","payCpf":"","pixkey":"50490114857","account":"00360305","status":"done","order":"A20250830161645044754bevFpATQi"},"sign":"15A0A25E308EE8E3C823808F05967C06"}

【2025-09-01 00:57:58】
P2025083122364690606508370----提交：{"custId":"24120300001308","appId":"8241201350","order":"P2025083122364690606508370","sign":"28A484AD1C5A0D3390D22ADDB2EE2E2D"}

【2025-09-01 00:57:58】
P2025083122364690606508370----返回：{"code":"000000","msg":"P2025083122364690606508370","data":{"date":"2025-08-31 22:36:49","eid":"E45756448202509010136UlZaOHsWQ02","amount":"30","name":"MARIA VITORIA DA SILVA BARROS","cpf":"50490114857","bankname":"null","payBank":"","payCpf":"","pixkey":"50490114857","account":"12880000008490221977","status":"done","order":"A20250831223646078095qmayBXTEr"},"sign":"02A79B4616DBA40BA8FBA17948724A52"}

【2025-09-01 00:58:01】
P2025083122364690606508370----提交：{"custId":"24120300001308","appId":"8241201350","order":"P2025083122364690606508370","sign":"28A484AD1C5A0D3390D22ADDB2EE2E2D"}

【2025-09-01 00:58:01】
P2025083122364690606508370----返回：{"code":"000000","msg":"P2025083122364690606508370","data":{"date":"2025-08-31 22:36:49","eid":"E45756448202509010136UlZaOHsWQ02","amount":"30","name":"MARIA VITORIA DA SILVA BARROS","cpf":"50490114857","bankname":"null","payBank":"","payCpf":"","pixkey":"50490114857","account":"12880000008490221977","status":"done","order":"A20250831223646078095qmayBXTEr"},"sign":"02A79B4616DBA40BA8FBA17948724A52"}

【2025-09-01 00:59:48】
P2025083016164581405561845----提交：{"custId":"24120300001308","appId":"8241201350","order":"P2025083016164581405561845","sign":"B7DC5A749B1011AEA491FA15661B552A"}

【2025-09-01 00:59:48】
P2025083016164581405561845----返回：{"code":"000000","msg":"P2025083016164581405561845","data":{"date":"2025-08-30 16:16:48","eid":"E3571349120250830191646065e5c662","amount":"50.41","name":"MARIA VITORIA DA SILVA BARROS","cpf":"50490114857","bankname":"NOVABET OFICIAL","payBank":"","payCpf":"","pixkey":"50490114857","account":"00360305","status":"done","order":"A20250830161645044754bevFpATQi"},"sign":"15A0A25E308EE8E3C823808F05967C06"}

