【2025-09-01 20:06:56】
P2025090118252361923926268----提交：{"custId":"24120300001308","appId":"8241201350","order":"P2025090118252361923926268","sign":"0796742A1C423313F6E172A1F7D63CCA"}

【2025-09-01 20:06:57】
P2025090118252361923926268----返回：{"code":"000000","msg":"P2025090118252361923926268","data":{"date":"2025-09-01 18:25:25","eid":"E45756448202509012125fJy4SoAHyEq","amount":"50","name":"CLENILDA DA SILVA ROQUE","cpf":"36796965825","bankname":"null","payBank":"","payCpf":"","pixkey":"36796965825","account":"12880000009415963455","status":"done","order":"A20250901182523031589wQflziCpj"},"sign":"F5CE5A855D4D523A488C5D6AEDF74509"}

【2025-09-01 20:07:04】
P2025090118174261462333289----提交：{"custId":"24120300001308","appId":"8241201350","order":"P2025090118174261462333289","sign":"DE0D81F6D5B2D9A95A504C4ADAC781E7"}

【2025-09-01 20:07:05】
P2025090118174261462333289----返回：{"code":"000000","msg":"P2025090118174261462333289","data":{"date":"2025-09-01 18:17:46","eid":"E45756448202509012117eaZ1YFf28ky","amount":"400","name":"CLENILDA DA SILVA ROQUE","cpf":"36796965825","bankname":"null","payBank":"","payCpf":"","pixkey":"36796965825","account":"12880000009415963455","status":"done","order":"A20250901181742593360TF3nfuIme"},"sign":"F210424C46CF67C5763B7CAA34992F17"}

【2025-09-01 20:07:10】
P2025090118252361923926268----提交：{"custId":"24120300001308","appId":"8241201350","order":"P2025090118252361923926268","sign":"0796742A1C423313F6E172A1F7D63CCA"}

【2025-09-01 20:07:11】
P2025090118252361923926268----返回：{"code":"000000","msg":"P2025090118252361923926268","data":{"date":"2025-09-01 18:25:25","eid":"E45756448202509012125fJy4SoAHyEq","amount":"50","name":"CLENILDA DA SILVA ROQUE","cpf":"36796965825","bankname":"null","payBank":"","payCpf":"","pixkey":"36796965825","account":"12880000009415963455","status":"done","order":"A20250901182523031589wQflziCpj"},"sign":"F5CE5A855D4D523A488C5D6AEDF74509"}

【2025-09-01 20:07:19】
P2025090118174261462333289----提交：{"custId":"24120300001308","appId":"8241201350","order":"P2025090118174261462333289","sign":"DE0D81F6D5B2D9A95A504C4ADAC781E7"}

【2025-09-01 20:07:19】
P2025090118174261462333289----返回：{"code":"000000","msg":"P2025090118174261462333289","data":{"date":"2025-09-01 18:17:46","eid":"E45756448202509012117eaZ1YFf28ky","amount":"400","name":"CLENILDA DA SILVA ROQUE","cpf":"36796965825","bankname":"null","payBank":"","payCpf":"","pixkey":"36796965825","account":"12880000009415963455","status":"done","order":"A20250901181742593360TF3nfuIme"},"sign":"F210424C46CF67C5763B7CAA34992F17"}

【2025-09-01 20:18:20】
P2025090119175065070112445----提交：{"custId":"24120300001308","appId":"8241201350","order":"P2025090119175065070112445","sign":"E131E09CE8A42270C1583092CEFDDFD6"}

【2025-09-01 20:18:20】
P2025090119175065070112445----返回：{"code":"000000","msg":"P2025090119175065070112445","data":{"date":"2025-09-01 19:17:52","eid":"E45756448202509012217KunC0PNZk0O","amount":"170","name":"Alini Kostek Poleze","cpf":"11614440921","bankname":"null","payBank":"","payCpf":"","pixkey":"11614440921","account":"304114644","status":"done","order":"A202509011917500481742FjicSBWq"},"sign":"D8DB2B768EC89135BFCB44E10A647387"}

【2025-09-01 20:18:22】
P2025090119175065070112445----提交：{"custId":"24120300001308","appId":"8241201350","order":"P2025090119175065070112445","sign":"E131E09CE8A42270C1583092CEFDDFD6"}

【2025-09-01 20:18:23】
P2025090119175065070112445----返回：{"code":"000000","msg":"P2025090119175065070112445","data":{"date":"2025-09-01 19:17:52","eid":"E45756448202509012217KunC0PNZk0O","amount":"170","name":"Alini Kostek Poleze","cpf":"11614440921","bankname":"null","payBank":"","payCpf":"","pixkey":"11614440921","account":"304114644","status":"done","order":"A202509011917500481742FjicSBWq"},"sign":"D8DB2B768EC89135BFCB44E10A647387"}

【2025-09-01 20:30:21】
P2025090120291869358313692----提交：{"custId":"24120300001308","appId":"8241201350","order":"P2025090120291869358313692","sign":"AEAD6C43F75C089F69C035DBB899130D"}

【2025-09-01 20:30:21】
P2025090120291869358313692----返回：{"code":"000000","msg":"P2025090120291869358313692","data":{"date":"2025-09-01 20:29:21","eid":"E3571349120250901232919437f01087","amount":"10","name":"Lucas Cordeiro da Silva","cpf":"17086293784","bankname":"NOVABET OFICIAL","payBank":"","payCpf":"","pixkey":"17086293784","account":"08561701","status":"done","order":"A20250901202919779200yrDnUTe3T"},"sign":"9A235AF584098706B22D6751C00F2386"}

【2025-09-01 20:30:23】
P2025090120291869358313692----提交：{"custId":"24120300001308","appId":"8241201350","order":"P2025090120291869358313692","sign":"AEAD6C43F75C089F69C035DBB899130D"}

【2025-09-01 20:30:23】
P2025090120291869358313692----返回：{"code":"000000","msg":"P2025090120291869358313692","data":{"date":"2025-09-01 20:29:21","eid":"E3571349120250901232919437f01087","amount":"10","name":"Lucas Cordeiro da Silva","cpf":"17086293784","bankname":"NOVABET OFICIAL","payBank":"","payCpf":"","pixkey":"17086293784","account":"08561701","status":"done","order":"A20250901202919779200yrDnUTe3T"},"sign":"9A235AF584098706B22D6751C00F2386"}

【2025-09-01 20:30:37】
P2025090120291869358313692----提交：{"custId":"24120300001308","appId":"8241201350","order":"P2025090120291869358313692","sign":"AEAD6C43F75C089F69C035DBB899130D"}

【2025-09-01 20:30:37】
P2025090120291869358313692----返回：{"code":"000000","msg":"P2025090120291869358313692","data":{"date":"2025-09-01 20:29:21","eid":"E3571349120250901232919437f01087","amount":"10","name":"Lucas Cordeiro da Silva","cpf":"17086293784","bankname":"NOVABET OFICIAL","payBank":"","payCpf":"","pixkey":"17086293784","account":"08561701","status":"done","order":"A20250901202919779200yrDnUTe3T"},"sign":"9A235AF584098706B22D6751C00F2386"}

【2025-09-01 20:33:47】
P2025090120170268622075002----提交：{"custId":"24120300001308","appId":"8241201350","order":"P2025090120170268622075002","sign":"566C7CBD80D55EE41F547EBBFCA49EA7"}

【2025-09-01 20:33:47】
P2025090120170268622075002----返回：{"code":"000000","msg":"P2025090120170268622075002","data":{"date":"2025-09-01 20:17:06","eid":"E35713491202509012317034201dbda6","amount":"600","name":"MARIA DA GUIA LOPES DA SILVA","cpf":"79205852104","bankname":"NOVABET OFICIAL","payBank":"","payCpf":"","pixkey":"79205852104","account":"00360305","status":"done","order":"A20250901201703182113GXfAytJsU"},"sign":"7FEDC613BE56E16AD255E088D18B886B"}

【2025-09-01 20:33:49】
P2025090120170268622075002----提交：{"custId":"24120300001308","appId":"8241201350","order":"P2025090120170268622075002","sign":"566C7CBD80D55EE41F547EBBFCA49EA7"}

【2025-09-01 20:33:50】
P2025090120170268622075002----返回：{"code":"000000","msg":"P2025090120170268622075002","data":{"date":"2025-09-01 20:17:06","eid":"E35713491202509012317034201dbda6","amount":"600","name":"MARIA DA GUIA LOPES DA SILVA","cpf":"79205852104","bankname":"NOVABET OFICIAL","payBank":"","payCpf":"","pixkey":"79205852104","account":"00360305","status":"done","order":"A20250901201703182113GXfAytJsU"},"sign":"7FEDC613BE56E16AD255E088D18B886B"}

【2025-09-01 20:42:05】
P2025090120291869358313692----提交：{"custId":"24120300001308","appId":"8241201350","order":"P2025090120291869358313692","sign":"AEAD6C43F75C089F69C035DBB899130D"}

【2025-09-01 20:42:06】
P2025090120291869358313692----返回：{"code":"000000","msg":"P2025090120291869358313692","data":{"date":"2025-09-01 20:29:21","eid":"E3571349120250901232919437f01087","amount":"10","name":"Lucas Cordeiro da Silva","cpf":"17086293784","bankname":"NOVABET OFICIAL","payBank":"","payCpf":"","pixkey":"17086293784","account":"08561701","status":"done","order":"A20250901202919779200yrDnUTe3T"},"sign":"9A235AF584098706B22D6751C00F2386"}

【2025-09-01 20:42:09】
P2025090120291869358313692----提交：{"custId":"24120300001308","appId":"8241201350","order":"P2025090120291869358313692","sign":"AEAD6C43F75C089F69C035DBB899130D"}

【2025-09-01 20:42:09】
P2025090120291869358313692----返回：{"code":"000000","msg":"P2025090120291869358313692","data":{"date":"2025-09-01 20:29:21","eid":"E3571349120250901232919437f01087","amount":"10","name":"Lucas Cordeiro da Silva","cpf":"17086293784","bankname":"NOVABET OFICIAL","payBank":"","payCpf":"","pixkey":"17086293784","account":"08561701","status":"done","order":"A20250901202919779200yrDnUTe3T"},"sign":"9A235AF584098706B22D6751C00F2386"}

【2025-09-01 20:42:20】
P2025090120291869358313692----提交：{"custId":"24120300001308","appId":"8241201350","order":"P2025090120291869358313692","sign":"AEAD6C43F75C089F69C035DBB899130D"}

【2025-09-01 20:42:20】
P2025090120291869358313692----返回：{"code":"000000","msg":"P2025090120291869358313692","data":{"date":"2025-09-01 20:29:21","eid":"E3571349120250901232919437f01087","amount":"10","name":"Lucas Cordeiro da Silva","cpf":"17086293784","bankname":"NOVABET OFICIAL","payBank":"","payCpf":"","pixkey":"17086293784","account":"08561701","status":"done","order":"A20250901202919779200yrDnUTe3T"},"sign":"9A235AF584098706B22D6751C00F2386"}

【2025-09-01 20:42:37】
P2025090120291869358313692----提交：{"custId":"24120300001308","appId":"8241201350","order":"P2025090120291869358313692","sign":"AEAD6C43F75C089F69C035DBB899130D"}

【2025-09-01 20:42:37】
P2025090120291869358313692----返回：{"code":"000000","msg":"P2025090120291869358313692","data":{"date":"2025-09-01 20:29:21","eid":"E3571349120250901232919437f01087","amount":"10","name":"Lucas Cordeiro da Silva","cpf":"17086293784","bankname":"NOVABET OFICIAL","payBank":"","payCpf":"","pixkey":"17086293784","account":"08561701","status":"done","order":"A20250901202919779200yrDnUTe3T"},"sign":"9A235AF584098706B22D6751C00F2386"}

【2025-09-01 20:42:38】
P2025090120291869358313692----提交：{"custId":"24120300001308","appId":"8241201350","order":"P2025090120291869358313692","sign":"AEAD6C43F75C089F69C035DBB899130D"}

【2025-09-01 20:42:38】
P2025090120291869358313692----返回：{"code":"000000","msg":"P2025090120291869358313692","data":{"date":"2025-09-01 20:29:21","eid":"E3571349120250901232919437f01087","amount":"10","name":"Lucas Cordeiro da Silva","cpf":"17086293784","bankname":"NOVABET OFICIAL","payBank":"","payCpf":"","pixkey":"17086293784","account":"08561701","status":"done","order":"A20250901202919779200yrDnUTe3T"},"sign":"9A235AF584098706B22D6751C00F2386"}

【2025-09-01 20:44:07】
P2025090120435870238229249----提交：{"custId":"24120300001308","appId":"8241201350","order":"P2025090120435870238229249","sign":"414D60A3727B3A241ED9A95878F21897"}

【2025-09-01 20:44:07】
P2025090120435870238229249----返回：{"code":"000000","msg":"P2025090120435870238229249","data":{"date":"2025-09-01 20:44:00","eid":"E35713491202509012343583541b2d2a","amount":"45","name":"Lucas Cordeiro da Silva","cpf":"17086293784","bankname":"NOVABET OFICIAL","payBank":"","payCpf":"","pixkey":"17086293784","account":"08561701","status":"done","order":"A20250901204358141164Qzze4GGiG"},"sign":"7AF3C5F301E925FEB4595A45E324F838"}

【2025-09-01 20:44:09】
P2025090120435870238229249----提交：{"custId":"24120300001308","appId":"8241201350","order":"P2025090120435870238229249","sign":"414D60A3727B3A241ED9A95878F21897"}

【2025-09-01 20:44:09】
P2025090120435870238229249----返回：{"code":"000000","msg":"P2025090120435870238229249","data":{"date":"2025-09-01 20:44:00","eid":"E35713491202509012343583541b2d2a","amount":"45","name":"Lucas Cordeiro da Silva","cpf":"17086293784","bankname":"NOVABET OFICIAL","payBank":"","payCpf":"","pixkey":"17086293784","account":"08561701","status":"done","order":"A20250901204358141164Qzze4GGiG"},"sign":"7AF3C5F301E925FEB4595A45E324F838"}

【2025-09-01 20:45:29】
P2025090120445670296324901----提交：{"custId":"24120300001308","appId":"8241201350","order":"P2025090120445670296324901","sign":"BFA5A0CB48D0E699BE6CC7CCC2E5207B"}

【2025-09-01 20:45:29】
P2025090120445670296324901----返回：{"code":"000000","msg":"P2025090120445670296324901","data":{"date":"2025-09-01 20:44:58","eid":"E357134912025090123445689848fe7c","amount":"16.14","name":"JOSE DOMIRES MATOS GOMES","cpf":"67408931520","bankname":"NOVABET OFICIAL","payBank":"","payCpf":"","pixkey":"67408931520","account":"31872495","status":"done","order":"A202509012044564841904WKTjbCzU"},"sign":"55B93B7DF09701F3F9787A9D21C9D520"}

【2025-09-01 20:45:32】
P2025090120445670296324901----提交：{"custId":"24120300001308","appId":"8241201350","order":"P2025090120445670296324901","sign":"BFA5A0CB48D0E699BE6CC7CCC2E5207B"}

【2025-09-01 20:45:32】
P2025090120445670296324901----返回：{"code":"000000","msg":"P2025090120445670296324901","data":{"date":"2025-09-01 20:44:58","eid":"E357134912025090123445689848fe7c","amount":"16.14","name":"JOSE DOMIRES MATOS GOMES","cpf":"67408931520","bankname":"NOVABET OFICIAL","payBank":"","payCpf":"","pixkey":"67408931520","account":"31872495","status":"done","order":"A202509012044564841904WKTjbCzU"},"sign":"55B93B7DF09701F3F9787A9D21C9D520"}

