【2025-09-01 22:52:36】
P2025083119464280402808211----提交：{"custId":"24120300001308","appId":"8241201350","order":"P2025083119464280402808211","sign":"1CDE9D2713C1A8FFD52CA801A81A0046"}

【2025-09-01 22:52:36】
P2025083119464280402808211----返回：{"code":"000000","msg":"P2025083119464280402808211","data":{"date":"2025-08-31 19:46:44","eid":"E3571349120250831224642703de6e0d","amount":"400","name":"MARIA DAS GRACAS MIGUEL          ","cpf":"11897231741","bankname":"NOVABET OFICIAL","payBank":"","payCpf":"","pixkey":"22988060926","account":"00000208","status":"done","order":"A20250831194642565947BdfEc41Bk"},"sign":"4B2D7673533CDA2878F1BD74C401C18F"}

【2025-09-01 22:52:39】
P2025083119464280402808211----提交：{"custId":"24120300001308","appId":"8241201350","order":"P2025083119464280402808211","sign":"1CDE9D2713C1A8FFD52CA801A81A0046"}

【2025-09-01 22:52:39】
P2025083119464280402808211----返回：{"code":"000000","msg":"P2025083119464280402808211","data":{"date":"2025-08-31 19:46:44","eid":"E3571349120250831224642703de6e0d","amount":"400","name":"MARIA DAS GRACAS MIGUEL          ","cpf":"11897231741","bankname":"NOVABET OFICIAL","payBank":"","payCpf":"","pixkey":"22988060926","account":"00000208","status":"done","order":"A20250831194642565947BdfEc41Bk"},"sign":"4B2D7673533CDA2878F1BD74C401C18F"}

【2025-09-01 22:57:09】
P2025090120075268072717647----提交：{"custId":"24120300001308","appId":"8241201350","order":"P2025090120075268072717647","sign":"A32BF3B4546D066B881069AA14D38C11"}

【2025-09-01 22:57:10】
P2025090120075268072717647----返回：{"code":"000000","msg":"P2025090120075268072717647","data":{"date":"2025-09-01 20:07:56","eid":"E45756448202509012307Ez8ZdcoFUCi","amount":"290","name":"FRANCISCO LEANDRO VALE DA FONSECA","cpf":"5656409333","bankname":"null","payBank":"","payCpf":"","pixkey":"86999547948","account":"727775049","status":"done","order":"A20250901200753040393fza6YcFuc"},"sign":"7A3FCE939DEB5D686284638077252183"}

【2025-09-01 22:57:11】
P2025090120075268072717647----提交：{"custId":"24120300001308","appId":"8241201350","order":"P2025090120075268072717647","sign":"A32BF3B4546D066B881069AA14D38C11"}

【2025-09-01 22:57:11】
P2025090120075268072717647----返回：{"code":"000000","msg":"P2025090120075268072717647","data":{"date":"2025-09-01 20:07:56","eid":"E45756448202509012307Ez8ZdcoFUCi","amount":"290","name":"FRANCISCO LEANDRO VALE DA FONSECA","cpf":"5656409333","bankname":"null","payBank":"","payCpf":"","pixkey":"86999547948","account":"727775049","status":"done","order":"A20250901200753040393fza6YcFuc"},"sign":"7A3FCE939DEB5D686284638077252183"}

【2025-09-01 22:57:12】
P2025090120075268072717647----提交：{"custId":"24120300001308","appId":"8241201350","order":"P2025090120075268072717647","sign":"A32BF3B4546D066B881069AA14D38C11"}

【2025-09-01 22:57:12】
P2025090120075268072717647----返回：{"code":"000000","msg":"P2025090120075268072717647","data":{"date":"2025-09-01 20:07:56","eid":"E45756448202509012307Ez8ZdcoFUCi","amount":"290","name":"FRANCISCO LEANDRO VALE DA FONSECA","cpf":"5656409333","bankname":"null","payBank":"","payCpf":"","pixkey":"86999547948","account":"727775049","status":"done","order":"A20250901200753040393fza6YcFuc"},"sign":"7A3FCE939DEB5D686284638077252183"}

