【2025-09-01 21:01:41】
P2025082600231378593162384----提交：{"custId":"24120300001308","appId":"8241201350","order":"P2025082600231378593162384","sign":"B54C774E0911EC23B18ACA55A9EEB6E8"}

【2025-09-01 21:01:41】
P2025082600231378593162384----返回：{"code":"000000","msg":"P2025082600231378593162384","data":{"date":"2025-08-26 00:23:16","eid":"E45756448202508260323N1OPgFboEyR","amount":"800","name":"Maria Madalena da Silva","cpf":"14284582470","bankname":"null","payBank":"","payCpf":"","pixkey":"47988386272","account":"618182974","status":"done","order":"A20250826002314380418zuINJJhUC"},"sign":"578352C69B8DD7A42E371D8461817F0C"}

【2025-09-01 21:01:43】
P2025082600231378593162384----提交：{"custId":"24120300001308","appId":"8241201350","order":"P2025082600231378593162384","sign":"B54C774E0911EC23B18ACA55A9EEB6E8"}

【2025-09-01 21:01:43】
P2025082600231378593162384----返回：{"code":"000000","msg":"P2025082600231378593162384","data":{"date":"2025-08-26 00:23:16","eid":"E45756448202508260323N1OPgFboEyR","amount":"800","name":"Maria Madalena da Silva","cpf":"14284582470","bankname":"null","payBank":"","payCpf":"","pixkey":"47988386272","account":"618182974","status":"done","order":"A20250826002314380418zuINJJhUC"},"sign":"578352C69B8DD7A42E371D8461817F0C"}

【2025-09-01 21:05:06】
P2025083122413890898265919----提交：{"custId":"24120300001308","appId":"8241201350","order":"P2025083122413890898265919","sign":"DEDB5BB37A33608EA96C95556D01DA3E"}

【2025-09-01 21:05:06】
P2025083122413890898265919----返回：{"code":"000000","msg":"P2025083122413890898265919","data":{"date":"2025-08-31 22:41:41","eid":"E45756448202509010141PmAXh9GvQkm","amount":"1550","name":"ERASMO CARDOSO PEREIRA","cpf":"81641532904","bankname":"null","payBank":"","payCpf":"","pixkey":"81641532904","account":"559132","status":"done","order":"A20250831224138042371d7NLLF7jl"},"sign":"E6257A322F0B09C7815E081ED6808535"}

【2025-09-01 21:05:07】
P2025083122413890898265919----提交：{"custId":"24120300001308","appId":"8241201350","order":"P2025083122413890898265919","sign":"DEDB5BB37A33608EA96C95556D01DA3E"}

【2025-09-01 21:05:07】
P2025083122413890898265919----返回：{"code":"000000","msg":"P2025083122413890898265919","data":{"date":"2025-08-31 22:41:41","eid":"E45756448202509010141PmAXh9GvQkm","amount":"1550","name":"ERASMO CARDOSO PEREIRA","cpf":"81641532904","bankname":"null","payBank":"","payCpf":"","pixkey":"81641532904","account":"559132","status":"done","order":"A20250831224138042371d7NLLF7jl"},"sign":"E6257A322F0B09C7815E081ED6808535"}

【2025-09-01 21:35:44】
P2025090120493070570985388----提交：{"custId":"24120300001308","appId":"8241201350","order":"P2025090120493070570985388","sign":"1DA64F3D18D2B10FDDD3402F5DAB4093"}

【2025-09-01 21:35:44】
P2025090120493070570985388----返回：{"code":"000000","msg":"P2025090120493070570985388","data":{"date":"2025-09-01 20:49:32","eid":"E35713491202509012349304877f7536","amount":"20","name":"ALBERTO LUIZ PEREIRA DE MOURA","cpf":"59950587204","bankname":"NOVABET OFICIAL","payBank":"","payCpf":"","pixkey":"59950587204","account":"00360305","status":"done","order":"A20250901204930696660wErYp21Fj"},"sign":"81AC3213B8C73F373201569B01CCDB47"}

【2025-09-01 21:35:48】
P2025090120493070570985388----提交：{"custId":"24120300001308","appId":"8241201350","order":"P2025090120493070570985388","sign":"1DA64F3D18D2B10FDDD3402F5DAB4093"}

【2025-09-01 21:35:48】
P2025090120493070570985388----返回：{"code":"000000","msg":"P2025090120493070570985388","data":{"date":"2025-09-01 20:49:32","eid":"E35713491202509012349304877f7536","amount":"20","name":"ALBERTO LUIZ PEREIRA DE MOURA","cpf":"59950587204","bankname":"NOVABET OFICIAL","payBank":"","payCpf":"","pixkey":"59950587204","account":"00360305","status":"done","order":"A20250901204930696660wErYp21Fj"},"sign":"81AC3213B8C73F373201569B01CCDB47"}

【2025-09-01 21:43:02】
P2025090121231372593634447----提交：{"custId":"24120300001308","appId":"8241201350","order":"P2025090121231372593634447","sign":"0180DA9977B7901CA29C5E6882D46950"}

【2025-09-01 21:43:02】
P2025090121231372593634447----返回：{"code":"000000","msg":"P2025090121231372593634447","data":{"date":"2025-09-01 21:23:17","eid":"E45756448202509020023TlKZHOgQTEC","amount":"23","name":"Marcia Jesus da Silva","cpf":"42220084515","bankname":"null","payBank":"","payCpf":"","pixkey":"71992519863","account":"36167963498","status":"done","order":"A20250901212314173467jju7nRpW3"},"sign":"FF112DCEE41E6440CBEC7A9C93BB6CD4"}

【2025-09-01 21:43:03】
P2025090121231372593634447----提交：{"custId":"24120300001308","appId":"8241201350","order":"P2025090121231372593634447","sign":"0180DA9977B7901CA29C5E6882D46950"}

【2025-09-01 21:43:03】
P2025090121231372593634447----返回：{"code":"000000","msg":"P2025090121231372593634447","data":{"date":"2025-09-01 21:23:17","eid":"E45756448202509020023TlKZHOgQTEC","amount":"23","name":"Marcia Jesus da Silva","cpf":"42220084515","bankname":"null","payBank":"","payCpf":"","pixkey":"71992519863","account":"36167963498","status":"done","order":"A20250901212314173467jju7nRpW3"},"sign":"FF112DCEE41E6440CBEC7A9C93BB6CD4"}

