【2025-09-01 19:00:06】
P2025090118590563945817612----提交：{"custId":"24120300001308","appId":"8241201350","order":"P2025090118590563945817612","sign":"04E1F7BE4C80BEC8B533929BB5719D9D"}

【2025-09-01 19:00:06】
P2025090118590563945817612----返回：{"code":"000000","msg":"P2025090118590563945817612","data":{"date":"2025-09-01 18:59:08","eid":"E45756448202509012159Mny7aas9Uat","amount":"20","name":"Jeisiane Santos Farias","cpf":"3613748525","bankname":"null","payBank":"","payCpf":"","pixkey":"03613748525","account":"25109547150","status":"done","order":"A20250901185905654994kEHNeVgC4"},"sign":"2F6D835C76D242F81584CF605E0016B4"}

【2025-09-01 19:01:20】
P2025090119000064000225689----提交：{"custId":"24120300001308","appId":"8241201350","order":"P2025090119000064000225689","sign":"AF8D0C86417E9C0A8E0EBE9D07420D1F"}

【2025-09-01 19:01:20】
P2025090119000064000225689----返回：{"code":"000000","msg":"P2025090119000064000225689","data":{"date":"2025-09-01 19:00:04","eid":"E45756448202509012200byxg5lX707q","amount":"200","name":"DANIELA PEREIRA DA SILVA","cpf":"1053781199","bankname":"null","payBank":"","payCpf":"","pixkey":"01053781199","account":"12880000008714924798","status":"done","order":"A20250901190001353907QfGfjbcvD"},"sign":"0299CBB38D86E9791A1CD0CC92E929CA"}

【2025-09-01 19:02:06】
P2025090119013164091476294----提交：{"custId":"24120300001308","appId":"8241201350","order":"P2025090119013164091476294","sign":"1A5647329EC482D3C2B05BB180DBEFEF"}

【2025-09-01 19:02:06】
P2025090119013164091476294----返回：{"code":"000000","msg":"P2025090119013164091476294","data":{"date":"2025-09-01 19:01:50","eid":"E45756448202509012201FyhOZCBrWkO","amount":"100","name":"Milton Dias Lima","cpf":"4259867644","bankname":"null","payBank":"","payCpf":"","pixkey":"04259867644","account":"650281799","status":"done","order":"A20250901190131821803RcVfeM2Ql"},"sign":"81184552A607C79C93609E2897A0BBEE"}

【2025-09-01 19:41:07】
P2025090119403666436561918----提交：{"custId":"24120300001308","appId":"8241201350","order":"P2025090119403666436561918","sign":"EFB9E3CF60BBA828B482636C5824974B"}

【2025-09-01 19:41:07】
P2025090119403666436561918----返回：{"code":"000000","msg":"P2025090119403666436561918","data":{"date":"2025-09-01 19:40:39","eid":"E45756448202509012240jRHngpgGnEC","amount":"800","name":"Erika Fernanda Barbosa Pereira","cpf":"12424399603","bankname":"null","payBank":"","payCpf":"","pixkey":"erikafernanda03pereira@gmail.com","account":"24567043","status":"done","order":"A202509011940363822106sbAnugnh"},"sign":"9FDD7963F53084BC2059B1EE4DF7B02A"}

【2025-09-01 19:41:09】
P2025090119403666436561918----提交：{"custId":"24120300001308","appId":"8241201350","order":"P2025090119403666436561918","sign":"EFB9E3CF60BBA828B482636C5824974B"}

【2025-09-01 19:41:09】
P2025090119403666436561918----返回：{"code":"000000","msg":"P2025090119403666436561918","data":{"date":"2025-09-01 19:40:39","eid":"E45756448202509012240jRHngpgGnEC","amount":"800","name":"Erika Fernanda Barbosa Pereira","cpf":"12424399603","bankname":"null","payBank":"","payCpf":"","pixkey":"erikafernanda03pereira@gmail.com","account":"24567043","status":"done","order":"A202509011940363822106sbAnugnh"},"sign":"9FDD7963F53084BC2059B1EE4DF7B02A"}

【2025-09-01 19:41:30】
P2025090119403666436561918----提交：{"custId":"24120300001308","appId":"8241201350","order":"P2025090119403666436561918","sign":"EFB9E3CF60BBA828B482636C5824974B"}

【2025-09-01 19:41:30】
P2025090119403666436561918----返回：{"code":"000000","msg":"P2025090119403666436561918","data":{"date":"2025-09-01 19:40:39","eid":"E45756448202509012240jRHngpgGnEC","amount":"800","name":"Erika Fernanda Barbosa Pereira","cpf":"12424399603","bankname":"null","payBank":"","payCpf":"","pixkey":"erikafernanda03pereira@gmail.com","account":"24567043","status":"done","order":"A202509011940363822106sbAnugnh"},"sign":"9FDD7963F53084BC2059B1EE4DF7B02A"}

