【2025-08-12 18:00:06】
回调信息：{"update_id":448742877,"message":{"message_id":19397,"from":{"id":8134385109,"is_bot":false,"first_name":"Mario","username":"ALI_Atian_2k"},"chat":{"id":-1002250167267,"title":"M9-巴西-yunpay-10031","type":"supergroup"},"date":1755032406,"text":"\/df 01310065820500008961634","entities":[{"offset":0,"length":3,"type":"bot_command"}]}}

【2025-08-12 18:00:56】
回调信息：{"update_id":448742878,"message":{"message_id":12210,"from":{"id":6083327748,"is_bot":false,"first_name":"SBET~XNK~ALISA","username":"SBETXNK_006"},"chat":{"id":-1002499994426,"title":"YunPay-10048-SBET【0.4%+0】巴西《本群不会申请资金下发》","type":"supergroup"},"date":1755032455,"text":"\/balance@YunPay3_bot","entities":[{"offset":0,"length":20,"type":"bot_command"}]}}

【2025-08-12 18:01:54】
回调信息：{"update_id":448742879,"message":{"message_id":14719,"from":{"id":6507100873,"is_bot":false,"first_name":"B55 XNK|小仙 XIAOXIAN","username":"B55_XNK02"},"chat":{"id":-1002457501685,"title":"YunPay-10049-B55【0.4%+0】巴西《本群不会申请资金下发》","type":"supergroup"},"date":1755032514,"text":"\/balance@YunPay3_bot","entities":[{"offset":0,"length":20,"type":"bot_command"}]}}

【2025-08-12 18:02:11】
回调信息：{"update_id":448742880,"message":{"message_id":2271,"from":{"id":7666923115,"is_bot":false,"first_name":"小斯","username":"xiaosi204","is_premium":true},"chat":{"id":-1002858048739,"title":"巴西-yunpay-NEW88-10294-（0.4%）","type":"supergroup"},"date":1755032530,"text":"\/df tx_1138_20250812205601b1GFZ","entities":[{"offset":0,"length":3,"type":"bot_command"}]}}

【2025-08-12 18:02:20】
回调信息：{"update_id":448742881,"message":{"message_id":548,"from":{"id":7216281643,"is_bot":false,"first_name":"BOCUS - A668BLR-CS0932","username":"bosco0932","is_premium":true},"chat":{"id":-1002759044780,"title":"巴西-YunPay-10414-777SH-0.4%","type":"supergroup"},"date":1755032539,"text":"\/df tx_30105_202508122055076XFLG","entities":[{"offset":0,"length":3,"type":"bot_command"}]}}

【2025-08-12 18:02:32】
回调信息：{"update_id":448742882,"message":{"message_id":1650,"from":{"id":6487555975,"is_bot":false,"first_name":"yunpay_","last_name":"柠檬","username":"yuanpay_03","is_premium":true},"chat":{"id":-1002623669116,"title":"巴西-YunPay-10309-10pmbet","type":"supergroup"},"date":1755032552,"text":"\/df PX20250813045823151031486","entities":[{"offset":0,"length":3,"type":"bot_command"}]}}

【2025-08-12 18:02:40】
回调信息：{"update_id":448742883,"message":{"message_id":550,"from":{"id":7216281643,"is_bot":false,"first_name":"BOCUS - A668BLR-CS0932","username":"bosco0932","is_premium":true},"chat":{"id":-1002759044780,"title":"巴西-YunPay-10414-777SH-0.4%","type":"supergroup"},"date":1755032559,"text":"\/df tx_30105_20250812205750VshjD","entities":[{"offset":0,"length":3,"type":"bot_command"}]}}

【2025-08-12 18:03:36】
回调信息：{"update_id":448742884,"message":{"message_id":3979,"from":{"id":7580898381,"is_bot":false,"first_name":"艾伦 -","last_name":"阿斤","username":"ANA067899"},"chat":{"id":-1002308344870,"title":"巴西-YUNPAY-10167-8BMW 0.4%","type":"supergroup"},"date":1755032616,"text":"tx_1140_2025081220563320JeB\n请帮我处理这个订单，谢谢"}}

【2025-08-12 18:03:59】
回调信息：{"update_id":448742885,"message":{"message_id":3980,"from":{"id":7580898381,"is_bot":false,"first_name":"艾伦 -","last_name":"阿斤","username":"ANA067899"},"chat":{"id":-1002308344870,"title":"巴西-YUNPAY-10167-8BMW 0.4%","type":"supergroup"},"date":1755032639,"text":"@yuanpay_03","entities":[{"offset":0,"length":11,"type":"mention"}]}}

【2025-08-12 18:04:00】
回调信息：{"update_id":448742886,"message":{"message_id":18,"from":{"id":6487555975,"is_bot":false,"first_name":"yunpay_","last_name":"柠檬","username":"yuanpay_03","is_premium":true},"chat":{"id":-1002780564238,"title":"巴西-YunPay-10459-bx710","type":"supergroup"},"date":1755032640,"text":"\/ds  THRP175503258078698000","entities":[{"offset":0,"length":3,"type":"bot_command"}]}}

【2025-08-12 18:04:03】
回调信息：{"update_id":448742887,"message":{"message_id":657,"from":{"id":7216281643,"is_bot":false,"first_name":"BOCUS - A668BLR-CS0932","username":"bosco0932","is_premium":true},"chat":{"id":-1002833866053,"title":"巴西-YunPay-10375-A299 ̣̣̣̣（0.4）","type":"supergroup"},"date":1755032642,"text":"\/df tx_40103_20250812205508nwhry","entities":[{"offset":0,"length":3,"type":"bot_command"}]}}

【2025-08-12 18:04:05】
回调信息：{"update_id":448742888,"message":{"message_id":2273,"from":{"id":7456057274,"is_bot":false,"first_name":"阿德 ᴸᵃ̌ᵒˢʰᵘ̌","username":"Laoshu96","is_premium":true},"chat":{"id":-1002858048739,"title":"巴西-yunpay-NEW88-10294-（0.4%）","type":"supergroup"},"date":1755032645,"text":"\/df tx_1138_2025081220565318jw2","entities":[{"offset":0,"length":3,"type":"bot_command"}]}}

【2025-08-12 18:04:17】
回调信息：{"update_id":448742889,"message":{"message_id":2967,"from":{"id":7737071824,"is_bot":false,"first_name":"大帅","username":"S26688","is_premium":true},"chat":{"id":-1002853050649,"title":"巴西-yunpay-789BET-10295(0.4%)","type":"supergroup"},"date":1755032656,"text":"\/balance@YunPay3_bot","entities":[{"offset":0,"length":20,"type":"bot_command"}]}}

【2025-08-12 18:04:26】
回调信息：{"update_id":448742890,"message":{"message_id":3981,"from":{"id":6487555975,"is_bot":false,"first_name":"yunpay_","last_name":"柠檬","username":"yuanpay_03","is_premium":true},"chat":{"id":-1002308344870,"title":"巴西-YUNPAY-10167-8BMW 0.4%","type":"supergroup"},"date":1755032665,"photo":[{"file_id":"AgACAgEAAyEFAASJlowmAAIPjWibrFo14yo8CrXojp_4xIcqIeGSAAKQrjEbYHPhRN8aVBt5AAFalwEAAwIAA3MAAzYE","file_unique_id":"AQADkK4xG2Bz4UR4","file_size":1260,"width":90,"height":81},{"file_id":"AgACAgEAAyEFAASJlowmAAIPjWibrFo14yo8CrXojp_4xIcqIeGSAAKQrjEbYHPhRN8aVBt5AAFalwEAAwIAA20AAzYE","file_unique_id":"AQADkK4xG2Bz4URy","file_size":11789,"width":320,"height":288},{"file_id":"AgACAgEAAyEFAASJlowmAAIPjWibrFo14yo8CrXojp_4xIcqIeGSAAKQrjEbYHPhRN8aVBt5AAFalwEAAwIAA3gAAzYE","file_unique_id":"AQADkK4xG2Bz4UR9","file_size":17435,"width":465,"height":419}],"caption":"目前用户行波动导致代付回调较慢 已反馈上游加急处理中"}}

【2025-08-12 18:04:44】
回调信息：{"update_id":448742891,"message":{"message_id":21,"from":{"id":6487555975,"is_bot":false,"first_name":"yunpay_","last_name":"柠檬","username":"yuanpay_03","is_premium":true},"chat":{"id":-1002780564238,"title":"巴西-YunPay-10459-bx710","type":"supergroup"},"date":1755032683,"text":"\/ds THRP175503258078698000","entities":[{"offset":0,"length":3,"type":"bot_command"}]}}

【2025-08-12 18:04:50】
回调信息：{"update_id":448742892,"message":{"message_id":2275,"from":{"id":7666923115,"is_bot":false,"first_name":"小斯","username":"xiaosi204","is_premium":true},"chat":{"id":-1002858048739,"title":"巴西-yunpay-NEW88-10294-（0.4%）","type":"supergroup"},"date":1755032689,"text":"\/df tx_1138_20250812205754i03i9","entities":[{"offset":0,"length":3,"type":"bot_command"}]}}

【2025-08-12 18:05:28】
回调信息：{"update_id":448742893,"message":{"message_id":23,"from":{"id":6487555975,"is_bot":false,"first_name":"yunpay_","last_name":"柠檬","username":"yuanpay_03","is_premium":true},"chat":{"id":-1002780564238,"title":"巴西-YunPay-10459-bx710","type":"supergroup"},"date":1755032728,"text":"\/ds THRP175503258078698000","entities":[{"offset":0,"length":3,"type":"bot_command"}]}}

【2025-08-12 18:06:00】
回调信息：{"update_id":448742894,"message":{"message_id":19399,"from":{"id":8134385109,"is_bot":false,"first_name":"Mario","username":"ALI_Atian_2k"},"chat":{"id":-1002250167267,"title":"M9-巴西-yunpay-10031","type":"supergroup"},"date":1755032759,"text":"\/df 01310065820500008999326","entities":[{"offset":0,"length":3,"type":"bot_command"}]}}

【2025-08-12 18:06:09】
回调信息：{"update_id":448742895,"message":{"message_id":2654,"from":{"id":8049996425,"is_bot":false,"first_name":"老挝-巴西出款 花~欣","username":"Laowobxck04","language_code":"zh-hans","is_premium":true},"chat":{"id":-1002609953078,"title":"WG 巴西-YunPay-10328-pgslots6868-0.4%","type":"supergroup"},"date":1755032768,"text":"\/balance@YunPay3_bot","entities":[{"offset":0,"length":20,"type":"bot_command"}]}}

【2025-08-12 18:06:33】
回调信息：{"update_id":448742896,"message":{"message_id":19401,"from":{"id":8134385109,"is_bot":false,"first_name":"Mario","username":"ALI_Atian_2k"},"chat":{"id":-1002250167267,"title":"M9-巴西-yunpay-10031","type":"supergroup"},"date":1755032793,"text":"\/df 01310852220500000547065","entities":[{"offset":0,"length":3,"type":"bot_command"}]}}

【2025-08-12 18:06:41】
回调信息：{"update_id":448742897,"message":{"message_id":4146,"from":{"id":8049996425,"is_bot":false,"first_name":"老挝-巴西出款 花~欣","username":"Laowobxck04","language_code":"zh-hans","is_premium":true},"chat":{"id":-1002708592805,"title":"EG 巴西-YunPay-10329-CBF777-0.4%","type":"supergroup"},"date":1755032801,"text":"\/balance@YunPay3_bot","entities":[{"offset":0,"length":20,"type":"bot_command"}]}}

【2025-08-12 18:07:56】
回调信息：{"update_id":448742898,"message":{"message_id":198,"from":{"id":7592023957,"is_bot":false,"first_name":"小薇 出款（◍•ᴗ•◍）","username":"qiangwei9899"},"chat":{"id":-1002550317918,"title":"巴西-YunPay-10460-GTV-（0.4%）","type":"supergroup"},"date":1755032875,"text":"\/df TX17550326113021954342","entities":[{"offset":0,"length":3,"type":"bot_command"}]}}

【2025-08-12 18:08:35】
回调信息：{"update_id":448742899,"message":{"message_id":4148,"from":{"id":6415295828,"is_bot":false,"first_name":"明明","username":"taolatrumsolaire","language_code":"zh-hans","is_premium":true},"chat":{"id":-1002708592805,"title":"EG 巴西-YunPay-10329-CBF777-0.4%","type":"supergroup"},"date":1755032914,"text":"\/cxdf W123220250812180639768262302","entities":[{"offset":0,"length":5,"type":"bot_command"}]}}

【2025-08-12 18:08:40】
回调信息：{"update_id":448742900,"message":{"message_id":4149,"from":{"id":6487555975,"is_bot":false,"first_name":"yunpay_","last_name":"柠檬","username":"yuanpay_03","is_premium":true},"chat":{"id":-1002708592805,"title":"EG 巴西-YunPay-10329-CBF777-0.4%","type":"supergroup"},"date":1755032920,"text":"\/df W123220250812180639768262302","entities":[{"offset":0,"length":3,"type":"bot_command"}]}}

【2025-08-12 18:08:42】
回调信息：{"update_id":448742901,"message":{"message_id":4150,"from":{"id":6487555975,"is_bot":false,"first_name":"yunpay_","last_name":"柠檬","username":"yuanpay_03","is_premium":true},"chat":{"id":-1002708592805,"title":"EG 巴西-YunPay-10329-CBF777-0.4%","type":"supergroup"},"date":1755032921,"text":"\/balance@YunPay3_bot","entities":[{"offset":0,"length":20,"type":"bot_command"}]}}

【2025-08-12 18:08:49】
回调信息：{"update_id":448742902,"message":{"message_id":1654,"from":{"id":6487555975,"is_bot":false,"first_name":"yunpay_","last_name":"柠檬","username":"yuanpay_03","is_premium":true},"chat":{"id":-1002623669116,"title":"巴西-YunPay-10309-10pmbet","type":"supergroup"},"date":1755032928,"text":"\/balance@YunPay3_bot","entities":[{"offset":0,"length":20,"type":"bot_command"}]}}

【2025-08-12 18:09:04】
回调信息：{"update_id":448742903,"message":{"message_id":2969,"from":{"id":6487555975,"is_bot":false,"first_name":"yunpay_","last_name":"柠檬","username":"yuanpay_03","is_premium":true},"chat":{"id":-1002853050649,"title":"巴西-yunpay-789BET-10295(0.4%)","type":"supergroup"},"date":1755032943,"text":"\/balance@YunPay3_bot","entities":[{"offset":0,"length":20,"type":"bot_command"}]}}

【2025-08-12 18:09:09】
回调信息：{"update_id":448742904,"message":{"message_id":3982,"from":{"id":6487555975,"is_bot":false,"first_name":"yunpay_","last_name":"柠檬","username":"yuanpay_03","is_premium":true},"chat":{"id":-1002308344870,"title":"巴西-YUNPAY-10167-8BMW 0.4%","type":"supergroup"},"date":1755032948,"text":"\/balance@YunPay3_bot","entities":[{"offset":0,"length":20,"type":"bot_command"}]}}

【2025-08-12 18:09:23】
回调信息：{"update_id":448742905,"message":{"message_id":554,"from":{"id":6487555975,"is_bot":false,"first_name":"yunpay_","last_name":"柠檬","username":"yuanpay_03","is_premium":true},"chat":{"id":-1002759044780,"title":"巴西-YunPay-10414-777SH-0.4%","type":"supergroup"},"date":1755032962,"text":"\/balance@YunPay3_bot","entities":[{"offset":0,"length":20,"type":"bot_command"}]}}

【2025-08-12 18:09:37】
回调信息：{"update_id":448742906,"message":{"message_id":659,"from":{"id":6487555975,"is_bot":false,"first_name":"yunpay_","last_name":"柠檬","username":"yuanpay_03","is_premium":true},"chat":{"id":-1002833866053,"title":"巴西-YunPay-10375-A299 ̣̣̣̣（0.4）","type":"supergroup"},"date":1755032976,"text":"\/balance@YunPay3_bot","entities":[{"offset":0,"length":20,"type":"bot_command"}]}}

【2025-08-12 18:09:48】
回调信息：{"update_id":448742907,"callback_query":{"id":"3137794832954938215","from":{"id":7173025734,"is_bot":false,"first_name":"莫名","last_name":"莫名","username":"lo25364","language_code":"zh-hans"},"message":{"message_id":2773,"from":{"id":7762675448,"is_bot":true,"first_name":"YunPay","username":"YunPay3_bot"},"chat":{"id":-1002776940199,"title":"巴西-YunPay-10442 mariojogo- 0.4%","type":"supergroup"},"date":1755032652,"text":"代付风控提示\n\n系统订单号：P2025081218041132651652288\n外部订单号：238303560087830337\n订单金额：116.00\n开户名 ：Silvio Leonel\n账号 ：70028414675\n申请时间：2025-08-12 18:04:11","entities":[{"offset":14,"length":26,"type":"code"},{"offset":47,"length":18,"type":"code"}],"reply_markup":{"inline_keyboard":[[{"text":"驳回(reject)","callback_data":"reject P2025081218041132651652288"},{"text":"通过(pass)","callback_data":"pass P2025081218041132651652288"}]]}},"chat_instance":"-1406709362224078941","data":"pass P2025081218041132651652288"}}

【2025-08-12 18:10:57】
回调信息：{"update_id":448742908,"message":{"message_id":42,"from":{"id":6487555975,"is_bot":false,"first_name":"yunpay_","last_name":"柠檬","username":"yuanpay_03","is_premium":true},"chat":{"id":-1002682132754,"title":"巴西-YunPay-10456-pv555 -0.4%","type":"supergroup"},"date":1755033056,"text":"\/balance@YunPay3_bot","entities":[{"offset":0,"length":20,"type":"bot_command"}]}}

【2025-08-12 18:11:11】
回调信息：{"update_id":448742909,"message":{"message_id":44,"from":{"id":6487555975,"is_bot":false,"first_name":"yunpay_","last_name":"柠檬","username":"yuanpay_03","is_premium":true},"chat":{"id":-1002682132754,"title":"巴西-YunPay-10456-pv555 -0.4%","type":"supergroup"},"date":1755033071,"text":"\/show@YunPay3_bot","entities":[{"offset":0,"length":17,"type":"bot_command"}]}}

【2025-08-12 18:13:50】
回调信息：{"update_id":448742910,"callback_query":{"id":"3137794832242262514","from":{"id":7173025734,"is_bot":false,"first_name":"莫名","last_name":"莫名","username":"lo25364","language_code":"zh-hans"},"message":{"message_id":2776,"from":{"id":7762675448,"is_bot":true,"first_name":"YunPay","username":"YunPay3_bot"},"chat":{"id":-1002776940199,"title":"巴西-YunPay-10442 mariojogo- 0.4%","type":"supergroup"},"date":1755033192,"text":"代付风控提示\n\n系统订单号：P2025081218131133191083722\n外部订单号：238318144010485270\n订单金额：200.00\n开户名 ：kaue ramos\n账号 ：05383993096\n申请时间：2025-08-12 18:13:11","entities":[{"offset":14,"length":26,"type":"code"},{"offset":47,"length":18,"type":"code"}],"reply_markup":{"inline_keyboard":[[{"text":"驳回(reject)","callback_data":"reject P2025081218131133191083722"},{"text":"通过(pass)","callback_data":"pass P2025081218131133191083722"}]]}},"chat_instance":"-1406709362224078941","data":"pass P2025081218131133191083722"}}

【2025-08-12 18:14:25】
回调信息：{"update_id":448742911,"message":{"message_id":4153,"from":{"id":8049996425,"is_bot":false,"first_name":"老挝-巴西出款 花~欣","username":"Laowobxck04","language_code":"zh-hans","is_premium":true},"chat":{"id":-1002708592805,"title":"EG 巴西-YunPay-10329-CBF777-0.4%","type":"supergroup"},"date":1755033264,"text":"\/df W123220250812180832465879286","entities":[{"offset":0,"length":3,"type":"bot_command"}]}}

【2025-08-12 18:16:05】
回调信息：{"update_id":448742912,"message":{"message_id":11287,"from":{"id":7605553095,"is_bot":false,"first_name":"RINI - CSKHQT - 0193","username":"rini3315","is_premium":true},"chat":{"id":-1002680635315,"title":"巴西-YunPay-10243-u888-0.4%","type":"supergroup"},"date":1755033364,"text":"\/df tx_40021_20250812210526qd7IM","entities":[{"offset":0,"length":3,"type":"bot_command"}]}}

【2025-08-12 18:16:46】
回调信息：{"update_id":448742913,"message":{"message_id":200,"from":{"id":7592023957,"is_bot":false,"first_name":"小薇 出款（◍•ᴗ•◍）","username":"qiangwei9899"},"chat":{"id":-1002550317918,"title":"巴西-YunPay-10460-GTV-（0.4%）","type":"supergroup"},"date":1755033405,"text":"\/df TX17550332325708974043","entities":[{"offset":0,"length":3,"type":"bot_command"}]}}

【2025-08-12 18:17:02】
回调信息：{"update_id":448742914,"message":{"message_id":3188,"from":{"id":6946573644,"is_bot":false,"first_name":"Brazil","username":"bentoVIP123","is_premium":true},"chat":{"id":-1002633020432,"title":"巴西-yunpay-CEO-10242","type":"supergroup"},"date":1755033421,"text":"\/balance@YunPay3_bot","entities":[{"offset":0,"length":20,"type":"bot_command"}]}}

【2025-08-12 18:17:39】
回调信息：{"update_id":448742915,"message":{"message_id":3797,"from":{"id":6946573644,"is_bot":false,"first_name":"Brazil","username":"bentoVIP123","is_premium":true},"chat":{"id":-1002344118235,"title":"巴西-YunPay-10188-USB","type":"supergroup"},"date":1755033458,"text":"\/balance@YunPay3_bot","entities":[{"offset":0,"length":20,"type":"bot_command"}]}}

【2025-08-12 18:18:01】
回调信息：{"update_id":448742916,"message":{"message_id":3531,"from":{"id":6946573644,"is_bot":false,"first_name":"Brazil","username":"bentoVIP123","is_premium":true},"chat":{"id":-1002349977665,"title":"巴西-YunPay-10205-78BR","type":"supergroup"},"date":1755033480,"text":"\/balance@YunPay3_bot","entities":[{"offset":0,"length":20,"type":"bot_command"}]}}

【2025-08-12 18:18:06】
回调信息：{"update_id":448742917,"message":{"message_id":3511,"from":{"id":6584286100,"is_bot":false,"first_name":"四海","last_name":"小魚","username":"chengsuozhang"},"chat":{"id":-1002726204447,"title":"巴西-YUNPAY-10385-top88-0.4%+0","type":"supergroup"},"date":1755033486,"text":"\/df tx_20050_202508121941014XznE","entities":[{"offset":0,"length":3,"type":"bot_command"}]}}

【2025-08-12 18:18:52】
回调信息：{"update_id":448742918,"message":{"message_id":4155,"from":{"id":8049996425,"is_bot":false,"first_name":"老挝-巴西出款 花~欣","username":"Laowobxck04","language_code":"zh-hans","is_premium":true},"chat":{"id":-1002708592805,"title":"EG 巴西-YunPay-10329-CBF777-0.4%","type":"supergroup"},"date":1755033531,"text":"\/df W123220250812181639786491413","entities":[{"offset":0,"length":3,"type":"bot_command"}]}}

【2025-08-12 18:19:04】
回调信息：{"update_id":448742919,"message":{"message_id":61,"from":{"id":7058340911,"is_bot":false,"first_name":"巴西客服 雨贝","username":"yubeier1144","is_premium":true},"chat":{"id":-1002833107990,"title":"55LL-YunPay-10446 845","type":"supergroup"},"date":1755033543,"new_chat_participant":{"id":7058340911,"is_bot":false,"first_name":"巴西客服 雨贝","username":"yubeier1144","is_premium":true},"new_chat_member":{"id":7058340911,"is_bot":false,"first_name":"巴西客服 雨贝","username":"yubeier1144","is_premium":true},"new_chat_members":[{"id":7058340911,"is_bot":false,"first_name":"巴西客服 雨贝","username":"yubeier1144","is_premium":true}]}}

【2025-08-12 18:19:21】
回调信息：{"update_id":448742920,"message":{"message_id":4157,"from":{"id":8049996425,"is_bot":false,"first_name":"老挝-巴西出款 花~欣","username":"Laowobxck04","language_code":"zh-hans","is_premium":true},"chat":{"id":-1002708592805,"title":"EG 巴西-YunPay-10329-CBF777-0.4%","type":"supergroup"},"date":1755033560,"text":"\/df W123220250812181314980406649","entities":[{"offset":0,"length":3,"type":"bot_command"}]}}

【2025-08-12 18:19:33】
回调信息：{"update_id":448742921,"message":{"message_id":63,"from":{"id":7294572638,"is_bot":false,"first_name":"bxck0000","username":"bxck0000"},"chat":{"id":-1002833107990,"title":"55LL-YunPay-10446 845","type":"supergroup"},"date":1755033572,"new_chat_participant":{"id":7294572638,"is_bot":false,"first_name":"bxck0000","username":"bxck0000"},"new_chat_member":{"id":7294572638,"is_bot":false,"first_name":"bxck0000","username":"bxck0000"},"new_chat_members":[{"id":7294572638,"is_bot":false,"first_name":"bxck0000","username":"bxck0000"}]}}

【2025-08-12 18:20:55】
回调信息：{"update_id":448742922,"message":{"message_id":19403,"from":{"id":1622566751,"is_bot":false,"first_name":"Lexx"},"chat":{"id":-1002250167267,"title":"M9-巴西-yunpay-10031","type":"supergroup"},"date":1755033654,"text":"\/df 01310065820500009108405","entities":[{"offset":0,"length":3,"type":"bot_command"}]}}

【2025-08-12 18:21:10】
回调信息：{"update_id":448742923,"message":{"message_id":9787,"from":{"id":6240095427,"is_bot":false,"first_name":"COLOR- CSKHQT-CS0210","username":"color99999","is_premium":true},"chat":{"id":-1002319776228,"title":"巴西-YunPay-10168-777vip-0.4%","type":"supergroup"},"date":1755033669,"text":"\/df tx_1135_20250812211632DKuQe","entities":[{"offset":0,"length":3,"type":"bot_command"}]}}

【2025-08-12 18:24:58】
回调信息：{"update_id":448742924,"callback_query":{"id":"2757352525859561630","from":{"id":7084447107,"is_bot":false,"first_name":"BRL - XNK Emman","username":"XNKBRL","language_code":"en","is_premium":true},"message":{"message_id":12212,"from":{"id":7762675448,"is_bot":true,"first_name":"YunPay","username":"YunPay3_bot"},"chat":{"id":-1002499994426,"title":"YunPay-10048-SBET【0.4%+0】巴西《本群不会申请资金下发》","type":"supergroup"},"date":1755033856,"text":"代付风控提示\n\n系统订单号：P2025081218241633856058719\n外部订单号：01310018620500010775264\n订单金额：8002.00\n开户名 ：Alice Lima de medeiros\n账号 ：63800691434\n申请时间：2025-08-12 18:24:16","entities":[{"offset":14,"length":26,"type":"code"},{"offset":47,"length":23,"type":"code"}],"reply_markup":{"inline_keyboard":[[{"text":"驳回(reject)","callback_data":"reject P2025081218241633856058719"},{"text":"通过(pass)","callback_data":"pass P2025081218241633856058719"}]]}},"chat_instance":"-6548632901820454497","data":"pass P2025081218241633856058719"}}

【2025-08-12 18:26:23】
回调信息：{"update_id":448742925,"message":{"message_id":4159,"from":{"id":8049996425,"is_bot":false,"first_name":"老挝-巴西出款 花~欣","username":"Laowobxck04","language_code":"zh-hans","is_premium":true},"chat":{"id":-1002708592805,"title":"EG 巴西-YunPay-10329-CBF777-0.4%","type":"supergroup"},"date":1755033982,"text":"\/df W123220250812182517103403539","entities":[{"offset":0,"length":3,"type":"bot_command"}]}}

【2025-08-12 18:26:42】
回调信息：{"update_id":448742926,"message":{"message_id":4161,"from":{"id":8049996425,"is_bot":false,"first_name":"老挝-巴西出款 花~欣","username":"Laowobxck04","language_code":"zh-hans","is_premium":true},"chat":{"id":-1002708592805,"title":"EG 巴西-YunPay-10329-CBF777-0.4%","type":"supergroup"},"date":1755034002,"text":"\/df W123220250812182525777206202","entities":[{"offset":0,"length":3,"type":"bot_command"}]}}

【2025-08-12 18:27:03】
回调信息：{"update_id":448742927,"callback_query":{"id":"3137794833212004710","from":{"id":7173025734,"is_bot":false,"first_name":"莫名","last_name":"莫名","username":"lo25364","language_code":"zh-hans"},"message":{"message_id":2778,"from":{"id":7762675448,"is_bot":true,"first_name":"YunPay","username":"YunPay3_bot"},"chat":{"id":-1002776940199,"title":"巴西-YunPay-10442 mariojogo- 0.4%","type":"supergroup"},"date":1755033283,"text":"代付风控提示\n\n系统订单号：P2025081218144233282896270\n外部订单号：238318546160862430\n订单金额：115.00\n开户名 ：Silvio Leonel\n账号 ：70028414675\n申请时间：2025-08-12 18:14:42","entities":[{"offset":14,"length":26,"type":"code"},{"offset":47,"length":18,"type":"code"}],"reply_markup":{"inline_keyboard":[[{"text":"驳回(reject)","callback_data":"reject P2025081218144233282896270"},{"text":"通过(pass)","callback_data":"pass P2025081218144233282896270"}]]}},"chat_instance":"-1406709362224078941","data":"pass P2025081218144233282896270"}}

【2025-08-12 18:30:27】
回调信息：{"update_id":448742928,"message":{"message_id":4163,"from":{"id":7850212381,"is_bot":false,"first_name":"老挝-巴西出款 小龙~鬼鬼","username":"laowobxck01","language_code":"zh-hans","is_premium":true},"chat":{"id":-1002708592805,"title":"EG 巴西-YunPay-10329-CBF777-0.4%","type":"supergroup"},"date":1755034226,"text":"\/df 41974531619","entities":[{"offset":0,"length":3,"type":"bot_command"}]}}

【2025-08-12 18:30:34】
回调信息：{"update_id":448742929,"message":{"message_id":4165,"from":{"id":7850212381,"is_bot":false,"first_name":"老挝-巴西出款 小龙~鬼鬼","username":"laowobxck01","language_code":"zh-hans","is_premium":true},"chat":{"id":-1002708592805,"title":"EG 巴西-YunPay-10329-CBF777-0.4%","type":"supergroup"},"date":1755034233,"text":"\/df W123220250812182754217363293","entities":[{"offset":0,"length":3,"type":"bot_command"}]}}

【2025-08-12 18:30:58】
回调信息：{"update_id":448742930,"message":{"message_id":14721,"from":{"id":6507100873,"is_bot":false,"first_name":"B55 XNK|小仙 XIAOXIAN","username":"B55_XNK02"},"chat":{"id":-1002457501685,"title":"YunPay-10049-B55【0.4%+0】巴西《本群不会申请资金下发》","type":"supergroup"},"date":1755034258,"text":"\/balance@YunPay3_bot","entities":[{"offset":0,"length":20,"type":"bot_command"}]}}

【2025-08-12 18:32:03】
回调信息：{"update_id":448742931,"message":{"message_id":2973,"from":{"id":6487555975,"is_bot":false,"first_name":"yunpay_","last_name":"柠檬","username":"yuanpay_03","is_premium":true},"chat":{"id":-1002853050649,"title":"巴西-yunpay-789BET-10295(0.4%)","type":"supergroup"},"date":1755034322,"text":"\/ds 2025081123042052989995591","entities":[{"offset":0,"length":3,"type":"bot_command"}]}}

【2025-08-12 18:32:18】
回调信息：{"update_id":448742932,"callback_query":{"id":"3137794832999127759","from":{"id":7173025734,"is_bot":false,"first_name":"莫名","last_name":"莫名","username":"lo25364","language_code":"zh-hans"},"message":{"message_id":2780,"from":{"id":7762675448,"is_bot":true,"first_name":"YunPay","username":"YunPay3_bot"},"chat":{"id":-1002776940199,"title":"巴西-YunPay-10442 mariojogo- 0.4%","type":"supergroup"},"date":1755034317,"text":"代付风控提示\n\n系统订单号：P2025081218315634316427592\n外部订单号：238345996104503724\n订单金额：100.00\n开户名 ：Marcus\n账号 ：18544065660\n申请时间：2025-08-12 18:31:56","entities":[{"offset":14,"length":26,"type":"code"},{"offset":47,"length":18,"type":"code"}],"reply_markup":{"inline_keyboard":[[{"text":"驳回(reject)","callback_data":"reject P2025081218315634316427592"},{"text":"通过(pass)","callback_data":"pass P2025081218315634316427592"}]]}},"chat_instance":"-1406709362224078941","data":"pass P2025081218315634316427592"}}

【2025-08-12 18:34:06】
回调信息：{"update_id":448742933,"callback_query":{"id":"3137794832274888179","from":{"id":7173025734,"is_bot":false,"first_name":"莫名","last_name":"莫名","username":"lo25364","language_code":"zh-hans"},"message":{"message_id":2775,"from":{"id":7762675448,"is_bot":true,"first_name":"YunPay","username":"YunPay3_bot"},"chat":{"id":-1002776940199,"title":"巴西-YunPay-10442 mariojogo- 0.4%","type":"supergroup"},"date":1755033137,"text":"代付风控提示\n\n系统订单号：P2025081218121633136571168\n外部订单号：238314822261091700\n订单金额：100.00\n开户名 ：Matheus P\n账号 ：+5513991686830\n申请时间：2025-08-12 18:12:16","entities":[{"offset":14,"length":26,"type":"code"},{"offset":47,"length":18,"type":"code"},{"offset":97,"length":14,"type":"phone_number"}],"reply_markup":{"inline_keyboard":[[{"text":"驳回(reject)","callback_data":"reject P2025081218121633136571168"},{"text":"通过(pass)","callback_data":"pass P2025081218121633136571168"}]]}},"chat_instance":"-1406709362224078941","data":"reject P2025081218121633136571168"}}

【2025-08-12 18:37:05】
回调信息：{"update_id":448742934,"message":{"message_id":2277,"from":{"id":7456057274,"is_bot":false,"first_name":"阿德 ᴸᵃ̌ᵒˢʰᵘ̌","username":"Laoshu96","is_premium":true},"chat":{"id":-1002858048739,"title":"巴西-yunpay-NEW88-10294-（0.4%）","type":"supergroup"},"date":1755034624,"text":"\/df tx_1138_20250812204300BUQK9","entities":[{"offset":0,"length":3,"type":"bot_command"}]}}

【2025-08-12 18:43:37】
回调信息：{"update_id":448742935,"message":{"message_id":9789,"from":{"id":8273684592,"is_bot":false,"first_name":"MAU_ CSKHQT_0235","username":"maulatoi"},"chat":{"id":-1002319776228,"title":"巴西-YunPay-10168-777vip-0.4%","type":"supergroup"},"date":1755035016,"text":"\/df tx_1135_20250812211632DKuQe","entities":[{"offset":0,"length":3,"type":"bot_command"}]}}

【2025-08-12 18:44:12】
回调信息：{"update_id":448742936,"message":{"message_id":747,"from":{"id":7806619344,"is_bot":false,"first_name":"小志 Vũ","username":"mVu6868"},"chat":{"id":-1002682909376,"title":"巴西-YunPay-10412-7iwin 0.4","type":"supergroup"},"date":1755035051,"text":"\/cxdf E18236120202508122128s119e97d5f5","entities":[{"offset":0,"length":5,"type":"bot_command"}]}}

【2025-08-12 18:44:20】
回调信息：{"update_id":448742937,"edited_message":{"message_id":747,"from":{"id":7806619344,"is_bot":false,"first_name":"小志 Vũ","username":"mVu6868"},"chat":{"id":-1002682909376,"title":"巴西-YunPay-10412-7iwin 0.4","type":"supergroup"},"date":1755035051,"edit_date":1755035060,"text":"\/df E18236120202508122128s119e97d5f5","entities":[{"offset":0,"length":3,"type":"bot_command"}]}}

【2025-08-12 18:44:21】
回调信息：{"update_id":448742938,"callback_query":{"id":"3137794831481728833","from":{"id":7173025734,"is_bot":false,"first_name":"莫名","last_name":"莫名","username":"lo25364","language_code":"zh-hans"},"message":{"message_id":2783,"from":{"id":7762675448,"is_bot":true,"first_name":"YunPay","username":"YunPay3_bot"},"chat":{"id":-1002776940199,"title":"巴西-YunPay-10442 mariojogo- 0.4%","type":"supergroup"},"date":1755034983,"text":"代付风控提示\n\n系统订单号：P2025081218430234982867302\n外部订单号：238365621611118097\n订单金额：150.00\n开户名 ：Naara Gomes Ferreira\n账号 ：47559287883\n申请时间：2025-08-12 18:43:02","entities":[{"offset":14,"length":26,"type":"code"},{"offset":47,"length":18,"type":"code"}],"reply_markup":{"inline_keyboard":[[{"text":"驳回(reject)","callback_data":"reject P2025081218430234982867302"},{"text":"通过(pass)","callback_data":"pass P2025081218430234982867302"}]]}},"chat_instance":"-1406709362224078941","data":"pass P2025081218430234982867302"}}

【2025-08-12 18:44:23】
回调信息：{"update_id":448742939,"message":{"message_id":748,"from":{"id":7806619344,"is_bot":false,"first_name":"小志 Vũ","username":"mVu6868"},"chat":{"id":-1002682909376,"title":"巴西-YunPay-10412-7iwin 0.4","type":"supergroup"},"date":1755035063,"text":"\/df E18236120202508122128s119e97d5f5","entities":[{"offset":0,"length":3,"type":"bot_command"}]}}

【2025-08-12 18:50:33】
回调信息：{"update_id":448742940,"callback_query":{"id":"3137794834412378936","from":{"id":7173025734,"is_bot":false,"first_name":"莫名","last_name":"莫名","username":"lo25364","language_code":"zh-hans"},"message":{"message_id":2785,"from":{"id":7762675448,"is_bot":true,"first_name":"YunPay","username":"YunPay3_bot"},"chat":{"id":-1002776940199,"title":"巴西-YunPay-10442 mariojogo- 0.4%","type":"supergroup"},"date":1755035157,"text":"代付风控提示\n\n系统订单号：P2025081218455635156062859\n外部订单号：238368365069923943\n订单金额：100.00\n开户名 ：Valter\n账号 ：+5531999893712\n申请时间：2025-08-12 18:45:56","entities":[{"offset":14,"length":26,"type":"code"},{"offset":47,"length":18,"type":"code"},{"offset":94,"length":14,"type":"phone_number"}],"reply_markup":{"inline_keyboard":[[{"text":"驳回(reject)","callback_data":"reject P2025081218455635156062859"},{"text":"通过(pass)","callback_data":"pass P2025081218455635156062859"}]]}},"chat_instance":"-1406709362224078941","data":"pass P2025081218455635156062859"}}

【2025-08-12 18:52:23】
回调信息：{"update_id":448742941,"message":{"message_id":19405,"from":{"id":8134385109,"is_bot":false,"first_name":"Mario","username":"ALI_Atian_2k"},"chat":{"id":-1002250167267,"title":"M9-巴西-yunpay-10031","type":"supergroup"},"date":1755035542,"text":"\/df 01310065820500009349960\n#","entities":[{"offset":0,"length":3,"type":"bot_command"}]}}

【2025-08-12 18:52:25】
回调信息：{"update_id":448742942,"message":{"message_id":11600,"from":{"id":8058119746,"is_bot":false,"first_name":"组长 出款_Rhovie","username":"Payment_Rhovie","language_code":"en"},"chat":{"id":-1002256433700,"title":"巴西-YunPay-10128-222hot-0.4%","type":"supergroup"},"date":1755035543,"text":"\/balance@YunPay3_bot","entities":[{"offset":0,"length":20,"type":"bot_command"}]}}

【2025-08-12 18:52:27】
回调信息：{"update_id":448742943,"edited_message":{"message_id":19405,"from":{"id":8134385109,"is_bot":false,"first_name":"Mario","username":"ALI_Atian_2k"},"chat":{"id":-1002250167267,"title":"M9-巴西-yunpay-10031","type":"supergroup"},"date":1755035542,"edit_date":1755035546,"text":"\/df 01310065820500009349960","entities":[{"offset":0,"length":3,"type":"bot_command"}]}}

【2025-08-12 18:52:34】
回调信息：{"update_id":448742944,"message":{"message_id":19407,"from":{"id":8134385109,"is_bot":false,"first_name":"Mario","username":"ALI_Atian_2k"},"chat":{"id":-1002250167267,"title":"M9-巴西-yunpay-10031","type":"supergroup"},"date":1755035553,"text":"\/df 01310065820500009349960","entities":[{"offset":0,"length":3,"type":"bot_command"}]}}

【2025-08-12 18:55:51】
回调信息：{"update_id":448742945,"message":{"message_id":26415,"from":{"id":7619184051,"is_bot":false,"first_name":"阮青","username":"eeeggg333w"},"chat":{"id":-1002294622961,"title":"巴西-YunPay-10045-511-0.4%","type":"supergroup"},"date":1755035750,"text":"\/balance@YunPay3_bot","entities":[{"offset":0,"length":20,"type":"bot_command"}]}}

【2025-08-12 18:56:36】
回调信息：{"update_id":448742946,"message":{"message_id":202,"from":{"id":7592023957,"is_bot":false,"first_name":"小薇 出款（◍•ᴗ•◍）","username":"qiangwei9899"},"chat":{"id":-1002550317918,"title":"巴西-YunPay-10460-GTV-（0.4%）","type":"supergroup"},"date":1755035795,"text":"\/df TX17550356541957389926","entities":[{"offset":0,"length":3,"type":"bot_command"}]}}

【2025-08-12 18:57:35】
回调信息：{"update_id":448742947,"message":{"message_id":750,"from":{"id":7697720627,"is_bot":false,"first_name":"小术","username":"xiaoshu77","is_premium":true},"chat":{"id":-1002682909376,"title":"巴西-YunPay-10412-7iwin 0.4","type":"supergroup"},"date":1755035854,"text":"\/balance@YunPay3_bot","entities":[{"offset":0,"length":20,"type":"bot_command"}]}}

【2025-08-12 18:59:55】
回调信息：{"update_id":448742948,"message":{"message_id":4374,"from":{"id":7792895649,"is_bot":false,"first_name":"THICHCA - CSKHQT - 0165","username":"tca3080","is_premium":true},"chat":{"id":-1002546140861,"title":"巴西-yunpay-10287-ABC8（0.4%）","type":"supergroup"},"date":1755035994,"text":"\/balance@YunPay3_bot","entities":[{"offset":0,"length":20,"type":"bot_command"}]}}

【2025-08-12 18:59:59】
回调信息：{"update_id":448742949,"message":{"message_id":3709,"from":{"id":7792895649,"is_bot":false,"first_name":"THICHCA - CSKHQT - 0165","username":"tca3080","is_premium":true},"chat":{"id":-1002727097015,"title":"巴西-yunpay-wp777-10297（0.4%）","type":"supergroup"},"date":1755035999,"text":"\/balance@YunPay3_bot","entities":[{"offset":0,"length":20,"type":"bot_command"}]}}

