【2025-08-12 00:02:08】
P2025081123244765487693048----提交：{"custId":"24120300001308","appId":"8241201350","order":"P2025081123244765487693048","sign":"667095B879F1ED813384050DF6B96B61"}

【2025-08-12 00:02:08】
P2025081123244765487693048----返回：
<html>
<head>
<meta http-equiv="Content-Type" content="text/html; charset=UTF-8">
<title>Error</title>
</head>
<body>
	This URL not found.
</body>
</html>


【2025-08-12 00:08:40】
P2025081014023245352769863----提交：{"custId":"24120300001308","appId":"8241201350","order":"P2025081014023245352769863","sign":"3FE400C7E9F788D2CF6A80E2678F962D"}

【2025-08-12 00:08:40】
P2025081014023245352769863----返回：{"code":"000000","msg":"P2025081014023245352769863","data":{"date":"2025-08-10 14:02:35","eid":"E37205447202508101702331344fb938","amount":20,"name":"Marilza Domingues de Souza Moreira","cpf":"17892339841","bankname":"ORBION GAMING LTDA","payBank":"","payCpf":"","pixkey":"+5511975180240","account":"18236120","status":"done","order":"A20250810140233766238LGvn4kPMX"},"sign":"DB82569D02F5F0D9EBE21D0D172D11DB"}

【2025-08-12 00:08:44】
P2025081014023245352769863----提交：{"custId":"24120300001308","appId":"8241201350","order":"P2025081014023245352769863","sign":"3FE400C7E9F788D2CF6A80E2678F962D"}

【2025-08-12 00:08:44】
P2025081014023245352769863----返回：{"code":"000000","msg":"P2025081014023245352769863","data":{"date":"2025-08-10 14:02:35","eid":"E37205447202508101702331344fb938","amount":20,"name":"Marilza Domingues de Souza Moreira","cpf":"17892339841","bankname":"ORBION GAMING LTDA","payBank":"","payCpf":"","pixkey":"+5511975180240","account":"18236120","status":"done","order":"A20250810140233766238LGvn4kPMX"},"sign":"DB82569D02F5F0D9EBE21D0D172D11DB"}

【2025-08-12 00:14:41】
P2025081123244765487693048----提交：{"custId":"24120300001308","appId":"8241201350","order":"P2025081123244765487693048","sign":"667095B879F1ED813384050DF6B96B61"}

【2025-08-12 00:14:41】
P2025081123244765487693048----返回：
<html>
<head>
<meta http-equiv="Content-Type" content="text/html; charset=UTF-8">
<title>Error</title>
</head>
<body>
	This URL not found.
</body>
</html>


【2025-08-12 00:31:35】
P2025081200311369473116805----提交：{"custId":"24120300001308","appId":"8241201350","order":"P2025081200311369473116805","sign":"37C3AE63FBEECF80DE6DABDF87736F28"}

【2025-08-12 00:31:35】
P2025081200311369473116805----返回：
<html>
<head>
<meta http-equiv="Content-Type" content="text/html; charset=UTF-8">
<title>Error</title>
</head>
<body>
	This URL not found.
</body>
</html>


【2025-08-12 00:32:08】
P2025081200315069510837865----提交：{"custId":"24120300001308","appId":"8241201350","order":"P2025081200315069510837865","sign":"B2FFD57747C26940D4C005BCB3BD8E33"}

【2025-08-12 00:32:08】
P2025081200315069510837865----返回：
<html>
<head>
<meta http-equiv="Content-Type" content="text/html; charset=UTF-8">
<title>Error</title>
</head>
<body>
	This URL not found.
</body>
</html>


【2025-08-12 00:43:32】
P2025081200421570135384074----提交：{"custId":"24120300001308","appId":"8241201350","order":"P2025081200421570135384074","sign":"7482BFE28E9314D7EF72AEA2DB7CF271"}

【2025-08-12 00:43:32】
P2025081200421570135384074----返回：
<html>
<head>
<meta http-equiv="Content-Type" content="text/html; charset=UTF-8">
<title>Error</title>
</head>
<body>
	This URL not found.
</body>
</html>


【2025-08-12 00:50:39】
P2025081200421570135384074----提交：{"custId":"24120300001308","appId":"8241201350","order":"P2025081200421570135384074","sign":"7482BFE28E9314D7EF72AEA2DB7CF271"}

【2025-08-12 00:50:39】
P2025081200421570135384074----返回：
<html>
<head>
<meta http-equiv="Content-Type" content="text/html; charset=UTF-8">
<title>Error</title>
</head>
<body>
	This URL not found.
</body>
</html>


【2025-08-12 00:51:08】
P2025081200421570135384074----提交：{"custId":"24120300001308","appId":"8241201350","order":"P2025081200421570135384074","sign":"7482BFE28E9314D7EF72AEA2DB7CF271"}

【2025-08-12 00:51:08】
P2025081200421570135384074----返回：
<html>
<head>
<meta http-equiv="Content-Type" content="text/html; charset=UTF-8">
<title>Error</title>
</head>
<body>
	This URL not found.
</body>
</html>


