【2025-08-12 10:03:33】
P2025081209571503435778139----提交：{"custId":"24120300001308","appId":"8241201350","order":"P2025081209571503435778139","sign":"D5C4D82FE9580A010C0D045F51A0ABCB"}

【2025-08-12 10:03:33】
P2025081209571503435778139----返回：{"code":"000000","msg":"P2025081209571503435778139","data":{"date":"2025-08-12 09:57:19","eid":"E37205447202508121257161812ed60d","amount":"30","name":"GILVANDERLEA MONTEIRO DOS SANTOS","cpf":"70193907496","bankname":"ORBION GAMING LTDA","payBank":"","payCpf":"","pixkey":"70193907496","account":"00360305","status":"done","order":"A20250812095716616757pnYQyD55Q"},"sign":"A9A48CC5DC7F585D77757B0E8AA64F8A"}

【2025-08-12 10:03:37】
P2025081209571503435778139----提交：{"custId":"24120300001308","appId":"8241201350","order":"P2025081209571503435778139","sign":"D5C4D82FE9580A010C0D045F51A0ABCB"}

【2025-08-12 10:03:37】
P2025081209571503435778139----返回：{"code":"000000","msg":"P2025081209571503435778139","data":{"date":"2025-08-12 09:57:19","eid":"E37205447202508121257161812ed60d","amount":"30","name":"GILVANDERLEA MONTEIRO DOS SANTOS","cpf":"70193907496","bankname":"ORBION GAMING LTDA","payBank":"","payCpf":"","pixkey":"70193907496","account":"00360305","status":"done","order":"A20250812095716616757pnYQyD55Q"},"sign":"A9A48CC5DC7F585D77757B0E8AA64F8A"}

【2025-08-12 10:38:18】
P2025081210355905759398362----提交：{"custId":"24120300001308","appId":"8241201350","order":"P2025081210355905759398362","sign":"C9A7DD7D6269B3A6FBBBB11C78D129C2"}

【2025-08-12 10:38:19】
P2025081210355905759398362----返回：{"code":"000000","msg":"P2025081210355905759398362","data":{"date":"2025-08-12 10:36:04","eid":"E3720544720250812133559379d58cfb","amount":"20","name":"ANDRESSA GOUVEA DA SILVA","cpf":"35411613884","bankname":"ORBION GAMING LTDA","payBank":"","payCpf":"","pixkey":"35411613884","account":"54403563","status":"done","order":"A20250812103559324286nleeRPiKJ"},"sign":"6316A1A3CFDD9B8B6E2C18AFE8763327"}

【2025-08-12 10:38:24】
P2025081210290005340225336----提交：{"custId":"24120300001308","appId":"8241201350","order":"P2025081210290005340225336","sign":"B6AA4000E5E3FFAA6D29EDB6D952E3EB"}

【2025-08-12 10:38:24】
P2025081210290005340225336----返回：{"code":"000000","msg":"P2025081210290005340225336","data":{"date":"2025-08-12 10:29:03","eid":"E37205447202508121329004217870dd","amount":"20","name":"ANDRESSA GOUVEA DA SILVA","cpf":"35411613884","bankname":"ORBION GAMING LTDA","payBank":"","payCpf":"","pixkey":"35411613884","account":"54403563","status":"done","order":"A20250812102900497687kYv4c5W5p"},"sign":"4182A5D62F9990B4D00F9CC1BDFD1C4A"}

【2025-08-12 10:38:45】
P2025081210355905759398362----提交：{"custId":"24120300001308","appId":"8241201350","order":"P2025081210355905759398362","sign":"C9A7DD7D6269B3A6FBBBB11C78D129C2"}

【2025-08-12 10:38:45】
P2025081210355905759398362----返回：{"code":"000000","msg":"P2025081210355905759398362","data":{"date":"2025-08-12 10:36:04","eid":"E3720544720250812133559379d58cfb","amount":"20","name":"ANDRESSA GOUVEA DA SILVA","cpf":"35411613884","bankname":"ORBION GAMING LTDA","payBank":"","payCpf":"","pixkey":"35411613884","account":"54403563","status":"done","order":"A20250812103559324286nleeRPiKJ"},"sign":"6316A1A3CFDD9B8B6E2C18AFE8763327"}

【2025-08-12 10:39:05】
P2025081210290005340225336----提交：{"custId":"24120300001308","appId":"8241201350","order":"P2025081210290005340225336","sign":"B6AA4000E5E3FFAA6D29EDB6D952E3EB"}

【2025-08-12 10:39:05】
P2025081210290005340225336----返回：{"code":"000000","msg":"P2025081210290005340225336","data":{"date":"2025-08-12 10:29:03","eid":"E37205447202508121329004217870dd","amount":"20","name":"ANDRESSA GOUVEA DA SILVA","cpf":"35411613884","bankname":"ORBION GAMING LTDA","payBank":"","payCpf":"","pixkey":"35411613884","account":"54403563","status":"done","order":"A20250812102900497687kYv4c5W5p"},"sign":"4182A5D62F9990B4D00F9CC1BDFD1C4A"}

【2025-08-12 10:40:06】
P2025081209392802368215437----提交：{"custId":"24120300001308","appId":"8241201350","order":"P2025081209392802368215437","sign":"9FA9712A35056AD3A244501B12185BF3"}

【2025-08-12 10:40:06】
P2025081209392802368215437----返回：{"code":"000000","msg":"P2025081209392802368215437","data":{"date":"2025-08-12 09:39:32","eid":"E3720544720250812123928819062f0b","amount":"10","name":"David Pereira Dos Santos","cpf":"02742642188","bankname":"ORBION GAMING LTDA","payBank":"","payCpf":"","pixkey":"61991142440","account":"22896431","status":"done","order":"A20250812093928789042CXn96D1YG"},"sign":"512649E19969F95D4AACC27FF4524D19"}

【2025-08-12 10:40:23】
P2025081209392802368215437----提交：{"custId":"24120300001308","appId":"8241201350","order":"P2025081209392802368215437","sign":"9FA9712A35056AD3A244501B12185BF3"}

【2025-08-12 10:40:23】
P2025081209392802368215437----返回：{"code":"000000","msg":"P2025081209392802368215437","data":{"date":"2025-08-12 09:39:32","eid":"E3720544720250812123928819062f0b","amount":"10","name":"David Pereira Dos Santos","cpf":"02742642188","bankname":"ORBION GAMING LTDA","payBank":"","payCpf":"","pixkey":"61991142440","account":"22896431","status":"done","order":"A20250812093928789042CXn96D1YG"},"sign":"512649E19969F95D4AACC27FF4524D19"}

【2025-08-12 10:40:24】
P2025081209392802368215437----提交：{"custId":"24120300001308","appId":"8241201350","order":"P2025081209392802368215437","sign":"9FA9712A35056AD3A244501B12185BF3"}

【2025-08-12 10:40:24】
P2025081209392802368215437----返回：{"code":"000000","msg":"P2025081209392802368215437","data":{"date":"2025-08-12 09:39:32","eid":"E3720544720250812123928819062f0b","amount":"10","name":"David Pereira Dos Santos","cpf":"02742642188","bankname":"ORBION GAMING LTDA","payBank":"","payCpf":"","pixkey":"61991142440","account":"22896431","status":"done","order":"A20250812093928789042CXn96D1YG"},"sign":"512649E19969F95D4AACC27FF4524D19"}

【2025-08-12 10:41:51】
P2025081209392802368215437----提交：{"custId":"24120300001308","appId":"8241201350","order":"P2025081209392802368215437","sign":"9FA9712A35056AD3A244501B12185BF3"}

【2025-08-12 10:41:51】
P2025081209392802368215437----返回：{"code":"000000","msg":"P2025081209392802368215437","data":{"date":"2025-08-12 09:39:32","eid":"E3720544720250812123928819062f0b","amount":"10","name":"David Pereira Dos Santos","cpf":"02742642188","bankname":"ORBION GAMING LTDA","payBank":"","payCpf":"","pixkey":"61991142440","account":"22896431","status":"done","order":"A20250812093928789042CXn96D1YG"},"sign":"512649E19969F95D4AACC27FF4524D19"}

【2025-08-12 10:44:31】
P2025081210183204712564494----提交：{"custId":"24120300001308","appId":"8241201350","order":"P2025081210183204712564494","sign":"963820DF3D4999F75109B8D60DC9B3E5"}

【2025-08-12 10:44:31】
P2025081210183204712564494----返回：{"code":"000000","msg":"P2025081210183204712564494","data":{"date":"2025-08-12 10:18:36","eid":"E3720544720250812131832500e097b9","amount":"20","name":"VINICIUS CALONASSI K DOMINGUES","cpf":"10411210912","bankname":"ORBION GAMING LTDA","payBank":"","payCpf":"","pixkey":"41999850985","account":"60701190","status":"done","order":"A20250812101832481528MqT3i7YPl"},"sign":"4C87E8EF937F2F282AF312F1E9C65374"}

【2025-08-12 10:44:33】
P2025081210183204712564494----提交：{"custId":"24120300001308","appId":"8241201350","order":"P2025081210183204712564494","sign":"963820DF3D4999F75109B8D60DC9B3E5"}

【2025-08-12 10:44:33】
P2025081210183204712564494----返回：{"code":"000000","msg":"P2025081210183204712564494","data":{"date":"2025-08-12 10:18:36","eid":"E3720544720250812131832500e097b9","amount":"20","name":"VINICIUS CALONASSI K DOMINGUES","cpf":"10411210912","bankname":"ORBION GAMING LTDA","payBank":"","payCpf":"","pixkey":"41999850985","account":"60701190","status":"done","order":"A20250812101832481528MqT3i7YPl"},"sign":"4C87E8EF937F2F282AF312F1E9C65374"}

