【2025-08-12 17:01:34】
P2025081215500724607071358----提交：{"custId":"24120300001308","appId":"8241201350","order":"P2025081215500724607071358","sign":"B63BE00344199033389989385064984B"}

【2025-08-12 17:01:34】
P2025081215500724607071358----返回：{"code":"000000","msg":"P2025081215500724607071358","data":{"date":"2025-08-12 15:50:10","eid":"E37205447202508121850081843dd2e3","amount":"100","name":"Anthonny Vinicius Rodrigues dos Santos","cpf":"10420202994","bankname":"ORBION GAMING LTDA","payBank":"","payCpf":"","pixkey":"10420202994","account":"18236120","status":"done","order":"A20250812155007182759rkljtRmgN"},"sign":"DE501AE231EEDD39E09370D148BE2251"}

【2025-08-12 17:01:35】
P2025081215500724607071358----提交：{"custId":"24120300001308","appId":"8241201350","order":"P2025081215500724607071358","sign":"B63BE00344199033389989385064984B"}

【2025-08-12 17:01:36】
P2025081215500724607071358----返回：{"code":"000000","msg":"P2025081215500724607071358","data":{"date":"2025-08-12 15:50:10","eid":"E37205447202508121850081843dd2e3","amount":"100","name":"Anthonny Vinicius Rodrigues dos Santos","cpf":"10420202994","bankname":"ORBION GAMING LTDA","payBank":"","payCpf":"","pixkey":"10420202994","account":"18236120","status":"done","order":"A20250812155007182759rkljtRmgN"},"sign":"DE501AE231EEDD39E09370D148BE2251"}

【2025-08-12 17:07:46】
P2025081217045029090809806----提交：{"custId":"24120300001308","appId":"8241201350","order":"P2025081217045029090809806","sign":"ECC73A8450D82F7C3DFDA351DACF60E5"}

【2025-08-12 17:07:46】
P2025081217045029090809806----返回：{"code":"000000","msg":"P2025081217045029090809806","data":{"date":"2025-08-12 17:04:56","eid":"E45756448202508122004BFdtyEAVD0u","amount":"29.4","name":"IZAIAS BRITO MOREIRA","cpf":"65492676504","bankname":"null","payBank":"","payCpf":"","pixkey":"11973555450","account":"10185259","status":"done","order":"A20250812170450689772wdVn3HRjQ"},"sign":"E01398E7841D241A9D2935AEE9074AAD"}

【2025-08-12 17:07:47】
P2025081217045029090809806----提交：{"custId":"24120300001308","appId":"8241201350","order":"P2025081217045029090809806","sign":"ECC73A8450D82F7C3DFDA351DACF60E5"}

【2025-08-12 17:07:48】
P2025081217045029090809806----返回：{"code":"000000","msg":"P2025081217045029090809806","data":{"date":"2025-08-12 17:04:56","eid":"E45756448202508122004BFdtyEAVD0u","amount":"29.4","name":"IZAIAS BRITO MOREIRA","cpf":"65492676504","bankname":"null","payBank":"","payCpf":"","pixkey":"11973555450","account":"10185259","status":"done","order":"A20250812170450689772wdVn3HRjQ"},"sign":"E01398E7841D241A9D2935AEE9074AAD"}

【2025-08-12 17:09:32】
P2025081217080929289145228----提交：{"custId":"24120300001308","appId":"8241201350","order":"P2025081217080929289145228","sign":"FAECBA83A604422F2C84380CFF2A7D5F"}

【2025-08-12 17:09:32】
P2025081217080929289145228----返回：{"code":"000000","msg":"P2025081217080929289145228","data":{"date":"2025-08-12 17:08:12","eid":"E372054472025081220080969741c6b5","amount":"44.51","name":"Mirtes Silva Porto","cpf":"28516476871","bankname":"ORBION GAMING LTDA","payBank":"","payCpf":"","pixkey":"28516476871","account":"22896431","status":"done","order":"A20250812170809930059s8KLWBFjm"},"sign":"3D14AD52583B6F6CEC6E663773B580FE"}

【2025-08-12 17:09:35】
P2025081217080929289145228----提交：{"custId":"24120300001308","appId":"8241201350","order":"P2025081217080929289145228","sign":"FAECBA83A604422F2C84380CFF2A7D5F"}

【2025-08-12 17:09:35】
P2025081217080929289145228----返回：{"code":"000000","msg":"P2025081217080929289145228","data":{"date":"2025-08-12 17:08:12","eid":"E372054472025081220080969741c6b5","amount":"44.51","name":"Mirtes Silva Porto","cpf":"28516476871","bankname":"ORBION GAMING LTDA","payBank":"","payCpf":"","pixkey":"28516476871","account":"22896431","status":"done","order":"A20250812170809930059s8KLWBFjm"},"sign":"3D14AD52583B6F6CEC6E663773B580FE"}

【2025-08-12 17:14:18】
P2025081217131729597579853----提交：{"custId":"24120300001308","appId":"8241201350","order":"P2025081217131729597579853","sign":"75FC5E03F0D7B7ACF7D9CBD8A8166C93"}

【2025-08-12 17:14:18】
P2025081217131729597579853----返回：{"code":"000000","msg":"P2025081217131729597579853","data":{"date":"2025-08-12 17:13:20","eid":"E37205447202508122013180216a577a","amount":"1138.92","name":"DANIELLE PRISCILA SOUZA SANTOS","cpf":"02517112509","bankname":"ORBION GAMING LTDA","payBank":"","payCpf":"","pixkey":"71988486962","account":"60746948","status":"done","order":"A202508121713170608445KhXAcfsm"},"sign":"EE6DAB05A67D8109A4533D41CC169B60"}

【2025-08-12 17:14:20】
P2025081217131729597579853----提交：{"custId":"24120300001308","appId":"8241201350","order":"P2025081217131729597579853","sign":"75FC5E03F0D7B7ACF7D9CBD8A8166C93"}

【2025-08-12 17:14:20】
P2025081217131729597579853----返回：{"code":"000000","msg":"P2025081217131729597579853","data":{"date":"2025-08-12 17:13:20","eid":"E37205447202508122013180216a577a","amount":"1138.92","name":"DANIELLE PRISCILA SOUZA SANTOS","cpf":"02517112509","bankname":"ORBION GAMING LTDA","payBank":"","payCpf":"","pixkey":"71988486962","account":"60746948","status":"done","order":"A202508121713170608445KhXAcfsm"},"sign":"EE6DAB05A67D8109A4533D41CC169B60"}

【2025-08-12 17:29:10】
P2025081217014028900843606----提交：{"custId":"24120300001308","appId":"8241201350","order":"P2025081217014028900843606","sign":"5CD9991E82AED86974A985C7C849238B"}

【2025-08-12 17:29:11】
P2025081217014028900843606----返回：{"code":"000000","msg":"P2025081217014028900843606","data":{"date":"2025-08-12 17:01:44","eid":"E3720544720250812200141080d0a3c4","amount":"20","name":"ELIZANGELA SILVA SALGADO","cpf":"52886395315","bankname":"ORBION GAMING LTDA","payBank":"","payCpf":"","pixkey":"98988514322","account":"00000000","status":"done","order":"A20250812170140378194YSIjHdpLK"},"sign":"54E7A1F249D9F786576F95103A7A84B0"}

【2025-08-12 17:29:43】
P2025081217014028900843606----提交：{"custId":"24120300001308","appId":"8241201350","order":"P2025081217014028900843606","sign":"5CD9991E82AED86974A985C7C849238B"}

【2025-08-12 17:29:43】
P2025081217014028900843606----返回：{"code":"000000","msg":"P2025081217014028900843606","data":{"date":"2025-08-12 17:01:44","eid":"E3720544720250812200141080d0a3c4","amount":"20","name":"ELIZANGELA SILVA SALGADO","cpf":"52886395315","bankname":"ORBION GAMING LTDA","payBank":"","payCpf":"","pixkey":"98988514322","account":"00000000","status":"done","order":"A20250812170140378194YSIjHdpLK"},"sign":"54E7A1F249D9F786576F95103A7A84B0"}

【2025-08-12 17:32:53】
P2025081217322430744865469----提交：{"custId":"24120300001308","appId":"8241201350","order":"P2025081217322430744865469","sign":"7DD01CCCC9D6591F2FEFE5FB35FA02C4"}

【2025-08-12 17:32:53】
P2025081217322430744865469----返回：{"code":"000000","msg":"P2025081217322430744865469","data":{"date":"2025-08-12 17:32:28","eid":"E372054472025081220322466189c50e","amount":"401","name":"MARCO AURELIO CASSIMIRO DOS SANTOS","cpf":"70453219101","bankname":"ORBION GAMING LTDA","payBank":"","payCpf":"","pixkey":"70453219101","account":"00360305","status":"done","order":"A20250812173224285518qMnHfXAD4"},"sign":"43A26BD45535277931CD345D3F9CEF3D"}

【2025-08-12 17:32:58】
P2025081217322430744865469----提交：{"custId":"24120300001308","appId":"8241201350","order":"P2025081217322430744865469","sign":"7DD01CCCC9D6591F2FEFE5FB35FA02C4"}

【2025-08-12 17:32:58】
P2025081217322430744865469----返回：{"code":"000000","msg":"P2025081217322430744865469","data":{"date":"2025-08-12 17:32:28","eid":"E372054472025081220322466189c50e","amount":"401","name":"MARCO AURELIO CASSIMIRO DOS SANTOS","cpf":"70453219101","bankname":"ORBION GAMING LTDA","payBank":"","payCpf":"","pixkey":"70453219101","account":"00360305","status":"done","order":"A20250812173224285518qMnHfXAD4"},"sign":"43A26BD45535277931CD345D3F9CEF3D"}

【2025-08-12 17:36:34】
P2025081217360630966204657----提交：{"custId":"24120300001308","appId":"8241201350","order":"P2025081217360630966204657","sign":"2248EFFEBE1B9CA8EF6156B0FF51FD9E"}

【2025-08-12 17:36:34】
P2025081217360630966204657----返回：{"code":"000000","msg":"P2025081217360630966204657","data":{"date":"2025-08-12 17:36:10","eid":"E3720544720250812203606498ded991","amount":"98","name":"GEOVANA CORDEIRO DO NASCIMENTO","cpf":"02554115290","bankname":"ORBION GAMING LTDA","payBank":"","payCpf":"","pixkey":"02554115290","account":"00416968","status":"done","order":"A20250812173606767237nkX5NWABp"},"sign":"04E8F619A821D382DF6A1FF554754E22"}

【2025-08-12 17:36:36】
P2025081217360630966204657----提交：{"custId":"24120300001308","appId":"8241201350","order":"P2025081217360630966204657","sign":"2248EFFEBE1B9CA8EF6156B0FF51FD9E"}

【2025-08-12 17:36:36】
P2025081217360630966204657----返回：{"code":"000000","msg":"P2025081217360630966204657","data":{"date":"2025-08-12 17:36:10","eid":"E3720544720250812203606498ded991","amount":"98","name":"GEOVANA CORDEIRO DO NASCIMENTO","cpf":"02554115290","bankname":"ORBION GAMING LTDA","payBank":"","payCpf":"","pixkey":"02554115290","account":"00416968","status":"done","order":"A20250812173606767237nkX5NWABp"},"sign":"04E8F619A821D382DF6A1FF554754E22"}

