【2025-08-12 13:29:26】
P2025081213171815438135651----提交：{"custId":"24120300001308","appId":"8241201350","order":"P2025081213171815438135651","sign":"804196C1A369667168549D4E57944E14"}

【2025-08-12 13:29:26】
P2025081213171815438135651----返回：{"code":"000000","msg":"P2025081213171815438135651","data":{"date":"2025-08-12 13:17:21","eid":"E3720544720250812161718770dd1768","amount":"50","name":"Gabriel Santana De Morais","cpf":"11963907973","bankname":"ORBION GAMING LTDA","payBank":"","payCpf":"","pixkey":"41997181715","account":"23862762","status":"done","order":"A20250812131718049578af1fbdHSn"},"sign":"D2891C7A30C39918F31081DC5DAC533B"}

【2025-08-12 13:29:30】
P2025081213171815438135651----提交：{"custId":"24120300001308","appId":"8241201350","order":"P2025081213171815438135651","sign":"804196C1A369667168549D4E57944E14"}

【2025-08-12 13:29:30】
P2025081213171815438135651----返回：{"code":"000000","msg":"P2025081213171815438135651","data":{"date":"2025-08-12 13:17:21","eid":"E3720544720250812161718770dd1768","amount":"50","name":"Gabriel Santana De Morais","cpf":"11963907973","bankname":"ORBION GAMING LTDA","payBank":"","payCpf":"","pixkey":"41997181715","account":"23862762","status":"done","order":"A20250812131718049578af1fbdHSn"},"sign":"D2891C7A30C39918F31081DC5DAC533B"}

【2025-08-12 13:29:45】
P2025081213171815438135651----提交：{"custId":"24120300001308","appId":"8241201350","order":"P2025081213171815438135651","sign":"804196C1A369667168549D4E57944E14"}

【2025-08-12 13:29:45】
P2025081213171815438135651----返回：{"code":"000000","msg":"P2025081213171815438135651","data":{"date":"2025-08-12 13:17:21","eid":"E3720544720250812161718770dd1768","amount":"50","name":"Gabriel Santana De Morais","cpf":"11963907973","bankname":"ORBION GAMING LTDA","payBank":"","payCpf":"","pixkey":"41997181715","account":"23862762","status":"done","order":"A20250812131718049578af1fbdHSn"},"sign":"D2891C7A30C39918F31081DC5DAC533B"}

【2025-08-12 13:35:11】
P2025081109280415284787025----提交：{"custId":"24120300001308","appId":"8241201350","order":"P2025081109280415284787025","sign":"C62AD44913964122E385C8519469DE82"}

【2025-08-12 13:35:11】
P2025081109280415284787025----返回：{"code":"000000","msg":"P2025081109280415284787025","data":{"date":"2025-08-11 09:28:07","eid":"E37205447202508111228044195b7ebe","amount":"600","name":"Ricardo Ezaudeli Medeiros Junior","cpf":"05969495964","bankname":"ORBION GAMING LTDA","payBank":"","payCpf":"","pixkey":"48998416841","account":"18236120","status":"done","order":"A20250811092804325701j4wc67KDn"},"sign":"9FE3B2E625939B28EF7F071EC07811B6"}

【2025-08-12 13:35:13】
P2025081109280415284787025----提交：{"custId":"24120300001308","appId":"8241201350","order":"P2025081109280415284787025","sign":"C62AD44913964122E385C8519469DE82"}

【2025-08-12 13:35:14】
P2025081109280415284787025----返回：{"code":"000000","msg":"P2025081109280415284787025","data":{"date":"2025-08-11 09:28:07","eid":"E37205447202508111228044195b7ebe","amount":"600","name":"Ricardo Ezaudeli Medeiros Junior","cpf":"05969495964","bankname":"ORBION GAMING LTDA","payBank":"","payCpf":"","pixkey":"48998416841","account":"18236120","status":"done","order":"A20250811092804325701j4wc67KDn"},"sign":"9FE3B2E625939B28EF7F071EC07811B6"}

【2025-08-12 13:36:37】
P2025081211545310493821603----提交：{"custId":"24120300001308","appId":"8241201350","order":"P2025081211545310493821603","sign":"3A9D79CA721FC190FDF7D7D6BFC78A5D"}

【2025-08-12 13:36:37】
P2025081211545310493821603----返回：{"code":"000000","msg":"P2025081211545310493821603","data":{"date":"2025-08-12 11:54:58","eid":"E3720544720250812145454097822bb5","amount":"30.32","name":"CARLOS ALBERTO ROXO NETO","cpf":"40330273787","bankname":"ORBION GAMING LTDA","payBank":"","payCpf":"","pixkey":"40330273787","account":"00360305","status":"done","order":"A20250812115453316831mlSMCFZTN"},"sign":"0DCE9FB39700246D9737C447251CA923"}

【2025-08-12 13:36:51】
P2025081211545310493821603----提交：{"custId":"24120300001308","appId":"8241201350","order":"P2025081211545310493821603","sign":"3A9D79CA721FC190FDF7D7D6BFC78A5D"}

【2025-08-12 13:36:51】
P2025081211545310493821603----返回：{"code":"000000","msg":"P2025081211545310493821603","data":{"date":"2025-08-12 11:54:58","eid":"E3720544720250812145454097822bb5","amount":"30.32","name":"CARLOS ALBERTO ROXO NETO","cpf":"40330273787","bankname":"ORBION GAMING LTDA","payBank":"","payCpf":"","pixkey":"40330273787","account":"00360305","status":"done","order":"A20250812115453316831mlSMCFZTN"},"sign":"0DCE9FB39700246D9737C447251CA923"}

