【2025-08-12 08:01:58】
P2025081207095193391618581----提交：{"custId":"24120300001308","appId":"8241201350","order":"P2025081207095193391618581","sign":"4E1DCBC33C2490EEABB3B73A484257D6"}

【2025-08-12 08:01:58】
P2025081207095193391618581----返回：{"code":"000000","msg":"P2025081207095193391618581","data":{"date":"2025-08-12 07:09:58","eid":"E3720544720250812100952918defbd5","amount":"20","name":"FRANCISCO EDSON FERREIRA DA SILVA","cpf":"05547268313","bankname":"ORBION GAMING LTDA","payBank":"","payCpf":"","pixkey":"05547268313","account":"00360305","status":"done","order":"A202508120709513911925jv3bT9i4"},"sign":"D46500FA5E22F6644349630006C73100"}

【2025-08-12 08:02:00】
P2025081207095193391618581----提交：{"custId":"24120300001308","appId":"8241201350","order":"P2025081207095193391618581","sign":"4E1DCBC33C2490EEABB3B73A484257D6"}

【2025-08-12 08:02:00】
P2025081207095193391618581----返回：{"code":"000000","msg":"P2025081207095193391618581","data":{"date":"2025-08-12 07:09:58","eid":"E3720544720250812100952918defbd5","amount":"20","name":"FRANCISCO EDSON FERREIRA DA SILVA","cpf":"05547268313","bankname":"ORBION GAMING LTDA","payBank":"","payCpf":"","pixkey":"05547268313","account":"00360305","status":"done","order":"A202508120709513911925jv3bT9i4"},"sign":"D46500FA5E22F6644349630006C73100"}

【2025-08-12 08:51:01】
P2025081122295162191119258----提交：{"custId":"24120300001308","appId":"8241201350","order":"P2025081122295162191119258","sign":"6BB092A5575CA7B77CEB33A15B2433B9"}

【2025-08-12 08:51:01】
P2025081122295162191119258----返回：{"code":"000000","msg":"P2025081122295162191119258","data":{"date":"2025-08-11 22:29:58","eid":"E45756448202508120129j3M0ldzD6UC","amount":"20.58","name":"JAMILLY QUITERIO SOUSA","cpf":"6808413266","bankname":"null","payBank":"","payCpf":"","pixkey":"06808413266","account":"979065372","status":"done","order":"A202508112229512968758uYkq1mIi"},"sign":"83F6C61E3F7FB96C9458A1AE2E6019B3"}

【2025-08-12 08:51:05】
P2025081122295162191119258----提交：{"custId":"24120300001308","appId":"8241201350","order":"P2025081122295162191119258","sign":"6BB092A5575CA7B77CEB33A15B2433B9"}

【2025-08-12 08:51:05】
P2025081122295162191119258----返回：{"code":"000000","msg":"P2025081122295162191119258","data":{"date":"2025-08-11 22:29:58","eid":"E45756448202508120129j3M0ldzD6UC","amount":"20.58","name":"JAMILLY QUITERIO SOUSA","cpf":"6808413266","bankname":"null","payBank":"","payCpf":"","pixkey":"06808413266","account":"979065372","status":"done","order":"A202508112229512968758uYkq1mIi"},"sign":"83F6C61E3F7FB96C9458A1AE2E6019B3"}

【2025-08-12 08:55:52】
P2025081208461199171641407----提交：{"custId":"24120300001308","appId":"8241201350","order":"P2025081208461199171641407","sign":"1B850F063E198687F151EF1C3A36491A"}

【2025-08-12 08:55:52】
P2025081208461199171641407----返回：{"code":"000000","msg":"P2025081208461199171641407","data":{"date":"2025-08-12 08:46:13","eid":"E3720544720250812114611695e07758","amount":"70","name":"Thais Borges de Sousa Pereira","cpf":"05091773100","bankname":"ORBION GAMING LTDA","payBank":"","payCpf":"","pixkey":"05091773100","account":"18236120","status":"done","order":"A202508120846114520287y733ecIV"},"sign":"83B65472CF9158FA6583092806C7FB3E"}

【2025-08-12 08:56:00】
P2025081208461199171641407----提交：{"custId":"24120300001308","appId":"8241201350","order":"P2025081208461199171641407","sign":"1B850F063E198687F151EF1C3A36491A"}

【2025-08-12 08:56:00】
P2025081208461199171641407----返回：{"code":"000000","msg":"P2025081208461199171641407","data":{"date":"2025-08-12 08:46:13","eid":"E3720544720250812114611695e07758","amount":"70","name":"Thais Borges de Sousa Pereira","cpf":"05091773100","bankname":"ORBION GAMING LTDA","payBank":"","payCpf":"","pixkey":"05091773100","account":"18236120","status":"done","order":"A202508120846114520287y733ecIV"},"sign":"83B65472CF9158FA6583092806C7FB3E"}

