【2025-08-12 16:06:50】
P2025081216030525385789079----提交：{"custId":"24120300001308","appId":"8241201350","order":"P2025081216030525385789079","sign":"78E2E46B55FC032CF17E00843D5ABBFE"}

【2025-08-12 16:06:50】
P2025081216030525385789079----返回：{"code":"000000","msg":"P2025081216030525385789079","data":{"date":"2025-08-12 16:03:10","eid":"E372054472025081219030722747d4e0","amount":"294.12","name":"Izabel caldeira dos santos","cpf":"40966784812","bankname":"ORBION GAMING LTDA","payBank":"","payCpf":"","pixkey":"40966784812","account":"18236120","status":"done","order":"A20250812160306931211CxA9JyEMn"},"sign":"4F1A73405C4A62202B61BC4559790C9D"}

【2025-08-12 16:06:52】
P2025081216030525385789079----提交：{"custId":"24120300001308","appId":"8241201350","order":"P2025081216030525385789079","sign":"78E2E46B55FC032CF17E00843D5ABBFE"}

【2025-08-12 16:06:53】
P2025081216030525385789079----返回：{"code":"000000","msg":"P2025081216030525385789079","data":{"date":"2025-08-12 16:03:10","eid":"E372054472025081219030722747d4e0","amount":"294.12","name":"Izabel caldeira dos santos","cpf":"40966784812","bankname":"ORBION GAMING LTDA","payBank":"","payCpf":"","pixkey":"40966784812","account":"18236120","status":"done","order":"A20250812160306931211CxA9JyEMn"},"sign":"4F1A73405C4A62202B61BC4559790C9D"}

【2025-08-12 16:09:23】
P2025081216085825738148686----提交：{"custId":"24120300001308","appId":"8241201350","order":"P2025081216085825738148686","sign":"A0C9D83DBA9CA2EC5A0F52EB2175E7C0"}

【2025-08-12 16:09:24】
P2025081216085825738148686----返回：{"code":"000000","msg":"P2025081216085825738148686","data":{"date":"2025-08-12 16:09:04","eid":"E3720544720250812190859056fe0b98","amount":"1241.44","name":"Keila Taiane de Souza Sacramento","cpf":"85776331528","bankname":"ORBION GAMING LTDA","payBank":"","payCpf":"","pixkey":"71983429043","account":"10573521","status":"done","order":"A202508121608585310975yEzz7KF3"},"sign":"17333A00E94DEDDDE38C434E149938FF"}

【2025-08-12 16:09:26】
P2025081216085825738148686----提交：{"custId":"24120300001308","appId":"8241201350","order":"P2025081216085825738148686","sign":"A0C9D83DBA9CA2EC5A0F52EB2175E7C0"}

【2025-08-12 16:09:27】
P2025081216085825738148686----返回：{"code":"000000","msg":"P2025081216085825738148686","data":{"date":"2025-08-12 16:09:04","eid":"E3720544720250812190859056fe0b98","amount":"1241.44","name":"Keila Taiane de Souza Sacramento","cpf":"85776331528","bankname":"ORBION GAMING LTDA","payBank":"","payCpf":"","pixkey":"71983429043","account":"10573521","status":"done","order":"A202508121608585310975yEzz7KF3"},"sign":"17333A00E94DEDDDE38C434E149938FF"}

【2025-08-12 16:19:51】
P2025081216033025410936889----提交：{"custId":"24120300001308","appId":"8241201350","order":"P2025081216033025410936889","sign":"C43811634D941F574EB442271D3CC754"}

【2025-08-12 16:19:51】
P2025081216033025410936889----返回：{"code":"000000","msg":"P2025081216033025410936889","data":{"date":"2025-08-12 16:03:34","eid":"E3720544720250812190330978c20bcb","amount":"19.78","name":"DANIEL FERNANDO PONTES DE LIMA","cpf":"12614000973","bankname":"ORBION GAMING LTDA","payBank":"","payCpf":"","pixkey":"41998895575","account":"22896431","status":"done","order":"A202508121603300796816ZAwHkhAx"},"sign":"5353799E2F4EFB08E9D6798C5830D489"}

【2025-08-12 16:19:54】
P2025081216033025410936889----提交：{"custId":"24120300001308","appId":"8241201350","order":"P2025081216033025410936889","sign":"C43811634D941F574EB442271D3CC754"}

【2025-08-12 16:19:54】
P2025081216033025410936889----返回：{"code":"000000","msg":"P2025081216033025410936889","data":{"date":"2025-08-12 16:03:34","eid":"E3720544720250812190330978c20bcb","amount":"19.78","name":"DANIEL FERNANDO PONTES DE LIMA","cpf":"12614000973","bankname":"ORBION GAMING LTDA","payBank":"","payCpf":"","pixkey":"41998895575","account":"22896431","status":"done","order":"A202508121603300796816ZAwHkhAx"},"sign":"5353799E2F4EFB08E9D6798C5830D489"}

【2025-08-12 16:20:54】
P2025081216100625806117196----提交：{"custId":"24120300001308","appId":"8241201350","order":"P2025081216100625806117196","sign":"74C199B5D015065B25E8EC4151F85DFE"}

【2025-08-12 16:20:54】
P2025081216100625806117196----返回：{"code":"000000","msg":"P2025081216100625806117196","data":{"date":"2025-08-12 16:10:12","eid":"E3720544720250812191007547709fa1","amount":"215","name":"Manoel Luiz de Almeida Brandao","cpf":"71770332464","bankname":"ORBION GAMING LTDA","payBank":"","payCpf":"","pixkey":"83993251665","account":"10573521","status":"done","order":"A20250812161006962244c63Ve4dFl"},"sign":"2E9C83B604085C1FC0C7158B4CD25A0E"}

【2025-08-12 16:20:56】
P2025081216100625806117196----提交：{"custId":"24120300001308","appId":"8241201350","order":"P2025081216100625806117196","sign":"74C199B5D015065B25E8EC4151F85DFE"}

【2025-08-12 16:20:56】
P2025081216100625806117196----返回：{"code":"000000","msg":"P2025081216100625806117196","data":{"date":"2025-08-12 16:10:12","eid":"E3720544720250812191007547709fa1","amount":"215","name":"Manoel Luiz de Almeida Brandao","cpf":"71770332464","bankname":"ORBION GAMING LTDA","payBank":"","payCpf":"","pixkey":"83993251665","account":"10573521","status":"done","order":"A20250812161006962244c63Ve4dFl"},"sign":"2E9C83B604085C1FC0C7158B4CD25A0E"}

【2025-08-12 16:23:39】
P2025081215433424214844050----提交：{"custId":"24120300001308","appId":"8241201350","order":"P2025081215433424214844050","sign":"3FBE2BC417FD6C7480CB270106796B92"}

【2025-08-12 16:23:39】
P2025081215433424214844050----返回：{"code":"000000","msg":"P2025081215433424214844050","data":{"date":"2025-08-12 15:43:38","eid":"E3720544720250812184335376960ed0","amount":"10","name":"Manoel Luiz de Almeida Brandao","cpf":"71770332464","bankname":"ORBION GAMING LTDA","payBank":"","payCpf":"","pixkey":"83993251665","account":"10573521","status":"done","order":"A20250812154334420051sr7QVNJGp"},"sign":"E007D944D11648A6A6EC6103CBB57602"}

【2025-08-12 16:23:45】
P2025081215433424214844050----提交：{"custId":"24120300001308","appId":"8241201350","order":"P2025081215433424214844050","sign":"3FBE2BC417FD6C7480CB270106796B92"}

【2025-08-12 16:23:45】
P2025081215433424214844050----返回：{"code":"000000","msg":"P2025081215433424214844050","data":{"date":"2025-08-12 15:43:38","eid":"E3720544720250812184335376960ed0","amount":"10","name":"Manoel Luiz de Almeida Brandao","cpf":"71770332464","bankname":"ORBION GAMING LTDA","payBank":"","payCpf":"","pixkey":"83993251665","account":"10573521","status":"done","order":"A20250812154334420051sr7QVNJGp"},"sign":"E007D944D11648A6A6EC6103CBB57602"}

【2025-08-12 16:28:58】
P2025081215574225062215381----提交：{"custId":"24120300001308","appId":"8241201350","order":"P2025081215574225062215381","sign":"139759F83087BEF456DB0D6DF18A3C5B"}

【2025-08-12 16:28:58】
P2025081215574225062215381----返回：{"code":"000000","msg":"P2025081215574225062215381","data":{"date":"2025-08-12 15:57:46","eid":"E3720544720250812185743135b546fa","amount":"10","name":"MARLENE CRUZ VIANA","cpf":"20602683890","bankname":"ORBION GAMING LTDA","payBank":"","payCpf":"","pixkey":"20602683890","account":"00360305","status":"done","order":"A20250812155742034390HPsxNJbiI"},"sign":"FC65CD96BB64F0CB99FAA12AC1C9EB76"}

【2025-08-12 16:29:03】
P2025081215574225062215381----提交：{"custId":"24120300001308","appId":"8241201350","order":"P2025081215574225062215381","sign":"139759F83087BEF456DB0D6DF18A3C5B"}

【2025-08-12 16:29:03】
P2025081215574225062215381----返回：{"code":"000000","msg":"P2025081215574225062215381","data":{"date":"2025-08-12 15:57:46","eid":"E3720544720250812185743135b546fa","amount":"10","name":"MARLENE CRUZ VIANA","cpf":"20602683890","bankname":"ORBION GAMING LTDA","payBank":"","payCpf":"","pixkey":"20602683890","account":"00360305","status":"done","order":"A20250812155742034390HPsxNJbiI"},"sign":"FC65CD96BB64F0CB99FAA12AC1C9EB76"}

【2025-08-12 16:32:25】
P2025081216264026800288280----提交：{"custId":"24120300001308","appId":"8241201350","order":"P2025081216264026800288280","sign":"1F0F75B1DE84418DB88E3F66AD778415"}

【2025-08-12 16:32:25】
P2025081216264026800288280----返回：{"code":"000000","msg":"P2025081216264026800288280","data":{"date":"2025-08-12 16:27:06","eid":"E372054472025081219270297472b0ab","amount":"7500","name":"Júlia Mendes Lima Diniz Sampaio","cpf":"16897317705","bankname":"ORBION GAMING LTDA","payBank":"","payCpf":"","pixkey":"16897317705","account":"18236120","status":"done","order":"A202508121627015571996i7cqe1S9"},"sign":"5123DD7DA3A583A8DEC7481DD517ABFD"}

【2025-08-12 16:32:27】
P2025081216264026800288280----提交：{"custId":"24120300001308","appId":"8241201350","order":"P2025081216264026800288280","sign":"1F0F75B1DE84418DB88E3F66AD778415"}

【2025-08-12 16:32:27】
P2025081216264026800288280----返回：{"code":"000000","msg":"P2025081216264026800288280","data":{"date":"2025-08-12 16:27:06","eid":"E372054472025081219270297472b0ab","amount":"7500","name":"Júlia Mendes Lima Diniz Sampaio","cpf":"16897317705","bankname":"ORBION GAMING LTDA","payBank":"","payCpf":"","pixkey":"16897317705","account":"18236120","status":"done","order":"A202508121627015571996i7cqe1S9"},"sign":"5123DD7DA3A583A8DEC7481DD517ABFD"}

【2025-08-12 16:37:05】
P2025081216114225902052980----提交：{"custId":"24120300001308","appId":"8241201350","order":"P2025081216114225902052980","sign":"0CBCF406EB8D27AF78ABFDE372052539"}

【2025-08-12 16:37:05】
P2025081216114225902052980----返回：{"code":"000000","msg":"P2025081216114225902052980","data":{"date":"2025-08-12 16:11:47","eid":"E3720544720250812191143138a4c494","amount":"15","name":"Charles Santos de Oliveira","cpf":"08740382516","bankname":"ORBION GAMING LTDA","payBank":"","payCpf":"","pixkey":"71991404087","account":"18236120","status":"done","order":"A202508121611424385395ivi1S81G"},"sign":"C886C764EFCAB5A8DCB86FC8595598BF"}

【2025-08-12 16:37:10】
P2025081216114225902052980----提交：{"custId":"24120300001308","appId":"8241201350","order":"P2025081216114225902052980","sign":"0CBCF406EB8D27AF78ABFDE372052539"}

【2025-08-12 16:37:10】
P2025081216114225902052980----返回：{"code":"000000","msg":"P2025081216114225902052980","data":{"date":"2025-08-12 16:11:47","eid":"E3720544720250812191143138a4c494","amount":"15","name":"Charles Santos de Oliveira","cpf":"08740382516","bankname":"ORBION GAMING LTDA","payBank":"","payCpf":"","pixkey":"71991404087","account":"18236120","status":"done","order":"A202508121611424385395ivi1S81G"},"sign":"C886C764EFCAB5A8DCB86FC8595598BF"}

【2025-08-12 16:41:47】
P2025081216381827498766320----提交：{"custId":"24120300001308","appId":"8241201350","order":"P2025081216381827498766320","sign":"385AF442A8F46509922588A1A947E55D"}

【2025-08-12 16:41:47】
P2025081216381827498766320----返回：{"code":"000000","msg":"P2025081216381827498766320","data":{"date":"2025-08-12 16:41:12","eid":"E37205447202508121941095379a97e3","amount":"10000","name":"FRANCIELE GONCALVES BENTO","cpf":"06896281103","bankname":"ORBION GAMING LTDA","payBank":"","payCpf":"","pixkey":"06896281103","account":"60701190","status":"done","order":"A20250812163902721675KqMFTbDdc"},"sign":"131290E4D4AFB71897BC17189867BEDF"}

【2025-08-12 16:42:41】
P2025081215121922339285713----提交：{"custId":"24120300001308","appId":"8241201350","order":"P2025081215121922339285713","sign":"5B482DE197F3FB70A933B42DDCE25821"}

【2025-08-12 16:42:41】
P2025081215121922339285713----返回：{"code":"000000","msg":"P2025081215121922339285713","data":{"date":"2025-08-12 15:12:21","eid":"E372054472025081218122032189ca80","amount":"80","name":"LUCELIA FERREIRA DE NORONHA","cpf":"03069505104","bankname":"ORBION GAMING LTDA","payBank":"","payCpf":"","pixkey":"03069505104","account":"00360305","status":"done","order":"A202508121512204094561P5HJ9K7A"},"sign":"48267B1D926D536E30714341BDF414E5"}

【2025-08-12 16:42:45】
P2025081215121922339285713----提交：{"custId":"24120300001308","appId":"8241201350","order":"P2025081215121922339285713","sign":"5B482DE197F3FB70A933B42DDCE25821"}

【2025-08-12 16:42:45】
P2025081215121922339285713----返回：{"code":"000000","msg":"P2025081215121922339285713","data":{"date":"2025-08-12 15:12:21","eid":"E372054472025081218122032189ca80","amount":"80","name":"LUCELIA FERREIRA DE NORONHA","cpf":"03069505104","bankname":"ORBION GAMING LTDA","payBank":"","payCpf":"","pixkey":"03069505104","account":"00360305","status":"done","order":"A202508121512204094561P5HJ9K7A"},"sign":"48267B1D926D536E30714341BDF414E5"}

【2025-08-12 16:48:06】
P2025081216334727227549703----提交：{"custId":"24120300001308","appId":"8241201350","order":"P2025081216334727227549703","sign":"2B5A94A84B08EA411196128958A3A649"}

【2025-08-12 16:48:06】
P2025081216334727227549703----返回：{"code":"000000","msg":"P2025081216334727227549703","data":{"date":"2025-08-12 16:33:50","eid":"E3720544720250812193347791692e2e","amount":"30","name":"Jonatas Pacheco Ferreira","cpf":"17932779740","bankname":"ORBION GAMING LTDA","payBank":"","payCpf":"","pixkey":"22998540736","account":"22896431","status":"done","order":"A20250812163347817177f7EYfWLXq"},"sign":"87151DBCC1022B5733D366FBE2929389"}

【2025-08-12 16:48:08】
P2025081216334727227549703----提交：{"custId":"24120300001308","appId":"8241201350","order":"P2025081216334727227549703","sign":"2B5A94A84B08EA411196128958A3A649"}

【2025-08-12 16:48:08】
P2025081216334727227549703----返回：{"code":"000000","msg":"P2025081216334727227549703","data":{"date":"2025-08-12 16:33:50","eid":"E3720544720250812193347791692e2e","amount":"30","name":"Jonatas Pacheco Ferreira","cpf":"17932779740","bankname":"ORBION GAMING LTDA","payBank":"","payCpf":"","pixkey":"22998540736","account":"22896431","status":"done","order":"A20250812163347817177f7EYfWLXq"},"sign":"87151DBCC1022B5733D366FBE2929389"}

【2025-08-12 16:54:39】
P2025081216245726697533017----提交：{"custId":"24120300001308","appId":"8241201350","order":"P2025081216245726697533017","sign":"0C6E9AE9EF186579E762D7D4FBCA6527"}

【2025-08-12 16:54:39】
P2025081216245726697533017----返回：{"code":"000000","msg":"P2025081216245726697533017","data":{"date":"2025-08-12 16:24:59","eid":"E3720544720250812192457792d4d90c","amount":"100","name":"Vanessa de Brito Ferreira","cpf":"06798755143","bankname":"ORBION GAMING LTDA","payBank":"","payCpf":"","pixkey":"31975777125","account":"37241230","status":"done","order":"A202508121624577609458Jebvsumu"},"sign":"422CB3FB2A0567E92E475A3333A1A2A2"}

【2025-08-12 16:54:41】
P2025081216245726697533017----提交：{"custId":"24120300001308","appId":"8241201350","order":"P2025081216245726697533017","sign":"0C6E9AE9EF186579E762D7D4FBCA6527"}

【2025-08-12 16:54:41】
P2025081216245726697533017----返回：{"code":"000000","msg":"P2025081216245726697533017","data":{"date":"2025-08-12 16:24:59","eid":"E3720544720250812192457792d4d90c","amount":"100","name":"Vanessa de Brito Ferreira","cpf":"06798755143","bankname":"ORBION GAMING LTDA","payBank":"","payCpf":"","pixkey":"31975777125","account":"37241230","status":"done","order":"A202508121624577609458Jebvsumu"},"sign":"422CB3FB2A0567E92E475A3333A1A2A2"}

