【2025-08-12 20:06:43】
P2025081216275426874577522----提交：{"custId":"24120300001308","appId":"8241201350","order":"P2025081216275426874577522","sign":"3A1D974410B219CA8564AD2087662D89"}

【2025-08-12 20:06:44】
P2025081216275426874577522----返回：{"code":"000000","msg":"P2025081216275426874577522","data":{"date":"2025-08-12 16:27:57","eid":"E372054472025081219275529614df82","amount":"50","name":"LAUANE CRISTYNA HENRIQUE DA SILVA","cpf":"70662332121","bankname":"ORBION GAMING LTDA","payBank":"","payCpf":"","pixkey":"70662332121","account":"90400888","status":"done","order":"A20250812162755128148q9hWZs8XK"},"sign":"DE48BBE8766BB770CE9B3E9101B83FE0"}

【2025-08-12 20:06:54】
P2025081216275426874577522----提交：{"custId":"24120300001308","appId":"8241201350","order":"P2025081216275426874577522","sign":"3A1D974410B219CA8564AD2087662D89"}

【2025-08-12 20:06:54】
P2025081216275426874577522----返回：{"code":"000000","msg":"P2025081216275426874577522","data":{"date":"2025-08-12 16:27:57","eid":"E372054472025081219275529614df82","amount":"50","name":"LAUANE CRISTYNA HENRIQUE DA SILVA","cpf":"70662332121","bankname":"ORBION GAMING LTDA","payBank":"","payCpf":"","pixkey":"70662332121","account":"90400888","status":"done","order":"A20250812162755128148q9hWZs8XK"},"sign":"DE48BBE8766BB770CE9B3E9101B83FE0"}

【2025-08-12 20:17:41】
P2025081220141140451278889----提交：{"custId":"24120300001308","appId":"8241201350","order":"P2025081220141140451278889","sign":"0EF16F70EDB53F8EA344D3A09D153246"}

【2025-08-12 20:17:41】
P2025081220141140451278889----返回：{"code":"000000","msg":"P2025081220141140451278889","data":{"date":"2025-08-12 20:16:28","eid":"E372054472025081223141282063e823","amount":"20","name":"MARCOS FERNANDES PEREIRA","cpf":"70015073696","bankname":"ORBION GAMING LTDA","payBank":"","payCpf":"","pixkey":"70015073696","account":"60746948","status":"done","order":"A20250812201412152956ku93GJjGn"},"sign":"4BE1E5DE81675C00435CD22E4F1B86FE"}

【2025-08-12 20:18:33】
P2025081220141140451278889----提交：{"custId":"24120300001308","appId":"8241201350","order":"P2025081220141140451278889","sign":"0EF16F70EDB53F8EA344D3A09D153246"}

【2025-08-12 20:18:34】
P2025081220141140451278889----返回：{"code":"000000","msg":"P2025081220141140451278889","data":{"date":"2025-08-12 20:16:28","eid":"E372054472025081223141282063e823","amount":"20","name":"MARCOS FERNANDES PEREIRA","cpf":"70015073696","bankname":"ORBION GAMING LTDA","payBank":"","payCpf":"","pixkey":"70015073696","account":"60746948","status":"done","order":"A20250812201412152956ku93GJjGn"},"sign":"4BE1E5DE81675C00435CD22E4F1B86FE"}

【2025-08-12 20:25:21】
P2025081219530639186673099----提交：{"custId":"24120300001308","appId":"8241201350","order":"P2025081219530639186673099","sign":"6DC937070F615A8920C738A9734254F4"}

【2025-08-12 20:25:21】
P2025081219530639186673099----返回：{"code":"000000","msg":"P2025081219530639186673099","data":{"date":"2025-08-12 19:53:10","eid":"E372054472025081222530633708f9d5","amount":"50","name":"REGINALDO DE SOUSA LEAO","cpf":"00270110542","bankname":"ORBION GAMING LTDA","payBank":"","payCpf":"","pixkey":"48988307079","account":"00000000","status":"done","order":"A20250812195306179054aJF38XWLx"},"sign":"9453D983E7256055086D8712DFFD780F"}

【2025-08-12 20:25:23】
P2025081219530639186673099----提交：{"custId":"24120300001308","appId":"8241201350","order":"P2025081219530639186673099","sign":"6DC937070F615A8920C738A9734254F4"}

【2025-08-12 20:25:23】
P2025081219530639186673099----返回：{"code":"000000","msg":"P2025081219530639186673099","data":{"date":"2025-08-12 19:53:10","eid":"E372054472025081222530633708f9d5","amount":"50","name":"REGINALDO DE SOUSA LEAO","cpf":"00270110542","bankname":"ORBION GAMING LTDA","payBank":"","payCpf":"","pixkey":"48988307079","account":"00000000","status":"done","order":"A20250812195306179054aJF38XWLx"},"sign":"9453D983E7256055086D8712DFFD780F"}

【2025-08-12 20:43:52】
P2025081220430642186362865----提交：{"custId":"24120300001308","appId":"8241201350","order":"P2025081220430642186362865","sign":"5A093A77360F6A1414753070D7FE2625"}

【2025-08-12 20:43:52】
P2025081220430642186362865----返回：{"code":"000000","msg":"P2025081220430642186362865","data":{"date":"2025-08-12 20:43:12","eid":"E45756448202508122343Q9sIa96NUOB","amount":"50.67","name":"REINALDO BORGES DE SOUZA","cpf":"86896849134","bankname":"null","payBank":"","payCpf":"","pixkey":"86896849134","account":"12880000008594984039","status":"done","order":"A202508122043060835377SHyPAIAe"},"sign":"26F8377461A281F1930685342F011874"}

【2025-08-12 20:43:54】
P2025081220430642186362865----提交：{"custId":"24120300001308","appId":"8241201350","order":"P2025081220430642186362865","sign":"5A093A77360F6A1414753070D7FE2625"}

【2025-08-12 20:43:54】
P2025081220430642186362865----返回：{"code":"000000","msg":"P2025081220430642186362865","data":{"date":"2025-08-12 20:43:12","eid":"E45756448202508122343Q9sIa96NUOB","amount":"50.67","name":"REINALDO BORGES DE SOUZA","cpf":"86896849134","bankname":"null","payBank":"","payCpf":"","pixkey":"86896849134","account":"12880000008594984039","status":"done","order":"A202508122043060835377SHyPAIAe"},"sign":"26F8377461A281F1930685342F011874"}

【2025-08-12 20:50:00】
P2025081220393741977608936----提交：{"custId":"24120300001308","appId":"8241201350","order":"P2025081220393741977608936","sign":"7A60277D133581ECF4559F23B8BF3BA0"}

【2025-08-12 20:50:00】
P2025081220393741977608936----返回：{"code":"000000","msg":"P2025081220393741977608936","data":{"date":"2025-08-12 20:49:46","eid":"E45756448202508122349o5yFO4P5sEe","amount":"20","name":"Nalberti Rezende Costa","cpf":"4869075202","bankname":"null","payBank":"","payCpf":"","pixkey":"04869075202","account":"750249211","status":"done","order":"A20250812204940935023N9EbG27m2"},"sign":"D09702C9E342CBB549DAC536E086C7B3"}

【2025-08-12 20:56:28】
P2025081219283137711925656----提交：{"custId":"24120300001308","appId":"8241201350","order":"P2025081219283137711925656","sign":"331E7337B587B15D3831591F435AF8BA"}

【2025-08-12 20:56:28】
P2025081219283137711925656----返回：{"code":"000000","msg":"P2025081219283137711925656","data":{"date":"2025-08-12 19:28:45","eid":"E37205447202508122228328225203af","amount":"100","name":"Paulo Henrique Gonçalves Silva","cpf":"07559903665","bankname":"ORBION GAMING LTDA","payBank":"","payCpf":"","pixkey":"07559903665","account":"18236120","status":"done","order":"A20250812192832853547T8Bn4SJiu"},"sign":"DFBDF51650C2AB5712873AF1B5B251CA"}

【2025-08-12 20:56:46】
P2025081219283137711925656----提交：{"custId":"24120300001308","appId":"8241201350","order":"P2025081219283137711925656","sign":"331E7337B587B15D3831591F435AF8BA"}

【2025-08-12 20:56:46】
P2025081219283137711925656----返回：{"code":"000000","msg":"P2025081219283137711925656","data":{"date":"2025-08-12 19:28:45","eid":"E37205447202508122228328225203af","amount":"100","name":"Paulo Henrique Gonçalves Silva","cpf":"07559903665","bankname":"ORBION GAMING LTDA","payBank":"","payCpf":"","pixkey":"07559903665","account":"18236120","status":"done","order":"A20250812192832853547T8Bn4SJiu"},"sign":"DFBDF51650C2AB5712873AF1B5B251CA"}

