【2025-08-12 11:01:06】
P2025081114174832668352701----提交：{"custId":"24120300001308","appId":"8241201350","order":"P2025081114174832668352701","sign":"4A278A8C874AB23384AD71FF0C9EE85C"}

【2025-08-12 11:01:06】
P2025081114174832668352701----返回：{"code":"000000","msg":"P2025081114174832668352701","data":{"date":"2025-08-11 14:19:07","eid":"E37205447202508111719037833900aa","amount":"5514","name":"Juliana Maria da Silva Miranda","cpf":"14886907741","bankname":"ORBION GAMING LTDA","payBank":"","payCpf":"","pixkey":"21999078668","account":"18236120","status":"done","order":"A20250811141902076658angzPZLtI"},"sign":"B2ECC996289DAAFA6951AB270F6775CD"}

【2025-08-12 11:05:42】
P2025081014315547115796227----提交：{"custId":"24120300001308","appId":"8241201350","order":"P2025081014315547115796227","sign":"8541CD9B99441495F57BD4FAE26E6D89"}

【2025-08-12 11:05:42】
P2025081014315547115796227----返回：{"code":"000000","msg":"P2025081014315547115796227","data":{"date":"2025-08-10 14:31:57","eid":"E3720544720250810173156019fc4fb4","amount":"34","name":"Gustavo dos Santos","cpf":"14857147700","bankname":"ORBION GAMING LTDA","payBank":"","payCpf":"","pixkey":"17976056947","account":"18236120","status":"done","order":"A20250810143155370285Y4G4HtJRd"},"sign":"16D5BD79743CD99D9009AA815699D791"}

【2025-08-12 11:05:52】
P2025081114174832668352701----提交：{"custId":"24120300001308","appId":"8241201350","order":"P2025081114174832668352701","sign":"4A278A8C874AB23384AD71FF0C9EE85C"}

【2025-08-12 11:05:52】
P2025081114174832668352701----返回：{"code":"000000","msg":"P2025081114174832668352701","data":{"date":"2025-08-11 14:19:07","eid":"E37205447202508111719037833900aa","amount":"5514","name":"Juliana Maria da Silva Miranda","cpf":"14886907741","bankname":"ORBION GAMING LTDA","payBank":"","payCpf":"","pixkey":"21999078668","account":"18236120","status":"done","order":"A20250811141902076658angzPZLtI"},"sign":"B2ECC996289DAAFA6951AB270F6775CD"}

【2025-08-12 11:11:12】
P2025081211102807828413599----提交：{"custId":"24120300001308","appId":"8241201350","order":"P2025081211102807828413599","sign":"35DF67539E54E5BE78CE44EDB9EA2655"}

【2025-08-12 11:11:12】
P2025081211102807828413599----返回：{"code":"000000","msg":"P2025081211102807828413599","data":{"date":"2025-08-12 11:10:32","eid":"E37205447202508121410284965ce290","amount":"20","name":"INGRID RODRIGUES DE JESUS LINS","cpf":"11765265452","bankname":"ORBION GAMING LTDA","payBank":"","payCpf":"","pixkey":"82991964554","account":"31872495","status":"done","order":"A20250812111028739152gF18YNa54"},"sign":"7ED24D3619C8FAAF7FF067DBAFB30CE2"}

【2025-08-12 11:29:23】
P2025081122471163231658268----提交：{"custId":"24120300001308","appId":"8241201350","order":"P2025081122471163231658268","sign":"D7B75CFF7EFCBE54580B5EBAD9387958"}

【2025-08-12 11:29:23】
P2025081122471163231658268----返回：{"code":"000000","msg":"P2025081122471163231658268","data":{"date":"2025-08-11 22:47:17","eid":"E457564482025081201471KYY1FHRAUy","amount":"100","name":"NELSON LUIZ DA SILVA PEREIRA","cpf":"88311937753","bankname":"null","payBank":"","payCpf":"","pixkey":"21982180629","account":"207931631","status":"done","order":"A202508112247126801442SCsaf7R9"},"sign":"DA32765CEC6961D809EC6E5C5B9B3F2E"}

【2025-08-12 11:31:14】
P2025081122471163231658268----提交：{"custId":"24120300001308","appId":"8241201350","order":"P2025081122471163231658268","sign":"D7B75CFF7EFCBE54580B5EBAD9387958"}

【2025-08-12 11:31:14】
P2025081122471163231658268----返回：{"code":"000000","msg":"P2025081122471163231658268","data":{"date":"2025-08-11 22:47:17","eid":"E457564482025081201471KYY1FHRAUy","amount":"100","name":"NELSON LUIZ DA SILVA PEREIRA","cpf":"88311937753","bankname":"null","payBank":"","payCpf":"","pixkey":"21982180629","account":"207931631","status":"done","order":"A202508112247126801442SCsaf7R9"},"sign":"DA32765CEC6961D809EC6E5C5B9B3F2E"}

【2025-08-12 11:31:16】
P2025081122471163231658268----提交：{"custId":"24120300001308","appId":"8241201350","order":"P2025081122471163231658268","sign":"D7B75CFF7EFCBE54580B5EBAD9387958"}

【2025-08-12 11:31:16】
P2025081122471163231658268----返回：{"code":"000000","msg":"P2025081122471163231658268","data":{"date":"2025-08-11 22:47:17","eid":"E457564482025081201471KYY1FHRAUy","amount":"100","name":"NELSON LUIZ DA SILVA PEREIRA","cpf":"88311937753","bankname":"null","payBank":"","payCpf":"","pixkey":"21982180629","account":"207931631","status":"done","order":"A202508112247126801442SCsaf7R9"},"sign":"DA32765CEC6961D809EC6E5C5B9B3F2E"}

【2025-08-12 11:31:35】
P2025081122471163231658268----提交：{"custId":"24120300001308","appId":"8241201350","order":"P2025081122471163231658268","sign":"D7B75CFF7EFCBE54580B5EBAD9387958"}

【2025-08-12 11:31:35】
P2025081122471163231658268----返回：{"code":"000000","msg":"P2025081122471163231658268","data":{"date":"2025-08-11 22:47:17","eid":"E457564482025081201471KYY1FHRAUy","amount":"100","name":"NELSON LUIZ DA SILVA PEREIRA","cpf":"88311937753","bankname":"null","payBank":"","payCpf":"","pixkey":"21982180629","account":"207931631","status":"done","order":"A202508112247126801442SCsaf7R9"},"sign":"DA32765CEC6961D809EC6E5C5B9B3F2E"}

【2025-08-12 11:31:38】
P2025081122471163231658268----提交：{"custId":"24120300001308","appId":"8241201350","order":"P2025081122471163231658268","sign":"D7B75CFF7EFCBE54580B5EBAD9387958"}

【2025-08-12 11:31:38】
P2025081122471163231658268----返回：{"code":"000000","msg":"P2025081122471163231658268","data":{"date":"2025-08-11 22:47:17","eid":"E457564482025081201471KYY1FHRAUy","amount":"100","name":"NELSON LUIZ DA SILVA PEREIRA","cpf":"88311937753","bankname":"null","payBank":"","payCpf":"","pixkey":"21982180629","account":"207931631","status":"done","order":"A202508112247126801442SCsaf7R9"},"sign":"DA32765CEC6961D809EC6E5C5B9B3F2E"}

【2025-08-12 11:31:50】
P2025081122471163231658268----提交：{"custId":"24120300001308","appId":"8241201350","order":"P2025081122471163231658268","sign":"D7B75CFF7EFCBE54580B5EBAD9387958"}

【2025-08-12 11:31:51】
P2025081122471163231658268----返回：{"code":"000000","msg":"P2025081122471163231658268","data":{"date":"2025-08-11 22:47:17","eid":"E457564482025081201471KYY1FHRAUy","amount":"100","name":"NELSON LUIZ DA SILVA PEREIRA","cpf":"88311937753","bankname":"null","payBank":"","payCpf":"","pixkey":"21982180629","account":"207931631","status":"done","order":"A202508112247126801442SCsaf7R9"},"sign":"DA32765CEC6961D809EC6E5C5B9B3F2E"}

【2025-08-12 11:31:58】
P2025081122471163231658268----提交：{"custId":"24120300001308","appId":"8241201350","order":"P2025081122471163231658268","sign":"D7B75CFF7EFCBE54580B5EBAD9387958"}

【2025-08-12 11:31:58】
P2025081122471163231658268----返回：{"code":"000000","msg":"P2025081122471163231658268","data":{"date":"2025-08-11 22:47:17","eid":"E457564482025081201471KYY1FHRAUy","amount":"100","name":"NELSON LUIZ DA SILVA PEREIRA","cpf":"88311937753","bankname":"null","payBank":"","payCpf":"","pixkey":"21982180629","account":"207931631","status":"done","order":"A202508112247126801442SCsaf7R9"},"sign":"DA32765CEC6961D809EC6E5C5B9B3F2E"}

【2025-08-12 11:31:59】
P2025081122471163231658268----提交：{"custId":"24120300001308","appId":"8241201350","order":"P2025081122471163231658268","sign":"D7B75CFF7EFCBE54580B5EBAD9387958"}

【2025-08-12 11:31:59】
P2025081122471163231658268----返回：{"code":"000000","msg":"P2025081122471163231658268","data":{"date":"2025-08-11 22:47:17","eid":"E457564482025081201471KYY1FHRAUy","amount":"100","name":"NELSON LUIZ DA SILVA PEREIRA","cpf":"88311937753","bankname":"null","payBank":"","payCpf":"","pixkey":"21982180629","account":"207931631","status":"done","order":"A202508112247126801442SCsaf7R9"},"sign":"DA32765CEC6961D809EC6E5C5B9B3F2E"}

【2025-08-12 11:32:05】
P2025081122471163231658268----提交：{"custId":"24120300001308","appId":"8241201350","order":"P2025081122471163231658268","sign":"D7B75CFF7EFCBE54580B5EBAD9387958"}

【2025-08-12 11:32:05】
P2025081122471163231658268----返回：{"code":"000000","msg":"P2025081122471163231658268","data":{"date":"2025-08-11 22:47:17","eid":"E457564482025081201471KYY1FHRAUy","amount":"100","name":"NELSON LUIZ DA SILVA PEREIRA","cpf":"88311937753","bankname":"null","payBank":"","payCpf":"","pixkey":"21982180629","account":"207931631","status":"done","order":"A202508112247126801442SCsaf7R9"},"sign":"DA32765CEC6961D809EC6E5C5B9B3F2E"}

【2025-08-12 11:32:15】
P2025081122471163231658268----提交：{"custId":"24120300001308","appId":"8241201350","order":"P2025081122471163231658268","sign":"D7B75CFF7EFCBE54580B5EBAD9387958"}

【2025-08-12 11:32:15】
P2025081122471163231658268----返回：{"code":"000000","msg":"P2025081122471163231658268","data":{"date":"2025-08-11 22:47:17","eid":"E457564482025081201471KYY1FHRAUy","amount":"100","name":"NELSON LUIZ DA SILVA PEREIRA","cpf":"88311937753","bankname":"null","payBank":"","payCpf":"","pixkey":"21982180629","account":"207931631","status":"done","order":"A202508112247126801442SCsaf7R9"},"sign":"DA32765CEC6961D809EC6E5C5B9B3F2E"}

【2025-08-12 11:38:02】
P2025081209371002230011794----提交：{"custId":"24120300001308","appId":"8241201350","order":"P2025081209371002230011794","sign":"1A39624F597379377A7598FA7D8B8ECF"}

【2025-08-12 11:38:02】
P2025081209371002230011794----返回：{"code":"000000","msg":"P2025081209371002230011794","data":{"date":"2025-08-12 09:37:14","eid":"E37205447202508121237112922e16d8","amount":"15","name":"Maria Antonia Sombra Amorim","cpf":"63239478382","bankname":"ORBION GAMING LTDA","payBank":"","payCpf":"","pixkey":"63239478382","account":"18236120","status":"done","order":"A20250812093710014012JA4dB3BAJ"},"sign":"947CC68E7CC9EB70509B41A9515A06BC"}

【2025-08-12 11:39:48】
P2025081122471163231658268----提交：{"custId":"24120300001308","appId":"8241201350","order":"P2025081122471163231658268","sign":"D7B75CFF7EFCBE54580B5EBAD9387958"}

【2025-08-12 11:39:48】
P2025081122471163231658268----返回：{"code":"000000","msg":"P2025081122471163231658268","data":{"date":"2025-08-11 22:47:17","eid":"E457564482025081201471KYY1FHRAUy","amount":"100","name":"NELSON LUIZ DA SILVA PEREIRA","cpf":"88311937753","bankname":"null","payBank":"","payCpf":"","pixkey":"21982180629","account":"207931631","status":"done","order":"A202508112247126801442SCsaf7R9"},"sign":"DA32765CEC6961D809EC6E5C5B9B3F2E"}

【2025-08-12 11:41:17】
P2025081122471163231658268----提交：{"custId":"24120300001308","appId":"8241201350","order":"P2025081122471163231658268","sign":"D7B75CFF7EFCBE54580B5EBAD9387958"}

【2025-08-12 11:41:17】
P2025081122471163231658268----返回：{"code":"000000","msg":"P2025081122471163231658268","data":{"date":"2025-08-11 22:47:17","eid":"E457564482025081201471KYY1FHRAUy","amount":"100","name":"NELSON LUIZ DA SILVA PEREIRA","cpf":"88311937753","bankname":"null","payBank":"","payCpf":"","pixkey":"21982180629","account":"207931631","status":"done","order":"A202508112247126801442SCsaf7R9"},"sign":"DA32765CEC6961D809EC6E5C5B9B3F2E"}

【2025-08-12 11:41:23】
P2025081122471163231658268----提交：{"custId":"24120300001308","appId":"8241201350","order":"P2025081122471163231658268","sign":"D7B75CFF7EFCBE54580B5EBAD9387958"}

【2025-08-12 11:41:23】
P2025081122471163231658268----返回：{"code":"000000","msg":"P2025081122471163231658268","data":{"date":"2025-08-11 22:47:17","eid":"E457564482025081201471KYY1FHRAUy","amount":"100","name":"NELSON LUIZ DA SILVA PEREIRA","cpf":"88311937753","bankname":"null","payBank":"","payCpf":"","pixkey":"21982180629","account":"207931631","status":"done","order":"A202508112247126801442SCsaf7R9"},"sign":"DA32765CEC6961D809EC6E5C5B9B3F2E"}

【2025-08-12 11:41:27】
P2025081122471163231658268----提交：{"custId":"24120300001308","appId":"8241201350","order":"P2025081122471163231658268","sign":"D7B75CFF7EFCBE54580B5EBAD9387958"}

【2025-08-12 11:41:27】
P2025081122471163231658268----返回：{"code":"000000","msg":"P2025081122471163231658268","data":{"date":"2025-08-11 22:47:17","eid":"E457564482025081201471KYY1FHRAUy","amount":"100","name":"NELSON LUIZ DA SILVA PEREIRA","cpf":"88311937753","bankname":"null","payBank":"","payCpf":"","pixkey":"21982180629","account":"207931631","status":"done","order":"A202508112247126801442SCsaf7R9"},"sign":"DA32765CEC6961D809EC6E5C5B9B3F2E"}

【2025-08-12 11:44:04】
P2025062813530329583845289----提交：{"custId":"24120300001308","appId":"8241201350","order":"P2025062813530329583845289","sign":"20E59DEFC0483D500DC0B26EBF306631"}

【2025-08-12 11:44:04】
P2025062813530329583845289----返回：{"code":"000000","msg":"P2025062813530329583845289","data":{"date":"2025-06-28 13:54:11","eid":"E14483955202506281654JCPHO50ZG83","amount":"20","name":"EMERSON FERREIRA COSTA","cpf":"***.647.432-**","bankname":"60746948","payBank":"","payCpf":"","pixkey":"ec7739695@gmail.com","account":"ec7739695@gmail.com","status":"done","order":"A20250628135401574153B1icKnTTz"},"sign":"C9F502F76B8F51388360CACC2AD0C248"}

【2025-08-12 11:47:48】
P2025081122471163231658268----提交：{"custId":"24120300001308","appId":"8241201350","order":"P2025081122471163231658268","sign":"D7B75CFF7EFCBE54580B5EBAD9387958"}

【2025-08-12 11:47:48】
P2025081122471163231658268----返回：{"code":"000000","msg":"P2025081122471163231658268","data":{"date":"2025-08-11 22:47:17","eid":"E457564482025081201471KYY1FHRAUy","amount":"100","name":"NELSON LUIZ DA SILVA PEREIRA","cpf":"88311937753","bankname":"null","payBank":"","payCpf":"","pixkey":"21982180629","account":"207931631","status":"done","order":"A202508112247126801442SCsaf7R9"},"sign":"DA32765CEC6961D809EC6E5C5B9B3F2E"}

【2025-08-12 11:47:53】
P2025081211443209872924669----提交：{"custId":"24120300001308","appId":"8241201350","order":"P2025081211443209872924669","sign":"0F774ABDD9DD3814CC1B88259DE8892D"}

【2025-08-12 11:47:53】
P2025081211443209872924669----返回：{"code":"000000","msg":"P2025081211443209872924669","data":{"date":"2025-08-12 11:44:36","eid":"E37205447202508121444324991cd80c","amount":"200","name":"MARLI ROSENILDA DE OLIVEIRA","cpf":"21788729803","bankname":"ORBION GAMING LTDA","payBank":"","payCpf":"","pixkey":"13996913458","account":"22896431","status":"done","order":"A20250812114432933041XvmwmqSDJ"},"sign":"BCE43FAA2D0FFF004BF7448B0716291F"}

【2025-08-12 11:47:56】
P2025081211443209872924669----提交：{"custId":"24120300001308","appId":"8241201350","order":"P2025081211443209872924669","sign":"0F774ABDD9DD3814CC1B88259DE8892D"}

【2025-08-12 11:47:56】
P2025081211443209872924669----返回：{"code":"000000","msg":"P2025081211443209872924669","data":{"date":"2025-08-12 11:44:36","eid":"E37205447202508121444324991cd80c","amount":"200","name":"MARLI ROSENILDA DE OLIVEIRA","cpf":"21788729803","bankname":"ORBION GAMING LTDA","payBank":"","payCpf":"","pixkey":"13996913458","account":"22896431","status":"done","order":"A20250812114432933041XvmwmqSDJ"},"sign":"BCE43FAA2D0FFF004BF7448B0716291F"}

【2025-08-12 11:51:38】
P2025081207283394513367488----提交：{"custId":"24120300001308","appId":"8241201350","order":"P2025081207283394513367488","sign":"723A15EF5B0CFEA57EC8184375F50225"}

【2025-08-12 11:51:39】
P2025081207283394513367488----返回：{"code":"000000","msg":"P2025081207283394513367488","data":{"date":"2025-08-12 07:28:35","eid":"E37205447202508121028336336602b1","amount":"160","name":"LUCILENE AMORIM DA SILVA","cpf":"02600094903","bankname":"ORBION GAMING LTDA","payBank":"","payCpf":"","pixkey":"02600094903","account":"00000000","status":"done","order":"A202508120728338665557KLLUiVvs"},"sign":"D2C540EB4E7BCD5FF9B7C4FB8E290715"}

【2025-08-12 11:51:43】
P2025081207283394513367488----提交：{"custId":"24120300001308","appId":"8241201350","order":"P2025081207283394513367488","sign":"723A15EF5B0CFEA57EC8184375F50225"}

【2025-08-12 11:51:43】
P2025081207283394513367488----返回：{"code":"000000","msg":"P2025081207283394513367488","data":{"date":"2025-08-12 07:28:35","eid":"E37205447202508121028336336602b1","amount":"160","name":"LUCILENE AMORIM DA SILVA","cpf":"02600094903","bankname":"ORBION GAMING LTDA","payBank":"","payCpf":"","pixkey":"02600094903","account":"00000000","status":"done","order":"A202508120728338665557KLLUiVvs"},"sign":"D2C540EB4E7BCD5FF9B7C4FB8E290715"}

