【2025-08-12 05:38:59】
P2025081205383487914365952----提交：{"custId":"24120300001308","appId":"8241201350","order":"P2025081205383487914365952","sign":"A131BB51EC794A14F08CF3E32D5EFF49"}

【2025-08-12 05:38:59】
P2025081205383487914365952----返回：{"code":"000000","msg":"P2025081205383487914365952","data":{"date":"2025-08-12 05:38:38","eid":"E3720544720250812083835069b472fc","amount":"30","name":"Joao Batista Santos Gomes","cpf":"09938512402","bankname":"ORBION GAMING LTDA","payBank":"","payCpf":"","pixkey":"09938512402","account":"22896431","status":"done","order":"A20250812053834011774vQsblAJNU"},"sign":"82F1D569CAC44DC0D28917C6B99C7F91"}

【2025-08-12 05:39:07】
P2025081205383487914365952----提交：{"custId":"24120300001308","appId":"8241201350","order":"P2025081205383487914365952","sign":"A131BB51EC794A14F08CF3E32D5EFF49"}

【2025-08-12 05:39:07】
P2025081205383487914365952----返回：{"code":"000000","msg":"P2025081205383487914365952","data":{"date":"2025-08-12 05:38:38","eid":"E3720544720250812083835069b472fc","amount":"30","name":"Joao Batista Santos Gomes","cpf":"09938512402","bankname":"ORBION GAMING LTDA","payBank":"","payCpf":"","pixkey":"09938512402","account":"22896431","status":"done","order":"A20250812053834011774vQsblAJNU"},"sign":"82F1D569CAC44DC0D28917C6B99C7F91"}

【2025-08-12 05:43:44】
P2025081123244765487693048----提交：{"custId":"24120300001308","appId":"8241201350","order":"P2025081123244765487693048","sign":"667095B879F1ED813384050DF6B96B61"}

【2025-08-12 05:43:44】
P2025081123244765487693048----返回：{"code":"000000","msg":"P2025081123244765487693048","data":{"date":"2025-08-11 23:24:53","eid":"E45756448202508120224hzyiAjR4xEO","amount":"98","name":"Flavio Henrique Teixeira Simoes Burgo","cpf":"9273539114","bankname":"null","payBank":"","payCpf":"","pixkey":"09273539114","account":"7085896041","status":"done","order":"A20250811232447545212CXSg5N2k5"},"sign":"67C5EC9532BC3A689E29372FF1777367"}

【2025-08-12 05:52:22】
P2025081205502888628525093----提交：{"custId":"24120300001308","appId":"8241201350","order":"P2025081205502888628525093","sign":"FC8719ABA9CDA6AD1BDC23EAC5C438BE"}

【2025-08-12 05:52:22】
P2025081205502888628525093----返回：{"code":"000000","msg":"P2025081205502888628525093","data":{"date":"2025-08-12 05:52:11","eid":"E37205447202508120852085748ead1f","amount":"10000","name":"JAILTON ALVES DE SOUZA","cpf":"78433380206","bankname":"ORBION GAMING LTDA","payBank":"","payCpf":"","pixkey":"78433380206","account":"00000000","status":"done","order":"A20250812055201331044S6y4ibUfe"},"sign":"80FC242BA8AD71A1F6020D16F4E9DC1A"}

【2025-08-12 05:52:28】
P2025081205502888628525093----提交：{"custId":"24120300001308","appId":"8241201350","order":"P2025081205502888628525093","sign":"FC8719ABA9CDA6AD1BDC23EAC5C438BE"}

【2025-08-12 05:52:28】
P2025081205502888628525093----返回：{"code":"000000","msg":"P2025081205502888628525093","data":{"date":"2025-08-12 05:52:11","eid":"E37205447202508120852085748ead1f","amount":"10000","name":"JAILTON ALVES DE SOUZA","cpf":"78433380206","bankname":"ORBION GAMING LTDA","payBank":"","payCpf":"","pixkey":"78433380206","account":"00000000","status":"done","order":"A20250812055201331044S6y4ibUfe"},"sign":"80FC242BA8AD71A1F6020D16F4E9DC1A"}

