【2025-08-12 02:12:56】
P2025081202105175451814148----提交：{"custId":"24120300001308","appId":"8241201350","order":"P2025081202105175451814148","sign":"3475A8EBE886AF3E8CE2A3238FCF52DB"}

【2025-08-12 02:12:56】
P2025081202105175451814148----返回：{"code":"000000","msg":"P2025081202105175451814148","data":{"date":"2025-08-12 02:11:00","eid":"E3720544720250812051051433bd6d3c","amount":200,"name":"MARIA HELENA BATISTA FERREIRA","cpf":"03748798695","bankname":"ORBION GAMING LTDA","payBank":"","payCpf":"","pixkey":"03748798695","account":"24313102","status":"done","order":"A20250812021051270900BcQvKhxeh"},"sign":"C70F58AA7D32FE7774A31586A29B38C8"}

【2025-08-12 02:12:58】
P2025081202105175451814148----提交：{"custId":"24120300001308","appId":"8241201350","order":"P2025081202105175451814148","sign":"3475A8EBE886AF3E8CE2A3238FCF52DB"}

【2025-08-12 02:12:58】
P2025081202105175451814148----返回：{"code":"000000","msg":"P2025081202105175451814148","data":{"date":"2025-08-12 02:11:00","eid":"E3720544720250812051051433bd6d3c","amount":200,"name":"MARIA HELENA BATISTA FERREIRA","cpf":"03748798695","bankname":"ORBION GAMING LTDA","payBank":"","payCpf":"","pixkey":"03748798695","account":"24313102","status":"done","order":"A20250812021051270900BcQvKhxeh"},"sign":"C70F58AA7D32FE7774A31586A29B38C8"}

【2025-08-12 02:53:03】
P2025081202512377883022169----提交：{"custId":"24120300001308","appId":"8241201350","order":"P2025081202512377883022169","sign":"5AFE04204E87FA61EF7BAE6D6CC2D696"}

【2025-08-12 02:53:03】
P2025081202512377883022169----返回：{"code":"000000","msg":"P2025081202512377883022169","data":{"date":"2025-08-12 02:51:51","eid":"E372054472025081205515000092b660","amount":100,"name":"RAIANNY DE JESUS CASTRO PATROCINIO","cpf":"04602322239","bankname":"ORBION GAMING LTDA","payBank":"","payCpf":"","pixkey":"04602322239","account":"90400888","status":"done","order":"A20250812025123783515gxtk2sRwy"},"sign":"C08E4E7A1A66929A5B8F770362299C8E"}

【2025-08-12 02:53:06】
P2025081202512377883022169----提交：{"custId":"24120300001308","appId":"8241201350","order":"P2025081202512377883022169","sign":"5AFE04204E87FA61EF7BAE6D6CC2D696"}

【2025-08-12 02:53:06】
P2025081202512377883022169----返回：{"code":"000000","msg":"P2025081202512377883022169","data":{"date":"2025-08-12 02:51:51","eid":"E372054472025081205515000092b660","amount":100,"name":"RAIANNY DE JESUS CASTRO PATROCINIO","cpf":"04602322239","bankname":"ORBION GAMING LTDA","payBank":"","payCpf":"","pixkey":"04602322239","account":"90400888","status":"done","order":"A20250812025123783515gxtk2sRwy"},"sign":"C08E4E7A1A66929A5B8F770362299C8E"}

【2025-08-12 02:53:25】
P2025081202465977619279923----提交：{"custId":"24120300001308","appId":"8241201350","order":"P2025081202465977619279923","sign":"366CE347494B756079F11E296AB4E8CC"}

【2025-08-12 02:53:25】
P2025081202465977619279923----返回：{"code":"000000","msg":"P2025081202465977619279923","data":{"date":"2025-08-12 02:47:02","eid":"E37205447202508120546598434daaea","amount":100,"name":"RAIANNY DE JESUS CASTRO PATROCINIO","cpf":"04602322239","bankname":"ORBION GAMING LTDA","payBank":"","payCpf":"","pixkey":"04602322239","account":"90400888","status":"done","order":"A20250812024659669115cuNMpqpc2"},"sign":"8B61B4222ECB073987A808CD7A96AA6D"}

【2025-08-12 02:53:27】
P2025081202465977619279923----提交：{"custId":"24120300001308","appId":"8241201350","order":"P2025081202465977619279923","sign":"366CE347494B756079F11E296AB4E8CC"}

【2025-08-12 02:53:27】
P2025081202465977619279923----返回：{"code":"000000","msg":"P2025081202465977619279923","data":{"date":"2025-08-12 02:47:02","eid":"E37205447202508120546598434daaea","amount":100,"name":"RAIANNY DE JESUS CASTRO PATROCINIO","cpf":"04602322239","bankname":"ORBION GAMING LTDA","payBank":"","payCpf":"","pixkey":"04602322239","account":"90400888","status":"done","order":"A20250812024659669115cuNMpqpc2"},"sign":"8B61B4222ECB073987A808CD7A96AA6D"}

