【2025-08-12 15:02:19】
P2025081213220515725062441----提交：{"custId":"24120300001308","appId":"8241201350","order":"P2025081213220515725062441","sign":"B4BEBDA4F5640BD4EA70D5E14224F9B1"}

【2025-08-12 15:02:19】
P2025081213220515725062441----返回：{"code":"000000","msg":"P2025081213220515725062441","data":{"date":"2025-08-12 13:22:08","eid":"E3720544720250812162205618ad9134","amount":"20","name":"WELLINGTON FIGUEREDO DE LIMA","cpf":"53198683831","bankname":"ORBION GAMING LTDA","payBank":"","payCpf":"","pixkey":"53198683831","account":"00360305","status":"done","order":"A202508121322051087069GJ9h3D1R"},"sign":"184F796574CA7272675A3E449EE3079F"}

【2025-08-12 15:02:24】
P2025081213220515725062441----提交：{"custId":"24120300001308","appId":"8241201350","order":"P2025081213220515725062441","sign":"B4BEBDA4F5640BD4EA70D5E14224F9B1"}

【2025-08-12 15:02:24】
P2025081213220515725062441----返回：{"code":"000000","msg":"P2025081213220515725062441","data":{"date":"2025-08-12 13:22:08","eid":"E3720544720250812162205618ad9134","amount":"20","name":"WELLINGTON FIGUEREDO DE LIMA","cpf":"53198683831","bankname":"ORBION GAMING LTDA","payBank":"","payCpf":"","pixkey":"53198683831","account":"00360305","status":"done","order":"A202508121322051087069GJ9h3D1R"},"sign":"184F796574CA7272675A3E449EE3079F"}

【2025-08-12 15:28:43】
P2025062813530329583845289----提交：{"custId":"24120300001308","appId":"8241201350","order":"P2025062813530329583845289","sign":"20E59DEFC0483D500DC0B26EBF306631"}

【2025-08-12 15:28:43】
P2025062813530329583845289----返回：{"code":"000000","msg":"P2025062813530329583845289","data":{"date":"2025-06-28 13:54:11","eid":"E14483955202506281654JCPHO50ZG83","amount":"20","name":"EMERSON FERREIRA COSTA","cpf":"***.647.432-**","bankname":"60746948","payBank":"","payCpf":"","pixkey":"ec7739695@gmail.com","account":"ec7739695@gmail.com","status":"done","order":"A20250628135401574153B1icKnTTz"},"sign":"C9F502F76B8F51388360CACC2AD0C248"}

【2025-08-12 15:50:21】
P2025081214472820848171883----提交：{"custId":"24120300001308","appId":"8241201350","order":"P2025081214472820848171883","sign":"FB17FCB4B69C71DF48C289DF69B50C58"}

【2025-08-12 15:50:21】
P2025081214472820848171883----返回：{"code":"000000","msg":"P2025081214472820848171883","data":{"date":"2025-08-12 14:47:32","eid":"E37205447202508121747294567671a2","amount":"50","name":"Maria Luiza Matias Velemen Barreto","cpf":"20344906736","bankname":"ORBION GAMING LTDA","payBank":"","payCpf":"","pixkey":"22997022960","account":"22896431","status":"done","order":"A20250812144728115745Z9q4Ezgbi"},"sign":"91BCE24A3DBAF7A648B01B8CCF386D17"}

【2025-08-12 15:50:23】
P2025081214472820848171883----提交：{"custId":"24120300001308","appId":"8241201350","order":"P2025081214472820848171883","sign":"FB17FCB4B69C71DF48C289DF69B50C58"}

【2025-08-12 15:50:23】
P2025081214472820848171883----返回：{"code":"000000","msg":"P2025081214472820848171883","data":{"date":"2025-08-12 14:47:32","eid":"E37205447202508121747294567671a2","amount":"50","name":"Maria Luiza Matias Velemen Barreto","cpf":"20344906736","bankname":"ORBION GAMING LTDA","payBank":"","payCpf":"","pixkey":"22997022960","account":"22896431","status":"done","order":"A20250812144728115745Z9q4Ezgbi"},"sign":"91BCE24A3DBAF7A648B01B8CCF386D17"}

【2025-08-12 15:52:11】
P2025081215005721657096134----提交：{"custId":"24120300001308","appId":"8241201350","order":"P2025081215005721657096134","sign":"71CB95217547CF0A2D27E192A5893063"}

【2025-08-12 15:52:12】
P2025081215005721657096134----返回：{"code":"000000","msg":"P2025081215005721657096134","data":{"date":"2025-08-12 15:51:46","eid":"E37205447202508121851438593b38f2","amount":"450","name":"ORIZALBA GONCALVES DA SILVA","cpf":"05218340901","bankname":"ORBION GAMING LTDA","payBank":"","payCpf":"","pixkey":"05218340901","account":"08561701","status":"done","order":"A202508121551436380071BqQ6Vnm2"},"sign":"793C8B15076A407CC86E3C6B5F3D20C6"}

【2025-08-12 15:52:14】
P2025081215005721657096134----提交：{"custId":"24120300001308","appId":"8241201350","order":"P2025081215005721657096134","sign":"71CB95217547CF0A2D27E192A5893063"}

【2025-08-12 15:52:14】
P2025081215005721657096134----返回：{"code":"000000","msg":"P2025081215005721657096134","data":{"date":"2025-08-12 15:51:46","eid":"E37205447202508121851438593b38f2","amount":"450","name":"ORIZALBA GONCALVES DA SILVA","cpf":"05218340901","bankname":"ORBION GAMING LTDA","payBank":"","payCpf":"","pixkey":"05218340901","account":"08561701","status":"done","order":"A202508121551436380071BqQ6Vnm2"},"sign":"793C8B15076A407CC86E3C6B5F3D20C6"}

【2025-08-12 15:53:20】
P2025081215005721657096134----提交：{"custId":"24120300001308","appId":"8241201350","order":"P2025081215005721657096134","sign":"71CB95217547CF0A2D27E192A5893063"}

【2025-08-12 15:53:21】
P2025081215005721657096134----返回：{"code":"000000","msg":"P2025081215005721657096134","data":{"date":"2025-08-12 15:51:46","eid":"E37205447202508121851438593b38f2","amount":"450","name":"ORIZALBA GONCALVES DA SILVA","cpf":"05218340901","bankname":"ORBION GAMING LTDA","payBank":"","payCpf":"","pixkey":"05218340901","account":"08561701","status":"done","order":"A202508121551436380071BqQ6Vnm2"},"sign":"793C8B15076A407CC86E3C6B5F3D20C6"}

【2025-08-12 15:53:23】
P2025081215530124781834765----提交：{"custId":"24120300001308","appId":"8241201350","order":"P2025081215530124781834765","sign":"7A5A4D945CD5E76175F4D2BF29DFE6FA"}

【2025-08-12 15:53:23】
P2025081215530124781834765----返回：{"code":"000000","msg":"P2025081215530124781834765","data":{"date":"2025-08-12 15:53:06","eid":"E3720544720250812185303070c6b4a2","amount":"10","name":"RAFAEL DA CUNHA FERREIRA","cpf":"03105855114","bankname":"ORBION GAMING LTDA","payBank":"","payCpf":"","pixkey":"03105855114","account":"60701190","status":"done","order":"A20250812155302906471CfjkU4Xi6"},"sign":"A3788C93B541DD533E0393B6E7C7DBF4"}

【2025-08-12 15:53:26】
P2025081215530124781834765----提交：{"custId":"24120300001308","appId":"8241201350","order":"P2025081215530124781834765","sign":"7A5A4D945CD5E76175F4D2BF29DFE6FA"}

【2025-08-12 15:53:27】
P2025081215530124781834765----返回：{"code":"000000","msg":"P2025081215530124781834765","data":{"date":"2025-08-12 15:53:06","eid":"E3720544720250812185303070c6b4a2","amount":"10","name":"RAFAEL DA CUNHA FERREIRA","cpf":"03105855114","bankname":"ORBION GAMING LTDA","payBank":"","payCpf":"","pixkey":"03105855114","account":"60701190","status":"done","order":"A20250812155302906471CfjkU4Xi6"},"sign":"A3788C93B541DD533E0393B6E7C7DBF4"}

【2025-08-12 15:53:37】
P2025081215005721657096134----提交：{"custId":"24120300001308","appId":"8241201350","order":"P2025081215005721657096134","sign":"71CB95217547CF0A2D27E192A5893063"}

【2025-08-12 15:53:38】
P2025081215005721657096134----返回：{"code":"000000","msg":"P2025081215005721657096134","data":{"date":"2025-08-12 15:51:46","eid":"E37205447202508121851438593b38f2","amount":"450","name":"ORIZALBA GONCALVES DA SILVA","cpf":"05218340901","bankname":"ORBION GAMING LTDA","payBank":"","payCpf":"","pixkey":"05218340901","account":"08561701","status":"done","order":"A202508121551436380071BqQ6Vnm2"},"sign":"793C8B15076A407CC86E3C6B5F3D20C6"}

