【2025-08-12 09:01:39】
P2025081208152697326932831----提交：{"custId":"24120300001308","appId":"8241201350","order":"P2025081208152697326932831","sign":"6797293EA293B167DE1140E86CC6BE45"}

【2025-08-12 09:01:39】
P2025081208152697326932831----返回：{"code":"000000","msg":"P2025081208152697326932831","data":{"date":"2025-08-12 08:15:30","eid":"E3720544720250812111526654c03cb2","amount":"300","name":"Victor Soares Ferreira","cpf":"13187912605","bankname":"ORBION GAMING LTDA","payBank":"","payCpf":"","pixkey":"13187912605","account":"18236120","status":"done","order":"A20250812081526792944NfpfAgzUU"},"sign":"312E08EA3F0DDBAF2564641AAE4B1C7D"}

【2025-08-12 09:01:41】
P2025081208152697326932831----提交：{"custId":"24120300001308","appId":"8241201350","order":"P2025081208152697326932831","sign":"6797293EA293B167DE1140E86CC6BE45"}

【2025-08-12 09:01:41】
P2025081208152697326932831----返回：{"code":"000000","msg":"P2025081208152697326932831","data":{"date":"2025-08-12 08:15:30","eid":"E3720544720250812111526654c03cb2","amount":"300","name":"Victor Soares Ferreira","cpf":"13187912605","bankname":"ORBION GAMING LTDA","payBank":"","payCpf":"","pixkey":"13187912605","account":"18236120","status":"done","order":"A20250812081526792944NfpfAgzUU"},"sign":"312E08EA3F0DDBAF2564641AAE4B1C7D"}

【2025-08-12 09:01:44】
P2025081208152697326932831----提交：{"custId":"24120300001308","appId":"8241201350","order":"P2025081208152697326932831","sign":"6797293EA293B167DE1140E86CC6BE45"}

【2025-08-12 09:01:44】
P2025081208152697326932831----返回：{"code":"000000","msg":"P2025081208152697326932831","data":{"date":"2025-08-12 08:15:30","eid":"E3720544720250812111526654c03cb2","amount":"300","name":"Victor Soares Ferreira","cpf":"13187912605","bankname":"ORBION GAMING LTDA","payBank":"","payCpf":"","pixkey":"13187912605","account":"18236120","status":"done","order":"A20250812081526792944NfpfAgzUU"},"sign":"312E08EA3F0DDBAF2564641AAE4B1C7D"}

【2025-08-12 09:04:10】
P2025081209032800208933060----提交：{"custId":"24120300001308","appId":"8241201350","order":"P2025081209032800208933060","sign":"9DD2935C530E18D8AA4AA03388862737"}

【2025-08-12 09:04:10】
P2025081209032800208933060----返回：{"code":"000000","msg":"P2025081209032800208933060","data":{"date":"2025-08-12 09:03:32","eid":"E3720544720250812120328501dfd762","amount":"70","name":"HELOISA DE OLIVEIRA","cpf":"46971889851","bankname":"ORBION GAMING LTDA","payBank":"","payCpf":"","pixkey":"46971889851","account":"22896431","status":"done","order":"A202508120903280307822BfYUxE5x"},"sign":"AC9910291EE865D1A4034413787DEB67"}

【2025-08-12 09:04:14】
P2025081209032800208933060----提交：{"custId":"24120300001308","appId":"8241201350","order":"P2025081209032800208933060","sign":"9DD2935C530E18D8AA4AA03388862737"}

【2025-08-12 09:04:14】
P2025081209032800208933060----返回：{"code":"000000","msg":"P2025081209032800208933060","data":{"date":"2025-08-12 09:03:32","eid":"E3720544720250812120328501dfd762","amount":"70","name":"HELOISA DE OLIVEIRA","cpf":"46971889851","bankname":"ORBION GAMING LTDA","payBank":"","payCpf":"","pixkey":"46971889851","account":"22896431","status":"done","order":"A202508120903280307822BfYUxE5x"},"sign":"AC9910291EE865D1A4034413787DEB67"}

【2025-08-12 09:11:03】
P2025081014223346553154747----提交：{"custId":"24120300001308","appId":"8241201350","order":"P2025081014223346553154747","sign":"5C2A6707A5D0B2DD2FB55C45FEAD2CE1"}

【2025-08-12 09:11:03】
P2025081014223346553154747----返回：{"code":"000000","msg":"P2025081014223346553154747","data":{"date":"2025-08-10 14:22:35","eid":"E3720544720250810172233618d88fa8","amount":"24","name":"Gustavo dos Santos","cpf":"14857147700","bankname":"ORBION GAMING LTDA","payBank":"","payCpf":"","pixkey":"69933001048","account":"18236120","status":"done","order":"A20250810142233831770sjJpNfxcD"},"sign":"BE1EFAF63A6B05A1127934A1DFD6522E"}

【2025-08-12 09:18:40】
P2025081010015330913035194----提交：{"custId":"24120300001308","appId":"8241201350","order":"P2025081010015330913035194","sign":"DB3EE6B3059EB9FFB39FAAC4FCDD1D99"}

【2025-08-12 09:18:41】
P2025081010015330913035194----返回：{"code":"000000","msg":"P2025081010015330913035194","data":{"date":"2025-08-10 10:01:55","eid":"E3720544720250810130153459e0135e","amount":"30","name":"JULIANA ALVES DE CASTRO","cpf":"05781373721","bankname":"ORBION GAMING LTDA","payBank":"","payCpf":"","pixkey":"05781373721","account":"08561701","status":"done","order":"A20250810100153930474Itjjlijhi"},"sign":"90094A72F2DB03FB4048034FA00447A2"}

【2025-08-12 09:18:47】
P2025081010015330913035194----提交：{"custId":"24120300001308","appId":"8241201350","order":"P2025081010015330913035194","sign":"DB3EE6B3059EB9FFB39FAAC4FCDD1D99"}

【2025-08-12 09:18:47】
P2025081010015330913035194----返回：{"code":"000000","msg":"P2025081010015330913035194","data":{"date":"2025-08-10 10:01:55","eid":"E3720544720250810130153459e0135e","amount":"30","name":"JULIANA ALVES DE CASTRO","cpf":"05781373721","bankname":"ORBION GAMING LTDA","payBank":"","payCpf":"","pixkey":"05781373721","account":"08561701","status":"done","order":"A20250810100153930474Itjjlijhi"},"sign":"90094A72F2DB03FB4048034FA00447A2"}

【2025-08-12 09:33:51】
P2025081209325601976328785----提交：{"custId":"24120300001308","appId":"8241201350","order":"P2025081209325601976328785","sign":"FBCE8282F3EBB3F476440412C81B3382"}

【2025-08-12 09:33:51】
P2025081209325601976328785----返回：{"code":"000000","msg":"P2025081209325601976328785","data":{"date":"2025-08-12 09:32:59","eid":"E3720544720250812123256506f86b5c","amount":"900","name":"MURILO REIS DA SILVA                    ","cpf":"08467577533","bankname":"ORBION GAMING LTDA","payBank":"","payCpf":"","pixkey":"08467577533","account":"60746948","status":"done","order":"A20250812093256319803fFZYPDAGm"},"sign":"52D53AA0D16F32CCD1473E39388EBB93"}

【2025-08-12 09:45:16】
P2025081209394202382438418----提交：{"custId":"24120300001308","appId":"8241201350","order":"P2025081209394202382438418","sign":"A67309A8D3B581ACD7191C2E19A4BD9E"}

【2025-08-12 09:45:16】
P2025081209394202382438418----返回：{"code":"000000","msg":"P2025081209394202382438418","data":{"date":"2025-08-12 09:39:46","eid":"E3720544720250812123942593aca2e8","amount":"20","name":"Jucileide Martins de Melo","cpf":"11647554470","bankname":"ORBION GAMING LTDA","payBank":"","payCpf":"","pixkey":"11647554470","account":"18236120","status":"done","order":"A20250812093942170350edxZqy7b7"},"sign":"1B080C94C3DC45271920EA8D42D4B2E3"}

【2025-08-12 09:45:28】
P2025081209394202382438418----提交：{"custId":"24120300001308","appId":"8241201350","order":"P2025081209394202382438418","sign":"A67309A8D3B581ACD7191C2E19A4BD9E"}

【2025-08-12 09:45:28】
P2025081209394202382438418----返回：{"code":"000000","msg":"P2025081209394202382438418","data":{"date":"2025-08-12 09:39:46","eid":"E3720544720250812123942593aca2e8","amount":"20","name":"Jucileide Martins de Melo","cpf":"11647554470","bankname":"ORBION GAMING LTDA","payBank":"","payCpf":"","pixkey":"11647554470","account":"18236120","status":"done","order":"A20250812093942170350edxZqy7b7"},"sign":"1B080C94C3DC45271920EA8D42D4B2E3"}

【2025-08-12 09:55:00】
P2025081209501003010104361----提交：{"custId":"24120300001308","appId":"8241201350","order":"P2025081209501003010104361","sign":"5351FCB55124451ACB4E909A34311873"}

【2025-08-12 09:55:00】
P2025081209501003010104361----返回：{"code":"000000","msg":"P2025081209501003010104361","data":{"date":"2025-08-12 09:50:14","eid":"E3720544720250812125010585a04e32","amount":"20","name":"JENNIFFER CRISTINA AIRES DE OLIVEIRA","cpf":"38151029870","bankname":"ORBION GAMING LTDA","payBank":"","payCpf":"","pixkey":"38151029870","account":"60701190","status":"done","order":"A20250812095010953137EuYYglu7J"},"sign":"4B102E812BBEAF1C7DAE82B5EA491804"}

【2025-08-12 09:55:02】
P2025081209501003010104361----提交：{"custId":"24120300001308","appId":"8241201350","order":"P2025081209501003010104361","sign":"5351FCB55124451ACB4E909A34311873"}

【2025-08-12 09:55:02】
P2025081209501003010104361----返回：{"code":"000000","msg":"P2025081209501003010104361","data":{"date":"2025-08-12 09:50:14","eid":"E3720544720250812125010585a04e32","amount":"20","name":"JENNIFFER CRISTINA AIRES DE OLIVEIRA","cpf":"38151029870","bankname":"ORBION GAMING LTDA","payBank":"","payCpf":"","pixkey":"38151029870","account":"60701190","status":"done","order":"A20250812095010953137EuYYglu7J"},"sign":"4B102E812BBEAF1C7DAE82B5EA491804"}

