【2025-08-12 23:02:37】
P2025081222453449534046619----提交：{"custId":"24120300001308","appId":"8241201350","order":"P2025081222453449534046619","sign":"BEC71898562887838155E8D2941B4615"}

【2025-08-12 23:02:37】
P2025081222453449534046619----返回：{"code":"000000","msg":"P2025081222453449534046619","data":{"date":"2025-08-12 22:45:38","eid":"E37205447202508130145343402ad48d","amount":"150","name":"SUSANE DE OLIVEIRA LOPES","cpf":"06320398922","bankname":"ORBION GAMING LTDA","payBank":"","payCpf":"","pixkey":"47984614621","account":"00000000","status":"done","order":"A20250812224534476622tDjh5ZuiK"},"sign":"0FBD3C9E7DFD2ED9DF774EEA0F3040EC"}

【2025-08-12 23:02:49】
P2025081222453449534046619----提交：{"custId":"24120300001308","appId":"8241201350","order":"P2025081222453449534046619","sign":"BEC71898562887838155E8D2941B4615"}

【2025-08-12 23:02:49】
P2025081222453449534046619----返回：{"code":"000000","msg":"P2025081222453449534046619","data":{"date":"2025-08-12 22:45:38","eid":"E37205447202508130145343402ad48d","amount":"150","name":"SUSANE DE OLIVEIRA LOPES","cpf":"06320398922","bankname":"ORBION GAMING LTDA","payBank":"","payCpf":"","pixkey":"47984614621","account":"00000000","status":"done","order":"A20250812224534476622tDjh5ZuiK"},"sign":"0FBD3C9E7DFD2ED9DF774EEA0F3040EC"}

【2025-08-12 23:07:03】
P2025081222452349523117889----提交：{"custId":"24120300001308","appId":"8241201350","order":"P2025081222452349523117889","sign":"2664E0B454FD7749740F6A40EA58130F"}

【2025-08-12 23:07:03】
P2025081222452349523117889----返回：{"code":"000000","msg":"P2025081222452349523117889","data":{"date":"2025-08-12 22:45:28","eid":"E3720544720250813014524350fc6bc3","amount":"100","name":"Vagner da Silva Ribeiro","cpf":"02980313025","bankname":"ORBION GAMING LTDA","payBank":"","payCpf":"","pixkey":"54996054972","account":"18236120","status":"done","order":"A20250812224524696637z8sFZs1tq"},"sign":"2DF729D6892DF7FC5616DD197DC7EA27"}

【2025-08-12 23:07:10】
P2025081222452349523117889----提交：{"custId":"24120300001308","appId":"8241201350","order":"P2025081222452349523117889","sign":"2664E0B454FD7749740F6A40EA58130F"}

【2025-08-12 23:07:10】
P2025081222452349523117889----返回：{"code":"000000","msg":"P2025081222452349523117889","data":{"date":"2025-08-12 22:45:28","eid":"E3720544720250813014524350fc6bc3","amount":"100","name":"Vagner da Silva Ribeiro","cpf":"02980313025","bankname":"ORBION GAMING LTDA","payBank":"","payCpf":"","pixkey":"54996054972","account":"18236120","status":"done","order":"A20250812224524696637z8sFZs1tq"},"sign":"2DF729D6892DF7FC5616DD197DC7EA27"}

【2025-08-12 23:28:55】
P2025081223273552055316605----提交：{"custId":"24120300001308","appId":"8241201350","order":"P2025081223273552055316605","sign":"05A09A4288743E09757203B106E3C987"}

【2025-08-12 23:28:55】
P2025081223273552055316605----返回：{"code":"000000","msg":"P2025081223273552055316605","data":{"date":"2025-08-12 23:27:38","eid":"E237919222025081302273570841a68f","amount":"50","name":"Maria Aparecida Da Silva","cpf":"61414468415","bankname":"ORBION GAMING LTDA","payBank":"","payCpf":"","pixkey":"61414468415","account":"22896431","status":"done","order":"A20250812232735539882F6WJSPXYH"},"sign":"0E16F61379BCA83A46E361673227D6F2"}

【2025-08-12 23:28:58】
P2025081223273552055316605----提交：{"custId":"24120300001308","appId":"8241201350","order":"P2025081223273552055316605","sign":"05A09A4288743E09757203B106E3C987"}

【2025-08-12 23:28:58】
P2025081223273552055316605----返回：{"code":"000000","msg":"P2025081223273552055316605","data":{"date":"2025-08-12 23:27:38","eid":"E237919222025081302273570841a68f","amount":"50","name":"Maria Aparecida Da Silva","cpf":"61414468415","bankname":"ORBION GAMING LTDA","payBank":"","payCpf":"","pixkey":"61414468415","account":"22896431","status":"done","order":"A20250812232735539882F6WJSPXYH"},"sign":"0E16F61379BCA83A46E361673227D6F2"}

【2025-08-12 23:47:18】
P2025081223465953219682332----提交：{"custId":"24120300001308","appId":"8241201350","order":"P2025081223465953219682332","sign":"1849D705E3651F21C60C8BED97CA5FD7"}

【2025-08-12 23:47:18】
P2025081223465953219682332----返回：{"code":"000000","msg":"P2025081223465953219682332","data":{"date":"2025-08-12 23:47:03","eid":"E3720544720250813024659696b47b17","amount":"196","name":"Alan de oliveira barra nova","cpf":"06624403152","bankname":"ORBION GAMING LTDA","payBank":"","payCpf":"","pixkey":"06624403152","account":"08561701","status":"done","order":"A20250812234659861018lFmXvM4XS"},"sign":"593E5030663FD2E652ABB9628DE94FA5"}

【2025-08-12 23:47:20】
P2025081223465953219682332----提交：{"custId":"24120300001308","appId":"8241201350","order":"P2025081223465953219682332","sign":"1849D705E3651F21C60C8BED97CA5FD7"}

【2025-08-12 23:47:20】
P2025081223465953219682332----返回：{"code":"000000","msg":"P2025081223465953219682332","data":{"date":"2025-08-12 23:47:03","eid":"E3720544720250813024659696b47b17","amount":"196","name":"Alan de oliveira barra nova","cpf":"06624403152","bankname":"ORBION GAMING LTDA","payBank":"","payCpf":"","pixkey":"06624403152","account":"08561701","status":"done","order":"A20250812234659861018lFmXvM4XS"},"sign":"593E5030663FD2E652ABB9628DE94FA5"}

【2025-08-12 23:54:08】
P2025081223521753537499405----提交：{"custId":"24120300001308","appId":"8241201350","order":"P2025081223521753537499405","sign":"81C31E7809FEA8B2DC53ECA106AB5466"}

【2025-08-12 23:54:08】
P2025081223521753537499405----返回：{"code":"000000","msg":"P2025081223521753537499405","data":{"date":"2025-08-12 23:52:19","eid":"E3720544720250813025217313ad732a","amount":"400","name":"Josiane Silva Lima Vilhena","cpf":"03233687273","bankname":"ORBION GAMING LTDA","payBank":"","payCpf":"","pixkey":"03233687273","account":"18236120","status":"done","order":"A20250812235217090192tw9k3zJes"},"sign":"C1217A730C979C495B52F26ED8A9D8BE"}

【2025-08-12 23:54:25】
P2025081223521753537499405----提交：{"custId":"24120300001308","appId":"8241201350","order":"P2025081223521753537499405","sign":"81C31E7809FEA8B2DC53ECA106AB5466"}

【2025-08-12 23:54:25】
P2025081223521753537499405----返回：{"code":"000000","msg":"P2025081223521753537499405","data":{"date":"2025-08-12 23:52:19","eid":"E3720544720250813025217313ad732a","amount":"400","name":"Josiane Silva Lima Vilhena","cpf":"03233687273","bankname":"ORBION GAMING LTDA","payBank":"","payCpf":"","pixkey":"03233687273","account":"18236120","status":"done","order":"A20250812235217090192tw9k3zJes"},"sign":"C1217A730C979C495B52F26ED8A9D8BE"}

【2025-08-12 23:57:54】
P2025081223534553625785143----提交：{"custId":"24120300001308","appId":"8241201350","order":"P2025081223534553625785143","sign":"C00DB1CE38CC2A564968CA4C4CAABB2A"}

【2025-08-12 23:57:54】
P2025081223534553625785143----返回：{"code":"000000","msg":"P2025081223534553625785143","data":{"date":"2025-08-12 23:53:48","eid":"E37205447202508130253455353dd12e","amount":"50","name":"Lorraine Souza Silva","cpf":"71008401129","bankname":"ORBION GAMING LTDA","payBank":"","payCpf":"","pixkey":"71008401129","account":"18236120","status":"done","order":"A20250812235345487614Z9hW8bHsC"},"sign":"E68FD6FEA5D85BA6C9B98BA2CF690EFE"}

【2025-08-12 23:57:55】
P2025081223534553625785143----提交：{"custId":"24120300001308","appId":"8241201350","order":"P2025081223534553625785143","sign":"C00DB1CE38CC2A564968CA4C4CAABB2A"}

【2025-08-12 23:57:55】
P2025081223534553625785143----返回：{"code":"000000","msg":"P2025081223534553625785143","data":{"date":"2025-08-12 23:53:48","eid":"E37205447202508130253455353dd12e","amount":"50","name":"Lorraine Souza Silva","cpf":"71008401129","bankname":"ORBION GAMING LTDA","payBank":"","payCpf":"","pixkey":"71008401129","account":"18236120","status":"done","order":"A20250812235345487614Z9hW8bHsC"},"sign":"E68FD6FEA5D85BA6C9B98BA2CF690EFE"}

【2025-08-12 23:57:58】
P2025081223534553625785143----提交：{"custId":"24120300001308","appId":"8241201350","order":"P2025081223534553625785143","sign":"C00DB1CE38CC2A564968CA4C4CAABB2A"}

【2025-08-12 23:57:58】
P2025081223534553625785143----返回：{"code":"000000","msg":"P2025081223534553625785143","data":{"date":"2025-08-12 23:53:48","eid":"E37205447202508130253455353dd12e","amount":"50","name":"Lorraine Souza Silva","cpf":"71008401129","bankname":"ORBION GAMING LTDA","payBank":"","payCpf":"","pixkey":"71008401129","account":"18236120","status":"done","order":"A20250812235345487614Z9hW8bHsC"},"sign":"E68FD6FEA5D85BA6C9B98BA2CF690EFE"}

