【2025-08-12 19:02:53】
P2025081218534335623866334----提交：{"custId":"24120300001308","appId":"8241201350","order":"P2025081218534335623866334","sign":"D9C9342E9E60F316894B4C3B12B60F1B"}

【2025-08-12 19:02:54】
P2025081218534335623866334----返回：{"code":"000000","msg":"P2025081218534335623866334","data":{"date":"2025-08-12 18:53:48","eid":"E3720544720250812215344347de01f1","amount":"450","name":"MARCIO RIBEIRO","cpf":"03434571990","bankname":"ORBION GAMING LTDA","payBank":"","payCpf":"","pixkey":"03434571990","account":"00360305","status":"done","order":"A202508121853430522428JuIGZP7D"},"sign":"2B03AB61721929DED7C78DC13E66CA6A"}

【2025-08-12 19:02:55】
P2025081218534335623866334----提交：{"custId":"24120300001308","appId":"8241201350","order":"P2025081218534335623866334","sign":"D9C9342E9E60F316894B4C3B12B60F1B"}

【2025-08-12 19:02:56】
P2025081218534335623866334----返回：{"code":"000000","msg":"P2025081218534335623866334","data":{"date":"2025-08-12 18:53:48","eid":"E3720544720250812215344347de01f1","amount":"450","name":"MARCIO RIBEIRO","cpf":"03434571990","bankname":"ORBION GAMING LTDA","payBank":"","payCpf":"","pixkey":"03434571990","account":"00360305","status":"done","order":"A202508121853430522428JuIGZP7D"},"sign":"2B03AB61721929DED7C78DC13E66CA6A"}

【2025-08-12 19:04:40】
P2025081219031536195323297----提交：{"custId":"24120300001308","appId":"8241201350","order":"P2025081219031536195323297","sign":"44E15C0FAD301CAF0AB55C685D3CA0A2"}

【2025-08-12 19:04:40】
P2025081219031536195323297----返回：{"code":"000000","msg":"P2025081219031536195323297","data":{"date":"2025-08-12 19:03:17","eid":"E3720544720250812220315698544b56","amount":"50","name":"Eslane de Araújo Maciel","cpf":"11083826573","bankname":"ORBION GAMING LTDA","payBank":"","payCpf":"","pixkey":"eslanedearaujomaciel@gmail.com","account":"18236120","status":"done","order":"A20250812190315354539VECFk4QYy"},"sign":"4FB35B5D59A16F74F55A83EE529DEDDF"}

【2025-08-12 19:04:45】
P2025081219024836168088244----提交：{"custId":"24120300001308","appId":"8241201350","order":"P2025081219024836168088244","sign":"79AA3A95174BC56C075BA7E02A139B8C"}

【2025-08-12 19:04:46】
P2025081219024836168088244----返回：{"code":"000000","msg":"P2025081219024836168088244","data":{"date":"2025-08-12 19:02:53","eid":"E3720544720250812220249063d6140d","amount":"30","name":"Ivete Oliveira Lima Ribas","cpf":"05259087909","bankname":"ORBION GAMING LTDA","payBank":"","payCpf":"","pixkey":"05259087909","account":"22896431","status":"done","order":"A20250812190248430261BjgdJQxQ9"},"sign":"F6C0B7019BA4A61F8D21F2A8BCF25080"}

【2025-08-12 19:04:47】
P2025081219024836168088244----提交：{"custId":"24120300001308","appId":"8241201350","order":"P2025081219024836168088244","sign":"79AA3A95174BC56C075BA7E02A139B8C"}

【2025-08-12 19:04:47】
P2025081219024836168088244----返回：{"code":"000000","msg":"P2025081219024836168088244","data":{"date":"2025-08-12 19:02:53","eid":"E3720544720250812220249063d6140d","amount":"30","name":"Ivete Oliveira Lima Ribas","cpf":"05259087909","bankname":"ORBION GAMING LTDA","payBank":"","payCpf":"","pixkey":"05259087909","account":"22896431","status":"done","order":"A20250812190248430261BjgdJQxQ9"},"sign":"F6C0B7019BA4A61F8D21F2A8BCF25080"}

【2025-08-12 19:05:06】
P2025081219031536195323297----提交：{"custId":"24120300001308","appId":"8241201350","order":"P2025081219031536195323297","sign":"44E15C0FAD301CAF0AB55C685D3CA0A2"}

【2025-08-12 19:05:06】
P2025081219031536195323297----返回：{"code":"000000","msg":"P2025081219031536195323297","data":{"date":"2025-08-12 19:03:17","eid":"E3720544720250812220315698544b56","amount":"50","name":"Eslane de Araújo Maciel","cpf":"11083826573","bankname":"ORBION GAMING LTDA","payBank":"","payCpf":"","pixkey":"eslanedearaujomaciel@gmail.com","account":"18236120","status":"done","order":"A20250812190315354539VECFk4QYy"},"sign":"4FB35B5D59A16F74F55A83EE529DEDDF"}

【2025-08-12 19:30:20】
P2025081219281337693545271----提交：{"custId":"24120300001308","appId":"8241201350","order":"P2025081219281337693545271","sign":"D3756941325BD2140DA7448F34595BDB"}

【2025-08-12 19:30:20】
P2025081219281337693545271----返回：{"code":"000000","msg":"P2025081219281337693545271","data":{"date":"2025-08-12 19:28:18","eid":"E3720544720250812222814742f2dfa7","amount":"19.72","name":"Joel Fernandes Soares Ferreira","cpf":"07662531392","bankname":"ORBION GAMING LTDA","payBank":"","payCpf":"","pixkey":"layanaj8413@gmail.com","account":"18236120","status":"done","order":"A20250812192814317779nsqVsnsbV"},"sign":"0AEBB5FF1A3BD11E59F1ECCF9D651830"}

【2025-08-12 19:30:22】
P2025081219281337693545271----提交：{"custId":"24120300001308","appId":"8241201350","order":"P2025081219281337693545271","sign":"D3756941325BD2140DA7448F34595BDB"}

【2025-08-12 19:30:22】
P2025081219281337693545271----返回：{"code":"000000","msg":"P2025081219281337693545271","data":{"date":"2025-08-12 19:28:18","eid":"E3720544720250812222814742f2dfa7","amount":"19.72","name":"Joel Fernandes Soares Ferreira","cpf":"07662531392","bankname":"ORBION GAMING LTDA","payBank":"","payCpf":"","pixkey":"layanaj8413@gmail.com","account":"18236120","status":"done","order":"A20250812192814317779nsqVsnsbV"},"sign":"0AEBB5FF1A3BD11E59F1ECCF9D651830"}

【2025-08-12 19:34:03】
P2025081219333838018245414----提交：{"custId":"24120300001308","appId":"8241201350","order":"P2025081219333838018245414","sign":"C3FA3BC6DD6AC5F0C84F2DA491107EF1"}

【2025-08-12 19:34:03】
P2025081219333838018245414----返回：{"code":"000000","msg":"P2025081219333838018245414","data":{"date":"2025-08-12 19:33:42","eid":"E372054472025081222333941152a823","amount":"20","name":"Luciano Braga da Silva","cpf":"78462657172","bankname":"ORBION GAMING LTDA","payBank":"","payCpf":"","pixkey":"63999650441","account":"18236120","status":"done","order":"A20250812193338131871bLBDTeghw"},"sign":"2B4EC49A281EF9F44F4EF70596319053"}

【2025-08-12 19:34:06】
P2025081219333838018245414----提交：{"custId":"24120300001308","appId":"8241201350","order":"P2025081219333838018245414","sign":"C3FA3BC6DD6AC5F0C84F2DA491107EF1"}

【2025-08-12 19:34:06】
P2025081219333838018245414----返回：{"code":"000000","msg":"P2025081219333838018245414","data":{"date":"2025-08-12 19:33:42","eid":"E372054472025081222333941152a823","amount":"20","name":"Luciano Braga da Silva","cpf":"78462657172","bankname":"ORBION GAMING LTDA","payBank":"","payCpf":"","pixkey":"63999650441","account":"18236120","status":"done","order":"A20250812193338131871bLBDTeghw"},"sign":"2B4EC49A281EF9F44F4EF70596319053"}

【2025-08-12 19:43:06】
P2025081219384338323466779----提交：{"custId":"24120300001308","appId":"8241201350","order":"P2025081219384338323466779","sign":"4484332F1E2A0894AEFD34CDF021B8E7"}

【2025-08-12 19:43:07】
P2025081219384338323466779----返回：{"code":"000000","msg":"P2025081219384338323466779","data":{"date":"2025-08-12 19:38:49","eid":"E457564482025081222381VhcvYOq1Ee","amount":"25","name":"EMERSON DO AMARAL","cpf":"1510303081","bankname":"null","payBank":"","payCpf":"","pixkey":"01510303081","account":"30564701","status":"done","order":"A20250812193843953449jTZBQtjau"},"sign":"B4CA0D02D43CD0569EAD87F1181E4F2A"}

【2025-08-12 19:43:09】
P2025081219384338323466779----提交：{"custId":"24120300001308","appId":"8241201350","order":"P2025081219384338323466779","sign":"4484332F1E2A0894AEFD34CDF021B8E7"}

【2025-08-12 19:43:09】
P2025081219384338323466779----返回：{"code":"000000","msg":"P2025081219384338323466779","data":{"date":"2025-08-12 19:38:49","eid":"E457564482025081222381VhcvYOq1Ee","amount":"25","name":"EMERSON DO AMARAL","cpf":"1510303081","bankname":"null","payBank":"","payCpf":"","pixkey":"01510303081","account":"30564701","status":"done","order":"A20250812193843953449jTZBQtjau"},"sign":"B4CA0D02D43CD0569EAD87F1181E4F2A"}

【2025-08-12 19:59:54】
P2025081215500724607071358----提交：{"custId":"24120300001308","appId":"8241201350","order":"P2025081215500724607071358","sign":"B63BE00344199033389989385064984B"}

【2025-08-12 19:59:55】
P2025081215500724607071358----返回：{"code":"000000","msg":"P2025081215500724607071358","data":{"date":"2025-08-12 15:50:10","eid":"E37205447202508121850081843dd2e3","amount":"100","name":"Anthonny Vinicius Rodrigues dos Santos","cpf":"10420202994","bankname":"ORBION GAMING LTDA","payBank":"","payCpf":"","pixkey":"10420202994","account":"18236120","status":"done","order":"A20250812155007182759rkljtRmgN"},"sign":"DE501AE231EEDD39E09370D148BE2251"}

