【2025-08-12 18:02:12】
P2025081217563732197643526----提交：{"custId":"24120300001308","appId":"8241201350","order":"P2025081217563732197643526","sign":"A0E9A1C6FF801117334CBA46845ACA00"}

【2025-08-12 18:02:12】
P2025081217563732197643526----返回：{"code":"000000","msg":"P2025081217563732197643526","data":{"date":"2025-08-12 18:01:57","eid":"E37205447202508122056381033708d8","amount":"588","name":"Roni Braga","cpf":"00167238051","bankname":"ORBION GAMING LTDA","payBank":"","payCpf":"","pixkey":"00167238051","account":"18236120","status":"done","order":"A20250812175637427981yPIAhqAzs"},"sign":"F3A77250AE4C24A6252EA1E56F185693"}

【2025-08-12 18:02:15】
P2025081217563732197643526----提交：{"custId":"24120300001308","appId":"8241201350","order":"P2025081217563732197643526","sign":"A0E9A1C6FF801117334CBA46845ACA00"}

【2025-08-12 18:02:15】
P2025081217563732197643526----返回：{"code":"000000","msg":"P2025081217563732197643526","data":{"date":"2025-08-12 18:01:57","eid":"E37205447202508122056381033708d8","amount":"588","name":"Roni Braga","cpf":"00167238051","bankname":"ORBION GAMING LTDA","payBank":"","payCpf":"","pixkey":"00167238051","account":"18236120","status":"done","order":"A20250812175637427981yPIAhqAzs"},"sign":"F3A77250AE4C24A6252EA1E56F185693"}

【2025-08-12 18:04:07】
P2025081217570132221876326----提交：{"custId":"24120300001308","appId":"8241201350","order":"P2025081217570132221876326","sign":"6AC774F62391BFC4DA6B560AC5DC9EAC"}

【2025-08-12 18:04:07】
P2025081217570132221876326----返回：{"code":"000000","msg":"P2025081217570132221876326","data":{"date":"2025-08-12 18:03:23","eid":"E372054472025081220570289862ed90","amount":"78.4","name":"LUIGGI LEONARDO MARQUEZ MIRANDA","cpf":"70861036247","bankname":"ORBION GAMING LTDA","payBank":"","payCpf":"","pixkey":"70861036247","account":"22896431","status":"done","order":"A20250812175701002995asLJCe4Eh"},"sign":"4B232B63E4129F0D48F7B33F6FB6BBDB"}

【2025-08-12 18:04:09】
P2025081217570132221876326----提交：{"custId":"24120300001308","appId":"8241201350","order":"P2025081217570132221876326","sign":"6AC774F62391BFC4DA6B560AC5DC9EAC"}

【2025-08-12 18:04:10】
P2025081217570132221876326----返回：{"code":"000000","msg":"P2025081217570132221876326","data":{"date":"2025-08-12 18:03:23","eid":"E372054472025081220570289862ed90","amount":"78.4","name":"LUIGGI LEONARDO MARQUEZ MIRANDA","cpf":"70861036247","bankname":"ORBION GAMING LTDA","payBank":"","payCpf":"","pixkey":"70861036247","account":"22896431","status":"done","order":"A20250812175701002995asLJCe4Eh"},"sign":"4B232B63E4129F0D48F7B33F6FB6BBDB"}

【2025-08-12 18:04:51】
P2025081217582932309919180----提交：{"custId":"24120300001308","appId":"8241201350","order":"P2025081217582932309919180","sign":"A6E28FED85EF1A14B0BC7A38C36F95D1"}

【2025-08-12 18:04:52】
P2025081217582932309919180----返回：{"code":"000000","msg":"P2025081217582932309919180","data":{"date":"2025-08-12 18:04:17","eid":"E3720544720250812205830418cb1bfb","amount":"98.98","name":"LEDA MARIA RIBEIRO DE SOUZA","cpf":"08632850741","bankname":"ORBION GAMING LTDA","payBank":"","payCpf":"","pixkey":"21980259327","account":"00416968","status":"done","order":"A20250812175830242576zMyWRP75J"},"sign":"EF97B4F80AD4F079C9733D37980A7CAC"}

【2025-08-12 18:04:55】
P2025081217582932309919180----提交：{"custId":"24120300001308","appId":"8241201350","order":"P2025081217582932309919180","sign":"A6E28FED85EF1A14B0BC7A38C36F95D1"}

【2025-08-12 18:04:56】
P2025081217582932309919180----返回：{"code":"000000","msg":"P2025081217582932309919180","data":{"date":"2025-08-12 18:04:17","eid":"E3720544720250812205830418cb1bfb","amount":"98.98","name":"LEDA MARIA RIBEIRO DE SOUZA","cpf":"08632850741","bankname":"ORBION GAMING LTDA","payBank":"","payCpf":"","pixkey":"21980259327","account":"00416968","status":"done","order":"A20250812175830242576zMyWRP75J"},"sign":"EF97B4F80AD4F079C9733D37980A7CAC"}

【2025-08-12 18:18:07】
P2025081216410127661938513----提交：{"custId":"24120300001308","appId":"8241201350","order":"P2025081216410127661938513","sign":"BA61D1643CF35CC23506CA3A2342BFC1"}

【2025-08-12 18:18:08】
P2025081216410127661938513----返回：{"code":"000000","msg":"P2025081216410127661938513","data":{"date":"2025-08-12 16:41:05","eid":"E37205447202508121941028300cfdba","amount":"38","name":"Valdelice Oliveira De Jesus","cpf":"02449376569","bankname":"ORBION GAMING LTDA","payBank":"","payCpf":"","pixkey":"02449376569","account":"18236120","status":"done","order":"A20250812164102199394FGt3iteum"},"sign":"39E5D540B35DA10FBD34CFA92AAFEC17"}

【2025-08-12 18:19:49】
P2025081216410127661938513----提交：{"custId":"24120300001308","appId":"8241201350","order":"P2025081216410127661938513","sign":"BA61D1643CF35CC23506CA3A2342BFC1"}

【2025-08-12 18:19:49】
P2025081216410127661938513----返回：{"code":"000000","msg":"P2025081216410127661938513","data":{"date":"2025-08-12 16:41:05","eid":"E37205447202508121941028300cfdba","amount":"38","name":"Valdelice Oliveira De Jesus","cpf":"02449376569","bankname":"ORBION GAMING LTDA","payBank":"","payCpf":"","pixkey":"02449376569","account":"18236120","status":"done","order":"A20250812164102199394FGt3iteum"},"sign":"39E5D540B35DA10FBD34CFA92AAFEC17"}

【2025-08-12 18:21:11】
P2025081218163233392517855----提交：{"custId":"24120300001308","appId":"8241201350","order":"P2025081218163233392517855","sign":"CDCFC49BA8AF9625B371BAE6E7DA229F"}

【2025-08-12 18:21:11】
P2025081218163233392517855----返回：{"code":"000000","msg":"P2025081218163233392517855","data":{"date":"2025-08-12 18:16:35","eid":"E372054472025081221163297946fb1f","amount":"60","name":"José Ricardo Conceição dos Santos","cpf":"00865082103","bankname":"ORBION GAMING LTDA","payBank":"","payCpf":"","pixkey":"00865082103","account":"18236120","status":"done","order":"A20250812181632372600ADjTnalaC"},"sign":"5869AFBE6E3FD762961DF296121710DD"}

【2025-08-12 18:21:15】
P2025081218163233392517855----提交：{"custId":"24120300001308","appId":"8241201350","order":"P2025081218163233392517855","sign":"CDCFC49BA8AF9625B371BAE6E7DA229F"}

【2025-08-12 18:21:16】
P2025081218163233392517855----返回：{"code":"000000","msg":"P2025081218163233392517855","data":{"date":"2025-08-12 18:16:35","eid":"E372054472025081221163297946fb1f","amount":"60","name":"José Ricardo Conceição dos Santos","cpf":"00865082103","bankname":"ORBION GAMING LTDA","payBank":"","payCpf":"","pixkey":"00865082103","account":"18236120","status":"done","order":"A20250812181632372600ADjTnalaC"},"sign":"5869AFBE6E3FD762961DF296121710DD"}

【2025-08-12 18:37:07】
P2025081217454331543906693----提交：{"custId":"24120300001308","appId":"8241201350","order":"P2025081217454331543906693","sign":"59713DD8C6409F75EA9FB5B0D182BA7C"}

【2025-08-12 18:37:07】
P2025081217454331543906693----返回：{"code":"000000","msg":"P2025081217454331543906693","data":{"date":"2025-08-12 17:45:47","eid":"E3720544720250812204544268735119","amount":"31.36","name":"ADAM SILVA OLIVEIRA","cpf":"60730316378","bankname":"ORBION GAMING LTDA","payBank":"","payCpf":"","pixkey":"98984795181","account":"00000000","status":"done","order":"A20250812174544247265PaBdxqulc"},"sign":"1419FCB1722298B187431EFD96F75C63"}

【2025-08-12 18:37:09】
P2025081217454331543906693----提交：{"custId":"24120300001308","appId":"8241201350","order":"P2025081217454331543906693","sign":"59713DD8C6409F75EA9FB5B0D182BA7C"}

【2025-08-12 18:37:10】
P2025081217454331543906693----返回：{"code":"000000","msg":"P2025081217454331543906693","data":{"date":"2025-08-12 17:45:47","eid":"E3720544720250812204544268735119","amount":"31.36","name":"ADAM SILVA OLIVEIRA","cpf":"60730316378","bankname":"ORBION GAMING LTDA","payBank":"","payCpf":"","pixkey":"98984795181","account":"00000000","status":"done","order":"A20250812174544247265PaBdxqulc"},"sign":"1419FCB1722298B187431EFD96F75C63"}

【2025-08-12 18:38:38】
P2025081213171815438135651----提交：{"custId":"24120300001308","appId":"8241201350","order":"P2025081213171815438135651","sign":"804196C1A369667168549D4E57944E14"}

【2025-08-12 18:38:39】
P2025081213171815438135651----返回：{"code":"000000","msg":"P2025081213171815438135651","data":{"date":"2025-08-12 13:17:21","eid":"E3720544720250812161718770dd1768","amount":"50","name":"Gabriel Santana De Morais","cpf":"11963907973","bankname":"ORBION GAMING LTDA","payBank":"","payCpf":"","pixkey":"41997181715","account":"23862762","status":"done","order":"A20250812131718049578af1fbdHSn"},"sign":"D2891C7A30C39918F31081DC5DAC533B"}

【2025-08-12 18:43:55】
P2025081218163233392517855----提交：{"custId":"24120300001308","appId":"8241201350","order":"P2025081218163233392517855","sign":"CDCFC49BA8AF9625B371BAE6E7DA229F"}

【2025-08-12 18:43:55】
P2025081218163233392517855----返回：{"code":"000000","msg":"P2025081218163233392517855","data":{"date":"2025-08-12 18:16:35","eid":"E372054472025081221163297946fb1f","amount":"60","name":"José Ricardo Conceição dos Santos","cpf":"00865082103","bankname":"ORBION GAMING LTDA","payBank":"","payCpf":"","pixkey":"00865082103","account":"18236120","status":"done","order":"A20250812181632372600ADjTnalaC"},"sign":"5869AFBE6E3FD762961DF296121710DD"}

【2025-08-12 18:45:40】
P2025062813530329583845289----提交：{"custId":"24120300001308","appId":"8241201350","order":"P2025062813530329583845289","sign":"20E59DEFC0483D500DC0B26EBF306631"}

【2025-08-12 18:45:40】
P2025062813530329583845289----返回：{"code":"000000","msg":"P2025062813530329583845289","data":{"date":"2025-06-28 13:54:11","eid":"E14483955202506281654JCPHO50ZG83","amount":"20","name":"EMERSON FERREIRA COSTA","cpf":"***.647.432-**","bankname":"60746948","payBank":"","payCpf":"","pixkey":"ec7739695@gmail.com","account":"ec7739695@gmail.com","status":"done","order":"A20250628135401574153B1icKnTTz"},"sign":"C9F502F76B8F51388360CACC2AD0C248"}

