【2025-08-12 21:05:13】
P2025081220235041030213852----提交：{"custId":"24120300001308","appId":"8241201350","order":"P2025081220235041030213852","sign":"5E108518FCEA1FBC5BAF4D732E8BE065"}

【2025-08-12 21:05:13】
P2025081220235041030213852----返回：{"code":"000000","msg":"P2025081220235041030213852","data":{"date":"2025-08-12 20:23:57","eid":"E45756448202508122323xx3fllSafEa","amount":"66","name":"ANDERSON GONELIS LOPES","cpf":"40724088830","bankname":"null","payBank":"","payCpf":"","pixkey":"11940469822","account":"42564","status":"done","order":"A20250812202351045282PB4RrPxPg"},"sign":"96E73C72F55F6D3006F0730DC552B234"}

【2025-08-12 21:05:16】
P2025081220235041030213852----提交：{"custId":"24120300001308","appId":"8241201350","order":"P2025081220235041030213852","sign":"5E108518FCEA1FBC5BAF4D732E8BE065"}

【2025-08-12 21:05:17】
P2025081220235041030213852----返回：{"code":"000000","msg":"P2025081220235041030213852","data":{"date":"2025-08-12 20:23:57","eid":"E45756448202508122323xx3fllSafEa","amount":"66","name":"ANDERSON GONELIS LOPES","cpf":"40724088830","bankname":"null","payBank":"","payCpf":"","pixkey":"11940469822","account":"42564","status":"done","order":"A20250812202351045282PB4RrPxPg"},"sign":"96E73C72F55F6D3006F0730DC552B234"}

【2025-08-12 21:10:18】
P2025081221065643616595573----提交：{"custId":"24120300001308","appId":"8241201350","order":"P2025081221065643616595573","sign":"E7B12E7FE75ACCE29FCDDD00C2B2A6AE"}

【2025-08-12 21:10:19】
P2025081221065643616595573----返回：{"code":"000000","msg":"P2025081221065643616595573","data":{"date":"2025-08-12 21:07:01","eid":"E3720544720250813000657536d18c3a","amount":"100","name":"Leandro Oliveira Martins","cpf":"10896642577","bankname":"ORBION GAMING LTDA","payBank":"","payCpf":"","pixkey":"77999106964","account":"18236120","status":"done","order":"A202508122106572430348LGaGsCDL"},"sign":"D437937036343B607403AA980025592C"}

【2025-08-12 21:10:25】
P2025081221065643616595573----提交：{"custId":"24120300001308","appId":"8241201350","order":"P2025081221065643616595573","sign":"E7B12E7FE75ACCE29FCDDD00C2B2A6AE"}

【2025-08-12 21:10:25】
P2025081221065643616595573----返回：{"code":"000000","msg":"P2025081221065643616595573","data":{"date":"2025-08-12 21:07:01","eid":"E3720544720250813000657536d18c3a","amount":"100","name":"Leandro Oliveira Martins","cpf":"10896642577","bankname":"ORBION GAMING LTDA","payBank":"","payCpf":"","pixkey":"77999106964","account":"18236120","status":"done","order":"A202508122106572430348LGaGsCDL"},"sign":"D437937036343B607403AA980025592C"}

【2025-08-12 21:34:34】
P2025081220594743187291271----提交：{"custId":"24120300001308","appId":"8241201350","order":"P2025081220594743187291271","sign":"B065D556BDB9803383541670D92B7D5F"}

【2025-08-12 21:34:35】
P2025081220594743187291271----返回：{"code":"000000","msg":"P2025081220594743187291271","data":{"date":"2025-08-12 20:59:50","eid":"E37205447202508122359478552b2a2d","amount":"30","name":"Michele da Conceição Rosa","cpf":"08353868644","bankname":"ORBION GAMING LTDA","payBank":"","payCpf":"","pixkey":"37998025171","account":"18236120","status":"done","order":"A20250812205947224323w5LMbZe47"},"sign":"EC5EA6E557EB769371E979BD81B84493"}

【2025-08-12 21:34:51】
P2025081220594743187291271----提交：{"custId":"24120300001308","appId":"8241201350","order":"P2025081220594743187291271","sign":"B065D556BDB9803383541670D92B7D5F"}

【2025-08-12 21:34:51】
P2025081220594743187291271----返回：{"code":"000000","msg":"P2025081220594743187291271","data":{"date":"2025-08-12 20:59:50","eid":"E37205447202508122359478552b2a2d","amount":"30","name":"Michele da Conceição Rosa","cpf":"08353868644","bankname":"ORBION GAMING LTDA","payBank":"","payCpf":"","pixkey":"37998025171","account":"18236120","status":"done","order":"A20250812205947224323w5LMbZe47"},"sign":"EC5EA6E557EB769371E979BD81B84493"}

【2025-08-12 21:36:10】
P2025081220594743187291271----提交：{"custId":"24120300001308","appId":"8241201350","order":"P2025081220594743187291271","sign":"B065D556BDB9803383541670D92B7D5F"}

【2025-08-12 21:36:10】
P2025081220594743187291271----返回：{"code":"000000","msg":"P2025081220594743187291271","data":{"date":"2025-08-12 20:59:50","eid":"E37205447202508122359478552b2a2d","amount":"30","name":"Michele da Conceição Rosa","cpf":"08353868644","bankname":"ORBION GAMING LTDA","payBank":"","payCpf":"","pixkey":"37998025171","account":"18236120","status":"done","order":"A20250812205947224323w5LMbZe47"},"sign":"EC5EA6E557EB769371E979BD81B84493"}

【2025-08-12 21:36:17】
P2025081220594743187291271----提交：{"custId":"24120300001308","appId":"8241201350","order":"P2025081220594743187291271","sign":"B065D556BDB9803383541670D92B7D5F"}

【2025-08-12 21:36:17】
P2025081220594743187291271----返回：{"code":"000000","msg":"P2025081220594743187291271","data":{"date":"2025-08-12 20:59:50","eid":"E37205447202508122359478552b2a2d","amount":"30","name":"Michele da Conceição Rosa","cpf":"08353868644","bankname":"ORBION GAMING LTDA","payBank":"","payCpf":"","pixkey":"37998025171","account":"18236120","status":"done","order":"A20250812205947224323w5LMbZe47"},"sign":"EC5EA6E557EB769371E979BD81B84493"}

【2025-08-12 21:52:34】
P2025081221313945099375130----提交：{"custId":"24120300001308","appId":"8241201350","order":"P2025081221313945099375130","sign":"65015BE72316A3BC0FB6288F8F08CE7A"}

【2025-08-12 21:52:35】
P2025081221313945099375130----返回：{"code":"000000","msg":"P2025081221313945099375130","data":{"date":"2025-08-12 21:31:44","eid":"E37205447202508130031403472a1fe0","amount":"100","name":"Railton Novaes Leão","cpf":"01988993270","bankname":"ORBION GAMING LTDA","payBank":"","payCpf":"","pixkey":"91992176038","account":"13884775","status":"done","order":"A20250812213139544943yKFZUBhiJ"},"sign":"50B2AB8A9E1291918B6694175AB723E0"}

【2025-08-12 21:52:48】
P2025081221313945099375130----提交：{"custId":"24120300001308","appId":"8241201350","order":"P2025081221313945099375130","sign":"65015BE72316A3BC0FB6288F8F08CE7A"}

【2025-08-12 21:52:48】
P2025081221313945099375130----返回：{"code":"000000","msg":"P2025081221313945099375130","data":{"date":"2025-08-12 21:31:44","eid":"E37205447202508130031403472a1fe0","amount":"100","name":"Railton Novaes Leão","cpf":"01988993270","bankname":"ORBION GAMING LTDA","payBank":"","payCpf":"","pixkey":"91992176038","account":"13884775","status":"done","order":"A20250812213139544943yKFZUBhiJ"},"sign":"50B2AB8A9E1291918B6694175AB723E0"}

【2025-08-12 21:53:01】
P2025081221313945099375130----提交：{"custId":"24120300001308","appId":"8241201350","order":"P2025081221313945099375130","sign":"65015BE72316A3BC0FB6288F8F08CE7A"}

【2025-08-12 21:53:02】
P2025081221313945099375130----返回：{"code":"000000","msg":"P2025081221313945099375130","data":{"date":"2025-08-12 21:31:44","eid":"E37205447202508130031403472a1fe0","amount":"100","name":"Railton Novaes Leão","cpf":"01988993270","bankname":"ORBION GAMING LTDA","payBank":"","payCpf":"","pixkey":"91992176038","account":"13884775","status":"done","order":"A20250812213139544943yKFZUBhiJ"},"sign":"50B2AB8A9E1291918B6694175AB723E0"}

【2025-08-12 21:57:44】
P2025081117514845508857278----提交：{"custId":"24120300001308","appId":"8241201350","order":"P2025081117514845508857278","sign":"23B4AA823E27EF66A182472325E7C880"}

【2025-08-12 21:57:44】
P2025081117514845508857278----返回：{"code":"000000","msg":"P2025081117514845508857278","data":{"date":"2025-08-11 17:53:15","eid":"E37205447202508112053112214595a5","amount":"24000","name":"EDJA MARIA DE OLIVEIRA BARROS","cpf":"03434181423","bankname":"ORBION GAMING LTDA","payBank":"","payCpf":"","pixkey":"03434181423","account":"60701190","status":"done","order":"A20250811175301947700ZY6uGlz7P"},"sign":"BC126215390F53D410CA55C7EFE155D6"}

