【2025-08-17 23:14:23】
P2025081720595775197713847----提交：{"custId":"24120300001308","appId":"8241201350","order":"P2025081720595775197713847","sign":"A3C124E54D41E225047A395ACEA9C86D"}

【2025-08-17 23:14:23】
P2025081720595775197713847----返回：{"code":"000000","msg":"P2025081720595775197713847","data":{"date":"2025-08-17 20:59:59","eid":"E37205447202508172359574135bedc5","amount":"45","name":"LUCAS MOREIRA FONTES FILHO","cpf":"05822735282","bankname":"ORBION GAMING LTDA","payBank":"","payCpf":"","pixkey":"05822735282","account":"00360305","status":"done","order":"A202508172059577458599qGt3akYx"},"sign":"3010CC623FBA8D6017F085D648CB0DBC"}

【2025-08-17 23:15:03】
P2025081720594175181787424----提交：{"custId":"24120300001308","appId":"8241201350","order":"P2025081720594175181787424","sign":"B2ECB91ED56C6EAAF602C78B03ABCE02"}

【2025-08-17 23:15:03】
P2025081720594175181787424----返回：{"code":"000000","msg":"P2025081720594175181787424","data":{"date":"2025-08-17 20:59:44","eid":"E3720544720250817235941650a2327c","amount":"100","name":"SIMEY FERREIRA DE SOUZA","cpf":"03396867157","bankname":"ORBION GAMING LTDA","payBank":"","payCpf":"","pixkey":"03396867157","account":"18189547","status":"done","order":"A20250817205941577631nRX6DXt1u"},"sign":"9E59A5F7AD798F6A8C2357923499C042"}

【2025-08-17 23:15:29】
P2025081720593775177904673----提交：{"custId":"24120300001308","appId":"8241201350","order":"P2025081720593775177904673","sign":"34EA6E9361E816D40E041C63E337D22F"}

【2025-08-17 23:15:29】
P2025081720593775177904673----返回：{"code":"000000","msg":"P2025081720593775177904673","data":{"date":"2025-08-17 20:59:40","eid":"E3720544720250817235937652348cac","amount":"25","name":"Luciana Vieira Pinho","cpf":"33329739835","bankname":"ORBION GAMING LTDA","payBank":"","payCpf":"","pixkey":"33329739835","account":"18236120","status":"done","order":"A20250817205937203965gKKkIrzX4"},"sign":"E4EC38AD5171582357BFB29F54E17133"}

【2025-08-17 23:18:01】
P2025081720595875198961607----提交：{"custId":"24120300001308","appId":"8241201350","order":"P2025081720595875198961607","sign":"92629776DE0BAB14A06BCF7F2FCF767A"}

【2025-08-17 23:18:01】
P2025081720595875198961607----返回：{"code":"000000","msg":"P2025081720595875198961607","data":{"date":"2025-08-17 21:00:11","eid":"E3720544720250817235958452d0e10e","amount":"100","name":"MANOEL MENEZES DA SILVA","cpf":"02046027345","bankname":"ORBION GAMING LTDA","payBank":"","payCpf":"","pixkey":"02046027345","account":"00360305","status":"done","order":"A20250817205958899019arYFIYWES"},"sign":"9D1AE25ADBD02A4029F0C20AC370BC23"}

【2025-08-17 23:18:24】
P2025081720594675186611942----提交：{"custId":"24120300001308","appId":"8241201350","order":"P2025081720594675186611942","sign":"2BD9FEF0823625CAA9A44D21A01560DD"}

【2025-08-17 23:18:24】
P2025081720594675186611942----返回：{"code":"000000","msg":"P2025081720594675186611942","data":{"date":"2025-08-17 20:59:50","eid":"E3720544720250817235946690eb70fd","amount":"80","name":"Maricelia Dias de Andrade","cpf":"97220906153","bankname":"ORBION GAMING LTDA","payBank":"","payCpf":"","pixkey":"97220906153","account":"10573521","status":"done","order":"A20250817205946165527g9f6Nr2RC"},"sign":"BE58F4D28C39E2121127BFE6681C92C4"}

【2025-08-17 23:18:44】
P2025081720595475194237284----提交：{"custId":"24120300001308","appId":"8241201350","order":"P2025081720595475194237284","sign":"3EC08ABBABF4355851D5F37887275BA4"}

【2025-08-17 23:18:44】
P2025081720595475194237284----返回：{"code":"000000","msg":"P2025081720595475194237284","data":{"date":"2025-08-17 20:59:58","eid":"E37205447202508172359547765a3c76","amount":"60","name":"MONICA LOPES DA COSTA","cpf":"01209270633","bankname":"ORBION GAMING LTDA","payBank":"","payCpf":"","pixkey":"01209270633","account":"00360305","status":"done","order":"A20250817205954688295N1gWdV5UW"},"sign":"27D219981B046786DA855CB4D7258039"}

【2025-08-17 23:21:21】
P2025081720595675196387456----提交：{"custId":"24120300001308","appId":"8241201350","order":"P2025081720595675196387456","sign":"7B3CE2E223B00D766BA3F8E93EC4AE42"}

【2025-08-17 23:21:21】
P2025081720595675196387456----返回：{"code":"000000","msg":"P2025081720595675196387456","data":{"date":"2025-08-17 20:59:59","eid":"E3720544720250817235957098e289c6","amount":"20","name":"Dileusa Tolosa da Silva","cpf":"88917673287","bankname":"ORBION GAMING LTDA","payBank":"","payCpf":"","pixkey":"88917673287","account":"18236120","status":"done","order":"A20250817205956809571EpJJdeKNi"},"sign":"D851F6CDBC7EB3D4FC865ED50CEB3EA4"}

【2025-08-17 23:21:50】
P2025081720595675196115698----提交：{"custId":"24120300001308","appId":"8241201350","order":"P2025081720595675196115698","sign":"B45F8B14A1A60FB50FF12E8ED2A5BE49"}

【2025-08-17 23:21:50】
P2025081720595675196115698----返回：{"code":"000000","msg":"P2025081720595675196115698","data":{"date":"2025-08-17 20:59:59","eid":"E3720544720250817235956529c913c7","amount":"300.14","name":"BRYAN NATAN PINTO DA SILVA","cpf":"03184747352","bankname":"ORBION GAMING LTDA","payBank":"","payCpf":"","pixkey":"03184747352","account":"00360305","status":"done","order":"A202508172059561727639PRrugLWB"},"sign":"CAC3EBC0268DC1176F2C9F131E88B164"}

【2025-08-17 23:22:09】
P2025081720594075180117916----提交：{"custId":"24120300001308","appId":"8241201350","order":"P2025081720594075180117916","sign":"17E544C37F6C248070736C7FE066432E"}

【2025-08-17 23:22:09】
P2025081720594075180117916----返回：{"code":"000000","msg":"P2025081720594075180117916","data":{"date":"2025-08-17 20:59:44","eid":"E372054472025081723594124991cf98","amount":"200","name":"Maria Helia Pereira","cpf":"03353956352","bankname":"ORBION GAMING LTDA","payBank":"","payCpf":"","pixkey":"03353956352","account":"31872495","status":"done","order":"A20250817205941497526K8UYrWpAn"},"sign":"F696A0722549285803B2D75F38AA41FC"}

【2025-08-17 23:22:31】
P2025081720593775177043237----提交：{"custId":"24120300001308","appId":"8241201350","order":"P2025081720593775177043237","sign":"6E4D823EB9C47D22A933E34A17B959CB"}

【2025-08-17 23:22:31】
P2025081720593775177043237----返回：{"code":"000000","msg":"P2025081720593775177043237","data":{"date":"2025-08-17 20:59:40","eid":"E37205447202508172359374179f5b66","amount":"150","name":"ANA APARECIDA DOS SANTOS","cpf":"02034012127","bankname":"ORBION GAMING LTDA","payBank":"","payCpf":"","pixkey":"02034012127","account":"60701190","status":"done","order":"A20250817205937140638gDuzULVb4"},"sign":"B7189AB44BC2436AA2D0C58DF083D20E"}

【2025-08-17 23:26:09】
P2025081720595875198441927----提交：{"custId":"24120300001308","appId":"8241201350","order":"P2025081720595875198441927","sign":"506CD7C614446CE70B511B5EEBF2FE28"}

【2025-08-17 23:26:09】
P2025081720595875198441927----返回：{"code":"000000","msg":"P2025081720595875198441927","data":{"date":"2025-08-17 21:00:12","eid":"E37205447202508172359589280649c6","amount":"25.24","name":"VICTOR LUCAS SOARES DE JESUS","cpf":"16401648635","bankname":"ORBION GAMING LTDA","payBank":"","payCpf":"","pixkey":"16401648635","account":"00416968","status":"done","order":"A20250817205958146893dhJgj2S7F"},"sign":"4137F29BBC389082D70D0E619EC9D616"}

【2025-08-17 23:26:30】
P2025081720595075190711805----提交：{"custId":"24120300001308","appId":"8241201350","order":"P2025081720595075190711805","sign":"E77B68870EDA8676566B30B506FDDD3E"}

【2025-08-17 23:26:30】
P2025081720595075190711805----返回：{"code":"000000","msg":"P2025081720595075190711805","data":{"date":"2025-08-17 20:59:54","eid":"E372054472025081723595029118c4f7","amount":"20","name":"Claudia Costa Bezerra","cpf":"01237716411","bankname":"ORBION GAMING LTDA","payBank":"","payCpf":"","pixkey":"01237716411","account":"22896431","status":"done","order":"A20250817205950538514cPZu1Pm2P"},"sign":"DB05E7C0D31F38390D75391C5EB88E81"}

【2025-08-17 23:26:48】
P2025081720593475174131588----提交：{"custId":"24120300001308","appId":"8241201350","order":"P2025081720593475174131588","sign":"B8EE7AEEF8BB4A8C8AB749BA7FE361E5"}

【2025-08-17 23:26:48】
P2025081720593475174131588----返回：{"code":"000000","msg":"P2025081720593475174131588","data":{"date":"2025-08-17 20:59:38","eid":"E37205447202508172359349381faad5","amount":"120","name":"FRANCISCA LOPES PEREIRA","cpf":"46151354249","bankname":"ORBION GAMING LTDA","payBank":"","payCpf":"","pixkey":"46151354249","account":"00360305","status":"done","order":"A20250817205934149472cY7mT2VbQ"},"sign":"9C2D9DDC5C1917E4362612E0A3E9BDE3"}

【2025-08-17 23:30:26】
P2025081619310883468968826----提交：{"custId":"24120300001308","appId":"8241201350","order":"P2025081619310883468968826","sign":"E7BD1B58446BEA54A1B67518BE4DE616"}

【2025-08-17 23:30:26】
P2025081619310883468968826----返回：{"code":"000000","msg":"P2025081619310883468968826","data":{"date":"2025-08-16 19:32:07","eid":"E45756448202508162232twAqtorAjU6","amount":"9000","name":"VICENTE FERREIRA DA SILVA","cpf":"7342573841","bankname":"null","payBank":"","payCpf":"","pixkey":"07342573841","account":"67316","status":"done","order":"A20250816193201114879wmle4Q85n"},"sign":"902B6DD77A5BB255CA218B0394BF340F"}

【2025-08-17 23:30:28】
P2025081619310883468968826----提交：{"custId":"24120300001308","appId":"8241201350","order":"P2025081619310883468968826","sign":"E7BD1B58446BEA54A1B67518BE4DE616"}

【2025-08-17 23:30:28】
P2025081619310883468968826----返回：{"code":"000000","msg":"P2025081619310883468968826","data":{"date":"2025-08-16 19:32:07","eid":"E45756448202508162232twAqtorAjU6","amount":"9000","name":"VICENTE FERREIRA DA SILVA","cpf":"7342573841","bankname":"null","payBank":"","payCpf":"","pixkey":"07342573841","account":"67316","status":"done","order":"A20250816193201114879wmle4Q85n"},"sign":"902B6DD77A5BB255CA218B0394BF340F"}

【2025-08-17 23:34:05】
P2025081716421259732753077----提交：{"custId":"24120300001308","appId":"8241201350","order":"P2025081716421259732753077","sign":"7824901537459FC7093F7D3F5A69C3BD"}

【2025-08-17 23:34:05】
P2025081716421259732753077----返回：{"code":"000000","msg":"P2025081716421259732753077","data":{"date":"2025-08-17 16:43:05","eid":"E3720544720250817194303110534998","amount":"6000","name":"Eliseu Nascimento dos Santos","cpf":"07856447508","bankname":"ORBION GAMING LTDA","payBank":"","payCpf":"","pixkey":"eliseunascimentodossantos8@gmail.com","account":"18236120","status":"done","order":"A20250817164302295249pkwtDb8wb"},"sign":"63909FC9849B9F90618FD9CF04A46F65"}

【2025-08-17 23:34:07】
P2025081716421259732753077----提交：{"custId":"24120300001308","appId":"8241201350","order":"P2025081716421259732753077","sign":"7824901537459FC7093F7D3F5A69C3BD"}

【2025-08-17 23:34:07】
P2025081716421259732753077----返回：{"code":"000000","msg":"P2025081716421259732753077","data":{"date":"2025-08-17 16:43:05","eid":"E3720544720250817194303110534998","amount":"6000","name":"Eliseu Nascimento dos Santos","cpf":"07856447508","bankname":"ORBION GAMING LTDA","payBank":"","payCpf":"","pixkey":"eliseunascimentodossantos8@gmail.com","account":"18236120","status":"done","order":"A20250817164302295249pkwtDb8wb"},"sign":"63909FC9849B9F90618FD9CF04A46F65"}

【2025-08-17 23:39:43】
P2025081721224676566418634----提交：{"custId":"24120300001308","appId":"8241201350","order":"P2025081721224676566418634","sign":"C73618522A4C7A8FB92765A93B7BF468"}

【2025-08-17 23:39:43】
P2025081721224676566418634----返回：{"code":"000000","msg":"P2025081721224676566418634","data":{"date":"2025-08-17 21:22:52","eid":"E45756448202508180022DnZbofqxHEu","amount":"150","name":"ADALGIZA DOS SANTOS QUAGLIANI","cpf":"3604633710","bankname":"null","payBank":"","payCpf":"","pixkey":"03604633710","account":"188047859","status":"done","order":"A20250817212246339824pPfxC4r2V"},"sign":"2E407F76DC7304B46BA34B33FBF6BC41"}

【2025-08-17 23:39:45】
P2025081721224676566418634----提交：{"custId":"24120300001308","appId":"8241201350","order":"P2025081721224676566418634","sign":"C73618522A4C7A8FB92765A93B7BF468"}

【2025-08-17 23:39:45】
P2025081721224676566418634----返回：{"code":"000000","msg":"P2025081721224676566418634","data":{"date":"2025-08-17 21:22:52","eid":"E45756448202508180022DnZbofqxHEu","amount":"150","name":"ADALGIZA DOS SANTOS QUAGLIANI","cpf":"3604633710","bankname":"null","payBank":"","payCpf":"","pixkey":"03604633710","account":"188047859","status":"done","order":"A20250817212246339824pPfxC4r2V"},"sign":"2E407F76DC7304B46BA34B33FBF6BC41"}

【2025-08-17 23:53:40】
P2025081723442085060552135----提交：{"custId":"24120300001308","appId":"8241201350","order":"P2025081723442085060552135","sign":"90C9B86EA3A5A943B5D292D3B4EAB3F2"}

【2025-08-17 23:53:41】
P2025081723442085060552135----返回：{"code":"000000","msg":"P2025081723442085060552135","data":{"date":"2025-08-17 23:51:07","eid":"E457564482025081802510agPTi96N02","amount":"5500","name":"REGINA GONCALVES NUNES GARCIA","cpf":"6883908978","bankname":"null","payBank":"","payCpf":"","pixkey":"47996812405","account":"10111274","status":"done","order":"A202508172351013486868RFMcZ2sT"},"sign":"A9A6C8631FC62F52B72F1AFFFC1804FF"}

【2025-08-17 23:53:44】
P2025081723442085060552135----提交：{"custId":"24120300001308","appId":"8241201350","order":"P2025081723442085060552135","sign":"90C9B86EA3A5A943B5D292D3B4EAB3F2"}

【2025-08-17 23:53:44】
P2025081723442085060552135----返回：{"code":"000000","msg":"P2025081723442085060552135","data":{"date":"2025-08-17 23:51:07","eid":"E457564482025081802510agPTi96N02","amount":"5500","name":"REGINA GONCALVES NUNES GARCIA","cpf":"6883908978","bankname":"null","payBank":"","payCpf":"","pixkey":"47996812405","account":"10111274","status":"done","order":"A202508172351013486868RFMcZ2sT"},"sign":"A9A6C8631FC62F52B72F1AFFFC1804FF"}

